<?xml version="1.0" encoding="utf-8"?>
<TestRun id="292419c8-0ff9-417a-9a04-82c1b7f43fe2" name="Bruce@BOSGAME-VELQ7 2025-07-25 07:35:48" runUser="BOSGAME-VELQ7\Bruce" xmlns="http://microsoft.com/schemas/VisualStudio/TeamTest/2010">
  <Times creation="2025-07-25T07:35:48.8778152-04:00" queuing="2025-07-25T07:35:48.8778157-04:00" start="2025-07-25T07:35:44.2916166-04:00" finish="2025-07-25T07:35:55.9541019-04:00" />
  <TestSettings name="default" id="92e166b7-ed1e-42af-9fdb-a16c94e6fabf">
    <Deployment runDeploymentRoot="Bruce_BOSGAME-VELQ7_2025-07-25_07_35_48" />
  </TestSettings>
  <Results>
    <UnitTestResult executionId="977a6e35-bc46-4d67-8919-5328b4a934a9" testId="9c22917c-1620-1c73-c81d-8225950c5faf" testName="JarvisAssistant.UnitTests.Services.LLM.LLMErrorHandlerTests.LLMErrorMessages_GetErrorMessage_WithAdditionalInfo_IncludesInfo" computerName="BOSGAME-VELQ7" duration="00:00:00.0001888" startTime="2025-07-25T07:35:48.9296237-04:00" endTime="2025-07-25T07:35:48.9296238-04:00" testType="13cdc9d9-ddb5-4fa4-a97d-d965ccfc6d4b" outcome="Passed" testListId="8c84fa94-04c1-424b-9868-57a2d4851a1d" relativeResultsDirectory="977a6e35-bc46-4d67-8919-5328b4a934a9" />
    <UnitTestResult executionId="de97bd82-83e8-46b2-bfe3-0c428b359dcd" testId="18c3746b-babe-4bd8-8ae1-16b32c961cc8" testName="JarvisAssistant.UnitTests.Services.PlatformServiceTests.SupportsVoiceInput_ShouldReturnTrueForModernPlatforms(platform: MacOS, expected: True)" computerName="BOSGAME-VELQ7" duration="00:00:00.0004077" startTime="2025-07-25T07:35:48.9276069-04:00" endTime="2025-07-25T07:35:48.9276069-04:00" testType="13cdc9d9-ddb5-4fa4-a97d-d965ccfc6d4b" outcome="Passed" testListId="8c84fa94-04c1-424b-9868-57a2d4851a1d" relativeResultsDirectory="de97bd82-83e8-46b2-bfe3-0c428b359dcd" />
    <UnitTestResult executionId="a2435227-416f-400f-976e-c927dcf49af8" testId="cd61781d-f26c-2c69-dfe6-472e429ed833" testName="JarvisAssistant.UnitTests.Core.Converters.ConverterLogicTests.MessageTypeToIcon_ShouldReturnCorrectIcons(messageType: Text, expectedIcon: &quot;&quot;)" computerName="BOSGAME-VELQ7" duration="00:00:00.0000035" startTime="2025-07-25T07:35:48.8905327-04:00" endTime="2025-07-25T07:35:48.8905327-04:00" testType="13cdc9d9-ddb5-4fa4-a97d-d965ccfc6d4b" outcome="Passed" testListId="8c84fa94-04c1-424b-9868-57a2d4851a1d" relativeResultsDirectory="a2435227-416f-400f-976e-c927dcf49af8" />
    <UnitTestResult executionId="41fb90cc-ca3f-4525-a9b2-59fe5b52d5fb" testId="3993122d-6654-f22e-e0fa-ef351948c1b5" testName="JarvisAssistant.UnitTests.Services.ThemeIntegrationTests.AvailableThemes_ShouldMatchPlatformCapabilities" computerName="BOSGAME-VELQ7" duration="00:00:00.0028845" startTime="2025-07-25T07:35:48.9763814-04:00" endTime="2025-07-25T07:35:48.9763814-04:00" testType="13cdc9d9-ddb5-4fa4-a97d-d965ccfc6d4b" outcome="Passed" testListId="8c84fa94-04c1-424b-9868-57a2d4851a1d" relativeResultsDirectory="41fb90cc-ca3f-4525-a9b2-59fe5b52d5fb" />
    <UnitTestResult executionId="c12ff87c-a5b3-4fa5-b1fb-27f105fd3116" testId="6edab681-4dc6-3eed-5b82-e4d51a8d89d5" testName="JarvisAssistant.UnitTests.Services.ErrorHandlingServiceTests.GetRecentErrorsAsync_AfterHandlingErrors_ShouldReturnErrors" computerName="BOSGAME-VELQ7" duration="00:00:00.0263123" startTime="2025-07-25T07:35:49.0043369-04:00" endTime="2025-07-25T07:35:49.0043370-04:00" testType="13cdc9d9-ddb5-4fa4-a97d-d965ccfc6d4b" outcome="Passed" testListId="8c84fa94-04c1-424b-9868-57a2d4851a1d" relativeResultsDirectory="c12ff87c-a5b3-4fa5-b1fb-27f105fd3116" />
    <UnitTestResult executionId="af18a600-abe5-4d67-b212-7848a082459a" testId="9d6bf2f9-a267-2238-a69b-ab7c59c18390" testName="JarvisAssistant.UnitTests.UI.StatusPanelFunctionalityTests.StatusPanelCommands_ShouldBeExecutable" computerName="BOSGAME-VELQ7" duration="00:00:00.0004643" startTime="2025-07-25T07:35:48.8895017-04:00" endTime="2025-07-25T07:35:48.8895017-04:00" testType="13cdc9d9-ddb5-4fa4-a97d-d965ccfc6d4b" outcome="Passed" testListId="8c84fa94-04c1-424b-9868-57a2d4851a1d" relativeResultsDirectory="af18a600-abe5-4d67-b212-7848a082459a" />
    <UnitTestResult executionId="d6a69986-ec30-4804-9cdd-72072e9c0840" testId="a74d0353-de57-d1cf-9526-f706db168397" testName="JarvisAssistant.UnitTests.Services.PlatformServiceTests.PlatformServiceMock_ShouldSupportAllScenarios" computerName="BOSGAME-VELQ7" duration="00:00:00.0017852" startTime="2025-07-25T07:35:48.9387470-04:00" endTime="2025-07-25T07:35:48.9387472-04:00" testType="13cdc9d9-ddb5-4fa4-a97d-d965ccfc6d4b" outcome="Passed" testListId="8c84fa94-04c1-424b-9868-57a2d4851a1d" relativeResultsDirectory="d6a69986-ec30-4804-9cdd-72072e9c0840" />
    <UnitTestResult executionId="dfffb6a5-248a-4a8e-9b43-07514d0889a3" testId="7fe6f1bd-97ea-5d99-8404-9ec6329b955b" testName="JarvisAssistant.UnitTests.Services.LLM.PersonalityServiceTests.GetContextualGreeting_WithValidQueryType_ReturnsGreeting(queryType: Error)" computerName="BOSGAME-VELQ7" duration="00:00:00.0005279" startTime="2025-07-25T07:35:49.0251424-04:00" endTime="2025-07-25T07:35:49.0251424-04:00" testType="13cdc9d9-ddb5-4fa4-a97d-d965ccfc6d4b" outcome="Passed" testListId="8c84fa94-04c1-424b-9868-57a2d4851a1d" relativeResultsDirectory="dfffb6a5-248a-4a8e-9b43-07514d0889a3" />
    <UnitTestResult executionId="afe6c1aa-87a3-414f-a305-84a86d25ea29" testId="22c9f5ea-9c33-b849-2209-0072fe0a92e2" testName="JarvisAssistant.UnitTests.Core.Converters.ConverterLogicTests.PlatformMatches_WithMatchingPlatform_ShouldReturnTrue" computerName="BOSGAME-VELQ7" duration="00:00:00.0000247" startTime="2025-07-25T07:35:48.8910084-04:00" endTime="2025-07-25T07:35:48.8910084-04:00" testType="13cdc9d9-ddb5-4fa4-a97d-d965ccfc6d4b" outcome="Passed" testListId="8c84fa94-04c1-424b-9868-57a2d4851a1d" relativeResultsDirectory="afe6c1aa-87a3-414f-a305-84a86d25ea29" />
    <UnitTestResult executionId="f4b2461d-12df-49a8-8292-38558a2aea5e" testId="357607df-3a45-10f1-21e5-3a4d661d090d" testName="JarvisAssistant.UnitTests.Voice.VoiceCommandProcessorTests.ProcessCommandAsync_WithCancellation_CancelsGracefully" computerName="BOSGAME-VELQ7" duration="00:00:00.0005673" startTime="2025-07-25T07:35:49.3604795-04:00" endTime="2025-07-25T07:35:49.3604796-04:00" testType="13cdc9d9-ddb5-4fa4-a97d-d965ccfc6d4b" outcome="Passed" testListId="8c84fa94-04c1-424b-9868-57a2d4851a1d" relativeResultsDirectory="f4b2461d-12df-49a8-8292-38558a2aea5e" />
    <UnitTestResult executionId="e27423b5-2097-40c3-bd32-261fe90170db" testId="00c4d6bb-7a84-1e44-7c3a-2224624b250b" testName="JarvisAssistant.UnitTests.Services.LLM.LLMErrorHandlerTests.ProcessException_HttpRequestException_RateLimit_ReturnsCorrectErrorCode(exceptionMessage: &quot;429 rate limit exceeded&quot;, expectedErrorCode: &quot;LLM-HTTP-429-001&quot;)" computerName="BOSGAME-VELQ7" duration="00:00:00.0000251" startTime="2025-07-25T07:35:48.9133873-04:00" endTime="2025-07-25T07:35:48.9133873-04:00" testType="13cdc9d9-ddb5-4fa4-a97d-d965ccfc6d4b" outcome="Passed" testListId="8c84fa94-04c1-424b-9868-57a2d4851a1d" relativeResultsDirectory="e27423b5-2097-40c3-bd32-261fe90170db" />
    <UnitTestResult executionId="029d6231-a8dc-4c38-87e8-bf7b6c4e97ec" testId="24ccd913-5d4d-90fe-545f-b4c05d210b3c" testName="JarvisAssistant.UnitTests.Voice.VoiceCommandModelTests.VoiceCommand_Parameters_CanStoreVariousTypes" computerName="BOSGAME-VELQ7" duration="00:00:00.0007040" startTime="2025-07-25T07:35:48.8893481-04:00" endTime="2025-07-25T07:35:48.8893482-04:00" testType="13cdc9d9-ddb5-4fa4-a97d-d965ccfc6d4b" outcome="Passed" testListId="8c84fa94-04c1-424b-9868-57a2d4851a1d" relativeResultsDirectory="029d6231-a8dc-4c38-87e8-bf7b6c4e97ec" />
    <UnitTestResult executionId="7dc58c6e-003e-487a-a66e-6c2e2476a346" testId="d1bbacf8-3644-1cab-3ecd-12ab6cbcadbc" testName="JarvisAssistant.UnitTests.Integration.VoiceConfigurationTests.ElevenLabsConfig_IsValid_WithInvalidConfig_ReturnsFalse(apiKey: &quot;key&quot;, voiceId: &quot;voice&quot;, baseUrl: &quot;&quot;, timeoutSeconds: 30, maxRetryAttempts: 3, expected: False)" computerName="BOSGAME-VELQ7" duration="00:00:00.0022586" startTime="2025-07-25T07:35:48.8664785-04:00" endTime="2025-07-25T07:35:48.8664786-04:00" testType="13cdc9d9-ddb5-4fa4-a97d-d965ccfc6d4b" outcome="Passed" testListId="8c84fa94-04c1-424b-9868-57a2d4851a1d" relativeResultsDirectory="7dc58c6e-003e-487a-a66e-6c2e2476a346" />
    <UnitTestResult executionId="7b74b8cb-0ec3-4dae-8b3c-25e2b462cd4a" testId="66931e44-266a-81a5-d152-fef389554af9" testName="JarvisAssistant.UnitTests.Voice.VoiceCommandModelTests.VoiceCommand_ProcessingError_CanBeSetAndRetrieved" computerName="BOSGAME-VELQ7" duration="00:00:00.0001135" startTime="2025-07-25T07:35:48.8863069-04:00" endTime="2025-07-25T07:35:48.8863070-04:00" testType="13cdc9d9-ddb5-4fa4-a97d-d965ccfc6d4b" outcome="Passed" testListId="8c84fa94-04c1-424b-9868-57a2d4851a1d" relativeResultsDirectory="7b74b8cb-0ec3-4dae-8b3c-25e2b462cd4a" />
    <UnitTestResult executionId="32adb8dd-a2a8-4346-8faa-a02e0321faea" testId="6ff43885-88e2-2652-5c17-4c497122eaac" testName="JarvisAssistant.UnitTests.UI.MAUIStatusPanelUITests.StatusPanel_ServiceDetails_ShouldDisplayOnTap" computerName="BOSGAME-VELQ7" duration="00:00:00.0132082" startTime="2025-07-25T07:35:49.0701245-04:00" endTime="2025-07-25T07:35:49.0701246-04:00" testType="13cdc9d9-ddb5-4fa4-a97d-d965ccfc6d4b" outcome="Failed" testListId="8c84fa94-04c1-424b-9868-57a2d4851a1d" relativeResultsDirectory="32adb8dd-a2a8-4346-8faa-a02e0321faea">
      <Output>
        <ErrorInfo>
          <Message>Assert.Single() Failure: The collection was empty</Message>
          <StackTrace>   at JarvisAssistant.UnitTests.UI.MAUIStatusPanelUITests.StatusPanel_ServiceDetails_ShouldDisplayOnTap() in c:\Users\Bruce\source\repos\Jarvis Assistant MK2\JarvisAssistant.UnitTests\UI\MAUIStatusPanelUITests.cs:line 215&#xD;
--- End of stack trace from previous location ---</StackTrace>
        </ErrorInfo>
      </Output>
    </UnitTestResult>
    <UnitTestResult executionId="61af80c9-b903-4ee0-ab0e-2e688aa92013" testId="cb7bc7e9-8829-34a2-d803-f3fd9c4dbe90" testName="JarvisAssistant.UnitTests.Voice.VoiceCommandProcessorTests.ClassifyCommandAsync_WithValidCommands_ClassifiesCorrectly(commandText: &quot;generate code&quot;, expectedType: GenerateCode)" computerName="BOSGAME-VELQ7" duration="00:00:00.0002836" startTime="2025-07-25T07:35:48.9137111-04:00" endTime="2025-07-25T07:35:48.9137112-04:00" testType="13cdc9d9-ddb5-4fa4-a97d-d965ccfc6d4b" outcome="Passed" testListId="8c84fa94-04c1-424b-9868-57a2d4851a1d" relativeResultsDirectory="61af80c9-b903-4ee0-ab0e-2e688aa92013" />
    <UnitTestResult executionId="1c661f43-dad2-431f-8a1a-b6387b786ee4" testId="b9dbb134-9a30-3495-0584-ed814e0df09f" testName="JarvisAssistant.UnitTests.Services.LLM.LLMErrorHandlerTests.ProcessException_HttpRequestException_SslFailure_ReturnsCorrectErrorCode(exceptionMessage: &quot;SSL handshake failed&quot;, expectedErrorCode: &quot;LLM-CONN-005&quot;)" computerName="BOSGAME-VELQ7" duration="00:00:00.0000809" startTime="2025-07-25T07:35:48.9298507-04:00" endTime="2025-07-25T07:35:48.9298507-04:00" testType="13cdc9d9-ddb5-4fa4-a97d-d965ccfc6d4b" outcome="Passed" testListId="8c84fa94-04c1-424b-9868-57a2d4851a1d" relativeResultsDirectory="1c661f43-dad2-431f-8a1a-b6387b786ee4" />
    <UnitTestResult executionId="ac6fe1c7-ba89-4901-ad86-6dae90d2ac91" testId="4a7bffc3-f738-3c0e-a6b2-a17731a861ed" testName="JarvisAssistant.UnitTests.Services.LLM.LLMErrorHandlerTests.ProcessException_JsonException_ReturnsInvalidJsonError" computerName="BOSGAME-VELQ7" duration="00:00:00.0005773" startTime="2025-07-25T07:35:48.9263185-04:00" endTime="2025-07-25T07:35:48.9263186-04:00" testType="13cdc9d9-ddb5-4fa4-a97d-d965ccfc6d4b" outcome="Passed" testListId="8c84fa94-04c1-424b-9868-57a2d4851a1d" relativeResultsDirectory="ac6fe1c7-ba89-4901-ad86-6dae90d2ac91" />
    <UnitTestResult executionId="952f3848-1d7e-4343-8bcf-7f1e9475a79c" testId="0101dea4-5f76-80d6-fdc7-5e570d962f36" testName="JarvisAssistant.UnitTests.Integration.LLMServiceIntegrationTests.SendMessageAsync_WithDifferentQueryTypes_ReturnsAppropriateResponses(message: &quot;Calculate the square root of 144&quot;, expectedQueryType: Mathematical)" computerName="BOSGAME-VELQ7" duration="00:00:00.0954681" startTime="2025-07-25T07:35:49.5492362-04:00" endTime="2025-07-25T07:35:49.5492365-04:00" testType="13cdc9d9-ddb5-4fa4-a97d-d965ccfc6d4b" outcome="Passed" testListId="8c84fa94-04c1-424b-9868-57a2d4851a1d" relativeResultsDirectory="952f3848-1d7e-4343-8bcf-7f1e9475a79c" />
    <UnitTestResult executionId="e2984da6-f290-45b7-b973-bcc21752f619" testId="6e594722-76fc-8776-e8a3-1118be8f7845" testName="JarvisAssistant.UnitTests.Voice.GoogleTVVoiceHandlerTests.Constructor_WithValidParameters_InitializesCorrectly" computerName="BOSGAME-VELQ7" duration="00:00:00.0001446" startTime="2025-07-25T07:35:48.9721162-04:00" endTime="2025-07-25T07:35:48.9721163-04:00" testType="13cdc9d9-ddb5-4fa4-a97d-d965ccfc6d4b" outcome="Passed" testListId="8c84fa94-04c1-424b-9868-57a2d4851a1d" relativeResultsDirectory="e2984da6-f290-45b7-b973-bcc21752f619" />
    <UnitTestResult executionId="520ea959-87c1-4e54-be36-aebba65124a7" testId="52847632-93ac-864c-d8c1-59b80ca1299a" testName="JarvisAssistant.UnitTests.Services.PlatformServiceTests.SupportsMultiPanel_ShouldReturnExpectedValueForPlatform(platform: iOS, expected: False)" computerName="BOSGAME-VELQ7" duration="00:00:00.0000297" startTime="2025-07-25T07:35:48.9234944-04:00" endTime="2025-07-25T07:35:48.9234944-04:00" testType="13cdc9d9-ddb5-4fa4-a97d-d965ccfc6d4b" outcome="Passed" testListId="8c84fa94-04c1-424b-9868-57a2d4851a1d" relativeResultsDirectory="520ea959-87c1-4e54-be36-aebba65124a7" />
    <UnitTestResult executionId="0152f087-62b8-45ed-b5eb-90452b4a7f4d" testId="6d000ad0-0261-0523-05ae-db3dd9111227" testName="JarvisAssistant.UnitTests.Services.PlatformServiceTests.IsTouchPrimary_ShouldReturnExpectedValueForPlatform(platform: AndroidTV, expected: False)" computerName="BOSGAME-VELQ7" duration="00:00:00.0000335" startTime="2025-07-25T07:35:48.9274951-04:00" endTime="2025-07-25T07:35:48.9274951-04:00" testType="13cdc9d9-ddb5-4fa4-a97d-d965ccfc6d4b" outcome="Passed" testListId="8c84fa94-04c1-424b-9868-57a2d4851a1d" relativeResultsDirectory="0152f087-62b8-45ed-b5eb-90452b4a7f4d" />
    <UnitTestResult executionId="2f8e643f-fd27-499b-9a3e-ad979c063b3d" testId="46770f4b-0fda-ff12-8bb3-52013465c413" testName="JarvisAssistant.UnitTests.Services.LLM.LLMServerFailureTests.GenerateAsync_RetryAfterFailure_EventuallySucceeds" computerName="BOSGAME-VELQ7" duration="00:00:00.0018368" startTime="2025-07-25T07:35:49.0614919-04:00" endTime="2025-07-25T07:35:49.0614921-04:00" testType="13cdc9d9-ddb5-4fa4-a97d-d965ccfc6d4b" outcome="Passed" testListId="8c84fa94-04c1-424b-9868-57a2d4851a1d" relativeResultsDirectory="2f8e643f-fd27-499b-9a3e-ad979c063b3d" />
    <UnitTestResult executionId="6a91ca3c-5ba2-4b23-9d58-a3fff1258eb8" testId="226870ef-2c0d-4bdf-9eca-ac07a6fcada2" testName="JarvisAssistant.UnitTests.Services.MauiThemeManagerTests.SwitchThemeAsync_AllThemes_ShouldSucceed(theme: Mobile)" computerName="BOSGAME-VELQ7" duration="00:00:00.0028263" startTime="2025-07-25T07:35:48.9669037-04:00" endTime="2025-07-25T07:35:48.9669037-04:00" testType="13cdc9d9-ddb5-4fa4-a97d-d965ccfc6d4b" outcome="Passed" testListId="8c84fa94-04c1-424b-9868-57a2d4851a1d" relativeResultsDirectory="6a91ca3c-5ba2-4b23-9d58-a3fff1258eb8" />
    <UnitTestResult executionId="70ff533a-52b3-4a04-a4f7-5eb7e494175f" testId="1103409d-5f62-3df4-bb33-264d02679380" testName="JarvisAssistant.UnitTests.Integration.ChatIntegrationTests.LLMService_GetActiveModel_ShouldReturnModelName" computerName="BOSGAME-VELQ7" duration="00:00:00.0073200" startTime="2025-07-25T07:35:48.8864060-04:00" endTime="2025-07-25T07:35:48.8864061-04:00" testType="13cdc9d9-ddb5-4fa4-a97d-d965ccfc6d4b" outcome="Passed" testListId="8c84fa94-04c1-424b-9868-57a2d4851a1d" relativeResultsDirectory="70ff533a-52b3-4a04-a4f7-5eb7e494175f" />
    <UnitTestResult executionId="3152e627-2a37-4e96-a542-1c8204d7588e" testId="7610766f-7b57-6989-5649-58ea08552935" testName="JarvisAssistant.UnitTests.Services.OllamaLLMServiceTests.Constructor_WithNullPersonalityService_ThrowsArgumentNullException" computerName="BOSGAME-VELQ7" duration="00:00:00.0004668" startTime="2025-07-25T07:35:49.0036891-04:00" endTime="2025-07-25T07:35:49.0036893-04:00" testType="13cdc9d9-ddb5-4fa4-a97d-d965ccfc6d4b" outcome="Passed" testListId="8c84fa94-04c1-424b-9868-57a2d4851a1d" relativeResultsDirectory="3152e627-2a37-4e96-a542-1c8204d7588e" />
    <UnitTestResult executionId="e123a294-bc25-4baa-b45a-cb6c4f6605ab" testId="5bde9f04-167c-5292-e99d-19a14f5cda26" testName="JarvisAssistant.UnitTests.Integration.LLMErrorDiagnosticTests.DiagnosticTest_AllHttpErrorCodes_GenerateCorrectErrorResponses" computerName="BOSGAME-VELQ7" duration="00:00:00.0951140" startTime="2025-07-25T07:35:49.0213888-04:00" endTime="2025-07-25T07:35:49.0213890-04:00" testType="13cdc9d9-ddb5-4fa4-a97d-d965ccfc6d4b" outcome="Passed" testListId="8c84fa94-04c1-424b-9868-57a2d4851a1d" relativeResultsDirectory="e123a294-bc25-4baa-b45a-cb6c4f6605ab" />
    <UnitTestResult executionId="498e37a3-5c2b-4bea-9348-45741869a4d7" testId="34354e59-e5a0-0c2e-b2e3-f699d92fe5ff" testName="JarvisAssistant.UnitTests.UI.MAUIStatusPanelUITests.StatusPanelViewModel_RefreshStatus_ShouldUpdateServices" computerName="BOSGAME-VELQ7" duration="00:00:00.0386422" startTime="2025-07-25T07:35:49.0531592-04:00" endTime="2025-07-25T07:35:49.0531592-04:00" testType="13cdc9d9-ddb5-4fa4-a97d-d965ccfc6d4b" outcome="Passed" testListId="8c84fa94-04c1-424b-9868-57a2d4851a1d" relativeResultsDirectory="498e37a3-5c2b-4bea-9348-45741869a4d7" />
    <UnitTestResult executionId="d842e447-2e35-43ff-9ec4-4589889703ad" testId="183eb9aa-fe47-b31e-3e28-d38aff099eaf" testName="JarvisAssistant.UnitTests.Services.LLM.PersonalityServiceTests.FormatResponseAsync_AppliesVocabularyEnhancements(input: &quot;This is a problem.&quot;, expectedWord: &quot;challenge&quot;)" computerName="BOSGAME-VELQ7" duration="00:00:00.0006271" startTime="2025-07-25T07:35:49.0290103-04:00" endTime="2025-07-25T07:35:49.0290104-04:00" testType="13cdc9d9-ddb5-4fa4-a97d-d965ccfc6d4b" outcome="Passed" testListId="8c84fa94-04c1-424b-9868-57a2d4851a1d" relativeResultsDirectory="d842e447-2e35-43ff-9ec4-4589889703ad" />
    <UnitTestResult executionId="74989061-a167-4ab0-847f-e6eca0bd6ac4" testId="8050e2f4-e368-6590-541e-4fefd63ecbf0" testName="JarvisAssistant.UnitTests.Services.LLM.LLMErrorHandlerTests.ProcessException_HttpRequestException_404_ReturnsCorrectErrorCode(exceptionMessage: &quot;HTTP 404 Not Found&quot;, expectedErrorCode: &quot;LLM-HTTP-404-001&quot;, expectedRetryable: False)" computerName="BOSGAME-VELQ7" duration="00:00:00.0012400" startTime="2025-07-25T07:35:48.9103915-04:00" endTime="2025-07-25T07:35:48.9103916-04:00" testType="13cdc9d9-ddb5-4fa4-a97d-d965ccfc6d4b" outcome="Passed" testListId="8c84fa94-04c1-424b-9868-57a2d4851a1d" relativeResultsDirectory="74989061-a167-4ab0-847f-e6eca0bd6ac4" />
    <UnitTestResult executionId="1a9394b1-fbc1-4431-8f46-cdb68382cb55" testId="222aa4a6-403d-03d0-19b6-b736d71c00d0" testName="JarvisAssistant.UnitTests.UI.MAUIStatusPanelUITests.StatusPanel_PlatformInput_ShouldWork(platform: &quot;Tizen&quot;, inputMethod: &quot;Remote&quot;)" computerName="BOSGAME-VELQ7" duration="00:00:00.1009803" startTime="2025-07-25T07:35:48.9392219-04:00" endTime="2025-07-25T07:35:48.9392220-04:00" testType="13cdc9d9-ddb5-4fa4-a97d-d965ccfc6d4b" outcome="Passed" testListId="8c84fa94-04c1-424b-9868-57a2d4851a1d" relativeResultsDirectory="1a9394b1-fbc1-4431-8f46-cdb68382cb55" />
    <UnitTestResult executionId="d88491ed-d64b-4bd5-819f-a3bfad1b3049" testId="171ef7d1-acdf-69b2-60eb-6325b7bf2b75" testName="JarvisAssistant.UnitTests.Voice.VoiceEventArgsTests.VoiceButtonType_AllValues_AreValid(buttonType: Microphone)" computerName="BOSGAME-VELQ7" duration="00:00:00.0051465" startTime="2025-07-25T07:35:48.8509616-04:00" endTime="2025-07-25T07:35:48.8509781-04:00" testType="13cdc9d9-ddb5-4fa4-a97d-d965ccfc6d4b" outcome="Passed" testListId="8c84fa94-04c1-424b-9868-57a2d4851a1d" relativeResultsDirectory="d88491ed-d64b-4bd5-819f-a3bfad1b3049" />
    <UnitTestResult executionId="e9224660-8ddd-4fa3-a116-5b2d3e158167" testId="5038bfa2-153b-4a38-fc38-6a7312311f4d" testName="JarvisAssistant.UnitTests.Core.Converters.ConverterLogicTests.VoiceActivityToOpacity_ShouldClampValues(input: 1.5, expected: 1)" computerName="BOSGAME-VELQ7" duration="00:00:00.0000047" startTime="2025-07-25T07:35:48.8898561-04:00" endTime="2025-07-25T07:35:48.8898561-04:00" testType="13cdc9d9-ddb5-4fa4-a97d-d965ccfc6d4b" outcome="Passed" testListId="8c84fa94-04c1-424b-9868-57a2d4851a1d" relativeResultsDirectory="e9224660-8ddd-4fa3-a116-5b2d3e158167" />
    <UnitTestResult executionId="1b885d1e-cb8b-43a4-bdff-1332fdc28d85" testId="8daed424-cd41-5be1-b19f-cff60eb90216" testName="JarvisAssistant.UnitTests.Services.LLM.PersonalityServiceTests.GetContextualGreeting_WithValidQueryType_ReturnsGreeting(queryType: General)" computerName="BOSGAME-VELQ7" duration="00:00:00.0008036" startTime="2025-07-25T07:35:49.0219037-04:00" endTime="2025-07-25T07:35:49.0219037-04:00" testType="13cdc9d9-ddb5-4fa4-a97d-d965ccfc6d4b" outcome="Passed" testListId="8c84fa94-04c1-424b-9868-57a2d4851a1d" relativeResultsDirectory="1b885d1e-cb8b-43a4-bdff-1332fdc28d85" />
    <UnitTestResult executionId="99a21b87-cff3-4f31-9349-13a705fdf675" testId="c23b7e5a-1b39-3a8f-f187-ec8fa7765e9a" testName="JarvisAssistant.UnitTests.Services.PlatformServiceInterfaceTests.GetOptimalTheme_Logic_ShouldReturnExpectedThemes(platform: iOS, expectedTheme: Mobile)" computerName="BOSGAME-VELQ7" duration="00:00:00.0009082" startTime="2025-07-25T07:35:48.8854020-04:00" endTime="2025-07-25T07:35:48.8854021-04:00" testType="13cdc9d9-ddb5-4fa4-a97d-d965ccfc6d4b" outcome="Passed" testListId="8c84fa94-04c1-424b-9868-57a2d4851a1d" relativeResultsDirectory="99a21b87-cff3-4f31-9349-13a705fdf675" />
    <UnitTestResult executionId="55dc5658-07e4-450e-84aa-f802fa8bee87" testId="25510b9a-f586-96f9-5fe3-06c2aae81e33" testName="JarvisAssistant.UnitTests.Services.ErrorHandlingServiceTests.ErrorOccurred_Event_ShouldBeRaised" computerName="BOSGAME-VELQ7" duration="00:00:00.0023217" startTime="2025-07-25T07:35:48.9712596-04:00" endTime="2025-07-25T07:35:48.9712596-04:00" testType="13cdc9d9-ddb5-4fa4-a97d-d965ccfc6d4b" outcome="Passed" testListId="8c84fa94-04c1-424b-9868-57a2d4851a1d" relativeResultsDirectory="55dc5658-07e4-450e-84aa-f802fa8bee87" />
    <UnitTestResult executionId="d0b83cbe-56ad-45f7-b8b1-0f8275d8e228" testId="80bff15a-fe1e-1133-84f8-2842f36376c2" testName="JarvisAssistant.UnitTests.Voice.VoiceEventArgsTests.ContinuousListeningStateChangedEventArgs_CanSetProperties" computerName="BOSGAME-VELQ7" duration="00:00:00.0003685" startTime="2025-07-25T07:35:48.8837301-04:00" endTime="2025-07-25T07:35:48.8837301-04:00" testType="13cdc9d9-ddb5-4fa4-a97d-d965ccfc6d4b" outcome="Passed" testListId="8c84fa94-04c1-424b-9868-57a2d4851a1d" relativeResultsDirectory="d0b83cbe-56ad-45f7-b8b1-0f8275d8e228" />
    <UnitTestResult executionId="ece1185e-2b3e-45ad-93b0-fba9ed2b79f8" testId="6d6fdc20-33d9-a0f4-7fca-031057b6e3e6" testName="JarvisAssistant.UnitTests.Services.LLM.LLMServerFailureTests.GenerateAsync_NetworkUnreachable_ReturnsNetworkError" computerName="BOSGAME-VELQ7" duration="00:00:00.0014831" startTime="2025-07-25T07:35:49.0775944-04:00" endTime="2025-07-25T07:35:49.0775946-04:00" testType="13cdc9d9-ddb5-4fa4-a97d-d965ccfc6d4b" outcome="Passed" testListId="8c84fa94-04c1-424b-9868-57a2d4851a1d" relativeResultsDirectory="ece1185e-2b3e-45ad-93b0-fba9ed2b79f8" />
    <UnitTestResult executionId="d505de6a-2bee-4971-9cd6-5b2ed14df23e" testId="59e0797c-799f-526e-3cca-a80fe2f90539" testName="JarvisAssistant.UnitTests.Voice.VoiceCommandProcessorTests.ClassifyCommandAsync_WithValidCommands_ClassifiesCorrectly(commandText: &quot;find something&quot;, expectedType: Search)" computerName="BOSGAME-VELQ7" duration="00:00:00.0007048" startTime="2025-07-25T07:35:48.9115363-04:00" endTime="2025-07-25T07:35:48.9115364-04:00" testType="13cdc9d9-ddb5-4fa4-a97d-d965ccfc6d4b" outcome="Passed" testListId="8c84fa94-04c1-424b-9868-57a2d4851a1d" relativeResultsDirectory="d505de6a-2bee-4971-9cd6-5b2ed14df23e" />
    <UnitTestResult executionId="da43c587-76b1-43d7-830a-d1d2469505a2" testId="7911197b-dc7d-14df-41b5-f0fa73eed26d" testName="JarvisAssistant.UnitTests.UI.MAUIUIIntegrationTests.ErrorHandling_NavigationFailure_ShouldNotCrashUI" computerName="BOSGAME-VELQ7" duration="00:00:00.0022563" startTime="2025-07-25T07:35:48.8913443-04:00" endTime="2025-07-25T07:35:48.8913443-04:00" testType="13cdc9d9-ddb5-4fa4-a97d-d965ccfc6d4b" outcome="Passed" testListId="8c84fa94-04c1-424b-9868-57a2d4851a1d" relativeResultsDirectory="da43c587-76b1-43d7-830a-d1d2469505a2" />
    <UnitTestResult executionId="3bc30657-2dbf-4877-b780-5785671018b3" testId="0a599817-ef22-4910-aaf1-34f9891809fd" testName="JarvisAssistant.UnitTests.Voice.VoiceCommandModelTests.VoiceCommandType_AllValues_AreValid(type: Chat)" computerName="BOSGAME-VELQ7" duration="00:00:00.0000163" startTime="2025-07-25T07:35:48.8843319-04:00" endTime="2025-07-25T07:35:48.8843319-04:00" testType="13cdc9d9-ddb5-4fa4-a97d-d965ccfc6d4b" outcome="Passed" testListId="8c84fa94-04c1-424b-9868-57a2d4851a1d" relativeResultsDirectory="3bc30657-2dbf-4877-b780-5785671018b3" />
    <UnitTestResult executionId="bada71e5-3a7b-445d-987d-caee2a08f77e" testId="a06e03dd-e69f-b1cc-56cf-7996ad94a1a6" testName="JarvisAssistant.UnitTests.UI.MAUIUIIntegrationTests.UserJourney_StatusPanelInteraction_ShouldNotAffectMainButtons" computerName="BOSGAME-VELQ7" duration="00:00:00.0344988" startTime="2025-07-25T07:35:48.9774351-04:00" endTime="2025-07-25T07:35:48.9774351-04:00" testType="13cdc9d9-ddb5-4fa4-a97d-d965ccfc6d4b" outcome="Passed" testListId="8c84fa94-04c1-424b-9868-57a2d4851a1d" relativeResultsDirectory="bada71e5-3a7b-445d-987d-caee2a08f77e" />
    <UnitTestResult executionId="9b684f5c-3e8d-440b-9f06-9ee8c46037c2" testId="ee0ce7e5-7f3c-1152-cec3-26426fb3878b" testName="JarvisAssistant.UnitTests.Services.ErrorHandlingServiceTests.LogErrorAsync_WithDifferentSeverities_ShouldUseCorrectLogLevel(severity: Info, expectedLogLevel: Information)" computerName="BOSGAME-VELQ7" duration="00:00:00.0015682" startTime="2025-07-25T07:35:48.9667238-04:00" endTime="2025-07-25T07:35:48.9667239-04:00" testType="13cdc9d9-ddb5-4fa4-a97d-d965ccfc6d4b" outcome="Passed" testListId="8c84fa94-04c1-424b-9868-57a2d4851a1d" relativeResultsDirectory="9b684f5c-3e8d-440b-9f06-9ee8c46037c2" />
    <UnitTestResult executionId="ce7284e1-3d50-420e-ac4a-b8d68a36d11b" testId="aaee2795-aa87-def7-c587-e3538faa969c" testName="JarvisAssistant.UnitTests.Core.Converters.ConverterLogicTests.MessageTypeToColorHex_ShouldReturnCorrectColors(messageType: Text, expectedColor: &quot;#4A148C&quot;)" computerName="BOSGAME-VELQ7" duration="00:00:00.0001070" startTime="2025-07-25T07:35:48.8905847-04:00" endTime="2025-07-25T07:35:48.8905848-04:00" testType="13cdc9d9-ddb5-4fa4-a97d-d965ccfc6d4b" outcome="Passed" testListId="8c84fa94-04c1-424b-9868-57a2d4851a1d" relativeResultsDirectory="ce7284e1-3d50-420e-ac4a-b8d68a36d11b" />
    <UnitTestResult executionId="11694bca-b731-48ba-88c0-8fc74ca79e91" testId="abf896c6-f490-bc74-815e-be73907e0cdb" testName="JarvisAssistant.UnitTests.Voice.VoiceCommandProcessorTests.GetCommandPatterns_WithValidCommandType_ReturnsPatterns" computerName="BOSGAME-VELQ7" duration="00:00:00.0004688" startTime="2025-07-25T07:35:48.9246580-04:00" endTime="2025-07-25T07:35:48.9246580-04:00" testType="13cdc9d9-ddb5-4fa4-a97d-d965ccfc6d4b" outcome="Passed" testListId="8c84fa94-04c1-424b-9868-57a2d4851a1d" relativeResultsDirectory="11694bca-b731-48ba-88c0-8fc74ca79e91" />
    <UnitTestResult executionId="ba779f1b-571c-4a01-bc3a-f342a19575b1" testId="afaae128-74b8-f578-398c-15f39404a608" testName="JarvisAssistant.UnitTests.Integration.LLMServiceIntegrationTests.SendMessageAsync_WithRealOllamaInstance_ReturnsJarvisResponse" computerName="BOSGAME-VELQ7" duration="00:00:00.1975841" startTime="2025-07-25T07:35:49.0626208-04:00" endTime="2025-07-25T07:35:49.0626209-04:00" testType="13cdc9d9-ddb5-4fa4-a97d-d965ccfc6d4b" outcome="Passed" testListId="8c84fa94-04c1-424b-9868-57a2d4851a1d" relativeResultsDirectory="ba779f1b-571c-4a01-bc3a-f342a19575b1" />
    <UnitTestResult executionId="b7d2cdd3-3009-4900-9945-03f32b148464" testId="1c111bc8-8f5c-58e1-1171-68e835b296ba" testName="JarvisAssistant.UnitTests.Services.StatusMonitorServiceTests.ServiceStatusUpdates_OnStatusChange_EmitsUpdate" computerName="BOSGAME-VELQ7" duration="00:00:00.1191833" startTime="2025-07-25T07:35:49.2993946-04:00" endTime="2025-07-25T07:35:49.2993949-04:00" testType="13cdc9d9-ddb5-4fa4-a97d-d965ccfc6d4b" outcome="Passed" testListId="8c84fa94-04c1-424b-9868-57a2d4851a1d" relativeResultsDirectory="b7d2cdd3-3009-4900-9945-03f32b148464" />
    <UnitTestResult executionId="59bdbebb-3cfb-4a74-9a5a-c6016e5c5743" testId="efe80f7c-8c8b-7258-9cec-51675d2064cb" testName="JarvisAssistant.UnitTests.Services.LLM.PersonalityServiceTests.GetContextualGreeting_WithValidQueryType_ReturnsGreeting(queryType: Mathematical)" computerName="BOSGAME-VELQ7" duration="00:00:00.0005094" startTime="2025-07-25T07:35:49.0250868-04:00" endTime="2025-07-25T07:35:49.0250869-04:00" testType="13cdc9d9-ddb5-4fa4-a97d-d965ccfc6d4b" outcome="Passed" testListId="8c84fa94-04c1-424b-9868-57a2d4851a1d" relativeResultsDirectory="59bdbebb-3cfb-4a74-9a5a-c6016e5c5743" />
    <UnitTestResult executionId="03eb372d-7684-4f0e-aa86-cf2596f60320" testId="8b5b270a-bed6-897d-a090-9d4fc76192c8" testName="JarvisAssistant.UnitTests.Core.Models.ChatMessageCoreTests.PropertyChanged_ShouldBeRaisedForAllProperties" computerName="BOSGAME-VELQ7" duration="00:00:00.0057553" startTime="2025-07-25T07:35:48.8634617-04:00" endTime="2025-07-25T07:35:48.8634618-04:00" testType="13cdc9d9-ddb5-4fa4-a97d-d965ccfc6d4b" outcome="Passed" testListId="8c84fa94-04c1-424b-9868-57a2d4851a1d" relativeResultsDirectory="03eb372d-7684-4f0e-aa86-cf2596f60320" />
    <UnitTestResult executionId="901e93c4-e4ee-4a8a-b927-ee68bf9cc57e" testId="e6b7da51-fa56-d388-2c40-aaef3ee2e468" testName="JarvisAssistant.UnitTests.Services.LLM.IOllamaClientAbstractionTests.IOllamaClient_GetAvailableModelsAsync_CanBeMocked" computerName="BOSGAME-VELQ7" duration="00:00:00.0022324" startTime="2025-07-25T07:35:49.0219290-04:00" endTime="2025-07-25T07:35:49.0219290-04:00" testType="13cdc9d9-ddb5-4fa4-a97d-d965ccfc6d4b" outcome="Passed" testListId="8c84fa94-04c1-424b-9868-57a2d4851a1d" relativeResultsDirectory="901e93c4-e4ee-4a8a-b927-ee68bf9cc57e" />
    <UnitTestResult executionId="7ddb2e0f-df69-40a8-816b-a478223d8aa7" testId="b1de556f-5377-dd00-c4e0-3e2bb333c8d4" testName="JarvisAssistant.UnitTests.Services.PlatformServiceTests.AndroidPlatformThemeMapping_ShouldHandleAllAndroidVariants(platform: AndroidTV, isGoogleTV: False, expectedTheme: TV)" computerName="BOSGAME-VELQ7" duration="00:00:00.0000402" startTime="2025-07-25T07:35:48.9261629-04:00" endTime="2025-07-25T07:35:48.9261630-04:00" testType="13cdc9d9-ddb5-4fa4-a97d-d965ccfc6d4b" outcome="Passed" testListId="8c84fa94-04c1-424b-9868-57a2d4851a1d" relativeResultsDirectory="7ddb2e0f-df69-40a8-816b-a478223d8aa7" />
    <UnitTestResult executionId="00467a03-ec11-4110-9f47-bf670688b6cf" testId="4d151046-8f3c-f0e8-f6b5-23e68cbf69b8" testName="JarvisAssistant.UnitTests.Integration.ElevenLabsServiceExtensionsTests.AddElevenLabsVoiceServiceFromEnvironment_WithoutApiKey_ThrowsException" computerName="BOSGAME-VELQ7" duration="00:00:00.0003812" startTime="2025-07-25T07:35:48.8916483-04:00" endTime="2025-07-25T07:35:48.8916483-04:00" testType="13cdc9d9-ddb5-4fa4-a97d-d965ccfc6d4b" outcome="Passed" testListId="8c84fa94-04c1-424b-9868-57a2d4851a1d" relativeResultsDirectory="00467a03-ec11-4110-9f47-bf670688b6cf" />
    <UnitTestResult executionId="aad16fee-d396-41e4-8470-e7f906ae65b4" testId="6b0d4353-8eb1-a9cc-8a2e-f68a0e4fe2eb" testName="JarvisAssistant.UnitTests.Integration.LLMErrorDiagnosticTests.DiagnosticTest_GenerateCompleteErrorCodeDocumentation" computerName="BOSGAME-VELQ7" duration="00:00:00.0014555" startTime="2025-07-25T07:35:49.0258505-04:00" endTime="2025-07-25T07:35:49.0258506-04:00" testType="13cdc9d9-ddb5-4fa4-a97d-d965ccfc6d4b" outcome="Passed" testListId="8c84fa94-04c1-424b-9868-57a2d4851a1d" relativeResultsDirectory="aad16fee-d396-41e4-8470-e7f906ae65b4" />
    <UnitTestResult executionId="2dc07c84-9173-4110-96a8-a6460ad43d04" testId="bf28629a-9d49-5f75-29af-54e6652c8f6d" testName="JarvisAssistant.UnitTests.Voice.GoogleTVVoiceHandlerTests.HandleKeyEvent_WithVariousKeyCodes_ReturnsExpectedResult(keyCode: Back, expectedHandled: False)" computerName="BOSGAME-VELQ7" duration="00:00:00.0000505" startTime="2025-07-25T07:35:48.9687578-04:00" endTime="2025-07-25T07:35:48.9687579-04:00" testType="13cdc9d9-ddb5-4fa4-a97d-d965ccfc6d4b" outcome="Passed" testListId="8c84fa94-04c1-424b-9868-57a2d4851a1d" relativeResultsDirectory="2dc07c84-9173-4110-96a8-a6460ad43d04" />
    <UnitTestResult executionId="f7ba3ce4-594e-4cd6-b1c5-5e856ec61754" testId="c4a21185-0b71-0c4f-055d-1f19ab6196fe" testName="JarvisAssistant.UnitTests.Services.LLM.PersonalityServiceTests.GetContextualGreeting_ForErrorType_ReturnsErrorSpecificGreeting" computerName="BOSGAME-VELQ7" duration="00:00:00.0008643" startTime="2025-07-25T07:35:49.0207928-04:00" endTime="2025-07-25T07:35:49.0207930-04:00" testType="13cdc9d9-ddb5-4fa4-a97d-d965ccfc6d4b" outcome="Passed" testListId="8c84fa94-04c1-424b-9868-57a2d4851a1d" relativeResultsDirectory="f7ba3ce4-594e-4cd6-b1c5-5e856ec61754" />
    <UnitTestResult executionId="ee92e172-4ccb-4901-a855-fcb15b63302f" testId="6d96a6ed-ba2d-5c7e-0294-1cb5f489d1c9" testName="JarvisAssistant.UnitTests.Integration.ElevenLabsVoiceIntegrationTests.ServiceRegistration_ConfigurationIsValid" computerName="BOSGAME-VELQ7" duration="00:00:00.0001643" startTime="2025-07-25T07:35:49.4023945-04:00" endTime="2025-07-25T07:35:49.4023946-04:00" testType="13cdc9d9-ddb5-4fa4-a97d-d965ccfc6d4b" outcome="Passed" testListId="8c84fa94-04c1-424b-9868-57a2d4851a1d" relativeResultsDirectory="ee92e172-4ccb-4901-a855-fcb15b63302f" />
    <UnitTestResult executionId="a51dfa93-bdce-45b3-b197-523ddde149d0" testId="3a4ef977-92fe-024d-a522-c902246a126e" testName="JarvisAssistant.UnitTests.Services.LLM.OllamaClientTests.GenerateAsync_WithValidRequest_ReturnsResponse" computerName="BOSGAME-VELQ7" duration="00:00:00.0016578" startTime="2025-07-25T07:35:49.0493141-04:00" endTime="2025-07-25T07:35:49.0493143-04:00" testType="13cdc9d9-ddb5-4fa4-a97d-d965ccfc6d4b" outcome="Passed" testListId="8c84fa94-04c1-424b-9868-57a2d4851a1d" relativeResultsDirectory="a51dfa93-bdce-45b3-b197-523ddde149d0" />
    <UnitTestResult executionId="11cf3773-b24d-46cb-92ae-025d40d3c3be" testId="93c18fe3-c1bf-b333-836f-35fd3746dd11" testName="JarvisAssistant.UnitTests.Services.ElevenLabsVoiceServiceTests.Constructor_WithInvalidConfig_ThrowsArgumentException" computerName="BOSGAME-VELQ7" duration="00:00:00.0003555" startTime="2025-07-25T07:35:49.0572042-04:00" endTime="2025-07-25T07:35:49.0572043-04:00" testType="13cdc9d9-ddb5-4fa4-a97d-d965ccfc6d4b" outcome="Passed" testListId="8c84fa94-04c1-424b-9868-57a2d4851a1d" relativeResultsDirectory="11cf3773-b24d-46cb-92ae-025d40d3c3be" />
    <UnitTestResult executionId="10dc1ebb-983e-4943-9c0e-d9624a992016" testId="5c9ba398-e638-1150-e841-8cb2041f180c" testName="JarvisAssistant.UnitTests.Services.MauiThemeManagerTests.SwitchThemeAsync_AllThemes_ShouldSucceed(theme: Desktop)" computerName="BOSGAME-VELQ7" duration="00:00:00.0005514" startTime="2025-07-25T07:35:48.9681462-04:00" endTime="2025-07-25T07:35:48.9681463-04:00" testType="13cdc9d9-ddb5-4fa4-a97d-d965ccfc6d4b" outcome="Passed" testListId="8c84fa94-04c1-424b-9868-57a2d4851a1d" relativeResultsDirectory="10dc1ebb-983e-4943-9c0e-d9624a992016" />
    <UnitTestResult executionId="e41d9569-ae8f-4415-86f7-88ce0191dcd3" testId="5c777a15-62e9-78e2-fd3c-8ddc212e3a0c" testName="JarvisAssistant.UnitTests.Services.PlatformServiceTests.AndroidTVDetection_BothScenarios_ShouldBeHandledCorrectly" computerName="BOSGAME-VELQ7" duration="00:00:00.0010457" startTime="2025-07-25T07:35:48.9364624-04:00" endTime="2025-07-25T07:35:48.9364624-04:00" testType="13cdc9d9-ddb5-4fa4-a97d-d965ccfc6d4b" outcome="Passed" testListId="8c84fa94-04c1-424b-9868-57a2d4851a1d" relativeResultsDirectory="e41d9569-ae8f-4415-86f7-88ce0191dcd3" />
    <UnitTestResult executionId="bc5e745f-3fd6-4bdb-baea-0f3f7ba22e04" testId="247debc2-0658-769c-29e0-5e1da5d33227" testName="JarvisAssistant.UnitTests.Integration.VoiceConfigurationTests.VoiceSettings_CreateEmotionalSettings_ReturnsCorrectValues(emotion: &quot;excited&quot;, expectedStability: 0.600000024, expectedSimilarity: 0.800000012, expectedStyle: 0.300000012, expectedRate: 1.10000002)" computerName="BOSGAME-VELQ7" duration="00:00:00.0000095" startTime="2025-07-25T07:35:48.8846988-04:00" endTime="2025-07-25T07:35:48.8846989-04:00" testType="13cdc9d9-ddb5-4fa4-a97d-d965ccfc6d4b" outcome="Passed" testListId="8c84fa94-04c1-424b-9868-57a2d4851a1d" relativeResultsDirectory="bc5e745f-3fd6-4bdb-baea-0f3f7ba22e04" />
    <UnitTestResult executionId="81a45dbd-3de4-40b9-b20e-017ff0a9b53a" testId="4b8da824-85cd-2915-65bd-f656dcdee395" testName="JarvisAssistant.UnitTests.Services.StatusMonitorServiceTests.MonitoringService_WithPeriodicChecks_UpdatesStatus" computerName="BOSGAME-VELQ7" duration="00:00:00.1063836" startTime="2025-07-25T07:35:49.8349321-04:00" endTime="2025-07-25T07:35:49.8349325-04:00" testType="13cdc9d9-ddb5-4fa4-a97d-d965ccfc6d4b" outcome="Passed" testListId="8c84fa94-04c1-424b-9868-57a2d4851a1d" relativeResultsDirectory="81a45dbd-3de4-40b9-b20e-017ff0a9b53a" />
    <UnitTestResult executionId="128ae015-d300-404f-84bb-6147a7527001" testId="d748db4d-a8e8-1a31-8c26-877ac1a13574" testName="JarvisAssistant.UnitTests.Voice.VoiceCommandModelTests.VoiceCommandSource_AllValues_AreValid(source: AlwaysOn)" computerName="BOSGAME-VELQ7" duration="00:00:00.0000103" startTime="2025-07-25T07:35:48.8862873-04:00" endTime="2025-07-25T07:35:48.8862874-04:00" testType="13cdc9d9-ddb5-4fa4-a97d-d965ccfc6d4b" outcome="Passed" testListId="8c84fa94-04c1-424b-9868-57a2d4851a1d" relativeResultsDirectory="128ae015-d300-404f-84bb-6147a7527001" />
    <UnitTestResult executionId="99e12748-50c7-472f-98a7-fe2712e019cf" testId="08596c27-779b-f5a8-8b71-dd5c936effbb" testName="JarvisAssistant.UnitTests.Services.LLM.LLMServerFailureTests.GenerateAsync_RequestTimeout_ReturnsTimeoutError" computerName="BOSGAME-VELQ7" duration="00:00:00.0021695" startTime="2025-07-25T07:35:49.0637699-04:00" endTime="2025-07-25T07:35:49.0637702-04:00" testType="13cdc9d9-ddb5-4fa4-a97d-d965ccfc6d4b" outcome="Passed" testListId="8c84fa94-04c1-424b-9868-57a2d4851a1d" relativeResultsDirectory="99e12748-50c7-472f-98a7-fe2712e019cf" />
    <UnitTestResult executionId="b5f0a094-e9ff-4a9d-acb7-0dd82229a837" testId="6e4a6d04-9b47-8014-3091-295207ac0b55" testName="JarvisAssistant.UnitTests.Services.LLM.PersonalityServiceTests.Constructor_WithNullLogger_ThrowsArgumentNullException" computerName="BOSGAME-VELQ7" duration="00:00:00.0009190" startTime="2025-07-25T07:35:49.0308116-04:00" endTime="2025-07-25T07:35:49.0308117-04:00" testType="13cdc9d9-ddb5-4fa4-a97d-d965ccfc6d4b" outcome="Passed" testListId="8c84fa94-04c1-424b-9868-57a2d4851a1d" relativeResultsDirectory="b5f0a094-e9ff-4a9d-acb7-0dd82229a837" />
    <UnitTestResult executionId="38be6d15-8f56-4fb1-80ee-c578440c5acb" testId="09e95e76-dcb6-1f6b-f4ad-c7de6d937de5" testName="JarvisAssistant.UnitTests.Services.LLM.LLMErrorHandlerTests.ProcessException_HttpRequestException_RateLimit_ReturnsCorrectErrorCode(exceptionMessage: &quot;HTTP 429 Too Many Requests&quot;, expectedErrorCode: &quot;LLM-HTTP-429-001&quot;)" computerName="BOSGAME-VELQ7" duration="00:00:00.0001841" startTime="2025-07-25T07:35:48.9132784-04:00" endTime="2025-07-25T07:35:48.9132785-04:00" testType="13cdc9d9-ddb5-4fa4-a97d-d965ccfc6d4b" outcome="Passed" testListId="8c84fa94-04c1-424b-9868-57a2d4851a1d" relativeResultsDirectory="38be6d15-8f56-4fb1-80ee-c578440c5acb" />
    <UnitTestResult executionId="b4eef105-b27f-40ed-90ff-efcff30f1479" testId="44c18c84-24a2-0f79-71b7-ebdf4c97f975" testName="JarvisAssistant.UnitTests.Services.PlatformServiceTests.GetOptimalTheme_ForDifferentPlatforms_ShouldReturnExpectedTheme(platform: MacOS, expectedTheme: Desktop)" computerName="BOSGAME-VELQ7" duration="00:00:00.0006908" startTime="2025-07-25T07:35:48.9323511-04:00" endTime="2025-07-25T07:35:48.9323512-04:00" testType="13cdc9d9-ddb5-4fa4-a97d-d965ccfc6d4b" outcome="Passed" testListId="8c84fa94-04c1-424b-9868-57a2d4851a1d" relativeResultsDirectory="b4eef105-b27f-40ed-90ff-efcff30f1479" />
    <UnitTestResult executionId="8606fd84-689f-482c-86d2-251bc4fe8340" testId="8493a3b4-2dac-075b-dc73-871adc5e570b" testName="JarvisAssistant.UnitTests.Services.StatusMonitorServiceTests.StartMonitoringAsync_WhenAlreadyMonitoring_LogsWarning" computerName="BOSGAME-VELQ7" duration="00:00:00.0026249" startTime="2025-07-25T07:35:49.5171266-04:00" endTime="2025-07-25T07:35:49.5171267-04:00" testType="13cdc9d9-ddb5-4fa4-a97d-d965ccfc6d4b" outcome="Passed" testListId="8c84fa94-04c1-424b-9868-57a2d4851a1d" relativeResultsDirectory="8606fd84-689f-482c-86d2-251bc4fe8340" />
    <UnitTestResult executionId="f6e89d14-6bbb-4395-a81e-a218eeb74c47" testId="e0a6b87d-4c5d-56fa-c82d-8ca6e07d97e7" testName="JarvisAssistant.UnitTests.Services.ThemeIntegrationTests.ThemePreferencePersistence_ShouldWorkCorrectly" computerName="BOSGAME-VELQ7" duration="00:00:00.0009606" startTime="2025-07-25T07:35:48.9773194-04:00" endTime="2025-07-25T07:35:48.9773195-04:00" testType="13cdc9d9-ddb5-4fa4-a97d-d965ccfc6d4b" outcome="Passed" testListId="8c84fa94-04c1-424b-9868-57a2d4851a1d" relativeResultsDirectory="f6e89d14-6bbb-4395-a81e-a218eeb74c47" />
    <UnitTestResult executionId="0434dff6-ef6b-42fb-8514-a8d1eb65d5a1" testId="303ae1c5-cf13-9117-5c13-f07810019c62" testName="JarvisAssistant.UnitTests.Services.PlatformServiceTests.IsTouchPrimary_ShouldReturnExpectedValueForPlatform(platform: iOS, expected: True)" computerName="BOSGAME-VELQ7" duration="00:00:00.0000528" startTime="2025-07-25T07:35:48.9265170-04:00" endTime="2025-07-25T07:35:48.9265170-04:00" testType="13cdc9d9-ddb5-4fa4-a97d-d965ccfc6d4b" outcome="Passed" testListId="8c84fa94-04c1-424b-9868-57a2d4851a1d" relativeResultsDirectory="0434dff6-ef6b-42fb-8514-a8d1eb65d5a1" />
    <UnitTestResult executionId="aac4b5b6-05c2-4bc2-9a4c-8328397431e3" testId="0fb5492b-3552-c07f-d32e-74509e7736c2" testName="JarvisAssistant.UnitTests.Services.LLM.PersonalityServiceTests.FormatResponseAsync_WithBasicResponse_AppliesPersonality" computerName="BOSGAME-VELQ7" duration="00:00:00.0036146" startTime="2025-07-25T07:35:49.0204646-04:00" endTime="2025-07-25T07:35:49.0204648-04:00" testType="13cdc9d9-ddb5-4fa4-a97d-d965ccfc6d4b" outcome="Passed" testListId="8c84fa94-04c1-424b-9868-57a2d4851a1d" relativeResultsDirectory="aac4b5b6-05c2-4bc2-9a4c-8328397431e3" />
    <UnitTestResult executionId="4ad34646-cb28-4b52-be0f-ce6302f02a73" testId="42ee49df-8597-219c-2359-ceb83e42a2f3" testName="JarvisAssistant.UnitTests.Services.OllamaLLMServiceTests.SendMessageAsync_WithValidRequest_ReturnsFormattedResponse" computerName="BOSGAME-VELQ7" duration="00:00:00.0038880" startTime="2025-07-25T07:35:49.0095605-04:00" endTime="2025-07-25T07:35:49.0095606-04:00" testType="13cdc9d9-ddb5-4fa4-a97d-d965ccfc6d4b" outcome="Passed" testListId="8c84fa94-04c1-424b-9868-57a2d4851a1d" relativeResultsDirectory="4ad34646-cb28-4b52-be0f-ce6302f02a73" />
    <UnitTestResult executionId="16fc9eb9-3b6c-4464-8c6f-f9b1ac1eb8be" testId="ba30b9c0-134f-114f-dbf0-e1b89b378492" testName="JarvisAssistant.UnitTests.Services.StatusMonitorServiceTests.StopMonitoringAllAsync_WithMultipleServices_StopsAllMonitoring" computerName="BOSGAME-VELQ7" duration="00:00:00.1395355" startTime="2025-07-25T07:35:48.9743939-04:00" endTime="2025-07-25T07:35:48.9743939-04:00" testType="13cdc9d9-ddb5-4fa4-a97d-d965ccfc6d4b" outcome="Passed" testListId="8c84fa94-04c1-424b-9868-57a2d4851a1d" relativeResultsDirectory="16fc9eb9-3b6c-4464-8c6f-f9b1ac1eb8be" />
    <UnitTestResult executionId="338d4a13-6313-486f-bbce-54552d263e56" testId="2b7305cf-9a82-cdb8-5cc8-19c42ad51d77" testName="JarvisAssistant.UnitTests.Services.ThemeIntegrationTests.PlatformSpecificOptimizations_ShouldApplyCorrectly" computerName="BOSGAME-VELQ7" duration="00:00:00.0200013" startTime="2025-07-25T07:35:48.9680626-04:00" endTime="2025-07-25T07:35:48.9680627-04:00" testType="13cdc9d9-ddb5-4fa4-a97d-d965ccfc6d4b" outcome="Passed" testListId="8c84fa94-04c1-424b-9868-57a2d4851a1d" relativeResultsDirectory="338d4a13-6313-486f-bbce-54552d263e56" />
    <UnitTestResult executionId="68ab0a73-8574-4567-bb8c-b3be130f77f1" testId="4acd4b27-ff67-db41-b218-24d4717db2de" testName="JarvisAssistant.UnitTests.Services.PlatformServiceTests.SupportsMultiPanel_ShouldReturnExpectedValueForPlatform(platform: AndroidTV, expected: True)" computerName="BOSGAME-VELQ7" duration="00:00:00.0000160" startTime="2025-07-25T07:35:48.9235445-04:00" endTime="2025-07-25T07:35:48.9235446-04:00" testType="13cdc9d9-ddb5-4fa4-a97d-d965ccfc6d4b" outcome="Passed" testListId="8c84fa94-04c1-424b-9868-57a2d4851a1d" relativeResultsDirectory="68ab0a73-8574-4567-bb8c-b3be130f77f1" />
    <UnitTestResult executionId="3456abf4-37ca-48f5-ba61-fe3cc3d0e8ca" testId="67f67713-4dfe-0da8-b2f2-8445aef362aa" testName="JarvisAssistant.UnitTests.UI.MAUIStatusPanelUITests.StatusPanel_TouchInput_ShouldRespondCorrectly" computerName="BOSGAME-VELQ7" duration="00:00:00.0341473" startTime="2025-07-25T07:35:49.0126073-04:00" endTime="2025-07-25T07:35:49.0126075-04:00" testType="13cdc9d9-ddb5-4fa4-a97d-d965ccfc6d4b" outcome="Failed" testListId="8c84fa94-04c1-424b-9868-57a2d4851a1d" relativeResultsDirectory="3456abf4-37ca-48f5-ba61-fe3cc3d0e8ca">
      <Output>
        <ErrorInfo>
          <Message>Close button should respond to touch</Message>
          <StackTrace>   at JarvisAssistant.UnitTests.UI.MAUIStatusPanelUITests.StatusPanel_TouchInput_ShouldRespondCorrectly() in c:\Users\Bruce\source\repos\Jarvis Assistant MK2\JarvisAssistant.UnitTests\UI\MAUIStatusPanelUITests.cs:line 67&#xD;
--- End of stack trace from previous location ---</StackTrace>
        </ErrorInfo>
      </Output>
    </UnitTestResult>
    <UnitTestResult executionId="beeb0eb9-f045-4726-b50c-c7e8ae05cee3" testId="13f0fa6b-c51b-c0d0-a605-c4df9c2a1b13" testName="JarvisAssistant.UnitTests.Services.LLM.OllamaClientTests.Constructor_WithNullLogger_ThrowsArgumentNullException" computerName="BOSGAME-VELQ7" duration="00:00:00.0003816" startTime="2025-07-25T07:35:49.0458475-04:00" endTime="2025-07-25T07:35:49.0458477-04:00" testType="13cdc9d9-ddb5-4fa4-a97d-d965ccfc6d4b" outcome="Passed" testListId="8c84fa94-04c1-424b-9868-57a2d4851a1d" relativeResultsDirectory="beeb0eb9-f045-4726-b50c-c7e8ae05cee3" />
    <UnitTestResult executionId="f19c426e-53b4-4870-b256-96be52c2a1c3" testId="55ce5713-1118-d2a9-f0a4-efa80b5275e2" testName="JarvisAssistant.UnitTests.Services.StatusMonitorServiceTests.StopMonitoringAsync_WithMonitoredService_StopsMonitoring" computerName="BOSGAME-VELQ7" duration="00:00:00.0009209" startTime="2025-07-25T07:35:49.6237311-04:00" endTime="2025-07-25T07:35:49.6237312-04:00" testType="13cdc9d9-ddb5-4fa4-a97d-d965ccfc6d4b" outcome="Passed" testListId="8c84fa94-04c1-424b-9868-57a2d4851a1d" relativeResultsDirectory="f19c426e-53b4-4870-b256-96be52c2a1c3" />
    <UnitTestResult executionId="9c6d41e0-a444-4483-8b50-d53da4c14a4f" testId="4505b6f8-74c3-0b42-7c5f-af7e85698d9d" testName="JarvisAssistant.UnitTests.Voice.GoogleTVVoiceHandlerTests.GetStatistics_ReturnsValidStatistics" computerName="BOSGAME-VELQ7" duration="00:00:00.0187708" startTime="2025-07-25T07:35:48.9668165-04:00" endTime="2025-07-25T07:35:48.9668166-04:00" testType="13cdc9d9-ddb5-4fa4-a97d-d965ccfc6d4b" outcome="Passed" testListId="8c84fa94-04c1-424b-9868-57a2d4851a1d" relativeResultsDirectory="9c6d41e0-a444-4483-8b50-d53da4c14a4f" />
    <UnitTestResult executionId="9cfc60c8-cdb8-4d74-af16-3e5824709bf2" testId="ad49b445-f9b7-b997-8393-509165183689" testName="JarvisAssistant.UnitTests.Services.LLM.LLMServerFailureTests.GenerateAsync_MaxRetriesExceeded_ThrowsFinalException" computerName="BOSGAME-VELQ7" duration="00:00:00.0013039" startTime="2025-07-25T07:35:49.0555747-04:00" endTime="2025-07-25T07:35:49.0555749-04:00" testType="13cdc9d9-ddb5-4fa4-a97d-d965ccfc6d4b" outcome="Passed" testListId="8c84fa94-04c1-424b-9868-57a2d4851a1d" relativeResultsDirectory="9cfc60c8-cdb8-4d74-af16-3e5824709bf2" />
    <UnitTestResult executionId="c772113c-bb7e-4638-8e65-0eb638db26fc" testId="2bcd132c-a677-cfac-275c-361f40442c05" testName="JarvisAssistant.UnitTests.Services.LLM.PersonalityServiceTests.GetContextualGreeting_ForCodeType_ReturnsCodeSpecificGreeting" computerName="BOSGAME-VELQ7" duration="00:00:00.0008859" startTime="2025-07-25T07:35:49.0347278-04:00" endTime="2025-07-25T07:35:49.0347281-04:00" testType="13cdc9d9-ddb5-4fa4-a97d-d965ccfc6d4b" outcome="Passed" testListId="8c84fa94-04c1-424b-9868-57a2d4851a1d" relativeResultsDirectory="c772113c-bb7e-4638-8e65-0eb638db26fc" />
    <UnitTestResult executionId="cd0a8c8b-bc01-4ecb-8aed-782117e64a16" testId="01eaae2a-5712-cb1e-cf13-853fb3ca7af6" testName="JarvisAssistant.UnitTests.Services.AudioCacheServiceTests.ClearExpiredEntriesAsync_RemovesExpiredEntries" computerName="BOSGAME-VELQ7" duration="00:00:00.0620347" startTime="2025-07-25T07:35:48.8945263-04:00" endTime="2025-07-25T07:35:48.8945263-04:00" testType="13cdc9d9-ddb5-4fa4-a97d-d965ccfc6d4b" outcome="Passed" testListId="8c84fa94-04c1-424b-9868-57a2d4851a1d" relativeResultsDirectory="cd0a8c8b-bc01-4ecb-8aed-782117e64a16" />
    <UnitTestResult executionId="43d79748-0853-45df-97b3-999c5ec6c3cd" testId="63a19674-b22e-9aaf-6956-92a86c964104" testName="JarvisAssistant.UnitTests.Services.LLM.LLMErrorHandlerTests.ProcessException_HttpRequestException_ConnectionRefused_ReturnsCorrectErrorCode(exceptionMessage: &quot;Unable to connect&quot;, expectedErrorCode: &quot;LLM-CONN-001&quot;)" computerName="BOSGAME-VELQ7" duration="00:00:00.0000287" startTime="2025-07-25T07:35:48.9274259-04:00" endTime="2025-07-25T07:35:48.9274260-04:00" testType="13cdc9d9-ddb5-4fa4-a97d-d965ccfc6d4b" outcome="Passed" testListId="8c84fa94-04c1-424b-9868-57a2d4851a1d" relativeResultsDirectory="43d79748-0853-45df-97b3-999c5ec6c3cd" />
    <UnitTestResult executionId="3243ceaf-17b1-4eab-9e35-e49543ee5f92" testId="01082c2a-9cfa-833d-a5c2-247f6414dd68" testName="JarvisAssistant.UnitTests.Integration.LiveOllamaConnectionTests.LiveConnection_ComprehensiveDiagnostics_ShouldProvideDetailedResults" computerName="BOSGAME-VELQ7" duration="00:00:04.7180715" startTime="2025-07-25T07:35:54.6871497-04:00" endTime="2025-07-25T07:35:54.6871500-04:00" testType="13cdc9d9-ddb5-4fa4-a97d-d965ccfc6d4b" outcome="Passed" testListId="8c84fa94-04c1-424b-9868-57a2d4851a1d" relativeResultsDirectory="3243ceaf-17b1-4eab-9e35-e49543ee5f92" />
    <UnitTestResult executionId="4ab305f1-ae58-4e2c-9efc-c5309a1c5ceb" testId="4eb84eaa-4208-5076-dcfd-5493c7956327" testName="JarvisAssistant.UnitTests.Voice.VoiceModeManagerTests.Constructor_WithValidParameters_InitializesCorrectly" computerName="BOSGAME-VELQ7" duration="00:00:00.0001310" startTime="2025-07-25T07:35:49.3005414-04:00" endTime="2025-07-25T07:35:49.3005414-04:00" testType="13cdc9d9-ddb5-4fa4-a97d-d965ccfc6d4b" outcome="Passed" testListId="8c84fa94-04c1-424b-9868-57a2d4851a1d" relativeResultsDirectory="4ab305f1-ae58-4e2c-9efc-c5309a1c5ceb" />
    <UnitTestResult executionId="2c97ec28-8c88-4e15-b019-98944b08f831" testId="facb3f0c-3912-e6d5-88b0-6b43c98c82ba" testName="JarvisAssistant.UnitTests.Services.OllamaLLMServiceTests.SendMessageAsync_DetectsCorrectQueryType(message: &quot;hello there&quot;, expectedQueryType: General)" computerName="BOSGAME-VELQ7" duration="00:00:00.1341368" startTime="2025-07-25T07:35:48.9706912-04:00" endTime="2025-07-25T07:35:48.9706912-04:00" testType="13cdc9d9-ddb5-4fa4-a97d-d965ccfc6d4b" outcome="Passed" testListId="8c84fa94-04c1-424b-9868-57a2d4851a1d" relativeResultsDirectory="2c97ec28-8c88-4e15-b019-98944b08f831" />
    <UnitTestResult executionId="5c5c63f4-daf1-4a64-b8ce-2703b939ae9b" testId="0b52f6f9-a432-f3df-c889-d277881036ae" testName="JarvisAssistant.UnitTests.Integration.LiveOllamaConnectionTests.LiveConnection_PingOllamaHost_ShouldBeReachable" computerName="BOSGAME-VELQ7" duration="00:00:01.1182441" startTime="2025-07-25T07:35:49.9688836-04:00" endTime="2025-07-25T07:35:49.9688838-04:00" testType="13cdc9d9-ddb5-4fa4-a97d-d965ccfc6d4b" outcome="Passed" testListId="8c84fa94-04c1-424b-9868-57a2d4851a1d" relativeResultsDirectory="5c5c63f4-daf1-4a64-b8ce-2703b939ae9b" />
    <UnitTestResult executionId="7d37b7a0-a186-4391-92e0-0a715ad0a5bf" testId="7f1417b7-9e18-f5ef-08fd-e6bafaaead8b" testName="JarvisAssistant.UnitTests.Voice.VoiceCommandProcessorTests.ClassifyCommandAsync_WithValidCommands_ClassifiesCorrectly(commandText: &quot;what's my status&quot;, expectedType: Status)" computerName="BOSGAME-VELQ7" duration="00:00:00.0001611" startTime="2025-07-25T07:35:48.9147791-04:00" endTime="2025-07-25T07:35:48.9147791-04:00" testType="13cdc9d9-ddb5-4fa4-a97d-d965ccfc6d4b" outcome="Passed" testListId="8c84fa94-04c1-424b-9868-57a2d4851a1d" relativeResultsDirectory="7d37b7a0-a186-4391-92e0-0a715ad0a5bf" />
    <UnitTestResult executionId="9b8de83f-3d5a-4457-910f-ce2c1f4ba372" testId="6bd7264d-ee0c-23f9-3d1d-bb27bd6296ee" testName="JarvisAssistant.UnitTests.Services.LLM.LLMServerFailureTests.GenerateAsync_EmptyResponse_ReturnsEmptyString" computerName="BOSGAME-VELQ7" duration="00:00:00.0011143" startTime="2025-07-25T07:35:49.0801758-04:00" endTime="2025-07-25T07:35:49.0801758-04:00" testType="13cdc9d9-ddb5-4fa4-a97d-d965ccfc6d4b" outcome="Passed" testListId="8c84fa94-04c1-424b-9868-57a2d4851a1d" relativeResultsDirectory="9b8de83f-3d5a-4457-910f-ce2c1f4ba372" />
    <UnitTestResult executionId="62a38ff9-55d5-4a29-b788-3af34df10f78" testId="e5708d48-6ecf-5011-4b18-ad67a20fdfda" testName="JarvisAssistant.UnitTests.Services.ErrorHandlingServiceTests.LogErrorAsync_WithDifferentSeverities_ShouldUseCorrectLogLevel(severity: Error, expectedLogLevel: Error)" computerName="BOSGAME-VELQ7" duration="00:00:00.0130063" startTime="2025-07-25T07:35:48.9542386-04:00" endTime="2025-07-25T07:35:48.9542388-04:00" testType="13cdc9d9-ddb5-4fa4-a97d-d965ccfc6d4b" outcome="Passed" testListId="8c84fa94-04c1-424b-9868-57a2d4851a1d" relativeResultsDirectory="62a38ff9-55d5-4a29-b788-3af34df10f78" />
    <UnitTestResult executionId="d934cb74-ad1e-4c46-a2e9-2ec0746f01bc" testId="86c7887c-1904-6ad3-89d6-e5c376a12d35" testName="JarvisAssistant.UnitTests.Integration.ElevenLabsVoiceIntegrationTests.VoiceService_WithFallback_HandlesFailureGracefully" computerName="BOSGAME-VELQ7" duration="00:00:00.9302785" startTime="2025-07-25T07:35:50.3329819-04:00" endTime="2025-07-25T07:35:50.3329822-04:00" testType="13cdc9d9-ddb5-4fa4-a97d-d965ccfc6d4b" outcome="Passed" testListId="8c84fa94-04c1-424b-9868-57a2d4851a1d" relativeResultsDirectory="d934cb74-ad1e-4c46-a2e9-2ec0746f01bc" />
    <UnitTestResult executionId="37e11f0b-7563-48ce-8a53-14ad3eb57ffb" testId="2cbd2bcc-0d18-3d28-7c06-7d2166d72d67" testName="JarvisAssistant.UnitTests.Integration.ChatIntegrationTests.VoiceCommandProcessor_ClassifyCommand_ShouldReturnClassifiedCommand" computerName="BOSGAME-VELQ7" duration="00:00:00.0005636" startTime="2025-07-25T07:35:48.8890001-04:00" endTime="2025-07-25T07:35:48.8890001-04:00" testType="13cdc9d9-ddb5-4fa4-a97d-d965ccfc6d4b" outcome="Passed" testListId="8c84fa94-04c1-424b-9868-57a2d4851a1d" relativeResultsDirectory="37e11f0b-7563-48ce-8a53-14ad3eb57ffb" />
    <UnitTestResult executionId="de312c2a-1f55-42df-952f-b806d1e9b7d0" testId="7a71a075-4244-0a14-8e59-e2eb7c1c8b63" testName="JarvisAssistant.UnitTests.Services.LLM.IOllamaClientAbstractionTests.IOllamaClient_AllMethods_CanBeUsedInTestableService" computerName="BOSGAME-VELQ7" duration="00:00:00.0249207" startTime="2025-07-25T07:35:48.9401229-04:00" endTime="2025-07-25T07:35:48.9401230-04:00" testType="13cdc9d9-ddb5-4fa4-a97d-d965ccfc6d4b" outcome="Passed" testListId="8c84fa94-04c1-424b-9868-57a2d4851a1d" relativeResultsDirectory="de312c2a-1f55-42df-952f-b806d1e9b7d0" />
    <UnitTestResult executionId="b80f061f-632a-47b7-8e0b-dd3899bb1837" testId="6522c56a-593b-0497-8dc2-7ab2c1765af3" testName="JarvisAssistant.UnitTests.UI.StatusPanelFunctionalityTests.StatusSummary_ShouldShowOfflineServicesCount" computerName="BOSGAME-VELQ7" duration="00:00:00.0001803" startTime="2025-07-25T07:35:48.8901619-04:00" endTime="2025-07-25T07:35:48.8901619-04:00" testType="13cdc9d9-ddb5-4fa4-a97d-d965ccfc6d4b" outcome="Passed" testListId="8c84fa94-04c1-424b-9868-57a2d4851a1d" relativeResultsDirectory="b80f061f-632a-47b7-8e0b-dd3899bb1837" />
    <UnitTestResult executionId="39b94b1c-de46-4dea-ac96-1a8feb99561e" testId="501970b9-473c-aef6-4fe0-e93bc95374f1" testName="JarvisAssistant.UnitTests.Services.OllamaLLMServiceTests.SendMessageAsync_DetectsCorrectQueryType(message: &quot;write a function&quot;, expectedQueryType: Code)" computerName="BOSGAME-VELQ7" duration="00:00:00.0014160" startTime="2025-07-25T07:35:48.9713487-04:00" endTime="2025-07-25T07:35:48.9713488-04:00" testType="13cdc9d9-ddb5-4fa4-a97d-d965ccfc6d4b" outcome="Passed" testListId="8c84fa94-04c1-424b-9868-57a2d4851a1d" relativeResultsDirectory="39b94b1c-de46-4dea-ac96-1a8feb99561e" />
    <UnitTestResult executionId="8dd09b69-b49e-4e43-a626-2085a3eec213" testId="a3e44324-2963-f857-41a6-5245c4621df4" testName="JarvisAssistant.UnitTests.Services.AudioCacheServiceTests.ClearAllAsync_RemovesAllEntries" computerName="BOSGAME-VELQ7" duration="00:00:00.0650493" startTime="2025-07-25T07:35:48.9667655-04:00" endTime="2025-07-25T07:35:48.9667656-04:00" testType="13cdc9d9-ddb5-4fa4-a97d-d965ccfc6d4b" outcome="Passed" testListId="8c84fa94-04c1-424b-9868-57a2d4851a1d" relativeResultsDirectory="8dd09b69-b49e-4e43-a626-2085a3eec213" />
    <UnitTestResult executionId="73a2b70e-be2d-41d4-82d9-9e3beab76eb2" testId="d85dd11c-6d32-9776-42db-4bb85b40cac6" testName="JarvisAssistant.UnitTests.Services.RateLimitServiceTests.GetStatistics_WhenRateLimited_ShowsCorrectStatus" computerName="BOSGAME-VELQ7" duration="00:00:00.0010306" startTime="2025-07-25T07:35:48.9701255-04:00" endTime="2025-07-25T07:35:48.9701255-04:00" testType="13cdc9d9-ddb5-4fa4-a97d-d965ccfc6d4b" outcome="Passed" testListId="8c84fa94-04c1-424b-9868-57a2d4851a1d" relativeResultsDirectory="73a2b70e-be2d-41d4-82d9-9e3beab76eb2" />
    <UnitTestResult executionId="13ea7982-e530-4af6-80bb-7a82e3f0cd11" testId="6634bd44-a917-06ca-dc87-cffd05998256" testName="JarvisAssistant.UnitTests.Voice.VoiceCommandProcessorTests.ProcessTextCommandAsync_WithValidText_ProcessesSuccessfully" computerName="BOSGAME-VELQ7" duration="00:00:00.1062004" startTime="2025-07-25T07:35:49.2527719-04:00" endTime="2025-07-25T07:35:49.2527721-04:00" testType="13cdc9d9-ddb5-4fa4-a97d-d965ccfc6d4b" outcome="Passed" testListId="8c84fa94-04c1-424b-9868-57a2d4851a1d" relativeResultsDirectory="13ea7982-e530-4af6-80bb-7a82e3f0cd11" />
    <UnitTestResult executionId="61b22cf8-7973-4077-88a9-b5957ca26b7c" testId="69856d60-19d5-5ee5-8290-2bab1f9051a0" testName="JarvisAssistant.UnitTests.Services.MauiThemeManagerTests.AvailableThemes_ShouldContainBaseThemes" computerName="BOSGAME-VELQ7" duration="00:00:00.0003508" startTime="2025-07-25T07:35:48.9720184-04:00" endTime="2025-07-25T07:35:48.9720184-04:00" testType="13cdc9d9-ddb5-4fa4-a97d-d965ccfc6d4b" outcome="Passed" testListId="8c84fa94-04c1-424b-9868-57a2d4851a1d" relativeResultsDirectory="61b22cf8-7973-4077-88a9-b5957ca26b7c" />
    <UnitTestResult executionId="790503eb-76e7-4cd0-9d08-a6488787f073" testId="d6f03902-9b78-e655-2972-c73033679e15" testName="JarvisAssistant.UnitTests.Core.Models.ChatMessageCoreTests.Constructor_ShouldSetDefaultValues" computerName="BOSGAME-VELQ7" duration="00:00:00.0003454" startTime="2025-07-25T07:35:48.8859077-04:00" endTime="2025-07-25T07:35:48.8859078-04:00" testType="13cdc9d9-ddb5-4fa4-a97d-d965ccfc6d4b" outcome="Passed" testListId="8c84fa94-04c1-424b-9868-57a2d4851a1d" relativeResultsDirectory="790503eb-76e7-4cd0-9d08-a6488787f073" />
    <UnitTestResult executionId="239d9157-f4f3-47ff-b553-550983673d99" testId="2d093e5b-d4b5-9ea3-fc32-37eb15a71850" testName="JarvisAssistant.UnitTests.UI.StatusPanelFunctionalityTests.TestCommand_ShouldBeAvailableAndExecutable" computerName="BOSGAME-VELQ7" duration="00:00:00.0002169" startTime="2025-07-25T07:35:48.8901267-04:00" endTime="2025-07-25T07:35:48.8901267-04:00" testType="13cdc9d9-ddb5-4fa4-a97d-d965ccfc6d4b" outcome="Passed" testListId="8c84fa94-04c1-424b-9868-57a2d4851a1d" relativeResultsDirectory="239d9157-f4f3-47ff-b553-550983673d99" />
    <UnitTestResult executionId="315005b7-43e0-4377-8016-e685d4285804" testId="7840c5e3-78d2-94db-b1e7-a10127131c74" testName="JarvisAssistant.UnitTests.Services.LLM.LLMErrorHandlerTests.ProcessException_InvalidOperationException_RetryExceeded_ReturnsRetryError" computerName="BOSGAME-VELQ7" duration="00:00:00.0003142" startTime="2025-07-25T07:35:48.9120989-04:00" endTime="2025-07-25T07:35:48.9120990-04:00" testType="13cdc9d9-ddb5-4fa4-a97d-d965ccfc6d4b" outcome="Passed" testListId="8c84fa94-04c1-424b-9868-57a2d4851a1d" relativeResultsDirectory="315005b7-43e0-4377-8016-e685d4285804" />
    <UnitTestResult executionId="935405ad-5308-403b-bcc6-e38ceb320457" testId="192daeb8-2589-3dc1-19da-7d7694f5e8bf" testName="JarvisAssistant.UnitTests.UI.MAUIStatusPanelUITests.StatusPanelViewModel_Initialization_ShouldBeCorrect" computerName="BOSGAME-VELQ7" duration="00:00:00.0004357" startTime="2025-07-25T07:35:49.1310790-04:00" endTime="2025-07-25T07:35:49.1310792-04:00" testType="13cdc9d9-ddb5-4fa4-a97d-d965ccfc6d4b" outcome="Passed" testListId="8c84fa94-04c1-424b-9868-57a2d4851a1d" relativeResultsDirectory="935405ad-5308-403b-bcc6-e38ceb320457" />
    <UnitTestResult executionId="6b8b4a6c-3467-47f4-9421-532238562773" testId="87b1db1f-6d88-cef4-de68-b4d661288e0b" testName="JarvisAssistant.UnitTests.Voice.VoiceCommandModelTests.VoiceCommand_DetectedLanguage_CanBeSetAndRetrieved" computerName="BOSGAME-VELQ7" duration="00:00:00.0000890" startTime="2025-07-25T07:35:48.8889717-04:00" endTime="2025-07-25T07:35:48.8889718-04:00" testType="13cdc9d9-ddb5-4fa4-a97d-d965ccfc6d4b" outcome="Passed" testListId="8c84fa94-04c1-424b-9868-57a2d4851a1d" relativeResultsDirectory="6b8b4a6c-3467-47f4-9421-532238562773" />
    <UnitTestResult executionId="243963d6-a26c-4918-aef2-8018b2fdc524" testId="e310bf58-992f-cb4f-5a26-131eb126c7e9" testName="JarvisAssistant.UnitTests.Services.LLM.PersonalityServiceTests.FormatResponseAsync_AppliesVocabularyEnhancements(input: &quot;That's good work.&quot;, expectedWord: &quot;excellent&quot;)" computerName="BOSGAME-VELQ7" duration="00:00:00.0005743" startTime="2025-07-25T07:35:49.0290718-04:00" endTime="2025-07-25T07:35:49.0290719-04:00" testType="13cdc9d9-ddb5-4fa4-a97d-d965ccfc6d4b" outcome="Passed" testListId="8c84fa94-04c1-424b-9868-57a2d4851a1d" relativeResultsDirectory="243963d6-a26c-4918-aef2-8018b2fdc524" />
    <UnitTestResult executionId="f07f745c-251b-4696-b783-21bfddd0798a" testId="8d43e885-5b6d-94c9-e629-82638db556ec" testName="JarvisAssistant.UnitTests.Services.ThemeManagerTests.AutoSelectThemeAsync_WithPlatformService_ShouldUsePlatformOptimalTheme" computerName="BOSGAME-VELQ7" duration="00:00:00.0020324" startTime="2025-07-25T07:35:48.9706201-04:00" endTime="2025-07-25T07:35:48.9706202-04:00" testType="13cdc9d9-ddb5-4fa4-a97d-d965ccfc6d4b" outcome="Passed" testListId="8c84fa94-04c1-424b-9868-57a2d4851a1d" relativeResultsDirectory="f07f745c-251b-4696-b783-21bfddd0798a" />
    <UnitTestResult executionId="b5610a3f-ad10-495d-ab89-381389831f47" testId="fd5f0d43-5f83-476d-489c-c786369c636b" testName="JarvisAssistant.UnitTests.Services.MauiThemeManagerTests.SaveThemePreferenceAsync_ShouldNotThrow" computerName="BOSGAME-VELQ7" duration="00:00:00.0027094" startTime="2025-07-25T07:35:48.9782806-04:00" endTime="2025-07-25T07:35:48.9782808-04:00" testType="13cdc9d9-ddb5-4fa4-a97d-d965ccfc6d4b" outcome="Passed" testListId="8c84fa94-04c1-424b-9868-57a2d4851a1d" relativeResultsDirectory="b5610a3f-ad10-495d-ab89-381389831f47" />
    <UnitTestResult executionId="0bc12def-57fb-4ae1-865c-ce1ae74c93d8" testId="ffe08cb5-07a0-0f38-8030-cef3b2619841" testName="JarvisAssistant.UnitTests.Integration.VoiceConfigurationTests.ElevenLabsConfig_GetTextToSpeechUrl_ReturnsCorrectUrl" computerName="BOSGAME-VELQ7" duration="00:00:00.0002391" startTime="2025-07-25T07:35:48.8850615-04:00" endTime="2025-07-25T07:35:48.8850616-04:00" testType="13cdc9d9-ddb5-4fa4-a97d-d965ccfc6d4b" outcome="Passed" testListId="8c84fa94-04c1-424b-9868-57a2d4851a1d" relativeResultsDirectory="0bc12def-57fb-4ae1-865c-ce1ae74c93d8" />
    <UnitTestResult executionId="b0f03290-59ff-414a-a285-2020373d7fa7" testId="f37bbfcd-d968-1733-5278-1b497cbd65f9" testName="JarvisAssistant.UnitTests.Services.MauiThemeManagerTests.SwitchThemeAsync_AllThemes_ShouldSucceed(theme: Dark)" computerName="BOSGAME-VELQ7" duration="00:00:00.0005271" startTime="2025-07-25T07:35:48.9695051-04:00" endTime="2025-07-25T07:35:48.9695052-04:00" testType="13cdc9d9-ddb5-4fa4-a97d-d965ccfc6d4b" outcome="Passed" testListId="8c84fa94-04c1-424b-9868-57a2d4851a1d" relativeResultsDirectory="b0f03290-59ff-414a-a285-2020373d7fa7" />
    <UnitTestResult executionId="41b07949-6536-42d2-bcc9-e5cd5358ab34" testId="ef5dd8cf-06c7-d83c-d969-bedb02424e91" testName="JarvisAssistant.UnitTests.Services.OllamaLLMServiceTests.SendMessageAsync_WithEmptyMessage_ThrowsArgumentException" computerName="BOSGAME-VELQ7" duration="00:00:00.0010133" startTime="2025-07-25T07:35:49.0031254-04:00" endTime="2025-07-25T07:35:49.0031255-04:00" testType="13cdc9d9-ddb5-4fa4-a97d-d965ccfc6d4b" outcome="Passed" testListId="8c84fa94-04c1-424b-9868-57a2d4851a1d" relativeResultsDirectory="41b07949-6536-42d2-bcc9-e5cd5358ab34" />
    <UnitTestResult executionId="980476e8-5504-4c62-bb67-5b3453641342" testId="48bb260a-919e-2892-abe4-a31e498962be" testName="JarvisAssistant.UnitTests.Services.RateLimitServiceTests.CanMakeRequestAsync_WithEmptyApiKey_ReturnsFalse" computerName="BOSGAME-VELQ7" duration="00:00:00.0004747" startTime="2025-07-25T07:35:48.9756166-04:00" endTime="2025-07-25T07:35:48.9756166-04:00" testType="13cdc9d9-ddb5-4fa4-a97d-d965ccfc6d4b" outcome="Passed" testListId="8c84fa94-04c1-424b-9868-57a2d4851a1d" relativeResultsDirectory="980476e8-5504-4c62-bb67-5b3453641342" />
    <UnitTestResult executionId="f1a42a97-4803-4b7d-9919-a2aea59ac936" testId="66c6ee44-bb3f-f452-d7c4-66ffdbbf4e11" testName="JarvisAssistant.UnitTests.Voice.VoiceCommandProcessorTests.ClassifyCommandAsync_WithValidCommands_ClassifiesCorrectly(commandText: &quot;open settings&quot;, expectedType: Settings)" computerName="BOSGAME-VELQ7" duration="00:00:00.0001862" startTime="2025-07-25T07:35:48.9090609-04:00" endTime="2025-07-25T07:35:48.9090612-04:00" testType="13cdc9d9-ddb5-4fa4-a97d-d965ccfc6d4b" outcome="Passed" testListId="8c84fa94-04c1-424b-9868-57a2d4851a1d" relativeResultsDirectory="f1a42a97-4803-4b7d-9919-a2aea59ac936" />
    <UnitTestResult executionId="2ab3d877-0f97-45bf-bb9f-5602d7d74125" testId="04998237-5b3a-9c68-01ed-955fee4f63f3" testName="JarvisAssistant.UnitTests.Voice.VoiceCommandProcessorTests.ClearStatistics_ResetsAllStatistics" computerName="BOSGAME-VELQ7" duration="00:00:00.1060498" startTime="2025-07-25T07:35:49.4679701-04:00" endTime="2025-07-25T07:35:49.4679703-04:00" testType="13cdc9d9-ddb5-4fa4-a97d-d965ccfc6d4b" outcome="Passed" testListId="8c84fa94-04c1-424b-9868-57a2d4851a1d" relativeResultsDirectory="2ab3d877-0f97-45bf-bb9f-5602d7d74125" />
    <UnitTestResult executionId="47097441-768c-412a-a220-55b06d62a75b" testId="17ba3795-81c4-b232-dca6-b8d66ebc78d8" testName="JarvisAssistant.UnitTests.Voice.VoiceCommandModelTests.VoiceCommand_IsValid_WithInvalidData_ReturnsFalse(text: &quot;&quot;, confidence: 0.800000012, type: Status)" computerName="BOSGAME-VELQ7" duration="00:00:00.0000083" startTime="2025-07-25T07:35:48.8855375-04:00" endTime="2025-07-25T07:35:48.8855376-04:00" testType="13cdc9d9-ddb5-4fa4-a97d-d965ccfc6d4b" outcome="Passed" testListId="8c84fa94-04c1-424b-9868-57a2d4851a1d" relativeResultsDirectory="47097441-768c-412a-a220-55b06d62a75b" />
    <UnitTestResult executionId="15874270-4a31-4597-8108-52f29d64d5ee" testId="f1098a06-e68b-0e49-6abc-b6a7ac4b4344" testName="JarvisAssistant.UnitTests.Services.LLM.LLMErrorHandlerTests.ProcessException_HttpRequestException_Authentication_ReturnsCorrectErrorCode(exceptionMessage: &quot;401 authentication required&quot;, expectedErrorCode: &quot;LLM-HTTP-401-001&quot;)" computerName="BOSGAME-VELQ7" duration="00:00:00.0001496" startTime="2025-07-25T07:35:48.9114054-04:00" endTime="2025-07-25T07:35:48.9114056-04:00" testType="13cdc9d9-ddb5-4fa4-a97d-d965ccfc6d4b" outcome="Passed" testListId="8c84fa94-04c1-424b-9868-57a2d4851a1d" relativeResultsDirectory="15874270-4a31-4597-8108-52f29d64d5ee" />
    <UnitTestResult executionId="22364619-fdd4-4bad-8242-f4c6f60885c6" testId="56004fde-2d00-9c86-0f71-a3a3aeeefd4b" testName="JarvisAssistant.UnitTests.Services.OllamaLLMServiceTests.StreamResponseAsync_WithNullRequest_ThrowsArgumentNullException" computerName="BOSGAME-VELQ7" duration="00:00:00.0013643" startTime="2025-07-25T07:35:49.0174682-04:00" endTime="2025-07-25T07:35:49.0174684-04:00" testType="13cdc9d9-ddb5-4fa4-a97d-d965ccfc6d4b" outcome="Passed" testListId="8c84fa94-04c1-424b-9868-57a2d4851a1d" relativeResultsDirectory="22364619-fdd4-4bad-8242-f4c6f60885c6" />
    <UnitTestResult executionId="f27d4979-f234-456c-aaa3-a39b0f11caff" testId="3e996b0a-8606-3403-be5f-3d62dcee4c6c" testName="JarvisAssistant.UnitTests.Services.LLM.PersonalityServiceTests.FormatResponseAsync_AppliesVocabularyEnhancements(input: &quot;This is a bug.&quot;, expectedWord: &quot;irregularity&quot;)" computerName="BOSGAME-VELQ7" duration="00:00:00.0008849" startTime="2025-07-25T07:35:49.0275606-04:00" endTime="2025-07-25T07:35:49.0275606-04:00" testType="13cdc9d9-ddb5-4fa4-a97d-d965ccfc6d4b" outcome="Passed" testListId="8c84fa94-04c1-424b-9868-57a2d4851a1d" relativeResultsDirectory="f27d4979-f234-456c-aaa3-a39b0f11caff" />
    <UnitTestResult executionId="57893281-ec91-408c-985e-60a8a3cab26e" testId="26e491bc-dd99-5d76-ced0-5976ad688914" testName="JarvisAssistant.UnitTests.Integration.LLMServiceIntegrationTests.SendMessageAsync_WithDifferentQueryTypes_ReturnsAppropriateResponses(message: &quot;I'm getting a null reference exception&quot;, expectedQueryType: Error)" computerName="BOSGAME-VELQ7" duration="00:00:00.0951568" startTime="2025-07-25T07:35:49.8555359-04:00" endTime="2025-07-25T07:35:49.8555362-04:00" testType="13cdc9d9-ddb5-4fa4-a97d-d965ccfc6d4b" outcome="Passed" testListId="8c84fa94-04c1-424b-9868-57a2d4851a1d" relativeResultsDirectory="57893281-ec91-408c-985e-60a8a3cab26e" />
    <UnitTestResult executionId="1daf6249-d85e-4ffc-b0d2-5b0dd16fc180" testId="aa691caf-8557-90b3-8d8d-1ea8b4a57c19" testName="JarvisAssistant.UnitTests.Services.LLM.LLMServerFailureTests.GenerateAsync_HttpStatusCodeFailures_ReturnsSpecificErrorCodes(statusCode: Forbidden, errorDescription: &quot;Access forbidden&quot;)" computerName="BOSGAME-VELQ7" duration="00:00:00.0018260" startTime="2025-07-25T07:35:49.0250288-04:00" endTime="2025-07-25T07:35:49.0250288-04:00" testType="13cdc9d9-ddb5-4fa4-a97d-d965ccfc6d4b" outcome="Passed" testListId="8c84fa94-04c1-424b-9868-57a2d4851a1d" relativeResultsDirectory="1daf6249-d85e-4ffc-b0d2-5b0dd16fc180" />
    <UnitTestResult executionId="770b16af-173e-41d9-b030-8b21ffd7eb5a" testId="6a31d06d-8c72-33ff-27bd-9c4003c4be4a" testName="JarvisAssistant.UnitTests.Integration.ChatIntegrationTests.ErrorHandling_LLMServiceFailure_ShouldHandleGracefully" computerName="BOSGAME-VELQ7" duration="00:00:00.0015890" startTime="2025-07-25T07:35:48.8886150-04:00" endTime="2025-07-25T07:35:48.8886150-04:00" testType="13cdc9d9-ddb5-4fa4-a97d-d965ccfc6d4b" outcome="Passed" testListId="8c84fa94-04c1-424b-9868-57a2d4851a1d" relativeResultsDirectory="770b16af-173e-41d9-b030-8b21ffd7eb5a" />
    <UnitTestResult executionId="3c307240-62ce-4dd2-8d63-5b5f1b37b195" testId="0de9ab8b-1eb6-def3-e0c8-04fb9800cb03" testName="JarvisAssistant.UnitTests.Integration.ElevenLabsVoiceIntegrationTests.GetElevenLabsStatistics_ReturnsValidData" computerName="BOSGAME-VELQ7" duration="00:00:00.5665327" startTime="2025-07-25T07:35:49.3990081-04:00" endTime="2025-07-25T07:35:49.3990087-04:00" testType="13cdc9d9-ddb5-4fa4-a97d-d965ccfc6d4b" outcome="Passed" testListId="8c84fa94-04c1-424b-9868-57a2d4851a1d" relativeResultsDirectory="3c307240-62ce-4dd2-8d63-5b5f1b37b195" />
    <UnitTestResult executionId="55b07d00-d71b-4bd4-9278-333a2a68942b" testId="d9c6c9dc-5c70-ca4d-cee7-7ab30f3d4dda" testName="JarvisAssistant.UnitTests.Services.OllamaLLMServiceTests.SendMessageAsync_DetectsCorrectQueryType(message: &quot;explain the architecture&quot;, expectedQueryType: Technical)" computerName="BOSGAME-VELQ7" duration="00:00:00.0007731" startTime="2025-07-25T07:35:48.9742683-04:00" endTime="2025-07-25T07:35:48.9742684-04:00" testType="13cdc9d9-ddb5-4fa4-a97d-d965ccfc6d4b" outcome="Passed" testListId="8c84fa94-04c1-424b-9868-57a2d4851a1d" relativeResultsDirectory="55b07d00-d71b-4bd4-9278-333a2a68942b" />
    <UnitTestResult executionId="7ce96ea0-3f9b-4a8b-882b-d7390a1ec59e" testId="cd018d22-1849-178f-9ef9-a48330dcf45d" testName="JarvisAssistant.UnitTests.Voice.VoiceCommandModelTests.VoiceCommandSource_AllValues_AreValid(source: RemoteControl)" computerName="BOSGAME-VELQ7" duration="00:00:00.0001360" startTime="2025-07-25T07:35:48.8859751-04:00" endTime="2025-07-25T07:35:48.8859751-04:00" testType="13cdc9d9-ddb5-4fa4-a97d-d965ccfc6d4b" outcome="Passed" testListId="8c84fa94-04c1-424b-9868-57a2d4851a1d" relativeResultsDirectory="7ce96ea0-3f9b-4a8b-882b-d7390a1ec59e" />
    <UnitTestResult executionId="bc6b85de-65b6-4fd9-a4e7-4a0c0daa0482" testId="efc1315a-7cc9-6b22-649e-3647ab6d3444" testName="JarvisAssistant.UnitTests.Services.MauiThemeManagerTests.SwitchThemeAsync_ExceptionDuringSwitch_ShouldRevertTheme" computerName="BOSGAME-VELQ7" duration="00:00:00.1216109" startTime="2025-07-25T07:35:48.9544678-04:00" endTime="2025-07-25T07:35:48.9544680-04:00" testType="13cdc9d9-ddb5-4fa4-a97d-d965ccfc6d4b" outcome="Passed" testListId="8c84fa94-04c1-424b-9868-57a2d4851a1d" relativeResultsDirectory="bc6b85de-65b6-4fd9-a4e7-4a0c0daa0482" />
    <UnitTestResult executionId="8cd89986-1120-4753-81b8-ff8393d0a13f" testId="1a840d32-5876-ebdf-38da-a9181c070e76" testName="JarvisAssistant.UnitTests.UI.MAUIUIIntegrationTests.UserJourney_StartConversation_ShouldWorkWithStatusPanel" computerName="BOSGAME-VELQ7" duration="00:00:00.0007100" startTime="2025-07-25T07:35:48.8916035-04:00" endTime="2025-07-25T07:35:48.8916036-04:00" testType="13cdc9d9-ddb5-4fa4-a97d-d965ccfc6d4b" outcome="Passed" testListId="8c84fa94-04c1-424b-9868-57a2d4851a1d" relativeResultsDirectory="8cd89986-1120-4753-81b8-ff8393d0a13f" />
    <UnitTestResult executionId="b26634bf-6db5-4734-8570-cb32c26b5147" testId="58ccc3e6-402b-1670-ca45-2965a1302b07" testName="JarvisAssistant.UnitTests.Services.PlatformServiceTests.IsGoogleTV_ShouldReturnTrueOnlyForAndroidTV(platform: AndroidTV, expected: True)" computerName="BOSGAME-VELQ7" duration="00:00:00.0000620" startTime="2025-07-25T07:35:48.9352389-04:00" endTime="2025-07-25T07:35:48.9352392-04:00" testType="13cdc9d9-ddb5-4fa4-a97d-d965ccfc6d4b" outcome="Passed" testListId="8c84fa94-04c1-424b-9868-57a2d4851a1d" relativeResultsDirectory="b26634bf-6db5-4734-8570-cb32c26b5147" />
    <UnitTestResult executionId="c53efb6d-79ac-4a9f-9e0b-fcda4d523af1" testId="18802964-52c6-bc70-a001-71c01993acbd" testName="JarvisAssistant.UnitTests.Voice.VoiceModeManagerTests.ToggleVoiceModeAsync_WhenCanToggle_TogglesState" computerName="BOSGAME-VELQ7" duration="00:00:00.1106741" startTime="2025-07-25T07:35:49.2998439-04:00" endTime="2025-07-25T07:35:49.2998440-04:00" testType="13cdc9d9-ddb5-4fa4-a97d-d965ccfc6d4b" outcome="Passed" testListId="8c84fa94-04c1-424b-9868-57a2d4851a1d" relativeResultsDirectory="c53efb6d-79ac-4a9f-9e0b-fcda4d523af1" />
    <UnitTestResult executionId="53dc9934-6c51-4a4c-b8ef-dee70989e0ac" testId="4d1e1ba4-5775-18b8-7cff-628becce1250" testName="JarvisAssistant.UnitTests.Services.ElevenLabsVoiceServiceTests.GenerateSpeechAsync_AdjustsVoiceSettingsBasedOnContent(text: &quot;Regular message&quot;, expectedEmotion: &quot;default&quot;)" computerName="BOSGAME-VELQ7" duration="00:00:00.1972723" startTime="2025-07-25T07:35:49.0297850-04:00" endTime="2025-07-25T07:35:49.0297851-04:00" testType="13cdc9d9-ddb5-4fa4-a97d-d965ccfc6d4b" outcome="Passed" testListId="8c84fa94-04c1-424b-9868-57a2d4851a1d" relativeResultsDirectory="53dc9934-6c51-4a4c-b8ef-dee70989e0ac" />
    <UnitTestResult executionId="fa975fb1-5b7b-4222-930c-6f0f941da20c" testId="69c5b4ab-bdba-6da2-e4f9-2adf9f6fa9f4" testName="JarvisAssistant.UnitTests.Integration.ChatIntegrationTests.VoiceService_GenerateSpeech_ShouldReturnAudioData" computerName="BOSGAME-VELQ7" duration="00:00:00.0005485" startTime="2025-07-25T07:35:48.8894079-04:00" endTime="2025-07-25T07:35:48.8894080-04:00" testType="13cdc9d9-ddb5-4fa4-a97d-d965ccfc6d4b" outcome="Passed" testListId="8c84fa94-04c1-424b-9868-57a2d4851a1d" relativeResultsDirectory="fa975fb1-5b7b-4222-930c-6f0f941da20c" />
    <UnitTestResult executionId="96f6a12f-e553-489a-8408-ed51981ad043" testId="f7c548f1-8b8c-7e41-cbbc-f783abc0c2c2" testName="JarvisAssistant.UnitTests.Services.OllamaLLMServiceTests.SendMessageAsync_DetectsCorrectQueryType(message: &quot;how to fix this error&quot;, expectedQueryType: Error)" computerName="BOSGAME-VELQ7" duration="00:00:00.0016536" startTime="2025-07-25T07:35:48.9725813-04:00" endTime="2025-07-25T07:35:48.9725813-04:00" testType="13cdc9d9-ddb5-4fa4-a97d-d965ccfc6d4b" outcome="Passed" testListId="8c84fa94-04c1-424b-9868-57a2d4851a1d" relativeResultsDirectory="96f6a12f-e553-489a-8408-ed51981ad043" />
    <UnitTestResult executionId="5c25cb82-7469-4117-a19e-940733ba98bb" testId="23212ede-e759-3b9b-2316-368fcc20e1c1" testName="JarvisAssistant.UnitTests.Voice.VoiceCommandProcessorTests.SupportedCommands_ContainsAllDefaultCommands(commandType: Exit)" computerName="BOSGAME-VELQ7" duration="00:00:00.0000343" startTime="2025-07-25T07:35:48.9211265-04:00" endTime="2025-07-25T07:35:48.9211266-04:00" testType="13cdc9d9-ddb5-4fa4-a97d-d965ccfc6d4b" outcome="Passed" testListId="8c84fa94-04c1-424b-9868-57a2d4851a1d" relativeResultsDirectory="5c25cb82-7469-4117-a19e-940733ba98bb" />
    <UnitTestResult executionId="305eb43d-e7be-48d3-bcae-0d84233585d6" testId="b87b7633-5599-9e58-c0ce-cfc96d02d5ae" testName="JarvisAssistant.UnitTests.Services.LLM.LLMErrorHandlerTests.LLMErrorMessages_GetErrorMessage_ReturnsNonEmptyMessage(errorCode: &quot;LLM-CONN-001&quot;)" computerName="BOSGAME-VELQ7" duration="00:00:00.0000423" startTime="2025-07-25T07:35:48.9038239-04:00" endTime="2025-07-25T07:35:48.9038240-04:00" testType="13cdc9d9-ddb5-4fa4-a97d-d965ccfc6d4b" outcome="Passed" testListId="8c84fa94-04c1-424b-9868-57a2d4851a1d" relativeResultsDirectory="305eb43d-e7be-48d3-bcae-0d84233585d6" />
    <UnitTestResult executionId="0e836fbe-f052-4302-bbde-a52a1911dad6" testId="208f0805-bb28-4566-dcdd-e71d8f8b1bdd" testName="JarvisAssistant.UnitTests.Voice.VoiceCommandProcessorTests.GetProcessingStatistics_ReturnsValidStatistics" computerName="BOSGAME-VELQ7" duration="00:00:00.0008009" startTime="2025-07-25T07:35:49.1463757-04:00" endTime="2025-07-25T07:35:49.1463759-04:00" testType="13cdc9d9-ddb5-4fa4-a97d-d965ccfc6d4b" outcome="Passed" testListId="8c84fa94-04c1-424b-9868-57a2d4851a1d" relativeResultsDirectory="0e836fbe-f052-4302-bbde-a52a1911dad6" />
    <UnitTestResult executionId="39ee0353-c83a-476d-a33a-e3aaddad8cf4" testId="0a2f46a6-5290-5be2-3c29-c2ac47400bf8" testName="JarvisAssistant.UnitTests.Services.PlatformServiceInterfaceTests.AppTheme_EnumValues_ShouldContainPlatformSpecificThemes" computerName="BOSGAME-VELQ7" duration="00:00:00.0046415" startTime="2025-07-25T07:35:48.8846669-04:00" endTime="2025-07-25T07:35:48.8846670-04:00" testType="13cdc9d9-ddb5-4fa4-a97d-d965ccfc6d4b" outcome="Passed" testListId="8c84fa94-04c1-424b-9868-57a2d4851a1d" relativeResultsDirectory="39ee0353-c83a-476d-a33a-e3aaddad8cf4" />
    <UnitTestResult executionId="072171ea-c82d-4372-b302-58bd05a20102" testId="8d2adbd2-8a41-29a6-2575-d6482a90a1f8" testName="JarvisAssistant.UnitTests.Services.LLM.LLMServerFailureTests.GetAvailableModelsAsync_ConnectionError_ReturnsEmptyList" computerName="BOSGAME-VELQ7" duration="00:00:00.0021235" startTime="2025-07-25T07:35:49.0411866-04:00" endTime="2025-07-25T07:35:49.0411867-04:00" testType="13cdc9d9-ddb5-4fa4-a97d-d965ccfc6d4b" outcome="Passed" testListId="8c84fa94-04c1-424b-9868-57a2d4851a1d" relativeResultsDirectory="072171ea-c82d-4372-b302-58bd05a20102" />
    <UnitTestResult executionId="12bf50d3-c0bf-47f0-9ebe-129565cc590e" testId="26e915cf-9374-a6f3-e90f-2d7e1e2b38a0" testName="JarvisAssistant.UnitTests.Services.OllamaLLMServiceTests.SendMessageAsync_WithEmptyOllamaResponse_UsesDefaultErrorMessage" computerName="BOSGAME-VELQ7" duration="00:00:00.0247068" startTime="2025-07-25T07:35:49.0020937-04:00" endTime="2025-07-25T07:35:49.0020939-04:00" testType="13cdc9d9-ddb5-4fa4-a97d-d965ccfc6d4b" outcome="Passed" testListId="8c84fa94-04c1-424b-9868-57a2d4851a1d" relativeResultsDirectory="12bf50d3-c0bf-47f0-9ebe-129565cc590e" />
    <UnitTestResult executionId="5d0fd9e3-2816-446f-a3a9-e1b68ceb6503" testId="0fb50777-482f-e1ba-ee73-c8244b560f4e" testName="JarvisAssistant.UnitTests.Services.OllamaLLMServiceTests.StreamResponseAsync_WithValidRequest_YieldsResponseChunks" computerName="BOSGAME-VELQ7" duration="00:00:00.0039403" startTime="2025-07-25T07:35:49.0215181-04:00" endTime="2025-07-25T07:35:49.0215183-04:00" testType="13cdc9d9-ddb5-4fa4-a97d-d965ccfc6d4b" outcome="Passed" testListId="8c84fa94-04c1-424b-9868-57a2d4851a1d" relativeResultsDirectory="5d0fd9e3-2816-446f-a3a9-e1b68ceb6503" />
    <UnitTestResult executionId="f6339ebb-76a0-4a89-9893-df08937823ee" testId="e65600da-a66e-2ad6-ce44-547ba0f25bde" testName="JarvisAssistant.UnitTests.Services.ServiceHealthCheckerTests.CheckServiceHealthAsync_WithDifferentResponseTimes_ReturnsExpectedState(delayMs: 50, expectedState: Online)" computerName="BOSGAME-VELQ7" duration="00:00:00.0633407" startTime="2025-07-25T07:35:49.0062822-04:00" endTime="2025-07-25T07:35:49.0062823-04:00" testType="13cdc9d9-ddb5-4fa4-a97d-d965ccfc6d4b" outcome="Passed" testListId="8c84fa94-04c1-424b-9868-57a2d4851a1d" relativeResultsDirectory="f6339ebb-76a0-4a89-9893-df08937823ee" />
    <UnitTestResult executionId="cb2b45f5-42f0-48e8-a223-3a47bf346766" testId="52796568-a3c5-3e9b-cf7b-800d092e5488" testName="JarvisAssistant.UnitTests.Services.PlatformServiceTests.SupportsVoiceInput_ShouldReturnTrueForModernPlatforms(platform: iOS, expected: True)" computerName="BOSGAME-VELQ7" duration="00:00:00.0003976" startTime="2025-07-25T07:35:48.9284595-04:00" endTime="2025-07-25T07:35:48.9284596-04:00" testType="13cdc9d9-ddb5-4fa4-a97d-d965ccfc6d4b" outcome="Passed" testListId="8c84fa94-04c1-424b-9868-57a2d4851a1d" relativeResultsDirectory="cb2b45f5-42f0-48e8-a223-3a47bf346766" />
    <UnitTestResult executionId="c2c7ca4e-87fe-40e4-9d5e-c61223166369" testId="bbf561be-cf71-d172-ed94-be3ba0e284cd" testName="JarvisAssistant.UnitTests.Services.PlatformServiceTests.AndroidPlatformThemeMapping_ShouldHandleAllAndroidVariants(platform: Android, isGoogleTV: True, expectedTheme: TV)" computerName="BOSGAME-VELQ7" duration="00:00:00.0024016" startTime="2025-07-25T07:35:48.9247251-04:00" endTime="2025-07-25T07:35:48.9247252-04:00" testType="13cdc9d9-ddb5-4fa4-a97d-d965ccfc6d4b" outcome="Passed" testListId="8c84fa94-04c1-424b-9868-57a2d4851a1d" relativeResultsDirectory="c2c7ca4e-87fe-40e4-9d5e-c61223166369" />
    <UnitTestResult executionId="ca3f4e96-4949-4ddd-9e12-c57b7d7b3266" testId="a69fc0a3-572f-f549-48e0-40144a3af09e" testName="JarvisAssistant.UnitTests.Voice.VoiceModeManagerTests.ActivationMode_BasedOnPlatform_ConfiguredCorrectly(platform: iOS, expectedMode: Toggle)" computerName="BOSGAME-VELQ7" duration="00:00:00.0007242" startTime="2025-07-25T07:35:49.1826413-04:00" endTime="2025-07-25T07:35:49.1826431-04:00" testType="13cdc9d9-ddb5-4fa4-a97d-d965ccfc6d4b" outcome="Passed" testListId="8c84fa94-04c1-424b-9868-57a2d4851a1d" relativeResultsDirectory="ca3f4e96-4949-4ddd-9e12-c57b7d7b3266" />
    <UnitTestResult executionId="167ce1ec-1fd5-4b4f-b72f-9df1ad34e65e" testId="cff2b6c3-98c0-2dee-73f1-53de66568731" testName="JarvisAssistant.UnitTests.Voice.VoiceCommandProcessorTests.Constructor_WithNullLogger_ThrowsArgumentNullException" computerName="BOSGAME-VELQ7" duration="00:00:00.0003440" startTime="2025-07-25T07:35:49.2532240-04:00" endTime="2025-07-25T07:35:49.2532242-04:00" testType="13cdc9d9-ddb5-4fa4-a97d-d965ccfc6d4b" outcome="Passed" testListId="8c84fa94-04c1-424b-9868-57a2d4851a1d" relativeResultsDirectory="167ce1ec-1fd5-4b4f-b72f-9df1ad34e65e" />
    <UnitTestResult executionId="177d92ef-386a-424f-b64c-ff992f087e9f" testId="e27d204b-9536-13ab-de08-d6698ddb54e7" testName="JarvisAssistant.UnitTests.Services.LLM.LLMErrorHandlerTests.ProcessException_SocketException_HostNotFound_HasCorrectSuggestion" computerName="BOSGAME-VELQ7" duration="00:00:00.0002360" startTime="2025-07-25T07:35:48.9364071-04:00" endTime="2025-07-25T07:35:48.9364071-04:00" testType="13cdc9d9-ddb5-4fa4-a97d-d965ccfc6d4b" outcome="Passed" testListId="8c84fa94-04c1-424b-9868-57a2d4851a1d" relativeResultsDirectory="177d92ef-386a-424f-b64c-ff992f087e9f" />
    <UnitTestResult executionId="a4e59822-84bd-43ba-bece-35b6f9cd47c5" testId="92699f6e-a7f8-aef0-0187-52f7b25a3a3d" testName="JarvisAssistant.UnitTests.UI.UITestingRecommendations.RecommendedUITestingStack" computerName="BOSGAME-VELQ7" duration="00:00:00.0003333" startTime="2025-07-25T07:35:48.8851322-04:00" endTime="2025-07-25T07:35:48.8851322-04:00" testType="13cdc9d9-ddb5-4fa4-a97d-d965ccfc6d4b" outcome="Passed" testListId="8c84fa94-04c1-424b-9868-57a2d4851a1d" relativeResultsDirectory="a4e59822-84bd-43ba-bece-35b6f9cd47c5" />
    <UnitTestResult executionId="3c5410f8-a7e8-495b-b81c-6ddd5a920320" testId="e7062c90-5f8c-a4c3-e315-0e6a7671bda1" testName="JarvisAssistant.UnitTests.UI.MAUIStatusPanelUITests.StatusPanel_PlatformInput_ShouldWork(platform: &quot;Android&quot;, inputMethod: &quot;Touch&quot;)" computerName="BOSGAME-VELQ7" duration="00:00:00.0106641" startTime="2025-07-25T07:35:48.9706504-04:00" endTime="2025-07-25T07:35:48.9706505-04:00" testType="13cdc9d9-ddb5-4fa4-a97d-d965ccfc6d4b" outcome="Passed" testListId="8c84fa94-04c1-424b-9868-57a2d4851a1d" relativeResultsDirectory="3c5410f8-a7e8-495b-b81c-6ddd5a920320" />
    <UnitTestResult executionId="e846d297-3668-4ae0-a20f-85f919af7498" testId="6b30174d-f860-616f-ed29-710139b2abb6" testName="JarvisAssistant.UnitTests.Voice.GoogleTVVoiceHandlerTests.Dispose_MultipleCalls_DoesNotThrow" computerName="BOSGAME-VELQ7" duration="00:00:00.0002038" startTime="2025-07-25T07:35:48.9762231-04:00" endTime="2025-07-25T07:35:48.9762234-04:00" testType="13cdc9d9-ddb5-4fa4-a97d-d965ccfc6d4b" outcome="Passed" testListId="8c84fa94-04c1-424b-9868-57a2d4851a1d" relativeResultsDirectory="e846d297-3668-4ae0-a20f-85f919af7498" />
    <UnitTestResult executionId="5b07a529-d758-42c3-9767-cefdb74009da" testId="b00998bc-eae6-62fb-eb24-d1298b70372d" testName="JarvisAssistant.UnitTests.UI.MAUIMainPageUITests.Buttons_ShouldRespondToPlatformSpecificInput(platform: &quot;WinUI&quot;, inputMethod: &quot;Mouse&quot;)" computerName="BOSGAME-VELQ7" duration="00:00:00.0011917" startTime="2025-07-25T07:35:48.9310847-04:00" endTime="2025-07-25T07:35:48.9310848-04:00" testType="13cdc9d9-ddb5-4fa4-a97d-d965ccfc6d4b" outcome="Passed" testListId="8c84fa94-04c1-424b-9868-57a2d4851a1d" relativeResultsDirectory="5b07a529-d758-42c3-9767-cefdb74009da" />
    <UnitTestResult executionId="c693a6ac-70c0-4769-b0ba-f1a7f374c600" testId="9412506f-8f81-de7a-9a39-96c7c6a82e5a" testName="JarvisAssistant.UnitTests.UI.StatusPanelFunctionalityTests.SimulateSwipeDown_ShouldToggleExpansion" computerName="BOSGAME-VELQ7" duration="00:00:00.0002512" startTime="2025-07-25T07:35:48.8897430-04:00" endTime="2025-07-25T07:35:48.8897431-04:00" testType="13cdc9d9-ddb5-4fa4-a97d-d965ccfc6d4b" outcome="Passed" testListId="8c84fa94-04c1-424b-9868-57a2d4851a1d" relativeResultsDirectory="c693a6ac-70c0-4769-b0ba-f1a7f374c600" />
    <UnitTestResult executionId="95152f11-c342-4e0e-b4f7-e3bb3043d1ef" testId="3acdd1a0-800c-7313-b9e6-8145d43a2a34" testName="JarvisAssistant.UnitTests.UI.MAUIStatusPanelUITests.StatusPanel_REGRESSION_ShouldNotBlockMainPageButtons" computerName="BOSGAME-VELQ7" duration="00:00:00.0445742" startTime="2025-07-25T07:35:49.1141902-04:00" endTime="2025-07-25T07:35:49.1141905-04:00" testType="13cdc9d9-ddb5-4fa4-a97d-d965ccfc6d4b" outcome="Passed" testListId="8c84fa94-04c1-424b-9868-57a2d4851a1d" relativeResultsDirectory="95152f11-c342-4e0e-b4f7-e3bb3043d1ef" />
    <UnitTestResult executionId="f3b20f2a-784f-49c2-a6fd-3b20a415f841" testId="74441244-34af-4828-c488-b95893ab50a7" testName="JarvisAssistant.UnitTests.UI.UITestingBenefitsDocumentation.DocumentWhatUITestsWouldHaveCaught" computerName="BOSGAME-VELQ7" duration="00:00:00.0050403" startTime="2025-07-25T07:35:48.8634458-04:00" endTime="2025-07-25T07:35:48.8634459-04:00" testType="13cdc9d9-ddb5-4fa4-a97d-d965ccfc6d4b" outcome="Passed" testListId="8c84fa94-04c1-424b-9868-57a2d4851a1d" relativeResultsDirectory="f3b20f2a-784f-49c2-a6fd-3b20a415f841" />
    <UnitTestResult executionId="6b023cd5-d9ae-45fb-862b-f1470b806aef" testId="965659b7-5d12-4977-2b36-cd65b97530f7" testName="JarvisAssistant.UnitTests.Voice.VoiceModeManagerTests.ActivationMode_BasedOnPlatform_ConfiguredCorrectly(platform: Windows, expectedMode: Toggle)" computerName="BOSGAME-VELQ7" duration="00:00:00.0001890" startTime="2025-07-25T07:35:49.1829372-04:00" endTime="2025-07-25T07:35:49.1829373-04:00" testType="13cdc9d9-ddb5-4fa4-a97d-d965ccfc6d4b" outcome="Passed" testListId="8c84fa94-04c1-424b-9868-57a2d4851a1d" relativeResultsDirectory="6b023cd5-d9ae-45fb-862b-f1470b806aef" />
    <UnitTestResult executionId="7dac2451-11fa-4de3-bdbc-0bf801825943" testId="45c8ee3a-e583-fd18-8a0a-349f421e0f9c" testName="JarvisAssistant.UnitTests.Services.LLM.LLMServerFailureTests.StreamGenerateAsync_StreamTimeout_ReturnsTimeoutError" computerName="BOSGAME-VELQ7" duration="00:00:00.0017156" startTime="2025-07-25T07:35:49.0471423-04:00" endTime="2025-07-25T07:35:49.0471424-04:00" testType="13cdc9d9-ddb5-4fa4-a97d-d965ccfc6d4b" outcome="Passed" testListId="8c84fa94-04c1-424b-9868-57a2d4851a1d" relativeResultsDirectory="7dac2451-11fa-4de3-bdbc-0bf801825943" />
    <UnitTestResult executionId="810f0753-a087-4acf-876f-f0ab565aeec4" testId="dc19c1ff-047d-986e-4246-08f6dca350f5" testName="JarvisAssistant.UnitTests.Services.ServiceHealthCheckerTests.GetRegisteredServices_ReturnsAllRegisteredServices" computerName="BOSGAME-VELQ7" duration="00:00:00.0002695" startTime="2025-07-25T07:35:49.7748673-04:00" endTime="2025-07-25T07:35:49.7748673-04:00" testType="13cdc9d9-ddb5-4fa4-a97d-d965ccfc6d4b" outcome="Passed" testListId="8c84fa94-04c1-424b-9868-57a2d4851a1d" relativeResultsDirectory="810f0753-a087-4acf-876f-f0ab565aeec4" />
    <UnitTestResult executionId="c3f30da2-7ff2-4683-86a0-d370863ebb54" testId="eb48905c-20a6-7956-9e27-87b4ef5ab9bc" testName="JarvisAssistant.UnitTests.Services.ThemeManagerTests.LoadThemeResourcesAsync_AnyTheme_ShouldCompleteSuccessfully(theme: TV)" computerName="BOSGAME-VELQ7" duration="00:00:00.0021926" startTime="2025-07-25T07:35:48.9566661-04:00" endTime="2025-07-25T07:35:48.9566662-04:00" testType="13cdc9d9-ddb5-4fa4-a97d-d965ccfc6d4b" outcome="Passed" testListId="8c84fa94-04c1-424b-9868-57a2d4851a1d" relativeResultsDirectory="c3f30da2-7ff2-4683-86a0-d370863ebb54" />
    <UnitTestResult executionId="532510ba-f49f-4e7d-8076-015affde992a" testId="75b1045e-49e8-fe86-b5a8-628c6ca5740f" testName="JarvisAssistant.UnitTests.Core.Converters.ConverterLogicTests.StringToBool_ShouldReturnCorrectBooleanValues(input: &quot;&quot;, expected: False)" computerName="BOSGAME-VELQ7" duration="00:00:00.0000102" startTime="2025-07-25T07:35:48.8901856-04:00" endTime="2025-07-25T07:35:48.8901856-04:00" testType="13cdc9d9-ddb5-4fa4-a97d-d965ccfc6d4b" outcome="Passed" testListId="8c84fa94-04c1-424b-9868-57a2d4851a1d" relativeResultsDirectory="532510ba-f49f-4e7d-8076-015affde992a" />
    <UnitTestResult executionId="6d012c6f-ffca-412f-b141-945b791f21f8" testId="c4e45d49-4a30-3690-6669-a018313a764b" testName="JarvisAssistant.UnitTests.Core.Converters.ConverterLogicTests.StringToBool_ShouldReturnCorrectBooleanValues(input: &quot;   &quot;, expected: False)" computerName="BOSGAME-VELQ7" duration="00:00:00.0001731" startTime="2025-07-25T07:35:48.8901141-04:00" endTime="2025-07-25T07:35:48.8901141-04:00" testType="13cdc9d9-ddb5-4fa4-a97d-d965ccfc6d4b" outcome="Passed" testListId="8c84fa94-04c1-424b-9868-57a2d4851a1d" relativeResultsDirectory="6d012c6f-ffca-412f-b141-945b791f21f8" />
    <UnitTestResult executionId="b7d29bd3-92cf-4ec8-9710-e9ffef6a2cbe" testId="08659b29-e8ef-4dbe-5c49-1f4267200dd9" testName="JarvisAssistant.UnitTests.Integration.LLMServiceIntegrationTests.StreamResponseAsync_CancellationToken_CancelsGracefully" computerName="BOSGAME-VELQ7" duration="00:00:00.0982376" startTime="2025-07-25T07:35:49.9685405-04:00" endTime="2025-07-25T07:35:49.9685408-04:00" testType="13cdc9d9-ddb5-4fa4-a97d-d965ccfc6d4b" outcome="Passed" testListId="8c84fa94-04c1-424b-9868-57a2d4851a1d" relativeResultsDirectory="b7d29bd3-92cf-4ec8-9710-e9ffef6a2cbe" />
    <UnitTestResult executionId="8e078b44-7fed-44b1-bdea-cdfc10a9454e" testId="c340a25b-4af7-805a-8e66-0d5f67f4ccdc" testName="JarvisAssistant.UnitTests.Voice.VoiceCommandModelTests.VoiceCommandResult_CanSetProperties" computerName="BOSGAME-VELQ7" duration="00:00:00.0096992" startTime="2025-07-25T07:35:48.8650703-04:00" endTime="2025-07-25T07:35:48.8650703-04:00" testType="13cdc9d9-ddb5-4fa4-a97d-d965ccfc6d4b" outcome="Passed" testListId="8c84fa94-04c1-424b-9868-57a2d4851a1d" relativeResultsDirectory="8e078b44-7fed-44b1-bdea-cdfc10a9454e" />
    <UnitTestResult executionId="b5f67672-bfe3-462f-abf6-4bff101c5c94" testId="38760e01-7b16-b5be-d365-35b600eed873" testName="JarvisAssistant.UnitTests.Services.LLM.OllamaClientTests.GetAvailableModelsAsync_WithError_ReturnsEmptyList" computerName="BOSGAME-VELQ7" duration="00:00:00.0016225" startTime="2025-07-25T07:35:49.0475810-04:00" endTime="2025-07-25T07:35:49.0475812-04:00" testType="13cdc9d9-ddb5-4fa4-a97d-d965ccfc6d4b" outcome="Passed" testListId="8c84fa94-04c1-424b-9868-57a2d4851a1d" relativeResultsDirectory="b5f67672-bfe3-462f-abf6-4bff101c5c94" />
    <UnitTestResult executionId="45272052-e9f5-41d0-841e-63ad85ceac81" testId="008f9eea-4491-f1c4-00ed-97dc99768bcf" testName="JarvisAssistant.UnitTests.Services.AudioCacheServiceTests.GetCachedAudioAsync_AfterDispose_ReturnsNull" computerName="BOSGAME-VELQ7" duration="00:00:00.0007313" startTime="2025-07-25T07:35:48.9749452-04:00" endTime="2025-07-25T07:35:48.9749452-04:00" testType="13cdc9d9-ddb5-4fa4-a97d-d965ccfc6d4b" outcome="Passed" testListId="8c84fa94-04c1-424b-9868-57a2d4851a1d" relativeResultsDirectory="45272052-e9f5-41d0-841e-63ad85ceac81" />
    <UnitTestResult executionId="90e20103-5cad-4b06-a61a-28b6c74e4769" testId="afd66f2f-770e-915b-666e-fdb88c55e5db" testName="JarvisAssistant.UnitTests.Services.ThemeManagerTests.CurrentTheme_Initially_ShouldBeSystem" computerName="BOSGAME-VELQ7" duration="00:00:00.0098690" startTime="2025-07-25T07:35:48.9535007-04:00" endTime="2025-07-25T07:35:48.9535008-04:00" testType="13cdc9d9-ddb5-4fa4-a97d-d965ccfc6d4b" outcome="Passed" testListId="8c84fa94-04c1-424b-9868-57a2d4851a1d" relativeResultsDirectory="90e20103-5cad-4b06-a61a-28b6c74e4769" />
    <UnitTestResult executionId="2e0bedc9-8607-4275-9c01-737d334d2cca" testId="61222723-6335-0d59-bdc0-7baf8402f924" testName="JarvisAssistant.UnitTests.Integration.LLMServiceIntegrationTests.SendMessageAsync_WithDifferentQueryTypes_ReturnsAppropriateResponses(message: &quot;Write a function to sort an array&quot;, expectedQueryType: Code)" computerName="BOSGAME-VELQ7" duration="00:00:00.0995740" startTime="2025-07-25T07:35:49.7602411-04:00" endTime="2025-07-25T07:35:49.7602413-04:00" testType="13cdc9d9-ddb5-4fa4-a97d-d965ccfc6d4b" outcome="Passed" testListId="8c84fa94-04c1-424b-9868-57a2d4851a1d" relativeResultsDirectory="2e0bedc9-8607-4275-9c01-737d334d2cca" />
    <UnitTestResult executionId="a82a34ad-8cfc-477a-bd2c-26453cd73b4c" testId="a3b57371-d6d0-8a3c-93d1-8b9ea8af5303" testName="JarvisAssistant.UnitTests.Services.ThemeManagerTests.AvailableThemes_WithoutPlatformService_ShouldContainBasicThemes" computerName="BOSGAME-VELQ7" duration="00:00:00.0002754" startTime="2025-07-25T07:35:48.9725067-04:00" endTime="2025-07-25T07:35:48.9725067-04:00" testType="13cdc9d9-ddb5-4fa4-a97d-d965ccfc6d4b" outcome="Passed" testListId="8c84fa94-04c1-424b-9868-57a2d4851a1d" relativeResultsDirectory="a82a34ad-8cfc-477a-bd2c-26453cd73b4c" />
    <UnitTestResult executionId="0320852d-5213-47a9-830c-d460fd94f1a9" testId="384bdbc9-c3fe-7f3a-aeae-4fe98a582e3d" testName="JarvisAssistant.UnitTests.UI.ConceptualMainPageUITests.ButtonInput_ShouldWorkAcrossAllInputMethods(inputMethod: &quot;Touch&quot;)" computerName="BOSGAME-VELQ7" duration="00:00:00.0000020" startTime="2025-07-25T07:35:48.8944695-04:00" endTime="2025-07-25T07:35:48.8944696-04:00" testType="13cdc9d9-ddb5-4fa4-a97d-d965ccfc6d4b" outcome="Passed" testListId="8c84fa94-04c1-424b-9868-57a2d4851a1d" relativeResultsDirectory="0320852d-5213-47a9-830c-d460fd94f1a9" />
    <UnitTestResult executionId="ff379573-a21f-417a-a5b7-f7e4f999e239" testId="3f192336-7597-bcf7-16dd-d1947b1e2c5b" testName="JarvisAssistant.UnitTests.Services.LLM.LLMServerFailureTests.GenerateAsync_MalformedResponse_ThrowsJsonException" computerName="BOSGAME-VELQ7" duration="00:00:00.0012862" startTime="2025-07-25T07:35:49.0789572-04:00" endTime="2025-07-25T07:35:49.0789575-04:00" testType="13cdc9d9-ddb5-4fa4-a97d-d965ccfc6d4b" outcome="Passed" testListId="8c84fa94-04c1-424b-9868-57a2d4851a1d" relativeResultsDirectory="ff379573-a21f-417a-a5b7-f7e4f999e239" />
    <UnitTestResult executionId="fdb0b675-3585-4666-85f1-57eb63d36562" testId="36aec392-1adb-41a3-1ac3-b4c50d8b965f" testName="JarvisAssistant.UnitTests.Services.PlatformServiceTests.SupportsMultiPanel_ShouldReturnExpectedValueForPlatform(platform: Android, expected: False)" computerName="BOSGAME-VELQ7" duration="00:00:00.0002399" startTime="2025-07-25T07:35:48.9234035-04:00" endTime="2025-07-25T07:35:48.9234036-04:00" testType="13cdc9d9-ddb5-4fa4-a97d-d965ccfc6d4b" outcome="Passed" testListId="8c84fa94-04c1-424b-9868-57a2d4851a1d" relativeResultsDirectory="fdb0b675-3585-4666-85f1-57eb63d36562" />
    <UnitTestResult executionId="18afad89-eec9-4d01-a37c-17c716b9da5c" testId="0d4e6734-0b6a-25db-b4a8-f8ed6b93e2e9" testName="JarvisAssistant.UnitTests.Integration.VoiceConfigurationTests.ElevenLabsConfig_IsValid_WithInvalidConfig_ReturnsFalse(apiKey: null, voiceId: &quot;voice&quot;, baseUrl: &quot;https://api.elevenlabs.io&quot;, timeoutSeconds: 30, maxRetryAttempts: 3, expected: False)" computerName="BOSGAME-VELQ7" duration="00:00:00.0000087" startTime="2025-07-25T07:35:48.8837618-04:00" endTime="2025-07-25T07:35:48.8837618-04:00" testType="13cdc9d9-ddb5-4fa4-a97d-d965ccfc6d4b" outcome="Passed" testListId="8c84fa94-04c1-424b-9868-57a2d4851a1d" relativeResultsDirectory="18afad89-eec9-4d01-a37c-17c716b9da5c" />
    <UnitTestResult executionId="d03297e3-c68f-4537-8a25-06213939ea5b" testId="8cafd798-b35b-c8f1-0ccc-aacd07e75990" testName="JarvisAssistant.UnitTests.Services.ThemeManagerTests.LoadThemeResourcesAsync_AnyTheme_ShouldCompleteSuccessfully(theme: Light)" computerName="BOSGAME-VELQ7" duration="00:00:00.0005366" startTime="2025-07-25T07:35:48.9668637-04:00" endTime="2025-07-25T07:35:48.9668638-04:00" testType="13cdc9d9-ddb5-4fa4-a97d-d965ccfc6d4b" outcome="Passed" testListId="8c84fa94-04c1-424b-9868-57a2d4851a1d" relativeResultsDirectory="d03297e3-c68f-4537-8a25-06213939ea5b" />
    <UnitTestResult executionId="09829e93-6cee-43a9-9af6-e568965915c6" testId="895c5da9-8ae5-4a78-1aed-bb1cfe844055" testName="JarvisAssistant.UnitTests.Services.ErrorHandlingServiceTests.HandleErrorAsync_WithValidErrorInfo_ShouldLogError" computerName="BOSGAME-VELQ7" duration="00:00:00.0446870" startTime="2025-07-25T07:35:48.9402632-04:00" endTime="2025-07-25T07:35:48.9402634-04:00" testType="13cdc9d9-ddb5-4fa4-a97d-d965ccfc6d4b" outcome="Passed" testListId="8c84fa94-04c1-424b-9868-57a2d4851a1d" relativeResultsDirectory="09829e93-6cee-43a9-9af6-e568965915c6" />
    <UnitTestResult executionId="186595cb-2de0-420f-b23c-1dd9f71d5171" testId="743752cb-a38c-ab0c-14c9-92337e814f66" testName="JarvisAssistant.UnitTests.UI.MAUIStatusPanelUITests.StatusPanel_REGRESSION_InputTransparentConfiguration" computerName="BOSGAME-VELQ7" duration="00:00:00.0004664" startTime="2025-07-25T07:35:49.1315750-04:00" endTime="2025-07-25T07:35:49.1315751-04:00" testType="13cdc9d9-ddb5-4fa4-a97d-d965ccfc6d4b" outcome="Passed" testListId="8c84fa94-04c1-424b-9868-57a2d4851a1d" relativeResultsDirectory="186595cb-2de0-420f-b23c-1dd9f71d5171" />
    <UnitTestResult executionId="a19bd2b7-e507-4b44-a77e-f3a26474a9d3" testId="b0c3d9cb-3836-d62e-93f5-78eb86cd5eb1" testName="JarvisAssistant.UnitTests.UI.MAUIUIIntegrationTests.ErrorHandling_StatusPanelFailure_ShouldNotAffectMainButtons" computerName="BOSGAME-VELQ7" duration="00:00:00.0009466" startTime="2025-07-25T07:35:48.9421801-04:00" endTime="2025-07-25T07:35:48.9421802-04:00" testType="13cdc9d9-ddb5-4fa4-a97d-d965ccfc6d4b" outcome="Passed" testListId="8c84fa94-04c1-424b-9868-57a2d4851a1d" relativeResultsDirectory="a19bd2b7-e507-4b44-a77e-f3a26474a9d3" />
    <UnitTestResult executionId="20ac20ce-73d4-477c-bc38-772a7149ce3b" testId="8dcb15c5-9ad1-986c-1b41-8024fd9d0cd0" testName="JarvisAssistant.UnitTests.UI.InputBlockingRegressionTests.PostFix_AllCommandsShouldBeExecutable" computerName="BOSGAME-VELQ7" duration="00:00:00.0006186" startTime="2025-07-25T07:35:48.8886677-04:00" endTime="2025-07-25T07:35:48.8886678-04:00" testType="13cdc9d9-ddb5-4fa4-a97d-d965ccfc6d4b" outcome="Passed" testListId="8c84fa94-04c1-424b-9868-57a2d4851a1d" relativeResultsDirectory="20ac20ce-73d4-477c-bc38-772a7149ce3b" />
    <UnitTestResult executionId="843852fc-ffe6-4115-ab3f-f93556ed113b" testId="bc442728-299b-ba05-f389-6e48fae05bf4" testName="JarvisAssistant.UnitTests.Services.LLM.OllamaClientTests.GenerateAsync_WithDifferentQueryTypes_UsesCorrectModel(queryType: Technical, expectedModel: &quot;llama3.2&quot;)" computerName="BOSGAME-VELQ7" duration="00:00:00.0011715" startTime="2025-07-25T07:35:49.0144495-04:00" endTime="2025-07-25T07:35:49.0144496-04:00" testType="13cdc9d9-ddb5-4fa4-a97d-d965ccfc6d4b" outcome="Passed" testListId="8c84fa94-04c1-424b-9868-57a2d4851a1d" relativeResultsDirectory="843852fc-ffe6-4115-ab3f-f93556ed113b" />
    <UnitTestResult executionId="d662d5af-de36-42e7-bdb6-82bcda0b1a09" testId="d6652bae-c351-1979-2fb6-374c55c65ee6" testName="JarvisAssistant.UnitTests.Services.AudioCacheServiceTests.CacheAudioAsync_WithValidData_StoresSuccessfully" computerName="BOSGAME-VELQ7" duration="00:00:00.0006512" startTime="2025-07-25T07:35:48.9948247-04:00" endTime="2025-07-25T07:35:48.9948249-04:00" testType="13cdc9d9-ddb5-4fa4-a97d-d965ccfc6d4b" outcome="Passed" testListId="8c84fa94-04c1-424b-9868-57a2d4851a1d" relativeResultsDirectory="d662d5af-de36-42e7-bdb6-82bcda0b1a09" />
    <UnitTestResult executionId="6670d9b4-023d-4ed7-90d9-f71315c7b70d" testId="ef2d9d43-6fe4-e017-e8a0-6092eecef1b7" testName="JarvisAssistant.UnitTests.Services.LLM.LLMErrorHandlerTests.ProcessException_InvalidOperationException_ModelNotAvailable_ReturnsModelError" computerName="BOSGAME-VELQ7" duration="00:00:00.0001956" startTime="2025-07-25T07:35:48.9244678-04:00" endTime="2025-07-25T07:35:48.9244679-04:00" testType="13cdc9d9-ddb5-4fa4-a97d-d965ccfc6d4b" outcome="Passed" testListId="8c84fa94-04c1-424b-9868-57a2d4851a1d" relativeResultsDirectory="6670d9b4-023d-4ed7-90d9-f71315c7b70d" />
    <UnitTestResult executionId="78bce593-b1f6-4eb1-a069-65f5a140b4c0" testId="975e1d02-6159-bb93-2cc4-a56ef5b50c9e" testName="JarvisAssistant.UnitTests.UI.MAUIUIIntegrationTests.Accessibility_ButtonTouchTargets_ShouldBeLargeEnough" computerName="BOSGAME-VELQ7" duration="00:00:00.0006298" startTime="2025-07-25T07:35:49.1149566-04:00" endTime="2025-07-25T07:35:49.1149567-04:00" testType="13cdc9d9-ddb5-4fa4-a97d-d965ccfc6d4b" outcome="Passed" testListId="8c84fa94-04c1-424b-9868-57a2d4851a1d" relativeResultsDirectory="78bce593-b1f6-4eb1-a069-65f5a140b4c0" />
    <UnitTestResult executionId="6c45d697-7e11-49ff-8168-faa40d2c37c5" testId="58c21aea-270f-7513-10d4-8b08ec19eb18" testName="JarvisAssistant.UnitTests.Services.OllamaLLMServiceTests.SendMessageAsync_WithExplicitQueryTypeInContext_UsesProvidedQueryType" computerName="BOSGAME-VELQ7" duration="00:00:00.0029952" startTime="2025-07-25T07:35:49.0291241-04:00" endTime="2025-07-25T07:35:49.0291242-04:00" testType="13cdc9d9-ddb5-4fa4-a97d-d965ccfc6d4b" outcome="Passed" testListId="8c84fa94-04c1-424b-9868-57a2d4851a1d" relativeResultsDirectory="6c45d697-7e11-49ff-8168-faa40d2c37c5" />
    <UnitTestResult executionId="2db0acf8-19ae-4dc0-96df-f937e17a3394" testId="860b26ba-45d7-2f3b-7a8d-7309cc23521b" testName="JarvisAssistant.UnitTests.UI.StatusPanelFunctionalityTests.StatusPanelCommands_ShouldNotBeNull" computerName="BOSGAME-VELQ7" duration="00:00:00.0001145" startTime="2025-07-25T07:35:48.8872439-04:00" endTime="2025-07-25T07:35:48.8872440-04:00" testType="13cdc9d9-ddb5-4fa4-a97d-d965ccfc6d4b" outcome="Passed" testListId="8c84fa94-04c1-424b-9868-57a2d4851a1d" relativeResultsDirectory="2db0acf8-19ae-4dc0-96df-f937e17a3394" />
    <UnitTestResult executionId="b82c2679-3c62-4930-ab8f-1b9ddf6b9366" testId="147002e5-a86a-f3e7-4f60-e69f2938ce31" testName="JarvisAssistant.UnitTests.Integration.VoiceConfigurationTests.VoiceSettings_CreateEmotionalSettings_ReturnsCorrectValues(emotion: &quot;calm&quot;, expectedStability: 0.850000024, expectedSimilarity: 0.899999976, expectedStyle: 0, expectedRate: 0.850000024)" computerName="BOSGAME-VELQ7" duration="00:00:00.0000141" startTime="2025-07-25T07:35:48.8843264-04:00" endTime="2025-07-25T07:35:48.8843264-04:00" testType="13cdc9d9-ddb5-4fa4-a97d-d965ccfc6d4b" outcome="Passed" testListId="8c84fa94-04c1-424b-9868-57a2d4851a1d" relativeResultsDirectory="b82c2679-3c62-4930-ab8f-1b9ddf6b9366" />
    <UnitTestResult executionId="21185e9e-7a3a-466b-b123-9e027a121bf3" testId="e6a5783c-4987-95ac-727e-3110ea61182c" testName="JarvisAssistant.UnitTests.Core.Models.ChatMessageCoreTests.TypeProperties_ShouldReturnCorrectValues(type: Error, isCode: False, isError: True, isVoice: False)" computerName="BOSGAME-VELQ7" duration="00:00:00.0000038" startTime="2025-07-25T07:35:48.8666720-04:00" endTime="2025-07-25T07:35:48.8666720-04:00" testType="13cdc9d9-ddb5-4fa4-a97d-d965ccfc6d4b" outcome="Passed" testListId="8c84fa94-04c1-424b-9868-57a2d4851a1d" relativeResultsDirectory="21185e9e-7a3a-466b-b123-9e027a121bf3" />
    <UnitTestResult executionId="e6088d90-033a-4544-97df-0f9825cab157" testId="0f4e9222-5979-cb22-4e1c-fb3d924b2958" testName="JarvisAssistant.UnitTests.UI.MAUIUIIntegrationTests.Platform_MainPageButtons_ShouldWorkOnAllPlatforms(platform: &quot;Android&quot;)" computerName="BOSGAME-VELQ7" duration="00:00:00.0010711" startTime="2025-07-25T07:35:48.8913637-04:00" endTime="2025-07-25T07:35:48.8913637-04:00" testType="13cdc9d9-ddb5-4fa4-a97d-d965ccfc6d4b" outcome="Passed" testListId="8c84fa94-04c1-424b-9868-57a2d4851a1d" relativeResultsDirectory="e6088d90-033a-4544-97df-0f9825cab157" />
    <UnitTestResult executionId="ae91f4cd-14b1-4ec4-813b-e1e334cc704f" testId="31700039-65a8-4d97-fa05-268c63e4a1ab" testName="JarvisAssistant.UnitTests.Voice.VoiceCommandProcessorTests.UnregisterCommandHandler_WithExistingHandler_RemovesHandler" computerName="BOSGAME-VELQ7" duration="00:00:00.0012596" startTime="2025-07-25T07:35:49.4693019-04:00" endTime="2025-07-25T07:35:49.4693020-04:00" testType="13cdc9d9-ddb5-4fa4-a97d-d965ccfc6d4b" outcome="Passed" testListId="8c84fa94-04c1-424b-9868-57a2d4851a1d" relativeResultsDirectory="ae91f4cd-14b1-4ec4-813b-e1e334cc704f" />
    <UnitTestResult executionId="7818ceaf-69ad-4642-9000-31875d589f91" testId="62ff1929-c433-d9b3-6a76-0064b6fe39d1" testName="JarvisAssistant.UnitTests.Voice.GoogleTVVoiceHandlerTests.HandleKeyEvent_WithVariousKeyCodes_ReturnsExpectedResult(keyCode: MediaRecord, expectedHandled: True)" computerName="BOSGAME-VELQ7" duration="00:00:00.0000656" startTime="2025-07-25T07:35:48.9686746-04:00" endTime="2025-07-25T07:35:48.9686747-04:00" testType="13cdc9d9-ddb5-4fa4-a97d-d965ccfc6d4b" outcome="Passed" testListId="8c84fa94-04c1-424b-9868-57a2d4851a1d" relativeResultsDirectory="7818ceaf-69ad-4642-9000-31875d589f91" />
    <UnitTestResult executionId="697b8a75-b9a4-498c-9e48-31ccc39f456d" testId="22b63520-282c-720b-2df8-252c83ca25bb" testName="JarvisAssistant.UnitTests.UI.StatusPanelFunctionalityTests.CONCEPT_FullStatusPanelInteractionTest" computerName="BOSGAME-VELQ7" duration="00:00:00.0000666" startTime="2025-07-25T07:35:48.8904727-04:00" endTime="2025-07-25T07:35:48.8904727-04:00" testType="13cdc9d9-ddb5-4fa4-a97d-d965ccfc6d4b" outcome="Passed" testListId="8c84fa94-04c1-424b-9868-57a2d4851a1d" relativeResultsDirectory="697b8a75-b9a4-498c-9e48-31ccc39f456d" />
    <UnitTestResult executionId="b51a6ed6-2162-41b7-9c9d-1798cf1c762b" testId="48b03b65-aaeb-9123-630e-da5b46b4f6a4" testName="JarvisAssistant.UnitTests.Services.StatusMonitorServiceTests.StatusMonitorService_HandlesConcurrentAccess_ThreadSafe" computerName="BOSGAME-VELQ7" duration="00:00:00.2148402" startTime="2025-07-25T07:35:49.5144034-04:00" endTime="2025-07-25T07:35:49.5144037-04:00" testType="13cdc9d9-ddb5-4fa4-a97d-d965ccfc6d4b" outcome="Passed" testListId="8c84fa94-04c1-424b-9868-57a2d4851a1d" relativeResultsDirectory="b51a6ed6-2162-41b7-9c9d-1798cf1c762b" />
    <UnitTestResult executionId="54d728a8-8b9a-4117-a2bd-0106e8b6f142" testId="a759bfe3-b5c9-473c-103c-8b2ada9fe259" testName="JarvisAssistant.UnitTests.Voice.VoiceModeManagerTests.IsGoogleTV_WhenTrue_SetsAlwaysOnMode" computerName="BOSGAME-VELQ7" duration="00:00:00.0005585" startTime="2025-07-25T07:35:49.1853289-04:00" endTime="2025-07-25T07:35:49.1853290-04:00" testType="13cdc9d9-ddb5-4fa4-a97d-d965ccfc6d4b" outcome="Passed" testListId="8c84fa94-04c1-424b-9868-57a2d4851a1d" relativeResultsDirectory="54d728a8-8b9a-4117-a2bd-0106e8b6f142" />
    <UnitTestResult executionId="bb35fc04-8b8c-46a9-a5f6-2cb718a3b242" testId="f6e708a1-0ac1-b3fe-6f12-ac2916a243b6" testName="JarvisAssistant.UnitTests.Services.AudioCacheServiceTests.GetStatistics_ReturnsCorrectInformation" computerName="BOSGAME-VELQ7" duration="00:00:00.0007105" startTime="2025-07-25T07:35:48.9949018-04:00" endTime="2025-07-25T07:35:48.9949019-04:00" testType="13cdc9d9-ddb5-4fa4-a97d-d965ccfc6d4b" outcome="Passed" testListId="8c84fa94-04c1-424b-9868-57a2d4851a1d" relativeResultsDirectory="bb35fc04-8b8c-46a9-a5f6-2cb718a3b242" />
    <UnitTestResult executionId="be8bc094-6f59-4b12-9cb9-33784caac0cd" testId="e1d0ad6e-cfce-d43e-c6d0-1a8f0370e7a9" testName="JarvisAssistant.UnitTests.Services.LLM.LLMErrorHandlerTests.ProcessException_HttpRequestException_ServerError_ReturnsCorrectErrorCode(exceptionMessage: &quot;Internal server error occurred&quot;, expectedErrorCode: &quot;LLM-HTTP-500-001&quot;, expectedRetryable: True)" computerName="BOSGAME-VELQ7" duration="00:00:00.0002546" startTime="2025-07-25T07:35:48.9233506-04:00" endTime="2025-07-25T07:35:48.9233507-04:00" testType="13cdc9d9-ddb5-4fa4-a97d-d965ccfc6d4b" outcome="Passed" testListId="8c84fa94-04c1-424b-9868-57a2d4851a1d" relativeResultsDirectory="be8bc094-6f59-4b12-9cb9-33784caac0cd" />
    <UnitTestResult executionId="2ad0fdea-711c-4725-a13d-4b074db7093c" testId="614c270e-9bbe-9f15-0781-88786cebf174" testName="JarvisAssistant.UnitTests.Services.OllamaLLMServiceTests.Constructor_WithNullOllamaClient_ThrowsArgumentNullException" computerName="BOSGAME-VELQ7" duration="00:00:00.0004247" startTime="2025-07-25T07:35:49.0220712-04:00" endTime="2025-07-25T07:35:49.0220714-04:00" testType="13cdc9d9-ddb5-4fa4-a97d-d965ccfc6d4b" outcome="Passed" testListId="8c84fa94-04c1-424b-9868-57a2d4851a1d" relativeResultsDirectory="2ad0fdea-711c-4725-a13d-4b074db7093c" />
    <UnitTestResult executionId="acb8e4c5-b7af-4a66-8be5-36bc6440a5c4" testId="9d2402bc-2dd0-82b4-fd55-e43e8cb3b809" testName="JarvisAssistant.UnitTests.Services.ServiceHealthCheckerTests.CheckServiceHealthAsync_WithDifferentResponseTimes_ReturnsExpectedState(delayMs: 150, expectedState: Degraded)" computerName="BOSGAME-VELQ7" duration="00:00:00.1522035" startTime="2025-07-25T07:35:49.7740670-04:00" endTime="2025-07-25T07:35:49.7740671-04:00" testType="13cdc9d9-ddb5-4fa4-a97d-d965ccfc6d4b" outcome="Passed" testListId="8c84fa94-04c1-424b-9868-57a2d4851a1d" relativeResultsDirectory="acb8e4c5-b7af-4a66-8be5-36bc6440a5c4" />
    <UnitTestResult executionId="2c1d091a-d6ff-430d-a477-2bfc97b3c5a3" testId="dc7e5904-9c0d-5a50-0fe5-5e9b823be5cf" testName="JarvisAssistant.UnitTests.Voice.VoiceCommandProcessorTests.ClassifyCommandAsync_WithValidCommands_ClassifiesCorrectly(commandText: &quot;create a function&quot;, expectedType: GenerateCode)" computerName="BOSGAME-VELQ7" duration="00:00:00.0007922" startTime="2025-07-25T07:35:48.9069503-04:00" endTime="2025-07-25T07:35:48.9069505-04:00" testType="13cdc9d9-ddb5-4fa4-a97d-d965ccfc6d4b" outcome="Passed" testListId="8c84fa94-04c1-424b-9868-57a2d4851a1d" relativeResultsDirectory="2c1d091a-d6ff-430d-a477-2bfc97b3c5a3" />
    <UnitTestResult executionId="b9e79d66-fa23-417b-afa0-af3a7e168c83" testId="3307ef53-a249-f385-6521-1f99f404034b" testName="JarvisAssistant.UnitTests.Voice.GoogleTVVoiceHandlerTests.TriggerVoiceListeningAsync_WhenNotInitialized_ReturnsFalse" computerName="BOSGAME-VELQ7" duration="00:00:00.0009676" startTime="2025-07-25T07:35:48.9748481-04:00" endTime="2025-07-25T07:35:48.9748481-04:00" testType="13cdc9d9-ddb5-4fa4-a97d-d965ccfc6d4b" outcome="Passed" testListId="8c84fa94-04c1-424b-9868-57a2d4851a1d" relativeResultsDirectory="b9e79d66-fa23-417b-afa0-af3a7e168c83" />
    <UnitTestResult executionId="0f28ec8b-bb9d-4cec-88cd-88f3d54fabc9" testId="b701700c-2ab3-d9e9-e83b-389f599b9b33" testName="JarvisAssistant.UnitTests.Services.LLM.LLMErrorHandlerTests.ProcessException_LowSeverityError_LogsAsWarning" computerName="BOSGAME-VELQ7" duration="00:00:00.0090719" startTime="2025-07-25T07:35:48.9225528-04:00" endTime="2025-07-25T07:35:48.9225529-04:00" testType="13cdc9d9-ddb5-4fa4-a97d-d965ccfc6d4b" outcome="Passed" testListId="8c84fa94-04c1-424b-9868-57a2d4851a1d" relativeResultsDirectory="0f28ec8b-bb9d-4cec-88cd-88f3d54fabc9" />
    <UnitTestResult executionId="55c3078d-5f1a-4d5c-984f-c3f0af3a5a0d" testId="2152597f-0282-fb73-9f60-d482210a001a" testName="JarvisAssistant.UnitTests.UI.MAUIMainPageUITests.StatusPanel_ShouldBeConfiguredCorrectly" computerName="BOSGAME-VELQ7" duration="00:00:00.0004964" startTime="2025-07-25T07:35:48.9661278-04:00" endTime="2025-07-25T07:35:48.9661279-04:00" testType="13cdc9d9-ddb5-4fa4-a97d-d965ccfc6d4b" outcome="Passed" testListId="8c84fa94-04c1-424b-9868-57a2d4851a1d" relativeResultsDirectory="55c3078d-5f1a-4d5c-984f-c3f0af3a5a0d" />
    <UnitTestResult executionId="3ca19452-ea5b-4518-a37e-41216bb87669" testId="82448592-71fb-8c3d-676c-7e25458512a4" testName="JarvisAssistant.UnitTests.Services.LLM.OllamaClientTests.GenerateAsync_WithHttpError_ThrowsInvalidOperationException" computerName="BOSGAME-VELQ7" duration="00:00:00.0019869" startTime="2025-07-25T07:35:49.0177384-04:00" endTime="2025-07-25T07:35:49.0177386-04:00" testType="13cdc9d9-ddb5-4fa4-a97d-d965ccfc6d4b" outcome="Passed" testListId="8c84fa94-04c1-424b-9868-57a2d4851a1d" relativeResultsDirectory="3ca19452-ea5b-4518-a37e-41216bb87669" />
    <UnitTestResult executionId="dd5a18b4-c139-4b3d-ab47-3bcccc22a03e" testId="53969d5d-1830-ebe2-db9f-cbae21784ced" testName="JarvisAssistant.UnitTests.UI.StatusPanelFunctionalityTests.UpdateOverallStatus_ShouldReflectServiceStates" computerName="BOSGAME-VELQ7" duration="00:00:00.0035254" startTime="2025-07-25T07:35:48.8894808-04:00" endTime="2025-07-25T07:35:48.8894809-04:00" testType="13cdc9d9-ddb5-4fa4-a97d-d965ccfc6d4b" outcome="Passed" testListId="8c84fa94-04c1-424b-9868-57a2d4851a1d" relativeResultsDirectory="dd5a18b4-c139-4b3d-ab47-3bcccc22a03e" />
    <UnitTestResult executionId="8a3c5550-cf5a-47dc-bd1a-552c5eadf5d1" testId="3f0e1640-f10e-cf61-670e-42b50eed6438" testName="JarvisAssistant.UnitTests.Services.LLM.LLMServerFailureTests.GenerateAsync_HttpStatusCodeFailures_ReturnsSpecificErrorCodes(statusCode: InternalServerError, errorDescription: &quot;Internal server error&quot;)" computerName="BOSGAME-VELQ7" duration="00:00:00.0026172" startTime="2025-07-25T07:35:49.0181726-04:00" endTime="2025-07-25T07:35:49.0181728-04:00" testType="13cdc9d9-ddb5-4fa4-a97d-d965ccfc6d4b" outcome="Passed" testListId="8c84fa94-04c1-424b-9868-57a2d4851a1d" relativeResultsDirectory="8a3c5550-cf5a-47dc-bd1a-552c5eadf5d1" />
    <UnitTestResult executionId="c2db5a3f-8e70-4200-b03d-84d9e192f7ab" testId="f21e0325-c294-80d9-c90c-98d3b32c823c" testName="JarvisAssistant.UnitTests.Services.ErrorHandlingServiceTests.LogErrorAsync_WithDifferentSeverities_ShouldUseCorrectLogLevel(severity: Warning, expectedLogLevel: Warning)" computerName="BOSGAME-VELQ7" duration="00:00:00.0021322" startTime="2025-07-25T07:35:48.9659706-04:00" endTime="2025-07-25T07:35:48.9659707-04:00" testType="13cdc9d9-ddb5-4fa4-a97d-d965ccfc6d4b" outcome="Passed" testListId="8c84fa94-04c1-424b-9868-57a2d4851a1d" relativeResultsDirectory="c2db5a3f-8e70-4200-b03d-84d9e192f7ab" />
    <UnitTestResult executionId="cbd67376-1954-4909-bde5-44b377da236c" testId="f242ff15-862e-9201-736d-a74ebb53e2ce" testName="JarvisAssistant.UnitTests.Integration.LLMServiceIntegrationTests.SendMessageAsync_WithDifferentQueryTypes_ReturnsAppropriateResponses(message: &quot;How are you today?&quot;, expectedQueryType: General)" computerName="BOSGAME-VELQ7" duration="00:00:00.1027888" startTime="2025-07-25T07:35:49.4536124-04:00" endTime="2025-07-25T07:35:49.4536128-04:00" testType="13cdc9d9-ddb5-4fa4-a97d-d965ccfc6d4b" outcome="Passed" testListId="8c84fa94-04c1-424b-9868-57a2d4851a1d" relativeResultsDirectory="cbd67376-1954-4909-bde5-44b377da236c" />
    <UnitTestResult executionId="e94034f6-2d17-4286-a86e-9d17567e2cb3" testId="167edd94-a935-3224-f916-40dafc09e44f" testName="JarvisAssistant.UnitTests.Voice.VoiceCommandModelTests.VoiceCommandType_AllValues_AreValid(type: Status)" computerName="BOSGAME-VELQ7" duration="00:00:00.0002672" startTime="2025-07-25T07:35:48.8842944-04:00" endTime="2025-07-25T07:35:48.8842944-04:00" testType="13cdc9d9-ddb5-4fa4-a97d-d965ccfc6d4b" outcome="Passed" testListId="8c84fa94-04c1-424b-9868-57a2d4851a1d" relativeResultsDirectory="e94034f6-2d17-4286-a86e-9d17567e2cb3" />
    <UnitTestResult executionId="d74c9e29-ee2d-48ed-974e-bcd13e128130" testId="c044811f-7542-f2ec-32bf-e22dc0126095" testName="JarvisAssistant.UnitTests.Core.Converters.ConverterLogicTests.MessageTypeToColorHex_ShouldReturnCorrectColors(messageType: Code, expectedColor: &quot;#1A1A1A&quot;)" computerName="BOSGAME-VELQ7" duration="00:00:00.0004467" startTime="2025-07-25T07:35:48.8906012-04:00" endTime="2025-07-25T07:35:48.8906013-04:00" testType="13cdc9d9-ddb5-4fa4-a97d-d965ccfc6d4b" outcome="Passed" testListId="8c84fa94-04c1-424b-9868-57a2d4851a1d" relativeResultsDirectory="d74c9e29-ee2d-48ed-974e-bcd13e128130" />
    <UnitTestResult executionId="5879f02d-26da-4ed0-a152-c4192c7187c2" testId="c481e987-f317-0f76-761f-da436d394427" testName="JarvisAssistant.UnitTests.UI.MAUIUIIntegrationTests.Platform_MainPageButtons_ShouldWorkOnAllPlatforms(platform: &quot;iOS&quot;)" computerName="BOSGAME-VELQ7" duration="00:00:00.0004206" startTime="2025-07-25T07:35:48.8913801-04:00" endTime="2025-07-25T07:35:48.8913801-04:00" testType="13cdc9d9-ddb5-4fa4-a97d-d965ccfc6d4b" outcome="Passed" testListId="8c84fa94-04c1-424b-9868-57a2d4851a1d" relativeResultsDirectory="5879f02d-26da-4ed0-a152-c4192c7187c2" />
    <UnitTestResult executionId="f8b0b8bc-ec71-4c39-8d19-b19b9cde7189" testId="da900697-4c11-f9f3-d332-ad2b77b079a8" testName="JarvisAssistant.UnitTests.Services.MauiThemeManagerTests.AutoSelectThemeAsync_WithPlatformService_ShouldUseOptimalTheme" computerName="BOSGAME-VELQ7" duration="00:00:00.0011964" startTime="2025-07-25T07:35:48.9753594-04:00" endTime="2025-07-25T07:35:48.9753595-04:00" testType="13cdc9d9-ddb5-4fa4-a97d-d965ccfc6d4b" outcome="Passed" testListId="8c84fa94-04c1-424b-9868-57a2d4851a1d" relativeResultsDirectory="f8b0b8bc-ec71-4c39-8d19-b19b9cde7189" />
    <UnitTestResult executionId="1cd5baf0-55a0-4838-999e-c140e7097f10" testId="3c3ff9a2-6b97-720a-e5ab-4b2517cf3ca7" testName="JarvisAssistant.UnitTests.Voice.VoiceCommandModelTests.VoiceCommandResult_CreateError_CreatesErrorResult" computerName="BOSGAME-VELQ7" duration="00:00:00.0002093" startTime="2025-07-25T07:35:48.8889445-04:00" endTime="2025-07-25T07:35:48.8889446-04:00" testType="13cdc9d9-ddb5-4fa4-a97d-d965ccfc6d4b" outcome="Passed" testListId="8c84fa94-04c1-424b-9868-57a2d4851a1d" relativeResultsDirectory="1cd5baf0-55a0-4838-999e-c140e7097f10" />
    <UnitTestResult executionId="aeda4cb4-7c36-41eb-a915-3dc886330184" testId="40de179f-a46c-5380-163c-cd8a791588e0" testName="JarvisAssistant.UnitTests.Voice.VoiceCommandModelTests.VoiceCommand_IsValid_WithValidData_ReturnsTrue" computerName="BOSGAME-VELQ7" duration="00:00:00.0001294" startTime="2025-07-25T07:35:48.8859553-04:00" endTime="2025-07-25T07:35:48.8859553-04:00" testType="13cdc9d9-ddb5-4fa4-a97d-d965ccfc6d4b" outcome="Passed" testListId="8c84fa94-04c1-424b-9868-57a2d4851a1d" relativeResultsDirectory="aeda4cb4-7c36-41eb-a915-3dc886330184" />
    <UnitTestResult executionId="92760037-8a80-46ce-aba8-455849ec232b" testId="e2c9ec56-138a-8494-e044-72a4c413e52c" testName="JarvisAssistant.UnitTests.Voice.VoiceModeManagerTests.GetCurrentAudioLevel_ReturnsValidRange" computerName="BOSGAME-VELQ7" duration="00:00:00.0007550" startTime="2025-07-25T07:35:49.1861133-04:00" endTime="2025-07-25T07:35:49.1861135-04:00" testType="13cdc9d9-ddb5-4fa4-a97d-d965ccfc6d4b" outcome="Passed" testListId="8c84fa94-04c1-424b-9868-57a2d4851a1d" relativeResultsDirectory="92760037-8a80-46ce-aba8-455849ec232b" />
    <UnitTestResult executionId="10fb3a3b-9857-4011-96b8-5d94868fff87" testId="c9e9affe-7af9-b13f-1809-bf0876778f17" testName="JarvisAssistant.UnitTests.Voice.VoiceModeManagerTests.ListenForCommandAsync_WithTimeout_ReturnsNullWhenNoCommand" computerName="BOSGAME-VELQ7" duration="00:00:00.1035747" startTime="2025-07-25T07:35:49.0686817-04:00" endTime="2025-07-25T07:35:49.0686818-04:00" testType="13cdc9d9-ddb5-4fa4-a97d-d965ccfc6d4b" outcome="Passed" testListId="8c84fa94-04c1-424b-9868-57a2d4851a1d" relativeResultsDirectory="10fb3a3b-9857-4011-96b8-5d94868fff87" />
    <UnitTestResult executionId="c1354428-a067-416e-934f-70de3ae6aae8" testId="cb48eb78-a99e-9e0c-2112-9a3d488c1d0a" testName="JarvisAssistant.UnitTests.Services.MauiThemeManagerTests.CurrentTheme_InitialValue_ShouldBeSystem" computerName="BOSGAME-VELQ7" duration="00:00:00.0002012" startTime="2025-07-25T07:35:48.9581015-04:00" endTime="2025-07-25T07:35:48.9581016-04:00" testType="13cdc9d9-ddb5-4fa4-a97d-d965ccfc6d4b" outcome="Passed" testListId="8c84fa94-04c1-424b-9868-57a2d4851a1d" relativeResultsDirectory="c1354428-a067-416e-934f-70de3ae6aae8" />
    <UnitTestResult executionId="aee96962-d7e7-4eb9-8225-dfa9faf7eff9" testId="411eb3ac-68cc-3fb6-18e9-fdb2c91274d6" testName="JarvisAssistant.UnitTests.Core.Converters.ConverterLogicTests.BoolToColorHex_ShouldReturnCorrectColors(isConnected: False, expectedColor: &quot;#F44336&quot;)" computerName="BOSGAME-VELQ7" duration="00:00:00.0001995" startTime="2025-07-25T07:35:48.8909304-04:00" endTime="2025-07-25T07:35:48.8909304-04:00" testType="13cdc9d9-ddb5-4fa4-a97d-d965ccfc6d4b" outcome="Passed" testListId="8c84fa94-04c1-424b-9868-57a2d4851a1d" relativeResultsDirectory="aee96962-d7e7-4eb9-8225-dfa9faf7eff9" />
    <UnitTestResult executionId="4a31f829-d6f8-4f6e-ab99-f28fe23bd75a" testId="b81befd1-be01-12f1-71d7-4e9a8c71ac6e" testName="JarvisAssistant.UnitTests.Voice.VoiceEventArgsTests.VoiceButtonType_AllValues_AreValid(buttonType: Media)" computerName="BOSGAME-VELQ7" duration="00:00:00.0000115" startTime="2025-07-25T07:35:48.8649467-04:00" endTime="2025-07-25T07:35:48.8649467-04:00" testType="13cdc9d9-ddb5-4fa4-a97d-d965ccfc6d4b" outcome="Passed" testListId="8c84fa94-04c1-424b-9868-57a2d4851a1d" relativeResultsDirectory="4a31f829-d6f8-4f6e-ab99-f28fe23bd75a" />
    <UnitTestResult executionId="6973763d-511b-4b43-8b28-5ec5bf6c9c01" testId="abc826b6-71c3-d124-d361-f51114c8fedc" testName="JarvisAssistant.UnitTests.UI.MainPageButtonInteractionTests.NavigationService_ShouldHandleStartChatNavigation" computerName="BOSGAME-VELQ7" duration="00:00:00.0000887" startTime="2025-07-25T07:35:48.8964482-04:00" endTime="2025-07-25T07:35:48.8964483-04:00" testType="13cdc9d9-ddb5-4fa4-a97d-d965ccfc6d4b" outcome="Passed" testListId="8c84fa94-04c1-424b-9868-57a2d4851a1d" relativeResultsDirectory="6973763d-511b-4b43-8b28-5ec5bf6c9c01" />
    <UnitTestResult executionId="025b9761-b5ca-4d1f-9662-cc2ee0274b8c" testId="c5c80c78-762a-101d-ea25-99fa4627b205" testName="JarvisAssistant.UnitTests.Services.PlatformServiceTests.PlatformService_EdgeCases_ShouldBeHandledGracefully" computerName="BOSGAME-VELQ7" duration="00:00:00.0009759" startTime="2025-07-25T07:35:48.9342003-04:00" endTime="2025-07-25T07:35:48.9342007-04:00" testType="13cdc9d9-ddb5-4fa4-a97d-d965ccfc6d4b" outcome="Passed" testListId="8c84fa94-04c1-424b-9868-57a2d4851a1d" relativeResultsDirectory="025b9761-b5ca-4d1f-9662-cc2ee0274b8c" />
    <UnitTestResult executionId="e9a23d9d-8ce6-43c6-842b-7208575b5c04" testId="0e6db93f-3aff-4fc7-bc39-042c08e33ec0" testName="JarvisAssistant.UnitTests.Services.LLM.OllamaClientTests.StreamGenerateAsync_WithValidRequest_YieldsResponseChunks" computerName="BOSGAME-VELQ7" duration="00:00:00.0085872" startTime="2025-07-25T07:35:49.0453446-04:00" endTime="2025-07-25T07:35:49.0453448-04:00" testType="13cdc9d9-ddb5-4fa4-a97d-d965ccfc6d4b" outcome="Passed" testListId="8c84fa94-04c1-424b-9868-57a2d4851a1d" relativeResultsDirectory="e9a23d9d-8ce6-43c6-842b-7208575b5c04" />
    <UnitTestResult executionId="49dc2a2b-c800-41ba-ab92-9741795adf20" testId="f8b34716-6857-ac23-a328-1fa4e2fff43c" testName="JarvisAssistant.UnitTests.Services.StatusMonitorServiceTests.ServiceStatusUpdates_IsObservable_CanBeSubscribed" computerName="BOSGAME-VELQ7" duration="00:00:00.0009286" startTime="2025-07-25T07:35:49.6227492-04:00" endTime="2025-07-25T07:35:49.6227494-04:00" testType="13cdc9d9-ddb5-4fa4-a97d-d965ccfc6d4b" outcome="Passed" testListId="8c84fa94-04c1-424b-9868-57a2d4851a1d" relativeResultsDirectory="49dc2a2b-c800-41ba-ab92-9741795adf20" />
    <UnitTestResult executionId="1e6f1644-bd8c-42a5-9519-f1f0af418070" testId="6d6e16da-a7b5-7915-ad87-e68d85e2c583" testName="JarvisAssistant.UnitTests.Services.ElevenLabsVoiceServiceTests.GenerateSpeechAsync_WithServerError_UsesFallbackService" computerName="BOSGAME-VELQ7" duration="00:00:00.0046777" startTime="2025-07-25T07:35:49.0801408-04:00" endTime="2025-07-25T07:35:49.0801411-04:00" testType="13cdc9d9-ddb5-4fa4-a97d-d965ccfc6d4b" outcome="Passed" testListId="8c84fa94-04c1-424b-9868-57a2d4851a1d" relativeResultsDirectory="1e6f1644-bd8c-42a5-9519-f1f0af418070" />
    <UnitTestResult executionId="d249fc5a-6b3a-4b4e-a92e-2252e4bbbf79" testId="ed09a4cf-326f-f919-6990-f98d96224e93" testName="JarvisAssistant.UnitTests.Services.LLM.LLMServerFailureTests.GenerateAsync_HttpStatusCodeFailures_ReturnsSpecificErrorCodes(statusCode: NotFound, errorDescription: &quot;Service not found&quot;)" computerName="BOSGAME-VELQ7" duration="00:00:00.0017476" startTime="2025-07-25T07:35:49.0268506-04:00" endTime="2025-07-25T07:35:49.0268506-04:00" testType="13cdc9d9-ddb5-4fa4-a97d-d965ccfc6d4b" outcome="Passed" testListId="8c84fa94-04c1-424b-9868-57a2d4851a1d" relativeResultsDirectory="d249fc5a-6b3a-4b4e-a92e-2252e4bbbf79" />
    <UnitTestResult executionId="f14e41a8-90c8-4175-a8f4-6121a7ab1b14" testId="ef892400-2f3c-93a1-6377-03adc419b00d" testName="JarvisAssistant.UnitTests.Voice.VoiceEventArgsTests.VoiceButtonType_AllValues_AreValid(buttonType: VoiceAssist)" computerName="BOSGAME-VELQ7" duration="00:00:00.0003421" startTime="2025-07-25T07:35:48.8640534-04:00" endTime="2025-07-25T07:35:48.8640534-04:00" testType="13cdc9d9-ddb5-4fa4-a97d-d965ccfc6d4b" outcome="Passed" testListId="8c84fa94-04c1-424b-9868-57a2d4851a1d" relativeResultsDirectory="f14e41a8-90c8-4175-a8f4-6121a7ab1b14" />
    <UnitTestResult executionId="e0a963dc-f973-4677-bd2d-ce4cb8766f6f" testId="82621e9a-4c2b-bda8-110c-ac1321cc47cc" testName="JarvisAssistant.UnitTests.Services.LLM.LLMErrorHandlerTests.ProcessException_SocketException_ReturnsCorrectErrorCode(socketError: TimedOut, expectedErrorCode: &quot;LLM-CONN-004&quot;)" computerName="BOSGAME-VELQ7" duration="00:00:00.0012532" startTime="2025-07-25T07:35:48.9276614-04:00" endTime="2025-07-25T07:35:48.9276614-04:00" testType="13cdc9d9-ddb5-4fa4-a97d-d965ccfc6d4b" outcome="Passed" testListId="8c84fa94-04c1-424b-9868-57a2d4851a1d" relativeResultsDirectory="e0a963dc-f973-4677-bd2d-ce4cb8766f6f" />
    <UnitTestResult executionId="fba337e1-7779-4333-b997-1e42531a9e8c" testId="aa25d1e8-1df3-6e5f-1bf2-69aa3a17e682" testName="JarvisAssistant.UnitTests.Core.Converters.ConverterLogicTests.PlatformMatches_IsCaseInsensitive" computerName="BOSGAME-VELQ7" duration="00:00:00.0002517" startTime="2025-07-25T07:35:48.8909492-04:00" endTime="2025-07-25T07:35:48.8909493-04:00" testType="13cdc9d9-ddb5-4fa4-a97d-d965ccfc6d4b" outcome="Passed" testListId="8c84fa94-04c1-424b-9868-57a2d4851a1d" relativeResultsDirectory="fba337e1-7779-4333-b997-1e42531a9e8c" />
    <UnitTestResult executionId="be50546f-0611-4043-82ed-3514ab28b3e5" testId="661ac248-8a83-e254-8ddc-f9018b494bf3" testName="JarvisAssistant.UnitTests.Voice.VoiceCommandProcessorTests.ClassifyCommandAsync_WithValidCommands_ClassifiesCorrectly(commandText: &quot;search for something&quot;, expectedType: Search)" computerName="BOSGAME-VELQ7" duration="00:00:00.0007047" startTime="2025-07-25T07:35:48.9134945-04:00" endTime="2025-07-25T07:35:48.9134946-04:00" testType="13cdc9d9-ddb5-4fa4-a97d-d965ccfc6d4b" outcome="Passed" testListId="8c84fa94-04c1-424b-9868-57a2d4851a1d" relativeResultsDirectory="be50546f-0611-4043-82ed-3514ab28b3e5" />
    <UnitTestResult executionId="a03f8d8b-7e9d-4edc-b4fa-cc2ca72c9794" testId="ca15f8df-4bef-7ae7-11ec-99d66432a4b8" testName="JarvisAssistant.UnitTests.Services.LLM.PersonalityServiceTests.GetSystemPrompt_WithValidQueryType_ReturnsPrompt(queryType: Technical)" computerName="BOSGAME-VELQ7" duration="00:00:00.0004765" startTime="2025-07-25T07:35:49.0155772-04:00" endTime="2025-07-25T07:35:49.0155773-04:00" testType="13cdc9d9-ddb5-4fa4-a97d-d965ccfc6d4b" outcome="Passed" testListId="8c84fa94-04c1-424b-9868-57a2d4851a1d" relativeResultsDirectory="a03f8d8b-7e9d-4edc-b4fa-cc2ca72c9794" />
    <UnitTestResult executionId="fa3b16dd-2193-4c47-845e-67ceabeaa3cc" testId="3150014d-d391-3767-c3e0-06a7bf27d028" testName="JarvisAssistant.UnitTests.Voice.VoiceCommandProcessorTests.ClassifyCommandAsync_WithValidCommands_ClassifiesCorrectly(commandText: &quot;what is the weather&quot;, expectedType: Chat)" computerName="BOSGAME-VELQ7" duration="00:00:00.0008693" startTime="2025-07-25T07:35:48.9099551-04:00" endTime="2025-07-25T07:35:48.9099553-04:00" testType="13cdc9d9-ddb5-4fa4-a97d-d965ccfc6d4b" outcome="Passed" testListId="8c84fa94-04c1-424b-9868-57a2d4851a1d" relativeResultsDirectory="fa3b16dd-2193-4c47-845e-67ceabeaa3cc" />
    <UnitTestResult executionId="1332cfab-43dd-4b3c-9d92-90706e3c2991" testId="06c4b10b-26f0-919f-47e9-976d9a7eb365" testName="JarvisAssistant.UnitTests.Services.LLM.LLMErrorHandlerTests.ProcessException_HttpRequestException_ServerError_ReturnsCorrectErrorCode(exceptionMessage: &quot;500 server error&quot;, expectedErrorCode: &quot;LLM-HTTP-500-001&quot;, expectedRetryable: True)" computerName="BOSGAME-VELQ7" duration="00:00:00.0000520" startTime="2025-07-25T07:35:48.9236193-04:00" endTime="2025-07-25T07:35:48.9236194-04:00" testType="13cdc9d9-ddb5-4fa4-a97d-d965ccfc6d4b" outcome="Passed" testListId="8c84fa94-04c1-424b-9868-57a2d4851a1d" relativeResultsDirectory="1332cfab-43dd-4b3c-9d92-90706e3c2991" />
    <UnitTestResult executionId="0fc4b6e9-92cb-4b58-b39d-893b842e1226" testId="bedb7b63-f995-bc61-60f0-694f5a50ce8a" testName="JarvisAssistant.UnitTests.Voice.GoogleTVVoiceHandlerTests.ConfigureContinuousListeningAsync_WhenNotInitialized_DoesNotThrow" computerName="BOSGAME-VELQ7" duration="00:00:00.0008346" startTime="2025-07-25T07:35:48.9700490-04:00" endTime="2025-07-25T07:35:48.9700490-04:00" testType="13cdc9d9-ddb5-4fa4-a97d-d965ccfc6d4b" outcome="Passed" testListId="8c84fa94-04c1-424b-9868-57a2d4851a1d" relativeResultsDirectory="0fc4b6e9-92cb-4b58-b39d-893b842e1226" />
    <UnitTestResult executionId="91272999-9fed-4978-ab71-bda083d791ab" testId="fd8535df-384c-da9a-ef72-07dc225727f2" testName="JarvisAssistant.UnitTests.Services.ElevenLabsVoiceServiceTests.GetAvailableVoicesAsync_WithValidResponse_ReturnsVoices" computerName="BOSGAME-VELQ7" duration="00:00:00.0062702" startTime="2025-07-25T07:35:49.0540622-04:00" endTime="2025-07-25T07:35:49.0540623-04:00" testType="13cdc9d9-ddb5-4fa4-a97d-d965ccfc6d4b" outcome="Passed" testListId="8c84fa94-04c1-424b-9868-57a2d4851a1d" relativeResultsDirectory="91272999-9fed-4978-ab71-bda083d791ab" />
    <UnitTestResult executionId="03a4a89d-d0c4-4630-8c80-632bb32d6d83" testId="6d63deed-7287-f3be-5709-79fe1b084471" testName="JarvisAssistant.UnitTests.Core.Models.ChatMessageCoreTests.FormattedTime_ShouldReturnCorrectFormat" computerName="BOSGAME-VELQ7" duration="00:00:00.0001040" startTime="2025-07-25T07:35:48.8858698-04:00" endTime="2025-07-25T07:35:48.8858698-04:00" testType="13cdc9d9-ddb5-4fa4-a97d-d965ccfc6d4b" outcome="Passed" testListId="8c84fa94-04c1-424b-9868-57a2d4851a1d" relativeResultsDirectory="03a4a89d-d0c4-4630-8c80-632bb32d6d83" />
    <UnitTestResult executionId="434d6cb0-ee25-4de2-937a-51973a7c0ea8" testId="300d1f6b-e8f8-f4f7-1d29-7a20411615dd" testName="JarvisAssistant.UnitTests.Services.RateLimitServiceTests.CanMakeRequestAsync_ExceedsCharacterLimit_ReturnsFalse" computerName="BOSGAME-VELQ7" duration="00:00:00.0005417" startTime="2025-07-25T07:35:48.9763187-04:00" endTime="2025-07-25T07:35:48.9763187-04:00" testType="13cdc9d9-ddb5-4fa4-a97d-d965ccfc6d4b" outcome="Passed" testListId="8c84fa94-04c1-424b-9868-57a2d4851a1d" relativeResultsDirectory="434d6cb0-ee25-4de2-937a-51973a7c0ea8" />
    <UnitTestResult executionId="dd3c79e4-0c8f-432c-ac30-575684e88b1a" testId="cd44f4d8-0d32-6ab4-8739-d24029f3e355" testName="JarvisAssistant.UnitTests.UI.MAUIMainPageUITests.StartChatBtn_DisabledState_ShouldNotRespond" computerName="BOSGAME-VELQ7" duration="00:00:00.0060551" startTime="2025-07-25T07:35:49.0008793-04:00" endTime="2025-07-25T07:35:49.0008798-04:00" testType="13cdc9d9-ddb5-4fa4-a97d-d965ccfc6d4b" outcome="Passed" testListId="8c84fa94-04c1-424b-9868-57a2d4851a1d" relativeResultsDirectory="dd3c79e4-0c8f-432c-ac30-575684e88b1a" />
    <UnitTestResult executionId="8b44803f-d4f7-4104-b24a-1c885fa0b93b" testId="a09388c0-a979-716b-59e1-27f196fe751c" testName="JarvisAssistant.UnitTests.UI.InputBlockingRegressionTests.CONCEPT_AutomatedInputBlockingDetection" computerName="BOSGAME-VELQ7" duration="00:00:00.0000617" startTime="2025-07-25T07:35:48.8882936-04:00" endTime="2025-07-25T07:35:48.8882936-04:00" testType="13cdc9d9-ddb5-4fa4-a97d-d965ccfc6d4b" outcome="Passed" testListId="8c84fa94-04c1-424b-9868-57a2d4851a1d" relativeResultsDirectory="8b44803f-d4f7-4104-b24a-1c885fa0b93b" />
    <UnitTestResult executionId="43c99725-2bea-4e16-bf5d-f20b49e6ffb1" testId="69a21817-5b96-4a09-8f63-ea8e4f9a027b" testName="JarvisAssistant.UnitTests.UI.MAUIStatusPanelUITests.StatusPanel_PlatformInput_ShouldWork(platform: &quot;iOS&quot;, inputMethod: &quot;Touch&quot;)" computerName="BOSGAME-VELQ7" duration="00:00:00.0101046" startTime="2025-07-25T07:35:48.9773814-04:00" endTime="2025-07-25T07:35:48.9773815-04:00" testType="13cdc9d9-ddb5-4fa4-a97d-d965ccfc6d4b" outcome="Passed" testListId="8c84fa94-04c1-424b-9868-57a2d4851a1d" relativeResultsDirectory="43c99725-2bea-4e16-bf5d-f20b49e6ffb1" />
    <UnitTestResult executionId="3b0fe419-69dd-4f0e-928a-d317d05667ff" testId="27247de7-16d2-c353-a8f1-9a4ceb24ee5d" testName="JarvisAssistant.UnitTests.UI.StatusPanelFunctionalityTests.SimulateStatusBarTap_ShouldToggleExpansion" computerName="BOSGAME-VELQ7" duration="00:00:00.0071625" startTime="2025-07-25T07:35:48.8871872-04:00" endTime="2025-07-25T07:35:48.8871872-04:00" testType="13cdc9d9-ddb5-4fa4-a97d-d965ccfc6d4b" outcome="Passed" testListId="8c84fa94-04c1-424b-9868-57a2d4851a1d" relativeResultsDirectory="3b0fe419-69dd-4f0e-928a-d317d05667ff" />
    <UnitTestResult executionId="67b4dffa-2182-4895-b6cd-2b7389b6f0c1" testId="c9f9d7bf-e4d1-2f26-bc8c-a6e42182e7fd" testName="JarvisAssistant.UnitTests.Services.ThemeIntegrationTests.AutomaticThemeSelection_BasedOnPlatform_ShouldWork" computerName="BOSGAME-VELQ7" duration="00:00:00.0044959" startTime="2025-07-25T07:35:48.9707558-04:00" endTime="2025-07-25T07:35:48.9707559-04:00" testType="13cdc9d9-ddb5-4fa4-a97d-d965ccfc6d4b" outcome="Passed" testListId="8c84fa94-04c1-424b-9868-57a2d4851a1d" relativeResultsDirectory="67b4dffa-2182-4895-b6cd-2b7389b6f0c1" />
    <UnitTestResult executionId="7af1e9a1-1169-457e-a55f-8851806297bb" testId="0741ba0b-d0ea-f890-cfb1-de8f53185f42" testName="JarvisAssistant.UnitTests.Services.LLM.LLMServerFailureTests.GenerateAsync_HostNotFound_ReturnsHostError" computerName="BOSGAME-VELQ7" duration="00:00:00.0023400" startTime="2025-07-25T07:35:49.0662124-04:00" endTime="2025-07-25T07:35:49.0662128-04:00" testType="13cdc9d9-ddb5-4fa4-a97d-d965ccfc6d4b" outcome="Passed" testListId="8c84fa94-04c1-424b-9868-57a2d4851a1d" relativeResultsDirectory="7af1e9a1-1169-457e-a55f-8851806297bb" />
    <UnitTestResult executionId="520f734b-4ae2-4b36-9005-2fa003309737" testId="cb1d7bbc-67ce-c8ab-8dc1-a20f51daa44e" testName="JarvisAssistant.UnitTests.Services.ElevenLabsVoiceServiceTests.GenerateSpeechAsync_WithNullText_ReturnsEmptyArray" computerName="BOSGAME-VELQ7" duration="00:00:00.0004600" startTime="2025-07-25T07:35:49.0582450-04:00" endTime="2025-07-25T07:35:49.0582452-04:00" testType="13cdc9d9-ddb5-4fa4-a97d-d965ccfc6d4b" outcome="Passed" testListId="8c84fa94-04c1-424b-9868-57a2d4851a1d" relativeResultsDirectory="520f734b-4ae2-4b36-9005-2fa003309737" />
    <UnitTestResult executionId="de95231e-c609-4f7f-81ac-d6ec13d461c9" testId="5d298d71-10ad-d266-0b17-c36bbdd9df8a" testName="JarvisAssistant.UnitTests.UI.MAUIMainPageUITests.StartChatBtn_DoubleClick_ShouldHandleGracefully" computerName="BOSGAME-VELQ7" duration="00:00:00.0007433" startTime="2025-07-25T07:35:49.0042547-04:00" endTime="2025-07-25T07:35:49.0042549-04:00" testType="13cdc9d9-ddb5-4fa4-a97d-d965ccfc6d4b" outcome="Passed" testListId="8c84fa94-04c1-424b-9868-57a2d4851a1d" relativeResultsDirectory="de95231e-c609-4f7f-81ac-d6ec13d461c9" />
    <UnitTestResult executionId="1919ad5a-5e12-45ab-afea-8a4b528f10f9" testId="6c593017-c139-e1f6-126e-b8eed761affc" testName="JarvisAssistant.UnitTests.Core.Converters.ConverterLogicTests.VoiceActivityToOpacity_ShouldClampValues(input: 0.5, expected: 0.5)" computerName="BOSGAME-VELQ7" duration="00:00:00.0000022" startTime="2025-07-25T07:35:48.8898732-04:00" endTime="2025-07-25T07:35:48.8898733-04:00" testType="13cdc9d9-ddb5-4fa4-a97d-d965ccfc6d4b" outcome="Passed" testListId="8c84fa94-04c1-424b-9868-57a2d4851a1d" relativeResultsDirectory="1919ad5a-5e12-45ab-afea-8a4b528f10f9" />
    <UnitTestResult executionId="34359212-66b8-46d1-94b7-816efb69a3dd" testId="44db438e-3ba4-94ef-e2a3-e5459a9b6123" testName="JarvisAssistant.UnitTests.Voice.GoogleTVVoiceHandlerTests.IsListening_ReflectsVoiceModeManagerState" computerName="BOSGAME-VELQ7" duration="00:00:00.0009380" startTime="2025-07-25T07:35:48.9726722-04:00" endTime="2025-07-25T07:35:48.9726722-04:00" testType="13cdc9d9-ddb5-4fa4-a97d-d965ccfc6d4b" outcome="Passed" testListId="8c84fa94-04c1-424b-9868-57a2d4851a1d" relativeResultsDirectory="34359212-66b8-46d1-94b7-816efb69a3dd" />
    <UnitTestResult executionId="fc202638-96b6-4bcb-96da-c5cfd22815ed" testId="43b6f026-1de6-df07-38af-e4677e3c3c0b" testName="JarvisAssistant.UnitTests.Core.Converters.ConverterLogicTests.VoiceActivityToOpacity_ShouldClampValues(input: 0, expected: 0.20000000000000001)" computerName="BOSGAME-VELQ7" duration="00:00:00.0003585" startTime="2025-07-25T07:35:48.8897635-04:00" endTime="2025-07-25T07:35:48.8897817-04:00" testType="13cdc9d9-ddb5-4fa4-a97d-d965ccfc6d4b" outcome="Passed" testListId="8c84fa94-04c1-424b-9868-57a2d4851a1d" relativeResultsDirectory="fc202638-96b6-4bcb-96da-c5cfd22815ed" />
    <UnitTestResult executionId="468cc442-1cb4-42ae-bbef-02adebfc81d5" testId="625f9d65-17fd-a928-42e0-b3dcca462e96" testName="JarvisAssistant.UnitTests.Voice.VoiceCommandModelTests.VoiceCommandType_AllValues_AreValid(type: Help)" computerName="BOSGAME-VELQ7" duration="00:00:00.0000106" startTime="2025-07-25T07:35:48.8850325-04:00" endTime="2025-07-25T07:35:48.8850325-04:00" testType="13cdc9d9-ddb5-4fa4-a97d-d965ccfc6d4b" outcome="Passed" testListId="8c84fa94-04c1-424b-9868-57a2d4851a1d" relativeResultsDirectory="468cc442-1cb4-42ae-bbef-02adebfc81d5" />
    <UnitTestResult executionId="3d4a43ca-7cef-4fd3-838c-fa27426a204d" testId="a06938b2-b9c5-e1d7-f172-11ff925e3dd9" testName="JarvisAssistant.UnitTests.Voice.VoiceCommandProcessorTests.ClassifyCommandAsync_WithValidCommands_ClassifiesCorrectly(commandText: &quot;show status&quot;, expectedType: Status)" computerName="BOSGAME-VELQ7" duration="00:00:00.0001903" startTime="2025-07-25T07:35:48.9147503-04:00" endTime="2025-07-25T07:35:48.9147503-04:00" testType="13cdc9d9-ddb5-4fa4-a97d-d965ccfc6d4b" outcome="Passed" testListId="8c84fa94-04c1-424b-9868-57a2d4851a1d" relativeResultsDirectory="3d4a43ca-7cef-4fd3-838c-fa27426a204d" />
    <UnitTestResult executionId="48ef492e-aeb4-4a7b-8ecc-665b3d46663b" testId="254fa937-b166-89fd-3d08-35003d896178" testName="JarvisAssistant.UnitTests.Services.LLM.OllamaClientTests.GenerateAsync_WithDifferentQueryTypes_UsesCorrectModel(queryType: General, expectedModel: &quot;llama3.2&quot;)" computerName="BOSGAME-VELQ7" duration="00:00:00.0010114" startTime="2025-07-25T07:35:49.0138770-04:00" endTime="2025-07-25T07:35:49.0138771-04:00" testType="13cdc9d9-ddb5-4fa4-a97d-d965ccfc6d4b" outcome="Passed" testListId="8c84fa94-04c1-424b-9868-57a2d4851a1d" relativeResultsDirectory="48ef492e-aeb4-4a7b-8ecc-665b3d46663b" />
    <UnitTestResult executionId="6775326c-0427-43b5-8bb1-9ebd8f687062" testId="884e408c-f67e-a810-8b6c-0e916aacb8c6" testName="JarvisAssistant.UnitTests.Core.Models.ChatMessageCoreTests.TypeProperties_ShouldReturnCorrectValues(type: Code, isCode: True, isError: False, isVoice: False)" computerName="BOSGAME-VELQ7" duration="00:00:00.0000090" startTime="2025-07-25T07:35:48.8666379-04:00" endTime="2025-07-25T07:35:48.8666380-04:00" testType="13cdc9d9-ddb5-4fa4-a97d-d965ccfc6d4b" outcome="Passed" testListId="8c84fa94-04c1-424b-9868-57a2d4851a1d" relativeResultsDirectory="6775326c-0427-43b5-8bb1-9ebd8f687062" />
    <UnitTestResult executionId="e236b9f4-554c-422e-ab36-6e29b76e6bba" testId="eaa5dc75-e8a8-e7fe-f053-b33d98083d31" testName="JarvisAssistant.UnitTests.Voice.GoogleTVVoiceHandlerTests.HandleKeyEvent_WithKeyUpAction_ReturnsFalse" computerName="BOSGAME-VELQ7" duration="00:00:00.0006188" startTime="2025-07-25T07:35:48.9738876-04:00" endTime="2025-07-25T07:35:48.9738876-04:00" testType="13cdc9d9-ddb5-4fa4-a97d-d965ccfc6d4b" outcome="Passed" testListId="8c84fa94-04c1-424b-9868-57a2d4851a1d" relativeResultsDirectory="e236b9f4-554c-422e-ab36-6e29b76e6bba" />
    <UnitTestResult executionId="b6e7470c-e5b2-42f8-955a-08b82f76707e" testId="27145bff-4915-5834-5cdd-5761b8a612b8" testName="JarvisAssistant.UnitTests.Services.PlatformServiceTests.GetScreenDensity_ShouldReturnPositiveValue(platform: iOS, expectedDensity: 3)" computerName="BOSGAME-VELQ7" duration="00:00:00.0000842" startTime="2025-07-25T07:35:48.9213313-04:00" endTime="2025-07-25T07:35:48.9213314-04:00" testType="13cdc9d9-ddb5-4fa4-a97d-d965ccfc6d4b" outcome="Passed" testListId="8c84fa94-04c1-424b-9868-57a2d4851a1d" relativeResultsDirectory="b6e7470c-e5b2-42f8-955a-08b82f76707e" />
    <UnitTestResult executionId="2764f040-afe9-4964-8f6c-b504bc43c869" testId="1955bdf4-a72a-c87f-5736-af12a805e31a" testName="JarvisAssistant.UnitTests.UI.ConceptualMainPageUITests.StatusPanelView_ShouldNotBlockButtonClicks_CRITICAL_TEST" computerName="BOSGAME-VELQ7" duration="00:00:00.0000180" startTime="2025-07-25T07:35:48.8950422-04:00" endTime="2025-07-25T07:35:48.8950423-04:00" testType="13cdc9d9-ddb5-4fa4-a97d-d965ccfc6d4b" outcome="Passed" testListId="8c84fa94-04c1-424b-9868-57a2d4851a1d" relativeResultsDirectory="2764f040-afe9-4964-8f6c-b504bc43c869" />
    <UnitTestResult executionId="a65473af-6516-483b-a45f-f5bae1d4af1c" testId="21fd0756-10c3-46ee-a846-b3dabac07764" testName="JarvisAssistant.UnitTests.Integration.ElevenLabsVoiceIntegrationTests.ServiceRegistration_AllServicesRegistered_Successfully" computerName="BOSGAME-VELQ7" duration="00:00:00.0012176" startTime="2025-07-25T07:35:50.3402172-04:00" endTime="2025-07-25T07:35:50.3402173-04:00" testType="13cdc9d9-ddb5-4fa4-a97d-d965ccfc6d4b" outcome="Passed" testListId="8c84fa94-04c1-424b-9868-57a2d4851a1d" relativeResultsDirectory="a65473af-6516-483b-a45f-f5bae1d4af1c" />
    <UnitTestResult executionId="7f1eba44-45cb-4dfc-8df5-d03e053b56c6" testId="8e7b9116-8628-3d5b-1b1a-ca481cf14215" testName="JarvisAssistant.UnitTests.Voice.VoiceModeManagerTests.VoiceActivityDetected_Event_CanBeSubscribed" computerName="BOSGAME-VELQ7" duration="00:00:00.0003356" startTime="2025-07-25T07:35:49.1888058-04:00" endTime="2025-07-25T07:35:49.1888060-04:00" testType="13cdc9d9-ddb5-4fa4-a97d-d965ccfc6d4b" outcome="Passed" testListId="8c84fa94-04c1-424b-9868-57a2d4851a1d" relativeResultsDirectory="7f1eba44-45cb-4dfc-8df5-d03e053b56c6" />
    <UnitTestResult executionId="674ab95a-2b52-43a7-aa27-d9493a54cf23" testId="017e6e7c-c7ec-9b21-42f9-6ee066e6ac8c" testName="JarvisAssistant.UnitTests.Integration.ElevenLabsServiceExtensionsTests.AddVoiceServiceWithFallback_WithApiKey_UsesElevenLabs" computerName="BOSGAME-VELQ7" duration="00:00:00.0555279" startTime="2025-07-25T07:35:48.8916248-04:00" endTime="2025-07-25T07:35:48.8916248-04:00" testType="13cdc9d9-ddb5-4fa4-a97d-d965ccfc6d4b" outcome="Passed" testListId="8c84fa94-04c1-424b-9868-57a2d4851a1d" relativeResultsDirectory="674ab95a-2b52-43a7-aa27-d9493a54cf23" />
    <UnitTestResult executionId="7accee76-4963-47bd-98a5-fabcbc41bbaf" testId="ac47d88c-09e4-afb0-61fb-1d74b45b70b0" testName="JarvisAssistant.UnitTests.Services.MauiThemeManagerTests.LoadThemeResourcesAsync_ShouldLoadResourcesOnce" computerName="BOSGAME-VELQ7" duration="00:00:00.0041728" startTime="2025-07-25T07:35:48.9718191-04:00" endTime="2025-07-25T07:35:48.9718192-04:00" testType="13cdc9d9-ddb5-4fa4-a97d-d965ccfc6d4b" outcome="Passed" testListId="8c84fa94-04c1-424b-9868-57a2d4851a1d" relativeResultsDirectory="7accee76-4963-47bd-98a5-fabcbc41bbaf" />
    <UnitTestResult executionId="15464d0b-8b8d-456e-b12d-b0a3f1c6284c" testId="992ae55d-91ef-df52-d4db-400945313101" testName="JarvisAssistant.UnitTests.Services.LLM.LLMErrorHandlerTests.ProcessException_CompleteErrorScenario_ReturnsDetailedResponse" computerName="BOSGAME-VELQ7" duration="00:00:00.0023421" startTime="2025-07-25T07:35:48.9252349-04:00" endTime="2025-07-25T07:35:48.9252350-04:00" testType="13cdc9d9-ddb5-4fa4-a97d-d965ccfc6d4b" outcome="Passed" testListId="8c84fa94-04c1-424b-9868-57a2d4851a1d" relativeResultsDirectory="15464d0b-8b8d-456e-b12d-b0a3f1c6284c" />
    <UnitTestResult executionId="ee4b5403-fe4a-4393-b854-cd007220b20e" testId="325659d5-dada-fcc9-4c1e-e6a8952837b2" testName="JarvisAssistant.UnitTests.Voice.VoiceCommandModelTests.VoiceCommandType_AllValues_AreValid(type: GenerateCode)" computerName="BOSGAME-VELQ7" duration="00:00:00.0000102" startTime="2025-07-25T07:35:48.8847560-04:00" endTime="2025-07-25T07:35:48.8847560-04:00" testType="13cdc9d9-ddb5-4fa4-a97d-d965ccfc6d4b" outcome="Passed" testListId="8c84fa94-04c1-424b-9868-57a2d4851a1d" relativeResultsDirectory="ee4b5403-fe4a-4393-b854-cd007220b20e" />
    <UnitTestResult executionId="194fb81e-9e9b-497f-8a93-fd8035485a0b" testId="c805e166-1285-35c8-7dd7-3c2e3c9a9fd1" testName="JarvisAssistant.UnitTests.Core.Converters.ConverterLogicTests.PlatformMatches_WithNonMatchingPlatform_ShouldReturnFalse" computerName="BOSGAME-VELQ7" duration="00:00:00.0000209" startTime="2025-07-25T07:35:48.8912235-04:00" endTime="2025-07-25T07:35:48.8912235-04:00" testType="13cdc9d9-ddb5-4fa4-a97d-d965ccfc6d4b" outcome="Passed" testListId="8c84fa94-04c1-424b-9868-57a2d4851a1d" relativeResultsDirectory="194fb81e-9e9b-497f-8a93-fd8035485a0b" />
    <UnitTestResult executionId="457d88ff-dab2-469e-baa9-0314e7cdc1e5" testId="b35db6dd-d957-01f2-ef7c-62904c0fa05c" testName="JarvisAssistant.UnitTests.UI.MAUIStatusPanelUITests.StatusPanel_ZOrder_ShouldBeCorrect" computerName="BOSGAME-VELQ7" duration="00:00:00.0012910" startTime="2025-07-25T07:35:49.1349900-04:00" endTime="2025-07-25T07:35:49.1349903-04:00" testType="13cdc9d9-ddb5-4fa4-a97d-d965ccfc6d4b" outcome="Passed" testListId="8c84fa94-04c1-424b-9868-57a2d4851a1d" relativeResultsDirectory="457d88ff-dab2-469e-baa9-0314e7cdc1e5" />
    <UnitTestResult executionId="bb9c3cf2-67fe-40e6-b023-e632c8aa51c9" testId="8a32f239-1308-e3aa-c372-f702a7ca30c3" testName="JarvisAssistant.UnitTests.Services.LLM.LLMServerFailureTests.GetAvailableModelsAsync_404Error_ReturnsEmptyList" computerName="BOSGAME-VELQ7" duration="00:00:00.0018301" startTime="2025-07-25T07:35:49.0517000-04:00" endTime="2025-07-25T07:35:49.0517003-04:00" testType="13cdc9d9-ddb5-4fa4-a97d-d965ccfc6d4b" outcome="Passed" testListId="8c84fa94-04c1-424b-9868-57a2d4851a1d" relativeResultsDirectory="bb9c3cf2-67fe-40e6-b023-e632c8aa51c9" />
    <UnitTestResult executionId="a1fa70ef-ea50-41d5-a251-7c2a0d279e4a" testId="149699a8-ebcd-0882-4a35-039a15504cd2" testName="JarvisAssistant.UnitTests.Voice.VoiceCommandProcessorTests.ProcessCommandAsync_WithValidCommand_ReturnsSuccessResult" computerName="BOSGAME-VELQ7" duration="00:00:00.1120371" startTime="2025-07-25T07:35:49.0369468-04:00" endTime="2025-07-25T07:35:49.0369469-04:00" testType="13cdc9d9-ddb5-4fa4-a97d-d965ccfc6d4b" outcome="Passed" testListId="8c84fa94-04c1-424b-9868-57a2d4851a1d" relativeResultsDirectory="a1fa70ef-ea50-41d5-a251-7c2a0d279e4a" />
    <UnitTestResult executionId="703ad38a-d4cf-434b-96ed-d74532b791e8" testId="4c817324-2212-de07-bdd6-9186b46ce012" testName="JarvisAssistant.UnitTests.Voice.VoiceCommandModelTests.VoiceCommandType_AllValues_AreValid(type: Exit)" computerName="BOSGAME-VELQ7" duration="00:00:00.0000125" startTime="2025-07-25T07:35:48.8847128-04:00" endTime="2025-07-25T07:35:48.8847128-04:00" testType="13cdc9d9-ddb5-4fa4-a97d-d965ccfc6d4b" outcome="Passed" testListId="8c84fa94-04c1-424b-9868-57a2d4851a1d" relativeResultsDirectory="703ad38a-d4cf-434b-96ed-d74532b791e8" />
    <UnitTestResult executionId="f0e11454-9609-497f-b108-a1f42130168f" testId="da3f0dcf-4fec-12b2-a3f9-7f88f10a9299" testName="JarvisAssistant.UnitTests.Core.Converters.ConverterLogicTests.BoolToColorHex_ShouldReturnCorrectColors(isConnected: True, expectedColor: &quot;#4CAF50&quot;)" computerName="BOSGAME-VELQ7" duration="00:00:00.0000659" startTime="2025-07-25T07:35:48.8909152-04:00" endTime="2025-07-25T07:35:48.8909152-04:00" testType="13cdc9d9-ddb5-4fa4-a97d-d965ccfc6d4b" outcome="Passed" testListId="8c84fa94-04c1-424b-9868-57a2d4851a1d" relativeResultsDirectory="f0e11454-9609-497f-b108-a1f42130168f" />
    <UnitTestResult executionId="f726fd81-8eb4-42ad-809b-58a38dac0c3c" testId="051f08b8-5c18-b0d0-cba4-353924e3fb46" testName="JarvisAssistant.UnitTests.Services.PlatformServiceTests.SupportsVoiceInput_ShouldReturnTrueForModernPlatforms(platform: Windows, expected: True)" computerName="BOSGAME-VELQ7" duration="00:00:00.0000164" startTime="2025-07-25T07:35:48.9286645-04:00" endTime="2025-07-25T07:35:48.9286645-04:00" testType="13cdc9d9-ddb5-4fa4-a97d-d965ccfc6d4b" outcome="Passed" testListId="8c84fa94-04c1-424b-9868-57a2d4851a1d" relativeResultsDirectory="f726fd81-8eb4-42ad-809b-58a38dac0c3c" />
    <UnitTestResult executionId="1caf794f-e728-409c-af54-0b2b97dd5021" testId="92ccac8a-d549-c1ff-c52d-1a4330f0b87b" testName="JarvisAssistant.UnitTests.Services.LLM.LLMServerFailureTests.GenerateAsync_ConnectionRefused_ReturnsConnectionError" computerName="BOSGAME-VELQ7" duration="00:00:00.0021708" startTime="2025-07-25T07:35:49.0426675-04:00" endTime="2025-07-25T07:35:49.0426677-04:00" testType="13cdc9d9-ddb5-4fa4-a97d-d965ccfc6d4b" outcome="Passed" testListId="8c84fa94-04c1-424b-9868-57a2d4851a1d" relativeResultsDirectory="1caf794f-e728-409c-af54-0b2b97dd5021" />
    <UnitTestResult executionId="161774f2-ef1a-441f-8dca-312c67f5e354" testId="e77b59a0-046a-1ff8-20b5-843501280539" testName="JarvisAssistant.UnitTests.Services.LLM.LLMErrorHandlerTests.LLMErrorMessages_GetErrorMessage_UnknownErrorCode_ReturnsDefaultMessage" computerName="BOSGAME-VELQ7" duration="00:00:00.0001124" startTime="2025-07-25T07:35:48.9112019-04:00" endTime="2025-07-25T07:35:48.9112020-04:00" testType="13cdc9d9-ddb5-4fa4-a97d-d965ccfc6d4b" outcome="Passed" testListId="8c84fa94-04c1-424b-9868-57a2d4851a1d" relativeResultsDirectory="161774f2-ef1a-441f-8dca-312c67f5e354" />
    <UnitTestResult executionId="fce5ef47-d76d-46f7-8cdb-0c9c439defd3" testId="02ce561b-e8a2-98a4-f957-d770fe54b19e" testName="JarvisAssistant.UnitTests.Integration.LLMServiceIntegrationTests.StreamResponseAsync_WithRealOllamaInstance_StreamsJarvisResponse" computerName="BOSGAME-VELQ7" duration="00:00:00.1120988" startTime="2025-07-25T07:35:50.0807781-04:00" endTime="2025-07-25T07:35:50.0807784-04:00" testType="13cdc9d9-ddb5-4fa4-a97d-d965ccfc6d4b" outcome="Passed" testListId="8c84fa94-04c1-424b-9868-57a2d4851a1d" relativeResultsDirectory="fce5ef47-d76d-46f7-8cdb-0c9c439defd3" />
    <UnitTestResult executionId="fbd6088c-b48a-4884-aba4-ef47d7b6a6ed" testId="cb0f1e91-aa70-8b65-9218-91dab742d433" testName="JarvisAssistant.UnitTests.Services.MauiThemeManagerTests.AvailableThemes_ForAndroid_ShouldIncludeMobileTheme" computerName="BOSGAME-VELQ7" duration="00:00:00.0006370" startTime="2025-07-25T07:35:48.9573691-04:00" endTime="2025-07-25T07:35:48.9573692-04:00" testType="13cdc9d9-ddb5-4fa4-a97d-d965ccfc6d4b" outcome="Passed" testListId="8c84fa94-04c1-424b-9868-57a2d4851a1d" relativeResultsDirectory="fbd6088c-b48a-4884-aba4-ef47d7b6a6ed" />
    <UnitTestResult executionId="55e5ffe8-d067-4b3b-a384-af068edfca19" testId="116caeda-c9f6-0a13-5958-cf1cb732a7f6" testName="JarvisAssistant.UnitTests.Services.LLM.LLMErrorHandlerTests.LLMErrorResponse_ToChatResponse_ReturnsCorrectChatResponse" computerName="BOSGAME-VELQ7" duration="00:00:00.0061440" startTime="2025-07-25T07:35:48.9363398-04:00" endTime="2025-07-25T07:35:48.9363399-04:00" testType="13cdc9d9-ddb5-4fa4-a97d-d965ccfc6d4b" outcome="Passed" testListId="8c84fa94-04c1-424b-9868-57a2d4851a1d" relativeResultsDirectory="55e5ffe8-d067-4b3b-a384-af068edfca19" />
    <UnitTestResult executionId="5469b03e-e1ae-48bc-b0ce-e9f2be5f494e" testId="49675ff4-2fea-6e83-ccbf-b6aea3a8367c" testName="JarvisAssistant.UnitTests.Voice.VoiceCommandProcessorTests.ClassifyCommandAsync_WithValidCommands_ClassifiesCorrectly(commandText: &quot;write some code&quot;, expectedType: GenerateCode)" computerName="BOSGAME-VELQ7" duration="00:00:00.0002978" startTime="2025-07-25T07:35:48.9134397-04:00" endTime="2025-07-25T07:35:48.9134398-04:00" testType="13cdc9d9-ddb5-4fa4-a97d-d965ccfc6d4b" outcome="Passed" testListId="8c84fa94-04c1-424b-9868-57a2d4851a1d" relativeResultsDirectory="5469b03e-e1ae-48bc-b0ce-e9f2be5f494e" />
    <UnitTestResult executionId="3e79ad28-5119-4dfc-93cd-65582985fede" testId="099596ee-c80a-e786-b053-be08291c5ea0" testName="JarvisAssistant.UnitTests.Services.ThemeManagerTests.SaveAndLoadThemePreference_ShouldPersistTheme" computerName="BOSGAME-VELQ7" duration="00:00:00.0006655" startTime="2025-07-25T07:35:48.9727125-04:00" endTime="2025-07-25T07:35:48.9727125-04:00" testType="13cdc9d9-ddb5-4fa4-a97d-d965ccfc6d4b" outcome="Passed" testListId="8c84fa94-04c1-424b-9868-57a2d4851a1d" relativeResultsDirectory="3e79ad28-5119-4dfc-93cd-65582985fede" />
    <UnitTestResult executionId="4f316a80-33a5-4ed5-975d-f2a9183e876b" testId="f0b50d97-406e-b701-dbe7-61c94b5662f3" testName="JarvisAssistant.UnitTests.Voice.VoiceCommandModelTests.VoiceCommandResult_DefaultConstructor_SetsDefaultValues" computerName="BOSGAME-VELQ7" duration="00:00:00.0002250" startTime="2025-07-25T07:35:48.8886342-04:00" endTime="2025-07-25T07:35:48.8886342-04:00" testType="13cdc9d9-ddb5-4fa4-a97d-d965ccfc6d4b" outcome="Passed" testListId="8c84fa94-04c1-424b-9868-57a2d4851a1d" relativeResultsDirectory="4f316a80-33a5-4ed5-975d-f2a9183e876b" />
    <UnitTestResult executionId="795a5e2a-82b4-4482-9be4-83830d92f9c6" testId="853e48d8-3e8d-ac26-aa73-a34f59ad9f95" testName="JarvisAssistant.UnitTests.Voice.VoiceCommandProcessorTests.RegisterCommandHandler_WithValidHandler_RegistersSuccessfully" computerName="BOSGAME-VELQ7" duration="00:00:00.0027686" startTime="2025-07-25T07:35:48.9245944-04:00" endTime="2025-07-25T07:35:48.9245945-04:00" testType="13cdc9d9-ddb5-4fa4-a97d-d965ccfc6d4b" outcome="Passed" testListId="8c84fa94-04c1-424b-9868-57a2d4851a1d" relativeResultsDirectory="795a5e2a-82b4-4482-9be4-83830d92f9c6" />
    <UnitTestResult executionId="59f68356-5b25-4f8c-97d6-283b9d538c7e" testId="c3a10265-0911-22ab-7eb9-e7ea5c52290a" testName="JarvisAssistant.UnitTests.Services.LLM.LLMServerFailureTests.GenerateAsync_HttpStatusCodeFailures_ReturnsSpecificErrorCodes(statusCode: Unauthorized, errorDescription: &quot;Authentication required&quot;)" computerName="BOSGAME-VELQ7" duration="00:00:00.1430178" startTime="2025-07-25T07:35:49.0042764-04:00" endTime="2025-07-25T07:35:49.0042764-04:00" testType="13cdc9d9-ddb5-4fa4-a97d-d965ccfc6d4b" outcome="Passed" testListId="8c84fa94-04c1-424b-9868-57a2d4851a1d" relativeResultsDirectory="59f68356-5b25-4f8c-97d6-283b9d538c7e" />
    <UnitTestResult executionId="8857ef84-9110-4185-af1b-9268de298ace" testId="f049e671-212a-d6ac-9693-ce3e603a55ad" testName="JarvisAssistant.UnitTests.UI.StatusPanelFunctionalityTests.RefreshStatusCommand_ShouldUpdateLastUpdated" computerName="BOSGAME-VELQ7" duration="00:00:00.0141357" startTime="2025-07-25T07:35:48.8912540-04:00" endTime="2025-07-25T07:35:48.8912540-04:00" testType="13cdc9d9-ddb5-4fa4-a97d-d965ccfc6d4b" outcome="Passed" testListId="8c84fa94-04c1-424b-9868-57a2d4851a1d" relativeResultsDirectory="8857ef84-9110-4185-af1b-9268de298ace" />
    <UnitTestResult executionId="31abd83b-015f-49f1-aac1-52034fe5c226" testId="879c6e44-9347-234e-cae3-e94739bcfdbf" testName="JarvisAssistant.UnitTests.UI.InputBlockingRegressionTests.StatusPanelView_ShouldNotBlockMainPageButtonInput" computerName="BOSGAME-VELQ7" duration="00:00:00.0002514" startTime="2025-07-25T07:35:48.8881989-04:00" endTime="2025-07-25T07:35:48.8881990-04:00" testType="13cdc9d9-ddb5-4fa4-a97d-d965ccfc6d4b" outcome="Passed" testListId="8c84fa94-04c1-424b-9868-57a2d4851a1d" relativeResultsDirectory="31abd83b-015f-49f1-aac1-52034fe5c226" />
    <UnitTestResult executionId="6208635f-5545-443c-9a14-33885968f6ce" testId="5087e0c0-da97-d934-02ab-434fce562377" testName="JarvisAssistant.UnitTests.UI.ConceptualMainPageUITests.AllButtons_ShouldBeClickable_ComprehensiveTest" computerName="BOSGAME-VELQ7" duration="00:00:00.0000299" startTime="2025-07-25T07:35:48.8950087-04:00" endTime="2025-07-25T07:35:48.8950088-04:00" testType="13cdc9d9-ddb5-4fa4-a97d-d965ccfc6d4b" outcome="Passed" testListId="8c84fa94-04c1-424b-9868-57a2d4851a1d" relativeResultsDirectory="6208635f-5545-443c-9a14-33885968f6ce" />
    <UnitTestResult executionId="2f444b88-7998-44f5-a7cd-f7463a66ac22" testId="ae91ed51-c729-a947-1c8e-8357c671212b" testName="JarvisAssistant.UnitTests.Services.LLM.LLMErrorHandlerTests.ProcessException_TimeoutException_ReturnsTimeoutError" computerName="BOSGAME-VELQ7" duration="00:00:00.0004533" startTime="2025-07-25T07:35:48.9296901-04:00" endTime="2025-07-25T07:35:48.9296902-04:00" testType="13cdc9d9-ddb5-4fa4-a97d-d965ccfc6d4b" outcome="Passed" testListId="8c84fa94-04c1-424b-9868-57a2d4851a1d" relativeResultsDirectory="2f444b88-7998-44f5-a7cd-f7463a66ac22" />
    <UnitTestResult executionId="1d55ef40-65cb-43aa-a94e-8c0fe5e06a39" testId="a8541e15-ebfb-23f0-373a-aa8b1a0d48fd" testName="JarvisAssistant.UnitTests.Services.OllamaLLMServiceTests.GetActiveModelAsync_WithException_ReturnsErrorMessage" computerName="BOSGAME-VELQ7" duration="00:00:00.0025208" startTime="2025-07-25T07:35:48.9783551-04:00" endTime="2025-07-25T07:35:48.9783552-04:00" testType="13cdc9d9-ddb5-4fa4-a97d-d965ccfc6d4b" outcome="Passed" testListId="8c84fa94-04c1-424b-9868-57a2d4851a1d" relativeResultsDirectory="1d55ef40-65cb-43aa-a94e-8c0fe5e06a39" />
    <UnitTestResult executionId="7fc36f09-71e5-4559-b6a2-675ecd8f18dc" testId="84777f2a-a169-7113-edc8-b29ec0118eb9" testName="JarvisAssistant.UnitTests.Integration.LiveOllamaConnectionTests.LiveConnection_CheckSpecificModel_ShouldReportAvailability(modelName: &quot;llama3.2&quot;)" computerName="BOSGAME-VELQ7" duration="00:00:00.1015265" startTime="2025-07-25T07:35:55.5993132-04:00" endTime="2025-07-25T07:35:55.5993134-04:00" testType="13cdc9d9-ddb5-4fa4-a97d-d965ccfc6d4b" outcome="Passed" testListId="8c84fa94-04c1-424b-9868-57a2d4851a1d" relativeResultsDirectory="7fc36f09-71e5-4559-b6a2-675ecd8f18dc" />
    <UnitTestResult executionId="104d1a66-1dee-4e8d-8ff1-310036b82d4b" testId="ea03a96c-636d-2338-48a1-fff1a7d770cc" testName="JarvisAssistant.UnitTests.UI.MAUIMainPageUITests.StartChatBtn_KeyboardNavigation_ShouldAlsoWork" computerName="BOSGAME-VELQ7" duration="00:00:00.0013676" startTime="2025-07-25T07:35:49.0034171-04:00" endTime="2025-07-25T07:35:49.0034173-04:00" testType="13cdc9d9-ddb5-4fa4-a97d-d965ccfc6d4b" outcome="Passed" testListId="8c84fa94-04c1-424b-9868-57a2d4851a1d" relativeResultsDirectory="104d1a66-1dee-4e8d-8ff1-310036b82d4b" />
    <UnitTestResult executionId="1dd36d2a-6a21-4752-9f73-c8d5b49046c3" testId="31b6e9bc-d917-6f5b-db99-db472050e79f" testName="JarvisAssistant.UnitTests.Services.RateLimitServiceTests.GetWaitTimeAsync_WithNoRequests_ReturnsNull" computerName="BOSGAME-VELQ7" duration="00:00:00.0009156" startTime="2025-07-25T07:35:48.9748944-04:00" endTime="2025-07-25T07:35:48.9748945-04:00" testType="13cdc9d9-ddb5-4fa4-a97d-d965ccfc6d4b" outcome="Passed" testListId="8c84fa94-04c1-424b-9868-57a2d4851a1d" relativeResultsDirectory="1dd36d2a-6a21-4752-9f73-c8d5b49046c3" />
    <UnitTestResult executionId="a47ba2d3-4f94-4b2f-990a-8f2471f05e05" testId="18ac0c6a-c8b0-50b1-6576-1633f352bb59" testName="JarvisAssistant.UnitTests.Voice.VoiceCommandProcessorTests.SupportedCommands_ContainsAllDefaultCommands(commandType: Settings)" computerName="BOSGAME-VELQ7" duration="00:00:00.0002821" startTime="2025-07-25T07:35:48.9210248-04:00" endTime="2025-07-25T07:35:48.9210249-04:00" testType="13cdc9d9-ddb5-4fa4-a97d-d965ccfc6d4b" outcome="Passed" testListId="8c84fa94-04c1-424b-9868-57a2d4851a1d" relativeResultsDirectory="a47ba2d3-4f94-4b2f-990a-8f2471f05e05" />
    <UnitTestResult executionId="81c0aa61-0fd5-4094-afdd-593964b1cfe0" testId="75d5c589-d8d2-ac4b-4ebb-f7352e64a2e9" testName="JarvisAssistant.UnitTests.Voice.VoiceServiceStatusTests.VoiceServiceHealthChecker_Should_Identify_ElevenLabsVoiceService" computerName="BOSGAME-VELQ7" duration="00:00:00.0004710" startTime="2025-07-25T07:35:48.9353126-04:00" endTime="2025-07-25T07:35:48.9353127-04:00" testType="13cdc9d9-ddb5-4fa4-a97d-d965ccfc6d4b" outcome="Passed" testListId="8c84fa94-04c1-424b-9868-57a2d4851a1d" relativeResultsDirectory="81c0aa61-0fd5-4094-afdd-593964b1cfe0" />
    <UnitTestResult executionId="3f3a06c9-5e6c-4e2d-9bb1-b93c1506ca7f" testId="c5f3ef08-0176-c058-0eed-f37af611157c" testName="JarvisAssistant.UnitTests.UI.MAUIStatusPanelUITests.StatusPanel_ServiceIcons_ShouldReflectState" computerName="BOSGAME-VELQ7" duration="00:00:00.0026606" startTime="2025-07-25T07:35:49.0558774-04:00" endTime="2025-07-25T07:35:49.0558775-04:00" testType="13cdc9d9-ddb5-4fa4-a97d-d965ccfc6d4b" outcome="Passed" testListId="8c84fa94-04c1-424b-9868-57a2d4851a1d" relativeResultsDirectory="3f3a06c9-5e6c-4e2d-9bb1-b93c1506ca7f" />
    <UnitTestResult executionId="2e4cdd11-b345-4c40-b730-9f0662c013ff" testId="32faaa3e-3258-d792-2d06-b5c9f8052531" testName="JarvisAssistant.UnitTests.Services.ThemeManagerTests.AvailableThemes_WithiOSPlatform_ShouldIncludeMobile" computerName="BOSGAME-VELQ7" duration="00:00:00.0004589" startTime="2025-07-25T07:35:48.9712976-04:00" endTime="2025-07-25T07:35:48.9712977-04:00" testType="13cdc9d9-ddb5-4fa4-a97d-d965ccfc6d4b" outcome="Passed" testListId="8c84fa94-04c1-424b-9868-57a2d4851a1d" relativeResultsDirectory="2e4cdd11-b345-4c40-b730-9f0662c013ff" />
    <UnitTestResult executionId="9ec17e7e-3477-4a43-8de0-86cd111aaf28" testId="7543527f-24b6-e7c3-dd17-21e8374e449a" testName="JarvisAssistant.UnitTests.Services.ServiceHealthCheckerTests.CheckServiceHealthAsync_WithHealthyService_ReturnsOnlineStatus" computerName="BOSGAME-VELQ7" duration="00:00:00.0005990" startTime="2025-07-25T07:35:49.9913774-04:00" endTime="2025-07-25T07:35:49.9913775-04:00" testType="13cdc9d9-ddb5-4fa4-a97d-d965ccfc6d4b" outcome="Passed" testListId="8c84fa94-04c1-424b-9868-57a2d4851a1d" relativeResultsDirectory="9ec17e7e-3477-4a43-8de0-86cd111aaf28" />
    <UnitTestResult executionId="2989419d-14e1-4c55-909a-378d73e51ba5" testId="6fc144e7-3a6a-81cf-d097-c4fa267d98b8" testName="JarvisAssistant.UnitTests.Core.Models.ChatMessageCoreTests.IsFromUser_WhenSet_ShouldUpdateRelatedProperties" computerName="BOSGAME-VELQ7" duration="00:00:00.0003504" startTime="2025-07-25T07:35:48.8858884-04:00" endTime="2025-07-25T07:35:48.8858884-04:00" testType="13cdc9d9-ddb5-4fa4-a97d-d965ccfc6d4b" outcome="Passed" testListId="8c84fa94-04c1-424b-9868-57a2d4851a1d" relativeResultsDirectory="2989419d-14e1-4c55-909a-378d73e51ba5" />
    <UnitTestResult executionId="54c556c5-d172-4823-9d77-596d1664c583" testId="cda5e675-d38b-08fc-bb6d-e616a5850577" testName="JarvisAssistant.UnitTests.Voice.VoiceCommandProcessorTests.GetCommandPatterns_WithInvalidCommandType_ReturnsEmptyList" computerName="BOSGAME-VELQ7" duration="00:00:00.0002367" startTime="2025-07-25T07:35:48.9224925-04:00" endTime="2025-07-25T07:35:48.9224925-04:00" testType="13cdc9d9-ddb5-4fa4-a97d-d965ccfc6d4b" outcome="Passed" testListId="8c84fa94-04c1-424b-9868-57a2d4851a1d" relativeResultsDirectory="54c556c5-d172-4823-9d77-596d1664c583" />
    <UnitTestResult executionId="0edd7551-8de0-4207-971d-8cf7b1296857" testId="a15ba427-b565-e2d7-9f49-e5000bc1e510" testName="JarvisAssistant.UnitTests.UI.MAUIUIIntegrationTests.Platform_MainPageButtons_ShouldWorkOnAllPlatforms(platform: &quot;WinUI&quot;)" computerName="BOSGAME-VELQ7" duration="00:00:00.0000578" startTime="2025-07-25T07:35:48.8915842-04:00" endTime="2025-07-25T07:35:48.8915843-04:00" testType="13cdc9d9-ddb5-4fa4-a97d-d965ccfc6d4b" outcome="Passed" testListId="8c84fa94-04c1-424b-9868-57a2d4851a1d" relativeResultsDirectory="0edd7551-8de0-4207-971d-8cf7b1296857" />
    <UnitTestResult executionId="f097a8c9-76d7-40cc-8c12-c06c6150a202" testId="6a136a94-10c4-e9d7-b66c-26a87d1671f8" testName="JarvisAssistant.UnitTests.Services.LLM.IOllamaClientAbstractionTests.IOllamaClient_StreamGenerateAsync_CanBeMocked" computerName="BOSGAME-VELQ7" duration="00:00:00.0774143" startTime="2025-07-25T07:35:49.0195479-04:00" endTime="2025-07-25T07:35:49.0195481-04:00" testType="13cdc9d9-ddb5-4fa4-a97d-d965ccfc6d4b" outcome="Passed" testListId="8c84fa94-04c1-424b-9868-57a2d4851a1d" relativeResultsDirectory="f097a8c9-76d7-40cc-8c12-c06c6150a202" />
    <UnitTestResult executionId="29af7fb5-aa99-4720-824f-5fa2cf8b0436" testId="8472782a-9f13-7933-7844-ef438e631559" testName="JarvisAssistant.UnitTests.Services.LLM.LLMErrorHandlerTests.ProcessException_HttpRequestException_RateLimit_ReturnsCorrectErrorCode(exceptionMessage: &quot;Too many requests&quot;, expectedErrorCode: &quot;LLM-HTTP-429-001&quot;)" computerName="BOSGAME-VELQ7" duration="00:00:00.0001459" startTime="2025-07-25T07:35:48.9133407-04:00" endTime="2025-07-25T07:35:48.9133407-04:00" testType="13cdc9d9-ddb5-4fa4-a97d-d965ccfc6d4b" outcome="Passed" testListId="8c84fa94-04c1-424b-9868-57a2d4851a1d" relativeResultsDirectory="29af7fb5-aa99-4720-824f-5fa2cf8b0436" />
    <UnitTestResult executionId="561f3420-2276-4a9c-853e-2018034a68ef" testId="c68d0a62-fb7c-76d8-55b6-7f554f5d6b66" testName="JarvisAssistant.UnitTests.UI.MAUIMainPageUITests.StatusPanel_ExpandCollapse_ShouldWork" computerName="BOSGAME-VELQ7" duration="00:00:00.0304517" startTime="2025-07-25T07:35:48.9949405-04:00" endTime="2025-07-25T07:35:48.9949405-04:00" testType="13cdc9d9-ddb5-4fa4-a97d-d965ccfc6d4b" outcome="Passed" testListId="8c84fa94-04c1-424b-9868-57a2d4851a1d" relativeResultsDirectory="561f3420-2276-4a9c-853e-2018034a68ef" />
    <UnitTestResult executionId="bcb7a053-4c36-44df-8d97-6b3fface8d40" testId="2c13924f-bdf2-2c12-f899-f3c9e789e655" testName="JarvisAssistant.UnitTests.UI.MAUIMainPageUITests.Buttons_ShouldRespondToPlatformSpecificInput(platform: &quot;iOS&quot;, inputMethod: &quot;Touch&quot;)" computerName="BOSGAME-VELQ7" duration="00:00:00.0016171" startTime="2025-07-25T07:35:48.9299569-04:00" endTime="2025-07-25T07:35:48.9299570-04:00" testType="13cdc9d9-ddb5-4fa4-a97d-d965ccfc6d4b" outcome="Passed" testListId="8c84fa94-04c1-424b-9868-57a2d4851a1d" relativeResultsDirectory="bcb7a053-4c36-44df-8d97-6b3fface8d40" />
    <UnitTestResult executionId="4dea8414-8a6d-4c6c-9d81-9187e9c1e951" testId="273234ad-6f46-6eec-9e4b-d93418d754ac" testName="JarvisAssistant.UnitTests.Voice.VoiceModeManagerTests.DisableVoiceModeAsync_WhenToggleModeAndActive_ReturnsTrue" computerName="BOSGAME-VELQ7" duration="00:00:00.0015011" startTime="2025-07-25T07:35:49.1846688-04:00" endTime="2025-07-25T07:35:49.1846691-04:00" testType="13cdc9d9-ddb5-4fa4-a97d-d965ccfc6d4b" outcome="Passed" testListId="8c84fa94-04c1-424b-9868-57a2d4851a1d" relativeResultsDirectory="4dea8414-8a6d-4c6c-9d81-9187e9c1e951" />
    <UnitTestResult executionId="41472927-8438-4cab-a259-cdf004af15c2" testId="4efbe584-f950-8ae3-6c6e-d961451debd2" testName="JarvisAssistant.UnitTests.Voice.VoiceCommandModelTests.VoiceCommandResult_CreateSuccess_CreatesSuccessfulResult" computerName="BOSGAME-VELQ7" duration="00:00:00.0004173" startTime="2025-07-25T07:35:48.8863442-04:00" endTime="2025-07-25T07:35:48.8863443-04:00" testType="13cdc9d9-ddb5-4fa4-a97d-d965ccfc6d4b" outcome="Passed" testListId="8c84fa94-04c1-424b-9868-57a2d4851a1d" relativeResultsDirectory="41472927-8438-4cab-a259-cdf004af15c2" />
    <UnitTestResult executionId="3d39a60f-41a2-4ba2-9aec-37e1e65996c0" testId="c301ab54-a942-f709-bae9-a65a1f42fbbc" testName="JarvisAssistant.UnitTests.Voice.VoiceCommandProcessorTests.CommandProcessed_Event_RaisedWhenCommandCompleted" computerName="BOSGAME-VELQ7" duration="00:00:00.1065260" startTime="2025-07-25T07:35:49.3598012-04:00" endTime="2025-07-25T07:35:49.3598013-04:00" testType="13cdc9d9-ddb5-4fa4-a97d-d965ccfc6d4b" outcome="Passed" testListId="8c84fa94-04c1-424b-9868-57a2d4851a1d" relativeResultsDirectory="3d39a60f-41a2-4ba2-9aec-37e1e65996c0" />
    <UnitTestResult executionId="5d41dbd4-2206-4fca-a545-8be675f6cf97" testId="c74fe9e1-13bd-e7f4-127a-3e6d748cb532" testName="JarvisAssistant.UnitTests.Services.LLM.PersonalityServiceTests.GetSystemPrompt_WithValidQueryType_ReturnsPrompt(queryType: Error)" computerName="BOSGAME-VELQ7" duration="00:00:00.0008748" startTime="2025-07-25T07:35:49.0139102-04:00" endTime="2025-07-25T07:35:49.0139103-04:00" testType="13cdc9d9-ddb5-4fa4-a97d-d965ccfc6d4b" outcome="Passed" testListId="8c84fa94-04c1-424b-9868-57a2d4851a1d" relativeResultsDirectory="5d41dbd4-2206-4fca-a545-8be675f6cf97" />
    <UnitTestResult executionId="34761f52-1332-437c-bf16-8e1a88f799eb" testId="3677d2eb-52f5-17fb-e462-acb5b7ff6554" testName="JarvisAssistant.UnitTests.Services.ServiceHealthCheckerTests.CheckServiceHealthAsync_WithConsecutiveFailures_ImplementsBackoff" computerName="BOSGAME-VELQ7" duration="00:00:00.0010187" startTime="2025-07-25T07:35:49.9899683-04:00" endTime="2025-07-25T07:35:49.9899685-04:00" testType="13cdc9d9-ddb5-4fa4-a97d-d965ccfc6d4b" outcome="Passed" testListId="8c84fa94-04c1-424b-9868-57a2d4851a1d" relativeResultsDirectory="34761f52-1332-437c-bf16-8e1a88f799eb" />
    <UnitTestResult executionId="9024e764-1cf3-4bee-9fc3-45317455ef4f" testId="8150db1c-edac-d31a-4e40-4cc271f179ce" testName="JarvisAssistant.UnitTests.Services.LLM.LLMErrorHandlerTests.LLMErrorMessages_GetErrorMessage_ReturnsNonEmptyMessage(errorCode: &quot;LLM-MODEL-001&quot;)" computerName="BOSGAME-VELQ7" duration="00:00:00.0702977" startTime="2025-07-25T07:35:48.9028441-04:00" endTime="2025-07-25T07:35:48.9028443-04:00" testType="13cdc9d9-ddb5-4fa4-a97d-d965ccfc6d4b" outcome="Passed" testListId="8c84fa94-04c1-424b-9868-57a2d4851a1d" relativeResultsDirectory="9024e764-1cf3-4bee-9fc3-45317455ef4f" />
    <UnitTestResult executionId="31cf2b76-bb28-45c6-8bcb-f193f6688158" testId="e3572f70-a096-134a-61e9-02f8bfa9a209" testName="JarvisAssistant.UnitTests.Core.Models.ChatMessageCoreTests.Type_WhenSet_ShouldUpdateRelatedProperties" computerName="BOSGAME-VELQ7" duration="00:00:00.0020358" startTime="2025-07-25T07:35:48.8850092-04:00" endTime="2025-07-25T07:35:48.8850092-04:00" testType="13cdc9d9-ddb5-4fa4-a97d-d965ccfc6d4b" outcome="Passed" testListId="8c84fa94-04c1-424b-9868-57a2d4851a1d" relativeResultsDirectory="31cf2b76-bb28-45c6-8bcb-f193f6688158" />
    <UnitTestResult executionId="acd3edec-0220-4200-b943-1892c772ab79" testId="a057067d-30f9-7e4a-1aef-a81536a45b04" testName="JarvisAssistant.UnitTests.Services.LLM.OllamaClientTests.GenerateAsync_WithDifferentQueryTypes_UsesCorrectModel(queryType: Error, expectedModel: &quot;deepseek-coder&quot;)" computerName="BOSGAME-VELQ7" duration="00:00:00.0011850" startTime="2025-07-25T07:35:49.0156973-04:00" endTime="2025-07-25T07:35:49.0156974-04:00" testType="13cdc9d9-ddb5-4fa4-a97d-d965ccfc6d4b" outcome="Passed" testListId="8c84fa94-04c1-424b-9868-57a2d4851a1d" relativeResultsDirectory="acd3edec-0220-4200-b943-1892c772ab79" />
    <UnitTestResult executionId="934230ac-24be-45cd-af90-eb0a1bfb4f7a" testId="a35d8f48-346f-8bde-b9ee-bc56545f2236" testName="JarvisAssistant.UnitTests.Services.LLM.LLMErrorHandlerTests.ProcessException_HttpRequestException_404_ReturnsCorrectErrorCode(exceptionMessage: &quot;404 endpoint not found&quot;, expectedErrorCode: &quot;LLM-HTTP-404-001&quot;, expectedRetryable: False)" computerName="BOSGAME-VELQ7" duration="00:00:00.0002442" startTime="2025-07-25T07:35:48.9106739-04:00" endTime="2025-07-25T07:35:48.9106740-04:00" testType="13cdc9d9-ddb5-4fa4-a97d-d965ccfc6d4b" outcome="Passed" testListId="8c84fa94-04c1-424b-9868-57a2d4851a1d" relativeResultsDirectory="934230ac-24be-45cd-af90-eb0a1bfb4f7a" />
    <UnitTestResult executionId="fe73fb4b-44fc-47b2-9a4d-d55322100435" testId="818ab1ad-737f-a88f-ee9b-bb71acfdcb4f" testName="JarvisAssistant.UnitTests.UI.MainPageButtonInteractionTests.NavigationService_ShouldHandleNavigationErrors" computerName="BOSGAME-VELQ7" duration="00:00:00.0004868" startTime="2025-07-25T07:35:48.8957949-04:00" endTime="2025-07-25T07:35:48.8957951-04:00" testType="13cdc9d9-ddb5-4fa4-a97d-d965ccfc6d4b" outcome="Passed" testListId="8c84fa94-04c1-424b-9868-57a2d4851a1d" relativeResultsDirectory="fe73fb4b-44fc-47b2-9a4d-d55322100435" />
    <UnitTestResult executionId="2407b693-72e2-4c3a-9ae2-34cf3650199d" testId="07dc2bfe-4740-8bfa-c6b3-326e5295cea3" testName="JarvisAssistant.UnitTests.Voice.VoiceCommandProcessorTests.ClassifyCommandAsync_WithInvalidInput_ReturnsUnknownType(commandText: &quot;   &quot;)" computerName="BOSGAME-VELQ7" duration="00:00:00.0000825" startTime="2025-07-25T07:35:48.9156262-04:00" endTime="2025-07-25T07:35:48.9156265-04:00" testType="13cdc9d9-ddb5-4fa4-a97d-d965ccfc6d4b" outcome="Passed" testListId="8c84fa94-04c1-424b-9868-57a2d4851a1d" relativeResultsDirectory="2407b693-72e2-4c3a-9ae2-34cf3650199d" />
    <UnitTestResult executionId="b290e7eb-ae9f-452d-8df3-6d6ae02ea994" testId="952fe74e-4eec-dcaa-601a-49e99a23ed99" testName="JarvisAssistant.UnitTests.Services.LLM.LLMErrorHandlerTests.LLMErrorMessages_GetErrorMessage_ReturnsNonEmptyMessage(errorCode: &quot;LLM-HTTP-500-001&quot;)" computerName="BOSGAME-VELQ7" duration="00:00:00.0000164" startTime="2025-07-25T07:35:48.9038835-04:00" endTime="2025-07-25T07:35:48.9038836-04:00" testType="13cdc9d9-ddb5-4fa4-a97d-d965ccfc6d4b" outcome="Passed" testListId="8c84fa94-04c1-424b-9868-57a2d4851a1d" relativeResultsDirectory="b290e7eb-ae9f-452d-8df3-6d6ae02ea994" />
    <UnitTestResult executionId="9a6535ba-4c26-47e3-903f-ab7b17ad6731" testId="67623f51-4623-3d6d-ce86-0f6a59180cd8" testName="JarvisAssistant.UnitTests.Services.LLM.PersonalityServiceTests.FormatResponseAsync_ConsistentPersonality_MaintainsStyle" computerName="BOSGAME-VELQ7" duration="00:00:00.0020573" startTime="2025-07-25T07:35:49.0394775-04:00" endTime="2025-07-25T07:35:49.0394776-04:00" testType="13cdc9d9-ddb5-4fa4-a97d-d965ccfc6d4b" outcome="Passed" testListId="8c84fa94-04c1-424b-9868-57a2d4851a1d" relativeResultsDirectory="9a6535ba-4c26-47e3-903f-ab7b17ad6731" />
    <UnitTestResult executionId="b3b81372-b7f4-4fbd-9080-d80ec327d447" testId="27314294-52ba-1e95-8ea5-746e88b2b990" testName="JarvisAssistant.UnitTests.Integration.ChatIntegrationTests.VoiceService_RecognizeSpeech_ShouldReturnText" computerName="BOSGAME-VELQ7" duration="00:00:00.0005229" startTime="2025-07-25T07:35:48.8890787-04:00" endTime="2025-07-25T07:35:48.8890788-04:00" testType="13cdc9d9-ddb5-4fa4-a97d-d965ccfc6d4b" outcome="Passed" testListId="8c84fa94-04c1-424b-9868-57a2d4851a1d" relativeResultsDirectory="b3b81372-b7f4-4fbd-9080-d80ec327d447" />
    <UnitTestResult executionId="a85943c8-9a70-43b7-a427-997d2a86f23b" testId="f2823219-5eab-891e-0b48-1085d282906e" testName="JarvisAssistant.UnitTests.Core.Converters.ConverterLogicTests.MessageTypeToColorHex_ShouldReturnCorrectColors(messageType: Voice, expectedColor: &quot;#00E5FF&quot;)" computerName="BOSGAME-VELQ7" duration="00:00:00.0000052" startTime="2025-07-25T07:35:48.8908791-04:00" endTime="2025-07-25T07:35:48.8908792-04:00" testType="13cdc9d9-ddb5-4fa4-a97d-d965ccfc6d4b" outcome="Passed" testListId="8c84fa94-04c1-424b-9868-57a2d4851a1d" relativeResultsDirectory="a85943c8-9a70-43b7-a427-997d2a86f23b" />
    <UnitTestResult executionId="0724f0eb-ebb2-49e1-a483-e9529d5c421a" testId="cb3113a4-24e3-7a7b-f4c3-ee42cb216b54" testName="JarvisAssistant.UnitTests.Integration.LLMErrorDiagnosticTests.DiagnosticTest_AllTimeoutErrors_GenerateCorrectErrorResponses" computerName="BOSGAME-VELQ7" duration="00:00:00.0045029" startTime="2025-07-25T07:35:49.0508077-04:00" endTime="2025-07-25T07:35:49.0508081-04:00" testType="13cdc9d9-ddb5-4fa4-a97d-d965ccfc6d4b" outcome="Passed" testListId="8c84fa94-04c1-424b-9868-57a2d4851a1d" relativeResultsDirectory="0724f0eb-ebb2-49e1-a483-e9529d5c421a" />
    <UnitTestResult executionId="1c41e079-857e-43b5-920b-beadf97e4537" testId="9be2ee9c-01f8-3eba-f547-8dc310529c76" testName="JarvisAssistant.UnitTests.UI.MainPageButtonInteractionTests.MultipleNavigationAttempts_ShouldBeHandledCorrectly" computerName="BOSGAME-VELQ7" duration="00:00:00.0004755" startTime="2025-07-25T07:35:48.8974277-04:00" endTime="2025-07-25T07:35:48.8974279-04:00" testType="13cdc9d9-ddb5-4fa4-a97d-d965ccfc6d4b" outcome="Passed" testListId="8c84fa94-04c1-424b-9868-57a2d4851a1d" relativeResultsDirectory="1c41e079-857e-43b5-920b-beadf97e4537" />
    <UnitTestResult executionId="4f6f8627-95c0-4af6-9cfb-10471557d311" testId="9357b589-474b-8fd1-1cb7-7641ee0c304a" testName="JarvisAssistant.UnitTests.Services.RateLimitServiceTests.CanMakeRequestAsync_WithinLimits_ReturnsTrue" computerName="BOSGAME-VELQ7" duration="00:00:00.0010850" startTime="2025-07-25T07:35:48.9755139-04:00" endTime="2025-07-25T07:35:48.9755140-04:00" testType="13cdc9d9-ddb5-4fa4-a97d-d965ccfc6d4b" outcome="Passed" testListId="8c84fa94-04c1-424b-9868-57a2d4851a1d" relativeResultsDirectory="4f6f8627-95c0-4af6-9cfb-10471557d311" />
    <UnitTestResult executionId="1bc4e189-8ffc-4e2e-a51e-a57415b113fd" testId="9fa48edb-ae8e-7432-1c01-9bb7e70c4c75" testName="JarvisAssistant.UnitTests.UI.MainPageButtonInteractionTests.DialogService_ShouldHandleSettingsDialog" computerName="BOSGAME-VELQ7" duration="00:00:00.0003083" startTime="2025-07-25T07:35:48.8968507-04:00" endTime="2025-07-25T07:35:48.8968508-04:00" testType="13cdc9d9-ddb5-4fa4-a97d-d965ccfc6d4b" outcome="Passed" testListId="8c84fa94-04c1-424b-9868-57a2d4851a1d" relativeResultsDirectory="1bc4e189-8ffc-4e2e-a51e-a57415b113fd" />
    <UnitTestResult executionId="c80d5701-6d47-4823-8303-e6efc03944cf" testId="486dd627-2322-a135-54ec-9a7dd2f0088c" testName="JarvisAssistant.UnitTests.Services.LLM.LLMServerFailureTests.StreamGenerateAsync_ConnectionDropped_HandlesGracefully" computerName="BOSGAME-VELQ7" duration="00:00:00.0045866" startTime="2025-07-25T07:35:49.0760438-04:00" endTime="2025-07-25T07:35:49.0760440-04:00" testType="13cdc9d9-ddb5-4fa4-a97d-d965ccfc6d4b" outcome="Passed" testListId="8c84fa94-04c1-424b-9868-57a2d4851a1d" relativeResultsDirectory="c80d5701-6d47-4823-8303-e6efc03944cf" />
    <UnitTestResult executionId="773edbb6-27c9-4c95-86f2-560f16ef141b" testId="4e8941ba-e8ac-251b-9679-5cec33f3e191" testName="JarvisAssistant.UnitTests.Services.ErrorHandlingServiceTests.LogErrorAsync_WithDifferentSeverities_ShouldUseCorrectLogLevel(severity: Critical, expectedLogLevel: Critical)" computerName="BOSGAME-VELQ7" duration="00:00:00.0015470" startTime="2025-07-25T07:35:48.9675324-04:00" endTime="2025-07-25T07:35:48.9675324-04:00" testType="13cdc9d9-ddb5-4fa4-a97d-d965ccfc6d4b" outcome="Passed" testListId="8c84fa94-04c1-424b-9868-57a2d4851a1d" relativeResultsDirectory="773edbb6-27c9-4c95-86f2-560f16ef141b" />
    <UnitTestResult executionId="3ec27867-a1bb-4ff2-8474-4cb174a58e21" testId="3f2ac24f-27f2-8335-b377-8da53ec51587" testName="JarvisAssistant.UnitTests.Integration.LLMServiceIntegrationTests.SendMessageAsync_WithCodeQuery_UsesCodeModel" computerName="BOSGAME-VELQ7" duration="00:00:00.1850357" startTime="2025-07-25T07:35:49.2477878-04:00" endTime="2025-07-25T07:35:49.2477882-04:00" testType="13cdc9d9-ddb5-4fa4-a97d-d965ccfc6d4b" outcome="Passed" testListId="8c84fa94-04c1-424b-9868-57a2d4851a1d" relativeResultsDirectory="3ec27867-a1bb-4ff2-8474-4cb174a58e21" />
    <UnitTestResult executionId="d877d1bf-eaca-48ab-a2c5-28a74355937e" testId="9c29289e-aa17-6070-ff52-ea4432c45dfe" testName="JarvisAssistant.UnitTests.Services.MauiThemeManagerTests.LoadThemePreferenceAsync_ShouldReturnSystemThemeByDefault" computerName="BOSGAME-VELQ7" duration="00:00:00.0006051" startTime="2025-07-25T07:35:48.9755560-04:00" endTime="2025-07-25T07:35:48.9755560-04:00" testType="13cdc9d9-ddb5-4fa4-a97d-d965ccfc6d4b" outcome="Passed" testListId="8c84fa94-04c1-424b-9868-57a2d4851a1d" relativeResultsDirectory="d877d1bf-eaca-48ab-a2c5-28a74355937e" />
    <UnitTestResult executionId="565bfeaf-41df-495a-8124-8c91c4f24460" testId="9ade8187-1d6f-8343-8b5b-5d47bc0efd08" testName="JarvisAssistant.UnitTests.Integration.LLMServiceIntegrationTests.SendMessageAsync_WithDifferentQueryTypes_ReturnsAppropriateResponses(message: &quot;Explain quantum computing&quot;, expectedQueryType: Technical)" computerName="BOSGAME-VELQ7" duration="00:00:00.0939442" startTime="2025-07-25T07:35:49.6605116-04:00" endTime="2025-07-25T07:35:49.6605118-04:00" testType="13cdc9d9-ddb5-4fa4-a97d-d965ccfc6d4b" outcome="Passed" testListId="8c84fa94-04c1-424b-9868-57a2d4851a1d" relativeResultsDirectory="565bfeaf-41df-495a-8124-8c91c4f24460" />
    <UnitTestResult executionId="a61e5747-23fc-49b2-ad0b-891a5efbbb69" testId="92c3d295-24cf-9cdc-6ca9-fb468b3d1d16" testName="JarvisAssistant.UnitTests.Services.ThemeManagerTests.LoadThemeResourcesAsync_AnyTheme_ShouldCompleteSuccessfully(theme: Desktop)" computerName="BOSGAME-VELQ7" duration="00:00:00.0024229" startTime="2025-07-25T07:35:48.9666842-04:00" endTime="2025-07-25T07:35:48.9666843-04:00" testType="13cdc9d9-ddb5-4fa4-a97d-d965ccfc6d4b" outcome="Passed" testListId="8c84fa94-04c1-424b-9868-57a2d4851a1d" relativeResultsDirectory="a61e5747-23fc-49b2-ad0b-891a5efbbb69" />
    <UnitTestResult executionId="2078ce06-157c-41e2-a84f-924cbb022f34" testId="a12f6316-debc-36a8-7f02-775e0648d19b" testName="JarvisAssistant.UnitTests.Integration.ElevenLabsVoiceIntegrationTests.RateLimitService_Integration_WorksCorrectly" computerName="BOSGAME-VELQ7" duration="00:00:00.0016240" startTime="2025-07-25T07:35:49.4008857-04:00" endTime="2025-07-25T07:35:49.4008858-04:00" testType="13cdc9d9-ddb5-4fa4-a97d-d965ccfc6d4b" outcome="Passed" testListId="8c84fa94-04c1-424b-9868-57a2d4851a1d" relativeResultsDirectory="2078ce06-157c-41e2-a84f-924cbb022f34" />
    <UnitTestResult executionId="b7466b0e-5da5-4bea-bb15-e4bdbe97acd7" testId="02554681-fc86-0429-84cd-fe0d1cd35d48" testName="JarvisAssistant.UnitTests.Services.ElevenLabsVoiceServiceTests.GenerateSpeechAsync_EnhancesTextForJarvis" computerName="BOSGAME-VELQ7" duration="00:00:00.0026617" startTime="2025-07-25T07:35:49.0567990-04:00" endTime="2025-07-25T07:35:49.0567991-04:00" testType="13cdc9d9-ddb5-4fa4-a97d-d965ccfc6d4b" outcome="Passed" testListId="8c84fa94-04c1-424b-9868-57a2d4851a1d" relativeResultsDirectory="b7466b0e-5da5-4bea-bb15-e4bdbe97acd7" />
    <UnitTestResult executionId="b9354726-b23f-4eea-b351-c5c4ceae6281" testId="7163904b-1a95-3dbf-3034-62bcfebc46d2" testName="JarvisAssistant.UnitTests.Services.LLM.PersonalityServiceTests.GetSystemPrompt_WithValidQueryType_ReturnsPrompt(queryType: Creative)" computerName="BOSGAME-VELQ7" duration="00:00:00.0007152" startTime="2025-07-25T07:35:49.0154964-04:00" endTime="2025-07-25T07:35:49.0154965-04:00" testType="13cdc9d9-ddb5-4fa4-a97d-d965ccfc6d4b" outcome="Passed" testListId="8c84fa94-04c1-424b-9868-57a2d4851a1d" relativeResultsDirectory="b9354726-b23f-4eea-b351-c5c4ceae6281" />
    <UnitTestResult executionId="f9cf0884-db3a-4a20-92f5-208400608d20" testId="fbe55c65-3591-3489-b5ee-8fc78e73a4b6" testName="JarvisAssistant.UnitTests.UI.MainPageButtonInteractionTests.NavigationService_ShouldHandleVoiceDemoNavigation" computerName="BOSGAME-VELQ7" duration="00:00:00.0000723" startTime="2025-07-25T07:35:48.8974949-04:00" endTime="2025-07-25T07:35:48.8974950-04:00" testType="13cdc9d9-ddb5-4fa4-a97d-d965ccfc6d4b" outcome="Passed" testListId="8c84fa94-04c1-424b-9868-57a2d4851a1d" relativeResultsDirectory="f9cf0884-db3a-4a20-92f5-208400608d20" />
    <UnitTestResult executionId="4e400636-3bb7-41ab-ac85-34d3cabfc8a7" testId="a0a031fd-7c6a-a77e-5a35-cea19411c997" testName="JarvisAssistant.UnitTests.UI.MAUIStatusPanelUITests.StatusPanel_PlatformInput_ShouldWork(platform: &quot;WinUI&quot;, inputMethod: &quot;Mouse&quot;)" computerName="BOSGAME-VELQ7" duration="00:00:00.0152639" startTime="2025-07-25T07:35:48.9559802-04:00" endTime="2025-07-25T07:35:48.9559804-04:00" testType="13cdc9d9-ddb5-4fa4-a97d-d965ccfc6d4b" outcome="Passed" testListId="8c84fa94-04c1-424b-9868-57a2d4851a1d" relativeResultsDirectory="4e400636-3bb7-41ab-ac85-34d3cabfc8a7" />
    <UnitTestResult executionId="ccaa52dc-191e-4946-97bc-8cc784d41616" testId="a472564c-9818-bb8c-f8e6-d31ebb85acaa" testName="JarvisAssistant.UnitTests.Services.LLM.LLMErrorHandlerTests.ProcessException_SocketException_ConnectionRefused_HasCorrectSuggestion" computerName="BOSGAME-VELQ7" duration="00:00:00.0002290" startTime="2025-07-25T07:35:48.9365206-04:00" endTime="2025-07-25T07:35:48.9365207-04:00" testType="13cdc9d9-ddb5-4fa4-a97d-d965ccfc6d4b" outcome="Passed" testListId="8c84fa94-04c1-424b-9868-57a2d4851a1d" relativeResultsDirectory="ccaa52dc-191e-4946-97bc-8cc784d41616" />
    <UnitTestResult executionId="59fa0a31-9df8-49af-a213-b3119d734845" testId="51fe0183-d7f8-82c8-cf5d-ba3e2d9e7b8b" testName="JarvisAssistant.UnitTests.Voice.VoiceCommandProcessorTests.SupportedCommands_ContainsAllDefaultCommands(commandType: Help)" computerName="BOSGAME-VELQ7" duration="00:00:00.0000285" startTime="2025-07-25T07:35:48.9212192-04:00" endTime="2025-07-25T07:35:48.9212193-04:00" testType="13cdc9d9-ddb5-4fa4-a97d-d965ccfc6d4b" outcome="Passed" testListId="8c84fa94-04c1-424b-9868-57a2d4851a1d" relativeResultsDirectory="59fa0a31-9df8-49af-a213-b3119d734845" />
    <UnitTestResult executionId="158a0a3f-4c9e-487f-a5a4-d9a8d7f2e669" testId="087dab74-db06-3ebd-ad0c-18f79c44295e" testName="JarvisAssistant.UnitTests.UI.InputBlockingRegressionTests.DOCUMENTATION_OriginalInputBlockingProblem" computerName="BOSGAME-VELQ7" duration="00:00:00.0000611" startTime="2025-07-25T07:35:48.8890396-04:00" endTime="2025-07-25T07:35:48.8890396-04:00" testType="13cdc9d9-ddb5-4fa4-a97d-d965ccfc6d4b" outcome="Passed" testListId="8c84fa94-04c1-424b-9868-57a2d4851a1d" relativeResultsDirectory="158a0a3f-4c9e-487f-a5a4-d9a8d7f2e669" />
    <UnitTestResult executionId="a30fbbd8-a5cd-4589-907a-30f5f8fbd0ab" testId="3c2629c5-9a54-3e53-e396-f3003a4f130b" testName="JarvisAssistant.UnitTests.Voice.VoiceCommandProcessorTests.SupportedCommands_ContainsAllDefaultCommands(commandType: Analyze)" computerName="BOSGAME-VELQ7" duration="00:00:00.0000462" startTime="2025-07-25T07:35:48.9212767-04:00" endTime="2025-07-25T07:35:48.9212768-04:00" testType="13cdc9d9-ddb5-4fa4-a97d-d965ccfc6d4b" outcome="Passed" testListId="8c84fa94-04c1-424b-9868-57a2d4851a1d" relativeResultsDirectory="a30fbbd8-a5cd-4589-907a-30f5f8fbd0ab" />
    <UnitTestResult executionId="bef9f7b7-07d9-4935-873d-2ac84c0d29a3" testId="229c3e89-80ef-d1a9-b62c-b484e9ddb83e" testName="JarvisAssistant.UnitTests.Voice.VoiceCommandProcessorTests.SupportedCommands_ContainsAllDefaultCommands(commandType: Chat)" computerName="BOSGAME-VELQ7" duration="00:00:00.0000293" startTime="2025-07-25T07:35:48.9223341-04:00" endTime="2025-07-25T07:35:48.9223341-04:00" testType="13cdc9d9-ddb5-4fa4-a97d-d965ccfc6d4b" outcome="Passed" testListId="8c84fa94-04c1-424b-9868-57a2d4851a1d" relativeResultsDirectory="bef9f7b7-07d9-4935-873d-2ac84c0d29a3" />
    <UnitTestResult executionId="72f8ffed-fca7-4d74-b285-6c37fff77b89" testId="ff262c6e-b332-56af-8f5a-b1af80fa11cc" testName="JarvisAssistant.UnitTests.Services.LLM.PersonalityServiceTests.GetContextualGreeting_WithValidQueryType_ReturnsGreeting(queryType: Creative)" computerName="BOSGAME-VELQ7" duration="00:00:00.0005522" startTime="2025-07-25T07:35:49.0233291-04:00" endTime="2025-07-25T07:35:49.0233293-04:00" testType="13cdc9d9-ddb5-4fa4-a97d-d965ccfc6d4b" outcome="Passed" testListId="8c84fa94-04c1-424b-9868-57a2d4851a1d" relativeResultsDirectory="72f8ffed-fca7-4d74-b285-6c37fff77b89" />
    <UnitTestResult executionId="ef675a55-fb7f-42b7-8588-430bf51027e5" testId="9b1f7481-7ea2-7b15-0065-a23ec5932b3e" testName="JarvisAssistant.UnitTests.Services.ErrorHandlingServiceTests.SetErrorReportingAsync_ShouldUpdateProperty" computerName="BOSGAME-VELQ7" duration="00:00:00.0012699" startTime="2025-07-25T07:35:48.9701592-04:00" endTime="2025-07-25T07:35:48.9701593-04:00" testType="13cdc9d9-ddb5-4fa4-a97d-d965ccfc6d4b" outcome="Passed" testListId="8c84fa94-04c1-424b-9868-57a2d4851a1d" relativeResultsDirectory="ef675a55-fb7f-42b7-8588-430bf51027e5" />
    <UnitTestResult executionId="d4918368-c0d8-462d-aca9-d271a173c7b8" testId="8cd437c8-7c97-d88a-0019-8dc65da7a22f" testName="JarvisAssistant.UnitTests.Services.PlatformServiceTests.SupportsMultiPanel_ShouldReturnExpectedValueForPlatform(platform: Windows, expected: True)" computerName="BOSGAME-VELQ7" duration="00:00:00.0000146" startTime="2025-07-25T07:35:48.9235885-04:00" endTime="2025-07-25T07:35:48.9235886-04:00" testType="13cdc9d9-ddb5-4fa4-a97d-d965ccfc6d4b" outcome="Passed" testListId="8c84fa94-04c1-424b-9868-57a2d4851a1d" relativeResultsDirectory="d4918368-c0d8-462d-aca9-d271a173c7b8" />
    <UnitTestResult executionId="b67b70e4-e071-40c3-ae46-960f60afe4c4" testId="8665b816-63cb-922a-bc68-917368f22947" testName="JarvisAssistant.UnitTests.Services.MauiThemeManagerTests.SwitchThemeAsync_AllThemes_ShouldSucceed(theme: TV)" computerName="BOSGAME-VELQ7" duration="00:00:00.0007500" startTime="2025-07-25T07:35:48.9688294-04:00" endTime="2025-07-25T07:35:48.9688295-04:00" testType="13cdc9d9-ddb5-4fa4-a97d-d965ccfc6d4b" outcome="Passed" testListId="8c84fa94-04c1-424b-9868-57a2d4851a1d" relativeResultsDirectory="b67b70e4-e071-40c3-ae46-960f60afe4c4" />
    <UnitTestResult executionId="472e029c-81bd-4ee9-97fb-513af2289ef8" testId="98b02c09-a0a9-8d65-ffc2-1153b12d32be" testName="JarvisAssistant.UnitTests.Services.LLM.LLMErrorHandlerTests.ProcessException_HttpRequestException_Authentication_ReturnsCorrectErrorCode(exceptionMessage: &quot;Unauthorized access&quot;, expectedErrorCode: &quot;LLM-HTTP-401-001&quot;)" computerName="BOSGAME-VELQ7" duration="00:00:00.0000391" startTime="2025-07-25T07:35:48.9114742-04:00" endTime="2025-07-25T07:35:48.9114743-04:00" testType="13cdc9d9-ddb5-4fa4-a97d-d965ccfc6d4b" outcome="Passed" testListId="8c84fa94-04c1-424b-9868-57a2d4851a1d" relativeResultsDirectory="472e029c-81bd-4ee9-97fb-513af2289ef8" />
    <UnitTestResult executionId="b26b77de-dfc3-4bbe-a025-d9ed83969967" testId="1eaf9e3e-d781-5110-7aab-119bfa4a7fe5" testName="JarvisAssistant.UnitTests.Integration.ElevenLabsVoiceIntegrationTests.ValidateElevenLabsService_WithInvalidKey_ReturnsFalse" computerName="BOSGAME-VELQ7" duration="00:00:00.0040596" startTime="2025-07-25T07:35:50.3371043-04:00" endTime="2025-07-25T07:35:50.3371045-04:00" testType="13cdc9d9-ddb5-4fa4-a97d-d965ccfc6d4b" outcome="Passed" testListId="8c84fa94-04c1-424b-9868-57a2d4851a1d" relativeResultsDirectory="b26b77de-dfc3-4bbe-a025-d9ed83969967" />
    <UnitTestResult executionId="0dcb4363-3a90-458a-bc81-1c8cdd3798c4" testId="7460ecb0-9893-3bb6-1f4c-7307c22de7ba" testName="JarvisAssistant.UnitTests.Services.PlatformServiceTests.IsGoogleTV_ShouldReturnTrueOnlyForAndroidTV(platform: MacOS, expected: False)" computerName="BOSGAME-VELQ7" duration="00:00:00.0000335" startTime="2025-07-25T07:35:48.9354030-04:00" endTime="2025-07-25T07:35:48.9354031-04:00" testType="13cdc9d9-ddb5-4fa4-a97d-d965ccfc6d4b" outcome="Passed" testListId="8c84fa94-04c1-424b-9868-57a2d4851a1d" relativeResultsDirectory="0dcb4363-3a90-458a-bc81-1c8cdd3798c4" />
    <UnitTestResult executionId="02a90c7e-cf29-408b-804d-855196ca5794" testId="ceee2e63-760f-691d-adab-256d126519e4" testName="JarvisAssistant.UnitTests.Integration.LiveOllamaConnectionTests.LiveConnection_OllamaHealthCheck_ShouldIndicateServiceStatus" computerName="BOSGAME-VELQ7" duration="00:00:00.0079174" startTime="2025-07-25T07:35:55.8071906-04:00" endTime="2025-07-25T07:35:55.8071910-04:00" testType="13cdc9d9-ddb5-4fa4-a97d-d965ccfc6d4b" outcome="Passed" testListId="8c84fa94-04c1-424b-9868-57a2d4851a1d" relativeResultsDirectory="02a90c7e-cf29-408b-804d-855196ca5794" />
    <UnitTestResult executionId="7478ad95-2a43-4a4d-a751-8f4af0f4dac7" testId="472df6b9-d565-7aff-c97d-887d272ca451" testName="JarvisAssistant.UnitTests.Voice.VoiceCommandModelTests.VoiceCommand_RequiresConfirmation_DefaultsFalse" computerName="BOSGAME-VELQ7" duration="00:00:00.0001085" startTime="2025-07-25T07:35:48.8885922-04:00" endTime="2025-07-25T07:35:48.8885922-04:00" testType="13cdc9d9-ddb5-4fa4-a97d-d965ccfc6d4b" outcome="Passed" testListId="8c84fa94-04c1-424b-9868-57a2d4851a1d" relativeResultsDirectory="7478ad95-2a43-4a4d-a751-8f4af0f4dac7" />
    <UnitTestResult executionId="a2a4e00c-ab3a-44df-8c6f-62b492877a22" testId="36845c53-62f7-c445-b7a6-5b111fefee21" testName="JarvisAssistant.UnitTests.UI.StatusPanelFunctionalityTests.ToggleExpandedCommand_Execute_ShouldToggleState" computerName="BOSGAME-VELQ7" duration="00:00:00.0001174" startTime="2025-07-25T07:35:48.8872202-04:00" endTime="2025-07-25T07:35:48.8872203-04:00" testType="13cdc9d9-ddb5-4fa4-a97d-d965ccfc6d4b" outcome="Passed" testListId="8c84fa94-04c1-424b-9868-57a2d4851a1d" relativeResultsDirectory="a2a4e00c-ab3a-44df-8c6f-62b492877a22" />
    <UnitTestResult executionId="be7edbf0-de1f-4967-b881-0f63cf4bfc8e" testId="f25e854e-88a4-1936-3be8-366a1b80a983" testName="JarvisAssistant.UnitTests.Voice.VoiceCommandProcessorTests.SupportedCommands_ContainsAllDefaultCommands(commandType: Stop)" computerName="BOSGAME-VELQ7" duration="00:00:00.0000673" startTime="2025-07-25T07:35:48.9210797-04:00" endTime="2025-07-25T07:35:48.9210798-04:00" testType="13cdc9d9-ddb5-4fa4-a97d-d965ccfc6d4b" outcome="Passed" testListId="8c84fa94-04c1-424b-9868-57a2d4851a1d" relativeResultsDirectory="be7edbf0-de1f-4967-b881-0f63cf4bfc8e" />
    <UnitTestResult executionId="6d46050b-970d-478b-81b4-0ddac8c8663d" testId="5dea3a7f-8056-342d-6765-9ce0d3481266" testName="JarvisAssistant.UnitTests.Voice.VoiceCommandModelTests.VoiceCommandSource_AllValues_AreValid(source: Manual)" computerName="BOSGAME-VELQ7" duration="00:00:00.0002058" startTime="2025-07-25T07:35:48.8862330-04:00" endTime="2025-07-25T07:35:48.8862330-04:00" testType="13cdc9d9-ddb5-4fa4-a97d-d965ccfc6d4b" outcome="Passed" testListId="8c84fa94-04c1-424b-9868-57a2d4851a1d" relativeResultsDirectory="6d46050b-970d-478b-81b4-0ddac8c8663d" />
    <UnitTestResult executionId="3052d0ab-f2ee-445c-92b4-6d57e678642c" testId="b910859e-397f-d8fe-b757-052331faac8c" testName="JarvisAssistant.UnitTests.UI.UITestingBenefitsDocumentation.DocumentUITestingBenefits" computerName="BOSGAME-VELQ7" duration="00:00:00.0004400" startTime="2025-07-25T07:35:48.8650116-04:00" endTime="2025-07-25T07:35:48.8650117-04:00" testType="13cdc9d9-ddb5-4fa4-a97d-d965ccfc6d4b" outcome="Passed" testListId="8c84fa94-04c1-424b-9868-57a2d4851a1d" relativeResultsDirectory="3052d0ab-f2ee-445c-92b4-6d57e678642c" />
    <UnitTestResult executionId="5f20425a-c63a-4ced-916e-7a1e90471c27" testId="a4830f51-6c60-8062-bf6f-b915f0902056" testName="JarvisAssistant.UnitTests.Services.LLM.PersonalityServiceTests.GetSystemPrompt_WithValidQueryType_ReturnsPrompt(queryType: General)" computerName="BOSGAME-VELQ7" duration="00:00:00.0004497" startTime="2025-07-25T07:35:49.0157578-04:00" endTime="2025-07-25T07:35:49.0157579-04:00" testType="13cdc9d9-ddb5-4fa4-a97d-d965ccfc6d4b" outcome="Passed" testListId="8c84fa94-04c1-424b-9868-57a2d4851a1d" relativeResultsDirectory="5f20425a-c63a-4ced-916e-7a1e90471c27" />
    <UnitTestResult executionId="fff12934-0dc2-4b56-9ae8-f5a9f1bc6b75" testId="af61f3ec-dfb1-185c-de0b-17e089efbde2" testName="JarvisAssistant.UnitTests.Services.LLM.IOllamaClientAbstractionTests.IOllamaClient_CanBeCreatedAsMock" computerName="BOSGAME-VELQ7" duration="00:00:00.0007975" startTime="2025-07-25T07:35:48.9420698-04:00" endTime="2025-07-25T07:35:48.9420700-04:00" testType="13cdc9d9-ddb5-4fa4-a97d-d965ccfc6d4b" outcome="Passed" testListId="8c84fa94-04c1-424b-9868-57a2d4851a1d" relativeResultsDirectory="fff12934-0dc2-4b56-9ae8-f5a9f1bc6b75" />
    <UnitTestResult executionId="52f83399-7964-40be-a7d2-5b69bbb30ecd" testId="2970fca5-de48-507f-0bd2-147a0d92c9fd" testName="JarvisAssistant.UnitTests.Services.PlatformServiceTests.PlatformCapabilities_ShouldBeConsistentAcrossPlatforms" computerName="BOSGAME-VELQ7" duration="00:00:00.0017905" startTime="2025-07-25T07:35:48.9299025-04:00" endTime="2025-07-25T07:35:48.9299026-04:00" testType="13cdc9d9-ddb5-4fa4-a97d-d965ccfc6d4b" outcome="Passed" testListId="8c84fa94-04c1-424b-9868-57a2d4851a1d" relativeResultsDirectory="52f83399-7964-40be-a7d2-5b69bbb30ecd" />
    <UnitTestResult executionId="583e7c79-b157-4943-abdb-b932c7411f08" testId="575a8934-f6e4-c393-64bb-f7b86924b536" testName="JarvisAssistant.UnitTests.Services.OllamaLLMServiceTests.GetActiveModelAsync_WithAvailableModels_ReturnsActiveModel" computerName="BOSGAME-VELQ7" duration="00:00:00.0009159" startTime="2025-07-25T07:35:49.0048637-04:00" endTime="2025-07-25T07:35:49.0048638-04:00" testType="13cdc9d9-ddb5-4fa4-a97d-d965ccfc6d4b" outcome="Passed" testListId="8c84fa94-04c1-424b-9868-57a2d4851a1d" relativeResultsDirectory="583e7c79-b157-4943-abdb-b932c7411f08" />
    <UnitTestResult executionId="b7066601-df1c-4948-b0af-985a09d737e1" testId="cd7349bd-4674-deee-b535-c33c3823be6b" testName="JarvisAssistant.UnitTests.Services.LLM.LLMServerFailureTests.GenerateAsync_404NotFound_SpecialHandling" computerName="BOSGAME-VELQ7" duration="00:00:00.0013970" startTime="2025-07-25T07:35:49.0677152-04:00" endTime="2025-07-25T07:35:49.0677155-04:00" testType="13cdc9d9-ddb5-4fa4-a97d-d965ccfc6d4b" outcome="Passed" testListId="8c84fa94-04c1-424b-9868-57a2d4851a1d" relativeResultsDirectory="b7066601-df1c-4948-b0af-985a09d737e1" />
    <UnitTestResult executionId="c08f94fb-6eb5-4470-9a34-7b2e3322fdad" testId="f948ccd5-745b-548c-fce6-8d7133f98deb" testName="JarvisAssistant.UnitTests.Integration.LiveOllamaConnectionTests.LiveConnection_OllamaApiTags_ShouldRespondSuccessfully" computerName="BOSGAME-VELQ7" duration="00:00:00.0944929" startTime="2025-07-25T07:35:55.9018428-04:00" endTime="2025-07-25T07:35:55.9018431-04:00" testType="13cdc9d9-ddb5-4fa4-a97d-d965ccfc6d4b" outcome="Passed" testListId="8c84fa94-04c1-424b-9868-57a2d4851a1d" relativeResultsDirectory="c08f94fb-6eb5-4470-9a34-7b2e3322fdad" />
    <UnitTestResult executionId="da695492-1168-4362-8350-51fc0633e076" testId="d6985ab5-1a4b-1556-abcc-beb1a25668ba" testName="JarvisAssistant.UnitTests.Voice.ElevenLabsAudibleTests.ElevenLabs_GenerateAndPlayAudio_10Seconds" computerName="BOSGAME-VELQ7" duration="00:00:00.0021202" startTime="2025-07-25T07:35:48.8873113-04:00" endTime="2025-07-25T07:35:48.8873113-04:00" testType="13cdc9d9-ddb5-4fa4-a97d-d965ccfc6d4b" outcome="Passed" testListId="8c84fa94-04c1-424b-9868-57a2d4851a1d" relativeResultsDirectory="da695492-1168-4362-8350-51fc0633e076">
      <Output>
        <StdOut>Skipping test - No valid ElevenLabs API key configured&#xD;
Set ELEVENLABS_API_KEY environment variable or update the test configuration&#xD;
Current API key status: Valid=True, Length=24</StdOut>
      </Output>
    </UnitTestResult>
    <UnitTestResult executionId="7b5b5906-c6f5-4a39-ab12-b4c180bc65e6" testId="a09422f8-ddcd-8672-17da-196874e01e1c" testName="JarvisAssistant.UnitTests.Services.PlatformServiceTests.GetOptimalTheme_ForDifferentPlatforms_ShouldReturnExpectedTheme(platform: Windows, expectedTheme: Desktop)" computerName="BOSGAME-VELQ7" duration="00:00:00.0000784" startTime="2025-07-25T07:35:48.9340009-04:00" endTime="2025-07-25T07:35:48.9340010-04:00" testType="13cdc9d9-ddb5-4fa4-a97d-d965ccfc6d4b" outcome="Passed" testListId="8c84fa94-04c1-424b-9868-57a2d4851a1d" relativeResultsDirectory="7b5b5906-c6f5-4a39-ab12-b4c180bc65e6" />
    <UnitTestResult executionId="75c47ce4-680a-4833-a3f4-fb68d771afdf" testId="453c5e80-2df0-9342-2fba-334637ce5b7f" testName="JarvisAssistant.UnitTests.Voice.VoiceCommandProcessorTests.Constructor_WithValidLogger_InitializesCorrectly" computerName="BOSGAME-VELQ7" duration="00:00:00.0003841" startTime="2025-07-25T07:35:49.0370466-04:00" endTime="2025-07-25T07:35:49.0370467-04:00" testType="13cdc9d9-ddb5-4fa4-a97d-d965ccfc6d4b" outcome="Passed" testListId="8c84fa94-04c1-424b-9868-57a2d4851a1d" relativeResultsDirectory="75c47ce4-680a-4833-a3f4-fb68d771afdf" />
    <UnitTestResult executionId="d7b853cb-38aa-4ecf-b870-a0cfe8a269fc" testId="58ed8f41-33ac-3eed-468e-96f7a7796d86" testName="JarvisAssistant.UnitTests.Voice.GoogleTVVoiceHandlerTests.VoiceButtonPressed_Event_CanBeSubscribed" computerName="BOSGAME-VELQ7" duration="00:00:00.0007019" startTime="2025-07-25T07:35:48.9675004-04:00" endTime="2025-07-25T07:35:48.9675005-04:00" testType="13cdc9d9-ddb5-4fa4-a97d-d965ccfc6d4b" outcome="Passed" testListId="8c84fa94-04c1-424b-9868-57a2d4851a1d" relativeResultsDirectory="d7b853cb-38aa-4ecf-b870-a0cfe8a269fc" />
    <UnitTestResult executionId="a2a25673-daee-40c8-a0a6-c4da7631fae3" testId="a49ff491-aae7-2e7e-3467-c85b94fb0488" testName="JarvisAssistant.UnitTests.Services.LLM.PersonalityServiceTests.GetContextualGreeting_WithValidQueryType_ReturnsGreeting(queryType: Technical)" computerName="BOSGAME-VELQ7" duration="00:00:00.0005258" startTime="2025-07-25T07:35:49.0239429-04:00" endTime="2025-07-25T07:35:49.0239431-04:00" testType="13cdc9d9-ddb5-4fa4-a97d-d965ccfc6d4b" outcome="Passed" testListId="8c84fa94-04c1-424b-9868-57a2d4851a1d" relativeResultsDirectory="a2a25673-daee-40c8-a0a6-c4da7631fae3" />
    <UnitTestResult executionId="bd966e48-860b-44e0-9a97-db565855bb5d" testId="fb33f748-5806-c067-33fb-bf3fec95b9c5" testName="JarvisAssistant.UnitTests.Services.MauiThemeManagerTests.AvailableThemes_ForWindows_ShouldIncludeDesktopTheme" computerName="BOSGAME-VELQ7" duration="00:00:00.0019131" startTime="2025-07-25T07:35:48.9568352-04:00" endTime="2025-07-25T07:35:48.9568354-04:00" testType="13cdc9d9-ddb5-4fa4-a97d-d965ccfc6d4b" outcome="Passed" testListId="8c84fa94-04c1-424b-9868-57a2d4851a1d" relativeResultsDirectory="bd966e48-860b-44e0-9a97-db565855bb5d" />
    <UnitTestResult executionId="7d81c0eb-9f5e-4cb2-8711-926c93876ef9" testId="26fab46a-9874-397a-bc31-4c0b7cbeabb5" testName="JarvisAssistant.UnitTests.Voice.VoiceCommandModelTests.VoiceCommandType_AllValues_AreValid(type: Stop)" computerName="BOSGAME-VELQ7" duration="00:00:00.0000124" startTime="2025-07-25T07:35:48.8847406-04:00" endTime="2025-07-25T07:35:48.8847406-04:00" testType="13cdc9d9-ddb5-4fa4-a97d-d965ccfc6d4b" outcome="Passed" testListId="8c84fa94-04c1-424b-9868-57a2d4851a1d" relativeResultsDirectory="7d81c0eb-9f5e-4cb2-8711-926c93876ef9" />
    <UnitTestResult executionId="14a68002-848e-44cf-836a-fc9c97fe471f" testId="a13598d4-57dd-09f1-5185-b284651699c8" testName="JarvisAssistant.UnitTests.UI.MainPageButtonInteractionTests.ButtonInteraction_RequiredProperties_ShouldBeTestable" computerName="BOSGAME-VELQ7" duration="00:00:00.0003283" startTime="2025-07-25T07:35:48.8951534-04:00" endTime="2025-07-25T07:35:48.8951534-04:00" testType="13cdc9d9-ddb5-4fa4-a97d-d965ccfc6d4b" outcome="Passed" testListId="8c84fa94-04c1-424b-9868-57a2d4851a1d" relativeResultsDirectory="14a68002-848e-44cf-836a-fc9c97fe471f" />
    <UnitTestResult executionId="176efef2-38e3-4794-9c34-eb00be96595d" testId="3dac2500-c5e5-3bf3-5ee7-9962149bda93" testName="JarvisAssistant.UnitTests.Services.OllamaLLMServiceTests.Constructor_WithNullLogger_ThrowsArgumentNullException" computerName="BOSGAME-VELQ7" duration="00:00:00.0003576" startTime="2025-07-25T07:35:48.9784871-04:00" endTime="2025-07-25T07:35:48.9784872-04:00" testType="13cdc9d9-ddb5-4fa4-a97d-d965ccfc6d4b" outcome="Passed" testListId="8c84fa94-04c1-424b-9868-57a2d4851a1d" relativeResultsDirectory="176efef2-38e3-4794-9c34-eb00be96595d" />
    <UnitTestResult executionId="4767dc16-43d0-413e-996d-42a534037ed6" testId="8a9f7720-4ac2-3c11-11ed-f3c9dd11cfde" testName="JarvisAssistant.UnitTests.Services.ElevenLabsVoiceServiceTests.GenerateSpeechAsync_AdjustsVoiceSettingsBasedOnContent(text: &quot;System error detected&quot;, expectedEmotion: &quot;concerned&quot;)" computerName="BOSGAME-VELQ7" duration="00:00:00.0052027" startTime="2025-07-25T07:35:49.0362680-04:00" endTime="2025-07-25T07:35:49.0362682-04:00" testType="13cdc9d9-ddb5-4fa4-a97d-d965ccfc6d4b" outcome="Passed" testListId="8c84fa94-04c1-424b-9868-57a2d4851a1d" relativeResultsDirectory="4767dc16-43d0-413e-996d-42a534037ed6" />
    <UnitTestResult executionId="c8bfb7c0-cd9e-4695-828f-b0131e797bef" testId="ec5ee7f3-2615-c6cb-d194-861017d3539e" testName="JarvisAssistant.UnitTests.Services.LLM.LLMServerFailureTests.GenerateAsync_InvalidConfiguration_ThrowsArgumentException" computerName="BOSGAME-VELQ7" duration="00:00:00.0014499" startTime="2025-07-25T07:35:49.0497806-04:00" endTime="2025-07-25T07:35:49.0497807-04:00" testType="13cdc9d9-ddb5-4fa4-a97d-d965ccfc6d4b" outcome="Passed" testListId="8c84fa94-04c1-424b-9868-57a2d4851a1d" relativeResultsDirectory="c8bfb7c0-cd9e-4695-828f-b0131e797bef" />
    <UnitTestResult executionId="b627ed57-0145-425b-a67d-9f2c3a898cc9" testId="5449b020-e1ea-fb20-f400-fe6a13b806a8" testName="JarvisAssistant.UnitTests.UI.MAUIStatusPanelUITests.StatusPanelViewModel_Commands_ShouldBeExecutable" computerName="BOSGAME-VELQ7" duration="00:00:00.0002902" startTime="2025-07-25T07:35:49.0143587-04:00" endTime="2025-07-25T07:35:49.0143589-04:00" testType="13cdc9d9-ddb5-4fa4-a97d-d965ccfc6d4b" outcome="Passed" testListId="8c84fa94-04c1-424b-9868-57a2d4851a1d" relativeResultsDirectory="b627ed57-0145-425b-a67d-9f2c3a898cc9" />
    <UnitTestResult executionId="a0c0d807-7d48-4be7-8ce4-03992e10dfd2" testId="2dcff069-081d-378f-408e-63590cf747c9" testName="JarvisAssistant.UnitTests.Voice.GoogleTVVoiceHandlerTests.HandleKeyEvent_WithVariousKeyCodes_ReturnsExpectedResult(keyCode: Home, expectedHandled: False)" computerName="BOSGAME-VELQ7" duration="00:00:00.0000341" startTime="2025-07-25T07:35:48.9688007-04:00" endTime="2025-07-25T07:35:48.9688007-04:00" testType="13cdc9d9-ddb5-4fa4-a97d-d965ccfc6d4b" outcome="Passed" testListId="8c84fa94-04c1-424b-9868-57a2d4851a1d" relativeResultsDirectory="a0c0d807-7d48-4be7-8ce4-03992e10dfd2" />
    <UnitTestResult executionId="e883e111-39d0-4be7-a4cb-43b453cdf282" testId="21027769-0ad7-800c-ad4d-9d39c6b3f3d8" testName="JarvisAssistant.UnitTests.UI.StatusPanelFunctionalityTests.ToggleExpandedCommand_ShouldBeAvailable" computerName="BOSGAME-VELQ7" duration="00:00:00.0001122" startTime="2025-07-25T07:35:48.8902265-04:00" endTime="2025-07-25T07:35:48.8902265-04:00" testType="13cdc9d9-ddb5-4fa4-a97d-d965ccfc6d4b" outcome="Passed" testListId="8c84fa94-04c1-424b-9868-57a2d4851a1d" relativeResultsDirectory="e883e111-39d0-4be7-a4cb-43b453cdf282" />
    <UnitTestResult executionId="27d65e92-4184-48b1-98a5-e87279cfe031" testId="45781478-a40b-ed86-921e-691ecb8b47a0" testName="JarvisAssistant.UnitTests.Services.ElevenLabsVoiceServiceTests.GenerateSpeechAsync_AdjustsVoiceSettingsBasedOnContent(text: &quot;All systems normal&quot;, expectedEmotion: &quot;calm&quot;)" computerName="BOSGAME-VELQ7" duration="00:00:00.0009586" startTime="2025-07-25T07:35:49.0383842-04:00" endTime="2025-07-25T07:35:49.0383843-04:00" testType="13cdc9d9-ddb5-4fa4-a97d-d965ccfc6d4b" outcome="Passed" testListId="8c84fa94-04c1-424b-9868-57a2d4851a1d" relativeResultsDirectory="27d65e92-4184-48b1-98a5-e87279cfe031" />
    <UnitTestResult executionId="b18780eb-53a1-44aa-a331-87745c04e5dd" testId="95894db9-1db9-563d-9657-51430abd7541" testName="JarvisAssistant.UnitTests.Services.LLM.LLMServerFailureTests.GenerateAsync_HttpStatusCodeFailures_ReturnsSpecificErrorCodes(statusCode: GatewayTimeout, errorDescription: &quot;Gateway timeout&quot;)" computerName="BOSGAME-VELQ7" duration="00:00:00.0036005" startTime="2025-07-25T07:35:49.0079489-04:00" endTime="2025-07-25T07:35:49.0079491-04:00" testType="13cdc9d9-ddb5-4fa4-a97d-d965ccfc6d4b" outcome="Passed" testListId="8c84fa94-04c1-424b-9868-57a2d4851a1d" relativeResultsDirectory="b18780eb-53a1-44aa-a331-87745c04e5dd" />
    <UnitTestResult executionId="22741152-0fdd-40a5-8b35-c313a82ac76c" testId="44b13f07-7098-0b61-a0fc-2934825a428b" testName="JarvisAssistant.UnitTests.Services.StatusMonitorServiceTests.GetServiceStatusAsync_WithNonExistentService_ReturnsNull" computerName="BOSGAME-VELQ7" duration="00:00:00.0009793" startTime="2025-07-25T07:35:48.9749837-04:00" endTime="2025-07-25T07:35:48.9749837-04:00" testType="13cdc9d9-ddb5-4fa4-a97d-d965ccfc6d4b" outcome="Passed" testListId="8c84fa94-04c1-424b-9868-57a2d4851a1d" relativeResultsDirectory="22741152-0fdd-40a5-8b35-c313a82ac76c" />
    <UnitTestResult executionId="b40c7646-708c-4964-80d5-27db058ad88d" testId="46bef208-5262-5088-fbfc-87fe845aeee6" testName="JarvisAssistant.UnitTests.Integration.VoiceConfigurationTests.VoiceSettings_CreateEmotionalSettings_ReturnsCorrectValues(emotion: &quot;concerned&quot;, expectedStability: 0.800000012, expectedSimilarity: 0.899999976, expectedStyle: 0.100000001, expectedRate: 0.800000012)" computerName="BOSGAME-VELQ7" duration="00:00:00.0004051" startTime="2025-07-25T07:35:48.8842540-04:00" endTime="2025-07-25T07:35:48.8842540-04:00" testType="13cdc9d9-ddb5-4fa4-a97d-d965ccfc6d4b" outcome="Passed" testListId="8c84fa94-04c1-424b-9868-57a2d4851a1d" relativeResultsDirectory="b40c7646-708c-4964-80d5-27db058ad88d" />
    <UnitTestResult executionId="d85ec87a-4543-46ef-b0b5-f77450f4efe8" testId="666d129e-88d0-efdb-283a-aab62cdaa1db" testName="JarvisAssistant.UnitTests.Voice.VoiceModeManagerTests.ActivationMode_BasedOnPlatform_ConfiguredCorrectly(platform: Android, expectedMode: Toggle)" computerName="BOSGAME-VELQ7" duration="00:00:00.0019890" startTime="2025-07-25T07:35:49.1817817-04:00" endTime="2025-07-25T07:35:49.1817819-04:00" testType="13cdc9d9-ddb5-4fa4-a97d-d965ccfc6d4b" outcome="Passed" testListId="8c84fa94-04c1-424b-9868-57a2d4851a1d" relativeResultsDirectory="d85ec87a-4543-46ef-b0b5-f77450f4efe8" />
    <UnitTestResult executionId="518bd464-cb82-4fa4-9eb2-3bb8dc1c2776" testId="b2dd8727-e1bd-6515-6995-2ecb1ea9f0a3" testName="JarvisAssistant.UnitTests.Services.RateLimitServiceTests.RecordRequestAsync_UpdatesStatistics" computerName="BOSGAME-VELQ7" duration="00:00:00.0311965" startTime="2025-07-25T07:35:48.9567591-04:00" endTime="2025-07-25T07:35:48.9567593-04:00" testType="13cdc9d9-ddb5-4fa4-a97d-d965ccfc6d4b" outcome="Passed" testListId="8c84fa94-04c1-424b-9868-57a2d4851a1d" relativeResultsDirectory="518bd464-cb82-4fa4-9eb2-3bb8dc1c2776" />
    <UnitTestResult executionId="4d83d7d2-9ef5-49b7-9275-576c202f759d" testId="873d5876-eb3a-639a-b7f8-74e230362b62" testName="JarvisAssistant.UnitTests.Services.ThemeManagerTests.LoadThemeResourcesAsync_AnyTheme_ShouldCompleteSuccessfully(theme: Mobile)" computerName="BOSGAME-VELQ7" duration="00:00:00.0003721" startTime="2025-07-25T07:35:48.9573985-04:00" endTime="2025-07-25T07:35:48.9573985-04:00" testType="13cdc9d9-ddb5-4fa4-a97d-d965ccfc6d4b" outcome="Passed" testListId="8c84fa94-04c1-424b-9868-57a2d4851a1d" relativeResultsDirectory="4d83d7d2-9ef5-49b7-9275-576c202f759d" />
    <UnitTestResult executionId="8dbb54c0-91b0-4b3b-a47d-edd98b08f916" testId="69b6ff9e-c2e1-239b-e32a-965a9ae95baf" testName="JarvisAssistant.UnitTests.Services.LLM.LLMErrorHandlerTests.ProcessException_HttpRequestException_404_ReturnsCorrectErrorCode(exceptionMessage: &quot;The remote server returned an error: (404) Not Fou&quot;···, expectedErrorCode: &quot;LLM-HTTP-404-001&quot;, expectedRetryable: False)" computerName="BOSGAME-VELQ7" duration="00:00:00.0000462" startTime="2025-07-25T07:35:48.9107585-04:00" endTime="2025-07-25T07:35:48.9107586-04:00" testType="13cdc9d9-ddb5-4fa4-a97d-d965ccfc6d4b" outcome="Passed" testListId="8c84fa94-04c1-424b-9868-57a2d4851a1d" relativeResultsDirectory="8dbb54c0-91b0-4b3b-a47d-edd98b08f916" />
    <UnitTestResult executionId="3d4b5a5a-000d-4cbc-8f02-5745f2c69985" testId="2c8debc1-bd48-ad5c-8cdb-46c6b8f3f142" testName="JarvisAssistant.UnitTests.Integration.LLMErrorDiagnosticTests.DiagnosticTest_AllStreamingErrors_GenerateCorrectErrorResponses" computerName="BOSGAME-VELQ7" duration="00:00:00.0097689" startTime="2025-07-25T07:35:49.0462371-04:00" endTime="2025-07-25T07:35:49.0462372-04:00" testType="13cdc9d9-ddb5-4fa4-a97d-d965ccfc6d4b" outcome="Passed" testListId="8c84fa94-04c1-424b-9868-57a2d4851a1d" relativeResultsDirectory="3d4b5a5a-000d-4cbc-8f02-5745f2c69985" />
    <UnitTestResult executionId="85e8fde3-8965-49b0-b629-8228c613c45d" testId="e77216dc-c72e-08f2-7ac0-049b608bed08" testName="JarvisAssistant.UnitTests.UI.MAUIStatusPanelUITests.StatusPanelViewModel_ServiceStatuses_ShouldHaveTestData" computerName="BOSGAME-VELQ7" duration="00:00:00.0023347" startTime="2025-07-25T07:35:49.0139355-04:00" endTime="2025-07-25T07:35:49.0139356-04:00" testType="13cdc9d9-ddb5-4fa4-a97d-d965ccfc6d4b" outcome="Passed" testListId="8c84fa94-04c1-424b-9868-57a2d4851a1d" relativeResultsDirectory="85e8fde3-8965-49b0-b629-8228c613c45d" />
    <UnitTestResult executionId="e9c0a183-0fa4-48ab-a698-b94c8d6a2db9" testId="09107de4-9654-e98b-0069-13b97ff9393b" testName="JarvisAssistant.UnitTests.UI.MAUIMainPageUITests.StartChatBtn_MouseClick_ShouldTriggerNavigation" computerName="BOSGAME-VELQ7" duration="00:00:00.0005751" startTime="2025-07-25T07:35:48.9660790-04:00" endTime="2025-07-25T07:35:48.9660791-04:00" testType="13cdc9d9-ddb5-4fa4-a97d-d965ccfc6d4b" outcome="Passed" testListId="8c84fa94-04c1-424b-9868-57a2d4851a1d" relativeResultsDirectory="e9c0a183-0fa4-48ab-a698-b94c8d6a2db9" />
    <UnitTestResult executionId="49f6a3ac-a60d-410c-9ba4-8410375a915b" testId="edc7a422-c353-053c-72b0-eaa6433db1ca" testName="JarvisAssistant.UnitTests.Voice.VoiceModeManagerTests.StateChanged_Event_RaisedWhenStateChanges" computerName="BOSGAME-VELQ7" duration="00:00:00.1080261" startTime="2025-07-25T07:35:49.1772580-04:00" endTime="2025-07-25T07:35:49.1772584-04:00" testType="13cdc9d9-ddb5-4fa4-a97d-d965ccfc6d4b" outcome="Passed" testListId="8c84fa94-04c1-424b-9868-57a2d4851a1d" relativeResultsDirectory="49f6a3ac-a60d-410c-9ba4-8410375a915b" />
    <UnitTestResult executionId="c36ebda4-4292-4774-95ec-a160ba16f12a" testId="6cb10b0c-27fc-38ba-9968-56143fa03cc4" testName="JarvisAssistant.UnitTests.Services.ThemeManagerTests.AvailableThemes_WithWindowsPlatform_ShouldIncludeDesktop" computerName="BOSGAME-VELQ7" duration="00:00:00.0004328" startTime="2025-07-25T07:35:48.9738571-04:00" endTime="2025-07-25T07:35:48.9738572-04:00" testType="13cdc9d9-ddb5-4fa4-a97d-d965ccfc6d4b" outcome="Passed" testListId="8c84fa94-04c1-424b-9868-57a2d4851a1d" relativeResultsDirectory="c36ebda4-4292-4774-95ec-a160ba16f12a" />
    <UnitTestResult executionId="7d292724-d7ee-40cb-a01d-d4e4dce24600" testId="21b9885c-e5d9-1565-2787-66cd589e34a6" testName="JarvisAssistant.UnitTests.Voice.GoogleTVVoiceHandlerTests.GetStatistics_ReturnsCorrectValues" computerName="BOSGAME-VELQ7" duration="00:00:00.0018994" startTime="2025-07-25T07:35:48.9756323-04:00" endTime="2025-07-25T07:35:48.9756323-04:00" testType="13cdc9d9-ddb5-4fa4-a97d-d965ccfc6d4b" outcome="Passed" testListId="8c84fa94-04c1-424b-9868-57a2d4851a1d" relativeResultsDirectory="7d292724-d7ee-40cb-a01d-d4e4dce24600" />
    <UnitTestResult executionId="3c210546-38f9-425f-ada0-556b03adc4b0" testId="69852917-000d-db7b-e959-0535090149e4" testName="JarvisAssistant.UnitTests.Voice.VoiceModeManagerTests.Constructor_WithNullPlatformService_ThrowsArgumentNullException" computerName="BOSGAME-VELQ7" duration="00:00:00.0003271" startTime="2025-07-25T07:35:49.1776814-04:00" endTime="2025-07-25T07:35:49.1776816-04:00" testType="13cdc9d9-ddb5-4fa4-a97d-d965ccfc6d4b" outcome="Passed" testListId="8c84fa94-04c1-424b-9868-57a2d4851a1d" relativeResultsDirectory="3c210546-38f9-425f-ada0-556b03adc4b0" />
    <UnitTestResult executionId="30f9b6ca-e5fd-4983-84da-d057fe6a1afd" testId="f0a0934b-68de-33a5-6cca-03e845eab488" testName="JarvisAssistant.UnitTests.UI.MAUIUIIntegrationTests.Platform_StatusPanel_ShouldWorkOnAllPlatforms(platform: &quot;Android&quot;)" computerName="BOSGAME-VELQ7" duration="00:00:00.0314783" startTime="2025-07-25T07:35:49.0679904-04:00" endTime="2025-07-25T07:35:49.0679906-04:00" testType="13cdc9d9-ddb5-4fa4-a97d-d965ccfc6d4b" outcome="Passed" testListId="8c84fa94-04c1-424b-9868-57a2d4851a1d" relativeResultsDirectory="30f9b6ca-e5fd-4983-84da-d057fe6a1afd" />
    <UnitTestResult executionId="c5b49f89-6465-4610-8655-22c6eea28325" testId="f4d15c71-8c27-2427-301d-e1818ff0aa9b" testName="JarvisAssistant.UnitTests.Services.ElevenLabsVoiceServiceTests.GenerateSpeechAsync_AfterDispose_ThrowsObjectDisposedException" computerName="BOSGAME-VELQ7" duration="00:00:00.0005346" startTime="2025-07-25T07:35:49.0588389-04:00" endTime="2025-07-25T07:35:49.0588391-04:00" testType="13cdc9d9-ddb5-4fa4-a97d-d965ccfc6d4b" outcome="Passed" testListId="8c84fa94-04c1-424b-9868-57a2d4851a1d" relativeResultsDirectory="c5b49f89-6465-4610-8655-22c6eea28325" />
    <UnitTestResult executionId="73920388-c406-4ca2-84d3-5941bdf05a26" testId="3f0c36e5-de05-8d12-9679-3fc0315fa2ea" testName="JarvisAssistant.UnitTests.Voice.ElevenLabsAudibleTests.ElevenLabs_StreamAndPlayAudio_10Seconds" computerName="BOSGAME-VELQ7" duration="00:00:00.0105988" startTime="2025-07-25T07:35:48.8870091-04:00" endTime="2025-07-25T07:35:48.8870093-04:00" testType="13cdc9d9-ddb5-4fa4-a97d-d965ccfc6d4b" outcome="Passed" testListId="8c84fa94-04c1-424b-9868-57a2d4851a1d" relativeResultsDirectory="73920388-c406-4ca2-84d3-5941bdf05a26">
      <Output>
        <StdOut>Skipping streaming test - No valid ElevenLabs API key configured&#xD;
Set ELEVENLABS_API_KEY environment variable or update the test configuration&#xD;
Current API key status: Valid=True, Length=24</StdOut>
      </Output>
    </UnitTestResult>
    <UnitTestResult executionId="38d9cc02-1d72-455e-8397-802467be8cde" testId="4595fd0e-b0c5-bb4d-1175-d779773487f8" testName="JarvisAssistant.UnitTests.Services.RateLimitServiceTests.GetStatistics_WithEmptyHistory_ReturnsDefaults" computerName="BOSGAME-VELQ7" duration="00:00:00.0007386" startTime="2025-07-25T07:35:48.9772422-04:00" endTime="2025-07-25T07:35:48.9772424-04:00" testType="13cdc9d9-ddb5-4fa4-a97d-d965ccfc6d4b" outcome="Failed" testListId="8c84fa94-04c1-424b-9868-57a2d4851a1d" relativeResultsDirectory="38d9cc02-1d72-455e-8397-802467be8cde">
      <Output>
        <ErrorInfo>
          <Message>Assert.Equal() Failure: Values differ&#xD;
Expected: 0&#xD;
Actual:   0</Message>
          <StackTrace>   at JarvisAssistant.UnitTests.Services.RateLimitServiceTests.GetStatistics_WithEmptyHistory_ReturnsDefaults() in c:\Users\Bruce\source\repos\Jarvis Assistant MK2\JarvisAssistant.UnitTests\Services\VoiceServiceTests.cs:line 288&#xD;
--- End of stack trace from previous location ---</StackTrace>
        </ErrorInfo>
      </Output>
    </UnitTestResult>
    <UnitTestResult executionId="23296a51-e0cc-4d43-927a-7664ba8dcee1" testId="b6210e7c-3c3f-0c5d-98e9-8f1792b11660" testName="JarvisAssistant.UnitTests.Services.PlatformServiceTests.IsGoogleTV_ShouldReturnTrueOnlyForAndroidTV(platform: Windows, expected: False)" computerName="BOSGAME-VELQ7" duration="00:00:00.0004300" startTime="2025-07-25T07:35:48.9346906-04:00" endTime="2025-07-25T07:35:48.9346907-04:00" testType="13cdc9d9-ddb5-4fa4-a97d-d965ccfc6d4b" outcome="Passed" testListId="8c84fa94-04c1-424b-9868-57a2d4851a1d" relativeResultsDirectory="23296a51-e0cc-4d43-927a-7664ba8dcee1" />
    <UnitTestResult executionId="ce64663f-b531-4759-b0c7-96fc6fea3538" testId="80fb40e8-7932-0b64-ba85-da76a24a1edd" testName="JarvisAssistant.UnitTests.Voice.VoiceCommandProcessorTests.SupportedCommands_ContainsAllDefaultCommands(commandType: GenerateCode)" computerName="BOSGAME-VELQ7" duration="00:00:00.0000237" startTime="2025-07-25T07:35:48.9224344-04:00" endTime="2025-07-25T07:35:48.9224345-04:00" testType="13cdc9d9-ddb5-4fa4-a97d-d965ccfc6d4b" outcome="Passed" testListId="8c84fa94-04c1-424b-9868-57a2d4851a1d" relativeResultsDirectory="ce64663f-b531-4759-b0c7-96fc6fea3538" />
    <UnitTestResult executionId="304a8379-2b38-4c56-9bb2-56f29490bda5" testId="5e71566f-9589-f106-c203-a6068921143f" testName="JarvisAssistant.UnitTests.Services.ErrorHandlingServiceTests.HandleErrorAsync_WithException_ShouldCreateErrorInfoAndLog" computerName="BOSGAME-VELQ7" duration="00:00:00.0098219" startTime="2025-07-25T07:35:48.9786003-04:00" endTime="2025-07-25T07:35:48.9786003-04:00" testType="13cdc9d9-ddb5-4fa4-a97d-d965ccfc6d4b" outcome="Passed" testListId="8c84fa94-04c1-424b-9868-57a2d4851a1d" relativeResultsDirectory="304a8379-2b38-4c56-9bb2-56f29490bda5" />
    <UnitTestResult executionId="c0d04636-7c9d-466a-8e42-9748032c033c" testId="2e59271c-2356-6933-af41-6f5b26e4aebb" testName="JarvisAssistant.UnitTests.Services.ElevenLabsVoiceServiceTests.StreamSpeechAsync_WhenRateLimited_UsesFallbackService" computerName="BOSGAME-VELQ7" duration="00:00:00.0027866" startTime="2025-07-25T07:35:49.0753212-04:00" endTime="2025-07-25T07:35:49.0753214-04:00" testType="13cdc9d9-ddb5-4fa4-a97d-d965ccfc6d4b" outcome="Passed" testListId="8c84fa94-04c1-424b-9868-57a2d4851a1d" relativeResultsDirectory="c0d04636-7c9d-466a-8e42-9748032c033c" />
    <UnitTestResult executionId="d340722a-cd30-4cab-8c40-4478b31756ae" testId="6cd6ce73-2c64-8929-ce5d-995250bc2258" testName="JarvisAssistant.UnitTests.Services.LLM.PersonalityServiceTests.FormatResponseAsync_WithNonStreamingMode_AddsPersonalityElements" computerName="BOSGAME-VELQ7" duration="00:00:00.0014078" startTime="2025-07-25T07:35:49.0337200-04:00" endTime="2025-07-25T07:35:49.0337202-04:00" testType="13cdc9d9-ddb5-4fa4-a97d-d965ccfc6d4b" outcome="Passed" testListId="8c84fa94-04c1-424b-9868-57a2d4851a1d" relativeResultsDirectory="d340722a-cd30-4cab-8c40-4478b31756ae" />
    <UnitTestResult executionId="371a3f2b-8ef5-40a0-b4a4-b98ff10eb632" testId="fad6c2ad-fbae-d0ab-e0f0-cc65d1adf5f0" testName="JarvisAssistant.UnitTests.Services.ElevenLabsVoiceServiceTests.GenerateSpeechAsync_WithValidText_ReturnsAudioData" computerName="BOSGAME-VELQ7" duration="00:00:00.0027366" startTime="2025-07-25T07:35:49.0616536-04:00" endTime="2025-07-25T07:35:49.0616538-04:00" testType="13cdc9d9-ddb5-4fa4-a97d-d965ccfc6d4b" outcome="Passed" testListId="8c84fa94-04c1-424b-9868-57a2d4851a1d" relativeResultsDirectory="371a3f2b-8ef5-40a0-b4a4-b98ff10eb632" />
    <UnitTestResult executionId="8f50385b-5590-40ab-9657-ca423ef7a627" testId="55b16e68-6299-1309-2bbb-0dc1a6336bca" testName="JarvisAssistant.UnitTests.Services.ElevenLabsVoiceServiceTests.GenerateSpeechAsync_WhenRateLimited_UsesFallbackService" computerName="BOSGAME-VELQ7" duration="00:00:00.0025974" startTime="2025-07-25T07:35:49.0828417-04:00" endTime="2025-07-25T07:35:49.0828422-04:00" testType="13cdc9d9-ddb5-4fa4-a97d-d965ccfc6d4b" outcome="Passed" testListId="8c84fa94-04c1-424b-9868-57a2d4851a1d" relativeResultsDirectory="8f50385b-5590-40ab-9657-ca423ef7a627" />
    <UnitTestResult executionId="2a41a35a-2705-41ac-a007-e463e33f3c4b" testId="4312d7c5-24d5-3fb6-717e-bc8881279c7c" testName="JarvisAssistant.UnitTests.Services.LLM.LLMServerFailureTests.GenerateAsync_SslHandshakeFailure_ReturnsSslError" computerName="BOSGAME-VELQ7" duration="00:00:00.0014206" startTime="2025-07-25T07:35:49.0295746-04:00" endTime="2025-07-25T07:35:49.0295747-04:00" testType="13cdc9d9-ddb5-4fa4-a97d-d965ccfc6d4b" outcome="Passed" testListId="8c84fa94-04c1-424b-9868-57a2d4851a1d" relativeResultsDirectory="2a41a35a-2705-41ac-a007-e463e33f3c4b" />
    <UnitTestResult executionId="6bf9d5fa-ca19-4b8b-aa96-49a15a601fc2" testId="2860da0a-5fb1-2576-21cd-cc511bc18d63" testName="JarvisAssistant.UnitTests.UI.InputBlockingRegressionTests.PATTERN_CorrectInputTransparentConfiguration" computerName="BOSGAME-VELQ7" duration="00:00:00.0003990" startTime="2025-07-25T07:35:48.8890187-04:00" endTime="2025-07-25T07:35:48.8890187-04:00" testType="13cdc9d9-ddb5-4fa4-a97d-d965ccfc6d4b" outcome="Passed" testListId="8c84fa94-04c1-424b-9868-57a2d4851a1d" relativeResultsDirectory="6bf9d5fa-ca19-4b8b-aa96-49a15a601fc2" />
    <UnitTestResult executionId="d230f012-43cf-46f3-b381-b2db9c4f100f" testId="4a504e70-7be1-e06c-8cf5-8233b8c30baa" testName="JarvisAssistant.UnitTests.Integration.VoiceConfigurationTests.ElevenLabsConfig_GetStreamingUrl_ReturnsCorrectUrl" computerName="BOSGAME-VELQ7" duration="00:00:00.0003604" startTime="2025-07-25T07:35:48.8841823-04:00" endTime="2025-07-25T07:35:48.8841824-04:00" testType="13cdc9d9-ddb5-4fa4-a97d-d965ccfc6d4b" outcome="Passed" testListId="8c84fa94-04c1-424b-9868-57a2d4851a1d" relativeResultsDirectory="d230f012-43cf-46f3-b381-b2db9c4f100f" />
    <UnitTestResult executionId="0b4c800b-83e1-47d7-ac2a-803972462893" testId="136c603b-cc7c-5608-7f3e-59432e38d7f0" testName="JarvisAssistant.UnitTests.Voice.VoiceServiceStatusTests.VoiceServiceHealthChecker_Should_Identify_StubVoiceService" computerName="BOSGAME-VELQ7" duration="00:00:00.0065338" startTime="2025-07-25T07:35:48.9347529-04:00" endTime="2025-07-25T07:35:48.9347530-04:00" testType="13cdc9d9-ddb5-4fa4-a97d-d965ccfc6d4b" outcome="Passed" testListId="8c84fa94-04c1-424b-9868-57a2d4851a1d" relativeResultsDirectory="0b4c800b-83e1-47d7-ac2a-803972462893" />
    <UnitTestResult executionId="00576668-860c-4684-831c-3bd0b80bae87" testId="cf3b5f94-3a15-f9cf-9d08-cd93d7b43772" testName="JarvisAssistant.UnitTests.Services.PlatformServiceTests.CurrentPlatform_ShouldReturnValidPlatformType" computerName="BOSGAME-VELQ7" duration="00:00:00.0016608" startTime="2025-07-25T07:35:48.9315441-04:00" endTime="2025-07-25T07:35:48.9315443-04:00" testType="13cdc9d9-ddb5-4fa4-a97d-d965ccfc6d4b" outcome="Passed" testListId="8c84fa94-04c1-424b-9868-57a2d4851a1d" relativeResultsDirectory="00576668-860c-4684-831c-3bd0b80bae87" />
    <UnitTestResult executionId="910c1972-480e-4947-ae6a-79b1908e24bc" testId="65ab6344-8ddd-990a-cd93-2623518ff562" testName="JarvisAssistant.UnitTests.Services.LLM.LLMServerFailureTests.GenerateAsync_HttpStatusCodeFailures_ReturnsSpecificErrorCodes(statusCode: TooManyRequests, errorDescription: &quot;Rate limit exceeded&quot;)" computerName="BOSGAME-VELQ7" duration="00:00:00.0024494" startTime="2025-07-25T07:35:49.0225709-04:00" endTime="2025-07-25T07:35:49.0225711-04:00" testType="13cdc9d9-ddb5-4fa4-a97d-d965ccfc6d4b" outcome="Passed" testListId="8c84fa94-04c1-424b-9868-57a2d4851a1d" relativeResultsDirectory="910c1972-480e-4947-ae6a-79b1908e24bc" />
    <UnitTestResult executionId="2f62116a-d3ec-4b4e-af6b-80a881e9de06" testId="a48de06a-ebfe-c2ae-e9d5-81de3ce1d4c5" testName="JarvisAssistant.UnitTests.Core.Converters.ConverterLogicTests.VoiceActivityToOpacity_ShouldClampValues(input: 0.80000000000000004, expected: 0.80000000000000004)" computerName="BOSGAME-VELQ7" duration="00:00:00.0027121" startTime="2025-07-25T07:35:48.8897248-04:00" endTime="2025-07-25T07:35:48.8897248-04:00" testType="13cdc9d9-ddb5-4fa4-a97d-d965ccfc6d4b" outcome="Passed" testListId="8c84fa94-04c1-424b-9868-57a2d4851a1d" relativeResultsDirectory="2f62116a-d3ec-4b4e-af6b-80a881e9de06" />
    <UnitTestResult executionId="a3778dba-adfc-4842-8431-526c69e79650" testId="edfd48b9-1740-3a9f-0eeb-78b5f89016d4" testName="JarvisAssistant.UnitTests.Services.ElevenLabsVoiceServiceTests.GenerateSpeechAsync_WithEmptyText_ReturnsEmptyArray" computerName="BOSGAME-VELQ7" duration="00:00:00.0004343" startTime="2025-07-25T07:35:49.0577041-04:00" endTime="2025-07-25T07:35:49.0577043-04:00" testType="13cdc9d9-ddb5-4fa4-a97d-d965ccfc6d4b" outcome="Passed" testListId="8c84fa94-04c1-424b-9868-57a2d4851a1d" relativeResultsDirectory="a3778dba-adfc-4842-8431-526c69e79650" />
    <UnitTestResult executionId="3ef8f019-452b-491b-9b0d-8ee5c701fff0" testId="3ad3f1a7-545c-d219-cc45-501013b097c8" testName="JarvisAssistant.UnitTests.Services.RateLimitServiceTests.CanMakeRequestAsync_AfterDispose_ReturnsFalse" computerName="BOSGAME-VELQ7" duration="00:00:00.0008566" startTime="2025-07-25T07:35:48.9688353-04:00" endTime="2025-07-25T07:35:48.9688354-04:00" testType="13cdc9d9-ddb5-4fa4-a97d-d965ccfc6d4b" outcome="Passed" testListId="8c84fa94-04c1-424b-9868-57a2d4851a1d" relativeResultsDirectory="3ef8f019-452b-491b-9b0d-8ee5c701fff0" />
    <UnitTestResult executionId="ef440455-4f6a-4aa5-af5a-23be11f81e41" testId="02959c82-ccfe-f9e7-3262-49abad8491b3" testName="JarvisAssistant.UnitTests.Services.ThemeIntegrationTests.ResourceDictionaryLoading_ShouldNotCauseMemoryLeaks" computerName="BOSGAME-VELQ7" duration="00:00:00.0230303" startTime="2025-07-25T07:35:49.0014528-04:00" endTime="2025-07-25T07:35:49.0014529-04:00" testType="13cdc9d9-ddb5-4fa4-a97d-d965ccfc6d4b" outcome="Passed" testListId="8c84fa94-04c1-424b-9868-57a2d4851a1d" relativeResultsDirectory="ef440455-4f6a-4aa5-af5a-23be11f81e41" />
    <UnitTestResult executionId="656ee435-30ca-4cf0-bdbc-6df08dcf0ab6" testId="1988c32c-fbed-2d76-4c33-50364dd9df41" testName="JarvisAssistant.UnitTests.Voice.VoiceCommandProcessorTests.SupportedCommands_ContainsAllDefaultCommands(commandType: Repeat)" computerName="BOSGAME-VELQ7" duration="00:00:00.0042705" startTime="2025-07-25T07:35:48.9200657-04:00" endTime="2025-07-25T07:35:48.9200657-04:00" testType="13cdc9d9-ddb5-4fa4-a97d-d965ccfc6d4b" outcome="Passed" testListId="8c84fa94-04c1-424b-9868-57a2d4851a1d" relativeResultsDirectory="656ee435-30ca-4cf0-bdbc-6df08dcf0ab6" />
    <UnitTestResult executionId="edff7dfc-0b73-4f32-a743-480aa28df744" testId="8968161b-9071-a220-ad10-32b0dee75edc" testName="JarvisAssistant.UnitTests.UI.MAUIMainPageUITests.StartChatBtn_TapGesture_ShouldTriggerNavigation" computerName="BOSGAME-VELQ7" duration="00:00:00.0009103" startTime="2025-07-25T07:35:49.0019343-04:00" endTime="2025-07-25T07:35:49.0019345-04:00" testType="13cdc9d9-ddb5-4fa4-a97d-d965ccfc6d4b" outcome="Passed" testListId="8c84fa94-04c1-424b-9868-57a2d4851a1d" relativeResultsDirectory="edff7dfc-0b73-4f32-a743-480aa28df744" />
    <UnitTestResult executionId="5141e390-7186-4e2c-a80c-ed9cc69d600a" testId="8576f787-2bdf-cc0a-da43-711a5d01fde9" testName="JarvisAssistant.UnitTests.UI.MAUIMainPageUITests.Buttons_ShouldRespondToPlatformSpecificInput(platform: &quot;Android&quot;, inputMethod: &quot;Touch&quot;)" computerName="BOSGAME-VELQ7" duration="00:00:00.0000978" startTime="2025-07-25T07:35:48.9313017-04:00" endTime="2025-07-25T07:35:48.9313019-04:00" testType="13cdc9d9-ddb5-4fa4-a97d-d965ccfc6d4b" outcome="Passed" testListId="8c84fa94-04c1-424b-9868-57a2d4851a1d" relativeResultsDirectory="5141e390-7186-4e2c-a80c-ed9cc69d600a" />
    <UnitTestResult executionId="eda97be2-a6ba-490f-9f88-4ba7e9bbb43c" testId="0edbb503-a51b-c4b8-4c62-7c28eba84761" testName="JarvisAssistant.UnitTests.Services.LLM.LLMServerFailureTests.GenerateAsync_CancellationTimeout_ReturnsTimeoutError" computerName="BOSGAME-VELQ7" duration="00:00:00.0012974" startTime="2025-07-25T07:35:49.0482819-04:00" endTime="2025-07-25T07:35:49.0482821-04:00" testType="13cdc9d9-ddb5-4fa4-a97d-d965ccfc6d4b" outcome="Passed" testListId="8c84fa94-04c1-424b-9868-57a2d4851a1d" relativeResultsDirectory="eda97be2-a6ba-490f-9f88-4ba7e9bbb43c" />
    <UnitTestResult executionId="026410ef-4c37-464f-b972-50b99a4c8f17" testId="8b0fe8f0-6f8c-1fb4-d420-8a561b7d182d" testName="JarvisAssistant.UnitTests.Services.LLM.LLMErrorHandlerTests.ProcessException_HttpRequestException_ServerError_ReturnsCorrectErrorCode(exceptionMessage: &quot;HTTP 500 Internal Server Error&quot;, expectedErrorCode: &quot;LLM-HTTP-500-001&quot;, expectedRetryable: True)" computerName="BOSGAME-VELQ7" duration="00:00:00.0002162" startTime="2025-07-25T07:35:48.9234412-04:00" endTime="2025-07-25T07:35:48.9234413-04:00" testType="13cdc9d9-ddb5-4fa4-a97d-d965ccfc6d4b" outcome="Passed" testListId="8c84fa94-04c1-424b-9868-57a2d4851a1d" relativeResultsDirectory="026410ef-4c37-464f-b972-50b99a4c8f17" />
    <UnitTestResult executionId="d6ca0a0a-4061-4b33-9409-4d41cab3a47e" testId="d9437865-7771-dedc-637d-2b732321858d" testName="JarvisAssistant.UnitTests.Integration.LLMErrorDiagnosticTests.DiagnosticTest_SimpleHttpStatusTest_ShouldThrowException" computerName="BOSGAME-VELQ7" duration="00:00:00.0015271" startTime="2025-07-25T07:35:49.0274571-04:00" endTime="2025-07-25T07:35:49.0274573-04:00" testType="13cdc9d9-ddb5-4fa4-a97d-d965ccfc6d4b" outcome="Passed" testListId="8c84fa94-04c1-424b-9868-57a2d4851a1d" relativeResultsDirectory="d6ca0a0a-4061-4b33-9409-4d41cab3a47e" />
    <UnitTestResult executionId="827e8bd5-e99b-4886-8c33-1bbcb0ccd4d5" testId="6a01d3d8-cfa2-6c2f-974e-45b2fa40bd41" testName="JarvisAssistant.UnitTests.Integration.VoiceConfigurationTests.ElevenLabsConfig_IsValid_WithInvalidConfig_ReturnsFalse(apiKey: &quot;&quot;, voiceId: &quot;voice&quot;, baseUrl: &quot;https://api.elevenlabs.io&quot;, timeoutSeconds: 30, maxRetryAttempts: 3, expected: False)" computerName="BOSGAME-VELQ7" duration="00:00:00.0000077" startTime="2025-07-25T07:35:48.8837777-04:00" endTime="2025-07-25T07:35:48.8837777-04:00" testType="13cdc9d9-ddb5-4fa4-a97d-d965ccfc6d4b" outcome="Passed" testListId="8c84fa94-04c1-424b-9868-57a2d4851a1d" relativeResultsDirectory="827e8bd5-e99b-4886-8c33-1bbcb0ccd4d5" />
    <UnitTestResult executionId="b07fb70d-334d-4611-b835-ced7a0d78360" testId="43cedcfb-8465-a5af-5621-faed00d16920" testName="JarvisAssistant.UnitTests.Services.ThemeIntegrationTests.ConcurrentThemeOperations_ShouldNotCauseRaceConditions" computerName="BOSGAME-VELQ7" duration="00:00:00.0051911" startTime="2025-07-25T07:35:48.9744282-04:00" endTime="2025-07-25T07:35:48.9744283-04:00" testType="13cdc9d9-ddb5-4fa4-a97d-d965ccfc6d4b" outcome="Passed" testListId="8c84fa94-04c1-424b-9868-57a2d4851a1d" relativeResultsDirectory="b07fb70d-334d-4611-b835-ced7a0d78360" />
    <UnitTestResult executionId="2a7cf0be-bc84-4a85-acaa-31378daf1dee" testId="4603bf04-18e3-18a7-c874-f30dd826183d" testName="JarvisAssistant.UnitTests.Voice.GoogleTVVoiceHandlerTests.Constructor_WithNullVoiceModeManager_ThrowsArgumentNullException" computerName="BOSGAME-VELQ7" duration="00:00:00.0005491" startTime="2025-07-25T07:35:48.9673780-04:00" endTime="2025-07-25T07:35:48.9673781-04:00" testType="13cdc9d9-ddb5-4fa4-a97d-d965ccfc6d4b" outcome="Passed" testListId="8c84fa94-04c1-424b-9868-57a2d4851a1d" relativeResultsDirectory="2a7cf0be-bc84-4a85-acaa-31378daf1dee" />
    <UnitTestResult executionId="0338ce96-b109-4a81-9930-1b9dac9d500b" testId="6a1b7259-7fc6-a518-f550-f255caba3437" testName="JarvisAssistant.UnitTests.Services.LLM.LLMErrorHandlerTests.ProcessException_ArgumentException_ReturnsConfigError" computerName="BOSGAME-VELQ7" duration="00:00:00.0004254" startTime="2025-07-25T07:35:48.9374023-04:00" endTime="2025-07-25T07:35:48.9374025-04:00" testType="13cdc9d9-ddb5-4fa4-a97d-d965ccfc6d4b" outcome="Passed" testListId="8c84fa94-04c1-424b-9868-57a2d4851a1d" relativeResultsDirectory="0338ce96-b109-4a81-9930-1b9dac9d500b" />
    <UnitTestResult executionId="5e4c3417-2605-4fed-9f99-5f23795a5288" testId="d44d1271-6e41-f5b3-dedf-0d0a9a9f8930" testName="JarvisAssistant.UnitTests.UI.StatusPanelFunctionalityTests.ShowServiceDetails_WithNullService_ShouldHandleGracefully" computerName="BOSGAME-VELQ7" duration="00:00:00.0014474" startTime="2025-07-25T07:35:48.8886919-04:00" endTime="2025-07-25T07:35:48.8886920-04:00" testType="13cdc9d9-ddb5-4fa4-a97d-d965ccfc6d4b" outcome="Passed" testListId="8c84fa94-04c1-424b-9868-57a2d4851a1d" relativeResultsDirectory="5e4c3417-2605-4fed-9f99-5f23795a5288" />
    <UnitTestResult executionId="c34b2f58-042f-4c0f-a3aa-a4eac4c289a7" testId="339bc3b9-f3d1-510b-4dd9-a1a9c832b5ca" testName="JarvisAssistant.UnitTests.Integration.ElevenLabsServiceExtensionsTests.ReplaceVoiceServiceWithElevenLabs_ReplacesExistingService" computerName="BOSGAME-VELQ7" duration="00:00:00.0014852" startTime="2025-07-25T07:35:48.8934216-04:00" endTime="2025-07-25T07:35:48.8934217-04:00" testType="13cdc9d9-ddb5-4fa4-a97d-d965ccfc6d4b" outcome="Passed" testListId="8c84fa94-04c1-424b-9868-57a2d4851a1d" relativeResultsDirectory="c34b2f58-042f-4c0f-a3aa-a4eac4c289a7" />
    <UnitTestResult executionId="1103bcd5-6f0f-4315-b61f-46e2aed7a02c" testId="d461e0b5-989f-74d7-1846-22901762f3f2" testName="JarvisAssistant.UnitTests.Services.LLM.LLMErrorHandlerTests.LLMErrorMessages_GetErrorMessage_ReturnsNonEmptyMessage(errorCode: &quot;LLM-HTTP-404-001&quot;)" computerName="BOSGAME-VELQ7" duration="00:00:00.0000128" startTime="2025-07-25T07:35:48.9039343-04:00" endTime="2025-07-25T07:35:48.9039344-04:00" testType="13cdc9d9-ddb5-4fa4-a97d-d965ccfc6d4b" outcome="Passed" testListId="8c84fa94-04c1-424b-9868-57a2d4851a1d" relativeResultsDirectory="1103bcd5-6f0f-4315-b61f-46e2aed7a02c" />
    <UnitTestResult executionId="889f35b8-e8e5-401f-8e27-3df17ca0c607" testId="22919d44-d8ca-364f-4b24-87cf3f3303c9" testName="JarvisAssistant.UnitTests.Voice.VoiceCommandModelTests.VoiceCommand_IsValid_WithInvalidData_ReturnsFalse(text: null, confidence: 0.800000012, type: Status)" computerName="BOSGAME-VELQ7" duration="00:00:00.0004495" startTime="2025-07-25T07:35:48.8851403-04:00" endTime="2025-07-25T07:35:48.8851403-04:00" testType="13cdc9d9-ddb5-4fa4-a97d-d965ccfc6d4b" outcome="Passed" testListId="8c84fa94-04c1-424b-9868-57a2d4851a1d" relativeResultsDirectory="889f35b8-e8e5-401f-8e27-3df17ca0c607" />
    <UnitTestResult executionId="b23d988a-8b63-421b-a1d1-e08b90e8a345" testId="9be4b866-11a2-9807-8cd1-a83edcecc31b" testName="JarvisAssistant.UnitTests.Integration.VoiceConfigurationTests.ElevenLabsConfig_IsValid_WithValidConfig_ReturnsTrue" computerName="BOSGAME-VELQ7" duration="00:00:00.0001083" startTime="2025-07-25T07:35:48.8842155-04:00" endTime="2025-07-25T07:35:48.8842156-04:00" testType="13cdc9d9-ddb5-4fa4-a97d-d965ccfc6d4b" outcome="Passed" testListId="8c84fa94-04c1-424b-9868-57a2d4851a1d" relativeResultsDirectory="b23d988a-8b63-421b-a1d1-e08b90e8a345" />
    <UnitTestResult executionId="65bd5c61-33c9-4129-a75a-6c375b4e127c" testId="09b8bac4-31e7-91b5-74e0-6637b4c9a22a" testName="JarvisAssistant.UnitTests.Integration.LLMServiceIntegrationTests.SendMessageAsync_WithDifferentQueryTypes_ReturnsAppropriateResponses(message: &quot;Write a short poem about AI&quot;, expectedQueryType: Creative)" computerName="BOSGAME-VELQ7" duration="00:00:00.0169661" startTime="2025-07-25T07:35:49.5663768-04:00" endTime="2025-07-25T07:35:49.5663772-04:00" testType="13cdc9d9-ddb5-4fa4-a97d-d965ccfc6d4b" outcome="Passed" testListId="8c84fa94-04c1-424b-9868-57a2d4851a1d" relativeResultsDirectory="65bd5c61-33c9-4129-a75a-6c375b4e127c" />
    <UnitTestResult executionId="0db19eef-03d7-4a89-8f2f-621e595fe002" testId="d14df0d0-00fc-78a4-4d3f-15e80a87b8dd" testName="JarvisAssistant.UnitTests.Voice.VoiceCommandProcessorTests.ClassifyCommandAsync_WithInvalidInput_ReturnsUnknownType(commandText: null)" computerName="BOSGAME-VELQ7" duration="00:00:00.0005324" startTime="2025-07-25T07:35:48.9151884-04:00" endTime="2025-07-25T07:35:48.9151886-04:00" testType="13cdc9d9-ddb5-4fa4-a97d-d965ccfc6d4b" outcome="Passed" testListId="8c84fa94-04c1-424b-9868-57a2d4851a1d" relativeResultsDirectory="0db19eef-03d7-4a89-8f2f-621e595fe002" />
    <UnitTestResult executionId="ee2edc76-054f-41cb-992b-366cf03f173b" testId="ee31decc-135a-dea7-0015-4325521ad0e0" testName="JarvisAssistant.UnitTests.Services.PlatformServiceTests.AndroidPlatformThemeMapping_ShouldHandleAllAndroidVariants(platform: Android, isGoogleTV: False, expectedTheme: Mobile)" computerName="BOSGAME-VELQ7" duration="00:00:00.0000491" startTime="2025-07-25T07:35:48.9262248-04:00" endTime="2025-07-25T07:35:48.9262249-04:00" testType="13cdc9d9-ddb5-4fa4-a97d-d965ccfc6d4b" outcome="Passed" testListId="8c84fa94-04c1-424b-9868-57a2d4851a1d" relativeResultsDirectory="ee2edc76-054f-41cb-992b-366cf03f173b" />
    <UnitTestResult executionId="617423e6-be9d-4aa2-9058-d73c6d2f6954" testId="12fcea12-c6aa-0fb8-8070-0ba831f6b12f" testName="JarvisAssistant.UnitTests.Voice.VoiceCommandProcessorTests.ClassifyCommandAsync_WithInvalidInput_ReturnsUnknownType(commandText: &quot;&quot;)" computerName="BOSGAME-VELQ7" duration="00:00:00.0002750" startTime="2025-07-25T07:35:48.9154844-04:00" endTime="2025-07-25T07:35:48.9154846-04:00" testType="13cdc9d9-ddb5-4fa4-a97d-d965ccfc6d4b" outcome="Passed" testListId="8c84fa94-04c1-424b-9868-57a2d4851a1d" relativeResultsDirectory="617423e6-be9d-4aa2-9058-d73c6d2f6954" />
    <UnitTestResult executionId="36c4e5a0-14e9-48bb-9e8b-04cd41523b4e" testId="f5e09f58-8490-5b03-bdce-4c5c79224a9b" testName="JarvisAssistant.UnitTests.Services.AudioCacheServiceTests.CacheAudioAsync_ExceedsMaxSize_HandlesGracefully" computerName="BOSGAME-VELQ7" duration="00:00:00.0040445" startTime="2025-07-25T07:35:48.9784274-04:00" endTime="2025-07-25T07:35:48.9784274-04:00" testType="13cdc9d9-ddb5-4fa4-a97d-d965ccfc6d4b" outcome="Passed" testListId="8c84fa94-04c1-424b-9868-57a2d4851a1d" relativeResultsDirectory="36c4e5a0-14e9-48bb-9e8b-04cd41523b4e" />
    <UnitTestResult executionId="076dd60f-fe7d-4434-b821-c5dc0a06fe06" testId="7f5adbec-5e4c-425f-f9da-aa4e09743586" testName="JarvisAssistant.UnitTests.UI.MAUIStatusPanelUITests.StatusPanelViewModel_OverallStatus_ShouldReflectServices" computerName="BOSGAME-VELQ7" duration="00:00:00.0002433" startTime="2025-07-25T07:35:49.1327258-04:00" endTime="2025-07-25T07:35:49.1327259-04:00" testType="13cdc9d9-ddb5-4fa4-a97d-d965ccfc6d4b" outcome="Passed" testListId="8c84fa94-04c1-424b-9868-57a2d4851a1d" relativeResultsDirectory="076dd60f-fe7d-4434-b821-c5dc0a06fe06" />
    <UnitTestResult executionId="acd1df97-ad4e-408e-86de-adc3a9f9fea0" testId="469caaad-1f56-34b5-dc67-bd4ae58f0f5b" testName="JarvisAssistant.UnitTests.UI.MAUIStatusPanelUITests.StatusPanel_ResponseTimes_ShouldDisplayCorrectly" computerName="BOSGAME-VELQ7" duration="00:00:00.0007352" startTime="2025-07-25T07:35:49.1323954-04:00" endTime="2025-07-25T07:35:49.1323956-04:00" testType="13cdc9d9-ddb5-4fa4-a97d-d965ccfc6d4b" outcome="Passed" testListId="8c84fa94-04c1-424b-9868-57a2d4851a1d" relativeResultsDirectory="acd1df97-ad4e-408e-86de-adc3a9f9fea0" />
    <UnitTestResult executionId="4aa3c9b7-84bc-4b91-8ec9-434e9af7db92" testId="69ea4a4f-bca9-155c-a22a-2c1ce449d633" testName="JarvisAssistant.UnitTests.Services.LLM.OllamaClientTests.GenerateAsync_WithDifferentQueryTypes_UsesCorrectModel(queryType: Mathematical, expectedModel: &quot;llama3.2&quot;)" computerName="BOSGAME-VELQ7" duration="00:00:00.0022846" startTime="2025-07-25T07:35:49.0107314-04:00" endTime="2025-07-25T07:35:49.0107316-04:00" testType="13cdc9d9-ddb5-4fa4-a97d-d965ccfc6d4b" outcome="Passed" testListId="8c84fa94-04c1-424b-9868-57a2d4851a1d" relativeResultsDirectory="4aa3c9b7-84bc-4b91-8ec9-434e9af7db92" />
    <UnitTestResult executionId="0943190f-976c-43ea-a3d6-c6a1546da489" testId="660970a1-21b7-e88b-bd1d-709582288c6b" testName="JarvisAssistant.UnitTests.Services.LLM.PersonalityServiceTests.GetAppropriateAddress_WithContext_ReturnsSir" computerName="BOSGAME-VELQ7" duration="00:00:00.0007613" startTime="2025-07-25T07:35:49.0296903-04:00" endTime="2025-07-25T07:35:49.0296905-04:00" testType="13cdc9d9-ddb5-4fa4-a97d-d965ccfc6d4b" outcome="Passed" testListId="8c84fa94-04c1-424b-9868-57a2d4851a1d" relativeResultsDirectory="0943190f-976c-43ea-a3d6-c6a1546da489" />
    <UnitTestResult executionId="a7ae401a-c41a-4c3b-b1e6-b9ac00ad0d99" testId="d5eaf2fd-35dd-715b-afe9-d1f2ab849c25" testName="JarvisAssistant.UnitTests.Services.ThemeManagerTests.GetSystemThemeAsync_ShouldReturnValidTheme" computerName="BOSGAME-VELQ7" duration="00:00:00.0021561" startTime="2025-07-25T07:35:48.9433490-04:00" endTime="2025-07-25T07:35:48.9433491-04:00" testType="13cdc9d9-ddb5-4fa4-a97d-d965ccfc6d4b" outcome="Passed" testListId="8c84fa94-04c1-424b-9868-57a2d4851a1d" relativeResultsDirectory="a7ae401a-c41a-4c3b-b1e6-b9ac00ad0d99" />
    <UnitTestResult executionId="8560bf52-3ca7-4777-b800-9a47942c02f3" testId="9464a8b4-b665-cdbb-dac0-04bb0a98b0dc" testName="JarvisAssistant.UnitTests.Services.LLM.OllamaClientTests.GenerateAsync_WithCodeQueryType_UsesCorrectModel" computerName="BOSGAME-VELQ7" duration="00:00:00.0038135" startTime="2025-07-25T07:35:49.0369923-04:00" endTime="2025-07-25T07:35:49.0369924-04:00" testType="13cdc9d9-ddb5-4fa4-a97d-d965ccfc6d4b" outcome="Passed" testListId="8c84fa94-04c1-424b-9868-57a2d4851a1d" relativeResultsDirectory="8560bf52-3ca7-4777-b800-9a47942c02f3" />
    <UnitTestResult executionId="1f22f9bb-c05d-448e-bd75-d62e7a8b6fd2" testId="5b489f85-b61d-13f2-ef5e-3d9ec35287a5" testName="JarvisAssistant.UnitTests.Services.ErrorHandlingServiceTests.HandleErrorAsync_WithNullException_ShouldThrowArgumentNullException" computerName="BOSGAME-VELQ7" duration="00:00:00.0025666" startTime="2025-07-25T07:35:48.9695446-04:00" endTime="2025-07-25T07:35:48.9695447-04:00" testType="13cdc9d9-ddb5-4fa4-a97d-d965ccfc6d4b" outcome="Passed" testListId="8c84fa94-04c1-424b-9868-57a2d4851a1d" relativeResultsDirectory="1f22f9bb-c05d-448e-bd75-d62e7a8b6fd2" />
    <UnitTestResult executionId="5712ab98-c5af-489b-81c1-6f6e66c6899b" testId="0114f425-472a-2ab7-f13a-08635f86369a" testName="JarvisAssistant.UnitTests.Integration.ElevenLabsVoiceIntegrationTests.CacheService_Integration_WorksCorrectly" computerName="BOSGAME-VELQ7" duration="00:00:00.0013867" startTime="2025-07-25T07:35:49.4021795-04:00" endTime="2025-07-25T07:35:49.4021797-04:00" testType="13cdc9d9-ddb5-4fa4-a97d-d965ccfc6d4b" outcome="Passed" testListId="8c84fa94-04c1-424b-9868-57a2d4851a1d" relativeResultsDirectory="5712ab98-c5af-489b-81c1-6f6e66c6899b" />
    <UnitTestResult executionId="74598642-72c3-4076-a4fb-3617c46da2be" testId="51502560-4579-f809-5385-4a73b08eecc3" testName="JarvisAssistant.UnitTests.Services.ServiceHealthCheckerTests.CheckServiceHealthAsync_WithConnectionError_ReturnsOfflineStatus" computerName="BOSGAME-VELQ7" duration="00:00:00.0007821" startTime="2025-07-25T07:35:49.7757398-04:00" endTime="2025-07-25T07:35:49.7757399-04:00" testType="13cdc9d9-ddb5-4fa4-a97d-d965ccfc6d4b" outcome="Passed" testListId="8c84fa94-04c1-424b-9868-57a2d4851a1d" relativeResultsDirectory="74598642-72c3-4076-a4fb-3617c46da2be" />
    <UnitTestResult executionId="d186f167-5f0d-4379-9289-669d21348c6c" testId="796b9315-66c0-25f8-e99d-6066a623f0a3" testName="JarvisAssistant.UnitTests.Integration.LiveOllamaConnectionTests.LiveConnection_CheckSpecificModel_ShouldReportAvailability(modelName: &quot;deepseek-coder&quot;)" computerName="BOSGAME-VELQ7" duration="00:00:00.0997074" startTime="2025-07-25T07:35:55.6991806-04:00" endTime="2025-07-25T07:35:55.6991809-04:00" testType="13cdc9d9-ddb5-4fa4-a97d-d965ccfc6d4b" outcome="Passed" testListId="8c84fa94-04c1-424b-9868-57a2d4851a1d" relativeResultsDirectory="d186f167-5f0d-4379-9289-669d21348c6c" />
    <UnitTestResult executionId="13f43e63-df45-4691-a23c-1c0b592654e2" testId="d719c008-88df-e617-f599-2e03add0ed27" testName="JarvisAssistant.UnitTests.Voice.VoiceCommandModelTests.VoiceCommand_WithClassification_CreatesNewInstanceWithUpdatedInfo" computerName="BOSGAME-VELQ7" duration="00:00:00.0037365" startTime="2025-07-25T07:35:48.8859356-04:00" endTime="2025-07-25T07:35:48.8859357-04:00" testType="13cdc9d9-ddb5-4fa4-a97d-d965ccfc6d4b" outcome="Passed" testListId="8c84fa94-04c1-424b-9868-57a2d4851a1d" relativeResultsDirectory="13f43e63-df45-4691-a23c-1c0b592654e2" />
    <UnitTestResult executionId="2c6ea01b-e157-4cd0-9e7a-7c267211f9b5" testId="16933105-5c69-9305-13c0-9aa2934c8d03" testName="JarvisAssistant.UnitTests.Services.PlatformServiceTests.GetOptimalTheme_ForDifferentPlatforms_ShouldReturnExpectedTheme(platform: iOS, expectedTheme: Mobile)" computerName="BOSGAME-VELQ7" duration="00:00:00.0004184" startTime="2025-07-25T07:35:48.9328031-04:00" endTime="2025-07-25T07:35:48.9328034-04:00" testType="13cdc9d9-ddb5-4fa4-a97d-d965ccfc6d4b" outcome="Passed" testListId="8c84fa94-04c1-424b-9868-57a2d4851a1d" relativeResultsDirectory="2c6ea01b-e157-4cd0-9e7a-7c267211f9b5" />
    <UnitTestResult executionId="2e536b02-60bb-4bde-97b3-fc72bb8ca278" testId="273885b7-9535-5804-0d94-b9c5f7a6d87e" testName="JarvisAssistant.UnitTests.Services.LLM.OllamaClientTests.Constructor_WithNullHttpClient_ThrowsArgumentNullException" computerName="BOSGAME-VELQ7" duration="00:00:00.0004235" startTime="2025-07-25T07:35:49.0182364-04:00" endTime="2025-07-25T07:35:49.0182365-04:00" testType="13cdc9d9-ddb5-4fa4-a97d-d965ccfc6d4b" outcome="Passed" testListId="8c84fa94-04c1-424b-9868-57a2d4851a1d" relativeResultsDirectory="2e536b02-60bb-4bde-97b3-fc72bb8ca278" />
    <UnitTestResult executionId="b52b3063-1215-439f-b35a-1e3358e0a887" testId="7f99fdbd-427d-b158-36fe-d9aa2a386948" testName="JarvisAssistant.UnitTests.UI.InputBlockingRegressionTests.StatusPanelView_CommandsShouldWorkWithoutBlockingInput" computerName="BOSGAME-VELQ7" duration="00:00:00.0003575" startTime="2025-07-25T07:35:48.8885464-04:00" endTime="2025-07-25T07:35:48.8885464-04:00" testType="13cdc9d9-ddb5-4fa4-a97d-d965ccfc6d4b" outcome="Passed" testListId="8c84fa94-04c1-424b-9868-57a2d4851a1d" relativeResultsDirectory="b52b3063-1215-439f-b35a-1e3358e0a887" />
    <UnitTestResult executionId="f58f5407-6e1d-4cf4-9f6a-0957a341d6d2" testId="8040537f-0d49-b11e-92f7-047e041515d2" testName="JarvisAssistant.UnitTests.Voice.VoiceCommandProcessorTests.ProcessCommandAsync_WithUnsupportedCommand_ReturnsErrorResult" computerName="BOSGAME-VELQ7" duration="00:00:00.0007081" startTime="2025-07-25T07:35:49.0386922-04:00" endTime="2025-07-25T07:35:49.0386924-04:00" testType="13cdc9d9-ddb5-4fa4-a97d-d965ccfc6d4b" outcome="Passed" testListId="8c84fa94-04c1-424b-9868-57a2d4851a1d" relativeResultsDirectory="f58f5407-6e1d-4cf4-9f6a-0957a341d6d2" />
    <UnitTestResult executionId="68cb4407-0c73-41a8-b2e9-befb0a8cdadc" testId="3adb2ade-902a-b187-14eb-c742dcf3c0d5" testName="JarvisAssistant.UnitTests.Integration.LiveOllamaConnectionTests.LiveConnection_OllamaClient_ShouldConnectAndRetrieveModels" computerName="BOSGAME-VELQ7" duration="00:00:00.0995094" startTime="2025-07-25T07:35:55.7990476-04:00" endTime="2025-07-25T07:35:55.7990481-04:00" testType="13cdc9d9-ddb5-4fa4-a97d-d965ccfc6d4b" outcome="Passed" testListId="8c84fa94-04c1-424b-9868-57a2d4851a1d" relativeResultsDirectory="68cb4407-0c73-41a8-b2e9-befb0a8cdadc" />
    <UnitTestResult executionId="01ad4d1c-540d-4ca8-96c2-6c4410e54155" testId="c02a17f1-9b10-71c3-00f5-672678013df1" testName="JarvisAssistant.UnitTests.Services.ServiceHealthCheckerTests.GetServiceDisplayName_WithRegisteredService_ReturnsDisplayName" computerName="BOSGAME-VELQ7" duration="00:00:00.0001169" startTime="2025-07-25T07:35:49.9915318-04:00" endTime="2025-07-25T07:35:49.9915319-04:00" testType="13cdc9d9-ddb5-4fa4-a97d-d965ccfc6d4b" outcome="Passed" testListId="8c84fa94-04c1-424b-9868-57a2d4851a1d" relativeResultsDirectory="01ad4d1c-540d-4ca8-96c2-6c4410e54155" />
    <UnitTestResult executionId="b57e6e4e-6d01-435d-bf7f-1472844360f9" testId="9de9a7e7-158e-fdd8-f5ab-d1da51df55a4" testName="JarvisAssistant.UnitTests.Services.StatusMonitorServiceTests.StartMonitoringAllAsync_WithMultipleServices_StartsAllMonitoring" computerName="BOSGAME-VELQ7" duration="00:00:00.2068869" startTime="2025-07-25T07:35:49.1800688-04:00" endTime="2025-07-25T07:35:49.1800689-04:00" testType="13cdc9d9-ddb5-4fa4-a97d-d965ccfc6d4b" outcome="Passed" testListId="8c84fa94-04c1-424b-9868-57a2d4851a1d" relativeResultsDirectory="b57e6e4e-6d01-435d-bf7f-1472844360f9" />
    <UnitTestResult executionId="0c01650d-ec79-4d54-a96d-d41acf516b0f" testId="277f1dd3-74a8-b1bb-4336-87820e2fa1d3" testName="JarvisAssistant.UnitTests.Services.LLM.LLMServerFailureTests.GenerateAsync_HttpStatusCodeFailures_ReturnsSpecificErrorCodes(statusCode: BadGateway, errorDescription: &quot;Bad gateway&quot;)" computerName="BOSGAME-VELQ7" duration="00:00:00.0018322" startTime="2025-07-25T07:35:49.0205510-04:00" endTime="2025-07-25T07:35:49.0205511-04:00" testType="13cdc9d9-ddb5-4fa4-a97d-d965ccfc6d4b" outcome="Passed" testListId="8c84fa94-04c1-424b-9868-57a2d4851a1d" relativeResultsDirectory="0c01650d-ec79-4d54-a96d-d41acf516b0f" />
    <UnitTestResult executionId="a0dcec1f-37a2-4293-a43e-2ae92b81a8e8" testId="2766c64a-3dc6-5239-981e-1e0c22926ec8" testName="JarvisAssistant.UnitTests.Services.LLM.LLMErrorHandlerTests.ProcessException_UnknownException_ReturnsGenericError" computerName="BOSGAME-VELQ7" duration="00:00:00.0002368" startTime="2025-07-25T07:35:48.9117727-04:00" endTime="2025-07-25T07:35:48.9117728-04:00" testType="13cdc9d9-ddb5-4fa4-a97d-d965ccfc6d4b" outcome="Passed" testListId="8c84fa94-04c1-424b-9868-57a2d4851a1d" relativeResultsDirectory="a0dcec1f-37a2-4293-a43e-2ae92b81a8e8" />
    <UnitTestResult executionId="c755e0c7-acea-4e20-b589-f7a65bb9b2f4" testId="64bfd9bc-9204-e470-82b4-a39c29673feb" testName="JarvisAssistant.UnitTests.Voice.VoiceCommandModelTests.VoiceCommandType_AllValues_AreValid(type: Repeat)" computerName="BOSGAME-VELQ7" duration="00:00:00.0000095" startTime="2025-07-25T07:35:48.8847713-04:00" endTime="2025-07-25T07:35:48.8847714-04:00" testType="13cdc9d9-ddb5-4fa4-a97d-d965ccfc6d4b" outcome="Passed" testListId="8c84fa94-04c1-424b-9868-57a2d4851a1d" relativeResultsDirectory="c755e0c7-acea-4e20-b589-f7a65bb9b2f4" />
    <UnitTestResult executionId="b1f68bb9-163a-432c-bf63-179c8e0be70a" testId="ffe57b37-7d54-5930-12aa-542561cc00da" testName="JarvisAssistant.UnitTests.Services.PlatformServiceTests.GetOptimalTheme_ForDifferentPlatforms_ShouldReturnExpectedTheme(platform: Android, expectedTheme: Mobile)" computerName="BOSGAME-VELQ7" duration="00:00:00.0000749" startTime="2025-07-25T07:35:48.9330422-04:00" endTime="2025-07-25T07:35:48.9330424-04:00" testType="13cdc9d9-ddb5-4fa4-a97d-d965ccfc6d4b" outcome="Passed" testListId="8c84fa94-04c1-424b-9868-57a2d4851a1d" relativeResultsDirectory="b1f68bb9-163a-432c-bf63-179c8e0be70a" />
    <UnitTestResult executionId="4f14afd8-a947-4e6f-96d9-321cf17cc5c2" testId="fba5929b-9deb-4b81-9ccb-e4326a81621b" testName="JarvisAssistant.UnitTests.Voice.GoogleTVVoiceHandlerTests.HandleKeyEvent_WhenNotInitialized_ReturnsFalse" computerName="BOSGAME-VELQ7" duration="00:00:00.0002059" startTime="2025-07-25T07:35:48.9694270-04:00" endTime="2025-07-25T07:35:48.9694271-04:00" testType="13cdc9d9-ddb5-4fa4-a97d-d965ccfc6d4b" outcome="Passed" testListId="8c84fa94-04c1-424b-9868-57a2d4851a1d" relativeResultsDirectory="4f14afd8-a947-4e6f-96d9-321cf17cc5c2" />
    <UnitTestResult executionId="d9ae8434-bdbf-4636-aa88-80d3abbb06b6" testId="b9285483-8037-a44a-4421-3b1e2dd43f9f" testName="JarvisAssistant.UnitTests.Services.StatusMonitorServiceTests.StartMonitoringAsync_WithValidService_StartsMonitoring" computerName="BOSGAME-VELQ7" duration="00:00:00.1044964" startTime="2025-07-25T07:35:49.7283555-04:00" endTime="2025-07-25T07:35:49.7283559-04:00" testType="13cdc9d9-ddb5-4fa4-a97d-d965ccfc6d4b" outcome="Passed" testListId="8c84fa94-04c1-424b-9868-57a2d4851a1d" relativeResultsDirectory="d9ae8434-bdbf-4636-aa88-80d3abbb06b6" />
    <UnitTestResult executionId="57914568-54ad-4543-8ed1-c778114f80b7" testId="04f3d280-b9d9-c47d-3102-3db188c35fa5" testName="JarvisAssistant.UnitTests.Core.Converters.ConverterLogicTests.VoiceActivityToOpacity_ShouldClampValues(input: 1, expected: 1)" computerName="BOSGAME-VELQ7" duration="00:00:00.0000093" startTime="2025-07-25T07:35:48.8898067-04:00" endTime="2025-07-25T07:35:48.8898067-04:00" testType="13cdc9d9-ddb5-4fa4-a97d-d965ccfc6d4b" outcome="Passed" testListId="8c84fa94-04c1-424b-9868-57a2d4851a1d" relativeResultsDirectory="57914568-54ad-4543-8ed1-c778114f80b7" />
    <UnitTestResult executionId="c6da7e2c-f8d5-4bdf-8cc3-861481db9691" testId="a3530fca-e94b-936f-e732-91b157c74baa" testName="JarvisAssistant.UnitTests.Services.LLM.LLMErrorHandlerTests.ProcessException_HttpRequestException_Authentication_ReturnsCorrectErrorCode(exceptionMessage: &quot;HTTP 401 Unauthorized&quot;, expectedErrorCode: &quot;LLM-HTTP-401-001&quot;)" computerName="BOSGAME-VELQ7" duration="00:00:00.0002609" startTime="2025-07-25T07:35:48.9112308-04:00" endTime="2025-07-25T07:35:48.9112309-04:00" testType="13cdc9d9-ddb5-4fa4-a97d-d965ccfc6d4b" outcome="Passed" testListId="8c84fa94-04c1-424b-9868-57a2d4851a1d" relativeResultsDirectory="c6da7e2c-f8d5-4bdf-8cc3-861481db9691" />
    <UnitTestResult executionId="776a7c7f-6cef-4d4c-a879-fa4fecdc2fa9" testId="579daf35-0858-714e-af2a-bbe41276c04e" testName="JarvisAssistant.UnitTests.Services.LLM.LLMErrorHandlerTests.ProcessException_HttpRequestException_SslFailure_ReturnsCorrectErrorCode(exceptionMessage: &quot;TLS connection error&quot;, expectedErrorCode: &quot;LLM-CONN-005&quot;)" computerName="BOSGAME-VELQ7" duration="00:00:00.0003070" startTime="2025-07-25T07:35:48.9297449-04:00" endTime="2025-07-25T07:35:48.9297449-04:00" testType="13cdc9d9-ddb5-4fa4-a97d-d965ccfc6d4b" outcome="Passed" testListId="8c84fa94-04c1-424b-9868-57a2d4851a1d" relativeResultsDirectory="776a7c7f-6cef-4d4c-a879-fa4fecdc2fa9" />
    <UnitTestResult executionId="c0008295-20c8-433b-9aae-1d3304737f4d" testId="ffeb2ef8-f8ab-0f54-8aed-2528935885b9" testName="JarvisAssistant.UnitTests.UI.InputBlockingRegressionTests.REGRESSION_OverlayElements_ShouldNotBlockInput" computerName="BOSGAME-VELQ7" duration="00:00:00.0002850" startTime="2025-07-25T07:35:48.8890592-04:00" endTime="2025-07-25T07:35:48.8890593-04:00" testType="13cdc9d9-ddb5-4fa4-a97d-d965ccfc6d4b" outcome="Passed" testListId="8c84fa94-04c1-424b-9868-57a2d4851a1d" relativeResultsDirectory="c0008295-20c8-433b-9aae-1d3304737f4d" />
    <UnitTestResult executionId="5c3aa085-d944-405e-8c91-501356e22569" testId="a784203e-69db-f6e8-95da-3e9c1dfe7e5c" testName="JarvisAssistant.UnitTests.Integration.VoiceConfigurationTests.ElevenLabsConfig_IsValid_WithInvalidConfig_ReturnsFalse(apiKey: &quot;key&quot;, voiceId: &quot;&quot;, baseUrl: &quot;https://api.elevenlabs.io&quot;, timeoutSeconds: 30, maxRetryAttempts: 3, expected: False)" computerName="BOSGAME-VELQ7" duration="00:00:00.0000086" startTime="2025-07-25T07:35:48.8838097-04:00" endTime="2025-07-25T07:35:48.8838098-04:00" testType="13cdc9d9-ddb5-4fa4-a97d-d965ccfc6d4b" outcome="Passed" testListId="8c84fa94-04c1-424b-9868-57a2d4851a1d" relativeResultsDirectory="5c3aa085-d944-405e-8c91-501356e22569" />
    <UnitTestResult executionId="34d62bb3-1c88-4781-b156-09797ab2c3f7" testId="53f8ddcd-063c-3335-decf-883aeb74b05e" testName="JarvisAssistant.UnitTests.UI.ConceptualMainPageUITests.ZOrderAnalysis_ShouldDetectOverlayIssues" computerName="BOSGAME-VELQ7" duration="00:00:00.0000154" startTime="2025-07-25T07:35:48.8950675-04:00" endTime="2025-07-25T07:35:48.8950675-04:00" testType="13cdc9d9-ddb5-4fa4-a97d-d965ccfc6d4b" outcome="Passed" testListId="8c84fa94-04c1-424b-9868-57a2d4851a1d" relativeResultsDirectory="34d62bb3-1c88-4781-b156-09797ab2c3f7" />
    <UnitTestResult executionId="06cbabbc-7193-43db-9594-05d2f8695485" testId="9d1fe49b-a881-8005-a912-9171da802cb3" testName="JarvisAssistant.UnitTests.Services.LLM.LLMServerFailureTests.GenerateAsync_HttpStatusCodeFailures_ReturnsSpecificErrorCodes(statusCode: ServiceUnavailable, errorDescription: &quot;Service unavailable&quot;)" computerName="BOSGAME-VELQ7" duration="00:00:00.0034696" startTime="2025-07-25T07:35:49.0156356-04:00" endTime="2025-07-25T07:35:49.0156357-04:00" testType="13cdc9d9-ddb5-4fa4-a97d-d965ccfc6d4b" outcome="Passed" testListId="8c84fa94-04c1-424b-9868-57a2d4851a1d" relativeResultsDirectory="06cbabbc-7193-43db-9594-05d2f8695485" />
    <UnitTestResult executionId="c8e496fb-4b51-46a4-92d1-ddcadcfb0b7c" testId="f2cd19a3-fb5c-dc36-bf6e-8c2c87a9ee06" testName="JarvisAssistant.UnitTests.UI.MAUIUIIntegrationTests.Performance_StatusPanelAnimation_ShouldNotBlockInput" computerName="BOSGAME-VELQ7" duration="00:00:00.0394669" startTime="2025-07-25T07:35:48.9391788-04:00" endTime="2025-07-25T07:35:48.9391790-04:00" testType="13cdc9d9-ddb5-4fa4-a97d-d965ccfc6d4b" outcome="Passed" testListId="8c84fa94-04c1-424b-9868-57a2d4851a1d" relativeResultsDirectory="c8e496fb-4b51-46a4-92d1-ddcadcfb0b7c" />
    <UnitTestResult executionId="96b92ab9-c9c8-4c0a-bb6b-e1b92ec3a769" testId="534cb97b-9269-fa6e-4bd8-fff8fa0755e3" testName="JarvisAssistant.UnitTests.Services.PlatformServiceTests.SupportsVoiceInput_ShouldReturnTrueForModernPlatforms(platform: AndroidTV, expected: True)" computerName="BOSGAME-VELQ7" duration="00:00:00.0000658" startTime="2025-07-25T07:35:48.9285124-04:00" endTime="2025-07-25T07:35:48.9285124-04:00" testType="13cdc9d9-ddb5-4fa4-a97d-d965ccfc6d4b" outcome="Passed" testListId="8c84fa94-04c1-424b-9868-57a2d4851a1d" relativeResultsDirectory="96b92ab9-c9c8-4c0a-bb6b-e1b92ec3a769" />
    <UnitTestResult executionId="d99c081c-1603-42a4-8900-46ec6ae521c8" testId="1f267a72-9ea5-4d8c-a7dc-7020c4cd0fb1" testName="JarvisAssistant.UnitTests.Services.MauiThemeManagerTests.SwitchThemeAsync_AllThemes_ShouldSucceed(theme: Light)" computerName="BOSGAME-VELQ7" duration="00:00:00.0013269" startTime="2025-07-25T07:35:48.9680152-04:00" endTime="2025-07-25T07:35:48.9680153-04:00" testType="13cdc9d9-ddb5-4fa4-a97d-d965ccfc6d4b" outcome="Passed" testListId="8c84fa94-04c1-424b-9868-57a2d4851a1d" relativeResultsDirectory="d99c081c-1603-42a4-8900-46ec6ae521c8" />
    <UnitTestResult executionId="5304aa2b-243b-4d28-86ad-2020c882d21a" testId="9ec3fce4-d4d3-137c-69a6-569561ffc304" testName="JarvisAssistant.UnitTests.Services.LLM.LLMErrorHandlerTests.ProcessException_SocketException_ReturnsCorrectErrorCode(socketError: ConnectionRefused, expectedErrorCode: &quot;LLM-CONN-001&quot;)" computerName="BOSGAME-VELQ7" duration="00:00:00.0002582" startTime="2025-07-25T07:35:48.9285593-04:00" endTime="2025-07-25T07:35:48.9285593-04:00" testType="13cdc9d9-ddb5-4fa4-a97d-d965ccfc6d4b" outcome="Passed" testListId="8c84fa94-04c1-424b-9868-57a2d4851a1d" relativeResultsDirectory="5304aa2b-243b-4d28-86ad-2020c882d21a" />
    <UnitTestResult executionId="60a768f0-dc54-4366-b6df-b1ab3ade0cda" testId="d3b89e0d-0398-17fa-5a70-375411526283" testName="JarvisAssistant.UnitTests.Voice.VoiceModeManagerTests.ConfigureWakeWordDetectionAsync_UpdatesSettings" computerName="BOSGAME-VELQ7" duration="00:00:00.1009189" startTime="2025-07-25T07:35:48.9700855-04:00" endTime="2025-07-25T07:35:48.9700856-04:00" testType="13cdc9d9-ddb5-4fa4-a97d-d965ccfc6d4b" outcome="Passed" testListId="8c84fa94-04c1-424b-9868-57a2d4851a1d" relativeResultsDirectory="60a768f0-dc54-4366-b6df-b1ab3ade0cda" />
    <UnitTestResult executionId="458cb5ea-3df9-4954-bdb1-a63851ffd958" testId="063e0b39-8d97-4a33-0b94-f9440d2bb1d6" testName="JarvisAssistant.UnitTests.Services.LLM.LLMServerFailureTests.GenerateAsync_InvalidJsonResponse_HandlesGracefully" computerName="BOSGAME-VELQ7" duration="00:00:00.0017378" startTime="2025-07-25T07:35:49.0345214-04:00" endTime="2025-07-25T07:35:49.0345216-04:00" testType="13cdc9d9-ddb5-4fa4-a97d-d965ccfc6d4b" outcome="Passed" testListId="8c84fa94-04c1-424b-9868-57a2d4851a1d" relativeResultsDirectory="458cb5ea-3df9-4954-bdb1-a63851ffd958" />
    <UnitTestResult executionId="449583d4-422c-4061-ae24-88ba906f1202" testId="8dd46100-c650-d7e2-0a64-ae07c83ff03c" testName="JarvisAssistant.UnitTests.Services.RateLimitServiceTests.GetWaitTimeAsync_WithRecentRequests_ReturnsWaitTime" computerName="BOSGAME-VELQ7" duration="00:00:00.0042195" startTime="2025-07-25T07:35:48.9681117-04:00" endTime="2025-07-25T07:35:48.9681118-04:00" testType="13cdc9d9-ddb5-4fa4-a97d-d965ccfc6d4b" outcome="Passed" testListId="8c84fa94-04c1-424b-9868-57a2d4851a1d" relativeResultsDirectory="449583d4-422c-4061-ae24-88ba906f1202" />
    <UnitTestResult executionId="4ad1dc21-c826-43d8-8bd0-5db2d8c62573" testId="a2124aea-04f7-2ebe-4260-4f0814ad8a52" testName="JarvisAssistant.UnitTests.Voice.VoiceCommandProcessorTests.CommandReceived_Event_RaisedWhenCommandProcessed" computerName="BOSGAME-VELQ7" duration="00:00:00.1066784" startTime="2025-07-25T07:35:49.1455215-04:00" endTime="2025-07-25T07:35:49.1455219-04:00" testType="13cdc9d9-ddb5-4fa4-a97d-d965ccfc6d4b" outcome="Passed" testListId="8c84fa94-04c1-424b-9868-57a2d4851a1d" relativeResultsDirectory="4ad1dc21-c826-43d8-8bd0-5db2d8c62573" />
    <UnitTestResult executionId="d8bc64a7-cc64-4bcb-888d-9d3b7355bb75" testId="a5e2ed49-1aa0-4fff-6eb1-07a1228fccf1" testName="JarvisAssistant.UnitTests.Voice.GoogleTVVoiceHandlerTests.TriggerVoiceListeningAsync_WhenVoiceModeInactive_EnablesVoiceMode" computerName="BOSGAME-VELQ7" duration="00:00:00.0036174" startTime="2025-07-25T07:35:48.9713980-04:00" endTime="2025-07-25T07:35:48.9713981-04:00" testType="13cdc9d9-ddb5-4fa4-a97d-d965ccfc6d4b" outcome="Passed" testListId="8c84fa94-04c1-424b-9868-57a2d4851a1d" relativeResultsDirectory="d8bc64a7-cc64-4bcb-888d-9d3b7355bb75" />
    <UnitTestResult executionId="b6afa72d-1d76-4f71-921e-967038120214" testId="85a8ec9d-05ea-d362-5a1c-82b3e4045b2b" testName="JarvisAssistant.UnitTests.Services.MauiThemeManagerTests.SwitchThemeAsync_DifferentTheme_ShouldTriggerThemeChangedEvent" computerName="BOSGAME-VELQ7" duration="00:00:00.0011339" startTime="2025-07-25T07:35:48.9743617-04:00" endTime="2025-07-25T07:35:48.9743618-04:00" testType="13cdc9d9-ddb5-4fa4-a97d-d965ccfc6d4b" outcome="Passed" testListId="8c84fa94-04c1-424b-9868-57a2d4851a1d" relativeResultsDirectory="b6afa72d-1d76-4f71-921e-967038120214" />
    <UnitTestResult executionId="0efeab21-0f75-4b20-9de9-f1ef0f53c0bd" testId="fc7d30bd-5b61-b756-b8cb-530276130952" testName="JarvisAssistant.UnitTests.Core.Converters.ConverterLogicTests.StringToBool_ShouldReturnCorrectBooleanValues(input: &quot;Hello&quot;, expected: True)" computerName="BOSGAME-VELQ7" duration="00:00:00.0000036" startTime="2025-07-25T07:35:48.8902066-04:00" endTime="2025-07-25T07:35:48.8902066-04:00" testType="13cdc9d9-ddb5-4fa4-a97d-d965ccfc6d4b" outcome="Passed" testListId="8c84fa94-04c1-424b-9868-57a2d4851a1d" relativeResultsDirectory="0efeab21-0f75-4b20-9de9-f1ef0f53c0bd" />
    <UnitTestResult executionId="e7a1da86-3b28-4345-8056-66ebbeea5c8b" testId="1c60ec5b-1bb8-55a6-3fcb-8412fb2f718f" testName="JarvisAssistant.UnitTests.UI.InputBlockingRegressionTests.PATTERN_CorrectZOrderForInputHandling" computerName="BOSGAME-VELQ7" duration="00:00:00.0003579" startTime="2025-07-25T07:35:48.8882735-04:00" endTime="2025-07-25T07:35:48.8882735-04:00" testType="13cdc9d9-ddb5-4fa4-a97d-d965ccfc6d4b" outcome="Passed" testListId="8c84fa94-04c1-424b-9868-57a2d4851a1d" relativeResultsDirectory="e7a1da86-3b28-4345-8056-66ebbeea5c8b" />
    <UnitTestResult executionId="cf321e0f-89e5-4174-bf44-7f09fbf8e402" testId="bf68d671-32ec-2c0f-0072-02ff2a8f5378" testName="JarvisAssistant.UnitTests.Voice.VoiceCommandModelTests.VoiceCommandSource_AllValues_AreValid(source: WakeWord)" computerName="BOSGAME-VELQ7" duration="00:00:00.0000191" startTime="2025-07-25T07:35:48.8862548-04:00" endTime="2025-07-25T07:35:48.8862548-04:00" testType="13cdc9d9-ddb5-4fa4-a97d-d965ccfc6d4b" outcome="Passed" testListId="8c84fa94-04c1-424b-9868-57a2d4851a1d" relativeResultsDirectory="cf321e0f-89e5-4174-bf44-7f09fbf8e402" />
    <UnitTestResult executionId="90e04335-8513-4de5-abc8-7825a14c447d" testId="37112fb9-e4a1-5134-9108-4377dd1742e8" testName="JarvisAssistant.UnitTests.Services.OllamaLLMServiceTests.SendMessageAsync_WithOllamaError_ReturnsErrorResponse" computerName="BOSGAME-VELQ7" duration="00:00:00.0021195" startTime="2025-07-25T07:35:49.0248948-04:00" endTime="2025-07-25T07:35:49.0248949-04:00" testType="13cdc9d9-ddb5-4fa4-a97d-d965ccfc6d4b" outcome="Passed" testListId="8c84fa94-04c1-424b-9868-57a2d4851a1d" relativeResultsDirectory="90e04335-8513-4de5-abc8-7825a14c447d" />
    <UnitTestResult executionId="724c2847-8255-4a68-85ca-6af7da77be07" testId="94ee68d4-9e18-158b-9b97-40d09c1636b3" testName="JarvisAssistant.UnitTests.Services.PlatformServiceInterfaceTests.GetOptimalTheme_Logic_ShouldReturnExpectedThemes(platform: MacOS, expectedTheme: Desktop)" computerName="BOSGAME-VELQ7" duration="00:00:00.0002650" startTime="2025-07-25T07:35:48.8854565-04:00" endTime="2025-07-25T07:35:48.8854566-04:00" testType="13cdc9d9-ddb5-4fa4-a97d-d965ccfc6d4b" outcome="Passed" testListId="8c84fa94-04c1-424b-9868-57a2d4851a1d" relativeResultsDirectory="724c2847-8255-4a68-85ca-6af7da77be07" />
    <UnitTestResult executionId="096ff3b2-957e-4351-a365-76a951cf0bf3" testId="2db9521a-b93b-6fb2-ea2a-eda608c45d96" testName="JarvisAssistant.UnitTests.Voice.VoiceCommandModelTests.VoiceCommandType_AllValues_AreValid(type: Navigate)" computerName="BOSGAME-VELQ7" duration="00:00:00.0000118" startTime="2025-07-25T07:35:48.8850834-04:00" endTime="2025-07-25T07:35:48.8850835-04:00" testType="13cdc9d9-ddb5-4fa4-a97d-d965ccfc6d4b" outcome="Passed" testListId="8c84fa94-04c1-424b-9868-57a2d4851a1d" relativeResultsDirectory="096ff3b2-957e-4351-a365-76a951cf0bf3" />
    <UnitTestResult executionId="da35d865-08d6-4896-a35a-17e2f87bf7c0" testId="3cf51186-7dcc-526f-4577-a421b4bd4d8f" testName="JarvisAssistant.UnitTests.UI.MAUIUIIntegrationTests.Performance_RapidButtonClicks_ShouldBeHandled" computerName="BOSGAME-VELQ7" duration="00:00:00.0021973" startTime="2025-07-25T07:35:48.8933462-04:00" endTime="2025-07-25T07:35:48.8933464-04:00" testType="13cdc9d9-ddb5-4fa4-a97d-d965ccfc6d4b" outcome="Passed" testListId="8c84fa94-04c1-424b-9868-57a2d4851a1d" relativeResultsDirectory="da35d865-08d6-4896-a35a-17e2f87bf7c0" />
    <UnitTestResult executionId="ede2d8ac-881d-49a2-9285-6b8405acf215" testId="f9455c9b-d4b2-6b82-df58-25eafceeaf14" testName="JarvisAssistant.UnitTests.UI.MainPageButtonInteractionTests.CONCEPT_TapVsKeyboardInputTesting" computerName="BOSGAME-VELQ7" duration="00:00:00.0000408" startTime="2025-07-25T07:35:48.8951751-04:00" endTime="2025-07-25T07:35:48.8951752-04:00" testType="13cdc9d9-ddb5-4fa4-a97d-d965ccfc6d4b" outcome="Passed" testListId="8c84fa94-04c1-424b-9868-57a2d4851a1d" relativeResultsDirectory="ede2d8ac-881d-49a2-9285-6b8405acf215" />
    <UnitTestResult executionId="249968cc-ed61-476e-bf06-1f69c606e9fd" testId="5b63d066-22d5-c7ec-6204-a800d78b6992" testName="JarvisAssistant.UnitTests.Services.PlatformServiceTests.IsGoogleTV_ShouldReturnTrueOnlyForAndroidTV(platform: Android, expected: False)" computerName="BOSGAME-VELQ7" duration="00:00:00.0003778" startTime="2025-07-25T07:35:48.9351274-04:00" endTime="2025-07-25T07:35:48.9351276-04:00" testType="13cdc9d9-ddb5-4fa4-a97d-d965ccfc6d4b" outcome="Passed" testListId="8c84fa94-04c1-424b-9868-57a2d4851a1d" relativeResultsDirectory="249968cc-ed61-476e-bf06-1f69c606e9fd" />
    <UnitTestResult executionId="4bb835cf-5a33-4bf1-8f27-34bc32a19a89" testId="5a66d3c9-3d1a-e5a4-0761-e7a5a6c064ae" testName="JarvisAssistant.UnitTests.UI.StatusPanelFunctionalityTests.SimulateBackdropTap_WhenExpanded_ShouldCollapse" computerName="BOSGAME-VELQ7" duration="00:00:00.0000860" startTime="2025-07-25T07:35:48.8882458-04:00" endTime="2025-07-25T07:35:48.8882458-04:00" testType="13cdc9d9-ddb5-4fa4-a97d-d965ccfc6d4b" outcome="Passed" testListId="8c84fa94-04c1-424b-9868-57a2d4851a1d" relativeResultsDirectory="4bb835cf-5a33-4bf1-8f27-34bc32a19a89" />
    <UnitTestResult executionId="5dc91fb6-e4fe-4f4d-8217-a514b3e576c9" testId="44900182-667c-e967-53a7-6b6fb5197728" testName="JarvisAssistant.UnitTests.Core.Converters.ConverterLogicTests.InvertBool_ShouldInvertBooleanValues" computerName="BOSGAME-VELQ7" duration="00:00:00.0001794" startTime="2025-07-25T07:35:48.8902467-04:00" endTime="2025-07-25T07:35:48.8902468-04:00" testType="13cdc9d9-ddb5-4fa4-a97d-d965ccfc6d4b" outcome="Passed" testListId="8c84fa94-04c1-424b-9868-57a2d4851a1d" relativeResultsDirectory="5dc91fb6-e4fe-4f4d-8217-a514b3e576c9" />
    <UnitTestResult executionId="dbb434d8-342f-40df-be32-ac777ee8f0f8" testId="5aa42b83-84e1-52ca-6660-6ffe50581cb1" testName="JarvisAssistant.UnitTests.Integration.ElevenLabsServiceExtensionsTests.AddJarvisVoiceService_ConfiguresCorrectly" computerName="BOSGAME-VELQ7" duration="00:00:00.0002160" startTime="2025-07-25T07:35:48.8943053-04:00" endTime="2025-07-25T07:35:48.8943054-04:00" testType="13cdc9d9-ddb5-4fa4-a97d-d965ccfc6d4b" outcome="Passed" testListId="8c84fa94-04c1-424b-9868-57a2d4851a1d" relativeResultsDirectory="dbb434d8-342f-40df-be32-ac777ee8f0f8" />
    <UnitTestResult executionId="9caec185-5393-4de0-b83d-2efe102cfd54" testId="ce94ea86-b3fd-7f9d-9fe4-193f091de6ca" testName="JarvisAssistant.UnitTests.Voice.VoiceCommandProcessorTests.ClassifyCommandAsync_WithValidCommands_ClassifiesCorrectly(commandText: &quot;repeat that&quot;, expectedType: Repeat)" computerName="BOSGAME-VELQ7" duration="00:00:00.0006204" startTime="2025-07-25T07:35:48.9082484-04:00" endTime="2025-07-25T07:35:48.9082485-04:00" testType="13cdc9d9-ddb5-4fa4-a97d-d965ccfc6d4b" outcome="Passed" testListId="8c84fa94-04c1-424b-9868-57a2d4851a1d" relativeResultsDirectory="9caec185-5393-4de0-b83d-2efe102cfd54" />
    <UnitTestResult executionId="de6a6f6e-c09d-4ffc-a83a-43d0c927f48c" testId="4723988a-4162-a44d-dbb9-284d43a1015a" testName="JarvisAssistant.UnitTests.Voice.VoiceCommandProcessorTests.SupportedCommands_ContainsAllDefaultCommands(commandType: Status)" computerName="BOSGAME-VELQ7" duration="00:00:00.0000332" startTime="2025-07-25T07:35:48.9213846-04:00" endTime="2025-07-25T07:35:48.9213847-04:00" testType="13cdc9d9-ddb5-4fa4-a97d-d965ccfc6d4b" outcome="Passed" testListId="8c84fa94-04c1-424b-9868-57a2d4851a1d" relativeResultsDirectory="de6a6f6e-c09d-4ffc-a83a-43d0c927f48c" />
    <UnitTestResult executionId="b7330481-c24d-4a10-8081-a8b5c59ed75d" testId="96945753-6333-6f7b-16c0-8c20e6223045" testName="JarvisAssistant.UnitTests.Services.LLM.PersonalityServiceTests.FormatResponseAsync_WithNullResponse_ReturnsNull" computerName="BOSGAME-VELQ7" duration="00:00:00.0013785" startTime="2025-07-25T07:35:49.0322041-04:00" endTime="2025-07-25T07:35:49.0322043-04:00" testType="13cdc9d9-ddb5-4fa4-a97d-d965ccfc6d4b" outcome="Passed" testListId="8c84fa94-04c1-424b-9868-57a2d4851a1d" relativeResultsDirectory="b7330481-c24d-4a10-8081-a8b5c59ed75d" />
    <UnitTestResult executionId="712d7657-d3d0-43cb-bbe0-a4688ea5bd5d" testId="12146a5d-6216-305f-a3a7-5b4486157846" testName="JarvisAssistant.UnitTests.Services.ErrorHandlingServiceTests.HandleErrorAsync_WithNullErrorInfo_ShouldThrowArgumentNullException" computerName="BOSGAME-VELQ7" duration="00:00:00.0012242" startTime="2025-07-25T07:35:49.0076088-04:00" endTime="2025-07-25T07:35:49.0076090-04:00" testType="13cdc9d9-ddb5-4fa4-a97d-d965ccfc6d4b" outcome="Passed" testListId="8c84fa94-04c1-424b-9868-57a2d4851a1d" relativeResultsDirectory="712d7657-d3d0-43cb-bbe0-a4688ea5bd5d" />
    <UnitTestResult executionId="936dc146-63d0-46e0-aba0-6d6d3a08c5b5" testId="5de06c96-e9d1-0e0d-e5be-d8a64e1e88e0" testName="JarvisAssistant.UnitTests.Services.ThemeIntegrationTests.ThemeEvents_ShouldBeRaisedInCorrectOrder" computerName="BOSGAME-VELQ7" duration="00:00:00.0129262" startTime="2025-07-25T07:35:48.9421083-04:00" endTime="2025-07-25T07:35:48.9421083-04:00" testType="13cdc9d9-ddb5-4fa4-a97d-d965ccfc6d4b" outcome="Passed" testListId="8c84fa94-04c1-424b-9868-57a2d4851a1d" relativeResultsDirectory="936dc146-63d0-46e0-aba0-6d6d3a08c5b5" />
    <UnitTestResult executionId="8be46621-8f2f-4eb2-a6a1-3e0400efee50" testId="055b0c10-8d0b-51e0-9fdb-7749c78c6b9a" testName="JarvisAssistant.UnitTests.Services.MauiThemeManagerTests.GetSystemThemeAsync_ShouldReturnValidTheme" computerName="BOSGAME-VELQ7" duration="00:00:00.0004556" startTime="2025-07-25T07:35:48.9726340-04:00" endTime="2025-07-25T07:35:48.9726341-04:00" testType="13cdc9d9-ddb5-4fa4-a97d-d965ccfc6d4b" outcome="Passed" testListId="8c84fa94-04c1-424b-9868-57a2d4851a1d" relativeResultsDirectory="8be46621-8f2f-4eb2-a6a1-3e0400efee50" />
    <UnitTestResult executionId="3302dadc-2ffb-4bdb-8142-11ac9912cab6" testId="04d7adba-2549-4ced-6a70-176815b22876" testName="JarvisAssistant.UnitTests.Services.LLM.LLMServerFailureTests.GenerateAsync_OutOfMemory_ThrowsOutOfMemoryException" computerName="BOSGAME-VELQ7" duration="00:00:00.0018053" startTime="2025-07-25T07:35:49.0713031-04:00" endTime="2025-07-25T07:35:49.0713033-04:00" testType="13cdc9d9-ddb5-4fa4-a97d-d965ccfc6d4b" outcome="Passed" testListId="8c84fa94-04c1-424b-9868-57a2d4851a1d" relativeResultsDirectory="3302dadc-2ffb-4bdb-8142-11ac9912cab6" />
    <UnitTestResult executionId="da43ce2a-f5e3-4a89-9bc1-2dfdb6cdc36a" testId="2c3d3d85-7049-d6ca-e8f3-09cfd130468b" testName="JarvisAssistant.UnitTests.Services.LLM.LLMServerFailureTests.StreamGenerateAsync_InvalidStreamingJson_SkipsInvalidChunks" computerName="BOSGAME-VELQ7" duration="00:00:00.0038608" startTime="2025-07-25T07:35:49.0595504-04:00" endTime="2025-07-25T07:35:49.0595505-04:00" testType="13cdc9d9-ddb5-4fa4-a97d-d965ccfc6d4b" outcome="Passed" testListId="8c84fa94-04c1-424b-9868-57a2d4851a1d" relativeResultsDirectory="da43ce2a-f5e3-4a89-9bc1-2dfdb6cdc36a" />
    <UnitTestResult executionId="e950a347-d4c1-47e0-a505-28892d0143e3" testId="455bf03d-c3fc-6851-1424-072c18d1c5a3" testName="JarvisAssistant.UnitTests.Services.LLM.LLMErrorHandlerTests.ProcessException_SocketException_ReturnsCorrectErrorCode(socketError: NetworkUnreachable, expectedErrorCode: &quot;LLM-CONN-003&quot;)" computerName="BOSGAME-VELQ7" duration="00:00:00.0000292" startTime="2025-07-25T07:35:48.9287761-04:00" endTime="2025-07-25T07:35:48.9287761-04:00" testType="13cdc9d9-ddb5-4fa4-a97d-d965ccfc6d4b" outcome="Passed" testListId="8c84fa94-04c1-424b-9868-57a2d4851a1d" relativeResultsDirectory="e950a347-d4c1-47e0-a505-28892d0143e3" />
    <UnitTestResult executionId="ebc14067-313a-4667-b35c-c8e37766b066" testId="3b5b8c28-0d0b-62cd-df2c-1b66cf4c1dd6" testName="JarvisAssistant.UnitTests.Integration.LLMErrorDiagnosticTests.DiagnosticTest_AllConnectionErrors_GenerateCorrectErrorResponses" computerName="BOSGAME-VELQ7" duration="00:00:00.0067635" startTime="2025-07-25T07:35:49.0342785-04:00" endTime="2025-07-25T07:35:49.0342787-04:00" testType="13cdc9d9-ddb5-4fa4-a97d-d965ccfc6d4b" outcome="Passed" testListId="8c84fa94-04c1-424b-9868-57a2d4851a1d" relativeResultsDirectory="ebc14067-313a-4667-b35c-c8e37766b066" />
    <UnitTestResult executionId="10cb80b1-563a-4089-9f45-cc43b8508904" testId="dfd9ae71-b3de-06fd-2c9c-1e271b2ef13a" testName="JarvisAssistant.UnitTests.UI.MAUIUIIntegrationTests.Platform_StatusPanel_ShouldWorkOnAllPlatforms(platform: &quot;Tizen&quot;)" computerName="BOSGAME-VELQ7" duration="00:00:00.0328907" startTime="2025-07-25T07:35:49.0098400-04:00" endTime="2025-07-25T07:35:49.0098402-04:00" testType="13cdc9d9-ddb5-4fa4-a97d-d965ccfc6d4b" outcome="Passed" testListId="8c84fa94-04c1-424b-9868-57a2d4851a1d" relativeResultsDirectory="10cb80b1-563a-4089-9f45-cc43b8508904" />
    <UnitTestResult executionId="27264676-2e41-44d9-a220-fc429c567713" testId="33ce9a3d-ebde-760e-40eb-43e5000f4eda" testName="JarvisAssistant.UnitTests.Services.LLM.LLMErrorHandlerTests.ProcessException_HttpRequestException_ConnectionRefused_ReturnsCorrectErrorCode(exceptionMessage: &quot;Connection refused&quot;, expectedErrorCode: &quot;LLM-CONN-001&quot;)" computerName="BOSGAME-VELQ7" duration="00:00:00.0001544" startTime="2025-07-25T07:35:48.9273146-04:00" endTime="2025-07-25T07:35:48.9273147-04:00" testType="13cdc9d9-ddb5-4fa4-a97d-d965ccfc6d4b" outcome="Passed" testListId="8c84fa94-04c1-424b-9868-57a2d4851a1d" relativeResultsDirectory="27264676-2e41-44d9-a220-fc429c567713" />
    <UnitTestResult executionId="01ced870-20f3-41ac-be06-d04e2c05f9ae" testId="26f10096-2762-358f-3681-e803a9fc9ce8" testName="JarvisAssistant.UnitTests.Services.OllamaLLMServiceTests.SendMessageAsync_DetectsCorrectQueryType(message: &quot;calculate the sum&quot;, expectedQueryType: Mathematical)" computerName="BOSGAME-VELQ7" duration="00:00:00.0007588" startTime="2025-07-25T07:35:48.9747801-04:00" endTime="2025-07-25T07:35:48.9747801-04:00" testType="13cdc9d9-ddb5-4fa4-a97d-d965ccfc6d4b" outcome="Passed" testListId="8c84fa94-04c1-424b-9868-57a2d4851a1d" relativeResultsDirectory="01ced870-20f3-41ac-be06-d04e2c05f9ae" />
    <UnitTestResult executionId="c7caf848-99df-4a75-9ebd-e5083085a35b" testId="a979ddda-986f-0fc7-0efa-ef8f08eda16b" testName="JarvisAssistant.UnitTests.Core.Converters.ConverterLogicTests.StringToBool_ShouldReturnCorrectBooleanValues(input: null, expected: False)" computerName="BOSGAME-VELQ7" duration="00:00:00.0002042" startTime="2025-07-25T07:35:48.8901534-04:00" endTime="2025-07-25T07:35:48.8901534-04:00" testType="13cdc9d9-ddb5-4fa4-a97d-d965ccfc6d4b" outcome="Passed" testListId="8c84fa94-04c1-424b-9868-57a2d4851a1d" relativeResultsDirectory="c7caf848-99df-4a75-9ebd-e5083085a35b" />
    <UnitTestResult executionId="dd77cfa8-7c57-4a4f-8d5a-fe91f40464c4" testId="bfcf6811-2856-4429-ea78-fd0c187ab4c5" testName="JarvisAssistant.UnitTests.Voice.VoiceCommandModelTests.VoiceCommand_DefaultConstructor_SetsDefaultValues" computerName="BOSGAME-VELQ7" duration="00:00:00.0003005" startTime="2025-07-25T07:35:48.8893837-04:00" endTime="2025-07-25T07:35:48.8893837-04:00" testType="13cdc9d9-ddb5-4fa4-a97d-d965ccfc6d4b" outcome="Passed" testListId="8c84fa94-04c1-424b-9868-57a2d4851a1d" relativeResultsDirectory="dd77cfa8-7c57-4a4f-8d5a-fe91f40464c4" />
    <UnitTestResult executionId="f7e50763-667c-45d8-8f11-145d6a91a6b1" testId="6085c800-be11-af6c-8bfb-8457419a95ff" testName="JarvisAssistant.UnitTests.Core.Converters.ConverterLogicTests.PlatformMatches_WithNullParameter_ShouldReturnFalse" computerName="BOSGAME-VELQ7" duration="00:00:00.0000400" startTime="2025-07-25T07:35:48.8909886-04:00" endTime="2025-07-25T07:35:48.8909886-04:00" testType="13cdc9d9-ddb5-4fa4-a97d-d965ccfc6d4b" outcome="Passed" testListId="8c84fa94-04c1-424b-9868-57a2d4851a1d" relativeResultsDirectory="f7e50763-667c-45d8-8f11-145d6a91a6b1" />
    <UnitTestResult executionId="2dc1f3cf-ae9c-4f55-9244-9d2eb147bd22" testId="0dea185f-dbde-a39f-5aac-210fb8136977" testName="JarvisAssistant.UnitTests.Services.PlatformServiceTests.GetOptimalTheme_ForDifferentPlatforms_ShouldReturnExpectedTheme(platform: AndroidTV, expectedTheme: TV)" computerName="BOSGAME-VELQ7" duration="00:00:00.0000805" startTime="2025-07-25T07:35:48.9329238-04:00" endTime="2025-07-25T07:35:48.9329240-04:00" testType="13cdc9d9-ddb5-4fa4-a97d-d965ccfc6d4b" outcome="Passed" testListId="8c84fa94-04c1-424b-9868-57a2d4851a1d" relativeResultsDirectory="2dc1f3cf-ae9c-4f55-9244-9d2eb147bd22" />
    <UnitTestResult executionId="cf3acd20-e6d8-423a-b7c7-14fa3dbe9e25" testId="83b66a7a-8a0f-6bf9-e9a4-9e46eff7c20c" testName="JarvisAssistant.UnitTests.Services.LLM.LLMServerFailureTests.GenerateAsync_ConcurrentRequests_HandlesRaceConditions" computerName="BOSGAME-VELQ7" duration="00:00:00.0024183" startTime="2025-07-25T07:35:49.0541809-04:00" endTime="2025-07-25T07:35:49.0541810-04:00" testType="13cdc9d9-ddb5-4fa4-a97d-d965ccfc6d4b" outcome="Passed" testListId="8c84fa94-04c1-424b-9868-57a2d4851a1d" relativeResultsDirectory="cf3acd20-e6d8-423a-b7c7-14fa3dbe9e25" />
    <UnitTestResult executionId="39512efb-d3e4-4159-a1e4-2aab10286b36" testId="1717fa6a-e763-4ed4-8115-aa19a280bca5" testName="JarvisAssistant.UnitTests.UI.MainPageButtonInteractionTests.NavigationHistory_ShouldTrackAllAttempts" computerName="BOSGAME-VELQ7" duration="00:00:00.0001380" startTime="2025-07-25T07:35:48.8951047-04:00" endTime="2025-07-25T07:35:48.8951047-04:00" testType="13cdc9d9-ddb5-4fa4-a97d-d965ccfc6d4b" outcome="Passed" testListId="8c84fa94-04c1-424b-9868-57a2d4851a1d" relativeResultsDirectory="39512efb-d3e4-4159-a1e4-2aab10286b36" />
    <UnitTestResult executionId="97841e5c-2f83-4ac2-a215-cc21521645fe" testId="9857718f-58f7-e92f-1ec2-44e7dcbec4a9" testName="JarvisAssistant.UnitTests.Core.Models.ChatMessageCoreTests.Constructor_WithParameters_ShouldSetValues" computerName="BOSGAME-VELQ7" duration="00:00:00.0002863" startTime="2025-07-25T07:35:48.8858425-04:00" endTime="2025-07-25T07:35:48.8858425-04:00" testType="13cdc9d9-ddb5-4fa4-a97d-d965ccfc6d4b" outcome="Passed" testListId="8c84fa94-04c1-424b-9868-57a2d4851a1d" relativeResultsDirectory="97841e5c-2f83-4ac2-a215-cc21521645fe" />
    <UnitTestResult executionId="5ac71e0f-1480-49de-9f71-3517a100c144" testId="413b47af-786f-22f3-0af3-393b3690d76d" testName="JarvisAssistant.UnitTests.Services.PlatformServiceTests.SupportsMultiPanel_ShouldReturnExpectedValueForPlatform(platform: MacOS, expected: True)" computerName="BOSGAME-VELQ7" duration="00:00:00.0012604" startTime="2025-07-25T07:35:48.9232962-04:00" endTime="2025-07-25T07:35:48.9232963-04:00" testType="13cdc9d9-ddb5-4fa4-a97d-d965ccfc6d4b" outcome="Passed" testListId="8c84fa94-04c1-424b-9868-57a2d4851a1d" relativeResultsDirectory="5ac71e0f-1480-49de-9f71-3517a100c144" />
    <UnitTestResult executionId="d12025c6-a9c5-46ef-a0fc-ce1fd56c1fd4" testId="f393b73f-45d4-af8d-ec83-395c6a10ed4d" testName="JarvisAssistant.UnitTests.UI.MAUIUIIntegrationTests.Platform_StatusPanel_ShouldWorkOnAllPlatforms(platform: &quot;iOS&quot;)" computerName="BOSGAME-VELQ7" duration="00:00:00.0311386" startTime="2025-07-25T07:35:49.0993603-04:00" endTime="2025-07-25T07:35:49.0993608-04:00" testType="13cdc9d9-ddb5-4fa4-a97d-d965ccfc6d4b" outcome="Passed" testListId="8c84fa94-04c1-424b-9868-57a2d4851a1d" relativeResultsDirectory="d12025c6-a9c5-46ef-a0fc-ce1fd56c1fd4" />
    <UnitTestResult executionId="183b4957-b301-4902-b768-07fa67d11b70" testId="0c23ae78-5c5e-5447-b512-7b418f103d20" testName="JarvisAssistant.UnitTests.Voice.VoiceModeManagerTests.WakeWordDetected_Event_CanBeSubscribed" computerName="BOSGAME-VELQ7" duration="00:00:00.0006704" startTime="2025-07-25T07:35:49.0691078-04:00" endTime="2025-07-25T07:35:49.0691079-04:00" testType="13cdc9d9-ddb5-4fa4-a97d-d965ccfc6d4b" outcome="Passed" testListId="8c84fa94-04c1-424b-9868-57a2d4851a1d" relativeResultsDirectory="183b4957-b301-4902-b768-07fa67d11b70" />
    <UnitTestResult executionId="b52ec93d-0eed-4c0f-92fd-7ec779378143" testId="70111f90-4dc2-6e68-90f3-5e034ffed69e" testName="JarvisAssistant.UnitTests.Core.Converters.ConverterLogicTests.MessageTypeToIcon_ShouldReturnCorrectIcons(messageType: Voice, expectedIcon: &quot;??&quot;)" computerName="BOSGAME-VELQ7" duration="00:00:00.0000012" startTime="2025-07-25T07:35:48.8905491-04:00" endTime="2025-07-25T07:35:48.8905492-04:00" testType="13cdc9d9-ddb5-4fa4-a97d-d965ccfc6d4b" outcome="Passed" testListId="8c84fa94-04c1-424b-9868-57a2d4851a1d" relativeResultsDirectory="b52ec93d-0eed-4c0f-92fd-7ec779378143" />
    <UnitTestResult executionId="914d65dc-d83b-404e-80fd-07476fedc50a" testId="064029e8-b6a0-5da7-fc1d-3f9dd6c69d09" testName="JarvisAssistant.UnitTests.Voice.VoiceCommandProcessorTests.UpdateCommandPatterns_WithValidPatterns_UpdatesSuccessfully" computerName="BOSGAME-VELQ7" duration="00:00:00.0008718" startTime="2025-07-25T07:35:49.0384639-04:00" endTime="2025-07-25T07:35:49.0384639-04:00" testType="13cdc9d9-ddb5-4fa4-a97d-d965ccfc6d4b" outcome="Passed" testListId="8c84fa94-04c1-424b-9868-57a2d4851a1d" relativeResultsDirectory="914d65dc-d83b-404e-80fd-07476fedc50a" />
    <UnitTestResult executionId="74577557-3740-464d-91f0-afe50d38f920" testId="b6625a30-f118-1ef4-cd3e-96c75fe6aafc" testName="JarvisAssistant.UnitTests.Integration.VoiceConfigurationTests.VoiceSettings_CreateJarvisSettings_HasCorrectValues" computerName="BOSGAME-VELQ7" duration="00:00:00.0050212" startTime="2025-07-25T07:35:48.8634556-04:00" endTime="2025-07-25T07:35:48.8634557-04:00" testType="13cdc9d9-ddb5-4fa4-a97d-d965ccfc6d4b" outcome="Passed" testListId="8c84fa94-04c1-424b-9868-57a2d4851a1d" relativeResultsDirectory="74577557-3740-464d-91f0-afe50d38f920" />
    <UnitTestResult executionId="d5c5b321-0b74-4576-8cea-8325830053e4" testId="015dd61b-83ce-9cb8-5997-d6a6b18a5434" testName="JarvisAssistant.UnitTests.Voice.VoiceModeManagerTests.DisableVoiceModeAsync_WhenAlwaysOnMode_ReturnsFalse" computerName="BOSGAME-VELQ7" duration="00:00:00.0014031" startTime="2025-07-25T07:35:49.1883945-04:00" endTime="2025-07-25T07:35:49.1883947-04:00" testType="13cdc9d9-ddb5-4fa4-a97d-d965ccfc6d4b" outcome="Passed" testListId="8c84fa94-04c1-424b-9868-57a2d4851a1d" relativeResultsDirectory="d5c5b321-0b74-4576-8cea-8325830053e4" />
    <UnitTestResult executionId="54c24743-dee6-41a1-b196-e0b2d9259f66" testId="f4756100-4823-587a-d764-9e198258cd89" testName="JarvisAssistant.UnitTests.Voice.VoiceCommandProcessorTests.ClassifyCommandAsync_WithValidCommands_ClassifiesCorrectly(commandText: &quot;analyze this&quot;, expectedType: Analyze)" computerName="BOSGAME-VELQ7" duration="00:00:00.0005084" startTime="2025-07-25T07:35:48.9088863-04:00" endTime="2025-07-25T07:35:48.9088864-04:00" testType="13cdc9d9-ddb5-4fa4-a97d-d965ccfc6d4b" outcome="Passed" testListId="8c84fa94-04c1-424b-9868-57a2d4851a1d" relativeResultsDirectory="54c24743-dee6-41a1-b196-e0b2d9259f66" />
    <UnitTestResult executionId="5fe810d4-9f46-4f87-bb56-c7cb868b30ca" testId="3e85ff1a-9086-2bbc-8cf8-b65489877dab" testName="JarvisAssistant.UnitTests.Voice.VoiceCommandModelTests.VoiceCommandType_AllValues_AreValid(type: Search)" computerName="BOSGAME-VELQ7" duration="00:00:00.0000109" startTime="2025-07-25T07:35:48.8851030-04:00" endTime="2025-07-25T07:35:48.8851031-04:00" testType="13cdc9d9-ddb5-4fa4-a97d-d965ccfc6d4b" outcome="Passed" testListId="8c84fa94-04c1-424b-9868-57a2d4851a1d" relativeResultsDirectory="5fe810d4-9f46-4f87-bb56-c7cb868b30ca" />
    <UnitTestResult executionId="3de6fa52-e68b-48b4-adf1-ea55458d8f9d" testId="bda6bdfd-dd29-ad56-bd78-c543f819533d" testName="JarvisAssistant.UnitTests.Services.PlatformServiceTests.PlatformTypeEnum_ShouldHaveAllExpectedValues" computerName="BOSGAME-VELQ7" duration="00:00:00.0001604" startTime="2025-07-25T07:35:48.9366583-04:00" endTime="2025-07-25T07:35:48.9366584-04:00" testType="13cdc9d9-ddb5-4fa4-a97d-d965ccfc6d4b" outcome="Passed" testListId="8c84fa94-04c1-424b-9868-57a2d4851a1d" relativeResultsDirectory="3de6fa52-e68b-48b4-adf1-ea55458d8f9d" />
    <UnitTestResult executionId="66b40721-fd8b-40b2-a83f-ea5f02a430a0" testId="f9de573e-232b-4d29-e49c-0958cec18068" testName="JarvisAssistant.UnitTests.Services.LLM.LLMServerFailureTests.GenerateAsync_OperationCanceled_HandlesGracefully" computerName="BOSGAME-VELQ7" duration="00:00:00.0014204" startTime="2025-07-25T07:35:49.0310910-04:00" endTime="2025-07-25T07:35:49.0310912-04:00" testType="13cdc9d9-ddb5-4fa4-a97d-d965ccfc6d4b" outcome="Passed" testListId="8c84fa94-04c1-424b-9868-57a2d4851a1d" relativeResultsDirectory="66b40721-fd8b-40b2-a83f-ea5f02a430a0" />
    <UnitTestResult executionId="f516b4fc-0225-4133-8c4c-91372d93b4fb" testId="9aff1d8f-e4e0-1e77-8e25-fc7374c912e8" testName="JarvisAssistant.UnitTests.Integration.VoiceConfigurationTests.ElevenLabsConfig_IsValid_WithInvalidConfig_ReturnsFalse(apiKey: &quot;key&quot;, voiceId: &quot;voice&quot;, baseUrl: &quot;https://api.elevenlabs.io&quot;, timeoutSeconds: 0, maxRetryAttempts: 3, expected: False)" computerName="BOSGAME-VELQ7" duration="00:00:00.0000076" startTime="2025-07-25T07:35:48.8837938-04:00" endTime="2025-07-25T07:35:48.8837938-04:00" testType="13cdc9d9-ddb5-4fa4-a97d-d965ccfc6d4b" outcome="Passed" testListId="8c84fa94-04c1-424b-9868-57a2d4851a1d" relativeResultsDirectory="f516b4fc-0225-4133-8c4c-91372d93b4fb" />
    <UnitTestResult executionId="ddfba693-22ae-462d-b7ec-a3e4c1914ee1" testId="8352c474-410b-e544-b2ef-515bbab598c2" testName="JarvisAssistant.UnitTests.Services.ThemeManagerTests.LoadThemeResourcesAsync_AnyTheme_ShouldCompleteSuccessfully(theme: Dark)" computerName="BOSGAME-VELQ7" duration="00:00:00.0007739" startTime="2025-07-25T07:35:48.9568757-04:00" endTime="2025-07-25T07:35:48.9568758-04:00" testType="13cdc9d9-ddb5-4fa4-a97d-d965ccfc6d4b" outcome="Passed" testListId="8c84fa94-04c1-424b-9868-57a2d4851a1d" relativeResultsDirectory="ddfba693-22ae-462d-b7ec-a3e4c1914ee1" />
    <UnitTestResult executionId="18ab5625-23db-4b57-8455-6be8c0942aa6" testId="8d573fd2-43fb-ae22-9935-f5b9cd3b5082" testName="JarvisAssistant.UnitTests.Voice.VoiceCommandModelTests.VoiceCommand_IsValid_WithInvalidData_ReturnsFalse(text: &quot;test&quot;, confidence: 0.800000012, type: Unknown)" computerName="BOSGAME-VELQ7" duration="00:00:00.0003894" startTime="2025-07-25T07:35:48.8854920-04:00" endTime="2025-07-25T07:35:48.8854920-04:00" testType="13cdc9d9-ddb5-4fa4-a97d-d965ccfc6d4b" outcome="Passed" testListId="8c84fa94-04c1-424b-9868-57a2d4851a1d" relativeResultsDirectory="18ab5625-23db-4b57-8455-6be8c0942aa6" />
    <UnitTestResult executionId="1d33bacb-d68b-47ab-9e71-b4f4ffa54bca" testId="1edfa9d3-9341-61e7-5384-a56e4d9c940b" testName="JarvisAssistant.UnitTests.Services.ThemeManagerTests.SwitchThemeAsync_ValidTheme_ShouldUpdateCurrentTheme" computerName="BOSGAME-VELQ7" duration="00:00:00.0011524" startTime="2025-07-25T07:35:48.9720463-04:00" endTime="2025-07-25T07:35:48.9720464-04:00" testType="13cdc9d9-ddb5-4fa4-a97d-d965ccfc6d4b" outcome="Passed" testListId="8c84fa94-04c1-424b-9868-57a2d4851a1d" relativeResultsDirectory="1d33bacb-d68b-47ab-9e71-b4f4ffa54bca" />
    <UnitTestResult executionId="4461b154-bc8b-436d-9470-581489047bd0" testId="ef068edd-7db0-0fce-7882-0fa66c3ed1fb" testName="JarvisAssistant.UnitTests.UI.MAUIMainPageUITests.StatusPanel_ServiceStatuses_ShouldDisplayCorrectly" computerName="BOSGAME-VELQ7" duration="00:00:00.0038040" startTime="2025-07-25T07:35:48.9645382-04:00" endTime="2025-07-25T07:35:48.9645384-04:00" testType="13cdc9d9-ddb5-4fa4-a97d-d965ccfc6d4b" outcome="Failed" testListId="8c84fa94-04c1-424b-9868-57a2d4851a1d" relativeResultsDirectory="4461b154-bc8b-436d-9470-581489047bd0">
      <Output>
        <ErrorInfo>
          <Message>Assert.Contains() Failure: Sub-string not found&#xD;
String:    "4 services offline"&#xD;
Not found: "3"</Message>
          <StackTrace>   at JarvisAssistant.UnitTests.UI.MAUIMainPageUITests.StatusPanel_ServiceStatuses_ShouldDisplayCorrectly() in c:\Users\Bruce\source\repos\Jarvis Assistant MK2\JarvisAssistant.UnitTests\UI\MAUIMainPageUITests.cs:line 246&#xD;
   at System.RuntimeMethodHandle.InvokeMethod(Object target, Void** arguments, Signature sig, Boolean isConstructor)&#xD;
   at System.Reflection.MethodBaseInvoker.InvokeWithNoArgs(Object obj, BindingFlags invokeAttr)</StackTrace>
        </ErrorInfo>
      </Output>
    </UnitTestResult>
    <UnitTestResult executionId="0143ffdb-e69a-48b6-92af-6b369b0307ce" testId="c72f9434-ce30-d856-ea0d-57af4e1c870c" testName="JarvisAssistant.UnitTests.Services.MauiThemeManagerTests.SwitchThemeAsync_SameTheme_ShouldNotTriggerChange" computerName="BOSGAME-VELQ7" duration="00:00:00.0004793" startTime="2025-07-25T07:35:48.9738219-04:00" endTime="2025-07-25T07:35:48.9738220-04:00" testType="13cdc9d9-ddb5-4fa4-a97d-d965ccfc6d4b" outcome="Passed" testListId="8c84fa94-04c1-424b-9868-57a2d4851a1d" relativeResultsDirectory="0143ffdb-e69a-48b6-92af-6b369b0307ce" />
    <UnitTestResult executionId="89427c8e-697e-45a3-a677-43f957e18670" testId="ed909acd-8453-7c10-4d06-43a1e39a1857" testName="JarvisAssistant.UnitTests.Voice.VoiceCommandModelTests.VoiceCommandType_AllValues_AreValid(type: Settings)" computerName="BOSGAME-VELQ7" duration="00:00:00.0000122" startTime="2025-07-25T07:35:48.8850530-04:00" endTime="2025-07-25T07:35:48.8850530-04:00" testType="13cdc9d9-ddb5-4fa4-a97d-d965ccfc6d4b" outcome="Passed" testListId="8c84fa94-04c1-424b-9868-57a2d4851a1d" relativeResultsDirectory="89427c8e-697e-45a3-a677-43f957e18670" />
    <UnitTestResult executionId="89a034be-779d-4886-9893-958915d3986f" testId="9c52a160-4b42-fa6e-e560-9ff72f89208a" testName="JarvisAssistant.UnitTests.Services.RateLimitServiceTests.CanMakeRequestAsync_ExceedsRequestLimit_ReturnsFalse" computerName="BOSGAME-VELQ7" duration="00:00:00.0012482" startTime="2025-07-25T07:35:48.9705704-04:00" endTime="2025-07-25T07:35:48.9705705-04:00" testType="13cdc9d9-ddb5-4fa4-a97d-d965ccfc6d4b" outcome="Passed" testListId="8c84fa94-04c1-424b-9868-57a2d4851a1d" relativeResultsDirectory="89a034be-779d-4886-9893-958915d3986f" />
    <UnitTestResult executionId="c7b3d00e-7100-4bce-a8a4-456931a0f5f8" testId="dc6e608d-b7ae-c33a-8f38-42dfc05dad01" testName="JarvisAssistant.UnitTests.Services.LLM.OllamaClientTests.GetAvailableModelsAsync_WithValidResponse_ReturnsModelList" computerName="BOSGAME-VELQ7" duration="00:00:00.0114949" startTime="2025-07-25T07:35:49.0298715-04:00" endTime="2025-07-25T07:35:49.0298715-04:00" testType="13cdc9d9-ddb5-4fa4-a97d-d965ccfc6d4b" outcome="Passed" testListId="8c84fa94-04c1-424b-9868-57a2d4851a1d" relativeResultsDirectory="c7b3d00e-7100-4bce-a8a4-456931a0f5f8" />
    <UnitTestResult executionId="a71e0fd6-f682-438c-89e5-e0e9863c9f35" testId="2f5741b7-f3c1-8700-ee8d-782a3a442bbc" testName="JarvisAssistant.UnitTests.Services.OllamaLLMServiceTests.SendMessageAsync_WithNullRequest_ThrowsArgumentNullException" computerName="BOSGAME-VELQ7" duration="00:00:00.0005004" startTime="2025-07-25T07:35:49.0052479-04:00" endTime="2025-07-25T07:35:49.0052481-04:00" testType="13cdc9d9-ddb5-4fa4-a97d-d965ccfc6d4b" outcome="Passed" testListId="8c84fa94-04c1-424b-9868-57a2d4851a1d" relativeResultsDirectory="a71e0fd6-f682-438c-89e5-e0e9863c9f35" />
    <UnitTestResult executionId="6555f2c4-83d7-4cc8-910a-9cc774bd5d19" testId="13ed58ee-76c2-faf5-fa70-97adb84e1c6e" testName="JarvisAssistant.UnitTests.Voice.GoogleTVVoiceHandlerTests.Dispose_DoesNotThrow" computerName="BOSGAME-VELQ7" duration="00:00:00.0001197" startTime="2025-07-25T07:35:48.9731396-04:00" endTime="2025-07-25T07:35:48.9731397-04:00" testType="13cdc9d9-ddb5-4fa4-a97d-d965ccfc6d4b" outcome="Passed" testListId="8c84fa94-04c1-424b-9868-57a2d4851a1d" relativeResultsDirectory="6555f2c4-83d7-4cc8-910a-9cc774bd5d19" />
    <UnitTestResult executionId="cb0634b8-2ed2-4d18-a7d1-91406a8630c0" testId="b55670de-6656-afb3-c738-3c5201e7bcf0" testName="JarvisAssistant.UnitTests.Services.ThemeManagerTests.AvailableThemes_WithAndroidTV_ShouldIncludeTV" computerName="BOSGAME-VELQ7" duration="00:00:00.0006655" startTime="2025-07-25T07:35:48.9699937-04:00" endTime="2025-07-25T07:35:48.9699938-04:00" testType="13cdc9d9-ddb5-4fa4-a97d-d965ccfc6d4b" outcome="Passed" testListId="8c84fa94-04c1-424b-9868-57a2d4851a1d" relativeResultsDirectory="cb0634b8-2ed2-4d18-a7d1-91406a8630c0" />
    <UnitTestResult executionId="8c7f870e-9f23-4749-bb47-e6a9a96881e7" testId="0bd188b8-0913-97a7-287c-d3d58d7a320a" testName="JarvisAssistant.UnitTests.Voice.VoiceCommandProcessorTests.ClassifyCommandAsync_WithValidCommands_ClassifiesCorrectly(commandText: &quot;help&quot;, expectedType: Help)" computerName="BOSGAME-VELQ7" duration="00:00:00.0004266" startTime="2025-07-25T07:35:48.9141234-04:00" endTime="2025-07-25T07:35:48.9141236-04:00" testType="13cdc9d9-ddb5-4fa4-a97d-d965ccfc6d4b" outcome="Passed" testListId="8c84fa94-04c1-424b-9868-57a2d4851a1d" relativeResultsDirectory="8c7f870e-9f23-4749-bb47-e6a9a96881e7" />
    <UnitTestResult executionId="3bf06b38-2240-4872-96a6-c4742f9ce97e" testId="c11b9dd7-a36d-f8e0-de6b-c08437fe1a7c" testName="JarvisAssistant.UnitTests.Services.LLM.LLMErrorHandlerTests.ProcessException_TaskCanceledException_WithoutTimeoutInner_ReturnsCancelledError" computerName="BOSGAME-VELQ7" duration="00:00:00.0056647" startTime="2025-07-25T07:35:48.9091263-04:00" endTime="2025-07-25T07:35:48.9091264-04:00" testType="13cdc9d9-ddb5-4fa4-a97d-d965ccfc6d4b" outcome="Passed" testListId="8c84fa94-04c1-424b-9868-57a2d4851a1d" relativeResultsDirectory="3bf06b38-2240-4872-96a6-c4742f9ce97e" />
    <UnitTestResult executionId="2b7f13b1-d462-41c4-83a1-7077769c2ce4" testId="55d1c255-6974-b309-4d97-e30d23a35f71" testName="JarvisAssistant.UnitTests.UI.MAUIUIIntegrationTests.Platform_StatusPanel_ShouldWorkOnAllPlatforms(platform: &quot;WinUI&quot;)" computerName="BOSGAME-VELQ7" duration="00:00:00.0264267" startTime="2025-07-25T07:35:49.0368599-04:00" endTime="2025-07-25T07:35:49.0368600-04:00" testType="13cdc9d9-ddb5-4fa4-a97d-d965ccfc6d4b" outcome="Passed" testListId="8c84fa94-04c1-424b-9868-57a2d4851a1d" relativeResultsDirectory="2b7f13b1-d462-41c4-83a1-7077769c2ce4" />
    <UnitTestResult executionId="c183299d-162f-42e2-8ef5-573dc77062c7" testId="7593edf9-1ad6-e971-d649-4315412a08bc" testName="JarvisAssistant.UnitTests.Services.OllamaLLMServiceTests.GetActiveModelAsync_WithNoAvailableModels_ReturnsErrorMessage" computerName="BOSGAME-VELQ7" duration="00:00:00.0020074" startTime="2025-07-25T07:35:48.9755993-04:00" endTime="2025-07-25T07:35:48.9755994-04:00" testType="13cdc9d9-ddb5-4fa4-a97d-d965ccfc6d4b" outcome="Passed" testListId="8c84fa94-04c1-424b-9868-57a2d4851a1d" relativeResultsDirectory="c183299d-162f-42e2-8ef5-573dc77062c7" />
    <UnitTestResult executionId="bad6126d-9f1c-405c-b128-e50f5aa68aa0" testId="cbdb690f-a10a-19fd-3331-28143dc12a0b" testName="JarvisAssistant.UnitTests.Services.PlatformServiceTests.IsTouchPrimary_ShouldReturnExpectedValueForPlatform(platform: MacOS, expected: False)" computerName="BOSGAME-VELQ7" duration="00:00:00.0000374" startTime="2025-07-25T07:35:48.9273859-04:00" endTime="2025-07-25T07:35:48.9273860-04:00" testType="13cdc9d9-ddb5-4fa4-a97d-d965ccfc6d4b" outcome="Passed" testListId="8c84fa94-04c1-424b-9868-57a2d4851a1d" relativeResultsDirectory="bad6126d-9f1c-405c-b128-e50f5aa68aa0" />
    <UnitTestResult executionId="aacbddf3-69ab-4178-a66f-9ded3b15c187" testId="b5825559-7238-0478-7b4f-f348be4de031" testName="JarvisAssistant.UnitTests.UI.StatusPanelFunctionalityTests.StatusPanelViewModel_ShouldInitializeWithDefaultValues" computerName="BOSGAME-VELQ7" duration="00:00:00.0002373" startTime="2025-07-25T07:35:48.8912758-04:00" endTime="2025-07-25T07:35:48.8912758-04:00" testType="13cdc9d9-ddb5-4fa4-a97d-d965ccfc6d4b" outcome="Passed" testListId="8c84fa94-04c1-424b-9868-57a2d4851a1d" relativeResultsDirectory="aacbddf3-69ab-4178-a66f-9ded3b15c187" />
    <UnitTestResult executionId="5067b25a-3646-4cfd-bc13-b0eed73edffe" testId="b173d0a9-fa0d-067b-6d5b-731f71d10c86" testName="JarvisAssistant.UnitTests.Services.RateLimitServiceTests.CanMakeRequestAsync_WithNoHistory_ReturnsTrue" computerName="BOSGAME-VELQ7" duration="00:00:00.0008318" startTime="2025-07-25T07:35:48.9743179-04:00" endTime="2025-07-25T07:35:48.9743180-04:00" testType="13cdc9d9-ddb5-4fa4-a97d-d965ccfc6d4b" outcome="Passed" testListId="8c84fa94-04c1-424b-9868-57a2d4851a1d" relativeResultsDirectory="5067b25a-3646-4cfd-bc13-b0eed73edffe" />
    <UnitTestResult executionId="9467f59d-2790-4aed-a0c8-f9aeb794dfe6" testId="4de0a5cd-4eae-eab0-6a59-c4c4e99964d9" testName="JarvisAssistant.UnitTests.Services.LLM.LLMServerFailureTests.GenerateAsync_HttpStatusCodeFailures_ReturnsSpecificErrorCodes(statusCode: RequestTimeout, errorDescription: &quot;Request timeout&quot;)" computerName="BOSGAME-VELQ7" duration="00:00:00.0038398" startTime="2025-07-25T07:35:49.0127199-04:00" endTime="2025-07-25T07:35:49.0127200-04:00" testType="13cdc9d9-ddb5-4fa4-a97d-d965ccfc6d4b" outcome="Passed" testListId="8c84fa94-04c1-424b-9868-57a2d4851a1d" relativeResultsDirectory="9467f59d-2790-4aed-a0c8-f9aeb794dfe6" />
    <UnitTestResult executionId="d7de93ec-9fbb-4d4d-b4f6-73070c2a60ba" testId="40cebc12-9583-9970-475a-551b731bb026" testName="JarvisAssistant.UnitTests.Services.LLM.IOllamaClientAbstractionTests.IOllamaClient_GenerateAsync_CanBeMocked" computerName="BOSGAME-VELQ7" duration="00:00:00.0166469" startTime="2025-07-25T07:35:48.9143002-04:00" endTime="2025-07-25T07:35:48.9143003-04:00" testType="13cdc9d9-ddb5-4fa4-a97d-d965ccfc6d4b" outcome="Passed" testListId="8c84fa94-04c1-424b-9868-57a2d4851a1d" relativeResultsDirectory="d7de93ec-9fbb-4d4d-b4f6-73070c2a60ba" />
    <UnitTestResult executionId="2ea954be-aa69-49de-9d61-1becb9a893cd" testId="4d0651a2-cb48-87cc-0341-e6e3ef75b089" testName="JarvisAssistant.UnitTests.Services.StatusMonitorServiceTests.GetServiceStatusAsync_WithExistingService_ReturnsStatus" computerName="BOSGAME-VELQ7" duration="00:00:00.1045040" startTime="2025-07-25T07:35:49.6217533-04:00" endTime="2025-07-25T07:35:49.6217535-04:00" testType="13cdc9d9-ddb5-4fa4-a97d-d965ccfc6d4b" outcome="Passed" testListId="8c84fa94-04c1-424b-9868-57a2d4851a1d" relativeResultsDirectory="2ea954be-aa69-49de-9d61-1becb9a893cd" />
    <UnitTestResult executionId="9ce96a90-f873-426a-b7b1-353118073146" testId="253af54d-2188-2e5d-f19f-2061c19e9c8d" testName="JarvisAssistant.UnitTests.UI.UITestingRecommendations.QuickWinsForUITesting" computerName="BOSGAME-VELQ7" duration="00:00:00.0001536" startTime="2025-07-25T07:35:48.8854382-04:00" endTime="2025-07-25T07:35:48.8854382-04:00" testType="13cdc9d9-ddb5-4fa4-a97d-d965ccfc6d4b" outcome="Passed" testListId="8c84fa94-04c1-424b-9868-57a2d4851a1d" relativeResultsDirectory="9ce96a90-f873-426a-b7b1-353118073146" />
    <UnitTestResult executionId="21f969a7-9087-4188-84d5-98e189eb9f1d" testId="b813a881-8c0a-8be9-8ff2-b7d024f64502" testName="JarvisAssistant.UnitTests.UI.MAUIStatusPanelUITests.StatusPanel_SwipeGestures_ShouldWork" computerName="BOSGAME-VELQ7" duration="00:00:00.0160670" startTime="2025-07-25T07:35:49.1304179-04:00" endTime="2025-07-25T07:35:49.1304184-04:00" testType="13cdc9d9-ddb5-4fa4-a97d-d965ccfc6d4b" outcome="Passed" testListId="8c84fa94-04c1-424b-9868-57a2d4851a1d" relativeResultsDirectory="21f969a7-9087-4188-84d5-98e189eb9f1d" />
    <UnitTestResult executionId="1ce3f7e1-1410-4f8c-9486-921eae0364b3" testId="db3e7218-ed8a-0a9d-0b21-3ed43f90eb0e" testName="JarvisAssistant.UnitTests.Services.LLM.PersonalityServiceTests.GetSystemPrompt_WithValidQueryType_ReturnsPrompt(queryType: Code)" computerName="BOSGAME-VELQ7" duration="00:00:00.0004498" startTime="2025-07-25T07:35:49.0169030-04:00" endTime="2025-07-25T07:35:49.0169031-04:00" testType="13cdc9d9-ddb5-4fa4-a97d-d965ccfc6d4b" outcome="Passed" testListId="8c84fa94-04c1-424b-9868-57a2d4851a1d" relativeResultsDirectory="1ce3f7e1-1410-4f8c-9486-921eae0364b3" />
    <UnitTestResult executionId="4073b918-9448-493b-85cb-d0e439b93a6c" testId="522b03c8-8cd7-338b-a735-84c7eaee1415" testName="JarvisAssistant.UnitTests.Voice.VoiceCommandProcessorTests.ClassifyCommandAsync_WithValidCommands_ClassifiesCorrectly(commandText: &quot;go to dashboard&quot;, expectedType: Navigate)" computerName="BOSGAME-VELQ7" duration="00:00:00.0007240" startTime="2025-07-25T07:35:48.9123227-04:00" endTime="2025-07-25T07:35:48.9123229-04:00" testType="13cdc9d9-ddb5-4fa4-a97d-d965ccfc6d4b" outcome="Passed" testListId="8c84fa94-04c1-424b-9868-57a2d4851a1d" relativeResultsDirectory="4073b918-9448-493b-85cb-d0e439b93a6c" />
    <UnitTestResult executionId="53450789-5cc2-4325-97a2-c07ebccd669a" testId="7a17a922-056d-acdf-64d2-8fea4691250d" testName="JarvisAssistant.UnitTests.Services.RateLimitServiceTests.ResetAsync_ClearsAllData" computerName="BOSGAME-VELQ7" duration="00:00:00.0028069" startTime="2025-07-25T07:35:48.9737553-04:00" endTime="2025-07-25T07:35:48.9737555-04:00" testType="13cdc9d9-ddb5-4fa4-a97d-d965ccfc6d4b" outcome="Failed" testListId="8c84fa94-04c1-424b-9868-57a2d4851a1d" relativeResultsDirectory="53450789-5cc2-4325-97a2-c07ebccd669a">
      <Output>
        <ErrorInfo>
          <Message>Assert.Equal() Failure: Values differ&#xD;
Expected: 0&#xD;
Actual:   0</Message>
          <StackTrace>   at JarvisAssistant.UnitTests.Services.RateLimitServiceTests.ResetAsync_ClearsAllData() in c:\Users\Bruce\source\repos\Jarvis Assistant MK2\JarvisAssistant.UnitTests\Services\VoiceServiceTests.cs:line 319&#xD;
--- End of stack trace from previous location ---</StackTrace>
        </ErrorInfo>
      </Output>
    </UnitTestResult>
    <UnitTestResult executionId="153d2256-8e1e-45c9-b5a0-51dbbd9866fd" testId="c1f1f609-ef83-6f24-1363-97fb219473cf" testName="JarvisAssistant.UnitTests.Services.ElevenLabsVoiceServiceTests.GetQuotaInfoAsync_WithValidResponse_ReturnsQuotaInfo" computerName="BOSGAME-VELQ7" duration="00:00:00.0059555" startTime="2025-07-25T07:35:49.0724060-04:00" endTime="2025-07-25T07:35:49.0724062-04:00" testType="13cdc9d9-ddb5-4fa4-a97d-d965ccfc6d4b" outcome="Passed" testListId="8c84fa94-04c1-424b-9868-57a2d4851a1d" relativeResultsDirectory="153d2256-8e1e-45c9-b5a0-51dbbd9866fd" />
    <UnitTestResult executionId="84fa9713-1a62-481f-9677-8340473f3b96" testId="59a66a13-2ebb-3a81-334c-198ab592fcd4" testName="JarvisAssistant.UnitTests.UI.ConceptualMainPageUITests.ButtonInput_ShouldWorkAcrossAllInputMethods(inputMethod: &quot;Keyboard&quot;)" computerName="BOSGAME-VELQ7" duration="00:00:00.0000741" startTime="2025-07-25T07:35:48.8943699-04:00" endTime="2025-07-25T07:35:48.8943700-04:00" testType="13cdc9d9-ddb5-4fa4-a97d-d965ccfc6d4b" outcome="Passed" testListId="8c84fa94-04c1-424b-9868-57a2d4851a1d" relativeResultsDirectory="84fa9713-1a62-481f-9677-8340473f3b96" />
    <UnitTestResult executionId="1447cb11-e255-46b1-9835-2f854ae43120" testId="cc195bf9-f7dd-b8ce-d706-0315689c3ff0" testName="JarvisAssistant.UnitTests.Voice.VoiceCommandProcessorTests.ClassifyCommandAsync_WithParameterExtraction_ExtractsParameters" computerName="BOSGAME-VELQ7" duration="00:00:00.0009574" startTime="2025-07-25T07:35:49.3618724-04:00" endTime="2025-07-25T07:35:49.3618725-04:00" testType="13cdc9d9-ddb5-4fa4-a97d-d965ccfc6d4b" outcome="Passed" testListId="8c84fa94-04c1-424b-9868-57a2d4851a1d" relativeResultsDirectory="1447cb11-e255-46b1-9835-2f854ae43120" />
    <UnitTestResult executionId="8a1bf038-5362-40ea-a79d-60af1abe8a6a" testId="9d761d3b-4a65-9e38-e49e-7fe34eaa5883" testName="JarvisAssistant.UnitTests.Services.PlatformServiceTests.IsTouchPrimary_ShouldReturnExpectedValueForPlatform(platform: Windows, expected: False)" computerName="BOSGAME-VELQ7" duration="00:00:00.0004558" startTime="2025-07-25T07:35:48.9262853-04:00" endTime="2025-07-25T07:35:48.9262854-04:00" testType="13cdc9d9-ddb5-4fa4-a97d-d965ccfc6d4b" outcome="Passed" testListId="8c84fa94-04c1-424b-9868-57a2d4851a1d" relativeResultsDirectory="8a1bf038-5362-40ea-a79d-60af1abe8a6a" />
    <UnitTestResult executionId="43499ff4-cc55-4194-8f43-8e7a9536aa89" testId="c4c533be-ed2a-76ab-e621-7356b5fcd04a" testName="JarvisAssistant.UnitTests.Services.LLM.LLMErrorHandlerTests.ProcessException_WithContext_IncludesContextInResponse" computerName="BOSGAME-VELQ7" duration="00:00:00.0002221" startTime="2025-07-25T07:35:48.9368923-04:00" endTime="2025-07-25T07:35:48.9368924-04:00" testType="13cdc9d9-ddb5-4fa4-a97d-d965ccfc6d4b" outcome="Passed" testListId="8c84fa94-04c1-424b-9868-57a2d4851a1d" relativeResultsDirectory="43499ff4-cc55-4194-8f43-8e7a9536aa89" />
    <UnitTestResult executionId="8dab04d6-6a98-4a3c-be01-b41ab8ffaf74" testId="267d7dcb-3705-8bad-a2f9-558ed2b82d52" testName="JarvisAssistant.UnitTests.Services.RateLimitServiceTests.Dispose_DoesNotThrow" computerName="BOSGAME-VELQ7" duration="00:00:00.0001800" startTime="2025-07-25T07:35:48.9694403-04:00" endTime="2025-07-25T07:35:48.9694404-04:00" testType="13cdc9d9-ddb5-4fa4-a97d-d965ccfc6d4b" outcome="Passed" testListId="8c84fa94-04c1-424b-9868-57a2d4851a1d" relativeResultsDirectory="8dab04d6-6a98-4a3c-be01-b41ab8ffaf74" />
    <UnitTestResult executionId="1524f275-c057-4ec3-8c2f-dd0f1699a7a8" testId="57f01ba2-e290-af89-d10d-454ce493a8dc" testName="JarvisAssistant.UnitTests.Core.Converters.ConverterLogicTests.MessageTypeToColorHex_ShouldReturnCorrectColors(messageType: System, expectedColor: &quot;#9C27B0&quot;)" computerName="BOSGAME-VELQ7" duration="00:00:00.0000106" startTime="2025-07-25T07:35:48.8908573-04:00" endTime="2025-07-25T07:35:48.8908573-04:00" testType="13cdc9d9-ddb5-4fa4-a97d-d965ccfc6d4b" outcome="Passed" testListId="8c84fa94-04c1-424b-9868-57a2d4851a1d" relativeResultsDirectory="1524f275-c057-4ec3-8c2f-dd0f1699a7a8" />
    <UnitTestResult executionId="41763c7c-ee96-44b1-9ea2-755ef5e2c684" testId="f0aae1cd-3cd7-1b1c-6b7a-9435c011fe06" testName="JarvisAssistant.UnitTests.Voice.VoiceEventArgsTests.VoiceButtonPressedEventArgs_CanSetProperties" computerName="BOSGAME-VELQ7" duration="00:00:00.0010416" startTime="2025-07-25T07:35:48.8651048-04:00" endTime="2025-07-25T07:35:48.8651048-04:00" testType="13cdc9d9-ddb5-4fa4-a97d-d965ccfc6d4b" outcome="Passed" testListId="8c84fa94-04c1-424b-9868-57a2d4851a1d" relativeResultsDirectory="41763c7c-ee96-44b1-9ea2-755ef5e2c684" />
    <UnitTestResult executionId="cac44d23-8b1e-4442-92bf-e2b73b812037" testId="1f0e7cbb-9774-723c-4bfd-be77217052e0" testName="JarvisAssistant.UnitTests.Voice.VoiceModeManagerTests.EnableVoiceModeAsync_WhenPlatformDoesNotSupportVoice_ReturnsFalse" computerName="BOSGAME-VELQ7" duration="00:00:00.0006202" startTime="2025-07-25T07:35:49.1783561-04:00" endTime="2025-07-25T07:35:49.1783562-04:00" testType="13cdc9d9-ddb5-4fa4-a97d-d965ccfc6d4b" outcome="Passed" testListId="8c84fa94-04c1-424b-9868-57a2d4851a1d" relativeResultsDirectory="cac44d23-8b1e-4442-92bf-e2b73b812037" />
    <UnitTestResult executionId="2c61bfa8-0fb0-455b-8eba-e06796a2a0c4" testId="c9b4ebd3-7384-7179-606e-c3f24373393e" testName="JarvisAssistant.UnitTests.UI.MainPageButtonInteractionTests.ButtonClickWithNavigationError_ShouldHandleGracefully" computerName="BOSGAME-VELQ7" duration="00:00:00.0006230" startTime="2025-07-25T07:35:48.8963834-04:00" endTime="2025-07-25T07:35:48.8963835-04:00" testType="13cdc9d9-ddb5-4fa4-a97d-d965ccfc6d4b" outcome="Passed" testListId="8c84fa94-04c1-424b-9868-57a2d4851a1d" relativeResultsDirectory="2c61bfa8-0fb0-455b-8eba-e06796a2a0c4" />
    <UnitTestResult executionId="6aa96259-69e8-4016-ae43-613a444b20e1" testId="823c59db-0700-5e43-21d6-d2fca0ab66fc" testName="JarvisAssistant.UnitTests.Voice.VoiceEventArgsTests.VoiceButtonPressedEventArgs_DefaultValues_AreSet" computerName="BOSGAME-VELQ7" duration="00:00:00.0006712" startTime="2025-07-25T07:35:48.8665481-04:00" endTime="2025-07-25T07:35:48.8665481-04:00" testType="13cdc9d9-ddb5-4fa4-a97d-d965ccfc6d4b" outcome="Passed" testListId="8c84fa94-04c1-424b-9868-57a2d4851a1d" relativeResultsDirectory="6aa96259-69e8-4016-ae43-613a444b20e1" />
    <UnitTestResult executionId="77b27c30-c59a-4b58-848c-eff6efdbd700" testId="d88ade3f-ea14-d3c2-e1cb-047b20d67d64" testName="JarvisAssistant.UnitTests.Voice.GoogleTVVoiceHandlerTests.HandleKeyEvent_WithVariousKeyCodes_ReturnsExpectedResult(keyCode: Menu, expectedHandled: False)" computerName="BOSGAME-VELQ7" duration="00:00:00.0000476" startTime="2025-07-25T07:35:48.9687122-04:00" endTime="2025-07-25T07:35:48.9687122-04:00" testType="13cdc9d9-ddb5-4fa4-a97d-d965ccfc6d4b" outcome="Passed" testListId="8c84fa94-04c1-424b-9868-57a2d4851a1d" relativeResultsDirectory="77b27c30-c59a-4b58-848c-eff6efdbd700" />
    <UnitTestResult executionId="d490c0b1-8deb-477f-976b-2cc52625681d" testId="29055beb-2b1d-a208-cdb8-f116e6ec48bf" testName="JarvisAssistant.UnitTests.Voice.VoiceModeManagerTests.EnableVoiceModeAsync_WhenPlatformSupportsVoice_ReturnsTrue" computerName="BOSGAME-VELQ7" duration="00:00:00.0006741" startTime="2025-07-25T07:35:49.3003559-04:00" endTime="2025-07-25T07:35:49.3003561-04:00" testType="13cdc9d9-ddb5-4fa4-a97d-d965ccfc6d4b" outcome="Passed" testListId="8c84fa94-04c1-424b-9868-57a2d4851a1d" relativeResultsDirectory="d490c0b1-8deb-477f-976b-2cc52625681d" />
    <UnitTestResult executionId="d401cb6b-be46-44a0-926f-c7644095f06e" testId="74eb3639-24c4-e0d9-070f-cd504b12522a" testName="JarvisAssistant.UnitTests.Integration.ChatIntegrationTests.LLMService_SendMessage_ShouldReturnResponse" computerName="BOSGAME-VELQ7" duration="00:00:00.0010688" startTime="2025-07-25T07:35:48.8881655-04:00" endTime="2025-07-25T07:35:48.8881655-04:00" testType="13cdc9d9-ddb5-4fa4-a97d-d965ccfc6d4b" outcome="Passed" testListId="8c84fa94-04c1-424b-9868-57a2d4851a1d" relativeResultsDirectory="d401cb6b-be46-44a0-926f-c7644095f06e" />
    <UnitTestResult executionId="1fda6c7d-ec68-4174-8371-48df4ac9b627" testId="56645027-4623-3da2-eb53-a4721849ba7d" testName="JarvisAssistant.UnitTests.UI.MAUIUIIntegrationTests.UserJourney_SimultaneousInteraction_ShouldHandleCorrectly" computerName="BOSGAME-VELQ7" duration="00:00:00.0147553" startTime="2025-07-25T07:35:49.1148790-04:00" endTime="2025-07-25T07:35:49.1148791-04:00" testType="13cdc9d9-ddb5-4fa4-a97d-d965ccfc6d4b" outcome="Passed" testListId="8c84fa94-04c1-424b-9868-57a2d4851a1d" relativeResultsDirectory="1fda6c7d-ec68-4174-8371-48df4ac9b627" />
    <UnitTestResult executionId="2ccf5f63-000a-4e9e-91f5-926d91f81fd6" testId="040e9b3f-f25e-3ed6-bf96-89aee638be9e" testName="JarvisAssistant.UnitTests.UI.ConceptualMainPageUITests.ButtonInput_ShouldWorkAcrossAllInputMethods(inputMethod: &quot;Mouse Click&quot;)" computerName="BOSGAME-VELQ7" duration="00:00:00.0000852" startTime="2025-07-25T07:35:48.8944196-04:00" endTime="2025-07-25T07:35:48.8944197-04:00" testType="13cdc9d9-ddb5-4fa4-a97d-d965ccfc6d4b" outcome="Passed" testListId="8c84fa94-04c1-424b-9868-57a2d4851a1d" relativeResultsDirectory="2ccf5f63-000a-4e9e-91f5-926d91f81fd6" />
    <UnitTestResult executionId="648ee8f1-a777-44bc-a713-093887d45da1" testId="b356273d-3d22-f18d-d308-398d0500112c" testName="JarvisAssistant.UnitTests.Voice.VoiceCommandModelTests.VoiceCommand_AudioData_CanBeSetAndRetrieved" computerName="BOSGAME-VELQ7" duration="00:00:00.0007540" startTime="2025-07-25T07:35:48.8651433-04:00" endTime="2025-07-25T07:35:48.8651434-04:00" testType="13cdc9d9-ddb5-4fa4-a97d-d965ccfc6d4b" outcome="Passed" testListId="8c84fa94-04c1-424b-9868-57a2d4851a1d" relativeResultsDirectory="648ee8f1-a777-44bc-a713-093887d45da1" />
    <UnitTestResult executionId="1f6be949-83ed-46a7-9b7e-d50bbafa09ca" testId="47d6ac06-c5c5-17f1-0121-af971ecf8406" testName="JarvisAssistant.UnitTests.Services.PlatformServiceTests.AndroidPlatformThemeMapping_ShouldHandleAllAndroidVariants(platform: AndroidTV, isGoogleTV: True, expectedTheme: TV)" computerName="BOSGAME-VELQ7" duration="00:00:00.0004527" startTime="2025-07-25T07:35:48.9252972-04:00" endTime="2025-07-25T07:35:48.9252973-04:00" testType="13cdc9d9-ddb5-4fa4-a97d-d965ccfc6d4b" outcome="Passed" testListId="8c84fa94-04c1-424b-9868-57a2d4851a1d" relativeResultsDirectory="1f6be949-83ed-46a7-9b7e-d50bbafa09ca" />
    <UnitTestResult executionId="da563e6a-bb28-4847-9b48-d78f336f769c" testId="40bdd840-9765-5954-245a-ef9e319f02f9" testName="JarvisAssistant.UnitTests.Integration.LLMServiceIntegrationTests.GetActiveModelAsync_WithRealOllamaInstance_ReturnsValidModel" computerName="BOSGAME-VELQ7" duration="00:00:00.1027270" startTime="2025-07-25T07:35:49.3507671-04:00" endTime="2025-07-25T07:35:49.3507674-04:00" testType="13cdc9d9-ddb5-4fa4-a97d-d965ccfc6d4b" outcome="Passed" testListId="8c84fa94-04c1-424b-9868-57a2d4851a1d" relativeResultsDirectory="da563e6a-bb28-4847-9b48-d78f336f769c" />
    <UnitTestResult executionId="7be7e88d-38ab-4fc7-a6f6-a22d7bbfbbfa" testId="91748251-5487-2413-e7fd-5977abc24ef8" testName="JarvisAssistant.UnitTests.Integration.ElevenLabsVoiceIntegrationTests.ServiceRegistration_VoiceServiceIsElevenLabsType" computerName="BOSGAME-VELQ7" duration="00:00:00.0015578" startTime="2025-07-25T07:35:50.3388023-04:00" endTime="2025-07-25T07:35:50.3388024-04:00" testType="13cdc9d9-ddb5-4fa4-a97d-d965ccfc6d4b" outcome="Passed" testListId="8c84fa94-04c1-424b-9868-57a2d4851a1d" relativeResultsDirectory="7be7e88d-38ab-4fc7-a6f6-a22d7bbfbbfa" />
    <UnitTestResult executionId="91f4184d-7921-4e76-9cfd-3198aed5f094" testId="a0a1b2bb-00ae-7c67-ad25-91ceb5242e06" testName="JarvisAssistant.UnitTests.Services.AudioCacheServiceTests.Dispose_DoesNotThrow" computerName="BOSGAME-VELQ7" duration="00:00:00.0003962" startTime="2025-07-25T07:35:48.8951333-04:00" endTime="2025-07-25T07:35:48.8951334-04:00" testType="13cdc9d9-ddb5-4fa4-a97d-d965ccfc6d4b" outcome="Passed" testListId="8c84fa94-04c1-424b-9868-57a2d4851a1d" relativeResultsDirectory="91f4184d-7921-4e76-9cfd-3198aed5f094" />
    <UnitTestResult executionId="89c5a1ba-d04c-4f66-931e-2dddc2a365d6" testId="5353883c-eb6d-cf7c-b98e-d60c3494d1c0" testName="JarvisAssistant.UnitTests.UI.MAUIMainPageUITests.Buttons_ShouldRespondToPlatformSpecificInput(platform: &quot;Tizen&quot;, inputMethod: &quot;Remote&quot;)" computerName="BOSGAME-VELQ7" duration="00:00:00.0008485" startTime="2025-07-25T07:35:48.9323118-04:00" endTime="2025-07-25T07:35:48.9323120-04:00" testType="13cdc9d9-ddb5-4fa4-a97d-d965ccfc6d4b" outcome="Passed" testListId="8c84fa94-04c1-424b-9868-57a2d4851a1d" relativeResultsDirectory="89c5a1ba-d04c-4f66-931e-2dddc2a365d6" />
    <UnitTestResult executionId="7d0e4a34-379f-49a4-bead-a1a196f02196" testId="627b0b1f-aab5-e7d9-1bbb-bea660eb49d6" testName="JarvisAssistant.UnitTests.Services.LLM.OllamaClientTests.GenerateAsync_WithDifferentQueryTypes_UsesCorrectModel(queryType: Code, expectedModel: &quot;deepseek-coder&quot;)" computerName="BOSGAME-VELQ7" duration="00:00:00.0012248" startTime="2025-07-25T07:35:49.0137754-04:00" endTime="2025-07-25T07:35:49.0137755-04:00" testType="13cdc9d9-ddb5-4fa4-a97d-d965ccfc6d4b" outcome="Passed" testListId="8c84fa94-04c1-424b-9868-57a2d4851a1d" relativeResultsDirectory="7d0e4a34-379f-49a4-bead-a1a196f02196" />
    <UnitTestResult executionId="91adf98f-bfdb-4815-92c8-a43fc4de1458" testId="1df6f9c6-5dc3-be90-510b-5a19fab43dba" testName="JarvisAssistant.UnitTests.Services.LLM.PersonalityServiceTests.GetAppropriateAddress_WithNoContext_ReturnsSir" computerName="BOSGAME-VELQ7" duration="00:00:00.0007471" startTime="2025-07-25T07:35:49.0402869-04:00" endTime="2025-07-25T07:35:49.0402870-04:00" testType="13cdc9d9-ddb5-4fa4-a97d-d965ccfc6d4b" outcome="Passed" testListId="8c84fa94-04c1-424b-9868-57a2d4851a1d" relativeResultsDirectory="91adf98f-bfdb-4815-92c8-a43fc4de1458" />
    <UnitTestResult executionId="7fe2ab04-90e7-488f-a914-3eff0ae44627" testId="3dddeff5-32c3-9ee4-7a7c-618584d05ecd" testName="JarvisAssistant.UnitTests.Services.LLM.OllamaClientTests.GenerateAsync_WithDifferentQueryTypes_UsesCorrectModel(queryType: Creative, expectedModel: &quot;llama3.2&quot;)" computerName="BOSGAME-VELQ7" duration="00:00:00.1378469" startTime="2025-07-25T07:35:49.0083503-04:00" endTime="2025-07-25T07:35:49.0083526-04:00" testType="13cdc9d9-ddb5-4fa4-a97d-d965ccfc6d4b" outcome="Passed" testListId="8c84fa94-04c1-424b-9868-57a2d4851a1d" relativeResultsDirectory="7fe2ab04-90e7-488f-a914-3eff0ae44627" />
    <UnitTestResult executionId="c2746719-b620-4030-b422-b89c5613805b" testId="826c96bf-06d1-1fcb-1510-dcb256725339" testName="JarvisAssistant.UnitTests.Services.LLM.LLMErrorHandlerTests.ProcessException_LogsErrorWithCorrectLevel" computerName="BOSGAME-VELQ7" duration="00:00:00.0021942" startTime="2025-07-25T07:35:48.9400613-04:00" endTime="2025-07-25T07:35:48.9400614-04:00" testType="13cdc9d9-ddb5-4fa4-a97d-d965ccfc6d4b" outcome="Passed" testListId="8c84fa94-04c1-424b-9868-57a2d4851a1d" relativeResultsDirectory="c2746719-b620-4030-b422-b89c5613805b" />
    <UnitTestResult executionId="e1a53202-67d6-4d81-b3f5-f976ecdc1e28" testId="75416995-d21d-936e-9138-bcb4d5b980ce" testName="JarvisAssistant.UnitTests.Services.AudioCacheServiceTests.CacheAudioAsync_WithEmptyData_ReturnsFalse" computerName="BOSGAME-VELQ7" duration="00:00:00.0004656" startTime="2025-07-25T07:35:48.9785473-04:00" endTime="2025-07-25T07:35:48.9785474-04:00" testType="13cdc9d9-ddb5-4fa4-a97d-d965ccfc6d4b" outcome="Passed" testListId="8c84fa94-04c1-424b-9868-57a2d4851a1d" relativeResultsDirectory="e1a53202-67d6-4d81-b3f5-f976ecdc1e28" />
    <UnitTestResult executionId="d2da418f-4c1f-46c9-a8b8-fb19f294c409" testId="7be92f69-1581-f515-f347-cbca8a806b47" testName="JarvisAssistant.UnitTests.Voice.GoogleTVVoiceHandlerTests.Constructor_WithNullCommandProcessor_ThrowsArgumentNullException" computerName="BOSGAME-VELQ7" duration="00:00:00.0003727" startTime="2025-07-25T07:35:48.9719748-04:00" endTime="2025-07-25T07:35:48.9719748-04:00" testType="13cdc9d9-ddb5-4fa4-a97d-d965ccfc6d4b" outcome="Passed" testListId="8c84fa94-04c1-424b-9868-57a2d4851a1d" relativeResultsDirectory="d2da418f-4c1f-46c9-a8b8-fb19f294c409" />
    <UnitTestResult executionId="7c1cb459-1f4d-4877-b60a-f754bd64cdcd" testId="adc71b37-1c62-7b3d-65aa-72c5b77e4602" testName="JarvisAssistant.UnitTests.Services.LLM.LLMErrorHandlerTests.ProcessException_OutOfMemoryException_ReturnsMemoryError" computerName="BOSGAME-VELQ7" duration="00:00:00.0004099" startTime="2025-07-25T07:35:48.9380586-04:00" endTime="2025-07-25T07:35:48.9380588-04:00" testType="13cdc9d9-ddb5-4fa4-a97d-d965ccfc6d4b" outcome="Passed" testListId="8c84fa94-04c1-424b-9868-57a2d4851a1d" relativeResultsDirectory="7c1cb459-1f4d-4877-b60a-f754bd64cdcd" />
    <UnitTestResult executionId="61562af1-343e-4448-b186-efaf3fa4b1a5" testId="dd330e64-16a2-6c0b-4dd7-c75eb11c1f1a" testName="JarvisAssistant.UnitTests.Core.Converters.ConverterLogicTests.MessageTypeToColorHex_ShouldReturnCorrectColors(messageType: Error, expectedColor: &quot;#FF5722&quot;)" computerName="BOSGAME-VELQ7" duration="00:00:00.0000052" startTime="2025-07-25T07:35:48.8908949-04:00" endTime="2025-07-25T07:35:48.8908949-04:00" testType="13cdc9d9-ddb5-4fa4-a97d-d965ccfc6d4b" outcome="Passed" testListId="8c84fa94-04c1-424b-9868-57a2d4851a1d" relativeResultsDirectory="61562af1-343e-4448-b186-efaf3fa4b1a5" />
    <UnitTestResult executionId="49e6980f-4b9c-4905-b3e3-f57955635d76" testId="ce6e97bf-c611-5064-ddef-36e13c2efaf5" testName="JarvisAssistant.UnitTests.Services.PlatformServiceTests.GetScreenDensity_ShouldReturnPositiveValue(platform: AndroidTV, expectedDensity: 1.5)" computerName="BOSGAME-VELQ7" duration="00:00:00.0873743" startTime="2025-07-25T07:35:48.9200177-04:00" endTime="2025-07-25T07:35:48.9200179-04:00" testType="13cdc9d9-ddb5-4fa4-a97d-d965ccfc6d4b" outcome="Passed" testListId="8c84fa94-04c1-424b-9868-57a2d4851a1d" relativeResultsDirectory="49e6980f-4b9c-4905-b3e3-f57955635d76" />
    <UnitTestResult executionId="af97035d-10e7-4c26-a45b-725ee9353770" testId="099562f8-082d-0ddf-f0d9-2463f66b2cd3" testName="JarvisAssistant.UnitTests.Voice.GoogleTVVoiceHandlerTests.HandleKeyEvent_WithVariousKeyCodes_ReturnsExpectedResult(keyCode: VoiceAssist, expectedHandled: True)" computerName="BOSGAME-VELQ7" duration="00:00:00.0003039" startTime="2025-07-25T07:35:48.9686309-04:00" endTime="2025-07-25T07:35:48.9686309-04:00" testType="13cdc9d9-ddb5-4fa4-a97d-d965ccfc6d4b" outcome="Passed" testListId="8c84fa94-04c1-424b-9868-57a2d4851a1d" relativeResultsDirectory="af97035d-10e7-4c26-a45b-725ee9353770" />
    <UnitTestResult executionId="55c0805c-a82d-4a46-9d0d-3826fd105b9c" testId="bfccf877-b15c-d747-5178-c3534343f118" testName="JarvisAssistant.UnitTests.Core.Models.ChatMessageCoreTests.TypeProperties_ShouldReturnCorrectValues(type: Text, isCode: False, isError: False, isVoice: False)" computerName="BOSGAME-VELQ7" duration="00:00:00.0002247" startTime="2025-07-25T07:35:48.8666125-04:00" endTime="2025-07-25T07:35:48.8666126-04:00" testType="13cdc9d9-ddb5-4fa4-a97d-d965ccfc6d4b" outcome="Passed" testListId="8c84fa94-04c1-424b-9868-57a2d4851a1d" relativeResultsDirectory="55c0805c-a82d-4a46-9d0d-3826fd105b9c" />
    <UnitTestResult executionId="040c1e6b-c16e-4c42-8d97-aa39757a640f" testId="9babe785-2aae-4887-0c4c-704a36225883" testName="JarvisAssistant.UnitTests.Voice.GoogleTVVoiceHandlerTests.Constructor_WithNullPlatformService_ThrowsArgumentNullException" computerName="BOSGAME-VELQ7" duration="00:00:00.0004542" startTime="2025-07-25T07:35:48.9718885-04:00" endTime="2025-07-25T07:35:48.9718886-04:00" testType="13cdc9d9-ddb5-4fa4-a97d-d965ccfc6d4b" outcome="Passed" testListId="8c84fa94-04c1-424b-9868-57a2d4851a1d" relativeResultsDirectory="040c1e6b-c16e-4c42-8d97-aa39757a640f" />
    <UnitTestResult executionId="bb5c8df1-f66e-4428-9e09-d02529b2aa73" testId="d5812b03-5345-04b3-00c0-c808cef5ea55" testName="JarvisAssistant.UnitTests.Services.PlatformServiceTests.PlatformService_InterfaceContract_ShouldBeCorrect" computerName="BOSGAME-VELQ7" duration="00:00:00.0001854" startTime="2025-07-25T07:35:48.9369734-04:00" endTime="2025-07-25T07:35:48.9369735-04:00" testType="13cdc9d9-ddb5-4fa4-a97d-d965ccfc6d4b" outcome="Passed" testListId="8c84fa94-04c1-424b-9868-57a2d4851a1d" relativeResultsDirectory="bb5c8df1-f66e-4428-9e09-d02529b2aa73" />
    <UnitTestResult executionId="009af44c-7928-40f6-a301-e1cd23002498" testId="8899f1e1-32ee-5c9f-9a1f-d9e992ee137a" testName="JarvisAssistant.UnitTests.Voice.VoiceCommandModelTests.VoiceCommand_IsValid_WithInvalidData_ReturnsFalse(text: &quot;test&quot;, confidence: 0.400000006, type: Status)" computerName="BOSGAME-VELQ7" duration="00:00:00.0000154" startTime="2025-07-25T07:35:48.8855220-04:00" endTime="2025-07-25T07:35:48.8855220-04:00" testType="13cdc9d9-ddb5-4fa4-a97d-d965ccfc6d4b" outcome="Passed" testListId="8c84fa94-04c1-424b-9868-57a2d4851a1d" relativeResultsDirectory="009af44c-7928-40f6-a301-e1cd23002498" />
    <UnitTestResult executionId="bf9badad-694a-4e1b-a30e-07d245a610a5" testId="1e32a05b-715b-4d99-3d5f-3ac71504b35c" testName="JarvisAssistant.UnitTests.UI.StatusPanelFunctionalityTests.StatusPanelViewModel_ShouldCreateTestDataImmediately" computerName="BOSGAME-VELQ7" duration="00:00:00.0007467" startTime="2025-07-25T07:35:48.8873405-04:00" endTime="2025-07-25T07:35:48.8873405-04:00" testType="13cdc9d9-ddb5-4fa4-a97d-d965ccfc6d4b" outcome="Passed" testListId="8c84fa94-04c1-424b-9868-57a2d4851a1d" relativeResultsDirectory="bf9badad-694a-4e1b-a30e-07d245a610a5" />
    <UnitTestResult executionId="091b08cd-8bc9-4075-a8a5-dcd9ac926316" testId="4a2c4a13-c33f-6d15-d67f-093b68f642ae" testName="JarvisAssistant.UnitTests.Voice.VoiceCommandProcessorTests.SupportedCommands_ContainsAllDefaultCommands(commandType: Navigate)" computerName="BOSGAME-VELQ7" duration="00:00:00.0000277" startTime="2025-07-25T07:35:48.9222709-04:00" endTime="2025-07-25T07:35:48.9222710-04:00" testType="13cdc9d9-ddb5-4fa4-a97d-d965ccfc6d4b" outcome="Passed" testListId="8c84fa94-04c1-424b-9868-57a2d4851a1d" relativeResultsDirectory="091b08cd-8bc9-4075-a8a5-dcd9ac926316" />
    <UnitTestResult executionId="28c018c4-2238-41f5-b49d-e6364b38e341" testId="fe8b194c-6be5-fdf9-06af-d4b3aa377b2b" testName="JarvisAssistant.UnitTests.Core.Converters.ConverterLogicTests.VoiceActivityToOpacity_WithNullValue_ShouldReturnMinimumOpacity" computerName="BOSGAME-VELQ7" duration="00:00:00.0000836" startTime="2025-07-25T07:35:48.8909687-04:00" endTime="2025-07-25T07:35:48.8909688-04:00" testType="13cdc9d9-ddb5-4fa4-a97d-d965ccfc6d4b" outcome="Passed" testListId="8c84fa94-04c1-424b-9868-57a2d4851a1d" relativeResultsDirectory="28c018c4-2238-41f5-b49d-e6364b38e341" />
    <UnitTestResult executionId="e00e7c13-4e32-4f61-8c77-7da056994f94" testId="6b173897-fbd0-453d-ecf8-2160a652393e" testName="JarvisAssistant.UnitTests.UI.MAUIMainPageUITests.StatusPanel_ShouldNotBlockMainPageButtons" computerName="BOSGAME-VELQ7" duration="00:00:00.0009196" startTime="2025-07-25T07:35:48.9679883-04:00" endTime="2025-07-25T07:35:48.9679884-04:00" testType="13cdc9d9-ddb5-4fa4-a97d-d965ccfc6d4b" outcome="Passed" testListId="8c84fa94-04c1-424b-9868-57a2d4851a1d" relativeResultsDirectory="e00e7c13-4e32-4f61-8c77-7da056994f94" />
    <UnitTestResult executionId="a8306dbb-a870-4967-ab91-ad2ca20655c7" testId="d427ed79-b3eb-9673-cff4-389e4182341a" testName="JarvisAssistant.UnitTests.UI.MainPageButtonInteractionTests.CONCEPT_FullButtonClickIntegrationTest" computerName="BOSGAME-VELQ7" duration="00:00:00.0000337" startTime="2025-07-25T07:35:48.8969120-04:00" endTime="2025-07-25T07:35:48.8969121-04:00" testType="13cdc9d9-ddb5-4fa4-a97d-d965ccfc6d4b" outcome="Passed" testListId="8c84fa94-04c1-424b-9868-57a2d4851a1d" relativeResultsDirectory="a8306dbb-a870-4967-ab91-ad2ca20655c7" />
    <UnitTestResult executionId="64ad57be-127b-4a54-a560-2ea2c51e3d68" testId="683cba0f-eb78-1647-e728-826e291dba9c" testName="JarvisAssistant.UnitTests.Services.LLM.PersonalityServiceTests.GetSystemPrompt_WithValidQueryType_ReturnsPrompt(queryType: Mathematical)" computerName="BOSGAME-VELQ7" duration="00:00:00.1646362" startTime="2025-07-25T07:35:49.0138403-04:00" endTime="2025-07-25T07:35:49.0138404-04:00" testType="13cdc9d9-ddb5-4fa4-a97d-d965ccfc6d4b" outcome="Passed" testListId="8c84fa94-04c1-424b-9868-57a2d4851a1d" relativeResultsDirectory="64ad57be-127b-4a54-a560-2ea2c51e3d68" />
    <UnitTestResult executionId="b7af2008-3f5d-4b76-b291-bfcb8c8a59e7" testId="c897fc9a-3899-3bf2-9464-2490554747c1" testName="JarvisAssistant.UnitTests.Services.ServiceHealthCheckerTests.CheckServiceHealthAsync_WithSlowService_ReturnsDegradedStatus" computerName="BOSGAME-VELQ7" duration="00:00:00.2130643" startTime="2025-07-25T07:35:49.9890295-04:00" endTime="2025-07-25T07:35:49.9890297-04:00" testType="13cdc9d9-ddb5-4fa4-a97d-d965ccfc6d4b" outcome="Passed" testListId="8c84fa94-04c1-424b-9868-57a2d4851a1d" relativeResultsDirectory="b7af2008-3f5d-4b76-b291-bfcb8c8a59e7" />
    <UnitTestResult executionId="a6bed428-1f9a-44c6-9a04-b06dec013808" testId="7b6a7145-bf6f-a9c1-14cc-055e94a960ca" testName="JarvisAssistant.UnitTests.UI.MAUIUIIntegrationTests.Accessibility_StatusPanelTouchTargets_ShouldBeLargeEnough" computerName="BOSGAME-VELQ7" duration="00:00:00.0002739" startTime="2025-07-25T07:35:48.8941958-04:00" endTime="2025-07-25T07:35:48.8941959-04:00" testType="13cdc9d9-ddb5-4fa4-a97d-d965ccfc6d4b" outcome="Passed" testListId="8c84fa94-04c1-424b-9868-57a2d4851a1d" relativeResultsDirectory="a6bed428-1f9a-44c6-9a04-b06dec013808" />
    <UnitTestResult executionId="ccec65a4-285a-4c82-bd3b-8537a17a72b0" testId="9f3db2f5-6ff2-b9b2-5d5e-cc24aacda3dd" testName="JarvisAssistant.UnitTests.Services.PlatformServiceTests.IsTouchPrimary_ShouldReturnExpectedValueForPlatform(platform: Android, expected: True)" computerName="BOSGAME-VELQ7" duration="00:00:00.0002741" startTime="2025-07-25T07:35:48.9264539-04:00" endTime="2025-07-25T07:35:48.9264539-04:00" testType="13cdc9d9-ddb5-4fa4-a97d-d965ccfc6d4b" outcome="Passed" testListId="8c84fa94-04c1-424b-9868-57a2d4851a1d" relativeResultsDirectory="ccec65a4-285a-4c82-bd3b-8537a17a72b0" />
    <UnitTestResult executionId="303cd170-e7b0-447d-bd34-36ed007b7bf5" testId="52ee1c64-376a-0a21-9de1-c84150456ba0" testName="JarvisAssistant.UnitTests.Voice.VoiceCommandProcessorTests.ClassifyCommandAsync_WithValidCommands_ClassifiesCorrectly(commandText: &quot;examine the code&quot;, expectedType: Analyze)" computerName="BOSGAME-VELQ7" duration="00:00:00.0736668" startTime="2025-07-25T07:35:48.9060975-04:00" endTime="2025-07-25T07:35:48.9060976-04:00" testType="13cdc9d9-ddb5-4fa4-a97d-d965ccfc6d4b" outcome="Passed" testListId="8c84fa94-04c1-424b-9868-57a2d4851a1d" relativeResultsDirectory="303cd170-e7b0-447d-bd34-36ed007b7bf5" />
    <UnitTestResult executionId="158a571a-cf5a-4e35-9b61-5570f0daa2ce" testId="75d9394e-4d7d-dad3-19bc-b6cb17942e98" testName="JarvisAssistant.UnitTests.Services.LLM.LLMServerFailureTests.GetAvailableModelsAsync_ServiceUnavailable_ReturnsEmptyList" computerName="BOSGAME-VELQ7" duration="00:00:00.0036476" startTime="2025-07-25T07:35:49.0385302-04:00" endTime="2025-07-25T07:35:49.0385303-04:00" testType="13cdc9d9-ddb5-4fa4-a97d-d965ccfc6d4b" outcome="Passed" testListId="8c84fa94-04c1-424b-9868-57a2d4851a1d" relativeResultsDirectory="158a571a-cf5a-4e35-9b61-5570f0daa2ce" />
    <UnitTestResult executionId="2a2d27cb-ad9f-4d9a-b0eb-58fb237be808" testId="7b853515-74a8-4c86-35ea-8162aa4cfd22" testName="JarvisAssistant.UnitTests.Services.LLM.LLMErrorHandlerTests.ProcessException_HttpRequestException_ConnectionRefused_ReturnsCorrectErrorCode(exceptionMessage: &quot;Connection failed&quot;, expectedErrorCode: &quot;LLM-CONN-001&quot;)" computerName="BOSGAME-VELQ7" duration="00:00:00.0002063" startTime="2025-07-25T07:35:48.9264022-04:00" endTime="2025-07-25T07:35:48.9264022-04:00" testType="13cdc9d9-ddb5-4fa4-a97d-d965ccfc6d4b" outcome="Passed" testListId="8c84fa94-04c1-424b-9868-57a2d4851a1d" relativeResultsDirectory="2a2d27cb-ad9f-4d9a-b0eb-58fb237be808" />
    <UnitTestResult executionId="09d1a68f-9372-4e30-8cf5-f4775ea712e7" testId="2f46a73d-19e0-47b7-861e-bf7faa52eccb" testName="JarvisAssistant.UnitTests.Services.LLM.LLMErrorHandlerTests.LLMErrorMessages_GetErrorMessage_ReturnsNonEmptyMessage(errorCode: &quot;LLM-REQ-001&quot;)" computerName="BOSGAME-VELQ7" duration="00:00:00.0003844" startTime="2025-07-25T07:35:48.9037714-04:00" endTime="2025-07-25T07:35:48.9037715-04:00" testType="13cdc9d9-ddb5-4fa4-a97d-d965ccfc6d4b" outcome="Passed" testListId="8c84fa94-04c1-424b-9868-57a2d4851a1d" relativeResultsDirectory="09d1a68f-9372-4e30-8cf5-f4775ea712e7" />
    <UnitTestResult executionId="5db1b8ae-0561-4206-8955-35125fc397f6" testId="fbc06d42-5295-4276-d659-8480f80ddb58" testName="JarvisAssistant.UnitTests.UI.MAUIUIIntegrationTests.Platform_MainPageButtons_ShouldWorkOnAllPlatforms(platform: &quot;Tizen&quot;)" computerName="BOSGAME-VELQ7" duration="00:00:00.0000676" startTime="2025-07-25T07:35:48.8915670-04:00" endTime="2025-07-25T07:35:48.8915670-04:00" testType="13cdc9d9-ddb5-4fa4-a97d-d965ccfc6d4b" outcome="Passed" testListId="8c84fa94-04c1-424b-9868-57a2d4851a1d" relativeResultsDirectory="5db1b8ae-0561-4206-8955-35125fc397f6" />
    <UnitTestResult executionId="28df5c9e-5e38-4115-8867-e66cf41b2c73" testId="036d2330-6e5a-027b-80fb-c7e9030aeee6" testName="JarvisAssistant.UnitTests.Voice.VoiceCommandModelTests.VoiceCommand_WithClassification_WithNullParameters_UsesEmptyDictionary" computerName="BOSGAME-VELQ7" duration="00:00:00.0001510" startTime="2025-07-25T07:35:48.8863257-04:00" endTime="2025-07-25T07:35:48.8863257-04:00" testType="13cdc9d9-ddb5-4fa4-a97d-d965ccfc6d4b" outcome="Passed" testListId="8c84fa94-04c1-424b-9868-57a2d4851a1d" relativeResultsDirectory="28df5c9e-5e38-4115-8867-e66cf41b2c73" />
    <UnitTestResult executionId="53b90c85-a50e-4dbb-a1ee-f011aafd6c41" testId="7d858aee-7fa4-914b-82fb-af2fce0ddc83" testName="JarvisAssistant.UnitTests.Services.LLM.PersonalityServiceTests.FormatResponseAsync_WithStreamingMode_DoesNotAddClosingElements" computerName="BOSGAME-VELQ7" duration="00:00:00.0012342" startTime="2025-07-25T07:35:49.0415960-04:00" endTime="2025-07-25T07:35:49.0415962-04:00" testType="13cdc9d9-ddb5-4fa4-a97d-d965ccfc6d4b" outcome="Passed" testListId="8c84fa94-04c1-424b-9868-57a2d4851a1d" relativeResultsDirectory="53b90c85-a50e-4dbb-a1ee-f011aafd6c41" />
    <UnitTestResult executionId="6c7670ed-4f05-4605-be4d-c978b34892ac" testId="01b3ac71-a5d7-50f2-2830-b39bac72070d" testName="JarvisAssistant.UnitTests.Services.PlatformServiceTests.SupportsVoiceInput_ShouldReturnTrueForModernPlatforms(platform: Android, expected: True)" computerName="BOSGAME-VELQ7" duration="00:00:00.0000246" startTime="2025-07-25T07:35:48.9286059-04:00" endTime="2025-07-25T07:35:48.9286059-04:00" testType="13cdc9d9-ddb5-4fa4-a97d-d965ccfc6d4b" outcome="Passed" testListId="8c84fa94-04c1-424b-9868-57a2d4851a1d" relativeResultsDirectory="6c7670ed-4f05-4605-be4d-c978b34892ac" />
    <UnitTestResult executionId="1da95c58-3525-4ef9-869d-e2cb8bd23571" testId="d6858bee-6809-98b9-d582-d36aa6bafbcd" testName="JarvisAssistant.UnitTests.Voice.VoiceModeManagerTests.EnableVoiceModeAsync_WhenAlreadyActive_ReturnsTrue" computerName="BOSGAME-VELQ7" duration="00:00:00.0007406" startTime="2025-07-25T07:35:49.1869135-04:00" endTime="2025-07-25T07:35:49.1869136-04:00" testType="13cdc9d9-ddb5-4fa4-a97d-d965ccfc6d4b" outcome="Passed" testListId="8c84fa94-04c1-424b-9868-57a2d4851a1d" relativeResultsDirectory="1da95c58-3525-4ef9-869d-e2cb8bd23571" />
    <UnitTestResult executionId="b6a04fb5-de6e-4bb8-87ad-7a874d27500e" testId="ea77216d-dd84-1e46-6526-7ec22f1ea73e" testName="JarvisAssistant.UnitTests.Voice.VoiceCommandModelTests.VoiceCommandSource_AllValues_AreValid(source: PushToTalk)" computerName="BOSGAME-VELQ7" duration="00:00:00.0000113" startTime="2025-07-25T07:35:48.8862712-04:00" endTime="2025-07-25T07:35:48.8862713-04:00" testType="13cdc9d9-ddb5-4fa4-a97d-d965ccfc6d4b" outcome="Passed" testListId="8c84fa94-04c1-424b-9868-57a2d4851a1d" relativeResultsDirectory="b6a04fb5-de6e-4bb8-87ad-7a874d27500e" />
    <UnitTestResult executionId="2bc1c04c-d758-4ef4-91d7-cdc9f63ab5e6" testId="90566b66-34d1-3509-98b8-1f7c6b3de9b1" testName="JarvisAssistant.UnitTests.Services.OllamaLLMServiceTests.SendMessageAsync_DetectsCorrectQueryType(message: &quot;write a story&quot;, expectedQueryType: Creative)" computerName="BOSGAME-VELQ7" duration="00:00:00.0006992" startTime="2025-07-25T07:35:48.9731849-04:00" endTime="2025-07-25T07:35:48.9731849-04:00" testType="13cdc9d9-ddb5-4fa4-a97d-d965ccfc6d4b" outcome="Passed" testListId="8c84fa94-04c1-424b-9868-57a2d4851a1d" relativeResultsDirectory="2bc1c04c-d758-4ef4-91d7-cdc9f63ab5e6" />
    <UnitTestResult executionId="8053ebb4-70f0-4daf-9cc3-52c4db7a7358" testId="f7ee6df7-b90b-a037-78f6-b8d08586fb41" testName="JarvisAssistant.UnitTests.Services.LLM.PersonalityServiceTests.FormatResponseAsync_WithException_ReturnsOriginalResponse" computerName="BOSGAME-VELQ7" duration="00:00:00.0011601" startTime="2025-07-25T07:35:49.0372605-04:00" endTime="2025-07-25T07:35:49.0372607-04:00" testType="13cdc9d9-ddb5-4fa4-a97d-d965ccfc6d4b" outcome="Passed" testListId="8c84fa94-04c1-424b-9868-57a2d4851a1d" relativeResultsDirectory="8053ebb4-70f0-4daf-9cc3-52c4db7a7358" />
    <UnitTestResult executionId="3098d0ff-18cc-4dc2-a832-4a089e04a838" testId="03cfd568-7731-dff9-7ebb-4f70a6a61b99" testName="JarvisAssistant.UnitTests.Voice.VoiceEventArgsTests.ContinuousListeningStateChangedEventArgs_DefaultValues_AreSet" computerName="BOSGAME-VELQ7" duration="00:00:00.0004207" startTime="2025-07-25T07:35:48.8650339-04:00" endTime="2025-07-25T07:35:48.8650339-04:00" testType="13cdc9d9-ddb5-4fa4-a97d-d965ccfc6d4b" outcome="Passed" testListId="8c84fa94-04c1-424b-9868-57a2d4851a1d" relativeResultsDirectory="3098d0ff-18cc-4dc2-a832-4a089e04a838" />
    <UnitTestResult executionId="d206ddbd-e03e-44e4-9d18-517848a322e5" testId="1cefd11e-e4bf-9059-ae05-12a9c88ff6a2" testName="JarvisAssistant.UnitTests.Integration.ElevenLabsVoiceIntegrationTests.VoiceService_StreamingFallback_WorksCorrectly" computerName="BOSGAME-VELQ7" duration="00:00:00.7815073" startTime="2025-07-25T07:35:51.1218789-04:00" endTime="2025-07-25T07:35:51.1218793-04:00" testType="13cdc9d9-ddb5-4fa4-a97d-d965ccfc6d4b" outcome="Passed" testListId="8c84fa94-04c1-424b-9868-57a2d4851a1d" relativeResultsDirectory="d206ddbd-e03e-44e4-9d18-517848a322e5" />
    <UnitTestResult executionId="e890be8a-e774-4730-a50d-e217a08599aa" testId="6c5f3ce4-12e4-0074-45ac-da7e93fbc752" testName="JarvisAssistant.UnitTests.Services.PlatformServiceTests.GetScreenDensity_ShouldReturnPositiveValue(platform: Android, expectedDensity: 2)" computerName="BOSGAME-VELQ7" duration="00:00:00.0000303" startTime="2025-07-25T07:35:48.9222088-04:00" endTime="2025-07-25T07:35:48.9222089-04:00" testType="13cdc9d9-ddb5-4fa4-a97d-d965ccfc6d4b" outcome="Passed" testListId="8c84fa94-04c1-424b-9868-57a2d4851a1d" relativeResultsDirectory="e890be8a-e774-4730-a50d-e217a08599aa" />
    <UnitTestResult executionId="3f731e85-58a0-462b-b287-ac17b06273db" testId="1df62cc8-0328-9e85-759e-f44766fa5fc8" testName="JarvisAssistant.UnitTests.Services.MauiThemeManagerTests.AutoSelectThemeAsync_WithoutPlatformService_ShouldUseSystemTheme" computerName="BOSGAME-VELQ7" duration="00:00:00.0004906" startTime="2025-07-25T07:35:48.9725496-04:00" endTime="2025-07-25T07:35:48.9725497-04:00" testType="13cdc9d9-ddb5-4fa4-a97d-d965ccfc6d4b" outcome="Passed" testListId="8c84fa94-04c1-424b-9868-57a2d4851a1d" relativeResultsDirectory="3f731e85-58a0-462b-b287-ac17b06273db" />
    <UnitTestResult executionId="f6d6cac7-3950-4ad6-9741-81aaa98c2553" testId="1aea2397-7cb4-7b1a-d709-fce09a1a912d" testName="JarvisAssistant.UnitTests.Services.ElevenLabsVoiceServiceTests.RecognizeSpeechAsync_AlwaysUsesFallbackService" computerName="BOSGAME-VELQ7" duration="00:00:00.0029244" startTime="2025-07-25T07:35:49.0663665-04:00" endTime="2025-07-25T07:35:49.0663666-04:00" testType="13cdc9d9-ddb5-4fa4-a97d-d965ccfc6d4b" outcome="Passed" testListId="8c84fa94-04c1-424b-9868-57a2d4851a1d" relativeResultsDirectory="f6d6cac7-3950-4ad6-9741-81aaa98c2553" />
    <UnitTestResult executionId="a859eb89-ebc9-4da5-bef2-befa0aa78993" testId="13b7e08e-fbfc-a64f-e1d8-38ab728faa11" testName="JarvisAssistant.UnitTests.Services.ThemeManagerTests.SupportsHotSwapping_ShouldReturnTrue" computerName="BOSGAME-VELQ7" duration="00:00:00.0001706" startTime="2025-07-25T07:35:48.9707185-04:00" endTime="2025-07-25T07:35:48.9707186-04:00" testType="13cdc9d9-ddb5-4fa4-a97d-d965ccfc6d4b" outcome="Passed" testListId="8c84fa94-04c1-424b-9868-57a2d4851a1d" relativeResultsDirectory="a859eb89-ebc9-4da5-bef2-befa0aa78993" />
    <UnitTestResult executionId="cad03515-0abb-493f-ba66-b91e86035736" testId="2ef6c8a8-2bbc-1dab-9dc1-0eb3acc967d0" testName="JarvisAssistant.UnitTests.Core.Converters.ConverterLogicTests.MessageTypeToIcon_ShouldReturnCorrectIcons(messageType: Code, expectedIcon: &quot;??&quot;)" computerName="BOSGAME-VELQ7" duration="00:00:00.0001495" startTime="2025-07-25T07:35:48.8904980-04:00" endTime="2025-07-25T07:35:48.8904981-04:00" testType="13cdc9d9-ddb5-4fa4-a97d-d965ccfc6d4b" outcome="Passed" testListId="8c84fa94-04c1-424b-9868-57a2d4851a1d" relativeResultsDirectory="cad03515-0abb-493f-ba66-b91e86035736" />
    <UnitTestResult executionId="f41e9ba0-5028-4503-9381-f755e3844db2" testId="71ef5f25-492d-fb00-d387-9e4a766f1b75" testName="JarvisAssistant.UnitTests.Services.ElevenLabsVoiceServiceTests.GenerateSpeechAsync_WithCachedAudio_ReturnsCachedData" computerName="BOSGAME-VELQ7" duration="00:00:00.0016787" startTime="2025-07-25T07:35:49.0633784-04:00" endTime="2025-07-25T07:35:49.0633786-04:00" testType="13cdc9d9-ddb5-4fa4-a97d-d965ccfc6d4b" outcome="Passed" testListId="8c84fa94-04c1-424b-9868-57a2d4851a1d" relativeResultsDirectory="f41e9ba0-5028-4503-9381-f755e3844db2" />
    <UnitTestResult executionId="ef2b922a-b7fe-47c0-952a-9f19aa3cae68" testId="b89117aa-280d-b84e-209d-5ca8e85689eb" testName="JarvisAssistant.UnitTests.Voice.GoogleTVVoiceHandlerTests.HandleKeyEvent_WithVariousKeyCodes_ReturnsExpectedResult(keyCode: Search, expectedHandled: True)" computerName="BOSGAME-VELQ7" duration="00:00:00.0011374" startTime="2025-07-25T07:35:48.9681870-04:00" endTime="2025-07-25T07:35:48.9681870-04:00" testType="13cdc9d9-ddb5-4fa4-a97d-d965ccfc6d4b" outcome="Passed" testListId="8c84fa94-04c1-424b-9868-57a2d4851a1d" relativeResultsDirectory="ef2b922a-b7fe-47c0-952a-9f19aa3cae68" />
    <UnitTestResult executionId="561edf5d-7871-4cc7-ba78-01dfea09d764" testId="6e798d5a-1ca0-6e8e-6bb6-6235a3494c25" testName="JarvisAssistant.UnitTests.Services.PlatformServiceInterfaceTests.GetOptimalTheme_Logic_ShouldReturnExpectedThemes(platform: Windows, expectedTheme: Desktop)" computerName="BOSGAME-VELQ7" duration="00:00:00.0000100" startTime="2025-07-25T07:35:48.8854728-04:00" endTime="2025-07-25T07:35:48.8854728-04:00" testType="13cdc9d9-ddb5-4fa4-a97d-d965ccfc6d4b" outcome="Passed" testListId="8c84fa94-04c1-424b-9868-57a2d4851a1d" relativeResultsDirectory="561edf5d-7871-4cc7-ba78-01dfea09d764" />
    <UnitTestResult executionId="3b00a839-e7e2-453e-ac9c-0b5e4294b53a" testId="c99adbf3-fb8b-eb87-4816-2176129bdb33" testName="JarvisAssistant.UnitTests.Services.AudioCacheServiceTests.CacheAudioAsync_WithNullText_ReturnsFalse" computerName="BOSGAME-VELQ7" duration="00:00:00.0007119" startTime="2025-07-25T07:35:48.9674218-04:00" endTime="2025-07-25T07:35:48.9674218-04:00" testType="13cdc9d9-ddb5-4fa4-a97d-d965ccfc6d4b" outcome="Passed" testListId="8c84fa94-04c1-424b-9868-57a2d4851a1d" relativeResultsDirectory="3b00a839-e7e2-453e-ac9c-0b5e4294b53a" />
    <UnitTestResult executionId="1489fc8f-c5e4-44c4-8dbb-2872ff8f980b" testId="fd54034d-e3fc-e2eb-05d7-8a9bc433af73" testName="JarvisAssistant.UnitTests.Core.Converters.ConverterLogicTests.MessageTypeToIcon_ShouldReturnCorrectIcons(messageType: System, expectedIcon: &quot;??&quot;)" computerName="BOSGAME-VELQ7" duration="00:00:00.0000010" startTime="2025-07-25T07:35:48.8905655-04:00" endTime="2025-07-25T07:35:48.8905656-04:00" testType="13cdc9d9-ddb5-4fa4-a97d-d965ccfc6d4b" outcome="Passed" testListId="8c84fa94-04c1-424b-9868-57a2d4851a1d" relativeResultsDirectory="1489fc8f-c5e4-44c4-8dbb-2872ff8f980b" />
    <UnitTestResult executionId="6f121d0d-1708-4836-b980-a6c9385544b6" testId="e3aea423-98bf-a7e2-e4c0-84c6f9dc53db" testName="JarvisAssistant.UnitTests.Services.LLM.PersonalityServiceTests.FormatResponseAsync_WithEmptyResponse_ReturnsEmpty" computerName="BOSGAME-VELQ7" duration="00:00:00.0012162" startTime="2025-07-25T07:35:49.0360129-04:00" endTime="2025-07-25T07:35:49.0360132-04:00" testType="13cdc9d9-ddb5-4fa4-a97d-d965ccfc6d4b" outcome="Passed" testListId="8c84fa94-04c1-424b-9868-57a2d4851a1d" relativeResultsDirectory="6f121d0d-1708-4836-b980-a6c9385544b6" />
    <UnitTestResult executionId="33a9f9ab-1d96-4d00-a8c2-b97def7264b0" testId="63f7f541-1242-04cd-f07a-6d75763b6903" testName="JarvisAssistant.UnitTests.Services.ServiceHealthCheckerTests.CheckServiceHealthAsync_WithDifferentResponseTimes_ReturnsExpectedState(delayMs: 600, expectedState: Degraded)" computerName="BOSGAME-VELQ7" duration="00:00:00.6153798" startTime="2025-07-25T07:35:49.6217927-04:00" endTime="2025-07-25T07:35:49.6217927-04:00" testType="13cdc9d9-ddb5-4fa4-a97d-d965ccfc6d4b" outcome="Passed" testListId="8c84fa94-04c1-424b-9868-57a2d4851a1d" relativeResultsDirectory="33a9f9ab-1d96-4d00-a8c2-b97def7264b0" />
    <UnitTestResult executionId="6988af6a-515a-471d-a0ef-8ab5e3d3430f" testId="db225c20-9efd-cd4d-b9b4-d762745c0403" testName="JarvisAssistant.UnitTests.Integration.ElevenLabsServiceExtensionsTests.AddElevenLabsVoiceService_WithCustomConfiguration_AppliesCorrectly" computerName="BOSGAME-VELQ7" duration="00:00:00.0003941" startTime="2025-07-25T07:35:48.8942516-04:00" endTime="2025-07-25T07:35:48.8942517-04:00" testType="13cdc9d9-ddb5-4fa4-a97d-d965ccfc6d4b" outcome="Passed" testListId="8c84fa94-04c1-424b-9868-57a2d4851a1d" relativeResultsDirectory="6988af6a-515a-471d-a0ef-8ab5e3d3430f" />
    <UnitTestResult executionId="e8536ee9-ab56-47ed-8b9b-fda6e1727762" testId="5bd30997-1438-5b3b-188c-faec19cc9e7a" testName="JarvisAssistant.UnitTests.Integration.LiveOllamaConnectionTests.LiveConnection_OllamaPort_ShouldBeOpen" computerName="BOSGAME-VELQ7" duration="00:00:00.6127852" startTime="2025-07-25T07:35:55.3002400-04:00" endTime="2025-07-25T07:35:55.3002403-04:00" testType="13cdc9d9-ddb5-4fa4-a97d-d965ccfc6d4b" outcome="Passed" testListId="8c84fa94-04c1-424b-9868-57a2d4851a1d" relativeResultsDirectory="e8536ee9-ab56-47ed-8b9b-fda6e1727762" />
    <UnitTestResult executionId="37ecce16-7624-4a50-808f-69d48cbd14a8" testId="cc8e1363-c3ca-8bcf-58fe-03deec8dabc3" testName="JarvisAssistant.UnitTests.Services.ThemeIntegrationTests.ThemeSwitching_ShouldPreserveDataIntegrity" computerName="BOSGAME-VELQ7" duration="00:00:00.0016147" startTime="2025-07-25T07:35:48.9786215-04:00" endTime="2025-07-25T07:35:48.9786215-04:00" testType="13cdc9d9-ddb5-4fa4-a97d-d965ccfc6d4b" outcome="Passed" testListId="8c84fa94-04c1-424b-9868-57a2d4851a1d" relativeResultsDirectory="37ecce16-7624-4a50-808f-69d48cbd14a8" />
    <UnitTestResult executionId="b1c7cb04-d833-4498-a697-f7f45a715bee" testId="e72b293e-06bb-86b0-6aab-3516d9989eee" testName="JarvisAssistant.UnitTests.Services.ServiceHealthCheckerTests.CheckServiceHealthAsync_WithTimeout_ReturnsOfflineStatus" computerName="BOSGAME-VELQ7" duration="00:00:00.0007104" startTime="2025-07-25T07:35:49.9907684-04:00" endTime="2025-07-25T07:35:49.9907684-04:00" testType="13cdc9d9-ddb5-4fa4-a97d-d965ccfc6d4b" outcome="Passed" testListId="8c84fa94-04c1-424b-9868-57a2d4851a1d" relativeResultsDirectory="b1c7cb04-d833-4498-a697-f7f45a715bee" />
    <UnitTestResult executionId="ec297016-e06f-4ebf-852f-bd8a365b34f7" testId="5734d5a3-4f0f-ba8c-e55e-7d2e4acb8119" testName="JarvisAssistant.UnitTests.Services.PlatformServiceInterfaceTests.PlatformType_EnumValues_ShouldBeValid" computerName="BOSGAME-VELQ7" duration="00:00:00.0074936" startTime="2025-07-25T07:35:48.8631960-04:00" endTime="2025-07-25T07:35:48.8631960-04:00" testType="13cdc9d9-ddb5-4fa4-a97d-d965ccfc6d4b" outcome="Passed" testListId="8c84fa94-04c1-424b-9868-57a2d4851a1d" relativeResultsDirectory="ec297016-e06f-4ebf-852f-bd8a365b34f7" />
    <UnitTestResult executionId="513e4a46-1eff-444b-8af5-c044f5f726bb" testId="009be9d2-76d0-ea29-1cee-1fbb3e5dfa78" testName="JarvisAssistant.UnitTests.Voice.VoiceCommandModelTests.VoiceCommandType_AllValues_AreValid(type: Unknown)" computerName="BOSGAME-VELQ7" duration="00:00:00.0000100" startTime="2025-07-25T07:35:48.8847863-04:00" endTime="2025-07-25T07:35:48.8847864-04:00" testType="13cdc9d9-ddb5-4fa4-a97d-d965ccfc6d4b" outcome="Passed" testListId="8c84fa94-04c1-424b-9868-57a2d4851a1d" relativeResultsDirectory="513e4a46-1eff-444b-8af5-c044f5f726bb" />
    <UnitTestResult executionId="392804a5-be73-4393-9277-efa95918838f" testId="2f21f39e-8ca3-1c42-8d87-82c492336aee" testName="JarvisAssistant.UnitTests.Integration.ChatIntegrationTests.StatusMonitorService_GetStatus_ShouldReturnHealthyStatus" computerName="BOSGAME-VELQ7" duration="00:00:00.0015342" startTime="2025-07-25T07:35:48.8871672-04:00" endTime="2025-07-25T07:35:48.8871672-04:00" testType="13cdc9d9-ddb5-4fa4-a97d-d965ccfc6d4b" outcome="Passed" testListId="8c84fa94-04c1-424b-9868-57a2d4851a1d" relativeResultsDirectory="392804a5-be73-4393-9277-efa95918838f" />
    <UnitTestResult executionId="13050ecf-6955-40fe-be28-6dc157dd66dd" testId="fff2b283-f4b4-0baf-243c-7e98adecb9a1" testName="JarvisAssistant.UnitTests.Services.PlatformServiceTests.AppThemeEnum_ShouldHaveAllExpectedValues" computerName="BOSGAME-VELQ7" duration="00:00:00.0004841" startTime="2025-07-25T07:35:48.9275535-04:00" endTime="2025-07-25T07:35:48.9275536-04:00" testType="13cdc9d9-ddb5-4fa4-a97d-d965ccfc6d4b" outcome="Passed" testListId="8c84fa94-04c1-424b-9868-57a2d4851a1d" relativeResultsDirectory="13050ecf-6955-40fe-be28-6dc157dd66dd" />
    <UnitTestResult executionId="790e6655-d547-4955-824f-446636402a42" testId="e28cddb4-5ca7-a70c-66d5-c86fba57a604" testName="JarvisAssistant.UnitTests.Services.ServiceHealthCheckerTests.GetServiceDisplayName_WithUnregisteredService_ReturnsServiceName" computerName="BOSGAME-VELQ7" duration="00:00:00.0003992" startTime="2025-07-25T07:35:49.7745400-04:00" endTime="2025-07-25T07:35:49.7745401-04:00" testType="13cdc9d9-ddb5-4fa4-a97d-d965ccfc6d4b" outcome="Passed" testListId="8c84fa94-04c1-424b-9868-57a2d4851a1d" relativeResultsDirectory="790e6655-d547-4955-824f-446636402a42" />
    <UnitTestResult executionId="3cac03ca-eb9b-4d77-b452-ce66404d7706" testId="142dc445-37f8-e92b-9855-abcd0cb8d229" testName="JarvisAssistant.UnitTests.UI.MAUIMainPageUITests.StartChatBtn_TouchInput_ShouldTriggerNavigation" computerName="BOSGAME-VELQ7" duration="00:00:00.0005377" startTime="2025-07-25T07:35:49.0536770-04:00" endTime="2025-07-25T07:35:49.0536772-04:00" testType="13cdc9d9-ddb5-4fa4-a97d-d965ccfc6d4b" outcome="Passed" testListId="8c84fa94-04c1-424b-9868-57a2d4851a1d" relativeResultsDirectory="3cac03ca-eb9b-4d77-b452-ce66404d7706" />
    <UnitTestResult executionId="0a8eba47-396d-4508-95b8-99b08165c45a" testId="7a1c99a6-6eb5-b231-fc64-0f7a66f515e4" testName="JarvisAssistant.UnitTests.Services.LLM.LLMServerFailureTests.GenerateAsync_LargePayload_HandlesGracefully" computerName="BOSGAME-VELQ7" duration="00:00:00.0023785" startTime="2025-07-25T07:35:49.0451359-04:00" endTime="2025-07-25T07:35:49.0451361-04:00" testType="13cdc9d9-ddb5-4fa4-a97d-d965ccfc6d4b" outcome="Passed" testListId="8c84fa94-04c1-424b-9868-57a2d4851a1d" relativeResultsDirectory="0a8eba47-396d-4508-95b8-99b08165c45a" />
    <UnitTestResult executionId="c014a614-9db8-41f7-8ef8-231d85d5eec5" testId="4855e4b2-491f-e06d-aaa2-ce644fcee064" testName="JarvisAssistant.UnitTests.Services.ErrorHandlingServiceTests.LogErrorAsync_WithDifferentSeverities_ShouldUseCorrectLogLevel(severity: Fatal, expectedLogLevel: Critical)" computerName="BOSGAME-VELQ7" duration="00:00:00.0016734" startTime="2025-07-25T07:35:48.9567047-04:00" endTime="2025-07-25T07:35:48.9567048-04:00" testType="13cdc9d9-ddb5-4fa4-a97d-d965ccfc6d4b" outcome="Passed" testListId="8c84fa94-04c1-424b-9868-57a2d4851a1d" relativeResultsDirectory="c014a614-9db8-41f7-8ef8-231d85d5eec5" />
    <UnitTestResult executionId="bbdb171b-f251-4d2d-a063-c0f1e4f4ddfa" testId="cea86b1e-d222-8fce-6b1b-14eb16f3cd32" testName="JarvisAssistant.UnitTests.Services.ServiceHealthCheckerTests.CheckServiceHealthAsync_WithHttpError_ReturnsErrorStatus" computerName="BOSGAME-VELQ7" duration="00:00:00.1103441" startTime="2025-07-25T07:35:48.9427654-04:00" endTime="2025-07-25T07:35:48.9427657-04:00" testType="13cdc9d9-ddb5-4fa4-a97d-d965ccfc6d4b" outcome="Passed" testListId="8c84fa94-04c1-424b-9868-57a2d4851a1d" relativeResultsDirectory="bbdb171b-f251-4d2d-a063-c0f1e4f4ddfa" />
    <UnitTestResult executionId="00aed9f9-75fb-4351-8b33-b5fbe5f4d10c" testId="ba2a920e-b365-ea07-2630-dff265b33e80" testName="JarvisAssistant.UnitTests.Voice.VoiceEventArgsTests.VoiceButtonType_AllValues_AreValid(buttonType: Unknown)" computerName="BOSGAME-VELQ7" duration="00:00:00.0000112" startTime="2025-07-25T07:35:48.8649756-04:00" endTime="2025-07-25T07:35:48.8649757-04:00" testType="13cdc9d9-ddb5-4fa4-a97d-d965ccfc6d4b" outcome="Passed" testListId="8c84fa94-04c1-424b-9868-57a2d4851a1d" relativeResultsDirectory="00aed9f9-75fb-4351-8b33-b5fbe5f4d10c" />
    <UnitTestResult executionId="7c6468e7-7d12-4fbf-8698-2a3f4284a9bd" testId="f27e105b-e48d-7717-0580-2f0945a35357" testName="JarvisAssistant.UnitTests.Services.ElevenLabsVoiceServiceTests.StreamSpeechAsync_WithValidText_ReturnsAudioChunks" computerName="BOSGAME-VELQ7" duration="00:00:00.0103540" startTime="2025-07-25T07:35:49.0477343-04:00" endTime="2025-07-25T07:35:49.0477345-04:00" testType="13cdc9d9-ddb5-4fa4-a97d-d965ccfc6d4b" outcome="Passed" testListId="8c84fa94-04c1-424b-9868-57a2d4851a1d" relativeResultsDirectory="7c6468e7-7d12-4fbf-8698-2a3f4284a9bd" />
    <UnitTestResult executionId="fc5e6cdf-f03b-4f48-9db4-9fb871016e97" testId="f1515a36-9f93-4069-9478-b67b6313ac95" testName="JarvisAssistant.UnitTests.Integration.VoiceConfigurationTests.VoiceSettings_CreateEmotionalSettings_ReturnsCorrectValues(emotion: &quot;unknown&quot;, expectedStability: 0.75, expectedSimilarity: 0.850000024, expectedStyle: 0, expectedRate: 0.899999976)" computerName="BOSGAME-VELQ7" duration="00:00:00.0003264" startTime="2025-07-25T07:35:48.8842999-04:00" endTime="2025-07-25T07:35:48.8842999-04:00" testType="13cdc9d9-ddb5-4fa4-a97d-d965ccfc6d4b" outcome="Passed" testListId="8c84fa94-04c1-424b-9868-57a2d4851a1d" relativeResultsDirectory="fc5e6cdf-f03b-4f48-9db4-9fb871016e97" />
    <UnitTestResult executionId="66e582d7-cb14-4157-b9c1-a606ba485fbc" testId="477bba6c-16aa-afeb-90e4-aae7f108ab8b" testName="JarvisAssistant.UnitTests.Integration.LLMErrorDiagnosticTests.DiagnosticTest_AllResourceErrors_GenerateCorrectErrorResponses" computerName="BOSGAME-VELQ7" duration="00:00:00.0028780" startTime="2025-07-25T07:35:49.0249564-04:00" endTime="2025-07-25T07:35:49.0249564-04:00" testType="13cdc9d9-ddb5-4fa4-a97d-d965ccfc6d4b" outcome="Passed" testListId="8c84fa94-04c1-424b-9868-57a2d4851a1d" relativeResultsDirectory="66e582d7-cb14-4157-b9c1-a606ba485fbc" />
    <UnitTestResult executionId="19688ff6-c1c5-499b-af1a-b6c61a937b40" testId="808f047d-0e3e-3a91-bd6c-9f3daeada9b7" testName="JarvisAssistant.UnitTests.Services.AudioCacheServiceTests.GetCachedAudioAsync_WithNonExistentData_ReturnsNull" computerName="BOSGAME-VELQ7" duration="00:00:00.0158715" startTime="2025-07-25T07:35:48.9950154-04:00" endTime="2025-07-25T07:35:48.9950155-04:00" testType="13cdc9d9-ddb5-4fa4-a97d-d965ccfc6d4b" outcome="Passed" testListId="8c84fa94-04c1-424b-9868-57a2d4851a1d" relativeResultsDirectory="19688ff6-c1c5-499b-af1a-b6c61a937b40" />
    <UnitTestResult executionId="547d1836-532e-40cb-a79a-fbc7a5ff79cf" testId="94753ba6-405e-2bac-a744-f88b74ac7e97" testName="JarvisAssistant.UnitTests.Services.OllamaLLMServiceTests.StreamResponseAsync_WithOllamaError_YieldsErrorResponse" computerName="BOSGAME-VELQ7" duration="00:00:00.0067715" startTime="2025-07-25T07:35:49.0160341-04:00" endTime="2025-07-25T07:35:49.0160343-04:00" testType="13cdc9d9-ddb5-4fa4-a97d-d965ccfc6d4b" outcome="Passed" testListId="8c84fa94-04c1-424b-9868-57a2d4851a1d" relativeResultsDirectory="547d1836-532e-40cb-a79a-fbc7a5ff79cf" />
    <UnitTestResult executionId="caef88e1-2366-44b7-a3a5-4772e4ae21d2" testId="605b7d58-15d1-26bd-69ef-e438853e775e" testName="JarvisAssistant.UnitTests.UI.StatusPanelFunctionalityTests.ShowServiceDetailsCommand_ShouldDisplayServiceInfo" computerName="BOSGAME-VELQ7" duration="00:00:00.0027833" startTime="2025-07-25T07:35:48.8912959-04:00" endTime="2025-07-25T07:35:48.8912960-04:00" testType="13cdc9d9-ddb5-4fa4-a97d-d965ccfc6d4b" outcome="Passed" testListId="8c84fa94-04c1-424b-9868-57a2d4851a1d" relativeResultsDirectory="caef88e1-2366-44b7-a3a5-4772e4ae21d2" />
    <UnitTestResult executionId="e12f697c-151b-49e4-8da4-0fbea8839f85" testId="4e5522a2-4864-c7d5-1139-367eb8b6a3e1" testName="JarvisAssistant.UnitTests.UI.MAUIStatusPanelUITests.StatusPanelViewModel_ToggleExpanded_ShouldChangeState" computerName="BOSGAME-VELQ7" duration="00:00:00.0002387" startTime="2025-07-25T07:35:49.1330413-04:00" endTime="2025-07-25T07:35:49.1330414-04:00" testType="13cdc9d9-ddb5-4fa4-a97d-d965ccfc6d4b" outcome="Passed" testListId="8c84fa94-04c1-424b-9868-57a2d4851a1d" relativeResultsDirectory="e12f697c-151b-49e4-8da4-0fbea8839f85" />
    <UnitTestResult executionId="304e7217-1dab-4eb6-8b83-5cb15bded1f3" testId="935c3690-6521-3990-71dd-cf1ba347f74f" testName="JarvisAssistant.UnitTests.Voice.VoiceCommandModelTests.VoiceCommandType_AllValues_AreValid(type: Analyze)" computerName="BOSGAME-VELQ7" duration="00:00:00.0022568" startTime="2025-07-25T07:35:48.8842766-04:00" endTime="2025-07-25T07:35:48.8842766-04:00" testType="13cdc9d9-ddb5-4fa4-a97d-d965ccfc6d4b" outcome="Passed" testListId="8c84fa94-04c1-424b-9868-57a2d4851a1d" relativeResultsDirectory="304e7217-1dab-4eb6-8b83-5cb15bded1f3" />
    <UnitTestResult executionId="750a2b2c-8906-4eb6-b1e0-7a368c519aad" testId="3d59f005-ca34-87e9-37c3-004ce8fadee4" testName="JarvisAssistant.UnitTests.Services.PlatformServiceTests.GetScreenDensity_ShouldReturnPositiveValue(platform: Windows, expectedDensity: 1)" computerName="BOSGAME-VELQ7" duration="00:00:00.0004320" startTime="2025-07-25T07:35:48.9211535-04:00" endTime="2025-07-25T07:35:48.9211536-04:00" testType="13cdc9d9-ddb5-4fa4-a97d-d965ccfc6d4b" outcome="Passed" testListId="8c84fa94-04c1-424b-9868-57a2d4851a1d" relativeResultsDirectory="750a2b2c-8906-4eb6-b1e0-7a368c519aad" />
    <UnitTestResult executionId="2bb58df1-fbf0-4eeb-ab1c-e5f9fdd805a9" testId="b45995c4-3a07-eb5c-5192-a68805c2aaca" testName="JarvisAssistant.UnitTests.Voice.VoiceEventArgsTests.VoiceButtonType_AllValues_AreValid(buttonType: Search)" computerName="BOSGAME-VELQ7" duration="00:00:00.0000195" startTime="2025-07-25T07:35:48.8649057-04:00" endTime="2025-07-25T07:35:48.8649057-04:00" testType="13cdc9d9-ddb5-4fa4-a97d-d965ccfc6d4b" outcome="Passed" testListId="8c84fa94-04c1-424b-9868-57a2d4851a1d" relativeResultsDirectory="2bb58df1-fbf0-4eeb-ab1c-e5f9fdd805a9" />
    <UnitTestResult executionId="855cfdfc-754e-46e0-9c56-4169e595eaa6" testId="2759eb5e-f40a-0521-2369-01aa9a58d17a" testName="JarvisAssistant.UnitTests.Voice.VoiceCommandModelTests.VoiceCommand_ToLogString_ReturnsFormattedString" computerName="BOSGAME-VELQ7" duration="00:00:00.0057750" startTime="2025-07-25T07:35:48.8885707-04:00" endTime="2025-07-25T07:35:48.8885708-04:00" testType="13cdc9d9-ddb5-4fa4-a97d-d965ccfc6d4b" outcome="Passed" testListId="8c84fa94-04c1-424b-9868-57a2d4851a1d" relativeResultsDirectory="855cfdfc-754e-46e0-9c56-4169e595eaa6" />
    <UnitTestResult executionId="dbfefcf8-2404-4147-a716-70117b54aaf6" testId="31d0ea51-10b1-babb-8b2a-efa5913a7bdd" testName="JarvisAssistant.UnitTests.Core.Models.ChatMessageCoreTests.TypeProperties_ShouldReturnCorrectValues(type: System, isCode: False, isError: False, isVoice: False)" computerName="BOSGAME-VELQ7" duration="00:00:00.0000024" startTime="2025-07-25T07:35:48.8836682-04:00" endTime="2025-07-25T07:35:48.8836683-04:00" testType="13cdc9d9-ddb5-4fa4-a97d-d965ccfc6d4b" outcome="Passed" testListId="8c84fa94-04c1-424b-9868-57a2d4851a1d" relativeResultsDirectory="dbfefcf8-2404-4147-a716-70117b54aaf6" />
    <UnitTestResult executionId="1547e6e1-bc70-41b7-95a4-90b648bd0bc4" testId="a74d7e24-0f94-5c04-4f0f-ffc2ecb8e681" testName="JarvisAssistant.UnitTests.Integration.VoiceConfigurationTests.ElevenLabsConfig_IsValid_WithInvalidConfig_ReturnsFalse(apiKey: &quot;key&quot;, voiceId: &quot;voice&quot;, baseUrl: &quot;https://api.elevenlabs.io&quot;, timeoutSeconds: 30, maxRetryAttempts: -1, expected: False)" computerName="BOSGAME-VELQ7" duration="00:00:00.0004896" startTime="2025-07-25T07:35:48.8837086-04:00" endTime="2025-07-25T07:35:48.8837086-04:00" testType="13cdc9d9-ddb5-4fa4-a97d-d965ccfc6d4b" outcome="Passed" testListId="8c84fa94-04c1-424b-9868-57a2d4851a1d" relativeResultsDirectory="1547e6e1-bc70-41b7-95a4-90b648bd0bc4" />
    <UnitTestResult executionId="93bd2d40-ccf6-4bb8-82e3-7d04a26d7201" testId="a107db9e-a0cc-eee3-73df-ba42505c7bd1" testName="JarvisAssistant.UnitTests.Voice.VoiceCommandProcessorTests.SupportedCommands_ContainsAllDefaultCommands(commandType: Search)" computerName="BOSGAME-VELQ7" duration="00:00:00.0000239" startTime="2025-07-25T07:35:48.9223819-04:00" endTime="2025-07-25T07:35:48.9223819-04:00" testType="13cdc9d9-ddb5-4fa4-a97d-d965ccfc6d4b" outcome="Passed" testListId="8c84fa94-04c1-424b-9868-57a2d4851a1d" relativeResultsDirectory="93bd2d40-ccf6-4bb8-82e3-7d04a26d7201" />
    <UnitTestResult executionId="72cd8d2b-6edf-4720-a9fe-02ed8e374807" testId="d5e83932-171b-7770-faa3-8b5e3007e14d" testName="JarvisAssistant.UnitTests.Core.Converters.ConverterLogicTests.VoiceActivityToOpacity_ShouldClampValues(input: 0.10000000000000001, expected: 0.20000000000000001)" computerName="BOSGAME-VELQ7" duration="00:00:00.0000054" startTime="2025-07-25T07:35:48.8898372-04:00" endTime="2025-07-25T07:35:48.8898372-04:00" testType="13cdc9d9-ddb5-4fa4-a97d-d965ccfc6d4b" outcome="Passed" testListId="8c84fa94-04c1-424b-9868-57a2d4851a1d" relativeResultsDirectory="72cd8d2b-6edf-4720-a9fe-02ed8e374807" />
    <UnitTestResult executionId="054ee958-fdaa-4df4-beec-bd9bc4faaca5" testId="413d2d6c-e9cd-e56b-6525-7fefbc5c05a2" testName="JarvisAssistant.UnitTests.Services.LLM.LLMServerFailureTests.GenerateAsync_CertificateValidationFailure_ReturnsCertError" computerName="BOSGAME-VELQ7" duration="00:00:00.0016712" startTime="2025-07-25T07:35:49.0694411-04:00" endTime="2025-07-25T07:35:49.0694414-04:00" testType="13cdc9d9-ddb5-4fa4-a97d-d965ccfc6d4b" outcome="Passed" testListId="8c84fa94-04c1-424b-9868-57a2d4851a1d" relativeResultsDirectory="054ee958-fdaa-4df4-beec-bd9bc4faaca5" />
    <UnitTestResult executionId="a68ac044-ea13-43ed-a1fa-8e870809d681" testId="b6b78038-4f2f-9b6f-44b5-dfac454c2e90" testName="JarvisAssistant.UnitTests.Services.LLM.LLMServerFailureTests.GenerateAsync_PortUnreachable_ReturnsPortError" computerName="BOSGAME-VELQ7" duration="00:00:00.0015873" startTime="2025-07-25T07:35:49.0327053-04:00" endTime="2025-07-25T07:35:49.0327053-04:00" testType="13cdc9d9-ddb5-4fa4-a97d-d965ccfc6d4b" outcome="Passed" testListId="8c84fa94-04c1-424b-9868-57a2d4851a1d" relativeResultsDirectory="a68ac044-ea13-43ed-a1fa-8e870809d681" />
    <UnitTestResult executionId="058af3d3-d2b4-4ab3-a463-4b2309d10bf8" testId="0d724198-d76c-40a0-3672-21577198a194" testName="JarvisAssistant.UnitTests.Integration.LLMErrorDiagnosticTests.DiagnosticTest_SimpleTimeoutTest_ShouldThrowException" computerName="BOSGAME-VELQ7" duration="00:00:00.0020404" startTime="2025-07-25T07:35:49.0368926-04:00" endTime="2025-07-25T07:35:49.0368926-04:00" testType="13cdc9d9-ddb5-4fa4-a97d-d965ccfc6d4b" outcome="Passed" testListId="8c84fa94-04c1-424b-9868-57a2d4851a1d" relativeResultsDirectory="058af3d3-d2b4-4ab3-a463-4b2309d10bf8" />
    <UnitTestResult executionId="0514d7cb-39c5-4892-b2b9-29ce7dae74e3" testId="6fe503e0-ee15-a125-175b-c954ddea8940" testName="JarvisAssistant.UnitTests.Voice.GoogleTVVoiceHandlerTests.ListeningStateChanged_Event_CanBeSubscribed" computerName="BOSGAME-VELQ7" duration="00:00:00.1086235" startTime="2025-07-25T07:35:48.9417693-04:00" endTime="2025-07-25T07:35:48.9417694-04:00" testType="13cdc9d9-ddb5-4fa4-a97d-d965ccfc6d4b" outcome="Passed" testListId="8c84fa94-04c1-424b-9868-57a2d4851a1d" relativeResultsDirectory="0514d7cb-39c5-4892-b2b9-29ce7dae74e3" />
    <UnitTestResult executionId="3f76164a-7bea-405b-8e66-144c195b44ae" testId="f6247ad0-e92c-aadc-73fa-56889b787aea" testName="JarvisAssistant.UnitTests.Services.ErrorHandlingServiceTests.ClearErrorHistoryAsync_ShouldRemoveAllErrors" computerName="BOSGAME-VELQ7" duration="00:00:00.0017695" startTime="2025-07-25T07:35:49.0062335-04:00" endTime="2025-07-25T07:35:49.0062337-04:00" testType="13cdc9d9-ddb5-4fa4-a97d-d965ccfc6d4b" outcome="Passed" testListId="8c84fa94-04c1-424b-9868-57a2d4851a1d" relativeResultsDirectory="3f76164a-7bea-405b-8e66-144c195b44ae" />
    <UnitTestResult executionId="f429f5eb-dc66-47b6-b5f8-8f1e26efd7fc" testId="549a8a87-c5f9-445f-1ff3-ae15fd1e9eed" testName="JarvisAssistant.UnitTests.Services.LLM.LLMErrorHandlerTests.ProcessException_SocketException_ReturnsCorrectErrorCode(socketError: HostNotFound, expectedErrorCode: &quot;LLM-CONN-002&quot;)" computerName="BOSGAME-VELQ7" duration="00:00:00.0000565" startTime="2025-07-25T07:35:48.9287277-04:00" endTime="2025-07-25T07:35:48.9287278-04:00" testType="13cdc9d9-ddb5-4fa4-a97d-d965ccfc6d4b" outcome="Passed" testListId="8c84fa94-04c1-424b-9868-57a2d4851a1d" relativeResultsDirectory="f429f5eb-dc66-47b6-b5f8-8f1e26efd7fc" />
    <UnitTestResult executionId="ff239a19-bffe-48c8-80c1-c746dde8ca16" testId="0ee773ae-a376-b61a-8a01-91ee30d612b0" testName="JarvisAssistant.UnitTests.Services.OllamaLLMServiceTests.StreamResponseAsync_WithEmptyMessage_ThrowsArgumentException" computerName="BOSGAME-VELQ7" duration="00:00:00.0016407" startTime="2025-07-25T07:35:49.0267732-04:00" endTime="2025-07-25T07:35:49.0267733-04:00" testType="13cdc9d9-ddb5-4fa4-a97d-d965ccfc6d4b" outcome="Passed" testListId="8c84fa94-04c1-424b-9868-57a2d4851a1d" relativeResultsDirectory="ff239a19-bffe-48c8-80c1-c746dde8ca16" />
    <UnitTestResult executionId="9abe83a9-b064-4ce0-bc9f-22464904c667" testId="e7175a8c-f54c-88db-c3ab-39288b4ed3b3" testName="JarvisAssistant.UnitTests.Services.ElevenLabsVoiceServiceTests.GenerateSpeechAsync_AdjustsVoiceSettingsBasedOnContent(text: &quot;Task completed successfully&quot;, expectedEmotion: &quot;excited&quot;)" computerName="BOSGAME-VELQ7" duration="00:00:00.0012189" startTime="2025-07-25T07:35:49.0309901-04:00" endTime="2025-07-25T07:35:49.0309902-04:00" testType="13cdc9d9-ddb5-4fa4-a97d-d965ccfc6d4b" outcome="Passed" testListId="8c84fa94-04c1-424b-9868-57a2d4851a1d" relativeResultsDirectory="9abe83a9-b064-4ce0-bc9f-22464904c667" />
    <UnitTestResult executionId="2c33fd7c-feed-4461-8a04-5232323df2c8" testId="518ad318-26ed-b0c5-0cda-81ed794c365f" testName="JarvisAssistant.UnitTests.Integration.LiveOllamaConnectionTests.LiveConnection_CheckSpecificModel_ShouldReportAvailability(modelName: &quot;qwen2.5&quot;)" computerName="BOSGAME-VELQ7" duration="00:00:00.1972072" startTime="2025-07-25T07:35:55.4977613-04:00" endTime="2025-07-25T07:35:55.4977615-04:00" testType="13cdc9d9-ddb5-4fa4-a97d-d965ccfc6d4b" outcome="Passed" testListId="8c84fa94-04c1-424b-9868-57a2d4851a1d" relativeResultsDirectory="2c33fd7c-feed-4461-8a04-5232323df2c8" />
    <UnitTestResult executionId="4223dfcb-8674-4ad4-86bd-a4b661ea4481" testId="facc70d9-63c3-176e-ea26-2707824a5c29" testName="JarvisAssistant.UnitTests.Services.PlatformServiceTests.IsGoogleTV_ShouldReturnTrueOnlyForAndroidTV(platform: iOS, expected: False)" computerName="BOSGAME-VELQ7" duration="00:00:00.0000566" startTime="2025-07-25T07:35:48.9353498-04:00" endTime="2025-07-25T07:35:48.9353499-04:00" testType="13cdc9d9-ddb5-4fa4-a97d-d965ccfc6d4b" outcome="Passed" testListId="8c84fa94-04c1-424b-9868-57a2d4851a1d" relativeResultsDirectory="4223dfcb-8674-4ad4-86bd-a4b661ea4481" />
    <UnitTestResult executionId="ed7e9b89-3c23-4f7b-8d38-8bee1e82190b" testId="957b3d1a-b8b0-70af-e81a-fbff3676aae1" testName="JarvisAssistant.UnitTests.Core.Converters.ConverterLogicTests.MessageTypeToIcon_ShouldReturnCorrectIcons(messageType: Error, expectedIcon: &quot;?&quot;)" computerName="BOSGAME-VELQ7" duration="00:00:00.0001510" startTime="2025-07-25T07:35:48.8905159-04:00" endTime="2025-07-25T07:35:48.8905160-04:00" testType="13cdc9d9-ddb5-4fa4-a97d-d965ccfc6d4b" outcome="Passed" testListId="8c84fa94-04c1-424b-9868-57a2d4851a1d" relativeResultsDirectory="ed7e9b89-3c23-4f7b-8d38-8bee1e82190b" />
    <UnitTestResult executionId="18e98fde-8ad1-4aa0-b9c8-4128d6584663" testId="f175703c-9310-5ec5-100c-d455e28af537" testName="JarvisAssistant.UnitTests.Services.LLM.PersonalityServiceTests.FormatResponseAsync_AppliesVocabularyEnhancements(input: &quot;There's an issue here.&quot;, expectedWord: &quot;matter&quot;)" computerName="BOSGAME-VELQ7" duration="00:00:00.0013018" startTime="2025-07-25T07:35:49.0269037-04:00" endTime="2025-07-25T07:35:49.0269038-04:00" testType="13cdc9d9-ddb5-4fa4-a97d-d965ccfc6d4b" outcome="Passed" testListId="8c84fa94-04c1-424b-9868-57a2d4851a1d" relativeResultsDirectory="18e98fde-8ad1-4aa0-b9c8-4128d6584663" />
    <UnitTestResult executionId="dd5d5643-8baa-41eb-ab3b-9aed935e984e" testId="9b3ecf77-4178-6e98-e40d-7c26483f23ee" testName="JarvisAssistant.UnitTests.Services.RateLimitServiceTests.CanMakeRequestAsync_WithNullApiKey_ReturnsFalse" computerName="BOSGAME-VELQ7" duration="00:00:00.0018760" startTime="2025-07-25T07:35:48.9657770-04:00" endTime="2025-07-25T07:35:48.9657771-04:00" testType="13cdc9d9-ddb5-4fa4-a97d-d965ccfc6d4b" outcome="Passed" testListId="8c84fa94-04c1-424b-9868-57a2d4851a1d" relativeResultsDirectory="dd5d5643-8baa-41eb-ab3b-9aed935e984e" />
    <UnitTestResult executionId="7ef84eab-02a7-42bc-be81-5c71355557f5" testId="792a507b-aa57-25c2-c94f-656c94453764" testName="JarvisAssistant.UnitTests.Voice.VoiceCommandProcessorTests.ClassifyCommandAsync_WithValidCommands_ClassifiesCorrectly(commandText: &quot;exit&quot;, expectedType: Exit)" computerName="BOSGAME-VELQ7" duration="00:00:00.0005654" startTime="2025-07-25T07:35:48.9076204-04:00" endTime="2025-07-25T07:35:48.9076206-04:00" testType="13cdc9d9-ddb5-4fa4-a97d-d965ccfc6d4b" outcome="Passed" testListId="8c84fa94-04c1-424b-9868-57a2d4851a1d" relativeResultsDirectory="7ef84eab-02a7-42bc-be81-5c71355557f5" />
    <UnitTestResult executionId="03d953c8-91d5-43b4-aa66-e122699f6379" testId="c5ce9c82-cb77-8257-2f8d-76cb4c7d8d58" testName="JarvisAssistant.UnitTests.UI.StatusPanelFunctionalityTests.ToggleExpanded_ShouldChangeIsExpandedState" computerName="BOSGAME-VELQ7" duration="00:00:00.0003091" startTime="2025-07-25T07:35:48.8898177-04:00" endTime="2025-07-25T07:35:48.8898178-04:00" testType="13cdc9d9-ddb5-4fa4-a97d-d965ccfc6d4b" outcome="Passed" testListId="8c84fa94-04c1-424b-9868-57a2d4851a1d" relativeResultsDirectory="03d953c8-91d5-43b4-aa66-e122699f6379" />
    <UnitTestResult executionId="4f436466-050c-48e6-9b89-58e62eefcc91" testId="be9930f5-7771-e97b-8345-ac62b498fdb0" testName="JarvisAssistant.UnitTests.Integration.ElevenLabsServiceExtensionsTests.AddVoiceServiceWithFallback_WithoutApiKey_UsesStubService" computerName="BOSGAME-VELQ7" duration="00:00:00.0001425" startTime="2025-07-25T07:35:48.8919178-04:00" endTime="2025-07-25T07:35:48.8919179-04:00" testType="13cdc9d9-ddb5-4fa4-a97d-d965ccfc6d4b" outcome="Passed" testListId="8c84fa94-04c1-424b-9868-57a2d4851a1d" relativeResultsDirectory="4f436466-050c-48e6-9b89-58e62eefcc91" />
    <UnitTestResult executionId="d8d7a810-5a3b-4b76-8dc3-b8885c496769" testId="59a59965-a051-049e-d01c-6e8ee6106de3" testName="JarvisAssistant.UnitTests.Services.LLM.OllamaClientTests.GenerateAsync_WithNetworkError_ThrowsInvalidOperationException" computerName="BOSGAME-VELQ7" duration="00:00:00.0027016" startTime="2025-07-25T07:35:49.0326679-04:00" endTime="2025-07-25T07:35:49.0326681-04:00" testType="13cdc9d9-ddb5-4fa4-a97d-d965ccfc6d4b" outcome="Passed" testListId="8c84fa94-04c1-424b-9868-57a2d4851a1d" relativeResultsDirectory="d8d7a810-5a3b-4b76-8dc3-b8885c496769" />
    <UnitTestResult executionId="28d2cd6a-31e8-485c-9113-eac18498cd5a" testId="1a670b6b-539b-6105-c6e3-cc5fc72b1f3b" testName="JarvisAssistant.UnitTests.UI.StatusPanelFunctionalityTests.ToggleExpanded_WithError_ShouldNotCrash" computerName="BOSGAME-VELQ7" duration="00:00:00.0002891" startTime="2025-07-25T07:35:48.8882214-04:00" endTime="2025-07-25T07:35:48.8882214-04:00" testType="13cdc9d9-ddb5-4fa4-a97d-d965ccfc6d4b" outcome="Passed" testListId="8c84fa94-04c1-424b-9868-57a2d4851a1d" relativeResultsDirectory="28d2cd6a-31e8-485c-9113-eac18498cd5a" />
    <UnitTestResult executionId="cb34d2f8-bf44-484e-90dc-02df8bd22d1a" testId="e39a6aaa-e3a0-c970-c87b-f258d7ab9ce2" testName="JarvisAssistant.UnitTests.Integration.VoiceConfigurationTests.ElevenLabsConfig_IsValid_WithInvalidConfig_ReturnsFalse(apiKey: &quot;key&quot;, voiceId: null, baseUrl: &quot;https://api.elevenlabs.io&quot;, timeoutSeconds: 30, maxRetryAttempts: 3, expected: False)" computerName="BOSGAME-VELQ7" duration="00:00:00.0000144" startTime="2025-07-25T07:35:48.8837387-04:00" endTime="2025-07-25T07:35:48.8837388-04:00" testType="13cdc9d9-ddb5-4fa4-a97d-d965ccfc6d4b" outcome="Passed" testListId="8c84fa94-04c1-424b-9868-57a2d4851a1d" relativeResultsDirectory="cb34d2f8-bf44-484e-90dc-02df8bd22d1a" />
    <UnitTestResult executionId="fea072e8-bb25-4111-8de5-6dd23afe4bc1" testId="bb78cc4f-dee7-ea70-39d5-ebcc22daca27" testName="JarvisAssistant.UnitTests.Services.LLM.PersonalityServiceTests.GetContextualGreeting_WithValidQueryType_ReturnsGreeting(queryType: Code)" computerName="BOSGAME-VELQ7" duration="00:00:00.0008618" startTime="2025-07-25T07:35:49.0226951-04:00" endTime="2025-07-25T07:35:49.0226953-04:00" testType="13cdc9d9-ddb5-4fa4-a97d-d965ccfc6d4b" outcome="Passed" testListId="8c84fa94-04c1-424b-9868-57a2d4851a1d" relativeResultsDirectory="fea072e8-bb25-4111-8de5-6dd23afe4bc1" />
    <UnitTestResult executionId="c96bbc9f-0384-40eb-b9b1-1e3a2b9dc911" testId="b2f652ce-7d42-58b6-7ba7-af3972b82af7" testName="JarvisAssistant.UnitTests.Core.Models.ChatMessageCoreTests.Timestamp_WhenSet_ShouldUpdateFormattedTime" computerName="BOSGAME-VELQ7" duration="00:00:00.0014854" startTime="2025-07-25T07:35:48.8858177-04:00" endTime="2025-07-25T07:35:48.8858177-04:00" testType="13cdc9d9-ddb5-4fa4-a97d-d965ccfc6d4b" outcome="Passed" testListId="8c84fa94-04c1-424b-9868-57a2d4851a1d" relativeResultsDirectory="c96bbc9f-0384-40eb-b9b1-1e3a2b9dc911" />
    <UnitTestResult executionId="17bdf158-001c-48a2-88ea-2f2487d13de6" testId="4f5d3555-3f48-866b-7614-28f678f55d54" testName="JarvisAssistant.UnitTests.UI.StatusPanelFunctionalityTests.SimulateCloseButtonTap_WhenExpanded_ShouldCollapse" computerName="BOSGAME-VELQ7" duration="00:00:00.0001052" startTime="2025-07-25T07:35:48.8913161-04:00" endTime="2025-07-25T07:35:48.8913161-04:00" testType="13cdc9d9-ddb5-4fa4-a97d-d965ccfc6d4b" outcome="Passed" testListId="8c84fa94-04c1-424b-9868-57a2d4851a1d" relativeResultsDirectory="17bdf158-001c-48a2-88ea-2f2487d13de6" />
    <UnitTestResult executionId="84081b70-e154-4d30-9fda-8b6c3b863820" testId="402e21c2-acb8-7893-6ec3-e08126589a1c" testName="JarvisAssistant.UnitTests.Voice.VoiceModeManagerTests.ToggleVoiceModeAsync_WhenCannotToggle_ReturnsCurrentState" computerName="BOSGAME-VELQ7" duration="00:00:00.0011701" startTime="2025-07-25T07:35:49.1795868-04:00" endTime="2025-07-25T07:35:49.1795871-04:00" testType="13cdc9d9-ddb5-4fa4-a97d-d965ccfc6d4b" outcome="Passed" testListId="8c84fa94-04c1-424b-9868-57a2d4851a1d" relativeResultsDirectory="84081b70-e154-4d30-9fda-8b6c3b863820" />
    <UnitTestResult executionId="3934e79d-4d28-4557-b44a-a2792abc41af" testId="2d0b204f-e2f3-7cb8-2659-e4749fcb3d97" testName="JarvisAssistant.UnitTests.UI.MAUIMainPageUITests.StartChatBtn_Properties_ShouldBeCorrect" computerName="BOSGAME-VELQ7" duration="00:00:00.0019001" startTime="2025-07-25T07:35:48.9674454-04:00" endTime="2025-07-25T07:35:48.9674455-04:00" testType="13cdc9d9-ddb5-4fa4-a97d-d965ccfc6d4b" outcome="Passed" testListId="8c84fa94-04c1-424b-9868-57a2d4851a1d" relativeResultsDirectory="3934e79d-4d28-4557-b44a-a2792abc41af" />
    <UnitTestResult executionId="4cd548b4-f374-42cf-9c3d-58ab1f5fdec2" testId="d4c73174-ae59-6ac1-eab5-1879535ffaee" testName="JarvisAssistant.UnitTests.Services.ThemeManagerTests.SwitchThemeAsync_ShouldTriggerThemeChangedEvent" computerName="BOSGAME-VELQ7" duration="00:00:00.1067675" startTime="2025-07-25T07:35:48.9393171-04:00" endTime="2025-07-25T07:35:48.9393172-04:00" testType="13cdc9d9-ddb5-4fa4-a97d-d965ccfc6d4b" outcome="Passed" testListId="8c84fa94-04c1-424b-9868-57a2d4851a1d" relativeResultsDirectory="4cd548b4-f374-42cf-9c3d-58ab1f5fdec2" />
    <UnitTestResult executionId="9741ab94-f1d9-444f-ad06-67e86da1a32b" testId="8984542a-9ced-530b-1748-c83a5458d063" testName="JarvisAssistant.UnitTests.Voice.VoiceCommandProcessorTests.ClassifyCommandAsync_WithValidCommands_ClassifiesCorrectly(commandText: &quot;stop&quot;, expectedType: Stop)" computerName="BOSGAME-VELQ7" duration="00:00:00.0005385" startTime="2025-07-25T07:35:48.9105220-04:00" endTime="2025-07-25T07:35:48.9105221-04:00" testType="13cdc9d9-ddb5-4fa4-a97d-d965ccfc6d4b" outcome="Passed" testListId="8c84fa94-04c1-424b-9868-57a2d4851a1d" relativeResultsDirectory="9741ab94-f1d9-444f-ad06-67e86da1a32b" />
    <UnitTestResult executionId="40803eee-28e4-4b37-84c0-aa7c03fbdfd2" testId="82250c2d-c3df-ba69-fef4-1a639b38e1e4" testName="JarvisAssistant.UnitTests.Integration.ChatIntegrationTests.VoiceModeManager_ToggleMode_ShouldWork" computerName="BOSGAME-VELQ7" duration="00:00:00.0005901" startTime="2025-07-25T07:35:48.8894512-04:00" endTime="2025-07-25T07:35:48.8894512-04:00" testType="13cdc9d9-ddb5-4fa4-a97d-d965ccfc6d4b" outcome="Passed" testListId="8c84fa94-04c1-424b-9868-57a2d4851a1d" relativeResultsDirectory="40803eee-28e4-4b37-84c0-aa7c03fbdfd2" />
    <UnitTestResult executionId="5f1a7c3f-8272-4143-bd3e-a1d3ad2bcf79" testId="266db7f7-5096-eef5-bd46-2a37c44b4987" testName="JarvisAssistant.UnitTests.Services.LLM.LLMServerFailureTests.GenerateAsync_HttpStatusCodeFailures_ReturnsSpecificErrorCodes(statusCode: BadRequest, errorDescription: &quot;Bad request&quot;)" computerName="BOSGAME-VELQ7" duration="00:00:00.0017720" startTime="2025-07-25T07:35:49.0280981-04:00" endTime="2025-07-25T07:35:49.0280983-04:00" testType="13cdc9d9-ddb5-4fa4-a97d-d965ccfc6d4b" outcome="Passed" testListId="8c84fa94-04c1-424b-9868-57a2d4851a1d" relativeResultsDirectory="5f1a7c3f-8272-4143-bd3e-a1d3ad2bcf79" />
    <UnitTestResult executionId="f92db957-4c59-4ae4-9966-093bb2a734fb" testId="b2532d81-b7f0-2548-586d-3f2c749cf09b" testName="JarvisAssistant.UnitTests.Voice.VoiceCommandProcessorTests.ClassifyCommandAsync_WithValidCommands_ClassifiesCorrectly(commandText: &quot;status check&quot;, expectedType: Status)" computerName="BOSGAME-VELQ7" duration="00:00:00.0002023" startTime="2025-07-25T07:35:48.9107671-04:00" endTime="2025-07-25T07:35:48.9107672-04:00" testType="13cdc9d9-ddb5-4fa4-a97d-d965ccfc6d4b" outcome="Passed" testListId="8c84fa94-04c1-424b-9868-57a2d4851a1d" relativeResultsDirectory="f92db957-4c59-4ae4-9966-093bb2a734fb" />
    <UnitTestResult executionId="117a20c3-9790-4fc3-bb61-df6f66e0b9db" testId="b1d7b357-2e45-3194-86cc-0d35f030fe58" testName="JarvisAssistant.UnitTests.UI.MAUIStatusPanelUITests.StatusPanel_Layout_ShouldNotBlockMainPageInput" computerName="BOSGAME-VELQ7" duration="00:00:00.0004911" startTime="2025-07-25T07:35:49.1335962-04:00" endTime="2025-07-25T07:35:49.1335963-04:00" testType="13cdc9d9-ddb5-4fa4-a97d-d965ccfc6d4b" outcome="Passed" testListId="8c84fa94-04c1-424b-9868-57a2d4851a1d" relativeResultsDirectory="117a20c3-9790-4fc3-bb61-df6f66e0b9db" />
    <UnitTestResult executionId="f5accdde-9341-4627-a60b-e24b11280728" testId="884e8e4e-f2c1-65ed-7767-65c9d45e9169" testName="JarvisAssistant.UnitTests.Voice.VoiceModeManagerTests.ActivationMode_BasedOnPlatform_ConfiguredCorrectly(platform: AndroidTV, expectedMode: AlwaysOn)" computerName="BOSGAME-VELQ7" duration="00:00:00.0001520" startTime="2025-07-25T07:35:49.1830802-04:00" endTime="2025-07-25T07:35:49.1830804-04:00" testType="13cdc9d9-ddb5-4fa4-a97d-d965ccfc6d4b" outcome="Passed" testListId="8c84fa94-04c1-424b-9868-57a2d4851a1d" relativeResultsDirectory="f5accdde-9341-4627-a60b-e24b11280728" />
    <UnitTestResult executionId="f2a31d22-df0a-48e8-92d5-e03ef93fc3d3" testId="f16e9d61-57bb-89d5-6c32-fe543fe37634" testName="JarvisAssistant.UnitTests.Services.AudioCacheServiceTests.GetCachedAudioAsync_WithCachedData_ReturnsAudio" computerName="BOSGAME-VELQ7" duration="00:00:00.0113746" startTime="2025-07-25T07:35:48.9747635-04:00" endTime="2025-07-25T07:35:48.9747636-04:00" testType="13cdc9d9-ddb5-4fa4-a97d-d965ccfc6d4b" outcome="Passed" testListId="8c84fa94-04c1-424b-9868-57a2d4851a1d" relativeResultsDirectory="f2a31d22-df0a-48e8-92d5-e03ef93fc3d3" />
    <UnitTestResult executionId="5ec4681c-dcfd-40a9-a381-3e2abc2b7a08" testId="db7a20d5-f607-1531-05dc-6488700c6b75" testName="JarvisAssistant.UnitTests.Services.ServiceHealthCheckerTests.CheckServiceHealthAsync_WithUnregisteredService_ReturnsErrorStatus" computerName="BOSGAME-VELQ7" duration="00:00:00.0003265" startTime="2025-07-25T07:35:49.9919439-04:00" endTime="2025-07-25T07:35:49.9919440-04:00" testType="13cdc9d9-ddb5-4fa4-a97d-d965ccfc6d4b" outcome="Passed" testListId="8c84fa94-04c1-424b-9868-57a2d4851a1d" relativeResultsDirectory="5ec4681c-dcfd-40a9-a381-3e2abc2b7a08" />
    <UnitTestResult executionId="0efb345d-cf3b-4388-9a35-b51c5b091c3c" testId="9bf9a7e3-43ce-f319-9ea4-a4ba0bb6f191" testName="JarvisAssistant.UnitTests.Integration.LLMServiceIntegrationTests.SendMessageAsync_PersonalityConsistency_MaintainsJarvisCharacter" computerName="BOSGAME-VELQ7" duration="00:00:00.0144078" startTime="2025-07-25T07:35:49.8701777-04:00" endTime="2025-07-25T07:35:49.8701780-04:00" testType="13cdc9d9-ddb5-4fa4-a97d-d965ccfc6d4b" outcome="Passed" testListId="8c84fa94-04c1-424b-9868-57a2d4851a1d" relativeResultsDirectory="0efb345d-cf3b-4388-9a35-b51c5b091c3c" />
    <UnitTestResult executionId="5100ab57-9c82-47b0-af30-c872686155d3" testId="7e52206a-2dbe-360a-1a47-1b77a107e903" testName="JarvisAssistant.UnitTests.Core.Models.ChatMessageCoreTests.TypeProperties_ShouldReturnCorrectValues(type: Voice, isCode: False, isError: False, isVoice: True)" computerName="BOSGAME-VELQ7" duration="00:00:00.0025171" startTime="2025-07-25T07:35:48.8665253-04:00" endTime="2025-07-25T07:35:48.8665254-04:00" testType="13cdc9d9-ddb5-4fa4-a97d-d965ccfc6d4b" outcome="Passed" testListId="8c84fa94-04c1-424b-9868-57a2d4851a1d" relativeResultsDirectory="5100ab57-9c82-47b0-af30-c872686155d3" />
    <UnitTestResult executionId="4b88c6c3-26cb-4580-8c31-e6c9186a632c" testId="1cd747e0-9621-0155-d4e0-e7a9ec8198cb" testName="JarvisAssistant.UnitTests.Services.LLM.LLMErrorHandlerTests.ProcessException_TaskCanceledException_WithTimeoutInner_ReturnsTimeoutError" computerName="BOSGAME-VELQ7" duration="00:00:00.0002232" startTime="2025-07-25T07:35:48.9245358-04:00" endTime="2025-07-25T07:35:48.9245358-04:00" testType="13cdc9d9-ddb5-4fa4-a97d-d965ccfc6d4b" outcome="Passed" testListId="8c84fa94-04c1-424b-9868-57a2d4851a1d" relativeResultsDirectory="4b88c6c3-26cb-4580-8c31-e6c9186a632c" />
    <UnitTestResult executionId="4d00b6bd-337e-401c-9958-8db33117169e" testId="b5049a75-b836-c765-0943-f002e5a56e80" testName="JarvisAssistant.UnitTests.Services.ThemeManagerTests.ThemePreferencePersistence_ShouldWorkAcrossMultipleSavesAndLoads" computerName="BOSGAME-VELQ7" duration="00:00:00.0030709" startTime="2025-07-25T07:35:48.9693739-04:00" endTime="2025-07-25T07:35:48.9693741-04:00" testType="13cdc9d9-ddb5-4fa4-a97d-d965ccfc6d4b" outcome="Passed" testListId="8c84fa94-04c1-424b-9868-57a2d4851a1d" relativeResultsDirectory="4d00b6bd-337e-401c-9958-8db33117169e" />
    <UnitTestResult executionId="89891994-eaa7-4111-b1e2-800ed7e0806a" testId="2b621146-9a95-4aaf-2e5a-ebb31e82004d" testName="JarvisAssistant.UnitTests.Services.MauiThemeManagerTests.AvailableThemes_ForAndroidTV_ShouldIncludeTVTheme" computerName="BOSGAME-VELQ7" duration="00:00:00.0005171" startTime="2025-07-25T07:35:48.9719311-04:00" endTime="2025-07-25T07:35:48.9719312-04:00" testType="13cdc9d9-ddb5-4fa4-a97d-d965ccfc6d4b" outcome="Passed" testListId="8c84fa94-04c1-424b-9868-57a2d4851a1d" relativeResultsDirectory="89891994-eaa7-4111-b1e2-800ed7e0806a" />
    <UnitTestResult executionId="9c3820a7-34ac-4054-b402-c6fc61eb5295" testId="a6ff64d9-e4f7-3ad8-6960-f6157f40d8b7" testName="JarvisAssistant.UnitTests.Services.ThemeManagerTests.LoadThemePreferenceAsync_WithoutPreviousSave_ShouldReturnSystemDefault" computerName="BOSGAME-VELQ7" duration="00:00:00.0006483" startTime="2025-07-25T07:35:48.9712147-04:00" endTime="2025-07-25T07:35:48.9712148-04:00" testType="13cdc9d9-ddb5-4fa4-a97d-d965ccfc6d4b" outcome="Passed" testListId="8c84fa94-04c1-424b-9868-57a2d4851a1d" relativeResultsDirectory="9c3820a7-34ac-4054-b402-c6fc61eb5295" />
    <UnitTestResult executionId="33d62e31-709c-4773-8c02-2e42d6585d5f" testId="a4d46664-65c8-469a-5630-a6f0c896fd8e" testName="JarvisAssistant.UnitTests.Voice.VoiceCommandProcessorTests.ProcessCommandAsync_WithInvalidCommand_ReturnsErrorResult" computerName="BOSGAME-VELQ7" duration="00:00:00.0003582" startTime="2025-07-25T07:35:49.3608708-04:00" endTime="2025-07-25T07:35:49.3608708-04:00" testType="13cdc9d9-ddb5-4fa4-a97d-d965ccfc6d4b" outcome="Passed" testListId="8c84fa94-04c1-424b-9868-57a2d4851a1d" relativeResultsDirectory="33d62e31-709c-4773-8c02-2e42d6585d5f" />
    <UnitTestResult executionId="e13fdf23-8bf2-4309-bf72-134ab3600b81" testId="7b749f72-e5f8-1707-5f4a-54faea7fcd57" testName="JarvisAssistant.UnitTests.Services.LLM.LLMErrorHandlerTests.ProcessException_HttpRequestException_SslFailure_ReturnsCorrectErrorCode(exceptionMessage: &quot;Certificate validation failed&quot;, expectedErrorCode: &quot;LLM-CONN-005&quot;)" computerName="BOSGAME-VELQ7" duration="00:00:00.0003155" startTime="2025-07-25T07:35:48.9297966-04:00" endTime="2025-07-25T07:35:48.9297967-04:00" testType="13cdc9d9-ddb5-4fa4-a97d-d965ccfc6d4b" outcome="Passed" testListId="8c84fa94-04c1-424b-9868-57a2d4851a1d" relativeResultsDirectory="e13fdf23-8bf2-4309-bf72-134ab3600b81" />
    <UnitTestResult executionId="1353811c-8a5e-4581-a6fc-4fe875f9f888" testId="de2012bf-c05b-1eaa-18d1-af6c93e3e429" testName="JarvisAssistant.UnitTests.UI.MAUIMainPageUITests.StatusPanel_Commands_ShouldExecute" computerName="BOSGAME-VELQ7" duration="00:00:00.0486428" startTime="2025-07-25T07:35:49.0530708-04:00" endTime="2025-07-25T07:35:49.0530710-04:00" testType="13cdc9d9-ddb5-4fa4-a97d-d965ccfc6d4b" outcome="Passed" testListId="8c84fa94-04c1-424b-9868-57a2d4851a1d" relativeResultsDirectory="1353811c-8a5e-4581-a6fc-4fe875f9f888" />
  </Results>
  <TestDefinitions>
    <UnitTest name="JarvisAssistant.UnitTests.Services.ElevenLabsVoiceServiceTests.GenerateSpeechAsync_EnhancesTextForJarvis" storage="c:\users\bruce\source\repos\jarvis assistant mk2\jarvisassistant.unittests\bin\debug\net8.0\jarvisassistant.unittests.dll" id="02554681-fc86-0429-84cd-fe0d1cd35d48">
      <Execution id="b7466b0e-5da5-4bea-bb15-e4bdbe97acd7" />
      <TestMethod codeBase="c:\Users\Bruce\source\repos\Jarvis Assistant MK2\JarvisAssistant.UnitTests\bin\Debug\net8.0\JarvisAssistant.UnitTests.dll" adapterTypeName="executor://xunit/VsTestRunner2/netcoreapp" className="JarvisAssistant.UnitTests.Services.ElevenLabsVoiceServiceTests" name="GenerateSpeechAsync_EnhancesTextForJarvis" />
    </UnitTest>
    <UnitTest name="JarvisAssistant.UnitTests.Services.PlatformServiceTests.SupportsMultiPanel_ShouldReturnExpectedValueForPlatform(platform: MacOS, expected: True)" storage="c:\users\bruce\source\repos\jarvis assistant mk2\jarvisassistant.unittests\bin\debug\net8.0\jarvisassistant.unittests.dll" id="413b47af-786f-22f3-0af3-393b3690d76d">
      <Execution id="5ac71e0f-1480-49de-9f71-3517a100c144" />
      <TestMethod codeBase="c:\Users\Bruce\source\repos\Jarvis Assistant MK2\JarvisAssistant.UnitTests\bin\Debug\net8.0\JarvisAssistant.UnitTests.dll" adapterTypeName="executor://xunit/VsTestRunner2/netcoreapp" className="JarvisAssistant.UnitTests.Services.PlatformServiceTests" name="SupportsMultiPanel_ShouldReturnExpectedValueForPlatform" />
    </UnitTest>
    <UnitTest name="JarvisAssistant.UnitTests.Services.ThemeManagerTests.AvailableThemes_WithWindowsPlatform_ShouldIncludeDesktop" storage="c:\users\bruce\source\repos\jarvis assistant mk2\jarvisassistant.unittests\bin\debug\net8.0\jarvisassistant.unittests.dll" id="6cb10b0c-27fc-38ba-9968-56143fa03cc4">
      <Execution id="c36ebda4-4292-4774-95ec-a160ba16f12a" />
      <TestMethod codeBase="c:\Users\Bruce\source\repos\Jarvis Assistant MK2\JarvisAssistant.UnitTests\bin\Debug\net8.0\JarvisAssistant.UnitTests.dll" adapterTypeName="executor://xunit/VsTestRunner2/netcoreapp" className="JarvisAssistant.UnitTests.Services.ThemeManagerTests" name="AvailableThemes_WithWindowsPlatform_ShouldIncludeDesktop" />
    </UnitTest>
    <UnitTest name="JarvisAssistant.UnitTests.Integration.LiveOllamaConnectionTests.LiveConnection_CheckSpecificModel_ShouldReportAvailability(modelName: &quot;deepseek-coder&quot;)" storage="c:\users\bruce\source\repos\jarvis assistant mk2\jarvisassistant.unittests\bin\debug\net8.0\jarvisassistant.unittests.dll" id="796b9315-66c0-25f8-e99d-6066a623f0a3">
      <Execution id="d186f167-5f0d-4379-9289-669d21348c6c" />
      <TestMethod codeBase="c:\Users\Bruce\source\repos\Jarvis Assistant MK2\JarvisAssistant.UnitTests\bin\Debug\net8.0\JarvisAssistant.UnitTests.dll" adapterTypeName="executor://xunit/VsTestRunner2/netcoreapp" className="JarvisAssistant.UnitTests.Integration.LiveOllamaConnectionTests" name="LiveConnection_CheckSpecificModel_ShouldReportAvailability" />
    </UnitTest>
    <UnitTest name="JarvisAssistant.UnitTests.Voice.VoiceCommandProcessorTests.UnregisterCommandHandler_WithExistingHandler_RemovesHandler" storage="c:\users\bruce\source\repos\jarvis assistant mk2\jarvisassistant.unittests\bin\debug\net8.0\jarvisassistant.unittests.dll" id="31700039-65a8-4d97-fa05-268c63e4a1ab">
      <Execution id="ae91f4cd-14b1-4ec4-813b-e1e334cc704f" />
      <TestMethod codeBase="c:\Users\Bruce\source\repos\Jarvis Assistant MK2\JarvisAssistant.UnitTests\bin\Debug\net8.0\JarvisAssistant.UnitTests.dll" adapterTypeName="executor://xunit/VsTestRunner2/netcoreapp" className="JarvisAssistant.UnitTests.Voice.VoiceCommandProcessorTests" name="UnregisterCommandHandler_WithExistingHandler_RemovesHandler" />
    </UnitTest>
    <UnitTest name="JarvisAssistant.UnitTests.Services.ThemeManagerTests.AvailableThemes_WithAndroidTV_ShouldIncludeTV" storage="c:\users\bruce\source\repos\jarvis assistant mk2\jarvisassistant.unittests\bin\debug\net8.0\jarvisassistant.unittests.dll" id="b55670de-6656-afb3-c738-3c5201e7bcf0">
      <Execution id="cb0634b8-2ed2-4d18-a7d1-91406a8630c0" />
      <TestMethod codeBase="c:\Users\Bruce\source\repos\Jarvis Assistant MK2\JarvisAssistant.UnitTests\bin\Debug\net8.0\JarvisAssistant.UnitTests.dll" adapterTypeName="executor://xunit/VsTestRunner2/netcoreapp" className="JarvisAssistant.UnitTests.Services.ThemeManagerTests" name="AvailableThemes_WithAndroidTV_ShouldIncludeTV" />
    </UnitTest>
    <UnitTest name="JarvisAssistant.UnitTests.Integration.ChatIntegrationTests.VoiceCommandProcessor_ClassifyCommand_ShouldReturnClassifiedCommand" storage="c:\users\bruce\source\repos\jarvis assistant mk2\jarvisassistant.unittests\bin\debug\net8.0\jarvisassistant.unittests.dll" id="2cbd2bcc-0d18-3d28-7c06-7d2166d72d67">
      <Execution id="37e11f0b-7563-48ce-8a53-14ad3eb57ffb" />
      <TestMethod codeBase="c:\Users\Bruce\source\repos\Jarvis Assistant MK2\JarvisAssistant.UnitTests\bin\Debug\net8.0\JarvisAssistant.UnitTests.dll" adapterTypeName="executor://xunit/VsTestRunner2/netcoreapp" className="JarvisAssistant.UnitTests.Integration.ChatIntegrationTests" name="VoiceCommandProcessor_ClassifyCommand_ShouldReturnClassifiedCommand" />
    </UnitTest>
    <UnitTest name="JarvisAssistant.UnitTests.Services.LLM.LLMErrorHandlerTests.ProcessException_ArgumentException_ReturnsConfigError" storage="c:\users\bruce\source\repos\jarvis assistant mk2\jarvisassistant.unittests\bin\debug\net8.0\jarvisassistant.unittests.dll" id="6a1b7259-7fc6-a518-f550-f255caba3437">
      <Execution id="0338ce96-b109-4a81-9930-1b9dac9d500b" />
      <TestMethod codeBase="c:\Users\Bruce\source\repos\Jarvis Assistant MK2\JarvisAssistant.UnitTests\bin\Debug\net8.0\JarvisAssistant.UnitTests.dll" adapterTypeName="executor://xunit/VsTestRunner2/netcoreapp" className="JarvisAssistant.UnitTests.Services.LLM.LLMErrorHandlerTests" name="ProcessException_ArgumentException_ReturnsConfigError" />
    </UnitTest>
    <UnitTest name="JarvisAssistant.UnitTests.Voice.VoiceCommandModelTests.VoiceCommand_Parameters_CanStoreVariousTypes" storage="c:\users\bruce\source\repos\jarvis assistant mk2\jarvisassistant.unittests\bin\debug\net8.0\jarvisassistant.unittests.dll" id="24ccd913-5d4d-90fe-545f-b4c05d210b3c">
      <Execution id="029d6231-a8dc-4c38-87e8-bf7b6c4e97ec" />
      <TestMethod codeBase="c:\Users\Bruce\source\repos\Jarvis Assistant MK2\JarvisAssistant.UnitTests\bin\Debug\net8.0\JarvisAssistant.UnitTests.dll" adapterTypeName="executor://xunit/VsTestRunner2/netcoreapp" className="JarvisAssistant.UnitTests.Voice.VoiceCommandModelTests" name="VoiceCommand_Parameters_CanStoreVariousTypes" />
    </UnitTest>
    <UnitTest name="JarvisAssistant.UnitTests.Services.LLM.LLMServerFailureTests.GenerateAsync_MaxRetriesExceeded_ThrowsFinalException" storage="c:\users\bruce\source\repos\jarvis assistant mk2\jarvisassistant.unittests\bin\debug\net8.0\jarvisassistant.unittests.dll" id="ad49b445-f9b7-b997-8393-509165183689">
      <Execution id="9cfc60c8-cdb8-4d74-af16-3e5824709bf2" />
      <TestMethod codeBase="c:\Users\Bruce\source\repos\Jarvis Assistant MK2\JarvisAssistant.UnitTests\bin\Debug\net8.0\JarvisAssistant.UnitTests.dll" adapterTypeName="executor://xunit/VsTestRunner2/netcoreapp" className="JarvisAssistant.UnitTests.Services.LLM.LLMServerFailureTests" name="GenerateAsync_MaxRetriesExceeded_ThrowsFinalException" />
    </UnitTest>
    <UnitTest name="JarvisAssistant.UnitTests.Services.LLM.LLMServerFailureTests.GenerateAsync_InvalidJsonResponse_HandlesGracefully" storage="c:\users\bruce\source\repos\jarvis assistant mk2\jarvisassistant.unittests\bin\debug\net8.0\jarvisassistant.unittests.dll" id="063e0b39-8d97-4a33-0b94-f9440d2bb1d6">
      <Execution id="458cb5ea-3df9-4954-bdb1-a63851ffd958" />
      <TestMethod codeBase="c:\Users\Bruce\source\repos\Jarvis Assistant MK2\JarvisAssistant.UnitTests\bin\Debug\net8.0\JarvisAssistant.UnitTests.dll" adapterTypeName="executor://xunit/VsTestRunner2/netcoreapp" className="JarvisAssistant.UnitTests.Services.LLM.LLMServerFailureTests" name="GenerateAsync_InvalidJsonResponse_HandlesGracefully" />
    </UnitTest>
    <UnitTest name="JarvisAssistant.UnitTests.Voice.VoiceCommandProcessorTests.ProcessCommandAsync_WithUnsupportedCommand_ReturnsErrorResult" storage="c:\users\bruce\source\repos\jarvis assistant mk2\jarvisassistant.unittests\bin\debug\net8.0\jarvisassistant.unittests.dll" id="8040537f-0d49-b11e-92f7-047e041515d2">
      <Execution id="f58f5407-6e1d-4cf4-9f6a-0957a341d6d2" />
      <TestMethod codeBase="c:\Users\Bruce\source\repos\Jarvis Assistant MK2\JarvisAssistant.UnitTests\bin\Debug\net8.0\JarvisAssistant.UnitTests.dll" adapterTypeName="executor://xunit/VsTestRunner2/netcoreapp" className="JarvisAssistant.UnitTests.Voice.VoiceCommandProcessorTests" name="ProcessCommandAsync_WithUnsupportedCommand_ReturnsErrorResult" />
    </UnitTest>
    <UnitTest name="JarvisAssistant.UnitTests.Voice.VoiceCommandProcessorTests.ClassifyCommandAsync_WithValidCommands_ClassifiesCorrectly(commandText: &quot;generate code&quot;, expectedType: GenerateCode)" storage="c:\users\bruce\source\repos\jarvis assistant mk2\jarvisassistant.unittests\bin\debug\net8.0\jarvisassistant.unittests.dll" id="cb7bc7e9-8829-34a2-d803-f3fd9c4dbe90">
      <Execution id="61af80c9-b903-4ee0-ab0e-2e688aa92013" />
      <TestMethod codeBase="c:\Users\Bruce\source\repos\Jarvis Assistant MK2\JarvisAssistant.UnitTests\bin\Debug\net8.0\JarvisAssistant.UnitTests.dll" adapterTypeName="executor://xunit/VsTestRunner2/netcoreapp" className="JarvisAssistant.UnitTests.Voice.VoiceCommandProcessorTests" name="ClassifyCommandAsync_WithValidCommands_ClassifiesCorrectly" />
    </UnitTest>
    <UnitTest name="JarvisAssistant.UnitTests.Voice.GoogleTVVoiceHandlerTests.HandleKeyEvent_WithVariousKeyCodes_ReturnsExpectedResult(keyCode: Home, expectedHandled: False)" storage="c:\users\bruce\source\repos\jarvis assistant mk2\jarvisassistant.unittests\bin\debug\net8.0\jarvisassistant.unittests.dll" id="2dcff069-081d-378f-408e-63590cf747c9">
      <Execution id="a0c0d807-7d48-4be7-8ce4-03992e10dfd2" />
      <TestMethod codeBase="c:\Users\Bruce\source\repos\Jarvis Assistant MK2\JarvisAssistant.UnitTests\bin\Debug\net8.0\JarvisAssistant.UnitTests.dll" adapterTypeName="executor://xunit/VsTestRunner2/netcoreapp" className="JarvisAssistant.UnitTests.Voice.GoogleTVVoiceHandlerTests" name="HandleKeyEvent_WithVariousKeyCodes_ReturnsExpectedResult" />
    </UnitTest>
    <UnitTest name="JarvisAssistant.UnitTests.Voice.VoiceCommandProcessorTests.ClassifyCommandAsync_WithValidCommands_ClassifiesCorrectly(commandText: &quot;find something&quot;, expectedType: Search)" storage="c:\users\bruce\source\repos\jarvis assistant mk2\jarvisassistant.unittests\bin\debug\net8.0\jarvisassistant.unittests.dll" id="59e0797c-799f-526e-3cca-a80fe2f90539">
      <Execution id="d505de6a-2bee-4971-9cd6-5b2ed14df23e" />
      <TestMethod codeBase="c:\Users\Bruce\source\repos\Jarvis Assistant MK2\JarvisAssistant.UnitTests\bin\Debug\net8.0\JarvisAssistant.UnitTests.dll" adapterTypeName="executor://xunit/VsTestRunner2/netcoreapp" className="JarvisAssistant.UnitTests.Voice.VoiceCommandProcessorTests" name="ClassifyCommandAsync_WithValidCommands_ClassifiesCorrectly" />
    </UnitTest>
    <UnitTest name="JarvisAssistant.UnitTests.Services.ErrorHandlingServiceTests.ErrorOccurred_Event_ShouldBeRaised" storage="c:\users\bruce\source\repos\jarvis assistant mk2\jarvisassistant.unittests\bin\debug\net8.0\jarvisassistant.unittests.dll" id="25510b9a-f586-96f9-5fe3-06c2aae81e33">
      <Execution id="55dc5658-07e4-450e-84aa-f802fa8bee87" />
      <TestMethod codeBase="c:\Users\Bruce\source\repos\Jarvis Assistant MK2\JarvisAssistant.UnitTests\bin\Debug\net8.0\JarvisAssistant.UnitTests.dll" adapterTypeName="executor://xunit/VsTestRunner2/netcoreapp" className="JarvisAssistant.UnitTests.Services.ErrorHandlingServiceTests" name="ErrorOccurred_Event_ShouldBeRaised" />
    </UnitTest>
    <UnitTest name="JarvisAssistant.UnitTests.Services.PlatformServiceTests.AndroidPlatformThemeMapping_ShouldHandleAllAndroidVariants(platform: Android, isGoogleTV: False, expectedTheme: Mobile)" storage="c:\users\bruce\source\repos\jarvis assistant mk2\jarvisassistant.unittests\bin\debug\net8.0\jarvisassistant.unittests.dll" id="ee31decc-135a-dea7-0015-4325521ad0e0">
      <Execution id="ee2edc76-054f-41cb-992b-366cf03f173b" />
      <TestMethod codeBase="c:\Users\Bruce\source\repos\Jarvis Assistant MK2\JarvisAssistant.UnitTests\bin\Debug\net8.0\JarvisAssistant.UnitTests.dll" adapterTypeName="executor://xunit/VsTestRunner2/netcoreapp" className="JarvisAssistant.UnitTests.Services.PlatformServiceTests" name="AndroidPlatformThemeMapping_ShouldHandleAllAndroidVariants" />
    </UnitTest>
    <UnitTest name="JarvisAssistant.UnitTests.Core.Converters.ConverterLogicTests.VoiceActivityToOpacity_ShouldClampValues(input: 0.10000000000000001, expected: 0.20000000000000001)" storage="c:\users\bruce\source\repos\jarvis assistant mk2\jarvisassistant.unittests\bin\debug\net8.0\jarvisassistant.unittests.dll" id="d5e83932-171b-7770-faa3-8b5e3007e14d">
      <Execution id="72cd8d2b-6edf-4720-a9fe-02ed8e374807" />
      <TestMethod codeBase="c:\Users\Bruce\source\repos\Jarvis Assistant MK2\JarvisAssistant.UnitTests\bin\Debug\net8.0\JarvisAssistant.UnitTests.dll" adapterTypeName="executor://xunit/VsTestRunner2/netcoreapp" className="JarvisAssistant.UnitTests.Core.Converters.ConverterLogicTests" name="VoiceActivityToOpacity_ShouldClampValues" />
    </UnitTest>
    <UnitTest name="JarvisAssistant.UnitTests.Integration.ElevenLabsVoiceIntegrationTests.ServiceRegistration_VoiceServiceIsElevenLabsType" storage="c:\users\bruce\source\repos\jarvis assistant mk2\jarvisassistant.unittests\bin\debug\net8.0\jarvisassistant.unittests.dll" id="91748251-5487-2413-e7fd-5977abc24ef8">
      <Execution id="7be7e88d-38ab-4fc7-a6f6-a22d7bbfbbfa" />
      <TestMethod codeBase="c:\Users\Bruce\source\repos\Jarvis Assistant MK2\JarvisAssistant.UnitTests\bin\Debug\net8.0\JarvisAssistant.UnitTests.dll" adapterTypeName="executor://xunit/VsTestRunner2/netcoreapp" className="JarvisAssistant.UnitTests.Integration.ElevenLabsVoiceIntegrationTests" name="ServiceRegistration_VoiceServiceIsElevenLabsType" />
    </UnitTest>
    <UnitTest name="JarvisAssistant.UnitTests.Services.LLM.OllamaClientTests.GetAvailableModelsAsync_WithValidResponse_ReturnsModelList" storage="c:\users\bruce\source\repos\jarvis assistant mk2\jarvisassistant.unittests\bin\debug\net8.0\jarvisassistant.unittests.dll" id="dc6e608d-b7ae-c33a-8f38-42dfc05dad01">
      <Execution id="c7b3d00e-7100-4bce-a8a4-456931a0f5f8" />
      <TestMethod codeBase="c:\Users\Bruce\source\repos\Jarvis Assistant MK2\JarvisAssistant.UnitTests\bin\Debug\net8.0\JarvisAssistant.UnitTests.dll" adapterTypeName="executor://xunit/VsTestRunner2/netcoreapp" className="JarvisAssistant.UnitTests.Services.LLM.OllamaClientTests" name="GetAvailableModelsAsync_WithValidResponse_ReturnsModelList" />
    </UnitTest>
    <UnitTest name="JarvisAssistant.UnitTests.Services.LLM.PersonalityServiceTests.GetAppropriateAddress_WithNoContext_ReturnsSir" storage="c:\users\bruce\source\repos\jarvis assistant mk2\jarvisassistant.unittests\bin\debug\net8.0\jarvisassistant.unittests.dll" id="1df6f9c6-5dc3-be90-510b-5a19fab43dba">
      <Execution id="91adf98f-bfdb-4815-92c8-a43fc4de1458" />
      <TestMethod codeBase="c:\Users\Bruce\source\repos\Jarvis Assistant MK2\JarvisAssistant.UnitTests\bin\Debug\net8.0\JarvisAssistant.UnitTests.dll" adapterTypeName="executor://xunit/VsTestRunner2/netcoreapp" className="JarvisAssistant.UnitTests.Services.LLM.PersonalityServiceTests" name="GetAppropriateAddress_WithNoContext_ReturnsSir" />
    </UnitTest>
    <UnitTest name="JarvisAssistant.UnitTests.Services.MauiThemeManagerTests.SwitchThemeAsync_SameTheme_ShouldNotTriggerChange" storage="c:\users\bruce\source\repos\jarvis assistant mk2\jarvisassistant.unittests\bin\debug\net8.0\jarvisassistant.unittests.dll" id="c72f9434-ce30-d856-ea0d-57af4e1c870c">
      <Execution id="0143ffdb-e69a-48b6-92af-6b369b0307ce" />
      <TestMethod codeBase="c:\Users\Bruce\source\repos\Jarvis Assistant MK2\JarvisAssistant.UnitTests\bin\Debug\net8.0\JarvisAssistant.UnitTests.dll" adapterTypeName="executor://xunit/VsTestRunner2/netcoreapp" className="JarvisAssistant.UnitTests.Services.MauiThemeManagerTests" name="SwitchThemeAsync_SameTheme_ShouldNotTriggerChange" />
    </UnitTest>
    <UnitTest name="JarvisAssistant.UnitTests.Voice.VoiceCommandProcessorTests.ClassifyCommandAsync_WithValidCommands_ClassifiesCorrectly(commandText: &quot;what's my status&quot;, expectedType: Status)" storage="c:\users\bruce\source\repos\jarvis assistant mk2\jarvisassistant.unittests\bin\debug\net8.0\jarvisassistant.unittests.dll" id="7f1417b7-9e18-f5ef-08fd-e6bafaaead8b">
      <Execution id="7d37b7a0-a186-4391-92e0-0a715ad0a5bf" />
      <TestMethod codeBase="c:\Users\Bruce\source\repos\Jarvis Assistant MK2\JarvisAssistant.UnitTests\bin\Debug\net8.0\JarvisAssistant.UnitTests.dll" adapterTypeName="executor://xunit/VsTestRunner2/netcoreapp" className="JarvisAssistant.UnitTests.Voice.VoiceCommandProcessorTests" name="ClassifyCommandAsync_WithValidCommands_ClassifiesCorrectly" />
    </UnitTest>
    <UnitTest name="JarvisAssistant.UnitTests.Voice.VoiceCommandProcessorTests.ClassifyCommandAsync_WithParameterExtraction_ExtractsParameters" storage="c:\users\bruce\source\repos\jarvis assistant mk2\jarvisassistant.unittests\bin\debug\net8.0\jarvisassistant.unittests.dll" id="cc195bf9-f7dd-b8ce-d706-0315689c3ff0">
      <Execution id="1447cb11-e255-46b1-9835-2f854ae43120" />
      <TestMethod codeBase="c:\Users\Bruce\source\repos\Jarvis Assistant MK2\JarvisAssistant.UnitTests\bin\Debug\net8.0\JarvisAssistant.UnitTests.dll" adapterTypeName="executor://xunit/VsTestRunner2/netcoreapp" className="JarvisAssistant.UnitTests.Voice.VoiceCommandProcessorTests" name="ClassifyCommandAsync_WithParameterExtraction_ExtractsParameters" />
    </UnitTest>
    <UnitTest name="JarvisAssistant.UnitTests.Integration.LLMServiceIntegrationTests.SendMessageAsync_WithRealOllamaInstance_ReturnsJarvisResponse" storage="c:\users\bruce\source\repos\jarvis assistant mk2\jarvisassistant.unittests\bin\debug\net8.0\jarvisassistant.unittests.dll" id="afaae128-74b8-f578-398c-15f39404a608">
      <Execution id="ba779f1b-571c-4a01-bc3a-f342a19575b1" />
      <TestMethod codeBase="c:\Users\Bruce\source\repos\Jarvis Assistant MK2\JarvisAssistant.UnitTests\bin\Debug\net8.0\JarvisAssistant.UnitTests.dll" adapterTypeName="executor://xunit/VsTestRunner2/netcoreapp" className="JarvisAssistant.UnitTests.Integration.LLMServiceIntegrationTests" name="SendMessageAsync_WithRealOllamaInstance_ReturnsJarvisResponse" />
    </UnitTest>
    <UnitTest name="JarvisAssistant.UnitTests.UI.MAUIMainPageUITests.StatusPanel_ShouldNotBlockMainPageButtons" storage="c:\users\bruce\source\repos\jarvis assistant mk2\jarvisassistant.unittests\bin\debug\net8.0\jarvisassistant.unittests.dll" id="6b173897-fbd0-453d-ecf8-2160a652393e">
      <Execution id="e00e7c13-4e32-4f61-8c77-7da056994f94" />
      <TestMethod codeBase="c:\Users\Bruce\source\repos\Jarvis Assistant MK2\JarvisAssistant.UnitTests\bin\Debug\net8.0\JarvisAssistant.UnitTests.dll" adapterTypeName="executor://xunit/VsTestRunner2/netcoreapp" className="JarvisAssistant.UnitTests.UI.MAUIMainPageUITests" name="StatusPanel_ShouldNotBlockMainPageButtons" />
    </UnitTest>
    <UnitTest name="JarvisAssistant.UnitTests.UI.StatusPanelFunctionalityTests.SimulateBackdropTap_WhenExpanded_ShouldCollapse" storage="c:\users\bruce\source\repos\jarvis assistant mk2\jarvisassistant.unittests\bin\debug\net8.0\jarvisassistant.unittests.dll" id="5a66d3c9-3d1a-e5a4-0761-e7a5a6c064ae">
      <Execution id="4bb835cf-5a33-4bf1-8f27-34bc32a19a89" />
      <TestMethod codeBase="c:\Users\Bruce\source\repos\Jarvis Assistant MK2\JarvisAssistant.UnitTests\bin\Debug\net8.0\JarvisAssistant.UnitTests.dll" adapterTypeName="executor://xunit/VsTestRunner2/netcoreapp" className="JarvisAssistant.UnitTests.UI.StatusPanelFunctionalityTests" name="SimulateBackdropTap_WhenExpanded_ShouldCollapse" />
    </UnitTest>
    <UnitTest name="JarvisAssistant.UnitTests.Integration.LLMErrorDiagnosticTests.DiagnosticTest_GenerateCompleteErrorCodeDocumentation" storage="c:\users\bruce\source\repos\jarvis assistant mk2\jarvisassistant.unittests\bin\debug\net8.0\jarvisassistant.unittests.dll" id="6b0d4353-8eb1-a9cc-8a2e-f68a0e4fe2eb">
      <Execution id="aad16fee-d396-41e4-8470-e7f906ae65b4" />
      <TestMethod codeBase="c:\Users\Bruce\source\repos\Jarvis Assistant MK2\JarvisAssistant.UnitTests\bin\Debug\net8.0\JarvisAssistant.UnitTests.dll" adapterTypeName="executor://xunit/VsTestRunner2/netcoreapp" className="JarvisAssistant.UnitTests.Integration.LLMErrorDiagnosticTests" name="DiagnosticTest_GenerateCompleteErrorCodeDocumentation" />
    </UnitTest>
    <UnitTest name="JarvisAssistant.UnitTests.Core.Models.ChatMessageCoreTests.PropertyChanged_ShouldBeRaisedForAllProperties" storage="c:\users\bruce\source\repos\jarvis assistant mk2\jarvisassistant.unittests\bin\debug\net8.0\jarvisassistant.unittests.dll" id="8b5b270a-bed6-897d-a090-9d4fc76192c8">
      <Execution id="03eb372d-7684-4f0e-aa86-cf2596f60320" />
      <TestMethod codeBase="c:\Users\Bruce\source\repos\Jarvis Assistant MK2\JarvisAssistant.UnitTests\bin\Debug\net8.0\JarvisAssistant.UnitTests.dll" adapterTypeName="executor://xunit/VsTestRunner2/netcoreapp" className="JarvisAssistant.UnitTests.Core.Models.ChatMessageCoreTests" name="PropertyChanged_ShouldBeRaisedForAllProperties" />
    </UnitTest>
    <UnitTest name="JarvisAssistant.UnitTests.Services.PlatformServiceInterfaceTests.PlatformType_EnumValues_ShouldBeValid" storage="c:\users\bruce\source\repos\jarvis assistant mk2\jarvisassistant.unittests\bin\debug\net8.0\jarvisassistant.unittests.dll" id="5734d5a3-4f0f-ba8c-e55e-7d2e4acb8119">
      <Execution id="ec297016-e06f-4ebf-852f-bd8a365b34f7" />
      <TestMethod codeBase="c:\Users\Bruce\source\repos\Jarvis Assistant MK2\JarvisAssistant.UnitTests\bin\Debug\net8.0\JarvisAssistant.UnitTests.dll" adapterTypeName="executor://xunit/VsTestRunner2/netcoreapp" className="JarvisAssistant.UnitTests.Services.PlatformServiceInterfaceTests" name="PlatformType_EnumValues_ShouldBeValid" />
    </UnitTest>
    <UnitTest name="JarvisAssistant.UnitTests.UI.StatusPanelFunctionalityTests.ToggleExpanded_WithError_ShouldNotCrash" storage="c:\users\bruce\source\repos\jarvis assistant mk2\jarvisassistant.unittests\bin\debug\net8.0\jarvisassistant.unittests.dll" id="1a670b6b-539b-6105-c6e3-cc5fc72b1f3b">
      <Execution id="28d2cd6a-31e8-485c-9113-eac18498cd5a" />
      <TestMethod codeBase="c:\Users\Bruce\source\repos\Jarvis Assistant MK2\JarvisAssistant.UnitTests\bin\Debug\net8.0\JarvisAssistant.UnitTests.dll" adapterTypeName="executor://xunit/VsTestRunner2/netcoreapp" className="JarvisAssistant.UnitTests.UI.StatusPanelFunctionalityTests" name="ToggleExpanded_WithError_ShouldNotCrash" />
    </UnitTest>
    <UnitTest name="JarvisAssistant.UnitTests.Voice.VoiceCommandModelTests.VoiceCommandType_AllValues_AreValid(type: Analyze)" storage="c:\users\bruce\source\repos\jarvis assistant mk2\jarvisassistant.unittests\bin\debug\net8.0\jarvisassistant.unittests.dll" id="935c3690-6521-3990-71dd-cf1ba347f74f">
      <Execution id="304e7217-1dab-4eb6-8b83-5cb15bded1f3" />
      <TestMethod codeBase="c:\Users\Bruce\source\repos\Jarvis Assistant MK2\JarvisAssistant.UnitTests\bin\Debug\net8.0\JarvisAssistant.UnitTests.dll" adapterTypeName="executor://xunit/VsTestRunner2/netcoreapp" className="JarvisAssistant.UnitTests.Voice.VoiceCommandModelTests" name="VoiceCommandType_AllValues_AreValid" />
    </UnitTest>
    <UnitTest name="JarvisAssistant.UnitTests.Services.MauiThemeManagerTests.SwitchThemeAsync_AllThemes_ShouldSucceed(theme: Dark)" storage="c:\users\bruce\source\repos\jarvis assistant mk2\jarvisassistant.unittests\bin\debug\net8.0\jarvisassistant.unittests.dll" id="f37bbfcd-d968-1733-5278-1b497cbd65f9">
      <Execution id="b0f03290-59ff-414a-a285-2020373d7fa7" />
      <TestMethod codeBase="c:\Users\Bruce\source\repos\Jarvis Assistant MK2\JarvisAssistant.UnitTests\bin\Debug\net8.0\JarvisAssistant.UnitTests.dll" adapterTypeName="executor://xunit/VsTestRunner2/netcoreapp" className="JarvisAssistant.UnitTests.Services.MauiThemeManagerTests" name="SwitchThemeAsync_AllThemes_ShouldSucceed" />
    </UnitTest>
    <UnitTest name="JarvisAssistant.UnitTests.UI.StatusPanelFunctionalityTests.StatusSummary_ShouldShowOfflineServicesCount" storage="c:\users\bruce\source\repos\jarvis assistant mk2\jarvisassistant.unittests\bin\debug\net8.0\jarvisassistant.unittests.dll" id="6522c56a-593b-0497-8dc2-7ab2c1765af3">
      <Execution id="b80f061f-632a-47b7-8e0b-dd3899bb1837" />
      <TestMethod codeBase="c:\Users\Bruce\source\repos\Jarvis Assistant MK2\JarvisAssistant.UnitTests\bin\Debug\net8.0\JarvisAssistant.UnitTests.dll" adapterTypeName="executor://xunit/VsTestRunner2/netcoreapp" className="JarvisAssistant.UnitTests.UI.StatusPanelFunctionalityTests" name="StatusSummary_ShouldShowOfflineServicesCount" />
    </UnitTest>
    <UnitTest name="JarvisAssistant.UnitTests.Core.Converters.ConverterLogicTests.MessageTypeToIcon_ShouldReturnCorrectIcons(messageType: Voice, expectedIcon: &quot;??&quot;)" storage="c:\users\bruce\source\repos\jarvis assistant mk2\jarvisassistant.unittests\bin\debug\net8.0\jarvisassistant.unittests.dll" id="70111f90-4dc2-6e68-90f3-5e034ffed69e">
      <Execution id="b52ec93d-0eed-4c0f-92fd-7ec779378143" />
      <TestMethod codeBase="c:\Users\Bruce\source\repos\Jarvis Assistant MK2\JarvisAssistant.UnitTests\bin\Debug\net8.0\JarvisAssistant.UnitTests.dll" adapterTypeName="executor://xunit/VsTestRunner2/netcoreapp" className="JarvisAssistant.UnitTests.Core.Converters.ConverterLogicTests" name="MessageTypeToIcon_ShouldReturnCorrectIcons" />
    </UnitTest>
    <UnitTest name="JarvisAssistant.UnitTests.UI.MAUIMainPageUITests.StartChatBtn_TapGesture_ShouldTriggerNavigation" storage="c:\users\bruce\source\repos\jarvis assistant mk2\jarvisassistant.unittests\bin\debug\net8.0\jarvisassistant.unittests.dll" id="8968161b-9071-a220-ad10-32b0dee75edc">
      <Execution id="edff7dfc-0b73-4f32-a743-480aa28df744" />
      <TestMethod codeBase="c:\Users\Bruce\source\repos\Jarvis Assistant MK2\JarvisAssistant.UnitTests\bin\Debug\net8.0\JarvisAssistant.UnitTests.dll" adapterTypeName="executor://xunit/VsTestRunner2/netcoreapp" className="JarvisAssistant.UnitTests.UI.MAUIMainPageUITests" name="StartChatBtn_TapGesture_ShouldTriggerNavigation" />
    </UnitTest>
    <UnitTest name="JarvisAssistant.UnitTests.Core.Models.ChatMessageCoreTests.Constructor_WithParameters_ShouldSetValues" storage="c:\users\bruce\source\repos\jarvis assistant mk2\jarvisassistant.unittests\bin\debug\net8.0\jarvisassistant.unittests.dll" id="9857718f-58f7-e92f-1ec2-44e7dcbec4a9">
      <Execution id="97841e5c-2f83-4ac2-a215-cc21521645fe" />
      <TestMethod codeBase="c:\Users\Bruce\source\repos\Jarvis Assistant MK2\JarvisAssistant.UnitTests\bin\Debug\net8.0\JarvisAssistant.UnitTests.dll" adapterTypeName="executor://xunit/VsTestRunner2/netcoreapp" className="JarvisAssistant.UnitTests.Core.Models.ChatMessageCoreTests" name="Constructor_WithParameters_ShouldSetValues" />
    </UnitTest>
    <UnitTest name="JarvisAssistant.UnitTests.Services.LLM.PersonalityServiceTests.GetContextualGreeting_WithValidQueryType_ReturnsGreeting(queryType: Mathematical)" storage="c:\users\bruce\source\repos\jarvis assistant mk2\jarvisassistant.unittests\bin\debug\net8.0\jarvisassistant.unittests.dll" id="efe80f7c-8c8b-7258-9cec-51675d2064cb">
      <Execution id="59bdbebb-3cfb-4a74-9a5a-c6016e5c5743" />
      <TestMethod codeBase="c:\Users\Bruce\source\repos\Jarvis Assistant MK2\JarvisAssistant.UnitTests\bin\Debug\net8.0\JarvisAssistant.UnitTests.dll" adapterTypeName="executor://xunit/VsTestRunner2/netcoreapp" className="JarvisAssistant.UnitTests.Services.LLM.PersonalityServiceTests" name="GetContextualGreeting_WithValidQueryType_ReturnsGreeting" />
    </UnitTest>
    <UnitTest name="JarvisAssistant.UnitTests.Services.LLM.LLMErrorHandlerTests.ProcessException_HttpRequestException_RateLimit_ReturnsCorrectErrorCode(exceptionMessage: &quot;Too many requests&quot;, expectedErrorCode: &quot;LLM-HTTP-429-001&quot;)" storage="c:\users\bruce\source\repos\jarvis assistant mk2\jarvisassistant.unittests\bin\debug\net8.0\jarvisassistant.unittests.dll" id="8472782a-9f13-7933-7844-ef438e631559">
      <Execution id="29af7fb5-aa99-4720-824f-5fa2cf8b0436" />
      <TestMethod codeBase="c:\Users\Bruce\source\repos\Jarvis Assistant MK2\JarvisAssistant.UnitTests\bin\Debug\net8.0\JarvisAssistant.UnitTests.dll" adapterTypeName="executor://xunit/VsTestRunner2/netcoreapp" className="JarvisAssistant.UnitTests.Services.LLM.LLMErrorHandlerTests" name="ProcessException_HttpRequestException_RateLimit_ReturnsCorrectErrorCode" />
    </UnitTest>
    <UnitTest name="JarvisAssistant.UnitTests.Voice.ElevenLabsAudibleTests.ElevenLabs_GenerateAndPlayAudio_10Seconds" storage="c:\users\bruce\source\repos\jarvis assistant mk2\jarvisassistant.unittests\bin\debug\net8.0\jarvisassistant.unittests.dll" id="d6985ab5-1a4b-1556-abcc-beb1a25668ba">
      <Execution id="da695492-1168-4362-8350-51fc0633e076" />
      <TestMethod codeBase="c:\Users\Bruce\source\repos\Jarvis Assistant MK2\JarvisAssistant.UnitTests\bin\Debug\net8.0\JarvisAssistant.UnitTests.dll" adapterTypeName="executor://xunit/VsTestRunner2/netcoreapp" className="JarvisAssistant.UnitTests.Voice.ElevenLabsAudibleTests" name="ElevenLabs_GenerateAndPlayAudio_10Seconds" />
    </UnitTest>
    <UnitTest name="JarvisAssistant.UnitTests.Services.PlatformServiceTests.SupportsVoiceInput_ShouldReturnTrueForModernPlatforms(platform: Android, expected: True)" storage="c:\users\bruce\source\repos\jarvis assistant mk2\jarvisassistant.unittests\bin\debug\net8.0\jarvisassistant.unittests.dll" id="01b3ac71-a5d7-50f2-2830-b39bac72070d">
      <Execution id="6c7670ed-4f05-4605-be4d-c978b34892ac" />
      <TestMethod codeBase="c:\Users\Bruce\source\repos\Jarvis Assistant MK2\JarvisAssistant.UnitTests\bin\Debug\net8.0\JarvisAssistant.UnitTests.dll" adapterTypeName="executor://xunit/VsTestRunner2/netcoreapp" className="JarvisAssistant.UnitTests.Services.PlatformServiceTests" name="SupportsVoiceInput_ShouldReturnTrueForModernPlatforms" />
    </UnitTest>
    <UnitTest name="JarvisAssistant.UnitTests.Integration.ElevenLabsServiceExtensionsTests.AddVoiceServiceWithFallback_WithoutApiKey_UsesStubService" storage="c:\users\bruce\source\repos\jarvis assistant mk2\jarvisassistant.unittests\bin\debug\net8.0\jarvisassistant.unittests.dll" id="be9930f5-7771-e97b-8345-ac62b498fdb0">
      <Execution id="4f436466-050c-48e6-9b89-58e62eefcc91" />
      <TestMethod codeBase="c:\Users\Bruce\source\repos\Jarvis Assistant MK2\JarvisAssistant.UnitTests\bin\Debug\net8.0\JarvisAssistant.UnitTests.dll" adapterTypeName="executor://xunit/VsTestRunner2/netcoreapp" className="JarvisAssistant.UnitTests.Integration.ElevenLabsServiceExtensionsTests" name="AddVoiceServiceWithFallback_WithoutApiKey_UsesStubService" />
    </UnitTest>
    <UnitTest name="JarvisAssistant.UnitTests.UI.MAUIStatusPanelUITests.StatusPanel_ServiceIcons_ShouldReflectState" storage="c:\users\bruce\source\repos\jarvis assistant mk2\jarvisassistant.unittests\bin\debug\net8.0\jarvisassistant.unittests.dll" id="c5f3ef08-0176-c058-0eed-f37af611157c">
      <Execution id="3f3a06c9-5e6c-4e2d-9bb1-b93c1506ca7f" />
      <TestMethod codeBase="c:\Users\Bruce\source\repos\Jarvis Assistant MK2\JarvisAssistant.UnitTests\bin\Debug\net8.0\JarvisAssistant.UnitTests.dll" adapterTypeName="executor://xunit/VsTestRunner2/netcoreapp" className="JarvisAssistant.UnitTests.UI.MAUIStatusPanelUITests" name="StatusPanel_ServiceIcons_ShouldReflectState" />
    </UnitTest>
    <UnitTest name="JarvisAssistant.UnitTests.Services.AudioCacheServiceTests.GetStatistics_ReturnsCorrectInformation" storage="c:\users\bruce\source\repos\jarvis assistant mk2\jarvisassistant.unittests\bin\debug\net8.0\jarvisassistant.unittests.dll" id="f6e708a1-0ac1-b3fe-6f12-ac2916a243b6">
      <Execution id="bb35fc04-8b8c-46a9-a5f6-2cb718a3b242" />
      <TestMethod codeBase="c:\Users\Bruce\source\repos\Jarvis Assistant MK2\JarvisAssistant.UnitTests\bin\Debug\net8.0\JarvisAssistant.UnitTests.dll" adapterTypeName="executor://xunit/VsTestRunner2/netcoreapp" className="JarvisAssistant.UnitTests.Services.AudioCacheServiceTests" name="GetStatistics_ReturnsCorrectInformation" />
    </UnitTest>
    <UnitTest name="JarvisAssistant.UnitTests.Voice.VoiceCommandModelTests.VoiceCommandType_AllValues_AreValid(type: Navigate)" storage="c:\users\bruce\source\repos\jarvis assistant mk2\jarvisassistant.unittests\bin\debug\net8.0\jarvisassistant.unittests.dll" id="2db9521a-b93b-6fb2-ea2a-eda608c45d96">
      <Execution id="096ff3b2-957e-4351-a365-76a951cf0bf3" />
      <TestMethod codeBase="c:\Users\Bruce\source\repos\Jarvis Assistant MK2\JarvisAssistant.UnitTests\bin\Debug\net8.0\JarvisAssistant.UnitTests.dll" adapterTypeName="executor://xunit/VsTestRunner2/netcoreapp" className="JarvisAssistant.UnitTests.Voice.VoiceCommandModelTests" name="VoiceCommandType_AllValues_AreValid" />
    </UnitTest>
    <UnitTest name="JarvisAssistant.UnitTests.Core.Converters.ConverterLogicTests.BoolToColorHex_ShouldReturnCorrectColors(isConnected: False, expectedColor: &quot;#F44336&quot;)" storage="c:\users\bruce\source\repos\jarvis assistant mk2\jarvisassistant.unittests\bin\debug\net8.0\jarvisassistant.unittests.dll" id="411eb3ac-68cc-3fb6-18e9-fdb2c91274d6">
      <Execution id="aee96962-d7e7-4eb9-8225-dfa9faf7eff9" />
      <TestMethod codeBase="c:\Users\Bruce\source\repos\Jarvis Assistant MK2\JarvisAssistant.UnitTests\bin\Debug\net8.0\JarvisAssistant.UnitTests.dll" adapterTypeName="executor://xunit/VsTestRunner2/netcoreapp" className="JarvisAssistant.UnitTests.Core.Converters.ConverterLogicTests" name="BoolToColorHex_ShouldReturnCorrectColors" />
    </UnitTest>
    <UnitTest name="JarvisAssistant.UnitTests.Voice.VoiceCommandProcessorTests.ProcessCommandAsync_WithCancellation_CancelsGracefully" storage="c:\users\bruce\source\repos\jarvis assistant mk2\jarvisassistant.unittests\bin\debug\net8.0\jarvisassistant.unittests.dll" id="357607df-3a45-10f1-21e5-3a4d661d090d">
      <Execution id="f4b2461d-12df-49a8-8292-38558a2aea5e" />
      <TestMethod codeBase="c:\Users\Bruce\source\repos\Jarvis Assistant MK2\JarvisAssistant.UnitTests\bin\Debug\net8.0\JarvisAssistant.UnitTests.dll" adapterTypeName="executor://xunit/VsTestRunner2/netcoreapp" className="JarvisAssistant.UnitTests.Voice.VoiceCommandProcessorTests" name="ProcessCommandAsync_WithCancellation_CancelsGracefully" />
    </UnitTest>
    <UnitTest name="JarvisAssistant.UnitTests.Services.LLM.IOllamaClientAbstractionTests.IOllamaClient_StreamGenerateAsync_CanBeMocked" storage="c:\users\bruce\source\repos\jarvis assistant mk2\jarvisassistant.unittests\bin\debug\net8.0\jarvisassistant.unittests.dll" id="6a136a94-10c4-e9d7-b66c-26a87d1671f8">
      <Execution id="f097a8c9-76d7-40cc-8c12-c06c6150a202" />
      <TestMethod codeBase="c:\Users\Bruce\source\repos\Jarvis Assistant MK2\JarvisAssistant.UnitTests\bin\Debug\net8.0\JarvisAssistant.UnitTests.dll" adapterTypeName="executor://xunit/VsTestRunner2/netcoreapp" className="JarvisAssistant.UnitTests.Services.LLM.IOllamaClientAbstractionTests" name="IOllamaClient_StreamGenerateAsync_CanBeMocked" />
    </UnitTest>
    <UnitTest name="JarvisAssistant.UnitTests.Voice.VoiceCommandProcessorTests.SupportedCommands_ContainsAllDefaultCommands(commandType: Chat)" storage="c:\users\bruce\source\repos\jarvis assistant mk2\jarvisassistant.unittests\bin\debug\net8.0\jarvisassistant.unittests.dll" id="229c3e89-80ef-d1a9-b62c-b484e9ddb83e">
      <Execution id="bef9f7b7-07d9-4935-873d-2ac84c0d29a3" />
      <TestMethod codeBase="c:\Users\Bruce\source\repos\Jarvis Assistant MK2\JarvisAssistant.UnitTests\bin\Debug\net8.0\JarvisAssistant.UnitTests.dll" adapterTypeName="executor://xunit/VsTestRunner2/netcoreapp" className="JarvisAssistant.UnitTests.Voice.VoiceCommandProcessorTests" name="SupportedCommands_ContainsAllDefaultCommands" />
    </UnitTest>
    <UnitTest name="JarvisAssistant.UnitTests.Integration.ElevenLabsVoiceIntegrationTests.RateLimitService_Integration_WorksCorrectly" storage="c:\users\bruce\source\repos\jarvis assistant mk2\jarvisassistant.unittests\bin\debug\net8.0\jarvisassistant.unittests.dll" id="a12f6316-debc-36a8-7f02-775e0648d19b">
      <Execution id="2078ce06-157c-41e2-a84f-924cbb022f34" />
      <TestMethod codeBase="c:\Users\Bruce\source\repos\Jarvis Assistant MK2\JarvisAssistant.UnitTests\bin\Debug\net8.0\JarvisAssistant.UnitTests.dll" adapterTypeName="executor://xunit/VsTestRunner2/netcoreapp" className="JarvisAssistant.UnitTests.Integration.ElevenLabsVoiceIntegrationTests" name="RateLimitService_Integration_WorksCorrectly" />
    </UnitTest>
    <UnitTest name="JarvisAssistant.UnitTests.UI.InputBlockingRegressionTests.PostFix_AllCommandsShouldBeExecutable" storage="c:\users\bruce\source\repos\jarvis assistant mk2\jarvisassistant.unittests\bin\debug\net8.0\jarvisassistant.unittests.dll" id="8dcb15c5-9ad1-986c-1b41-8024fd9d0cd0">
      <Execution id="20ac20ce-73d4-477c-bc38-772a7149ce3b" />
      <TestMethod codeBase="c:\Users\Bruce\source\repos\Jarvis Assistant MK2\JarvisAssistant.UnitTests\bin\Debug\net8.0\JarvisAssistant.UnitTests.dll" adapterTypeName="executor://xunit/VsTestRunner2/netcoreapp" className="JarvisAssistant.UnitTests.UI.InputBlockingRegressionTests" name="PostFix_AllCommandsShouldBeExecutable" />
    </UnitTest>
    <UnitTest name="JarvisAssistant.UnitTests.Services.LLM.LLMErrorHandlerTests.ProcessException_SocketException_HostNotFound_HasCorrectSuggestion" storage="c:\users\bruce\source\repos\jarvis assistant mk2\jarvisassistant.unittests\bin\debug\net8.0\jarvisassistant.unittests.dll" id="e27d204b-9536-13ab-de08-d6698ddb54e7">
      <Execution id="177d92ef-386a-424f-b64c-ff992f087e9f" />
      <TestMethod codeBase="c:\Users\Bruce\source\repos\Jarvis Assistant MK2\JarvisAssistant.UnitTests\bin\Debug\net8.0\JarvisAssistant.UnitTests.dll" adapterTypeName="executor://xunit/VsTestRunner2/netcoreapp" className="JarvisAssistant.UnitTests.Services.LLM.LLMErrorHandlerTests" name="ProcessException_SocketException_HostNotFound_HasCorrectSuggestion" />
    </UnitTest>
    <UnitTest name="JarvisAssistant.UnitTests.Voice.VoiceCommandModelTests.VoiceCommandType_AllValues_AreValid(type: Status)" storage="c:\users\bruce\source\repos\jarvis assistant mk2\jarvisassistant.unittests\bin\debug\net8.0\jarvisassistant.unittests.dll" id="167edd94-a935-3224-f916-40dafc09e44f">
      <Execution id="e94034f6-2d17-4286-a86e-9d17567e2cb3" />
      <TestMethod codeBase="c:\Users\Bruce\source\repos\Jarvis Assistant MK2\JarvisAssistant.UnitTests\bin\Debug\net8.0\JarvisAssistant.UnitTests.dll" adapterTypeName="executor://xunit/VsTestRunner2/netcoreapp" className="JarvisAssistant.UnitTests.Voice.VoiceCommandModelTests" name="VoiceCommandType_AllValues_AreValid" />
    </UnitTest>
    <UnitTest name="JarvisAssistant.UnitTests.Services.OllamaLLMServiceTests.SendMessageAsync_DetectsCorrectQueryType(message: &quot;how to fix this error&quot;, expectedQueryType: Error)" storage="c:\users\bruce\source\repos\jarvis assistant mk2\jarvisassistant.unittests\bin\debug\net8.0\jarvisassistant.unittests.dll" id="f7c548f1-8b8c-7e41-cbbc-f783abc0c2c2">
      <Execution id="96f6a12f-e553-489a-8408-ed51981ad043" />
      <TestMethod codeBase="c:\Users\Bruce\source\repos\Jarvis Assistant MK2\JarvisAssistant.UnitTests\bin\Debug\net8.0\JarvisAssistant.UnitTests.dll" adapterTypeName="executor://xunit/VsTestRunner2/netcoreapp" className="JarvisAssistant.UnitTests.Services.OllamaLLMServiceTests" name="SendMessageAsync_DetectsCorrectQueryType" />
    </UnitTest>
    <UnitTest name="JarvisAssistant.UnitTests.Services.ThemeManagerTests.AvailableThemes_WithoutPlatformService_ShouldContainBasicThemes" storage="c:\users\bruce\source\repos\jarvis assistant mk2\jarvisassistant.unittests\bin\debug\net8.0\jarvisassistant.unittests.dll" id="a3b57371-d6d0-8a3c-93d1-8b9ea8af5303">
      <Execution id="a82a34ad-8cfc-477a-bd2c-26453cd73b4c" />
      <TestMethod codeBase="c:\Users\Bruce\source\repos\Jarvis Assistant MK2\JarvisAssistant.UnitTests\bin\Debug\net8.0\JarvisAssistant.UnitTests.dll" adapterTypeName="executor://xunit/VsTestRunner2/netcoreapp" className="JarvisAssistant.UnitTests.Services.ThemeManagerTests" name="AvailableThemes_WithoutPlatformService_ShouldContainBasicThemes" />
    </UnitTest>
    <UnitTest name="JarvisAssistant.UnitTests.Services.LLM.LLMErrorHandlerTests.ProcessException_HttpRequestException_SslFailure_ReturnsCorrectErrorCode(exceptionMessage: &quot;Certificate validation failed&quot;, expectedErrorCode: &quot;LLM-CONN-005&quot;)" storage="c:\users\bruce\source\repos\jarvis assistant mk2\jarvisassistant.unittests\bin\debug\net8.0\jarvisassistant.unittests.dll" id="7b749f72-e5f8-1707-5f4a-54faea7fcd57">
      <Execution id="e13fdf23-8bf2-4309-bf72-134ab3600b81" />
      <TestMethod codeBase="c:\Users\Bruce\source\repos\Jarvis Assistant MK2\JarvisAssistant.UnitTests\bin\Debug\net8.0\JarvisAssistant.UnitTests.dll" adapterTypeName="executor://xunit/VsTestRunner2/netcoreapp" className="JarvisAssistant.UnitTests.Services.LLM.LLMErrorHandlerTests" name="ProcessException_HttpRequestException_SslFailure_ReturnsCorrectErrorCode" />
    </UnitTest>
    <UnitTest name="JarvisAssistant.UnitTests.UI.MAUIUIIntegrationTests.Platform_StatusPanel_ShouldWorkOnAllPlatforms(platform: &quot;Tizen&quot;)" storage="c:\users\bruce\source\repos\jarvis assistant mk2\jarvisassistant.unittests\bin\debug\net8.0\jarvisassistant.unittests.dll" id="dfd9ae71-b3de-06fd-2c9c-1e271b2ef13a">
      <Execution id="10cb80b1-563a-4089-9f45-cc43b8508904" />
      <TestMethod codeBase="c:\Users\Bruce\source\repos\Jarvis Assistant MK2\JarvisAssistant.UnitTests\bin\Debug\net8.0\JarvisAssistant.UnitTests.dll" adapterTypeName="executor://xunit/VsTestRunner2/netcoreapp" className="JarvisAssistant.UnitTests.UI.MAUIUIIntegrationTests" name="Platform_StatusPanel_ShouldWorkOnAllPlatforms" />
    </UnitTest>
    <UnitTest name="JarvisAssistant.UnitTests.Integration.VoiceConfigurationTests.ElevenLabsConfig_IsValid_WithInvalidConfig_ReturnsFalse(apiKey: &quot;&quot;, voiceId: &quot;voice&quot;, baseUrl: &quot;https://api.elevenlabs.io&quot;, timeoutSeconds: 30, maxRetryAttempts: 3, expected: False)" storage="c:\users\bruce\source\repos\jarvis assistant mk2\jarvisassistant.unittests\bin\debug\net8.0\jarvisassistant.unittests.dll" id="6a01d3d8-cfa2-6c2f-974e-45b2fa40bd41">
      <Execution id="827e8bd5-e99b-4886-8c33-1bbcb0ccd4d5" />
      <TestMethod codeBase="c:\Users\Bruce\source\repos\Jarvis Assistant MK2\JarvisAssistant.UnitTests\bin\Debug\net8.0\JarvisAssistant.UnitTests.dll" adapterTypeName="executor://xunit/VsTestRunner2/netcoreapp" className="JarvisAssistant.UnitTests.Integration.VoiceConfigurationTests" name="ElevenLabsConfig_IsValid_WithInvalidConfig_ReturnsFalse" />
    </UnitTest>
    <UnitTest name="JarvisAssistant.UnitTests.Integration.LLMServiceIntegrationTests.SendMessageAsync_WithDifferentQueryTypes_ReturnsAppropriateResponses(message: &quot;Write a function to sort an array&quot;, expectedQueryType: Code)" storage="c:\users\bruce\source\repos\jarvis assistant mk2\jarvisassistant.unittests\bin\debug\net8.0\jarvisassistant.unittests.dll" id="61222723-6335-0d59-bdc0-7baf8402f924">
      <Execution id="2e0bedc9-8607-4275-9c01-737d334d2cca" />
      <TestMethod codeBase="c:\Users\Bruce\source\repos\Jarvis Assistant MK2\JarvisAssistant.UnitTests\bin\Debug\net8.0\JarvisAssistant.UnitTests.dll" adapterTypeName="executor://xunit/VsTestRunner2/netcoreapp" className="JarvisAssistant.UnitTests.Integration.LLMServiceIntegrationTests" name="SendMessageAsync_WithDifferentQueryTypes_ReturnsAppropriateResponses" />
    </UnitTest>
    <UnitTest name="JarvisAssistant.UnitTests.Core.Converters.ConverterLogicTests.BoolToColorHex_ShouldReturnCorrectColors(isConnected: True, expectedColor: &quot;#4CAF50&quot;)" storage="c:\users\bruce\source\repos\jarvis assistant mk2\jarvisassistant.unittests\bin\debug\net8.0\jarvisassistant.unittests.dll" id="da3f0dcf-4fec-12b2-a3f9-7f88f10a9299">
      <Execution id="f0e11454-9609-497f-b108-a1f42130168f" />
      <TestMethod codeBase="c:\Users\Bruce\source\repos\Jarvis Assistant MK2\JarvisAssistant.UnitTests\bin\Debug\net8.0\JarvisAssistant.UnitTests.dll" adapterTypeName="executor://xunit/VsTestRunner2/netcoreapp" className="JarvisAssistant.UnitTests.Core.Converters.ConverterLogicTests" name="BoolToColorHex_ShouldReturnCorrectColors" />
    </UnitTest>
    <UnitTest name="JarvisAssistant.UnitTests.Services.ThemeManagerTests.SwitchThemeAsync_ValidTheme_ShouldUpdateCurrentTheme" storage="c:\users\bruce\source\repos\jarvis assistant mk2\jarvisassistant.unittests\bin\debug\net8.0\jarvisassistant.unittests.dll" id="1edfa9d3-9341-61e7-5384-a56e4d9c940b">
      <Execution id="1d33bacb-d68b-47ab-9e71-b4f4ffa54bca" />
      <TestMethod codeBase="c:\Users\Bruce\source\repos\Jarvis Assistant MK2\JarvisAssistant.UnitTests\bin\Debug\net8.0\JarvisAssistant.UnitTests.dll" adapterTypeName="executor://xunit/VsTestRunner2/netcoreapp" className="JarvisAssistant.UnitTests.Services.ThemeManagerTests" name="SwitchThemeAsync_ValidTheme_ShouldUpdateCurrentTheme" />
    </UnitTest>
    <UnitTest name="JarvisAssistant.UnitTests.Integration.ElevenLabsServiceExtensionsTests.AddVoiceServiceWithFallback_WithApiKey_UsesElevenLabs" storage="c:\users\bruce\source\repos\jarvis assistant mk2\jarvisassistant.unittests\bin\debug\net8.0\jarvisassistant.unittests.dll" id="017e6e7c-c7ec-9b21-42f9-6ee066e6ac8c">
      <Execution id="674ab95a-2b52-43a7-aa27-d9493a54cf23" />
      <TestMethod codeBase="c:\Users\Bruce\source\repos\Jarvis Assistant MK2\JarvisAssistant.UnitTests\bin\Debug\net8.0\JarvisAssistant.UnitTests.dll" adapterTypeName="executor://xunit/VsTestRunner2/netcoreapp" className="JarvisAssistant.UnitTests.Integration.ElevenLabsServiceExtensionsTests" name="AddVoiceServiceWithFallback_WithApiKey_UsesElevenLabs" />
    </UnitTest>
    <UnitTest name="JarvisAssistant.UnitTests.Services.LLM.OllamaClientTests.GenerateAsync_WithDifferentQueryTypes_UsesCorrectModel(queryType: Mathematical, expectedModel: &quot;llama3.2&quot;)" storage="c:\users\bruce\source\repos\jarvis assistant mk2\jarvisassistant.unittests\bin\debug\net8.0\jarvisassistant.unittests.dll" id="69ea4a4f-bca9-155c-a22a-2c1ce449d633">
      <Execution id="4aa3c9b7-84bc-4b91-8ec9-434e9af7db92" />
      <TestMethod codeBase="c:\Users\Bruce\source\repos\Jarvis Assistant MK2\JarvisAssistant.UnitTests\bin\Debug\net8.0\JarvisAssistant.UnitTests.dll" adapterTypeName="executor://xunit/VsTestRunner2/netcoreapp" className="JarvisAssistant.UnitTests.Services.LLM.OllamaClientTests" name="GenerateAsync_WithDifferentQueryTypes_UsesCorrectModel" />
    </UnitTest>
    <UnitTest name="JarvisAssistant.UnitTests.Services.LLM.PersonalityServiceTests.FormatResponseAsync_AppliesVocabularyEnhancements(input: &quot;This is a problem.&quot;, expectedWord: &quot;challenge&quot;)" storage="c:\users\bruce\source\repos\jarvis assistant mk2\jarvisassistant.unittests\bin\debug\net8.0\jarvisassistant.unittests.dll" id="183eb9aa-fe47-b31e-3e28-d38aff099eaf">
      <Execution id="d842e447-2e35-43ff-9ec4-4589889703ad" />
      <TestMethod codeBase="c:\Users\Bruce\source\repos\Jarvis Assistant MK2\JarvisAssistant.UnitTests\bin\Debug\net8.0\JarvisAssistant.UnitTests.dll" adapterTypeName="executor://xunit/VsTestRunner2/netcoreapp" className="JarvisAssistant.UnitTests.Services.LLM.PersonalityServiceTests" name="FormatResponseAsync_AppliesVocabularyEnhancements" />
    </UnitTest>
    <UnitTest name="JarvisAssistant.UnitTests.Services.PlatformServiceTests.IsGoogleTV_ShouldReturnTrueOnlyForAndroidTV(platform: iOS, expected: False)" storage="c:\users\bruce\source\repos\jarvis assistant mk2\jarvisassistant.unittests\bin\debug\net8.0\jarvisassistant.unittests.dll" id="facc70d9-63c3-176e-ea26-2707824a5c29">
      <Execution id="4223dfcb-8674-4ad4-86bd-a4b661ea4481" />
      <TestMethod codeBase="c:\Users\Bruce\source\repos\Jarvis Assistant MK2\JarvisAssistant.UnitTests\bin\Debug\net8.0\JarvisAssistant.UnitTests.dll" adapterTypeName="executor://xunit/VsTestRunner2/netcoreapp" className="JarvisAssistant.UnitTests.Services.PlatformServiceTests" name="IsGoogleTV_ShouldReturnTrueOnlyForAndroidTV" />
    </UnitTest>
    <UnitTest name="JarvisAssistant.UnitTests.Services.ThemeManagerTests.GetSystemThemeAsync_ShouldReturnValidTheme" storage="c:\users\bruce\source\repos\jarvis assistant mk2\jarvisassistant.unittests\bin\debug\net8.0\jarvisassistant.unittests.dll" id="d5eaf2fd-35dd-715b-afe9-d1f2ab849c25">
      <Execution id="a7ae401a-c41a-4c3b-b1e6-b9ac00ad0d99" />
      <TestMethod codeBase="c:\Users\Bruce\source\repos\Jarvis Assistant MK2\JarvisAssistant.UnitTests\bin\Debug\net8.0\JarvisAssistant.UnitTests.dll" adapterTypeName="executor://xunit/VsTestRunner2/netcoreapp" className="JarvisAssistant.UnitTests.Services.ThemeManagerTests" name="GetSystemThemeAsync_ShouldReturnValidTheme" />
    </UnitTest>
    <UnitTest name="JarvisAssistant.UnitTests.Voice.GoogleTVVoiceHandlerTests.VoiceButtonPressed_Event_CanBeSubscribed" storage="c:\users\bruce\source\repos\jarvis assistant mk2\jarvisassistant.unittests\bin\debug\net8.0\jarvisassistant.unittests.dll" id="58ed8f41-33ac-3eed-468e-96f7a7796d86">
      <Execution id="d7b853cb-38aa-4ecf-b870-a0cfe8a269fc" />
      <TestMethod codeBase="c:\Users\Bruce\source\repos\Jarvis Assistant MK2\JarvisAssistant.UnitTests\bin\Debug\net8.0\JarvisAssistant.UnitTests.dll" adapterTypeName="executor://xunit/VsTestRunner2/netcoreapp" className="JarvisAssistant.UnitTests.Voice.GoogleTVVoiceHandlerTests" name="VoiceButtonPressed_Event_CanBeSubscribed" />
    </UnitTest>
    <UnitTest name="JarvisAssistant.UnitTests.Services.LLM.LLMErrorHandlerTests.ProcessException_HttpRequestException_ServerError_ReturnsCorrectErrorCode(exceptionMessage: &quot;Internal server error occurred&quot;, expectedErrorCode: &quot;LLM-HTTP-500-001&quot;, expectedRetryable: True)" storage="c:\users\bruce\source\repos\jarvis assistant mk2\jarvisassistant.unittests\bin\debug\net8.0\jarvisassistant.unittests.dll" id="e1d0ad6e-cfce-d43e-c6d0-1a8f0370e7a9">
      <Execution id="be8bc094-6f59-4b12-9cb9-33784caac0cd" />
      <TestMethod codeBase="c:\Users\Bruce\source\repos\Jarvis Assistant MK2\JarvisAssistant.UnitTests\bin\Debug\net8.0\JarvisAssistant.UnitTests.dll" adapterTypeName="executor://xunit/VsTestRunner2/netcoreapp" className="JarvisAssistant.UnitTests.Services.LLM.LLMErrorHandlerTests" name="ProcessException_HttpRequestException_ServerError_ReturnsCorrectErrorCode" />
    </UnitTest>
    <UnitTest name="JarvisAssistant.UnitTests.UI.MAUIUIIntegrationTests.Performance_StatusPanelAnimation_ShouldNotBlockInput" storage="c:\users\bruce\source\repos\jarvis assistant mk2\jarvisassistant.unittests\bin\debug\net8.0\jarvisassistant.unittests.dll" id="f2cd19a3-fb5c-dc36-bf6e-8c2c87a9ee06">
      <Execution id="c8e496fb-4b51-46a4-92d1-ddcadcfb0b7c" />
      <TestMethod codeBase="c:\Users\Bruce\source\repos\Jarvis Assistant MK2\JarvisAssistant.UnitTests\bin\Debug\net8.0\JarvisAssistant.UnitTests.dll" adapterTypeName="executor://xunit/VsTestRunner2/netcoreapp" className="JarvisAssistant.UnitTests.UI.MAUIUIIntegrationTests" name="Performance_StatusPanelAnimation_ShouldNotBlockInput" />
    </UnitTest>
    <UnitTest name="JarvisAssistant.UnitTests.UI.MAUIMainPageUITests.StartChatBtn_Properties_ShouldBeCorrect" storage="c:\users\bruce\source\repos\jarvis assistant mk2\jarvisassistant.unittests\bin\debug\net8.0\jarvisassistant.unittests.dll" id="2d0b204f-e2f3-7cb8-2659-e4749fcb3d97">
      <Execution id="3934e79d-4d28-4557-b44a-a2792abc41af" />
      <TestMethod codeBase="c:\Users\Bruce\source\repos\Jarvis Assistant MK2\JarvisAssistant.UnitTests\bin\Debug\net8.0\JarvisAssistant.UnitTests.dll" adapterTypeName="executor://xunit/VsTestRunner2/netcoreapp" className="JarvisAssistant.UnitTests.UI.MAUIMainPageUITests" name="StartChatBtn_Properties_ShouldBeCorrect" />
    </UnitTest>
    <UnitTest name="JarvisAssistant.UnitTests.Voice.VoiceCommandModelTests.VoiceCommandResult_CreateSuccess_CreatesSuccessfulResult" storage="c:\users\bruce\source\repos\jarvis assistant mk2\jarvisassistant.unittests\bin\debug\net8.0\jarvisassistant.unittests.dll" id="4efbe584-f950-8ae3-6c6e-d961451debd2">
      <Execution id="41472927-8438-4cab-a259-cdf004af15c2" />
      <TestMethod codeBase="c:\Users\Bruce\source\repos\Jarvis Assistant MK2\JarvisAssistant.UnitTests\bin\Debug\net8.0\JarvisAssistant.UnitTests.dll" adapterTypeName="executor://xunit/VsTestRunner2/netcoreapp" className="JarvisAssistant.UnitTests.Voice.VoiceCommandModelTests" name="VoiceCommandResult_CreateSuccess_CreatesSuccessfulResult" />
    </UnitTest>
    <UnitTest name="JarvisAssistant.UnitTests.UI.MAUIMainPageUITests.StartChatBtn_KeyboardNavigation_ShouldAlsoWork" storage="c:\users\bruce\source\repos\jarvis assistant mk2\jarvisassistant.unittests\bin\debug\net8.0\jarvisassistant.unittests.dll" id="ea03a96c-636d-2338-48a1-fff1a7d770cc">
      <Execution id="104d1a66-1dee-4e8d-8ff1-310036b82d4b" />
      <TestMethod codeBase="c:\Users\Bruce\source\repos\Jarvis Assistant MK2\JarvisAssistant.UnitTests\bin\Debug\net8.0\JarvisAssistant.UnitTests.dll" adapterTypeName="executor://xunit/VsTestRunner2/netcoreapp" className="JarvisAssistant.UnitTests.UI.MAUIMainPageUITests" name="StartChatBtn_KeyboardNavigation_ShouldAlsoWork" />
    </UnitTest>
    <UnitTest name="JarvisAssistant.UnitTests.Services.PlatformServiceTests.IsGoogleTV_ShouldReturnTrueOnlyForAndroidTV(platform: MacOS, expected: False)" storage="c:\users\bruce\source\repos\jarvis assistant mk2\jarvisassistant.unittests\bin\debug\net8.0\jarvisassistant.unittests.dll" id="7460ecb0-9893-3bb6-1f4c-7307c22de7ba">
      <Execution id="0dcb4363-3a90-458a-bc81-1c8cdd3798c4" />
      <TestMethod codeBase="c:\Users\Bruce\source\repos\Jarvis Assistant MK2\JarvisAssistant.UnitTests\bin\Debug\net8.0\JarvisAssistant.UnitTests.dll" adapterTypeName="executor://xunit/VsTestRunner2/netcoreapp" className="JarvisAssistant.UnitTests.Services.PlatformServiceTests" name="IsGoogleTV_ShouldReturnTrueOnlyForAndroidTV" />
    </UnitTest>
    <UnitTest name="JarvisAssistant.UnitTests.UI.MAUIStatusPanelUITests.StatusPanel_REGRESSION_ShouldNotBlockMainPageButtons" storage="c:\users\bruce\source\repos\jarvis assistant mk2\jarvisassistant.unittests\bin\debug\net8.0\jarvisassistant.unittests.dll" id="3acdd1a0-800c-7313-b9e6-8145d43a2a34">
      <Execution id="95152f11-c342-4e0e-b4f7-e3bb3043d1ef" />
      <TestMethod codeBase="c:\Users\Bruce\source\repos\Jarvis Assistant MK2\JarvisAssistant.UnitTests\bin\Debug\net8.0\JarvisAssistant.UnitTests.dll" adapterTypeName="executor://xunit/VsTestRunner2/netcoreapp" className="JarvisAssistant.UnitTests.UI.MAUIStatusPanelUITests" name="StatusPanel_REGRESSION_ShouldNotBlockMainPageButtons" />
    </UnitTest>
    <UnitTest name="JarvisAssistant.UnitTests.Voice.VoiceCommandProcessorTests.ClassifyCommandAsync_WithValidCommands_ClassifiesCorrectly(commandText: &quot;repeat that&quot;, expectedType: Repeat)" storage="c:\users\bruce\source\repos\jarvis assistant mk2\jarvisassistant.unittests\bin\debug\net8.0\jarvisassistant.unittests.dll" id="ce94ea86-b3fd-7f9d-9fe4-193f091de6ca">
      <Execution id="9caec185-5393-4de0-b83d-2efe102cfd54" />
      <TestMethod codeBase="c:\Users\Bruce\source\repos\Jarvis Assistant MK2\JarvisAssistant.UnitTests\bin\Debug\net8.0\JarvisAssistant.UnitTests.dll" adapterTypeName="executor://xunit/VsTestRunner2/netcoreapp" className="JarvisAssistant.UnitTests.Voice.VoiceCommandProcessorTests" name="ClassifyCommandAsync_WithValidCommands_ClassifiesCorrectly" />
    </UnitTest>
    <UnitTest name="JarvisAssistant.UnitTests.Services.ThemeManagerTests.SaveAndLoadThemePreference_ShouldPersistTheme" storage="c:\users\bruce\source\repos\jarvis assistant mk2\jarvisassistant.unittests\bin\debug\net8.0\jarvisassistant.unittests.dll" id="099596ee-c80a-e786-b053-be08291c5ea0">
      <Execution id="3e79ad28-5119-4dfc-93cd-65582985fede" />
      <TestMethod codeBase="c:\Users\Bruce\source\repos\Jarvis Assistant MK2\JarvisAssistant.UnitTests\bin\Debug\net8.0\JarvisAssistant.UnitTests.dll" adapterTypeName="executor://xunit/VsTestRunner2/netcoreapp" className="JarvisAssistant.UnitTests.Services.ThemeManagerTests" name="SaveAndLoadThemePreference_ShouldPersistTheme" />
    </UnitTest>
    <UnitTest name="JarvisAssistant.UnitTests.Voice.VoiceEventArgsTests.VoiceButtonType_AllValues_AreValid(buttonType: Unknown)" storage="c:\users\bruce\source\repos\jarvis assistant mk2\jarvisassistant.unittests\bin\debug\net8.0\jarvisassistant.unittests.dll" id="ba2a920e-b365-ea07-2630-dff265b33e80">
      <Execution id="00aed9f9-75fb-4351-8b33-b5fbe5f4d10c" />
      <TestMethod codeBase="c:\Users\Bruce\source\repos\Jarvis Assistant MK2\JarvisAssistant.UnitTests\bin\Debug\net8.0\JarvisAssistant.UnitTests.dll" adapterTypeName="executor://xunit/VsTestRunner2/netcoreapp" className="JarvisAssistant.UnitTests.Voice.VoiceEventArgsTests" name="VoiceButtonType_AllValues_AreValid" />
    </UnitTest>
    <UnitTest name="JarvisAssistant.UnitTests.Services.LLM.OllamaClientTests.GenerateAsync_WithDifferentQueryTypes_UsesCorrectModel(queryType: Code, expectedModel: &quot;deepseek-coder&quot;)" storage="c:\users\bruce\source\repos\jarvis assistant mk2\jarvisassistant.unittests\bin\debug\net8.0\jarvisassistant.unittests.dll" id="627b0b1f-aab5-e7d9-1bbb-bea660eb49d6">
      <Execution id="7d0e4a34-379f-49a4-bead-a1a196f02196" />
      <TestMethod codeBase="c:\Users\Bruce\source\repos\Jarvis Assistant MK2\JarvisAssistant.UnitTests\bin\Debug\net8.0\JarvisAssistant.UnitTests.dll" adapterTypeName="executor://xunit/VsTestRunner2/netcoreapp" className="JarvisAssistant.UnitTests.Services.LLM.OllamaClientTests" name="GenerateAsync_WithDifferentQueryTypes_UsesCorrectModel" />
    </UnitTest>
    <UnitTest name="JarvisAssistant.UnitTests.Core.Converters.ConverterLogicTests.VoiceActivityToOpacity_WithNullValue_ShouldReturnMinimumOpacity" storage="c:\users\bruce\source\repos\jarvis assistant mk2\jarvisassistant.unittests\bin\debug\net8.0\jarvisassistant.unittests.dll" id="fe8b194c-6be5-fdf9-06af-d4b3aa377b2b">
      <Execution id="28c018c4-2238-41f5-b49d-e6364b38e341" />
      <TestMethod codeBase="c:\Users\Bruce\source\repos\Jarvis Assistant MK2\JarvisAssistant.UnitTests\bin\Debug\net8.0\JarvisAssistant.UnitTests.dll" adapterTypeName="executor://xunit/VsTestRunner2/netcoreapp" className="JarvisAssistant.UnitTests.Core.Converters.ConverterLogicTests" name="VoiceActivityToOpacity_WithNullValue_ShouldReturnMinimumOpacity" />
    </UnitTest>
    <UnitTest name="JarvisAssistant.UnitTests.Voice.VoiceCommandProcessorTests.ClassifyCommandAsync_WithValidCommands_ClassifiesCorrectly(commandText: &quot;examine the code&quot;, expectedType: Analyze)" storage="c:\users\bruce\source\repos\jarvis assistant mk2\jarvisassistant.unittests\bin\debug\net8.0\jarvisassistant.unittests.dll" id="52ee1c64-376a-0a21-9de1-c84150456ba0">
      <Execution id="303cd170-e7b0-447d-bd34-36ed007b7bf5" />
      <TestMethod codeBase="c:\Users\Bruce\source\repos\Jarvis Assistant MK2\JarvisAssistant.UnitTests\bin\Debug\net8.0\JarvisAssistant.UnitTests.dll" adapterTypeName="executor://xunit/VsTestRunner2/netcoreapp" className="JarvisAssistant.UnitTests.Voice.VoiceCommandProcessorTests" name="ClassifyCommandAsync_WithValidCommands_ClassifiesCorrectly" />
    </UnitTest>
    <UnitTest name="JarvisAssistant.UnitTests.Integration.LLMServiceIntegrationTests.SendMessageAsync_WithDifferentQueryTypes_ReturnsAppropriateResponses(message: &quot;Calculate the square root of 144&quot;, expectedQueryType: Mathematical)" storage="c:\users\bruce\source\repos\jarvis assistant mk2\jarvisassistant.unittests\bin\debug\net8.0\jarvisassistant.unittests.dll" id="0101dea4-5f76-80d6-fdc7-5e570d962f36">
      <Execution id="952f3848-1d7e-4343-8bcf-7f1e9475a79c" />
      <TestMethod codeBase="c:\Users\Bruce\source\repos\Jarvis Assistant MK2\JarvisAssistant.UnitTests\bin\Debug\net8.0\JarvisAssistant.UnitTests.dll" adapterTypeName="executor://xunit/VsTestRunner2/netcoreapp" className="JarvisAssistant.UnitTests.Integration.LLMServiceIntegrationTests" name="SendMessageAsync_WithDifferentQueryTypes_ReturnsAppropriateResponses" />
    </UnitTest>
    <UnitTest name="JarvisAssistant.UnitTests.Services.RateLimitServiceTests.CanMakeRequestAsync_WithNullApiKey_ReturnsFalse" storage="c:\users\bruce\source\repos\jarvis assistant mk2\jarvisassistant.unittests\bin\debug\net8.0\jarvisassistant.unittests.dll" id="9b3ecf77-4178-6e98-e40d-7c26483f23ee">
      <Execution id="dd5d5643-8baa-41eb-ab3b-9aed935e984e" />
      <TestMethod codeBase="c:\Users\Bruce\source\repos\Jarvis Assistant MK2\JarvisAssistant.UnitTests\bin\Debug\net8.0\JarvisAssistant.UnitTests.dll" adapterTypeName="executor://xunit/VsTestRunner2/netcoreapp" className="JarvisAssistant.UnitTests.Services.RateLimitServiceTests" name="CanMakeRequestAsync_WithNullApiKey_ReturnsFalse" />
    </UnitTest>
    <UnitTest name="JarvisAssistant.UnitTests.Voice.VoiceModeManagerTests.ActivationMode_BasedOnPlatform_ConfiguredCorrectly(platform: iOS, expectedMode: Toggle)" storage="c:\users\bruce\source\repos\jarvis assistant mk2\jarvisassistant.unittests\bin\debug\net8.0\jarvisassistant.unittests.dll" id="a69fc0a3-572f-f549-48e0-40144a3af09e">
      <Execution id="ca3f4e96-4949-4ddd-9e12-c57b7d7b3266" />
      <TestMethod codeBase="c:\Users\Bruce\source\repos\Jarvis Assistant MK2\JarvisAssistant.UnitTests\bin\Debug\net8.0\JarvisAssistant.UnitTests.dll" adapterTypeName="executor://xunit/VsTestRunner2/netcoreapp" className="JarvisAssistant.UnitTests.Voice.VoiceModeManagerTests" name="ActivationMode_BasedOnPlatform_ConfiguredCorrectly" />
    </UnitTest>
    <UnitTest name="JarvisAssistant.UnitTests.Services.LLM.LLMServerFailureTests.GetAvailableModelsAsync_ServiceUnavailable_ReturnsEmptyList" storage="c:\users\bruce\source\repos\jarvis assistant mk2\jarvisassistant.unittests\bin\debug\net8.0\jarvisassistant.unittests.dll" id="75d9394e-4d7d-dad3-19bc-b6cb17942e98">
      <Execution id="158a571a-cf5a-4e35-9b61-5570f0daa2ce" />
      <TestMethod codeBase="c:\Users\Bruce\source\repos\Jarvis Assistant MK2\JarvisAssistant.UnitTests\bin\Debug\net8.0\JarvisAssistant.UnitTests.dll" adapterTypeName="executor://xunit/VsTestRunner2/netcoreapp" className="JarvisAssistant.UnitTests.Services.LLM.LLMServerFailureTests" name="GetAvailableModelsAsync_ServiceUnavailable_ReturnsEmptyList" />
    </UnitTest>
    <UnitTest name="JarvisAssistant.UnitTests.Core.Models.ChatMessageCoreTests.TypeProperties_ShouldReturnCorrectValues(type: Code, isCode: True, isError: False, isVoice: False)" storage="c:\users\bruce\source\repos\jarvis assistant mk2\jarvisassistant.unittests\bin\debug\net8.0\jarvisassistant.unittests.dll" id="884e408c-f67e-a810-8b6c-0e916aacb8c6">
      <Execution id="6775326c-0427-43b5-8bb1-9ebd8f687062" />
      <TestMethod codeBase="c:\Users\Bruce\source\repos\Jarvis Assistant MK2\JarvisAssistant.UnitTests\bin\Debug\net8.0\JarvisAssistant.UnitTests.dll" adapterTypeName="executor://xunit/VsTestRunner2/netcoreapp" className="JarvisAssistant.UnitTests.Core.Models.ChatMessageCoreTests" name="TypeProperties_ShouldReturnCorrectValues" />
    </UnitTest>
    <UnitTest name="JarvisAssistant.UnitTests.Voice.VoiceCommandProcessorTests.ClassifyCommandAsync_WithValidCommands_ClassifiesCorrectly(commandText: &quot;go to dashboard&quot;, expectedType: Navigate)" storage="c:\users\bruce\source\repos\jarvis assistant mk2\jarvisassistant.unittests\bin\debug\net8.0\jarvisassistant.unittests.dll" id="522b03c8-8cd7-338b-a735-84c7eaee1415">
      <Execution id="4073b918-9448-493b-85cb-d0e439b93a6c" />
      <TestMethod codeBase="c:\Users\Bruce\source\repos\Jarvis Assistant MK2\JarvisAssistant.UnitTests\bin\Debug\net8.0\JarvisAssistant.UnitTests.dll" adapterTypeName="executor://xunit/VsTestRunner2/netcoreapp" className="JarvisAssistant.UnitTests.Voice.VoiceCommandProcessorTests" name="ClassifyCommandAsync_WithValidCommands_ClassifiesCorrectly" />
    </UnitTest>
    <UnitTest name="JarvisAssistant.UnitTests.Voice.VoiceCommandProcessorTests.ClassifyCommandAsync_WithValidCommands_ClassifiesCorrectly(commandText: &quot;what is the weather&quot;, expectedType: Chat)" storage="c:\users\bruce\source\repos\jarvis assistant mk2\jarvisassistant.unittests\bin\debug\net8.0\jarvisassistant.unittests.dll" id="3150014d-d391-3767-c3e0-06a7bf27d028">
      <Execution id="fa3b16dd-2193-4c47-845e-67ceabeaa3cc" />
      <TestMethod codeBase="c:\Users\Bruce\source\repos\Jarvis Assistant MK2\JarvisAssistant.UnitTests\bin\Debug\net8.0\JarvisAssistant.UnitTests.dll" adapterTypeName="executor://xunit/VsTestRunner2/netcoreapp" className="JarvisAssistant.UnitTests.Voice.VoiceCommandProcessorTests" name="ClassifyCommandAsync_WithValidCommands_ClassifiesCorrectly" />
    </UnitTest>
    <UnitTest name="JarvisAssistant.UnitTests.Services.PlatformServiceTests.GetScreenDensity_ShouldReturnPositiveValue(platform: iOS, expectedDensity: 3)" storage="c:\users\bruce\source\repos\jarvis assistant mk2\jarvisassistant.unittests\bin\debug\net8.0\jarvisassistant.unittests.dll" id="27145bff-4915-5834-5cdd-5761b8a612b8">
      <Execution id="b6e7470c-e5b2-42f8-955a-08b82f76707e" />
      <TestMethod codeBase="c:\Users\Bruce\source\repos\Jarvis Assistant MK2\JarvisAssistant.UnitTests\bin\Debug\net8.0\JarvisAssistant.UnitTests.dll" adapterTypeName="executor://xunit/VsTestRunner2/netcoreapp" className="JarvisAssistant.UnitTests.Services.PlatformServiceTests" name="GetScreenDensity_ShouldReturnPositiveValue" />
    </UnitTest>
    <UnitTest name="JarvisAssistant.UnitTests.UI.MAUIMainPageUITests.StatusPanel_ServiceStatuses_ShouldDisplayCorrectly" storage="c:\users\bruce\source\repos\jarvis assistant mk2\jarvisassistant.unittests\bin\debug\net8.0\jarvisassistant.unittests.dll" id="ef068edd-7db0-0fce-7882-0fa66c3ed1fb">
      <Execution id="4461b154-bc8b-436d-9470-581489047bd0" />
      <TestMethod codeBase="c:\Users\Bruce\source\repos\Jarvis Assistant MK2\JarvisAssistant.UnitTests\bin\Debug\net8.0\JarvisAssistant.UnitTests.dll" adapterTypeName="executor://xunit/VsTestRunner2/netcoreapp" className="JarvisAssistant.UnitTests.UI.MAUIMainPageUITests" name="StatusPanel_ServiceStatuses_ShouldDisplayCorrectly" />
    </UnitTest>
    <UnitTest name="JarvisAssistant.UnitTests.Services.StatusMonitorServiceTests.StartMonitoringAsync_WithValidService_StartsMonitoring" storage="c:\users\bruce\source\repos\jarvis assistant mk2\jarvisassistant.unittests\bin\debug\net8.0\jarvisassistant.unittests.dll" id="b9285483-8037-a44a-4421-3b1e2dd43f9f">
      <Execution id="d9ae8434-bdbf-4636-aa88-80d3abbb06b6" />
      <TestMethod codeBase="c:\Users\Bruce\source\repos\Jarvis Assistant MK2\JarvisAssistant.UnitTests\bin\Debug\net8.0\JarvisAssistant.UnitTests.dll" adapterTypeName="executor://xunit/VsTestRunner2/netcoreapp" className="JarvisAssistant.UnitTests.Services.StatusMonitorServiceTests" name="StartMonitoringAsync_WithValidService_StartsMonitoring" />
    </UnitTest>
    <UnitTest name="JarvisAssistant.UnitTests.Services.PlatformServiceTests.SupportsVoiceInput_ShouldReturnTrueForModernPlatforms(platform: Windows, expected: True)" storage="c:\users\bruce\source\repos\jarvis assistant mk2\jarvisassistant.unittests\bin\debug\net8.0\jarvisassistant.unittests.dll" id="051f08b8-5c18-b0d0-cba4-353924e3fb46">
      <Execution id="f726fd81-8eb4-42ad-809b-58a38dac0c3c" />
      <TestMethod codeBase="c:\Users\Bruce\source\repos\Jarvis Assistant MK2\JarvisAssistant.UnitTests\bin\Debug\net8.0\JarvisAssistant.UnitTests.dll" adapterTypeName="executor://xunit/VsTestRunner2/netcoreapp" className="JarvisAssistant.UnitTests.Services.PlatformServiceTests" name="SupportsVoiceInput_ShouldReturnTrueForModernPlatforms" />
    </UnitTest>
    <UnitTest name="JarvisAssistant.UnitTests.UI.MAUIStatusPanelUITests.StatusPanel_ServiceDetails_ShouldDisplayOnTap" storage="c:\users\bruce\source\repos\jarvis assistant mk2\jarvisassistant.unittests\bin\debug\net8.0\jarvisassistant.unittests.dll" id="6ff43885-88e2-2652-5c17-4c497122eaac">
      <Execution id="32adb8dd-a2a8-4346-8faa-a02e0321faea" />
      <TestMethod codeBase="c:\Users\Bruce\source\repos\Jarvis Assistant MK2\JarvisAssistant.UnitTests\bin\Debug\net8.0\JarvisAssistant.UnitTests.dll" adapterTypeName="executor://xunit/VsTestRunner2/netcoreapp" className="JarvisAssistant.UnitTests.UI.MAUIStatusPanelUITests" name="StatusPanel_ServiceDetails_ShouldDisplayOnTap" />
    </UnitTest>
    <UnitTest name="JarvisAssistant.UnitTests.Services.RateLimitServiceTests.CanMakeRequestAsync_WithinLimits_ReturnsTrue" storage="c:\users\bruce\source\repos\jarvis assistant mk2\jarvisassistant.unittests\bin\debug\net8.0\jarvisassistant.unittests.dll" id="9357b589-474b-8fd1-1cb7-7641ee0c304a">
      <Execution id="4f6f8627-95c0-4af6-9cfb-10471557d311" />
      <TestMethod codeBase="c:\Users\Bruce\source\repos\Jarvis Assistant MK2\JarvisAssistant.UnitTests\bin\Debug\net8.0\JarvisAssistant.UnitTests.dll" adapterTypeName="executor://xunit/VsTestRunner2/netcoreapp" className="JarvisAssistant.UnitTests.Services.RateLimitServiceTests" name="CanMakeRequestAsync_WithinLimits_ReturnsTrue" />
    </UnitTest>
    <UnitTest name="JarvisAssistant.UnitTests.Services.OllamaLLMServiceTests.SendMessageAsync_DetectsCorrectQueryType(message: &quot;write a story&quot;, expectedQueryType: Creative)" storage="c:\users\bruce\source\repos\jarvis assistant mk2\jarvisassistant.unittests\bin\debug\net8.0\jarvisassistant.unittests.dll" id="90566b66-34d1-3509-98b8-1f7c6b3de9b1">
      <Execution id="2bc1c04c-d758-4ef4-91d7-cdc9f63ab5e6" />
      <TestMethod codeBase="c:\Users\Bruce\source\repos\Jarvis Assistant MK2\JarvisAssistant.UnitTests\bin\Debug\net8.0\JarvisAssistant.UnitTests.dll" adapterTypeName="executor://xunit/VsTestRunner2/netcoreapp" className="JarvisAssistant.UnitTests.Services.OllamaLLMServiceTests" name="SendMessageAsync_DetectsCorrectQueryType" />
    </UnitTest>
    <UnitTest name="JarvisAssistant.UnitTests.Services.PlatformServiceTests.IsTouchPrimary_ShouldReturnExpectedValueForPlatform(platform: MacOS, expected: False)" storage="c:\users\bruce\source\repos\jarvis assistant mk2\jarvisassistant.unittests\bin\debug\net8.0\jarvisassistant.unittests.dll" id="cbdb690f-a10a-19fd-3331-28143dc12a0b">
      <Execution id="bad6126d-9f1c-405c-b128-e50f5aa68aa0" />
      <TestMethod codeBase="c:\Users\Bruce\source\repos\Jarvis Assistant MK2\JarvisAssistant.UnitTests\bin\Debug\net8.0\JarvisAssistant.UnitTests.dll" adapterTypeName="executor://xunit/VsTestRunner2/netcoreapp" className="JarvisAssistant.UnitTests.Services.PlatformServiceTests" name="IsTouchPrimary_ShouldReturnExpectedValueForPlatform" />
    </UnitTest>
    <UnitTest name="JarvisAssistant.UnitTests.Services.LLM.LLMServerFailureTests.GenerateAsync_HttpStatusCodeFailures_ReturnsSpecificErrorCodes(statusCode: TooManyRequests, errorDescription: &quot;Rate limit exceeded&quot;)" storage="c:\users\bruce\source\repos\jarvis assistant mk2\jarvisassistant.unittests\bin\debug\net8.0\jarvisassistant.unittests.dll" id="65ab6344-8ddd-990a-cd93-2623518ff562">
      <Execution id="910c1972-480e-4947-ae6a-79b1908e24bc" />
      <TestMethod codeBase="c:\Users\Bruce\source\repos\Jarvis Assistant MK2\JarvisAssistant.UnitTests\bin\Debug\net8.0\JarvisAssistant.UnitTests.dll" adapterTypeName="executor://xunit/VsTestRunner2/netcoreapp" className="JarvisAssistant.UnitTests.Services.LLM.LLMServerFailureTests" name="GenerateAsync_HttpStatusCodeFailures_ReturnsSpecificErrorCodes" />
    </UnitTest>
    <UnitTest name="JarvisAssistant.UnitTests.Integration.LiveOllamaConnectionTests.LiveConnection_OllamaClient_ShouldConnectAndRetrieveModels" storage="c:\users\bruce\source\repos\jarvis assistant mk2\jarvisassistant.unittests\bin\debug\net8.0\jarvisassistant.unittests.dll" id="3adb2ade-902a-b187-14eb-c742dcf3c0d5">
      <Execution id="68cb4407-0c73-41a8-b2e9-befb0a8cdadc" />
      <TestMethod codeBase="c:\Users\Bruce\source\repos\Jarvis Assistant MK2\JarvisAssistant.UnitTests\bin\Debug\net8.0\JarvisAssistant.UnitTests.dll" adapterTypeName="executor://xunit/VsTestRunner2/netcoreapp" className="JarvisAssistant.UnitTests.Integration.LiveOllamaConnectionTests" name="LiveConnection_OllamaClient_ShouldConnectAndRetrieveModels" />
    </UnitTest>
    <UnitTest name="JarvisAssistant.UnitTests.Services.OllamaLLMServiceTests.StreamResponseAsync_WithOllamaError_YieldsErrorResponse" storage="c:\users\bruce\source\repos\jarvis assistant mk2\jarvisassistant.unittests\bin\debug\net8.0\jarvisassistant.unittests.dll" id="94753ba6-405e-2bac-a744-f88b74ac7e97">
      <Execution id="547d1836-532e-40cb-a79a-fbc7a5ff79cf" />
      <TestMethod codeBase="c:\Users\Bruce\source\repos\Jarvis Assistant MK2\JarvisAssistant.UnitTests\bin\Debug\net8.0\JarvisAssistant.UnitTests.dll" adapterTypeName="executor://xunit/VsTestRunner2/netcoreapp" className="JarvisAssistant.UnitTests.Services.OllamaLLMServiceTests" name="StreamResponseAsync_WithOllamaError_YieldsErrorResponse" />
    </UnitTest>
    <UnitTest name="JarvisAssistant.UnitTests.Integration.ChatIntegrationTests.VoiceService_GenerateSpeech_ShouldReturnAudioData" storage="c:\users\bruce\source\repos\jarvis assistant mk2\jarvisassistant.unittests\bin\debug\net8.0\jarvisassistant.unittests.dll" id="69c5b4ab-bdba-6da2-e4f9-2adf9f6fa9f4">
      <Execution id="fa975fb1-5b7b-4222-930c-6f0f941da20c" />
      <TestMethod codeBase="c:\Users\Bruce\source\repos\Jarvis Assistant MK2\JarvisAssistant.UnitTests\bin\Debug\net8.0\JarvisAssistant.UnitTests.dll" adapterTypeName="executor://xunit/VsTestRunner2/netcoreapp" className="JarvisAssistant.UnitTests.Integration.ChatIntegrationTests" name="VoiceService_GenerateSpeech_ShouldReturnAudioData" />
    </UnitTest>
    <UnitTest name="JarvisAssistant.UnitTests.Services.AudioCacheServiceTests.ClearAllAsync_RemovesAllEntries" storage="c:\users\bruce\source\repos\jarvis assistant mk2\jarvisassistant.unittests\bin\debug\net8.0\jarvisassistant.unittests.dll" id="a3e44324-2963-f857-41a6-5245c4621df4">
      <Execution id="8dd09b69-b49e-4e43-a626-2085a3eec213" />
      <TestMethod codeBase="c:\Users\Bruce\source\repos\Jarvis Assistant MK2\JarvisAssistant.UnitTests\bin\Debug\net8.0\JarvisAssistant.UnitTests.dll" adapterTypeName="executor://xunit/VsTestRunner2/netcoreapp" className="JarvisAssistant.UnitTests.Services.AudioCacheServiceTests" name="ClearAllAsync_RemovesAllEntries" />
    </UnitTest>
    <UnitTest name="JarvisAssistant.UnitTests.Core.Models.ChatMessageCoreTests.Timestamp_WhenSet_ShouldUpdateFormattedTime" storage="c:\users\bruce\source\repos\jarvis assistant mk2\jarvisassistant.unittests\bin\debug\net8.0\jarvisassistant.unittests.dll" id="b2f652ce-7d42-58b6-7ba7-af3972b82af7">
      <Execution id="c96bbc9f-0384-40eb-b9b1-1e3a2b9dc911" />
      <TestMethod codeBase="c:\Users\Bruce\source\repos\Jarvis Assistant MK2\JarvisAssistant.UnitTests\bin\Debug\net8.0\JarvisAssistant.UnitTests.dll" adapterTypeName="executor://xunit/VsTestRunner2/netcoreapp" className="JarvisAssistant.UnitTests.Core.Models.ChatMessageCoreTests" name="Timestamp_WhenSet_ShouldUpdateFormattedTime" />
    </UnitTest>
    <UnitTest name="JarvisAssistant.UnitTests.Services.ElevenLabsVoiceServiceTests.GenerateSpeechAsync_AdjustsVoiceSettingsBasedOnContent(text: &quot;All systems normal&quot;, expectedEmotion: &quot;calm&quot;)" storage="c:\users\bruce\source\repos\jarvis assistant mk2\jarvisassistant.unittests\bin\debug\net8.0\jarvisassistant.unittests.dll" id="45781478-a40b-ed86-921e-691ecb8b47a0">
      <Execution id="27d65e92-4184-48b1-98a5-e87279cfe031" />
      <TestMethod codeBase="c:\Users\Bruce\source\repos\Jarvis Assistant MK2\JarvisAssistant.UnitTests\bin\Debug\net8.0\JarvisAssistant.UnitTests.dll" adapterTypeName="executor://xunit/VsTestRunner2/netcoreapp" className="JarvisAssistant.UnitTests.Services.ElevenLabsVoiceServiceTests" name="GenerateSpeechAsync_AdjustsVoiceSettingsBasedOnContent" />
    </UnitTest>
    <UnitTest name="JarvisAssistant.UnitTests.Integration.LLMServiceIntegrationTests.GetActiveModelAsync_WithRealOllamaInstance_ReturnsValidModel" storage="c:\users\bruce\source\repos\jarvis assistant mk2\jarvisassistant.unittests\bin\debug\net8.0\jarvisassistant.unittests.dll" id="40bdd840-9765-5954-245a-ef9e319f02f9">
      <Execution id="da563e6a-bb28-4847-9b48-d78f336f769c" />
      <TestMethod codeBase="c:\Users\Bruce\source\repos\Jarvis Assistant MK2\JarvisAssistant.UnitTests\bin\Debug\net8.0\JarvisAssistant.UnitTests.dll" adapterTypeName="executor://xunit/VsTestRunner2/netcoreapp" className="JarvisAssistant.UnitTests.Integration.LLMServiceIntegrationTests" name="GetActiveModelAsync_WithRealOllamaInstance_ReturnsValidModel" />
    </UnitTest>
    <UnitTest name="JarvisAssistant.UnitTests.Services.AudioCacheServiceTests.CacheAudioAsync_WithEmptyData_ReturnsFalse" storage="c:\users\bruce\source\repos\jarvis assistant mk2\jarvisassistant.unittests\bin\debug\net8.0\jarvisassistant.unittests.dll" id="75416995-d21d-936e-9138-bcb4d5b980ce">
      <Execution id="e1a53202-67d6-4d81-b3f5-f976ecdc1e28" />
      <TestMethod codeBase="c:\Users\Bruce\source\repos\Jarvis Assistant MK2\JarvisAssistant.UnitTests\bin\Debug\net8.0\JarvisAssistant.UnitTests.dll" adapterTypeName="executor://xunit/VsTestRunner2/netcoreapp" className="JarvisAssistant.UnitTests.Services.AudioCacheServiceTests" name="CacheAudioAsync_WithEmptyData_ReturnsFalse" />
    </UnitTest>
    <UnitTest name="JarvisAssistant.UnitTests.Services.ServiceHealthCheckerTests.GetServiceDisplayName_WithRegisteredService_ReturnsDisplayName" storage="c:\users\bruce\source\repos\jarvis assistant mk2\jarvisassistant.unittests\bin\debug\net8.0\jarvisassistant.unittests.dll" id="c02a17f1-9b10-71c3-00f5-672678013df1">
      <Execution id="01ad4d1c-540d-4ca8-96c2-6c4410e54155" />
      <TestMethod codeBase="c:\Users\Bruce\source\repos\Jarvis Assistant MK2\JarvisAssistant.UnitTests\bin\Debug\net8.0\JarvisAssistant.UnitTests.dll" adapterTypeName="executor://xunit/VsTestRunner2/netcoreapp" className="JarvisAssistant.UnitTests.Services.ServiceHealthCheckerTests" name="GetServiceDisplayName_WithRegisteredService_ReturnsDisplayName" />
    </UnitTest>
    <UnitTest name="JarvisAssistant.UnitTests.Voice.VoiceModeManagerTests.Constructor_WithNullPlatformService_ThrowsArgumentNullException" storage="c:\users\bruce\source\repos\jarvis assistant mk2\jarvisassistant.unittests\bin\debug\net8.0\jarvisassistant.unittests.dll" id="69852917-000d-db7b-e959-0535090149e4">
      <Execution id="3c210546-38f9-425f-ada0-556b03adc4b0" />
      <TestMethod codeBase="c:\Users\Bruce\source\repos\Jarvis Assistant MK2\JarvisAssistant.UnitTests\bin\Debug\net8.0\JarvisAssistant.UnitTests.dll" adapterTypeName="executor://xunit/VsTestRunner2/netcoreapp" className="JarvisAssistant.UnitTests.Voice.VoiceModeManagerTests" name="Constructor_WithNullPlatformService_ThrowsArgumentNullException" />
    </UnitTest>
    <UnitTest name="JarvisAssistant.UnitTests.Integration.ElevenLabsVoiceIntegrationTests.GetElevenLabsStatistics_ReturnsValidData" storage="c:\users\bruce\source\repos\jarvis assistant mk2\jarvisassistant.unittests\bin\debug\net8.0\jarvisassistant.unittests.dll" id="0de9ab8b-1eb6-def3-e0c8-04fb9800cb03">
      <Execution id="3c307240-62ce-4dd2-8d63-5b5f1b37b195" />
      <TestMethod codeBase="c:\Users\Bruce\source\repos\Jarvis Assistant MK2\JarvisAssistant.UnitTests\bin\Debug\net8.0\JarvisAssistant.UnitTests.dll" adapterTypeName="executor://xunit/VsTestRunner2/netcoreapp" className="JarvisAssistant.UnitTests.Integration.ElevenLabsVoiceIntegrationTests" name="GetElevenLabsStatistics_ReturnsValidData" />
    </UnitTest>
    <UnitTest name="JarvisAssistant.UnitTests.Core.Converters.ConverterLogicTests.VoiceActivityToOpacity_ShouldClampValues(input: 0.5, expected: 0.5)" storage="c:\users\bruce\source\repos\jarvis assistant mk2\jarvisassistant.unittests\bin\debug\net8.0\jarvisassistant.unittests.dll" id="6c593017-c139-e1f6-126e-b8eed761affc">
      <Execution id="1919ad5a-5e12-45ab-afea-8a4b528f10f9" />
      <TestMethod codeBase="c:\Users\Bruce\source\repos\Jarvis Assistant MK2\JarvisAssistant.UnitTests\bin\Debug\net8.0\JarvisAssistant.UnitTests.dll" adapterTypeName="executor://xunit/VsTestRunner2/netcoreapp" className="JarvisAssistant.UnitTests.Core.Converters.ConverterLogicTests" name="VoiceActivityToOpacity_ShouldClampValues" />
    </UnitTest>
    <UnitTest name="JarvisAssistant.UnitTests.Services.ElevenLabsVoiceServiceTests.GenerateSpeechAsync_WithValidText_ReturnsAudioData" storage="c:\users\bruce\source\repos\jarvis assistant mk2\jarvisassistant.unittests\bin\debug\net8.0\jarvisassistant.unittests.dll" id="fad6c2ad-fbae-d0ab-e0f0-cc65d1adf5f0">
      <Execution id="371a3f2b-8ef5-40a0-b4a4-b98ff10eb632" />
      <TestMethod codeBase="c:\Users\Bruce\source\repos\Jarvis Assistant MK2\JarvisAssistant.UnitTests\bin\Debug\net8.0\JarvisAssistant.UnitTests.dll" adapterTypeName="executor://xunit/VsTestRunner2/netcoreapp" className="JarvisAssistant.UnitTests.Services.ElevenLabsVoiceServiceTests" name="GenerateSpeechAsync_WithValidText_ReturnsAudioData" />
    </UnitTest>
    <UnitTest name="JarvisAssistant.UnitTests.Services.ElevenLabsVoiceServiceTests.StreamSpeechAsync_WithValidText_ReturnsAudioChunks" storage="c:\users\bruce\source\repos\jarvis assistant mk2\jarvisassistant.unittests\bin\debug\net8.0\jarvisassistant.unittests.dll" id="f27e105b-e48d-7717-0580-2f0945a35357">
      <Execution id="7c6468e7-7d12-4fbf-8698-2a3f4284a9bd" />
      <TestMethod codeBase="c:\Users\Bruce\source\repos\Jarvis Assistant MK2\JarvisAssistant.UnitTests\bin\Debug\net8.0\JarvisAssistant.UnitTests.dll" adapterTypeName="executor://xunit/VsTestRunner2/netcoreapp" className="JarvisAssistant.UnitTests.Services.ElevenLabsVoiceServiceTests" name="StreamSpeechAsync_WithValidText_ReturnsAudioChunks" />
    </UnitTest>
    <UnitTest name="JarvisAssistant.UnitTests.Integration.ChatIntegrationTests.VoiceModeManager_ToggleMode_ShouldWork" storage="c:\users\bruce\source\repos\jarvis assistant mk2\jarvisassistant.unittests\bin\debug\net8.0\jarvisassistant.unittests.dll" id="82250c2d-c3df-ba69-fef4-1a639b38e1e4">
      <Execution id="40803eee-28e4-4b37-84c0-aa7c03fbdfd2" />
      <TestMethod codeBase="c:\Users\Bruce\source\repos\Jarvis Assistant MK2\JarvisAssistant.UnitTests\bin\Debug\net8.0\JarvisAssistant.UnitTests.dll" adapterTypeName="executor://xunit/VsTestRunner2/netcoreapp" className="JarvisAssistant.UnitTests.Integration.ChatIntegrationTests" name="VoiceModeManager_ToggleMode_ShouldWork" />
    </UnitTest>
    <UnitTest name="JarvisAssistant.UnitTests.Core.Converters.ConverterLogicTests.StringToBool_ShouldReturnCorrectBooleanValues(input: &quot;   &quot;, expected: False)" storage="c:\users\bruce\source\repos\jarvis assistant mk2\jarvisassistant.unittests\bin\debug\net8.0\jarvisassistant.unittests.dll" id="c4e45d49-4a30-3690-6669-a018313a764b">
      <Execution id="6d012c6f-ffca-412f-b141-945b791f21f8" />
      <TestMethod codeBase="c:\Users\Bruce\source\repos\Jarvis Assistant MK2\JarvisAssistant.UnitTests\bin\Debug\net8.0\JarvisAssistant.UnitTests.dll" adapterTypeName="executor://xunit/VsTestRunner2/netcoreapp" className="JarvisAssistant.UnitTests.Core.Converters.ConverterLogicTests" name="StringToBool_ShouldReturnCorrectBooleanValues" />
    </UnitTest>
    <UnitTest name="JarvisAssistant.UnitTests.Voice.VoiceCommandProcessorTests.ClassifyCommandAsync_WithValidCommands_ClassifiesCorrectly(commandText: &quot;open settings&quot;, expectedType: Settings)" storage="c:\users\bruce\source\repos\jarvis assistant mk2\jarvisassistant.unittests\bin\debug\net8.0\jarvisassistant.unittests.dll" id="66c6ee44-bb3f-f452-d7c4-66ffdbbf4e11">
      <Execution id="f1a42a97-4803-4b7d-9919-a2aea59ac936" />
      <TestMethod codeBase="c:\Users\Bruce\source\repos\Jarvis Assistant MK2\JarvisAssistant.UnitTests\bin\Debug\net8.0\JarvisAssistant.UnitTests.dll" adapterTypeName="executor://xunit/VsTestRunner2/netcoreapp" className="JarvisAssistant.UnitTests.Voice.VoiceCommandProcessorTests" name="ClassifyCommandAsync_WithValidCommands_ClassifiesCorrectly" />
    </UnitTest>
    <UnitTest name="JarvisAssistant.UnitTests.UI.MainPageButtonInteractionTests.NavigationService_ShouldHandleNavigationErrors" storage="c:\users\bruce\source\repos\jarvis assistant mk2\jarvisassistant.unittests\bin\debug\net8.0\jarvisassistant.unittests.dll" id="818ab1ad-737f-a88f-ee9b-bb71acfdcb4f">
      <Execution id="fe73fb4b-44fc-47b2-9a4d-d55322100435" />
      <TestMethod codeBase="c:\Users\Bruce\source\repos\Jarvis Assistant MK2\JarvisAssistant.UnitTests\bin\Debug\net8.0\JarvisAssistant.UnitTests.dll" adapterTypeName="executor://xunit/VsTestRunner2/netcoreapp" className="JarvisAssistant.UnitTests.UI.MainPageButtonInteractionTests" name="NavigationService_ShouldHandleNavigationErrors" />
    </UnitTest>
    <UnitTest name="JarvisAssistant.UnitTests.Services.ThemeIntegrationTests.ResourceDictionaryLoading_ShouldNotCauseMemoryLeaks" storage="c:\users\bruce\source\repos\jarvis assistant mk2\jarvisassistant.unittests\bin\debug\net8.0\jarvisassistant.unittests.dll" id="02959c82-ccfe-f9e7-3262-49abad8491b3">
      <Execution id="ef440455-4f6a-4aa5-af5a-23be11f81e41" />
      <TestMethod codeBase="c:\Users\Bruce\source\repos\Jarvis Assistant MK2\JarvisAssistant.UnitTests\bin\Debug\net8.0\JarvisAssistant.UnitTests.dll" adapterTypeName="executor://xunit/VsTestRunner2/netcoreapp" className="JarvisAssistant.UnitTests.Services.ThemeIntegrationTests" name="ResourceDictionaryLoading_ShouldNotCauseMemoryLeaks" />
    </UnitTest>
    <UnitTest name="JarvisAssistant.UnitTests.Voice.VoiceModeManagerTests.ActivationMode_BasedOnPlatform_ConfiguredCorrectly(platform: Android, expectedMode: Toggle)" storage="c:\users\bruce\source\repos\jarvis assistant mk2\jarvisassistant.unittests\bin\debug\net8.0\jarvisassistant.unittests.dll" id="666d129e-88d0-efdb-283a-aab62cdaa1db">
      <Execution id="d85ec87a-4543-46ef-b0b5-f77450f4efe8" />
      <TestMethod codeBase="c:\Users\Bruce\source\repos\Jarvis Assistant MK2\JarvisAssistant.UnitTests\bin\Debug\net8.0\JarvisAssistant.UnitTests.dll" adapterTypeName="executor://xunit/VsTestRunner2/netcoreapp" className="JarvisAssistant.UnitTests.Voice.VoiceModeManagerTests" name="ActivationMode_BasedOnPlatform_ConfiguredCorrectly" />
    </UnitTest>
    <UnitTest name="JarvisAssistant.UnitTests.Voice.VoiceCommandModelTests.VoiceCommand_IsValid_WithValidData_ReturnsTrue" storage="c:\users\bruce\source\repos\jarvis assistant mk2\jarvisassistant.unittests\bin\debug\net8.0\jarvisassistant.unittests.dll" id="40de179f-a46c-5380-163c-cd8a791588e0">
      <Execution id="aeda4cb4-7c36-41eb-a915-3dc886330184" />
      <TestMethod codeBase="c:\Users\Bruce\source\repos\Jarvis Assistant MK2\JarvisAssistant.UnitTests\bin\Debug\net8.0\JarvisAssistant.UnitTests.dll" adapterTypeName="executor://xunit/VsTestRunner2/netcoreapp" className="JarvisAssistant.UnitTests.Voice.VoiceCommandModelTests" name="VoiceCommand_IsValid_WithValidData_ReturnsTrue" />
    </UnitTest>
    <UnitTest name="JarvisAssistant.UnitTests.Voice.VoiceEventArgsTests.ContinuousListeningStateChangedEventArgs_DefaultValues_AreSet" storage="c:\users\bruce\source\repos\jarvis assistant mk2\jarvisassistant.unittests\bin\debug\net8.0\jarvisassistant.unittests.dll" id="03cfd568-7731-dff9-7ebb-4f70a6a61b99">
      <Execution id="3098d0ff-18cc-4dc2-a832-4a089e04a838" />
      <TestMethod codeBase="c:\Users\Bruce\source\repos\Jarvis Assistant MK2\JarvisAssistant.UnitTests\bin\Debug\net8.0\JarvisAssistant.UnitTests.dll" adapterTypeName="executor://xunit/VsTestRunner2/netcoreapp" className="JarvisAssistant.UnitTests.Voice.VoiceEventArgsTests" name="ContinuousListeningStateChangedEventArgs_DefaultValues_AreSet" />
    </UnitTest>
    <UnitTest name="JarvisAssistant.UnitTests.UI.InputBlockingRegressionTests.PATTERN_CorrectInputTransparentConfiguration" storage="c:\users\bruce\source\repos\jarvis assistant mk2\jarvisassistant.unittests\bin\debug\net8.0\jarvisassistant.unittests.dll" id="2860da0a-5fb1-2576-21cd-cc511bc18d63">
      <Execution id="6bf9d5fa-ca19-4b8b-aa96-49a15a601fc2" />
      <TestMethod codeBase="c:\Users\Bruce\source\repos\Jarvis Assistant MK2\JarvisAssistant.UnitTests\bin\Debug\net8.0\JarvisAssistant.UnitTests.dll" adapterTypeName="executor://xunit/VsTestRunner2/netcoreapp" className="JarvisAssistant.UnitTests.UI.InputBlockingRegressionTests" name="PATTERN_CorrectInputTransparentConfiguration" />
    </UnitTest>
    <UnitTest name="JarvisAssistant.UnitTests.Voice.VoiceCommandProcessorTests.CommandReceived_Event_RaisedWhenCommandProcessed" storage="c:\users\bruce\source\repos\jarvis assistant mk2\jarvisassistant.unittests\bin\debug\net8.0\jarvisassistant.unittests.dll" id="a2124aea-04f7-2ebe-4260-4f0814ad8a52">
      <Execution id="4ad1dc21-c826-43d8-8bd0-5db2d8c62573" />
      <TestMethod codeBase="c:\Users\Bruce\source\repos\Jarvis Assistant MK2\JarvisAssistant.UnitTests\bin\Debug\net8.0\JarvisAssistant.UnitTests.dll" adapterTypeName="executor://xunit/VsTestRunner2/netcoreapp" className="JarvisAssistant.UnitTests.Voice.VoiceCommandProcessorTests" name="CommandReceived_Event_RaisedWhenCommandProcessed" />
    </UnitTest>
    <UnitTest name="JarvisAssistant.UnitTests.Services.PlatformServiceTests.AndroidPlatformThemeMapping_ShouldHandleAllAndroidVariants(platform: Android, isGoogleTV: True, expectedTheme: TV)" storage="c:\users\bruce\source\repos\jarvis assistant mk2\jarvisassistant.unittests\bin\debug\net8.0\jarvisassistant.unittests.dll" id="bbf561be-cf71-d172-ed94-be3ba0e284cd">
      <Execution id="c2c7ca4e-87fe-40e4-9d5e-c61223166369" />
      <TestMethod codeBase="c:\Users\Bruce\source\repos\Jarvis Assistant MK2\JarvisAssistant.UnitTests\bin\Debug\net8.0\JarvisAssistant.UnitTests.dll" adapterTypeName="executor://xunit/VsTestRunner2/netcoreapp" className="JarvisAssistant.UnitTests.Services.PlatformServiceTests" name="AndroidPlatformThemeMapping_ShouldHandleAllAndroidVariants" />
    </UnitTest>
    <UnitTest name="JarvisAssistant.UnitTests.UI.InputBlockingRegressionTests.PATTERN_CorrectZOrderForInputHandling" storage="c:\users\bruce\source\repos\jarvis assistant mk2\jarvisassistant.unittests\bin\debug\net8.0\jarvisassistant.unittests.dll" id="1c60ec5b-1bb8-55a6-3fcb-8412fb2f718f">
      <Execution id="e7a1da86-3b28-4345-8056-66ebbeea5c8b" />
      <TestMethod codeBase="c:\Users\Bruce\source\repos\Jarvis Assistant MK2\JarvisAssistant.UnitTests\bin\Debug\net8.0\JarvisAssistant.UnitTests.dll" adapterTypeName="executor://xunit/VsTestRunner2/netcoreapp" className="JarvisAssistant.UnitTests.UI.InputBlockingRegressionTests" name="PATTERN_CorrectZOrderForInputHandling" />
    </UnitTest>
    <UnitTest name="JarvisAssistant.UnitTests.Services.LLM.LLMErrorHandlerTests.ProcessException_HttpRequestException_ConnectionRefused_ReturnsCorrectErrorCode(exceptionMessage: &quot;Unable to connect&quot;, expectedErrorCode: &quot;LLM-CONN-001&quot;)" storage="c:\users\bruce\source\repos\jarvis assistant mk2\jarvisassistant.unittests\bin\debug\net8.0\jarvisassistant.unittests.dll" id="63a19674-b22e-9aaf-6956-92a86c964104">
      <Execution id="43d79748-0853-45df-97b3-999c5ec6c3cd" />
      <TestMethod codeBase="c:\Users\Bruce\source\repos\Jarvis Assistant MK2\JarvisAssistant.UnitTests\bin\Debug\net8.0\JarvisAssistant.UnitTests.dll" adapterTypeName="executor://xunit/VsTestRunner2/netcoreapp" className="JarvisAssistant.UnitTests.Services.LLM.LLMErrorHandlerTests" name="ProcessException_HttpRequestException_ConnectionRefused_ReturnsCorrectErrorCode" />
    </UnitTest>
    <UnitTest name="JarvisAssistant.UnitTests.Core.Converters.ConverterLogicTests.VoiceActivityToOpacity_ShouldClampValues(input: 1.5, expected: 1)" storage="c:\users\bruce\source\repos\jarvis assistant mk2\jarvisassistant.unittests\bin\debug\net8.0\jarvisassistant.unittests.dll" id="5038bfa2-153b-4a38-fc38-6a7312311f4d">
      <Execution id="e9224660-8ddd-4fa3-a116-5b2d3e158167" />
      <TestMethod codeBase="c:\Users\Bruce\source\repos\Jarvis Assistant MK2\JarvisAssistant.UnitTests\bin\Debug\net8.0\JarvisAssistant.UnitTests.dll" adapterTypeName="executor://xunit/VsTestRunner2/netcoreapp" className="JarvisAssistant.UnitTests.Core.Converters.ConverterLogicTests" name="VoiceActivityToOpacity_ShouldClampValues" />
    </UnitTest>
    <UnitTest name="JarvisAssistant.UnitTests.Integration.LLMServiceIntegrationTests.SendMessageAsync_WithCodeQuery_UsesCodeModel" storage="c:\users\bruce\source\repos\jarvis assistant mk2\jarvisassistant.unittests\bin\debug\net8.0\jarvisassistant.unittests.dll" id="3f2ac24f-27f2-8335-b377-8da53ec51587">
      <Execution id="3ec27867-a1bb-4ff2-8474-4cb174a58e21" />
      <TestMethod codeBase="c:\Users\Bruce\source\repos\Jarvis Assistant MK2\JarvisAssistant.UnitTests\bin\Debug\net8.0\JarvisAssistant.UnitTests.dll" adapterTypeName="executor://xunit/VsTestRunner2/netcoreapp" className="JarvisAssistant.UnitTests.Integration.LLMServiceIntegrationTests" name="SendMessageAsync_WithCodeQuery_UsesCodeModel" />
    </UnitTest>
    <UnitTest name="JarvisAssistant.UnitTests.UI.StatusPanelFunctionalityTests.SimulateStatusBarTap_ShouldToggleExpansion" storage="c:\users\bruce\source\repos\jarvis assistant mk2\jarvisassistant.unittests\bin\debug\net8.0\jarvisassistant.unittests.dll" id="27247de7-16d2-c353-a8f1-9a4ceb24ee5d">
      <Execution id="3b0fe419-69dd-4f0e-928a-d317d05667ff" />
      <TestMethod codeBase="c:\Users\Bruce\source\repos\Jarvis Assistant MK2\JarvisAssistant.UnitTests\bin\Debug\net8.0\JarvisAssistant.UnitTests.dll" adapterTypeName="executor://xunit/VsTestRunner2/netcoreapp" className="JarvisAssistant.UnitTests.UI.StatusPanelFunctionalityTests" name="SimulateStatusBarTap_ShouldToggleExpansion" />
    </UnitTest>
    <UnitTest name="JarvisAssistant.UnitTests.Voice.VoiceModeManagerTests.ListenForCommandAsync_WithTimeout_ReturnsNullWhenNoCommand" storage="c:\users\bruce\source\repos\jarvis assistant mk2\jarvisassistant.unittests\bin\debug\net8.0\jarvisassistant.unittests.dll" id="c9e9affe-7af9-b13f-1809-bf0876778f17">
      <Execution id="10fb3a3b-9857-4011-96b8-5d94868fff87" />
      <TestMethod codeBase="c:\Users\Bruce\source\repos\Jarvis Assistant MK2\JarvisAssistant.UnitTests\bin\Debug\net8.0\JarvisAssistant.UnitTests.dll" adapterTypeName="executor://xunit/VsTestRunner2/netcoreapp" className="JarvisAssistant.UnitTests.Voice.VoiceModeManagerTests" name="ListenForCommandAsync_WithTimeout_ReturnsNullWhenNoCommand" />
    </UnitTest>
    <UnitTest name="JarvisAssistant.UnitTests.Integration.LLMServiceIntegrationTests.SendMessageAsync_WithDifferentQueryTypes_ReturnsAppropriateResponses(message: &quot;Write a short poem about AI&quot;, expectedQueryType: Creative)" storage="c:\users\bruce\source\repos\jarvis assistant mk2\jarvisassistant.unittests\bin\debug\net8.0\jarvisassistant.unittests.dll" id="09b8bac4-31e7-91b5-74e0-6637b4c9a22a">
      <Execution id="65bd5c61-33c9-4129-a75a-6c375b4e127c" />
      <TestMethod codeBase="c:\Users\Bruce\source\repos\Jarvis Assistant MK2\JarvisAssistant.UnitTests\bin\Debug\net8.0\JarvisAssistant.UnitTests.dll" adapterTypeName="executor://xunit/VsTestRunner2/netcoreapp" className="JarvisAssistant.UnitTests.Integration.LLMServiceIntegrationTests" name="SendMessageAsync_WithDifferentQueryTypes_ReturnsAppropriateResponses" />
    </UnitTest>
    <UnitTest name="JarvisAssistant.UnitTests.Services.LLM.LLMErrorHandlerTests.ProcessException_HttpRequestException_RateLimit_ReturnsCorrectErrorCode(exceptionMessage: &quot;429 rate limit exceeded&quot;, expectedErrorCode: &quot;LLM-HTTP-429-001&quot;)" storage="c:\users\bruce\source\repos\jarvis assistant mk2\jarvisassistant.unittests\bin\debug\net8.0\jarvisassistant.unittests.dll" id="00c4d6bb-7a84-1e44-7c3a-2224624b250b">
      <Execution id="e27423b5-2097-40c3-bd32-261fe90170db" />
      <TestMethod codeBase="c:\Users\Bruce\source\repos\Jarvis Assistant MK2\JarvisAssistant.UnitTests\bin\Debug\net8.0\JarvisAssistant.UnitTests.dll" adapterTypeName="executor://xunit/VsTestRunner2/netcoreapp" className="JarvisAssistant.UnitTests.Services.LLM.LLMErrorHandlerTests" name="ProcessException_HttpRequestException_RateLimit_ReturnsCorrectErrorCode" />
    </UnitTest>
    <UnitTest name="JarvisAssistant.UnitTests.Services.LLM.LLMErrorHandlerTests.ProcessException_SocketException_ReturnsCorrectErrorCode(socketError: ConnectionRefused, expectedErrorCode: &quot;LLM-CONN-001&quot;)" storage="c:\users\bruce\source\repos\jarvis assistant mk2\jarvisassistant.unittests\bin\debug\net8.0\jarvisassistant.unittests.dll" id="9ec3fce4-d4d3-137c-69a6-569561ffc304">
      <Execution id="5304aa2b-243b-4d28-86ad-2020c882d21a" />
      <TestMethod codeBase="c:\Users\Bruce\source\repos\Jarvis Assistant MK2\JarvisAssistant.UnitTests\bin\Debug\net8.0\JarvisAssistant.UnitTests.dll" adapterTypeName="executor://xunit/VsTestRunner2/netcoreapp" className="JarvisAssistant.UnitTests.Services.LLM.LLMErrorHandlerTests" name="ProcessException_SocketException_ReturnsCorrectErrorCode" />
    </UnitTest>
    <UnitTest name="JarvisAssistant.UnitTests.UI.MAUIUIIntegrationTests.Platform_StatusPanel_ShouldWorkOnAllPlatforms(platform: &quot;iOS&quot;)" storage="c:\users\bruce\source\repos\jarvis assistant mk2\jarvisassistant.unittests\bin\debug\net8.0\jarvisassistant.unittests.dll" id="f393b73f-45d4-af8d-ec83-395c6a10ed4d">
      <Execution id="d12025c6-a9c5-46ef-a0fc-ce1fd56c1fd4" />
      <TestMethod codeBase="c:\Users\Bruce\source\repos\Jarvis Assistant MK2\JarvisAssistant.UnitTests\bin\Debug\net8.0\JarvisAssistant.UnitTests.dll" adapterTypeName="executor://xunit/VsTestRunner2/netcoreapp" className="JarvisAssistant.UnitTests.UI.MAUIUIIntegrationTests" name="Platform_StatusPanel_ShouldWorkOnAllPlatforms" />
    </UnitTest>
    <UnitTest name="JarvisAssistant.UnitTests.UI.MAUIStatusPanelUITests.StatusPanel_REGRESSION_InputTransparentConfiguration" storage="c:\users\bruce\source\repos\jarvis assistant mk2\jarvisassistant.unittests\bin\debug\net8.0\jarvisassistant.unittests.dll" id="743752cb-a38c-ab0c-14c9-92337e814f66">
      <Execution id="186595cb-2de0-420f-b23c-1dd9f71d5171" />
      <TestMethod codeBase="c:\Users\Bruce\source\repos\Jarvis Assistant MK2\JarvisAssistant.UnitTests\bin\Debug\net8.0\JarvisAssistant.UnitTests.dll" adapterTypeName="executor://xunit/VsTestRunner2/netcoreapp" className="JarvisAssistant.UnitTests.UI.MAUIStatusPanelUITests" name="StatusPanel_REGRESSION_InputTransparentConfiguration" />
    </UnitTest>
    <UnitTest name="JarvisAssistant.UnitTests.Services.ThemeManagerTests.LoadThemePreferenceAsync_WithoutPreviousSave_ShouldReturnSystemDefault" storage="c:\users\bruce\source\repos\jarvis assistant mk2\jarvisassistant.unittests\bin\debug\net8.0\jarvisassistant.unittests.dll" id="a6ff64d9-e4f7-3ad8-6960-f6157f40d8b7">
      <Execution id="9c3820a7-34ac-4054-b402-c6fc61eb5295" />
      <TestMethod codeBase="c:\Users\Bruce\source\repos\Jarvis Assistant MK2\JarvisAssistant.UnitTests\bin\Debug\net8.0\JarvisAssistant.UnitTests.dll" adapterTypeName="executor://xunit/VsTestRunner2/netcoreapp" className="JarvisAssistant.UnitTests.Services.ThemeManagerTests" name="LoadThemePreferenceAsync_WithoutPreviousSave_ShouldReturnSystemDefault" />
    </UnitTest>
    <UnitTest name="JarvisAssistant.UnitTests.Services.OllamaLLMServiceTests.Constructor_WithNullOllamaClient_ThrowsArgumentNullException" storage="c:\users\bruce\source\repos\jarvis assistant mk2\jarvisassistant.unittests\bin\debug\net8.0\jarvisassistant.unittests.dll" id="614c270e-9bbe-9f15-0781-88786cebf174">
      <Execution id="2ad0fdea-711c-4725-a13d-4b074db7093c" />
      <TestMethod codeBase="c:\Users\Bruce\source\repos\Jarvis Assistant MK2\JarvisAssistant.UnitTests\bin\Debug\net8.0\JarvisAssistant.UnitTests.dll" adapterTypeName="executor://xunit/VsTestRunner2/netcoreapp" className="JarvisAssistant.UnitTests.Services.OllamaLLMServiceTests" name="Constructor_WithNullOllamaClient_ThrowsArgumentNullException" />
    </UnitTest>
    <UnitTest name="JarvisAssistant.UnitTests.Services.ThemeManagerTests.LoadThemeResourcesAsync_AnyTheme_ShouldCompleteSuccessfully(theme: TV)" storage="c:\users\bruce\source\repos\jarvis assistant mk2\jarvisassistant.unittests\bin\debug\net8.0\jarvisassistant.unittests.dll" id="eb48905c-20a6-7956-9e27-87b4ef5ab9bc">
      <Execution id="c3f30da2-7ff2-4683-86a0-d370863ebb54" />
      <TestMethod codeBase="c:\Users\Bruce\source\repos\Jarvis Assistant MK2\JarvisAssistant.UnitTests\bin\Debug\net8.0\JarvisAssistant.UnitTests.dll" adapterTypeName="executor://xunit/VsTestRunner2/netcoreapp" className="JarvisAssistant.UnitTests.Services.ThemeManagerTests" name="LoadThemeResourcesAsync_AnyTheme_ShouldCompleteSuccessfully" />
    </UnitTest>
    <UnitTest name="JarvisAssistant.UnitTests.Voice.GoogleTVVoiceHandlerTests.Constructor_WithNullCommandProcessor_ThrowsArgumentNullException" storage="c:\users\bruce\source\repos\jarvis assistant mk2\jarvisassistant.unittests\bin\debug\net8.0\jarvisassistant.unittests.dll" id="7be92f69-1581-f515-f347-cbca8a806b47">
      <Execution id="d2da418f-4c1f-46c9-a8b8-fb19f294c409" />
      <TestMethod codeBase="c:\Users\Bruce\source\repos\Jarvis Assistant MK2\JarvisAssistant.UnitTests\bin\Debug\net8.0\JarvisAssistant.UnitTests.dll" adapterTypeName="executor://xunit/VsTestRunner2/netcoreapp" className="JarvisAssistant.UnitTests.Voice.GoogleTVVoiceHandlerTests" name="Constructor_WithNullCommandProcessor_ThrowsArgumentNullException" />
    </UnitTest>
    <UnitTest name="JarvisAssistant.UnitTests.Services.ElevenLabsVoiceServiceTests.GenerateSpeechAsync_WhenRateLimited_UsesFallbackService" storage="c:\users\bruce\source\repos\jarvis assistant mk2\jarvisassistant.unittests\bin\debug\net8.0\jarvisassistant.unittests.dll" id="55b16e68-6299-1309-2bbb-0dc1a6336bca">
      <Execution id="8f50385b-5590-40ab-9657-ca423ef7a627" />
      <TestMethod codeBase="c:\Users\Bruce\source\repos\Jarvis Assistant MK2\JarvisAssistant.UnitTests\bin\Debug\net8.0\JarvisAssistant.UnitTests.dll" adapterTypeName="executor://xunit/VsTestRunner2/netcoreapp" className="JarvisAssistant.UnitTests.Services.ElevenLabsVoiceServiceTests" name="GenerateSpeechAsync_WhenRateLimited_UsesFallbackService" />
    </UnitTest>
    <UnitTest name="JarvisAssistant.UnitTests.UI.MAUIStatusPanelUITests.StatusPanel_TouchInput_ShouldRespondCorrectly" storage="c:\users\bruce\source\repos\jarvis assistant mk2\jarvisassistant.unittests\bin\debug\net8.0\jarvisassistant.unittests.dll" id="67f67713-4dfe-0da8-b2f2-8445aef362aa">
      <Execution id="3456abf4-37ca-48f5-ba61-fe3cc3d0e8ca" />
      <TestMethod codeBase="c:\Users\Bruce\source\repos\Jarvis Assistant MK2\JarvisAssistant.UnitTests\bin\Debug\net8.0\JarvisAssistant.UnitTests.dll" adapterTypeName="executor://xunit/VsTestRunner2/netcoreapp" className="JarvisAssistant.UnitTests.UI.MAUIStatusPanelUITests" name="StatusPanel_TouchInput_ShouldRespondCorrectly" />
    </UnitTest>
    <UnitTest name="JarvisAssistant.UnitTests.Integration.ElevenLabsServiceExtensionsTests.AddElevenLabsVoiceService_WithCustomConfiguration_AppliesCorrectly" storage="c:\users\bruce\source\repos\jarvis assistant mk2\jarvisassistant.unittests\bin\debug\net8.0\jarvisassistant.unittests.dll" id="db225c20-9efd-cd4d-b9b4-d762745c0403">
      <Execution id="6988af6a-515a-471d-a0ef-8ab5e3d3430f" />
      <TestMethod codeBase="c:\Users\Bruce\source\repos\Jarvis Assistant MK2\JarvisAssistant.UnitTests\bin\Debug\net8.0\JarvisAssistant.UnitTests.dll" adapterTypeName="executor://xunit/VsTestRunner2/netcoreapp" className="JarvisAssistant.UnitTests.Integration.ElevenLabsServiceExtensionsTests" name="AddElevenLabsVoiceService_WithCustomConfiguration_AppliesCorrectly" />
    </UnitTest>
    <UnitTest name="JarvisAssistant.UnitTests.Voice.VoiceEventArgsTests.VoiceButtonType_AllValues_AreValid(buttonType: Microphone)" storage="c:\users\bruce\source\repos\jarvis assistant mk2\jarvisassistant.unittests\bin\debug\net8.0\jarvisassistant.unittests.dll" id="171ef7d1-acdf-69b2-60eb-6325b7bf2b75">
      <Execution id="d88491ed-d64b-4bd5-819f-a3bfad1b3049" />
      <TestMethod codeBase="c:\Users\Bruce\source\repos\Jarvis Assistant MK2\JarvisAssistant.UnitTests\bin\Debug\net8.0\JarvisAssistant.UnitTests.dll" adapterTypeName="executor://xunit/VsTestRunner2/netcoreapp" className="JarvisAssistant.UnitTests.Voice.VoiceEventArgsTests" name="VoiceButtonType_AllValues_AreValid" />
    </UnitTest>
    <UnitTest name="JarvisAssistant.UnitTests.Integration.VoiceConfigurationTests.VoiceSettings_CreateEmotionalSettings_ReturnsCorrectValues(emotion: &quot;unknown&quot;, expectedStability: 0.75, expectedSimilarity: 0.850000024, expectedStyle: 0, expectedRate: 0.899999976)" storage="c:\users\bruce\source\repos\jarvis assistant mk2\jarvisassistant.unittests\bin\debug\net8.0\jarvisassistant.unittests.dll" id="f1515a36-9f93-4069-9478-b67b6313ac95">
      <Execution id="fc5e6cdf-f03b-4f48-9db4-9fb871016e97" />
      <TestMethod codeBase="c:\Users\Bruce\source\repos\Jarvis Assistant MK2\JarvisAssistant.UnitTests\bin\Debug\net8.0\JarvisAssistant.UnitTests.dll" adapterTypeName="executor://xunit/VsTestRunner2/netcoreapp" className="JarvisAssistant.UnitTests.Integration.VoiceConfigurationTests" name="VoiceSettings_CreateEmotionalSettings_ReturnsCorrectValues" />
    </UnitTest>
    <UnitTest name="JarvisAssistant.UnitTests.UI.StatusPanelFunctionalityTests.ToggleExpanded_ShouldChangeIsExpandedState" storage="c:\users\bruce\source\repos\jarvis assistant mk2\jarvisassistant.unittests\bin\debug\net8.0\jarvisassistant.unittests.dll" id="c5ce9c82-cb77-8257-2f8d-76cb4c7d8d58">
      <Execution id="03d953c8-91d5-43b4-aa66-e122699f6379" />
      <TestMethod codeBase="c:\Users\Bruce\source\repos\Jarvis Assistant MK2\JarvisAssistant.UnitTests\bin\Debug\net8.0\JarvisAssistant.UnitTests.dll" adapterTypeName="executor://xunit/VsTestRunner2/netcoreapp" className="JarvisAssistant.UnitTests.UI.StatusPanelFunctionalityTests" name="ToggleExpanded_ShouldChangeIsExpandedState" />
    </UnitTest>
    <UnitTest name="JarvisAssistant.UnitTests.Integration.LLMServiceIntegrationTests.SendMessageAsync_WithDifferentQueryTypes_ReturnsAppropriateResponses(message: &quot;How are you today?&quot;, expectedQueryType: General)" storage="c:\users\bruce\source\repos\jarvis assistant mk2\jarvisassistant.unittests\bin\debug\net8.0\jarvisassistant.unittests.dll" id="f242ff15-862e-9201-736d-a74ebb53e2ce">
      <Execution id="cbd67376-1954-4909-bde5-44b377da236c" />
      <TestMethod codeBase="c:\Users\Bruce\source\repos\Jarvis Assistant MK2\JarvisAssistant.UnitTests\bin\Debug\net8.0\JarvisAssistant.UnitTests.dll" adapterTypeName="executor://xunit/VsTestRunner2/netcoreapp" className="JarvisAssistant.UnitTests.Integration.LLMServiceIntegrationTests" name="SendMessageAsync_WithDifferentQueryTypes_ReturnsAppropriateResponses" />
    </UnitTest>
    <UnitTest name="JarvisAssistant.UnitTests.Services.MauiThemeManagerTests.CurrentTheme_InitialValue_ShouldBeSystem" storage="c:\users\bruce\source\repos\jarvis assistant mk2\jarvisassistant.unittests\bin\debug\net8.0\jarvisassistant.unittests.dll" id="cb48eb78-a99e-9e0c-2112-9a3d488c1d0a">
      <Execution id="c1354428-a067-416e-934f-70de3ae6aae8" />
      <TestMethod codeBase="c:\Users\Bruce\source\repos\Jarvis Assistant MK2\JarvisAssistant.UnitTests\bin\Debug\net8.0\JarvisAssistant.UnitTests.dll" adapterTypeName="executor://xunit/VsTestRunner2/netcoreapp" className="JarvisAssistant.UnitTests.Services.MauiThemeManagerTests" name="CurrentTheme_InitialValue_ShouldBeSystem" />
    </UnitTest>
    <UnitTest name="JarvisAssistant.UnitTests.Services.PlatformServiceTests.IsTouchPrimary_ShouldReturnExpectedValueForPlatform(platform: AndroidTV, expected: False)" storage="c:\users\bruce\source\repos\jarvis assistant mk2\jarvisassistant.unittests\bin\debug\net8.0\jarvisassistant.unittests.dll" id="6d000ad0-0261-0523-05ae-db3dd9111227">
      <Execution id="0152f087-62b8-45ed-b5eb-90452b4a7f4d" />
      <TestMethod codeBase="c:\Users\Bruce\source\repos\Jarvis Assistant MK2\JarvisAssistant.UnitTests\bin\Debug\net8.0\JarvisAssistant.UnitTests.dll" adapterTypeName="executor://xunit/VsTestRunner2/netcoreapp" className="JarvisAssistant.UnitTests.Services.PlatformServiceTests" name="IsTouchPrimary_ShouldReturnExpectedValueForPlatform" />
    </UnitTest>
    <UnitTest name="JarvisAssistant.UnitTests.Voice.VoiceEventArgsTests.VoiceButtonType_AllValues_AreValid(buttonType: VoiceAssist)" storage="c:\users\bruce\source\repos\jarvis assistant mk2\jarvisassistant.unittests\bin\debug\net8.0\jarvisassistant.unittests.dll" id="ef892400-2f3c-93a1-6377-03adc419b00d">
      <Execution id="f14e41a8-90c8-4175-a8f4-6121a7ab1b14" />
      <TestMethod codeBase="c:\Users\Bruce\source\repos\Jarvis Assistant MK2\JarvisAssistant.UnitTests\bin\Debug\net8.0\JarvisAssistant.UnitTests.dll" adapterTypeName="executor://xunit/VsTestRunner2/netcoreapp" className="JarvisAssistant.UnitTests.Voice.VoiceEventArgsTests" name="VoiceButtonType_AllValues_AreValid" />
    </UnitTest>
    <UnitTest name="JarvisAssistant.UnitTests.Services.RateLimitServiceTests.RecordRequestAsync_UpdatesStatistics" storage="c:\users\bruce\source\repos\jarvis assistant mk2\jarvisassistant.unittests\bin\debug\net8.0\jarvisassistant.unittests.dll" id="b2dd8727-e1bd-6515-6995-2ecb1ea9f0a3">
      <Execution id="518bd464-cb82-4fa4-9eb2-3bb8dc1c2776" />
      <TestMethod codeBase="c:\Users\Bruce\source\repos\Jarvis Assistant MK2\JarvisAssistant.UnitTests\bin\Debug\net8.0\JarvisAssistant.UnitTests.dll" adapterTypeName="executor://xunit/VsTestRunner2/netcoreapp" className="JarvisAssistant.UnitTests.Services.RateLimitServiceTests" name="RecordRequestAsync_UpdatesStatistics" />
    </UnitTest>
    <UnitTest name="JarvisAssistant.UnitTests.Services.LLM.PersonalityServiceTests.FormatResponseAsync_ConsistentPersonality_MaintainsStyle" storage="c:\users\bruce\source\repos\jarvis assistant mk2\jarvisassistant.unittests\bin\debug\net8.0\jarvisassistant.unittests.dll" id="67623f51-4623-3d6d-ce86-0f6a59180cd8">
      <Execution id="9a6535ba-4c26-47e3-903f-ab7b17ad6731" />
      <TestMethod codeBase="c:\Users\Bruce\source\repos\Jarvis Assistant MK2\JarvisAssistant.UnitTests\bin\Debug\net8.0\JarvisAssistant.UnitTests.dll" adapterTypeName="executor://xunit/VsTestRunner2/netcoreapp" className="JarvisAssistant.UnitTests.Services.LLM.PersonalityServiceTests" name="FormatResponseAsync_ConsistentPersonality_MaintainsStyle" />
    </UnitTest>
    <UnitTest name="JarvisAssistant.UnitTests.Services.LLM.IOllamaClientAbstractionTests.IOllamaClient_GetAvailableModelsAsync_CanBeMocked" storage="c:\users\bruce\source\repos\jarvis assistant mk2\jarvisassistant.unittests\bin\debug\net8.0\jarvisassistant.unittests.dll" id="e6b7da51-fa56-d388-2c40-aaef3ee2e468">
      <Execution id="901e93c4-e4ee-4a8a-b927-ee68bf9cc57e" />
      <TestMethod codeBase="c:\Users\Bruce\source\repos\Jarvis Assistant MK2\JarvisAssistant.UnitTests\bin\Debug\net8.0\JarvisAssistant.UnitTests.dll" adapterTypeName="executor://xunit/VsTestRunner2/netcoreapp" className="JarvisAssistant.UnitTests.Services.LLM.IOllamaClientAbstractionTests" name="IOllamaClient_GetAvailableModelsAsync_CanBeMocked" />
    </UnitTest>
    <UnitTest name="JarvisAssistant.UnitTests.Voice.VoiceCommandProcessorTests.ClassifyCommandAsync_WithValidCommands_ClassifiesCorrectly(commandText: &quot;create a function&quot;, expectedType: GenerateCode)" storage="c:\users\bruce\source\repos\jarvis assistant mk2\jarvisassistant.unittests\bin\debug\net8.0\jarvisassistant.unittests.dll" id="dc7e5904-9c0d-5a50-0fe5-5e9b823be5cf">
      <Execution id="2c1d091a-d6ff-430d-a477-2bfc97b3c5a3" />
      <TestMethod codeBase="c:\Users\Bruce\source\repos\Jarvis Assistant MK2\JarvisAssistant.UnitTests\bin\Debug\net8.0\JarvisAssistant.UnitTests.dll" adapterTypeName="executor://xunit/VsTestRunner2/netcoreapp" className="JarvisAssistant.UnitTests.Voice.VoiceCommandProcessorTests" name="ClassifyCommandAsync_WithValidCommands_ClassifiesCorrectly" />
    </UnitTest>
    <UnitTest name="JarvisAssistant.UnitTests.Core.Converters.ConverterLogicTests.VoiceActivityToOpacity_ShouldClampValues(input: 1, expected: 1)" storage="c:\users\bruce\source\repos\jarvis assistant mk2\jarvisassistant.unittests\bin\debug\net8.0\jarvisassistant.unittests.dll" id="04f3d280-b9d9-c47d-3102-3db188c35fa5">
      <Execution id="57914568-54ad-4543-8ed1-c778114f80b7" />
      <TestMethod codeBase="c:\Users\Bruce\source\repos\Jarvis Assistant MK2\JarvisAssistant.UnitTests\bin\Debug\net8.0\JarvisAssistant.UnitTests.dll" adapterTypeName="executor://xunit/VsTestRunner2/netcoreapp" className="JarvisAssistant.UnitTests.Core.Converters.ConverterLogicTests" name="VoiceActivityToOpacity_ShouldClampValues" />
    </UnitTest>
    <UnitTest name="JarvisAssistant.UnitTests.Services.LLM.PersonalityServiceTests.Constructor_WithNullLogger_ThrowsArgumentNullException" storage="c:\users\bruce\source\repos\jarvis assistant mk2\jarvisassistant.unittests\bin\debug\net8.0\jarvisassistant.unittests.dll" id="6e4a6d04-9b47-8014-3091-295207ac0b55">
      <Execution id="b5f0a094-e9ff-4a9d-acb7-0dd82229a837" />
      <TestMethod codeBase="c:\Users\Bruce\source\repos\Jarvis Assistant MK2\JarvisAssistant.UnitTests\bin\Debug\net8.0\JarvisAssistant.UnitTests.dll" adapterTypeName="executor://xunit/VsTestRunner2/netcoreapp" className="JarvisAssistant.UnitTests.Services.LLM.PersonalityServiceTests" name="Constructor_WithNullLogger_ThrowsArgumentNullException" />
    </UnitTest>
    <UnitTest name="JarvisAssistant.UnitTests.Services.OllamaLLMServiceTests.SendMessageAsync_WithEmptyMessage_ThrowsArgumentException" storage="c:\users\bruce\source\repos\jarvis assistant mk2\jarvisassistant.unittests\bin\debug\net8.0\jarvisassistant.unittests.dll" id="ef5dd8cf-06c7-d83c-d969-bedb02424e91">
      <Execution id="41b07949-6536-42d2-bcc9-e5cd5358ab34" />
      <TestMethod codeBase="c:\Users\Bruce\source\repos\Jarvis Assistant MK2\JarvisAssistant.UnitTests\bin\Debug\net8.0\JarvisAssistant.UnitTests.dll" adapterTypeName="executor://xunit/VsTestRunner2/netcoreapp" className="JarvisAssistant.UnitTests.Services.OllamaLLMServiceTests" name="SendMessageAsync_WithEmptyMessage_ThrowsArgumentException" />
    </UnitTest>
    <UnitTest name="JarvisAssistant.UnitTests.Voice.VoiceCommandProcessorTests.ProcessTextCommandAsync_WithValidText_ProcessesSuccessfully" storage="c:\users\bruce\source\repos\jarvis assistant mk2\jarvisassistant.unittests\bin\debug\net8.0\jarvisassistant.unittests.dll" id="6634bd44-a917-06ca-dc87-cffd05998256">
      <Execution id="13ea7982-e530-4af6-80bb-7a82e3f0cd11" />
      <TestMethod codeBase="c:\Users\Bruce\source\repos\Jarvis Assistant MK2\JarvisAssistant.UnitTests\bin\Debug\net8.0\JarvisAssistant.UnitTests.dll" adapterTypeName="executor://xunit/VsTestRunner2/netcoreapp" className="JarvisAssistant.UnitTests.Voice.VoiceCommandProcessorTests" name="ProcessTextCommandAsync_WithValidText_ProcessesSuccessfully" />
    </UnitTest>
    <UnitTest name="JarvisAssistant.UnitTests.UI.MAUIUIIntegrationTests.Platform_MainPageButtons_ShouldWorkOnAllPlatforms(platform: &quot;WinUI&quot;)" storage="c:\users\bruce\source\repos\jarvis assistant mk2\jarvisassistant.unittests\bin\debug\net8.0\jarvisassistant.unittests.dll" id="a15ba427-b565-e2d7-9f49-e5000bc1e510">
      <Execution id="0edd7551-8de0-4207-971d-8cf7b1296857" />
      <TestMethod codeBase="c:\Users\Bruce\source\repos\Jarvis Assistant MK2\JarvisAssistant.UnitTests\bin\Debug\net8.0\JarvisAssistant.UnitTests.dll" adapterTypeName="executor://xunit/VsTestRunner2/netcoreapp" className="JarvisAssistant.UnitTests.UI.MAUIUIIntegrationTests" name="Platform_MainPageButtons_ShouldWorkOnAllPlatforms" />
    </UnitTest>
    <UnitTest name="JarvisAssistant.UnitTests.Voice.VoiceServiceStatusTests.VoiceServiceHealthChecker_Should_Identify_ElevenLabsVoiceService" storage="c:\users\bruce\source\repos\jarvis assistant mk2\jarvisassistant.unittests\bin\debug\net8.0\jarvisassistant.unittests.dll" id="75d5c589-d8d2-ac4b-4ebb-f7352e64a2e9">
      <Execution id="81c0aa61-0fd5-4094-afdd-593964b1cfe0" />
      <TestMethod codeBase="c:\Users\Bruce\source\repos\Jarvis Assistant MK2\JarvisAssistant.UnitTests\bin\Debug\net8.0\JarvisAssistant.UnitTests.dll" adapterTypeName="executor://xunit/VsTestRunner2/netcoreapp" className="JarvisAssistant.UnitTests.Voice.VoiceServiceStatusTests" name="VoiceServiceHealthChecker_Should_Identify_ElevenLabsVoiceService" />
    </UnitTest>
    <UnitTest name="JarvisAssistant.UnitTests.UI.StatusPanelFunctionalityTests.UpdateOverallStatus_ShouldReflectServiceStates" storage="c:\users\bruce\source\repos\jarvis assistant mk2\jarvisassistant.unittests\bin\debug\net8.0\jarvisassistant.unittests.dll" id="53969d5d-1830-ebe2-db9f-cbae21784ced">
      <Execution id="dd5a18b4-c139-4b3d-ab47-3bcccc22a03e" />
      <TestMethod codeBase="c:\Users\Bruce\source\repos\Jarvis Assistant MK2\JarvisAssistant.UnitTests\bin\Debug\net8.0\JarvisAssistant.UnitTests.dll" adapterTypeName="executor://xunit/VsTestRunner2/netcoreapp" className="JarvisAssistant.UnitTests.UI.StatusPanelFunctionalityTests" name="UpdateOverallStatus_ShouldReflectServiceStates" />
    </UnitTest>
    <UnitTest name="JarvisAssistant.UnitTests.Voice.VoiceModeManagerTests.EnableVoiceModeAsync_WhenAlreadyActive_ReturnsTrue" storage="c:\users\bruce\source\repos\jarvis assistant mk2\jarvisassistant.unittests\bin\debug\net8.0\jarvisassistant.unittests.dll" id="d6858bee-6809-98b9-d582-d36aa6bafbcd">
      <Execution id="1da95c58-3525-4ef9-869d-e2cb8bd23571" />
      <TestMethod codeBase="c:\Users\Bruce\source\repos\Jarvis Assistant MK2\JarvisAssistant.UnitTests\bin\Debug\net8.0\JarvisAssistant.UnitTests.dll" adapterTypeName="executor://xunit/VsTestRunner2/netcoreapp" className="JarvisAssistant.UnitTests.Voice.VoiceModeManagerTests" name="EnableVoiceModeAsync_WhenAlreadyActive_ReturnsTrue" />
    </UnitTest>
    <UnitTest name="JarvisAssistant.UnitTests.Services.MauiThemeManagerTests.SwitchThemeAsync_ExceptionDuringSwitch_ShouldRevertTheme" storage="c:\users\bruce\source\repos\jarvis assistant mk2\jarvisassistant.unittests\bin\debug\net8.0\jarvisassistant.unittests.dll" id="efc1315a-7cc9-6b22-649e-3647ab6d3444">
      <Execution id="bc6b85de-65b6-4fd9-a4e7-4a0c0daa0482" />
      <TestMethod codeBase="c:\Users\Bruce\source\repos\Jarvis Assistant MK2\JarvisAssistant.UnitTests\bin\Debug\net8.0\JarvisAssistant.UnitTests.dll" adapterTypeName="executor://xunit/VsTestRunner2/netcoreapp" className="JarvisAssistant.UnitTests.Services.MauiThemeManagerTests" name="SwitchThemeAsync_ExceptionDuringSwitch_ShouldRevertTheme" />
    </UnitTest>
    <UnitTest name="JarvisAssistant.UnitTests.Services.LLM.LLMErrorHandlerTests.ProcessException_HttpRequestException_ServerError_ReturnsCorrectErrorCode(exceptionMessage: &quot;HTTP 500 Internal Server Error&quot;, expectedErrorCode: &quot;LLM-HTTP-500-001&quot;, expectedRetryable: True)" storage="c:\users\bruce\source\repos\jarvis assistant mk2\jarvisassistant.unittests\bin\debug\net8.0\jarvisassistant.unittests.dll" id="8b0fe8f0-6f8c-1fb4-d420-8a561b7d182d">
      <Execution id="026410ef-4c37-464f-b972-50b99a4c8f17" />
      <TestMethod codeBase="c:\Users\Bruce\source\repos\Jarvis Assistant MK2\JarvisAssistant.UnitTests\bin\Debug\net8.0\JarvisAssistant.UnitTests.dll" adapterTypeName="executor://xunit/VsTestRunner2/netcoreapp" className="JarvisAssistant.UnitTests.Services.LLM.LLMErrorHandlerTests" name="ProcessException_HttpRequestException_ServerError_ReturnsCorrectErrorCode" />
    </UnitTest>
    <UnitTest name="JarvisAssistant.UnitTests.Voice.VoiceCommandModelTests.VoiceCommand_RequiresConfirmation_DefaultsFalse" storage="c:\users\bruce\source\repos\jarvis assistant mk2\jarvisassistant.unittests\bin\debug\net8.0\jarvisassistant.unittests.dll" id="472df6b9-d565-7aff-c97d-887d272ca451">
      <Execution id="7478ad95-2a43-4a4d-a751-8f4af0f4dac7" />
      <TestMethod codeBase="c:\Users\Bruce\source\repos\Jarvis Assistant MK2\JarvisAssistant.UnitTests\bin\Debug\net8.0\JarvisAssistant.UnitTests.dll" adapterTypeName="executor://xunit/VsTestRunner2/netcoreapp" className="JarvisAssistant.UnitTests.Voice.VoiceCommandModelTests" name="VoiceCommand_RequiresConfirmation_DefaultsFalse" />
    </UnitTest>
    <UnitTest name="JarvisAssistant.UnitTests.UI.UITestingRecommendations.RecommendedUITestingStack" storage="c:\users\bruce\source\repos\jarvis assistant mk2\jarvisassistant.unittests\bin\debug\net8.0\jarvisassistant.unittests.dll" id="92699f6e-a7f8-aef0-0187-52f7b25a3a3d">
      <Execution id="a4e59822-84bd-43ba-bece-35b6f9cd47c5" />
      <TestMethod codeBase="c:\Users\Bruce\source\repos\Jarvis Assistant MK2\JarvisAssistant.UnitTests\bin\Debug\net8.0\JarvisAssistant.UnitTests.dll" adapterTypeName="executor://xunit/VsTestRunner2/netcoreapp" className="JarvisAssistant.UnitTests.UI.UITestingRecommendations" name="RecommendedUITestingStack" />
    </UnitTest>
    <UnitTest name="JarvisAssistant.UnitTests.Services.LLM.LLMServerFailureTests.GenerateAsync_LargePayload_HandlesGracefully" storage="c:\users\bruce\source\repos\jarvis assistant mk2\jarvisassistant.unittests\bin\debug\net8.0\jarvisassistant.unittests.dll" id="7a1c99a6-6eb5-b231-fc64-0f7a66f515e4">
      <Execution id="0a8eba47-396d-4508-95b8-99b08165c45a" />
      <TestMethod codeBase="c:\Users\Bruce\source\repos\Jarvis Assistant MK2\JarvisAssistant.UnitTests\bin\Debug\net8.0\JarvisAssistant.UnitTests.dll" adapterTypeName="executor://xunit/VsTestRunner2/netcoreapp" className="JarvisAssistant.UnitTests.Services.LLM.LLMServerFailureTests" name="GenerateAsync_LargePayload_HandlesGracefully" />
    </UnitTest>
    <UnitTest name="JarvisAssistant.UnitTests.Integration.VoiceConfigurationTests.ElevenLabsConfig_IsValid_WithInvalidConfig_ReturnsFalse(apiKey: &quot;key&quot;, voiceId: &quot;voice&quot;, baseUrl: &quot;https://api.elevenlabs.io&quot;, timeoutSeconds: 0, maxRetryAttempts: 3, expected: False)" storage="c:\users\bruce\source\repos\jarvis assistant mk2\jarvisassistant.unittests\bin\debug\net8.0\jarvisassistant.unittests.dll" id="9aff1d8f-e4e0-1e77-8e25-fc7374c912e8">
      <Execution id="f516b4fc-0225-4133-8c4c-91372d93b4fb" />
      <TestMethod codeBase="c:\Users\Bruce\source\repos\Jarvis Assistant MK2\JarvisAssistant.UnitTests\bin\Debug\net8.0\JarvisAssistant.UnitTests.dll" adapterTypeName="executor://xunit/VsTestRunner2/netcoreapp" className="JarvisAssistant.UnitTests.Integration.VoiceConfigurationTests" name="ElevenLabsConfig_IsValid_WithInvalidConfig_ReturnsFalse" />
    </UnitTest>
    <UnitTest name="JarvisAssistant.UnitTests.Services.LLM.PersonalityServiceTests.GetSystemPrompt_WithValidQueryType_ReturnsPrompt(queryType: Creative)" storage="c:\users\bruce\source\repos\jarvis assistant mk2\jarvisassistant.unittests\bin\debug\net8.0\jarvisassistant.unittests.dll" id="7163904b-1a95-3dbf-3034-62bcfebc46d2">
      <Execution id="b9354726-b23f-4eea-b351-c5c4ceae6281" />
      <TestMethod codeBase="c:\Users\Bruce\source\repos\Jarvis Assistant MK2\JarvisAssistant.UnitTests\bin\Debug\net8.0\JarvisAssistant.UnitTests.dll" adapterTypeName="executor://xunit/VsTestRunner2/netcoreapp" className="JarvisAssistant.UnitTests.Services.LLM.PersonalityServiceTests" name="GetSystemPrompt_WithValidQueryType_ReturnsPrompt" />
    </UnitTest>
    <UnitTest name="JarvisAssistant.UnitTests.Voice.GoogleTVVoiceHandlerTests.Dispose_MultipleCalls_DoesNotThrow" storage="c:\users\bruce\source\repos\jarvis assistant mk2\jarvisassistant.unittests\bin\debug\net8.0\jarvisassistant.unittests.dll" id="6b30174d-f860-616f-ed29-710139b2abb6">
      <Execution id="e846d297-3668-4ae0-a20f-85f919af7498" />
      <TestMethod codeBase="c:\Users\Bruce\source\repos\Jarvis Assistant MK2\JarvisAssistant.UnitTests\bin\Debug\net8.0\JarvisAssistant.UnitTests.dll" adapterTypeName="executor://xunit/VsTestRunner2/netcoreapp" className="JarvisAssistant.UnitTests.Voice.GoogleTVVoiceHandlerTests" name="Dispose_MultipleCalls_DoesNotThrow" />
    </UnitTest>
    <UnitTest name="JarvisAssistant.UnitTests.Voice.VoiceCommandProcessorTests.ClassifyCommandAsync_WithValidCommands_ClassifiesCorrectly(commandText: &quot;write some code&quot;, expectedType: GenerateCode)" storage="c:\users\bruce\source\repos\jarvis assistant mk2\jarvisassistant.unittests\bin\debug\net8.0\jarvisassistant.unittests.dll" id="49675ff4-2fea-6e83-ccbf-b6aea3a8367c">
      <Execution id="5469b03e-e1ae-48bc-b0ce-e9f2be5f494e" />
      <TestMethod codeBase="c:\Users\Bruce\source\repos\Jarvis Assistant MK2\JarvisAssistant.UnitTests\bin\Debug\net8.0\JarvisAssistant.UnitTests.dll" adapterTypeName="executor://xunit/VsTestRunner2/netcoreapp" className="JarvisAssistant.UnitTests.Voice.VoiceCommandProcessorTests" name="ClassifyCommandAsync_WithValidCommands_ClassifiesCorrectly" />
    </UnitTest>
    <UnitTest name="JarvisAssistant.UnitTests.Services.LLM.OllamaClientTests.GenerateAsync_WithHttpError_ThrowsInvalidOperationException" storage="c:\users\bruce\source\repos\jarvis assistant mk2\jarvisassistant.unittests\bin\debug\net8.0\jarvisassistant.unittests.dll" id="82448592-71fb-8c3d-676c-7e25458512a4">
      <Execution id="3ca19452-ea5b-4518-a37e-41216bb87669" />
      <TestMethod codeBase="c:\Users\Bruce\source\repos\Jarvis Assistant MK2\JarvisAssistant.UnitTests\bin\Debug\net8.0\JarvisAssistant.UnitTests.dll" adapterTypeName="executor://xunit/VsTestRunner2/netcoreapp" className="JarvisAssistant.UnitTests.Services.LLM.OllamaClientTests" name="GenerateAsync_WithHttpError_ThrowsInvalidOperationException" />
    </UnitTest>
    <UnitTest name="JarvisAssistant.UnitTests.Services.PlatformServiceTests.GetOptimalTheme_ForDifferentPlatforms_ShouldReturnExpectedTheme(platform: MacOS, expectedTheme: Desktop)" storage="c:\users\bruce\source\repos\jarvis assistant mk2\jarvisassistant.unittests\bin\debug\net8.0\jarvisassistant.unittests.dll" id="44c18c84-24a2-0f79-71b7-ebdf4c97f975">
      <Execution id="b4eef105-b27f-40ed-90ff-efcff30f1479" />
      <TestMethod codeBase="c:\Users\Bruce\source\repos\Jarvis Assistant MK2\JarvisAssistant.UnitTests\bin\Debug\net8.0\JarvisAssistant.UnitTests.dll" adapterTypeName="executor://xunit/VsTestRunner2/netcoreapp" className="JarvisAssistant.UnitTests.Services.PlatformServiceTests" name="GetOptimalTheme_ForDifferentPlatforms_ShouldReturnExpectedTheme" />
    </UnitTest>
    <UnitTest name="JarvisAssistant.UnitTests.UI.ConceptualMainPageUITests.AllButtons_ShouldBeClickable_ComprehensiveTest" storage="c:\users\bruce\source\repos\jarvis assistant mk2\jarvisassistant.unittests\bin\debug\net8.0\jarvisassistant.unittests.dll" id="5087e0c0-da97-d934-02ab-434fce562377">
      <Execution id="6208635f-5545-443c-9a14-33885968f6ce" />
      <TestMethod codeBase="c:\Users\Bruce\source\repos\Jarvis Assistant MK2\JarvisAssistant.UnitTests\bin\Debug\net8.0\JarvisAssistant.UnitTests.dll" adapterTypeName="executor://xunit/VsTestRunner2/netcoreapp" className="JarvisAssistant.UnitTests.UI.ConceptualMainPageUITests" name="AllButtons_ShouldBeClickable_ComprehensiveTest" />
    </UnitTest>
    <UnitTest name="JarvisAssistant.UnitTests.UI.StatusPanelFunctionalityTests.ToggleExpandedCommand_Execute_ShouldToggleState" storage="c:\users\bruce\source\repos\jarvis assistant mk2\jarvisassistant.unittests\bin\debug\net8.0\jarvisassistant.unittests.dll" id="36845c53-62f7-c445-b7a6-5b111fefee21">
      <Execution id="a2a4e00c-ab3a-44df-8c6f-62b492877a22" />
      <TestMethod codeBase="c:\Users\Bruce\source\repos\Jarvis Assistant MK2\JarvisAssistant.UnitTests\bin\Debug\net8.0\JarvisAssistant.UnitTests.dll" adapterTypeName="executor://xunit/VsTestRunner2/netcoreapp" className="JarvisAssistant.UnitTests.UI.StatusPanelFunctionalityTests" name="ToggleExpandedCommand_Execute_ShouldToggleState" />
    </UnitTest>
    <UnitTest name="JarvisAssistant.UnitTests.Integration.LiveOllamaConnectionTests.LiveConnection_OllamaHealthCheck_ShouldIndicateServiceStatus" storage="c:\users\bruce\source\repos\jarvis assistant mk2\jarvisassistant.unittests\bin\debug\net8.0\jarvisassistant.unittests.dll" id="ceee2e63-760f-691d-adab-256d126519e4">
      <Execution id="02a90c7e-cf29-408b-804d-855196ca5794" />
      <TestMethod codeBase="c:\Users\Bruce\source\repos\Jarvis Assistant MK2\JarvisAssistant.UnitTests\bin\Debug\net8.0\JarvisAssistant.UnitTests.dll" adapterTypeName="executor://xunit/VsTestRunner2/netcoreapp" className="JarvisAssistant.UnitTests.Integration.LiveOllamaConnectionTests" name="LiveConnection_OllamaHealthCheck_ShouldIndicateServiceStatus" />
    </UnitTest>
    <UnitTest name="JarvisAssistant.UnitTests.Services.ElevenLabsVoiceServiceTests.GenerateSpeechAsync_WithServerError_UsesFallbackService" storage="c:\users\bruce\source\repos\jarvis assistant mk2\jarvisassistant.unittests\bin\debug\net8.0\jarvisassistant.unittests.dll" id="6d6e16da-a7b5-7915-ad87-e68d85e2c583">
      <Execution id="1e6f1644-bd8c-42a5-9519-f1f0af418070" />
      <TestMethod codeBase="c:\Users\Bruce\source\repos\Jarvis Assistant MK2\JarvisAssistant.UnitTests\bin\Debug\net8.0\JarvisAssistant.UnitTests.dll" adapterTypeName="executor://xunit/VsTestRunner2/netcoreapp" className="JarvisAssistant.UnitTests.Services.ElevenLabsVoiceServiceTests" name="GenerateSpeechAsync_WithServerError_UsesFallbackService" />
    </UnitTest>
    <UnitTest name="JarvisAssistant.UnitTests.UI.MAUIMainPageUITests.StartChatBtn_DisabledState_ShouldNotRespond" storage="c:\users\bruce\source\repos\jarvis assistant mk2\jarvisassistant.unittests\bin\debug\net8.0\jarvisassistant.unittests.dll" id="cd44f4d8-0d32-6ab4-8739-d24029f3e355">
      <Execution id="dd3c79e4-0c8f-432c-ac30-575684e88b1a" />
      <TestMethod codeBase="c:\Users\Bruce\source\repos\Jarvis Assistant MK2\JarvisAssistant.UnitTests\bin\Debug\net8.0\JarvisAssistant.UnitTests.dll" adapterTypeName="executor://xunit/VsTestRunner2/netcoreapp" className="JarvisAssistant.UnitTests.UI.MAUIMainPageUITests" name="StartChatBtn_DisabledState_ShouldNotRespond" />
    </UnitTest>
    <UnitTest name="JarvisAssistant.UnitTests.UI.MAUIMainPageUITests.Buttons_ShouldRespondToPlatformSpecificInput(platform: &quot;Tizen&quot;, inputMethod: &quot;Remote&quot;)" storage="c:\users\bruce\source\repos\jarvis assistant mk2\jarvisassistant.unittests\bin\debug\net8.0\jarvisassistant.unittests.dll" id="5353883c-eb6d-cf7c-b98e-d60c3494d1c0">
      <Execution id="89c5a1ba-d04c-4f66-931e-2dddc2a365d6" />
      <TestMethod codeBase="c:\Users\Bruce\source\repos\Jarvis Assistant MK2\JarvisAssistant.UnitTests\bin\Debug\net8.0\JarvisAssistant.UnitTests.dll" adapterTypeName="executor://xunit/VsTestRunner2/netcoreapp" className="JarvisAssistant.UnitTests.UI.MAUIMainPageUITests" name="Buttons_ShouldRespondToPlatformSpecificInput" />
    </UnitTest>
    <UnitTest name="JarvisAssistant.UnitTests.UI.ConceptualMainPageUITests.ZOrderAnalysis_ShouldDetectOverlayIssues" storage="c:\users\bruce\source\repos\jarvis assistant mk2\jarvisassistant.unittests\bin\debug\net8.0\jarvisassistant.unittests.dll" id="53f8ddcd-063c-3335-decf-883aeb74b05e">
      <Execution id="34d62bb3-1c88-4781-b156-09797ab2c3f7" />
      <TestMethod codeBase="c:\Users\Bruce\source\repos\Jarvis Assistant MK2\JarvisAssistant.UnitTests\bin\Debug\net8.0\JarvisAssistant.UnitTests.dll" adapterTypeName="executor://xunit/VsTestRunner2/netcoreapp" className="JarvisAssistant.UnitTests.UI.ConceptualMainPageUITests" name="ZOrderAnalysis_ShouldDetectOverlayIssues" />
    </UnitTest>
    <UnitTest name="JarvisAssistant.UnitTests.Voice.VoiceCommandProcessorTests.ClassifyCommandAsync_WithInvalidInput_ReturnsUnknownType(commandText: null)" storage="c:\users\bruce\source\repos\jarvis assistant mk2\jarvisassistant.unittests\bin\debug\net8.0\jarvisassistant.unittests.dll" id="d14df0d0-00fc-78a4-4d3f-15e80a87b8dd">
      <Execution id="0db19eef-03d7-4a89-8f2f-621e595fe002" />
      <TestMethod codeBase="c:\Users\Bruce\source\repos\Jarvis Assistant MK2\JarvisAssistant.UnitTests\bin\Debug\net8.0\JarvisAssistant.UnitTests.dll" adapterTypeName="executor://xunit/VsTestRunner2/netcoreapp" className="JarvisAssistant.UnitTests.Voice.VoiceCommandProcessorTests" name="ClassifyCommandAsync_WithInvalidInput_ReturnsUnknownType" />
    </UnitTest>
    <UnitTest name="JarvisAssistant.UnitTests.UI.UITestingBenefitsDocumentation.DocumentUITestingBenefits" storage="c:\users\bruce\source\repos\jarvis assistant mk2\jarvisassistant.unittests\bin\debug\net8.0\jarvisassistant.unittests.dll" id="b910859e-397f-d8fe-b757-052331faac8c">
      <Execution id="3052d0ab-f2ee-445c-92b4-6d57e678642c" />
      <TestMethod codeBase="c:\Users\Bruce\source\repos\Jarvis Assistant MK2\JarvisAssistant.UnitTests\bin\Debug\net8.0\JarvisAssistant.UnitTests.dll" adapterTypeName="executor://xunit/VsTestRunner2/netcoreapp" className="JarvisAssistant.UnitTests.UI.UITestingBenefitsDocumentation" name="DocumentUITestingBenefits" />
    </UnitTest>
    <UnitTest name="JarvisAssistant.UnitTests.Services.OllamaLLMServiceTests.SendMessageAsync_WithValidRequest_ReturnsFormattedResponse" storage="c:\users\bruce\source\repos\jarvis assistant mk2\jarvisassistant.unittests\bin\debug\net8.0\jarvisassistant.unittests.dll" id="42ee49df-8597-219c-2359-ceb83e42a2f3">
      <Execution id="4ad34646-cb28-4b52-be0f-ce6302f02a73" />
      <TestMethod codeBase="c:\Users\Bruce\source\repos\Jarvis Assistant MK2\JarvisAssistant.UnitTests\bin\Debug\net8.0\JarvisAssistant.UnitTests.dll" adapterTypeName="executor://xunit/VsTestRunner2/netcoreapp" className="JarvisAssistant.UnitTests.Services.OllamaLLMServiceTests" name="SendMessageAsync_WithValidRequest_ReturnsFormattedResponse" />
    </UnitTest>
    <UnitTest name="JarvisAssistant.UnitTests.Voice.VoiceCommandModelTests.VoiceCommand_AudioData_CanBeSetAndRetrieved" storage="c:\users\bruce\source\repos\jarvis assistant mk2\jarvisassistant.unittests\bin\debug\net8.0\jarvisassistant.unittests.dll" id="b356273d-3d22-f18d-d308-398d0500112c">
      <Execution id="648ee8f1-a777-44bc-a713-093887d45da1" />
      <TestMethod codeBase="c:\Users\Bruce\source\repos\Jarvis Assistant MK2\JarvisAssistant.UnitTests\bin\Debug\net8.0\JarvisAssistant.UnitTests.dll" adapterTypeName="executor://xunit/VsTestRunner2/netcoreapp" className="JarvisAssistant.UnitTests.Voice.VoiceCommandModelTests" name="VoiceCommand_AudioData_CanBeSetAndRetrieved" />
    </UnitTest>
    <UnitTest name="JarvisAssistant.UnitTests.Services.AudioCacheServiceTests.ClearExpiredEntriesAsync_RemovesExpiredEntries" storage="c:\users\bruce\source\repos\jarvis assistant mk2\jarvisassistant.unittests\bin\debug\net8.0\jarvisassistant.unittests.dll" id="01eaae2a-5712-cb1e-cf13-853fb3ca7af6">
      <Execution id="cd0a8c8b-bc01-4ecb-8aed-782117e64a16" />
      <TestMethod codeBase="c:\Users\Bruce\source\repos\Jarvis Assistant MK2\JarvisAssistant.UnitTests\bin\Debug\net8.0\JarvisAssistant.UnitTests.dll" adapterTypeName="executor://xunit/VsTestRunner2/netcoreapp" className="JarvisAssistant.UnitTests.Services.AudioCacheServiceTests" name="ClearExpiredEntriesAsync_RemovesExpiredEntries" />
    </UnitTest>
    <UnitTest name="JarvisAssistant.UnitTests.Services.ThemeManagerTests.LoadThemeResourcesAsync_AnyTheme_ShouldCompleteSuccessfully(theme: Mobile)" storage="c:\users\bruce\source\repos\jarvis assistant mk2\jarvisassistant.unittests\bin\debug\net8.0\jarvisassistant.unittests.dll" id="873d5876-eb3a-639a-b7f8-74e230362b62">
      <Execution id="4d83d7d2-9ef5-49b7-9275-576c202f759d" />
      <TestMethod codeBase="c:\Users\Bruce\source\repos\Jarvis Assistant MK2\JarvisAssistant.UnitTests\bin\Debug\net8.0\JarvisAssistant.UnitTests.dll" adapterTypeName="executor://xunit/VsTestRunner2/netcoreapp" className="JarvisAssistant.UnitTests.Services.ThemeManagerTests" name="LoadThemeResourcesAsync_AnyTheme_ShouldCompleteSuccessfully" />
    </UnitTest>
    <UnitTest name="JarvisAssistant.UnitTests.Services.PlatformServiceTests.AndroidPlatformThemeMapping_ShouldHandleAllAndroidVariants(platform: AndroidTV, isGoogleTV: False, expectedTheme: TV)" storage="c:\users\bruce\source\repos\jarvis assistant mk2\jarvisassistant.unittests\bin\debug\net8.0\jarvisassistant.unittests.dll" id="b1de556f-5377-dd00-c4e0-3e2bb333c8d4">
      <Execution id="7ddb2e0f-df69-40a8-816b-a478223d8aa7" />
      <TestMethod codeBase="c:\Users\Bruce\source\repos\Jarvis Assistant MK2\JarvisAssistant.UnitTests\bin\Debug\net8.0\JarvisAssistant.UnitTests.dll" adapterTypeName="executor://xunit/VsTestRunner2/netcoreapp" className="JarvisAssistant.UnitTests.Services.PlatformServiceTests" name="AndroidPlatformThemeMapping_ShouldHandleAllAndroidVariants" />
    </UnitTest>
    <UnitTest name="JarvisAssistant.UnitTests.Services.LLM.PersonalityServiceTests.GetSystemPrompt_WithValidQueryType_ReturnsPrompt(queryType: Code)" storage="c:\users\bruce\source\repos\jarvis assistant mk2\jarvisassistant.unittests\bin\debug\net8.0\jarvisassistant.unittests.dll" id="db3e7218-ed8a-0a9d-0b21-3ed43f90eb0e">
      <Execution id="1ce3f7e1-1410-4f8c-9486-921eae0364b3" />
      <TestMethod codeBase="c:\Users\Bruce\source\repos\Jarvis Assistant MK2\JarvisAssistant.UnitTests\bin\Debug\net8.0\JarvisAssistant.UnitTests.dll" adapterTypeName="executor://xunit/VsTestRunner2/netcoreapp" className="JarvisAssistant.UnitTests.Services.LLM.PersonalityServiceTests" name="GetSystemPrompt_WithValidQueryType_ReturnsPrompt" />
    </UnitTest>
    <UnitTest name="JarvisAssistant.UnitTests.Services.OllamaLLMServiceTests.Constructor_WithNullPersonalityService_ThrowsArgumentNullException" storage="c:\users\bruce\source\repos\jarvis assistant mk2\jarvisassistant.unittests\bin\debug\net8.0\jarvisassistant.unittests.dll" id="7610766f-7b57-6989-5649-58ea08552935">
      <Execution id="3152e627-2a37-4e96-a542-1c8204d7588e" />
      <TestMethod codeBase="c:\Users\Bruce\source\repos\Jarvis Assistant MK2\JarvisAssistant.UnitTests\bin\Debug\net8.0\JarvisAssistant.UnitTests.dll" adapterTypeName="executor://xunit/VsTestRunner2/netcoreapp" className="JarvisAssistant.UnitTests.Services.OllamaLLMServiceTests" name="Constructor_WithNullPersonalityService_ThrowsArgumentNullException" />
    </UnitTest>
    <UnitTest name="JarvisAssistant.UnitTests.Voice.VoiceCommandProcessorTests.SupportedCommands_ContainsAllDefaultCommands(commandType: Search)" storage="c:\users\bruce\source\repos\jarvis assistant mk2\jarvisassistant.unittests\bin\debug\net8.0\jarvisassistant.unittests.dll" id="a107db9e-a0cc-eee3-73df-ba42505c7bd1">
      <Execution id="93bd2d40-ccf6-4bb8-82e3-7d04a26d7201" />
      <TestMethod codeBase="c:\Users\Bruce\source\repos\Jarvis Assistant MK2\JarvisAssistant.UnitTests\bin\Debug\net8.0\JarvisAssistant.UnitTests.dll" adapterTypeName="executor://xunit/VsTestRunner2/netcoreapp" className="JarvisAssistant.UnitTests.Voice.VoiceCommandProcessorTests" name="SupportedCommands_ContainsAllDefaultCommands" />
    </UnitTest>
    <UnitTest name="JarvisAssistant.UnitTests.UI.InputBlockingRegressionTests.REGRESSION_OverlayElements_ShouldNotBlockInput" storage="c:\users\bruce\source\repos\jarvis assistant mk2\jarvisassistant.unittests\bin\debug\net8.0\jarvisassistant.unittests.dll" id="ffeb2ef8-f8ab-0f54-8aed-2528935885b9">
      <Execution id="c0008295-20c8-433b-9aae-1d3304737f4d" />
      <TestMethod codeBase="c:\Users\Bruce\source\repos\Jarvis Assistant MK2\JarvisAssistant.UnitTests\bin\Debug\net8.0\JarvisAssistant.UnitTests.dll" adapterTypeName="executor://xunit/VsTestRunner2/netcoreapp" className="JarvisAssistant.UnitTests.UI.InputBlockingRegressionTests" name="REGRESSION_OverlayElements_ShouldNotBlockInput" />
    </UnitTest>
    <UnitTest name="JarvisAssistant.UnitTests.Voice.VoiceCommandProcessorTests.ClassifyCommandAsync_WithValidCommands_ClassifiesCorrectly(commandText: &quot;help&quot;, expectedType: Help)" storage="c:\users\bruce\source\repos\jarvis assistant mk2\jarvisassistant.unittests\bin\debug\net8.0\jarvisassistant.unittests.dll" id="0bd188b8-0913-97a7-287c-d3d58d7a320a">
      <Execution id="8c7f870e-9f23-4749-bb47-e6a9a96881e7" />
      <TestMethod codeBase="c:\Users\Bruce\source\repos\Jarvis Assistant MK2\JarvisAssistant.UnitTests\bin\Debug\net8.0\JarvisAssistant.UnitTests.dll" adapterTypeName="executor://xunit/VsTestRunner2/netcoreapp" className="JarvisAssistant.UnitTests.Voice.VoiceCommandProcessorTests" name="ClassifyCommandAsync_WithValidCommands_ClassifiesCorrectly" />
    </UnitTest>
    <UnitTest name="JarvisAssistant.UnitTests.Voice.VoiceCommandModelTests.VoiceCommandType_AllValues_AreValid(type: Settings)" storage="c:\users\bruce\source\repos\jarvis assistant mk2\jarvisassistant.unittests\bin\debug\net8.0\jarvisassistant.unittests.dll" id="ed909acd-8453-7c10-4d06-43a1e39a1857">
      <Execution id="89427c8e-697e-45a3-a677-43f957e18670" />
      <TestMethod codeBase="c:\Users\Bruce\source\repos\Jarvis Assistant MK2\JarvisAssistant.UnitTests\bin\Debug\net8.0\JarvisAssistant.UnitTests.dll" adapterTypeName="executor://xunit/VsTestRunner2/netcoreapp" className="JarvisAssistant.UnitTests.Voice.VoiceCommandModelTests" name="VoiceCommandType_AllValues_AreValid" />
    </UnitTest>
    <UnitTest name="JarvisAssistant.UnitTests.Services.RateLimitServiceTests.CanMakeRequestAsync_WithEmptyApiKey_ReturnsFalse" storage="c:\users\bruce\source\repos\jarvis assistant mk2\jarvisassistant.unittests\bin\debug\net8.0\jarvisassistant.unittests.dll" id="48bb260a-919e-2892-abe4-a31e498962be">
      <Execution id="980476e8-5504-4c62-bb67-5b3453641342" />
      <TestMethod codeBase="c:\Users\Bruce\source\repos\Jarvis Assistant MK2\JarvisAssistant.UnitTests\bin\Debug\net8.0\JarvisAssistant.UnitTests.dll" adapterTypeName="executor://xunit/VsTestRunner2/netcoreapp" className="JarvisAssistant.UnitTests.Services.RateLimitServiceTests" name="CanMakeRequestAsync_WithEmptyApiKey_ReturnsFalse" />
    </UnitTest>
    <UnitTest name="JarvisAssistant.UnitTests.Services.ThemeIntegrationTests.AutomaticThemeSelection_BasedOnPlatform_ShouldWork" storage="c:\users\bruce\source\repos\jarvis assistant mk2\jarvisassistant.unittests\bin\debug\net8.0\jarvisassistant.unittests.dll" id="c9f9d7bf-e4d1-2f26-bc8c-a6e42182e7fd">
      <Execution id="67b4dffa-2182-4895-b6cd-2b7389b6f0c1" />
      <TestMethod codeBase="c:\Users\Bruce\source\repos\Jarvis Assistant MK2\JarvisAssistant.UnitTests\bin\Debug\net8.0\JarvisAssistant.UnitTests.dll" adapterTypeName="executor://xunit/VsTestRunner2/netcoreapp" className="JarvisAssistant.UnitTests.Services.ThemeIntegrationTests" name="AutomaticThemeSelection_BasedOnPlatform_ShouldWork" />
    </UnitTest>
    <UnitTest name="JarvisAssistant.UnitTests.Voice.VoiceCommandModelTests.VoiceCommand_IsValid_WithInvalidData_ReturnsFalse(text: null, confidence: 0.800000012, type: Status)" storage="c:\users\bruce\source\repos\jarvis assistant mk2\jarvisassistant.unittests\bin\debug\net8.0\jarvisassistant.unittests.dll" id="22919d44-d8ca-364f-4b24-87cf3f3303c9">
      <Execution id="889f35b8-e8e5-401f-8e27-3df17ca0c607" />
      <TestMethod codeBase="c:\Users\Bruce\source\repos\Jarvis Assistant MK2\JarvisAssistant.UnitTests\bin\Debug\net8.0\JarvisAssistant.UnitTests.dll" adapterTypeName="executor://xunit/VsTestRunner2/netcoreapp" className="JarvisAssistant.UnitTests.Voice.VoiceCommandModelTests" name="VoiceCommand_IsValid_WithInvalidData_ReturnsFalse" />
    </UnitTest>
    <UnitTest name="JarvisAssistant.UnitTests.Services.PlatformServiceTests.PlatformService_InterfaceContract_ShouldBeCorrect" storage="c:\users\bruce\source\repos\jarvis assistant mk2\jarvisassistant.unittests\bin\debug\net8.0\jarvisassistant.unittests.dll" id="d5812b03-5345-04b3-00c0-c808cef5ea55">
      <Execution id="bb5c8df1-f66e-4428-9e09-d02529b2aa73" />
      <TestMethod codeBase="c:\Users\Bruce\source\repos\Jarvis Assistant MK2\JarvisAssistant.UnitTests\bin\Debug\net8.0\JarvisAssistant.UnitTests.dll" adapterTypeName="executor://xunit/VsTestRunner2/netcoreapp" className="JarvisAssistant.UnitTests.Services.PlatformServiceTests" name="PlatformService_InterfaceContract_ShouldBeCorrect" />
    </UnitTest>
    <UnitTest name="JarvisAssistant.UnitTests.Voice.GoogleTVVoiceHandlerTests.ListeningStateChanged_Event_CanBeSubscribed" storage="c:\users\bruce\source\repos\jarvis assistant mk2\jarvisassistant.unittests\bin\debug\net8.0\jarvisassistant.unittests.dll" id="6fe503e0-ee15-a125-175b-c954ddea8940">
      <Execution id="0514d7cb-39c5-4892-b2b9-29ce7dae74e3" />
      <TestMethod codeBase="c:\Users\Bruce\source\repos\Jarvis Assistant MK2\JarvisAssistant.UnitTests\bin\Debug\net8.0\JarvisAssistant.UnitTests.dll" adapterTypeName="executor://xunit/VsTestRunner2/netcoreapp" className="JarvisAssistant.UnitTests.Voice.GoogleTVVoiceHandlerTests" name="ListeningStateChanged_Event_CanBeSubscribed" />
    </UnitTest>
    <UnitTest name="JarvisAssistant.UnitTests.UI.MAUIUIIntegrationTests.Platform_StatusPanel_ShouldWorkOnAllPlatforms(platform: &quot;Android&quot;)" storage="c:\users\bruce\source\repos\jarvis assistant mk2\jarvisassistant.unittests\bin\debug\net8.0\jarvisassistant.unittests.dll" id="f0a0934b-68de-33a5-6cca-03e845eab488">
      <Execution id="30f9b6ca-e5fd-4983-84da-d057fe6a1afd" />
      <TestMethod codeBase="c:\Users\Bruce\source\repos\Jarvis Assistant MK2\JarvisAssistant.UnitTests\bin\Debug\net8.0\JarvisAssistant.UnitTests.dll" adapterTypeName="executor://xunit/VsTestRunner2/netcoreapp" className="JarvisAssistant.UnitTests.UI.MAUIUIIntegrationTests" name="Platform_StatusPanel_ShouldWorkOnAllPlatforms" />
    </UnitTest>
    <UnitTest name="JarvisAssistant.UnitTests.Services.ThemeIntegrationTests.AvailableThemes_ShouldMatchPlatformCapabilities" storage="c:\users\bruce\source\repos\jarvis assistant mk2\jarvisassistant.unittests\bin\debug\net8.0\jarvisassistant.unittests.dll" id="3993122d-6654-f22e-e0fa-ef351948c1b5">
      <Execution id="41fb90cc-ca3f-4525-a9b2-59fe5b52d5fb" />
      <TestMethod codeBase="c:\Users\Bruce\source\repos\Jarvis Assistant MK2\JarvisAssistant.UnitTests\bin\Debug\net8.0\JarvisAssistant.UnitTests.dll" adapterTypeName="executor://xunit/VsTestRunner2/netcoreapp" className="JarvisAssistant.UnitTests.Services.ThemeIntegrationTests" name="AvailableThemes_ShouldMatchPlatformCapabilities" />
    </UnitTest>
    <UnitTest name="JarvisAssistant.UnitTests.Services.ElevenLabsVoiceServiceTests.GenerateSpeechAsync_WithEmptyText_ReturnsEmptyArray" storage="c:\users\bruce\source\repos\jarvis assistant mk2\jarvisassistant.unittests\bin\debug\net8.0\jarvisassistant.unittests.dll" id="edfd48b9-1740-3a9f-0eeb-78b5f89016d4">
      <Execution id="a3778dba-adfc-4842-8431-526c69e79650" />
      <TestMethod codeBase="c:\Users\Bruce\source\repos\Jarvis Assistant MK2\JarvisAssistant.UnitTests\bin\Debug\net8.0\JarvisAssistant.UnitTests.dll" adapterTypeName="executor://xunit/VsTestRunner2/netcoreapp" className="JarvisAssistant.UnitTests.Services.ElevenLabsVoiceServiceTests" name="GenerateSpeechAsync_WithEmptyText_ReturnsEmptyArray" />
    </UnitTest>
    <UnitTest name="JarvisAssistant.UnitTests.Voice.GoogleTVVoiceHandlerTests.TriggerVoiceListeningAsync_WhenVoiceModeInactive_EnablesVoiceMode" storage="c:\users\bruce\source\repos\jarvis assistant mk2\jarvisassistant.unittests\bin\debug\net8.0\jarvisassistant.unittests.dll" id="a5e2ed49-1aa0-4fff-6eb1-07a1228fccf1">
      <Execution id="d8bc64a7-cc64-4bcb-888d-9d3b7355bb75" />
      <TestMethod codeBase="c:\Users\Bruce\source\repos\Jarvis Assistant MK2\JarvisAssistant.UnitTests\bin\Debug\net8.0\JarvisAssistant.UnitTests.dll" adapterTypeName="executor://xunit/VsTestRunner2/netcoreapp" className="JarvisAssistant.UnitTests.Voice.GoogleTVVoiceHandlerTests" name="TriggerVoiceListeningAsync_WhenVoiceModeInactive_EnablesVoiceMode" />
    </UnitTest>
    <UnitTest name="JarvisAssistant.UnitTests.Voice.GoogleTVVoiceHandlerTests.Dispose_DoesNotThrow" storage="c:\users\bruce\source\repos\jarvis assistant mk2\jarvisassistant.unittests\bin\debug\net8.0\jarvisassistant.unittests.dll" id="13ed58ee-76c2-faf5-fa70-97adb84e1c6e">
      <Execution id="6555f2c4-83d7-4cc8-910a-9cc774bd5d19" />
      <TestMethod codeBase="c:\Users\Bruce\source\repos\Jarvis Assistant MK2\JarvisAssistant.UnitTests\bin\Debug\net8.0\JarvisAssistant.UnitTests.dll" adapterTypeName="executor://xunit/VsTestRunner2/netcoreapp" className="JarvisAssistant.UnitTests.Voice.GoogleTVVoiceHandlerTests" name="Dispose_DoesNotThrow" />
    </UnitTest>
    <UnitTest name="JarvisAssistant.UnitTests.UI.MainPageButtonInteractionTests.ButtonClickWithNavigationError_ShouldHandleGracefully" storage="c:\users\bruce\source\repos\jarvis assistant mk2\jarvisassistant.unittests\bin\debug\net8.0\jarvisassistant.unittests.dll" id="c9b4ebd3-7384-7179-606e-c3f24373393e">
      <Execution id="2c61bfa8-0fb0-455b-8eba-e06796a2a0c4" />
      <TestMethod codeBase="c:\Users\Bruce\source\repos\Jarvis Assistant MK2\JarvisAssistant.UnitTests\bin\Debug\net8.0\JarvisAssistant.UnitTests.dll" adapterTypeName="executor://xunit/VsTestRunner2/netcoreapp" className="JarvisAssistant.UnitTests.UI.MainPageButtonInteractionTests" name="ButtonClickWithNavigationError_ShouldHandleGracefully" />
    </UnitTest>
    <UnitTest name="JarvisAssistant.UnitTests.Voice.VoiceModeManagerTests.VoiceActivityDetected_Event_CanBeSubscribed" storage="c:\users\bruce\source\repos\jarvis assistant mk2\jarvisassistant.unittests\bin\debug\net8.0\jarvisassistant.unittests.dll" id="8e7b9116-8628-3d5b-1b1a-ca481cf14215">
      <Execution id="7f1eba44-45cb-4dfc-8df5-d03e053b56c6" />
      <TestMethod codeBase="c:\Users\Bruce\source\repos\Jarvis Assistant MK2\JarvisAssistant.UnitTests\bin\Debug\net8.0\JarvisAssistant.UnitTests.dll" adapterTypeName="executor://xunit/VsTestRunner2/netcoreapp" className="JarvisAssistant.UnitTests.Voice.VoiceModeManagerTests" name="VoiceActivityDetected_Event_CanBeSubscribed" />
    </UnitTest>
    <UnitTest name="JarvisAssistant.UnitTests.Services.OllamaLLMServiceTests.StreamResponseAsync_WithNullRequest_ThrowsArgumentNullException" storage="c:\users\bruce\source\repos\jarvis assistant mk2\jarvisassistant.unittests\bin\debug\net8.0\jarvisassistant.unittests.dll" id="56004fde-2d00-9c86-0f71-a3a3aeeefd4b">
      <Execution id="22364619-fdd4-4bad-8242-f4c6f60885c6" />
      <TestMethod codeBase="c:\Users\Bruce\source\repos\Jarvis Assistant MK2\JarvisAssistant.UnitTests\bin\Debug\net8.0\JarvisAssistant.UnitTests.dll" adapterTypeName="executor://xunit/VsTestRunner2/netcoreapp" className="JarvisAssistant.UnitTests.Services.OllamaLLMServiceTests" name="StreamResponseAsync_WithNullRequest_ThrowsArgumentNullException" />
    </UnitTest>
    <UnitTest name="JarvisAssistant.UnitTests.Services.LLM.OllamaClientTests.GenerateAsync_WithDifferentQueryTypes_UsesCorrectModel(queryType: Creative, expectedModel: &quot;llama3.2&quot;)" storage="c:\users\bruce\source\repos\jarvis assistant mk2\jarvisassistant.unittests\bin\debug\net8.0\jarvisassistant.unittests.dll" id="3dddeff5-32c3-9ee4-7a7c-618584d05ecd">
      <Execution id="7fe2ab04-90e7-488f-a914-3eff0ae44627" />
      <TestMethod codeBase="c:\Users\Bruce\source\repos\Jarvis Assistant MK2\JarvisAssistant.UnitTests\bin\Debug\net8.0\JarvisAssistant.UnitTests.dll" adapterTypeName="executor://xunit/VsTestRunner2/netcoreapp" className="JarvisAssistant.UnitTests.Services.LLM.OllamaClientTests" name="GenerateAsync_WithDifferentQueryTypes_UsesCorrectModel" />
    </UnitTest>
    <UnitTest name="JarvisAssistant.UnitTests.Services.PlatformServiceTests.IsTouchPrimary_ShouldReturnExpectedValueForPlatform(platform: Android, expected: True)" storage="c:\users\bruce\source\repos\jarvis assistant mk2\jarvisassistant.unittests\bin\debug\net8.0\jarvisassistant.unittests.dll" id="9f3db2f5-6ff2-b9b2-5d5e-cc24aacda3dd">
      <Execution id="ccec65a4-285a-4c82-bd3b-8537a17a72b0" />
      <TestMethod codeBase="c:\Users\Bruce\source\repos\Jarvis Assistant MK2\JarvisAssistant.UnitTests\bin\Debug\net8.0\JarvisAssistant.UnitTests.dll" adapterTypeName="executor://xunit/VsTestRunner2/netcoreapp" className="JarvisAssistant.UnitTests.Services.PlatformServiceTests" name="IsTouchPrimary_ShouldReturnExpectedValueForPlatform" />
    </UnitTest>
    <UnitTest name="JarvisAssistant.UnitTests.UI.MAUIStatusPanelUITests.StatusPanelViewModel_Initialization_ShouldBeCorrect" storage="c:\users\bruce\source\repos\jarvis assistant mk2\jarvisassistant.unittests\bin\debug\net8.0\jarvisassistant.unittests.dll" id="192daeb8-2589-3dc1-19da-7d7694f5e8bf">
      <Execution id="935405ad-5308-403b-bcc6-e38ceb320457" />
      <TestMethod codeBase="c:\Users\Bruce\source\repos\Jarvis Assistant MK2\JarvisAssistant.UnitTests\bin\Debug\net8.0\JarvisAssistant.UnitTests.dll" adapterTypeName="executor://xunit/VsTestRunner2/netcoreapp" className="JarvisAssistant.UnitTests.UI.MAUIStatusPanelUITests" name="StatusPanelViewModel_Initialization_ShouldBeCorrect" />
    </UnitTest>
    <UnitTest name="JarvisAssistant.UnitTests.Services.LLM.LLMErrorHandlerTests.ProcessException_HttpRequestException_SslFailure_ReturnsCorrectErrorCode(exceptionMessage: &quot;TLS connection error&quot;, expectedErrorCode: &quot;LLM-CONN-005&quot;)" storage="c:\users\bruce\source\repos\jarvis assistant mk2\jarvisassistant.unittests\bin\debug\net8.0\jarvisassistant.unittests.dll" id="579daf35-0858-714e-af2a-bbe41276c04e">
      <Execution id="776a7c7f-6cef-4d4c-a879-fa4fecdc2fa9" />
      <TestMethod codeBase="c:\Users\Bruce\source\repos\Jarvis Assistant MK2\JarvisAssistant.UnitTests\bin\Debug\net8.0\JarvisAssistant.UnitTests.dll" adapterTypeName="executor://xunit/VsTestRunner2/netcoreapp" className="JarvisAssistant.UnitTests.Services.LLM.LLMErrorHandlerTests" name="ProcessException_HttpRequestException_SslFailure_ReturnsCorrectErrorCode" />
    </UnitTest>
    <UnitTest name="JarvisAssistant.UnitTests.Core.Models.ChatMessageCoreTests.FormattedTime_ShouldReturnCorrectFormat" storage="c:\users\bruce\source\repos\jarvis assistant mk2\jarvisassistant.unittests\bin\debug\net8.0\jarvisassistant.unittests.dll" id="6d63deed-7287-f3be-5709-79fe1b084471">
      <Execution id="03a4a89d-d0c4-4630-8c80-632bb32d6d83" />
      <TestMethod codeBase="c:\Users\Bruce\source\repos\Jarvis Assistant MK2\JarvisAssistant.UnitTests\bin\Debug\net8.0\JarvisAssistant.UnitTests.dll" adapterTypeName="executor://xunit/VsTestRunner2/netcoreapp" className="JarvisAssistant.UnitTests.Core.Models.ChatMessageCoreTests" name="FormattedTime_ShouldReturnCorrectFormat" />
    </UnitTest>
    <UnitTest name="JarvisAssistant.UnitTests.Services.StatusMonitorServiceTests.StartMonitoringAsync_WhenAlreadyMonitoring_LogsWarning" storage="c:\users\bruce\source\repos\jarvis assistant mk2\jarvisassistant.unittests\bin\debug\net8.0\jarvisassistant.unittests.dll" id="8493a3b4-2dac-075b-dc73-871adc5e570b">
      <Execution id="8606fd84-689f-482c-86d2-251bc4fe8340" />
      <TestMethod codeBase="c:\Users\Bruce\source\repos\Jarvis Assistant MK2\JarvisAssistant.UnitTests\bin\Debug\net8.0\JarvisAssistant.UnitTests.dll" adapterTypeName="executor://xunit/VsTestRunner2/netcoreapp" className="JarvisAssistant.UnitTests.Services.StatusMonitorServiceTests" name="StartMonitoringAsync_WhenAlreadyMonitoring_LogsWarning" />
    </UnitTest>
    <UnitTest name="JarvisAssistant.UnitTests.Services.LLM.LLMErrorHandlerTests.ProcessException_HttpRequestException_404_ReturnsCorrectErrorCode(exceptionMessage: &quot;404 endpoint not found&quot;, expectedErrorCode: &quot;LLM-HTTP-404-001&quot;, expectedRetryable: False)" storage="c:\users\bruce\source\repos\jarvis assistant mk2\jarvisassistant.unittests\bin\debug\net8.0\jarvisassistant.unittests.dll" id="a35d8f48-346f-8bde-b9ee-bc56545f2236">
      <Execution id="934230ac-24be-45cd-af90-eb0a1bfb4f7a" />
      <TestMethod codeBase="c:\Users\Bruce\source\repos\Jarvis Assistant MK2\JarvisAssistant.UnitTests\bin\Debug\net8.0\JarvisAssistant.UnitTests.dll" adapterTypeName="executor://xunit/VsTestRunner2/netcoreapp" className="JarvisAssistant.UnitTests.Services.LLM.LLMErrorHandlerTests" name="ProcessException_HttpRequestException_404_ReturnsCorrectErrorCode" />
    </UnitTest>
    <UnitTest name="JarvisAssistant.UnitTests.UI.MAUIStatusPanelUITests.StatusPanel_ZOrder_ShouldBeCorrect" storage="c:\users\bruce\source\repos\jarvis assistant mk2\jarvisassistant.unittests\bin\debug\net8.0\jarvisassistant.unittests.dll" id="b35db6dd-d957-01f2-ef7c-62904c0fa05c">
      <Execution id="457d88ff-dab2-469e-baa9-0314e7cdc1e5" />
      <TestMethod codeBase="c:\Users\Bruce\source\repos\Jarvis Assistant MK2\JarvisAssistant.UnitTests\bin\Debug\net8.0\JarvisAssistant.UnitTests.dll" adapterTypeName="executor://xunit/VsTestRunner2/netcoreapp" className="JarvisAssistant.UnitTests.UI.MAUIStatusPanelUITests" name="StatusPanel_ZOrder_ShouldBeCorrect" />
    </UnitTest>
    <UnitTest name="JarvisAssistant.UnitTests.UI.MAUIStatusPanelUITests.StatusPanel_PlatformInput_ShouldWork(platform: &quot;Android&quot;, inputMethod: &quot;Touch&quot;)" storage="c:\users\bruce\source\repos\jarvis assistant mk2\jarvisassistant.unittests\bin\debug\net8.0\jarvisassistant.unittests.dll" id="e7062c90-5f8c-a4c3-e315-0e6a7671bda1">
      <Execution id="3c5410f8-a7e8-495b-b81c-6ddd5a920320" />
      <TestMethod codeBase="c:\Users\Bruce\source\repos\Jarvis Assistant MK2\JarvisAssistant.UnitTests\bin\Debug\net8.0\JarvisAssistant.UnitTests.dll" adapterTypeName="executor://xunit/VsTestRunner2/netcoreapp" className="JarvisAssistant.UnitTests.UI.MAUIStatusPanelUITests" name="StatusPanel_PlatformInput_ShouldWork" />
    </UnitTest>
    <UnitTest name="JarvisAssistant.UnitTests.Services.ElevenLabsVoiceServiceTests.GenerateSpeechAsync_AdjustsVoiceSettingsBasedOnContent(text: &quot;Regular message&quot;, expectedEmotion: &quot;default&quot;)" storage="c:\users\bruce\source\repos\jarvis assistant mk2\jarvisassistant.unittests\bin\debug\net8.0\jarvisassistant.unittests.dll" id="4d1e1ba4-5775-18b8-7cff-628becce1250">
      <Execution id="53dc9934-6c51-4a4c-b8ef-dee70989e0ac" />
      <TestMethod codeBase="c:\Users\Bruce\source\repos\Jarvis Assistant MK2\JarvisAssistant.UnitTests\bin\Debug\net8.0\JarvisAssistant.UnitTests.dll" adapterTypeName="executor://xunit/VsTestRunner2/netcoreapp" className="JarvisAssistant.UnitTests.Services.ElevenLabsVoiceServiceTests" name="GenerateSpeechAsync_AdjustsVoiceSettingsBasedOnContent" />
    </UnitTest>
    <UnitTest name="JarvisAssistant.UnitTests.Services.ThemeManagerTests.AvailableThemes_WithiOSPlatform_ShouldIncludeMobile" storage="c:\users\bruce\source\repos\jarvis assistant mk2\jarvisassistant.unittests\bin\debug\net8.0\jarvisassistant.unittests.dll" id="32faaa3e-3258-d792-2d06-b5c9f8052531">
      <Execution id="2e4cdd11-b345-4c40-b730-9f0662c013ff" />
      <TestMethod codeBase="c:\Users\Bruce\source\repos\Jarvis Assistant MK2\JarvisAssistant.UnitTests\bin\Debug\net8.0\JarvisAssistant.UnitTests.dll" adapterTypeName="executor://xunit/VsTestRunner2/netcoreapp" className="JarvisAssistant.UnitTests.Services.ThemeManagerTests" name="AvailableThemes_WithiOSPlatform_ShouldIncludeMobile" />
    </UnitTest>
    <UnitTest name="JarvisAssistant.UnitTests.Services.LLM.LLMErrorHandlerTests.ProcessException_TimeoutException_ReturnsTimeoutError" storage="c:\users\bruce\source\repos\jarvis assistant mk2\jarvisassistant.unittests\bin\debug\net8.0\jarvisassistant.unittests.dll" id="ae91ed51-c729-a947-1c8e-8357c671212b">
      <Execution id="2f444b88-7998-44f5-a7cd-f7463a66ac22" />
      <TestMethod codeBase="c:\Users\Bruce\source\repos\Jarvis Assistant MK2\JarvisAssistant.UnitTests\bin\Debug\net8.0\JarvisAssistant.UnitTests.dll" adapterTypeName="executor://xunit/VsTestRunner2/netcoreapp" className="JarvisAssistant.UnitTests.Services.LLM.LLMErrorHandlerTests" name="ProcessException_TimeoutException_ReturnsTimeoutError" />
    </UnitTest>
    <UnitTest name="JarvisAssistant.UnitTests.Voice.VoiceCommandProcessorTests.SupportedCommands_ContainsAllDefaultCommands(commandType: Status)" storage="c:\users\bruce\source\repos\jarvis assistant mk2\jarvisassistant.unittests\bin\debug\net8.0\jarvisassistant.unittests.dll" id="4723988a-4162-a44d-dbb9-284d43a1015a">
      <Execution id="de6a6f6e-c09d-4ffc-a83a-43d0c927f48c" />
      <TestMethod codeBase="c:\Users\Bruce\source\repos\Jarvis Assistant MK2\JarvisAssistant.UnitTests\bin\Debug\net8.0\JarvisAssistant.UnitTests.dll" adapterTypeName="executor://xunit/VsTestRunner2/netcoreapp" className="JarvisAssistant.UnitTests.Voice.VoiceCommandProcessorTests" name="SupportedCommands_ContainsAllDefaultCommands" />
    </UnitTest>
    <UnitTest name="JarvisAssistant.UnitTests.UI.MainPageButtonInteractionTests.CONCEPT_FullButtonClickIntegrationTest" storage="c:\users\bruce\source\repos\jarvis assistant mk2\jarvisassistant.unittests\bin\debug\net8.0\jarvisassistant.unittests.dll" id="d427ed79-b3eb-9673-cff4-389e4182341a">
      <Execution id="a8306dbb-a870-4967-ab91-ad2ca20655c7" />
      <TestMethod codeBase="c:\Users\Bruce\source\repos\Jarvis Assistant MK2\JarvisAssistant.UnitTests\bin\Debug\net8.0\JarvisAssistant.UnitTests.dll" adapterTypeName="executor://xunit/VsTestRunner2/netcoreapp" className="JarvisAssistant.UnitTests.UI.MainPageButtonInteractionTests" name="CONCEPT_FullButtonClickIntegrationTest" />
    </UnitTest>
    <UnitTest name="JarvisAssistant.UnitTests.Voice.VoiceEventArgsTests.VoiceButtonPressedEventArgs_CanSetProperties" storage="c:\users\bruce\source\repos\jarvis assistant mk2\jarvisassistant.unittests\bin\debug\net8.0\jarvisassistant.unittests.dll" id="f0aae1cd-3cd7-1b1c-6b7a-9435c011fe06">
      <Execution id="41763c7c-ee96-44b1-9ea2-755ef5e2c684" />
      <TestMethod codeBase="c:\Users\Bruce\source\repos\Jarvis Assistant MK2\JarvisAssistant.UnitTests\bin\Debug\net8.0\JarvisAssistant.UnitTests.dll" adapterTypeName="executor://xunit/VsTestRunner2/netcoreapp" className="JarvisAssistant.UnitTests.Voice.VoiceEventArgsTests" name="VoiceButtonPressedEventArgs_CanSetProperties" />
    </UnitTest>
    <UnitTest name="JarvisAssistant.UnitTests.Services.MauiThemeManagerTests.LoadThemePreferenceAsync_ShouldReturnSystemThemeByDefault" storage="c:\users\bruce\source\repos\jarvis assistant mk2\jarvisassistant.unittests\bin\debug\net8.0\jarvisassistant.unittests.dll" id="9c29289e-aa17-6070-ff52-ea4432c45dfe">
      <Execution id="d877d1bf-eaca-48ab-a2c5-28a74355937e" />
      <TestMethod codeBase="c:\Users\Bruce\source\repos\Jarvis Assistant MK2\JarvisAssistant.UnitTests\bin\Debug\net8.0\JarvisAssistant.UnitTests.dll" adapterTypeName="executor://xunit/VsTestRunner2/netcoreapp" className="JarvisAssistant.UnitTests.Services.MauiThemeManagerTests" name="LoadThemePreferenceAsync_ShouldReturnSystemThemeByDefault" />
    </UnitTest>
    <UnitTest name="JarvisAssistant.UnitTests.Voice.GoogleTVVoiceHandlerTests.Constructor_WithNullPlatformService_ThrowsArgumentNullException" storage="c:\users\bruce\source\repos\jarvis assistant mk2\jarvisassistant.unittests\bin\debug\net8.0\jarvisassistant.unittests.dll" id="9babe785-2aae-4887-0c4c-704a36225883">
      <Execution id="040c1e6b-c16e-4c42-8d97-aa39757a640f" />
      <TestMethod codeBase="c:\Users\Bruce\source\repos\Jarvis Assistant MK2\JarvisAssistant.UnitTests\bin\Debug\net8.0\JarvisAssistant.UnitTests.dll" adapterTypeName="executor://xunit/VsTestRunner2/netcoreapp" className="JarvisAssistant.UnitTests.Voice.GoogleTVVoiceHandlerTests" name="Constructor_WithNullPlatformService_ThrowsArgumentNullException" />
    </UnitTest>
    <UnitTest name="JarvisAssistant.UnitTests.Voice.VoiceCommandModelTests.VoiceCommandType_AllValues_AreValid(type: Unknown)" storage="c:\users\bruce\source\repos\jarvis assistant mk2\jarvisassistant.unittests\bin\debug\net8.0\jarvisassistant.unittests.dll" id="009be9d2-76d0-ea29-1cee-1fbb3e5dfa78">
      <Execution id="513e4a46-1eff-444b-8af5-c044f5f726bb" />
      <TestMethod codeBase="c:\Users\Bruce\source\repos\Jarvis Assistant MK2\JarvisAssistant.UnitTests\bin\Debug\net8.0\JarvisAssistant.UnitTests.dll" adapterTypeName="executor://xunit/VsTestRunner2/netcoreapp" className="JarvisAssistant.UnitTests.Voice.VoiceCommandModelTests" name="VoiceCommandType_AllValues_AreValid" />
    </UnitTest>
    <UnitTest name="JarvisAssistant.UnitTests.UI.MAUIStatusPanelUITests.StatusPanelViewModel_ToggleExpanded_ShouldChangeState" storage="c:\users\bruce\source\repos\jarvis assistant mk2\jarvisassistant.unittests\bin\debug\net8.0\jarvisassistant.unittests.dll" id="4e5522a2-4864-c7d5-1139-367eb8b6a3e1">
      <Execution id="e12f697c-151b-49e4-8da4-0fbea8839f85" />
      <TestMethod codeBase="c:\Users\Bruce\source\repos\Jarvis Assistant MK2\JarvisAssistant.UnitTests\bin\Debug\net8.0\JarvisAssistant.UnitTests.dll" adapterTypeName="executor://xunit/VsTestRunner2/netcoreapp" className="JarvisAssistant.UnitTests.UI.MAUIStatusPanelUITests" name="StatusPanelViewModel_ToggleExpanded_ShouldChangeState" />
    </UnitTest>
    <UnitTest name="JarvisAssistant.UnitTests.Voice.VoiceCommandProcessorTests.ClassifyCommandAsync_WithValidCommands_ClassifiesCorrectly(commandText: &quot;search for something&quot;, expectedType: Search)" storage="c:\users\bruce\source\repos\jarvis assistant mk2\jarvisassistant.unittests\bin\debug\net8.0\jarvisassistant.unittests.dll" id="661ac248-8a83-e254-8ddc-f9018b494bf3">
      <Execution id="be50546f-0611-4043-82ed-3514ab28b3e5" />
      <TestMethod codeBase="c:\Users\Bruce\source\repos\Jarvis Assistant MK2\JarvisAssistant.UnitTests\bin\Debug\net8.0\JarvisAssistant.UnitTests.dll" adapterTypeName="executor://xunit/VsTestRunner2/netcoreapp" className="JarvisAssistant.UnitTests.Voice.VoiceCommandProcessorTests" name="ClassifyCommandAsync_WithValidCommands_ClassifiesCorrectly" />
    </UnitTest>
    <UnitTest name="JarvisAssistant.UnitTests.Services.PlatformServiceTests.SupportsVoiceInput_ShouldReturnTrueForModernPlatforms(platform: AndroidTV, expected: True)" storage="c:\users\bruce\source\repos\jarvis assistant mk2\jarvisassistant.unittests\bin\debug\net8.0\jarvisassistant.unittests.dll" id="534cb97b-9269-fa6e-4bd8-fff8fa0755e3">
      <Execution id="96b92ab9-c9c8-4c0a-bb6b-e1b92ec3a769" />
      <TestMethod codeBase="c:\Users\Bruce\source\repos\Jarvis Assistant MK2\JarvisAssistant.UnitTests\bin\Debug\net8.0\JarvisAssistant.UnitTests.dll" adapterTypeName="executor://xunit/VsTestRunner2/netcoreapp" className="JarvisAssistant.UnitTests.Services.PlatformServiceTests" name="SupportsVoiceInput_ShouldReturnTrueForModernPlatforms" />
    </UnitTest>
    <UnitTest name="JarvisAssistant.UnitTests.Services.LLM.LLMErrorHandlerTests.ProcessException_HttpRequestException_Authentication_ReturnsCorrectErrorCode(exceptionMessage: &quot;401 authentication required&quot;, expectedErrorCode: &quot;LLM-HTTP-401-001&quot;)" storage="c:\users\bruce\source\repos\jarvis assistant mk2\jarvisassistant.unittests\bin\debug\net8.0\jarvisassistant.unittests.dll" id="f1098a06-e68b-0e49-6abc-b6a7ac4b4344">
      <Execution id="15874270-4a31-4597-8108-52f29d64d5ee" />
      <TestMethod codeBase="c:\Users\Bruce\source\repos\Jarvis Assistant MK2\JarvisAssistant.UnitTests\bin\Debug\net8.0\JarvisAssistant.UnitTests.dll" adapterTypeName="executor://xunit/VsTestRunner2/netcoreapp" className="JarvisAssistant.UnitTests.Services.LLM.LLMErrorHandlerTests" name="ProcessException_HttpRequestException_Authentication_ReturnsCorrectErrorCode" />
    </UnitTest>
    <UnitTest name="JarvisAssistant.UnitTests.Voice.VoiceModeManagerTests.StateChanged_Event_RaisedWhenStateChanges" storage="c:\users\bruce\source\repos\jarvis assistant mk2\jarvisassistant.unittests\bin\debug\net8.0\jarvisassistant.unittests.dll" id="edc7a422-c353-053c-72b0-eaa6433db1ca">
      <Execution id="49f6a3ac-a60d-410c-9ba4-8410375a915b" />
      <TestMethod codeBase="c:\Users\Bruce\source\repos\Jarvis Assistant MK2\JarvisAssistant.UnitTests\bin\Debug\net8.0\JarvisAssistant.UnitTests.dll" adapterTypeName="executor://xunit/VsTestRunner2/netcoreapp" className="JarvisAssistant.UnitTests.Voice.VoiceModeManagerTests" name="StateChanged_Event_RaisedWhenStateChanges" />
    </UnitTest>
    <UnitTest name="JarvisAssistant.UnitTests.Voice.VoiceCommandProcessorTests.GetCommandPatterns_WithInvalidCommandType_ReturnsEmptyList" storage="c:\users\bruce\source\repos\jarvis assistant mk2\jarvisassistant.unittests\bin\debug\net8.0\jarvisassistant.unittests.dll" id="cda5e675-d38b-08fc-bb6d-e616a5850577">
      <Execution id="54c556c5-d172-4823-9d77-596d1664c583" />
      <TestMethod codeBase="c:\Users\Bruce\source\repos\Jarvis Assistant MK2\JarvisAssistant.UnitTests\bin\Debug\net8.0\JarvisAssistant.UnitTests.dll" adapterTypeName="executor://xunit/VsTestRunner2/netcoreapp" className="JarvisAssistant.UnitTests.Voice.VoiceCommandProcessorTests" name="GetCommandPatterns_WithInvalidCommandType_ReturnsEmptyList" />
    </UnitTest>
    <UnitTest name="JarvisAssistant.UnitTests.Services.LLM.LLMServerFailureTests.GenerateAsync_HttpStatusCodeFailures_ReturnsSpecificErrorCodes(statusCode: BadRequest, errorDescription: &quot;Bad request&quot;)" storage="c:\users\bruce\source\repos\jarvis assistant mk2\jarvisassistant.unittests\bin\debug\net8.0\jarvisassistant.unittests.dll" id="266db7f7-5096-eef5-bd46-2a37c44b4987">
      <Execution id="5f1a7c3f-8272-4143-bd3e-a1d3ad2bcf79" />
      <TestMethod codeBase="c:\Users\Bruce\source\repos\Jarvis Assistant MK2\JarvisAssistant.UnitTests\bin\Debug\net8.0\JarvisAssistant.UnitTests.dll" adapterTypeName="executor://xunit/VsTestRunner2/netcoreapp" className="JarvisAssistant.UnitTests.Services.LLM.LLMServerFailureTests" name="GenerateAsync_HttpStatusCodeFailures_ReturnsSpecificErrorCodes" />
    </UnitTest>
    <UnitTest name="JarvisAssistant.UnitTests.Services.LLM.LLMErrorHandlerTests.ProcessException_JsonException_ReturnsInvalidJsonError" storage="c:\users\bruce\source\repos\jarvis assistant mk2\jarvisassistant.unittests\bin\debug\net8.0\jarvisassistant.unittests.dll" id="4a7bffc3-f738-3c0e-a6b2-a17731a861ed">
      <Execution id="ac6fe1c7-ba89-4901-ad86-6dae90d2ac91" />
      <TestMethod codeBase="c:\Users\Bruce\source\repos\Jarvis Assistant MK2\JarvisAssistant.UnitTests\bin\Debug\net8.0\JarvisAssistant.UnitTests.dll" adapterTypeName="executor://xunit/VsTestRunner2/netcoreapp" className="JarvisAssistant.UnitTests.Services.LLM.LLMErrorHandlerTests" name="ProcessException_JsonException_ReturnsInvalidJsonError" />
    </UnitTest>
    <UnitTest name="JarvisAssistant.UnitTests.UI.MAUIUIIntegrationTests.Performance_RapidButtonClicks_ShouldBeHandled" storage="c:\users\bruce\source\repos\jarvis assistant mk2\jarvisassistant.unittests\bin\debug\net8.0\jarvisassistant.unittests.dll" id="3cf51186-7dcc-526f-4577-a421b4bd4d8f">
      <Execution id="da35d865-08d6-4896-a35a-17e2f87bf7c0" />
      <TestMethod codeBase="c:\Users\Bruce\source\repos\Jarvis Assistant MK2\JarvisAssistant.UnitTests\bin\Debug\net8.0\JarvisAssistant.UnitTests.dll" adapterTypeName="executor://xunit/VsTestRunner2/netcoreapp" className="JarvisAssistant.UnitTests.UI.MAUIUIIntegrationTests" name="Performance_RapidButtonClicks_ShouldBeHandled" />
    </UnitTest>
    <UnitTest name="JarvisAssistant.UnitTests.Services.LLM.LLMErrorHandlerTests.ProcessException_HttpRequestException_ConnectionRefused_ReturnsCorrectErrorCode(exceptionMessage: &quot;Connection refused&quot;, expectedErrorCode: &quot;LLM-CONN-001&quot;)" storage="c:\users\bruce\source\repos\jarvis assistant mk2\jarvisassistant.unittests\bin\debug\net8.0\jarvisassistant.unittests.dll" id="33ce9a3d-ebde-760e-40eb-43e5000f4eda">
      <Execution id="27264676-2e41-44d9-a220-fc429c567713" />
      <TestMethod codeBase="c:\Users\Bruce\source\repos\Jarvis Assistant MK2\JarvisAssistant.UnitTests\bin\Debug\net8.0\JarvisAssistant.UnitTests.dll" adapterTypeName="executor://xunit/VsTestRunner2/netcoreapp" className="JarvisAssistant.UnitTests.Services.LLM.LLMErrorHandlerTests" name="ProcessException_HttpRequestException_ConnectionRefused_ReturnsCorrectErrorCode" />
    </UnitTest>
    <UnitTest name="JarvisAssistant.UnitTests.Services.StatusMonitorServiceTests.StartMonitoringAllAsync_WithMultipleServices_StartsAllMonitoring" storage="c:\users\bruce\source\repos\jarvis assistant mk2\jarvisassistant.unittests\bin\debug\net8.0\jarvisassistant.unittests.dll" id="9de9a7e7-158e-fdd8-f5ab-d1da51df55a4">
      <Execution id="b57e6e4e-6d01-435d-bf7f-1472844360f9" />
      <TestMethod codeBase="c:\Users\Bruce\source\repos\Jarvis Assistant MK2\JarvisAssistant.UnitTests\bin\Debug\net8.0\JarvisAssistant.UnitTests.dll" adapterTypeName="executor://xunit/VsTestRunner2/netcoreapp" className="JarvisAssistant.UnitTests.Services.StatusMonitorServiceTests" name="StartMonitoringAllAsync_WithMultipleServices_StartsAllMonitoring" />
    </UnitTest>
    <UnitTest name="JarvisAssistant.UnitTests.Services.ElevenLabsVoiceServiceTests.RecognizeSpeechAsync_AlwaysUsesFallbackService" storage="c:\users\bruce\source\repos\jarvis assistant mk2\jarvisassistant.unittests\bin\debug\net8.0\jarvisassistant.unittests.dll" id="1aea2397-7cb4-7b1a-d709-fce09a1a912d">
      <Execution id="f6d6cac7-3950-4ad6-9741-81aaa98c2553" />
      <TestMethod codeBase="c:\Users\Bruce\source\repos\Jarvis Assistant MK2\JarvisAssistant.UnitTests\bin\Debug\net8.0\JarvisAssistant.UnitTests.dll" adapterTypeName="executor://xunit/VsTestRunner2/netcoreapp" className="JarvisAssistant.UnitTests.Services.ElevenLabsVoiceServiceTests" name="RecognizeSpeechAsync_AlwaysUsesFallbackService" />
    </UnitTest>
    <UnitTest name="JarvisAssistant.UnitTests.Services.PlatformServiceTests.GetOptimalTheme_ForDifferentPlatforms_ShouldReturnExpectedTheme(platform: iOS, expectedTheme: Mobile)" storage="c:\users\bruce\source\repos\jarvis assistant mk2\jarvisassistant.unittests\bin\debug\net8.0\jarvisassistant.unittests.dll" id="16933105-5c69-9305-13c0-9aa2934c8d03">
      <Execution id="2c6ea01b-e157-4cd0-9e7a-7c267211f9b5" />
      <TestMethod codeBase="c:\Users\Bruce\source\repos\Jarvis Assistant MK2\JarvisAssistant.UnitTests\bin\Debug\net8.0\JarvisAssistant.UnitTests.dll" adapterTypeName="executor://xunit/VsTestRunner2/netcoreapp" className="JarvisAssistant.UnitTests.Services.PlatformServiceTests" name="GetOptimalTheme_ForDifferentPlatforms_ShouldReturnExpectedTheme" />
    </UnitTest>
    <UnitTest name="JarvisAssistant.UnitTests.Services.MauiThemeManagerTests.AvailableThemes_ShouldContainBaseThemes" storage="c:\users\bruce\source\repos\jarvis assistant mk2\jarvisassistant.unittests\bin\debug\net8.0\jarvisassistant.unittests.dll" id="69856d60-19d5-5ee5-8290-2bab1f9051a0">
      <Execution id="61b22cf8-7973-4077-88a9-b5957ca26b7c" />
      <TestMethod codeBase="c:\Users\Bruce\source\repos\Jarvis Assistant MK2\JarvisAssistant.UnitTests\bin\Debug\net8.0\JarvisAssistant.UnitTests.dll" adapterTypeName="executor://xunit/VsTestRunner2/netcoreapp" className="JarvisAssistant.UnitTests.Services.MauiThemeManagerTests" name="AvailableThemes_ShouldContainBaseThemes" />
    </UnitTest>
    <UnitTest name="JarvisAssistant.UnitTests.Services.AudioCacheServiceTests.GetCachedAudioAsync_WithCachedData_ReturnsAudio" storage="c:\users\bruce\source\repos\jarvis assistant mk2\jarvisassistant.unittests\bin\debug\net8.0\jarvisassistant.unittests.dll" id="f16e9d61-57bb-89d5-6c32-fe543fe37634">
      <Execution id="f2a31d22-df0a-48e8-92d5-e03ef93fc3d3" />
      <TestMethod codeBase="c:\Users\Bruce\source\repos\Jarvis Assistant MK2\JarvisAssistant.UnitTests\bin\Debug\net8.0\JarvisAssistant.UnitTests.dll" adapterTypeName="executor://xunit/VsTestRunner2/netcoreapp" className="JarvisAssistant.UnitTests.Services.AudioCacheServiceTests" name="GetCachedAudioAsync_WithCachedData_ReturnsAudio" />
    </UnitTest>
    <UnitTest name="JarvisAssistant.UnitTests.Services.ServiceHealthCheckerTests.CheckServiceHealthAsync_WithHttpError_ReturnsErrorStatus" storage="c:\users\bruce\source\repos\jarvis assistant mk2\jarvisassistant.unittests\bin\debug\net8.0\jarvisassistant.unittests.dll" id="cea86b1e-d222-8fce-6b1b-14eb16f3cd32">
      <Execution id="bbdb171b-f251-4d2d-a063-c0f1e4f4ddfa" />
      <TestMethod codeBase="c:\Users\Bruce\source\repos\Jarvis Assistant MK2\JarvisAssistant.UnitTests\bin\Debug\net8.0\JarvisAssistant.UnitTests.dll" adapterTypeName="executor://xunit/VsTestRunner2/netcoreapp" className="JarvisAssistant.UnitTests.Services.ServiceHealthCheckerTests" name="CheckServiceHealthAsync_WithHttpError_ReturnsErrorStatus" />
    </UnitTest>
    <UnitTest name="JarvisAssistant.UnitTests.Voice.VoiceCommandProcessorTests.ClassifyCommandAsync_WithInvalidInput_ReturnsUnknownType(commandText: &quot;   &quot;)" storage="c:\users\bruce\source\repos\jarvis assistant mk2\jarvisassistant.unittests\bin\debug\net8.0\jarvisassistant.unittests.dll" id="07dc2bfe-4740-8bfa-c6b3-326e5295cea3">
      <Execution id="2407b693-72e2-4c3a-9ae2-34cf3650199d" />
      <TestMethod codeBase="c:\Users\Bruce\source\repos\Jarvis Assistant MK2\JarvisAssistant.UnitTests\bin\Debug\net8.0\JarvisAssistant.UnitTests.dll" adapterTypeName="executor://xunit/VsTestRunner2/netcoreapp" className="JarvisAssistant.UnitTests.Voice.VoiceCommandProcessorTests" name="ClassifyCommandAsync_WithInvalidInput_ReturnsUnknownType" />
    </UnitTest>
    <UnitTest name="JarvisAssistant.UnitTests.Services.ThemeIntegrationTests.ConcurrentThemeOperations_ShouldNotCauseRaceConditions" storage="c:\users\bruce\source\repos\jarvis assistant mk2\jarvisassistant.unittests\bin\debug\net8.0\jarvisassistant.unittests.dll" id="43cedcfb-8465-a5af-5621-faed00d16920">
      <Execution id="b07fb70d-334d-4611-b835-ced7a0d78360" />
      <TestMethod codeBase="c:\Users\Bruce\source\repos\Jarvis Assistant MK2\JarvisAssistant.UnitTests\bin\Debug\net8.0\JarvisAssistant.UnitTests.dll" adapterTypeName="executor://xunit/VsTestRunner2/netcoreapp" className="JarvisAssistant.UnitTests.Services.ThemeIntegrationTests" name="ConcurrentThemeOperations_ShouldNotCauseRaceConditions" />
    </UnitTest>
    <UnitTest name="JarvisAssistant.UnitTests.Integration.ElevenLabsVoiceIntegrationTests.ServiceRegistration_AllServicesRegistered_Successfully" storage="c:\users\bruce\source\repos\jarvis assistant mk2\jarvisassistant.unittests\bin\debug\net8.0\jarvisassistant.unittests.dll" id="21fd0756-10c3-46ee-a846-b3dabac07764">
      <Execution id="a65473af-6516-483b-a45f-f5bae1d4af1c" />
      <TestMethod codeBase="c:\Users\Bruce\source\repos\Jarvis Assistant MK2\JarvisAssistant.UnitTests\bin\Debug\net8.0\JarvisAssistant.UnitTests.dll" adapterTypeName="executor://xunit/VsTestRunner2/netcoreapp" className="JarvisAssistant.UnitTests.Integration.ElevenLabsVoiceIntegrationTests" name="ServiceRegistration_AllServicesRegistered_Successfully" />
    </UnitTest>
    <UnitTest name="JarvisAssistant.UnitTests.UI.ConceptualMainPageUITests.ButtonInput_ShouldWorkAcrossAllInputMethods(inputMethod: &quot;Keyboard&quot;)" storage="c:\users\bruce\source\repos\jarvis assistant mk2\jarvisassistant.unittests\bin\debug\net8.0\jarvisassistant.unittests.dll" id="59a66a13-2ebb-3a81-334c-198ab592fcd4">
      <Execution id="84fa9713-1a62-481f-9677-8340473f3b96" />
      <TestMethod codeBase="c:\Users\Bruce\source\repos\Jarvis Assistant MK2\JarvisAssistant.UnitTests\bin\Debug\net8.0\JarvisAssistant.UnitTests.dll" adapterTypeName="executor://xunit/VsTestRunner2/netcoreapp" className="JarvisAssistant.UnitTests.UI.ConceptualMainPageUITests" name="ButtonInput_ShouldWorkAcrossAllInputMethods" />
    </UnitTest>
    <UnitTest name="JarvisAssistant.UnitTests.Services.MauiThemeManagerTests.SaveThemePreferenceAsync_ShouldNotThrow" storage="c:\users\bruce\source\repos\jarvis assistant mk2\jarvisassistant.unittests\bin\debug\net8.0\jarvisassistant.unittests.dll" id="fd5f0d43-5f83-476d-489c-c786369c636b">
      <Execution id="b5610a3f-ad10-495d-ab89-381389831f47" />
      <TestMethod codeBase="c:\Users\Bruce\source\repos\Jarvis Assistant MK2\JarvisAssistant.UnitTests\bin\Debug\net8.0\JarvisAssistant.UnitTests.dll" adapterTypeName="executor://xunit/VsTestRunner2/netcoreapp" className="JarvisAssistant.UnitTests.Services.MauiThemeManagerTests" name="SaveThemePreferenceAsync_ShouldNotThrow" />
    </UnitTest>
    <UnitTest name="JarvisAssistant.UnitTests.Services.LLM.LLMServerFailureTests.GenerateAsync_CertificateValidationFailure_ReturnsCertError" storage="c:\users\bruce\source\repos\jarvis assistant mk2\jarvisassistant.unittests\bin\debug\net8.0\jarvisassistant.unittests.dll" id="413d2d6c-e9cd-e56b-6525-7fefbc5c05a2">
      <Execution id="054ee958-fdaa-4df4-beec-bd9bc4faaca5" />
      <TestMethod codeBase="c:\Users\Bruce\source\repos\Jarvis Assistant MK2\JarvisAssistant.UnitTests\bin\Debug\net8.0\JarvisAssistant.UnitTests.dll" adapterTypeName="executor://xunit/VsTestRunner2/netcoreapp" className="JarvisAssistant.UnitTests.Services.LLM.LLMServerFailureTests" name="GenerateAsync_CertificateValidationFailure_ReturnsCertError" />
    </UnitTest>
    <UnitTest name="JarvisAssistant.UnitTests.Integration.LLMServiceIntegrationTests.SendMessageAsync_WithDifferentQueryTypes_ReturnsAppropriateResponses(message: &quot;I'm getting a null reference exception&quot;, expectedQueryType: Error)" storage="c:\users\bruce\source\repos\jarvis assistant mk2\jarvisassistant.unittests\bin\debug\net8.0\jarvisassistant.unittests.dll" id="26e491bc-dd99-5d76-ced0-5976ad688914">
      <Execution id="57893281-ec91-408c-985e-60a8a3cab26e" />
      <TestMethod codeBase="c:\Users\Bruce\source\repos\Jarvis Assistant MK2\JarvisAssistant.UnitTests\bin\Debug\net8.0\JarvisAssistant.UnitTests.dll" adapterTypeName="executor://xunit/VsTestRunner2/netcoreapp" className="JarvisAssistant.UnitTests.Integration.LLMServiceIntegrationTests" name="SendMessageAsync_WithDifferentQueryTypes_ReturnsAppropriateResponses" />
    </UnitTest>
    <UnitTest name="JarvisAssistant.UnitTests.Core.Converters.ConverterLogicTests.PlatformMatches_WithNonMatchingPlatform_ShouldReturnFalse" storage="c:\users\bruce\source\repos\jarvis assistant mk2\jarvisassistant.unittests\bin\debug\net8.0\jarvisassistant.unittests.dll" id="c805e166-1285-35c8-7dd7-3c2e3c9a9fd1">
      <Execution id="194fb81e-9e9b-497f-8a93-fd8035485a0b" />
      <TestMethod codeBase="c:\Users\Bruce\source\repos\Jarvis Assistant MK2\JarvisAssistant.UnitTests\bin\Debug\net8.0\JarvisAssistant.UnitTests.dll" adapterTypeName="executor://xunit/VsTestRunner2/netcoreapp" className="JarvisAssistant.UnitTests.Core.Converters.ConverterLogicTests" name="PlatformMatches_WithNonMatchingPlatform_ShouldReturnFalse" />
    </UnitTest>
    <UnitTest name="JarvisAssistant.UnitTests.UI.MAUIStatusPanelUITests.StatusPanel_ResponseTimes_ShouldDisplayCorrectly" storage="c:\users\bruce\source\repos\jarvis assistant mk2\jarvisassistant.unittests\bin\debug\net8.0\jarvisassistant.unittests.dll" id="469caaad-1f56-34b5-dc67-bd4ae58f0f5b">
      <Execution id="acd1df97-ad4e-408e-86de-adc3a9f9fea0" />
      <TestMethod codeBase="c:\Users\Bruce\source\repos\Jarvis Assistant MK2\JarvisAssistant.UnitTests\bin\Debug\net8.0\JarvisAssistant.UnitTests.dll" adapterTypeName="executor://xunit/VsTestRunner2/netcoreapp" className="JarvisAssistant.UnitTests.UI.MAUIStatusPanelUITests" name="StatusPanel_ResponseTimes_ShouldDisplayCorrectly" />
    </UnitTest>
    <UnitTest name="JarvisAssistant.UnitTests.Voice.VoiceCommandModelTests.VoiceCommandType_AllValues_AreValid(type: Exit)" storage="c:\users\bruce\source\repos\jarvis assistant mk2\jarvisassistant.unittests\bin\debug\net8.0\jarvisassistant.unittests.dll" id="4c817324-2212-de07-bdd6-9186b46ce012">
      <Execution id="703ad38a-d4cf-434b-96ed-d74532b791e8" />
      <TestMethod codeBase="c:\Users\Bruce\source\repos\Jarvis Assistant MK2\JarvisAssistant.UnitTests\bin\Debug\net8.0\JarvisAssistant.UnitTests.dll" adapterTypeName="executor://xunit/VsTestRunner2/netcoreapp" className="JarvisAssistant.UnitTests.Voice.VoiceCommandModelTests" name="VoiceCommandType_AllValues_AreValid" />
    </UnitTest>
    <UnitTest name="JarvisAssistant.UnitTests.Voice.GoogleTVVoiceHandlerTests.ConfigureContinuousListeningAsync_WhenNotInitialized_DoesNotThrow" storage="c:\users\bruce\source\repos\jarvis assistant mk2\jarvisassistant.unittests\bin\debug\net8.0\jarvisassistant.unittests.dll" id="bedb7b63-f995-bc61-60f0-694f5a50ce8a">
      <Execution id="0fc4b6e9-92cb-4b58-b39d-893b842e1226" />
      <TestMethod codeBase="c:\Users\Bruce\source\repos\Jarvis Assistant MK2\JarvisAssistant.UnitTests\bin\Debug\net8.0\JarvisAssistant.UnitTests.dll" adapterTypeName="executor://xunit/VsTestRunner2/netcoreapp" className="JarvisAssistant.UnitTests.Voice.GoogleTVVoiceHandlerTests" name="ConfigureContinuousListeningAsync_WhenNotInitialized_DoesNotThrow" />
    </UnitTest>
    <UnitTest name="JarvisAssistant.UnitTests.UI.InputBlockingRegressionTests.CONCEPT_AutomatedInputBlockingDetection" storage="c:\users\bruce\source\repos\jarvis assistant mk2\jarvisassistant.unittests\bin\debug\net8.0\jarvisassistant.unittests.dll" id="a09388c0-a979-716b-59e1-27f196fe751c">
      <Execution id="8b44803f-d4f7-4104-b24a-1c885fa0b93b" />
      <TestMethod codeBase="c:\Users\Bruce\source\repos\Jarvis Assistant MK2\JarvisAssistant.UnitTests\bin\Debug\net8.0\JarvisAssistant.UnitTests.dll" adapterTypeName="executor://xunit/VsTestRunner2/netcoreapp" className="JarvisAssistant.UnitTests.UI.InputBlockingRegressionTests" name="CONCEPT_AutomatedInputBlockingDetection" />
    </UnitTest>
    <UnitTest name="JarvisAssistant.UnitTests.Services.OllamaLLMServiceTests.SendMessageAsync_DetectsCorrectQueryType(message: &quot;calculate the sum&quot;, expectedQueryType: Mathematical)" storage="c:\users\bruce\source\repos\jarvis assistant mk2\jarvisassistant.unittests\bin\debug\net8.0\jarvisassistant.unittests.dll" id="26f10096-2762-358f-3681-e803a9fc9ce8">
      <Execution id="01ced870-20f3-41ac-be06-d04e2c05f9ae" />
      <TestMethod codeBase="c:\Users\Bruce\source\repos\Jarvis Assistant MK2\JarvisAssistant.UnitTests\bin\Debug\net8.0\JarvisAssistant.UnitTests.dll" adapterTypeName="executor://xunit/VsTestRunner2/netcoreapp" className="JarvisAssistant.UnitTests.Services.OllamaLLMServiceTests" name="SendMessageAsync_DetectsCorrectQueryType" />
    </UnitTest>
    <UnitTest name="JarvisAssistant.UnitTests.Services.ThemeManagerTests.LoadThemeResourcesAsync_AnyTheme_ShouldCompleteSuccessfully(theme: Desktop)" storage="c:\users\bruce\source\repos\jarvis assistant mk2\jarvisassistant.unittests\bin\debug\net8.0\jarvisassistant.unittests.dll" id="92c3d295-24cf-9cdc-6ca9-fb468b3d1d16">
      <Execution id="a61e5747-23fc-49b2-ad0b-891a5efbbb69" />
      <TestMethod codeBase="c:\Users\Bruce\source\repos\Jarvis Assistant MK2\JarvisAssistant.UnitTests\bin\Debug\net8.0\JarvisAssistant.UnitTests.dll" adapterTypeName="executor://xunit/VsTestRunner2/netcoreapp" className="JarvisAssistant.UnitTests.Services.ThemeManagerTests" name="LoadThemeResourcesAsync_AnyTheme_ShouldCompleteSuccessfully" />
    </UnitTest>
    <UnitTest name="JarvisAssistant.UnitTests.Integration.LiveOllamaConnectionTests.LiveConnection_ComprehensiveDiagnostics_ShouldProvideDetailedResults" storage="c:\users\bruce\source\repos\jarvis assistant mk2\jarvisassistant.unittests\bin\debug\net8.0\jarvisassistant.unittests.dll" id="01082c2a-9cfa-833d-a5c2-247f6414dd68">
      <Execution id="3243ceaf-17b1-4eab-9e35-e49543ee5f92" />
      <TestMethod codeBase="c:\Users\Bruce\source\repos\Jarvis Assistant MK2\JarvisAssistant.UnitTests\bin\Debug\net8.0\JarvisAssistant.UnitTests.dll" adapterTypeName="executor://xunit/VsTestRunner2/netcoreapp" className="JarvisAssistant.UnitTests.Integration.LiveOllamaConnectionTests" name="LiveConnection_ComprehensiveDiagnostics_ShouldProvideDetailedResults" />
    </UnitTest>
    <UnitTest name="JarvisAssistant.UnitTests.Voice.VoiceCommandModelTests.VoiceCommand_WithClassification_CreatesNewInstanceWithUpdatedInfo" storage="c:\users\bruce\source\repos\jarvis assistant mk2\jarvisassistant.unittests\bin\debug\net8.0\jarvisassistant.unittests.dll" id="d719c008-88df-e617-f599-2e03add0ed27">
      <Execution id="13f43e63-df45-4691-a23c-1c0b592654e2" />
      <TestMethod codeBase="c:\Users\Bruce\source\repos\Jarvis Assistant MK2\JarvisAssistant.UnitTests\bin\Debug\net8.0\JarvisAssistant.UnitTests.dll" adapterTypeName="executor://xunit/VsTestRunner2/netcoreapp" className="JarvisAssistant.UnitTests.Voice.VoiceCommandModelTests" name="VoiceCommand_WithClassification_CreatesNewInstanceWithUpdatedInfo" />
    </UnitTest>
    <UnitTest name="JarvisAssistant.UnitTests.Services.LLM.LLMServerFailureTests.StreamGenerateAsync_InvalidStreamingJson_SkipsInvalidChunks" storage="c:\users\bruce\source\repos\jarvis assistant mk2\jarvisassistant.unittests\bin\debug\net8.0\jarvisassistant.unittests.dll" id="2c3d3d85-7049-d6ca-e8f3-09cfd130468b">
      <Execution id="da43ce2a-f5e3-4a89-9bc1-2dfdb6cdc36a" />
      <TestMethod codeBase="c:\Users\Bruce\source\repos\Jarvis Assistant MK2\JarvisAssistant.UnitTests\bin\Debug\net8.0\JarvisAssistant.UnitTests.dll" adapterTypeName="executor://xunit/VsTestRunner2/netcoreapp" className="JarvisAssistant.UnitTests.Services.LLM.LLMServerFailureTests" name="StreamGenerateAsync_InvalidStreamingJson_SkipsInvalidChunks" />
    </UnitTest>
    <UnitTest name="JarvisAssistant.UnitTests.UI.StatusPanelFunctionalityTests.ToggleExpandedCommand_ShouldBeAvailable" storage="c:\users\bruce\source\repos\jarvis assistant mk2\jarvisassistant.unittests\bin\debug\net8.0\jarvisassistant.unittests.dll" id="21027769-0ad7-800c-ad4d-9d39c6b3f3d8">
      <Execution id="e883e111-39d0-4be7-a4cb-43b453cdf282" />
      <TestMethod codeBase="c:\Users\Bruce\source\repos\Jarvis Assistant MK2\JarvisAssistant.UnitTests\bin\Debug\net8.0\JarvisAssistant.UnitTests.dll" adapterTypeName="executor://xunit/VsTestRunner2/netcoreapp" className="JarvisAssistant.UnitTests.UI.StatusPanelFunctionalityTests" name="ToggleExpandedCommand_ShouldBeAvailable" />
    </UnitTest>
    <UnitTest name="JarvisAssistant.UnitTests.UI.MAUIStatusPanelUITests.StatusPanelViewModel_OverallStatus_ShouldReflectServices" storage="c:\users\bruce\source\repos\jarvis assistant mk2\jarvisassistant.unittests\bin\debug\net8.0\jarvisassistant.unittests.dll" id="7f5adbec-5e4c-425f-f9da-aa4e09743586">
      <Execution id="076dd60f-fe7d-4434-b821-c5dc0a06fe06" />
      <TestMethod codeBase="c:\Users\Bruce\source\repos\Jarvis Assistant MK2\JarvisAssistant.UnitTests\bin\Debug\net8.0\JarvisAssistant.UnitTests.dll" adapterTypeName="executor://xunit/VsTestRunner2/netcoreapp" className="JarvisAssistant.UnitTests.UI.MAUIStatusPanelUITests" name="StatusPanelViewModel_OverallStatus_ShouldReflectServices" />
    </UnitTest>
    <UnitTest name="JarvisAssistant.UnitTests.Services.LLM.PersonalityServiceTests.GetContextualGreeting_WithValidQueryType_ReturnsGreeting(queryType: Code)" storage="c:\users\bruce\source\repos\jarvis assistant mk2\jarvisassistant.unittests\bin\debug\net8.0\jarvisassistant.unittests.dll" id="bb78cc4f-dee7-ea70-39d5-ebcc22daca27">
      <Execution id="fea072e8-bb25-4111-8de5-6dd23afe4bc1" />
      <TestMethod codeBase="c:\Users\Bruce\source\repos\Jarvis Assistant MK2\JarvisAssistant.UnitTests\bin\Debug\net8.0\JarvisAssistant.UnitTests.dll" adapterTypeName="executor://xunit/VsTestRunner2/netcoreapp" className="JarvisAssistant.UnitTests.Services.LLM.PersonalityServiceTests" name="GetContextualGreeting_WithValidQueryType_ReturnsGreeting" />
    </UnitTest>
    <UnitTest name="JarvisAssistant.UnitTests.Services.MauiThemeManagerTests.AvailableThemes_ForAndroid_ShouldIncludeMobileTheme" storage="c:\users\bruce\source\repos\jarvis assistant mk2\jarvisassistant.unittests\bin\debug\net8.0\jarvisassistant.unittests.dll" id="cb0f1e91-aa70-8b65-9218-91dab742d433">
      <Execution id="fbd6088c-b48a-4884-aba4-ef47d7b6a6ed" />
      <TestMethod codeBase="c:\Users\Bruce\source\repos\Jarvis Assistant MK2\JarvisAssistant.UnitTests\bin\Debug\net8.0\JarvisAssistant.UnitTests.dll" adapterTypeName="executor://xunit/VsTestRunner2/netcoreapp" className="JarvisAssistant.UnitTests.Services.MauiThemeManagerTests" name="AvailableThemes_ForAndroid_ShouldIncludeMobileTheme" />
    </UnitTest>
    <UnitTest name="JarvisAssistant.UnitTests.Voice.VoiceCommandModelTests.VoiceCommandSource_AllValues_AreValid(source: RemoteControl)" storage="c:\users\bruce\source\repos\jarvis assistant mk2\jarvisassistant.unittests\bin\debug\net8.0\jarvisassistant.unittests.dll" id="cd018d22-1849-178f-9ef9-a48330dcf45d">
      <Execution id="7ce96ea0-3f9b-4a8b-882b-d7390a1ec59e" />
      <TestMethod codeBase="c:\Users\Bruce\source\repos\Jarvis Assistant MK2\JarvisAssistant.UnitTests\bin\Debug\net8.0\JarvisAssistant.UnitTests.dll" adapterTypeName="executor://xunit/VsTestRunner2/netcoreapp" className="JarvisAssistant.UnitTests.Voice.VoiceCommandModelTests" name="VoiceCommandSource_AllValues_AreValid" />
    </UnitTest>
    <UnitTest name="JarvisAssistant.UnitTests.Services.OllamaLLMServiceTests.StreamResponseAsync_WithValidRequest_YieldsResponseChunks" storage="c:\users\bruce\source\repos\jarvis assistant mk2\jarvisassistant.unittests\bin\debug\net8.0\jarvisassistant.unittests.dll" id="0fb50777-482f-e1ba-ee73-c8244b560f4e">
      <Execution id="5d0fd9e3-2816-446f-a3a9-e1b68ceb6503" />
      <TestMethod codeBase="c:\Users\Bruce\source\repos\Jarvis Assistant MK2\JarvisAssistant.UnitTests\bin\Debug\net8.0\JarvisAssistant.UnitTests.dll" adapterTypeName="executor://xunit/VsTestRunner2/netcoreapp" className="JarvisAssistant.UnitTests.Services.OllamaLLMServiceTests" name="StreamResponseAsync_WithValidRequest_YieldsResponseChunks" />
    </UnitTest>
    <UnitTest name="JarvisAssistant.UnitTests.Services.LLM.LLMErrorHandlerTests.ProcessException_OutOfMemoryException_ReturnsMemoryError" storage="c:\users\bruce\source\repos\jarvis assistant mk2\jarvisassistant.unittests\bin\debug\net8.0\jarvisassistant.unittests.dll" id="adc71b37-1c62-7b3d-65aa-72c5b77e4602">
      <Execution id="7c1cb459-1f4d-4877-b60a-f754bd64cdcd" />
      <TestMethod codeBase="c:\Users\Bruce\source\repos\Jarvis Assistant MK2\JarvisAssistant.UnitTests\bin\Debug\net8.0\JarvisAssistant.UnitTests.dll" adapterTypeName="executor://xunit/VsTestRunner2/netcoreapp" className="JarvisAssistant.UnitTests.Services.LLM.LLMErrorHandlerTests" name="ProcessException_OutOfMemoryException_ReturnsMemoryError" />
    </UnitTest>
    <UnitTest name="JarvisAssistant.UnitTests.Services.RateLimitServiceTests.GetStatistics_WithEmptyHistory_ReturnsDefaults" storage="c:\users\bruce\source\repos\jarvis assistant mk2\jarvisassistant.unittests\bin\debug\net8.0\jarvisassistant.unittests.dll" id="4595fd0e-b0c5-bb4d-1175-d779773487f8">
      <Execution id="38d9cc02-1d72-455e-8397-802467be8cde" />
      <TestMethod codeBase="c:\Users\Bruce\source\repos\Jarvis Assistant MK2\JarvisAssistant.UnitTests\bin\Debug\net8.0\JarvisAssistant.UnitTests.dll" adapterTypeName="executor://xunit/VsTestRunner2/netcoreapp" className="JarvisAssistant.UnitTests.Services.RateLimitServiceTests" name="GetStatistics_WithEmptyHistory_ReturnsDefaults" />
    </UnitTest>
    <UnitTest name="JarvisAssistant.UnitTests.Voice.GoogleTVVoiceHandlerTests.IsListening_ReflectsVoiceModeManagerState" storage="c:\users\bruce\source\repos\jarvis assistant mk2\jarvisassistant.unittests\bin\debug\net8.0\jarvisassistant.unittests.dll" id="44db438e-3ba4-94ef-e2a3-e5459a9b6123">
      <Execution id="34359212-66b8-46d1-94b7-816efb69a3dd" />
      <TestMethod codeBase="c:\Users\Bruce\source\repos\Jarvis Assistant MK2\JarvisAssistant.UnitTests\bin\Debug\net8.0\JarvisAssistant.UnitTests.dll" adapterTypeName="executor://xunit/VsTestRunner2/netcoreapp" className="JarvisAssistant.UnitTests.Voice.GoogleTVVoiceHandlerTests" name="IsListening_ReflectsVoiceModeManagerState" />
    </UnitTest>
    <UnitTest name="JarvisAssistant.UnitTests.Services.LLM.LLMErrorHandlerTests.ProcessException_SocketException_ReturnsCorrectErrorCode(socketError: NetworkUnreachable, expectedErrorCode: &quot;LLM-CONN-003&quot;)" storage="c:\users\bruce\source\repos\jarvis assistant mk2\jarvisassistant.unittests\bin\debug\net8.0\jarvisassistant.unittests.dll" id="455bf03d-c3fc-6851-1424-072c18d1c5a3">
      <Execution id="e950a347-d4c1-47e0-a505-28892d0143e3" />
      <TestMethod codeBase="c:\Users\Bruce\source\repos\Jarvis Assistant MK2\JarvisAssistant.UnitTests\bin\Debug\net8.0\JarvisAssistant.UnitTests.dll" adapterTypeName="executor://xunit/VsTestRunner2/netcoreapp" className="JarvisAssistant.UnitTests.Services.LLM.LLMErrorHandlerTests" name="ProcessException_SocketException_ReturnsCorrectErrorCode" />
    </UnitTest>
    <UnitTest name="JarvisAssistant.UnitTests.Services.PlatformServiceTests.AppThemeEnum_ShouldHaveAllExpectedValues" storage="c:\users\bruce\source\repos\jarvis assistant mk2\jarvisassistant.unittests\bin\debug\net8.0\jarvisassistant.unittests.dll" id="fff2b283-f4b4-0baf-243c-7e98adecb9a1">
      <Execution id="13050ecf-6955-40fe-be28-6dc157dd66dd" />
      <TestMethod codeBase="c:\Users\Bruce\source\repos\Jarvis Assistant MK2\JarvisAssistant.UnitTests\bin\Debug\net8.0\JarvisAssistant.UnitTests.dll" adapterTypeName="executor://xunit/VsTestRunner2/netcoreapp" className="JarvisAssistant.UnitTests.Services.PlatformServiceTests" name="AppThemeEnum_ShouldHaveAllExpectedValues" />
    </UnitTest>
    <UnitTest name="JarvisAssistant.UnitTests.Services.LLM.LLMServerFailureTests.StreamGenerateAsync_StreamTimeout_ReturnsTimeoutError" storage="c:\users\bruce\source\repos\jarvis assistant mk2\jarvisassistant.unittests\bin\debug\net8.0\jarvisassistant.unittests.dll" id="45c8ee3a-e583-fd18-8a0a-349f421e0f9c">
      <Execution id="7dac2451-11fa-4de3-bdbc-0bf801825943" />
      <TestMethod codeBase="c:\Users\Bruce\source\repos\Jarvis Assistant MK2\JarvisAssistant.UnitTests\bin\Debug\net8.0\JarvisAssistant.UnitTests.dll" adapterTypeName="executor://xunit/VsTestRunner2/netcoreapp" className="JarvisAssistant.UnitTests.Services.LLM.LLMServerFailureTests" name="StreamGenerateAsync_StreamTimeout_ReturnsTimeoutError" />
    </UnitTest>
    <UnitTest name="JarvisAssistant.UnitTests.Voice.VoiceCommandModelTests.VoiceCommandType_AllValues_AreValid(type: Repeat)" storage="c:\users\bruce\source\repos\jarvis assistant mk2\jarvisassistant.unittests\bin\debug\net8.0\jarvisassistant.unittests.dll" id="64bfd9bc-9204-e470-82b4-a39c29673feb">
      <Execution id="c755e0c7-acea-4e20-b589-f7a65bb9b2f4" />
      <TestMethod codeBase="c:\Users\Bruce\source\repos\Jarvis Assistant MK2\JarvisAssistant.UnitTests\bin\Debug\net8.0\JarvisAssistant.UnitTests.dll" adapterTypeName="executor://xunit/VsTestRunner2/netcoreapp" className="JarvisAssistant.UnitTests.Voice.VoiceCommandModelTests" name="VoiceCommandType_AllValues_AreValid" />
    </UnitTest>
    <UnitTest name="JarvisAssistant.UnitTests.Services.MauiThemeManagerTests.LoadThemeResourcesAsync_ShouldLoadResourcesOnce" storage="c:\users\bruce\source\repos\jarvis assistant mk2\jarvisassistant.unittests\bin\debug\net8.0\jarvisassistant.unittests.dll" id="ac47d88c-09e4-afb0-61fb-1d74b45b70b0">
      <Execution id="7accee76-4963-47bd-98a5-fabcbc41bbaf" />
      <TestMethod codeBase="c:\Users\Bruce\source\repos\Jarvis Assistant MK2\JarvisAssistant.UnitTests\bin\Debug\net8.0\JarvisAssistant.UnitTests.dll" adapterTypeName="executor://xunit/VsTestRunner2/netcoreapp" className="JarvisAssistant.UnitTests.Services.MauiThemeManagerTests" name="LoadThemeResourcesAsync_ShouldLoadResourcesOnce" />
    </UnitTest>
    <UnitTest name="JarvisAssistant.UnitTests.UI.MAUIUIIntegrationTests.UserJourney_StartConversation_ShouldWorkWithStatusPanel" storage="c:\users\bruce\source\repos\jarvis assistant mk2\jarvisassistant.unittests\bin\debug\net8.0\jarvisassistant.unittests.dll" id="1a840d32-5876-ebdf-38da-a9181c070e76">
      <Execution id="8cd89986-1120-4753-81b8-ff8393d0a13f" />
      <TestMethod codeBase="c:\Users\Bruce\source\repos\Jarvis Assistant MK2\JarvisAssistant.UnitTests\bin\Debug\net8.0\JarvisAssistant.UnitTests.dll" adapterTypeName="executor://xunit/VsTestRunner2/netcoreapp" className="JarvisAssistant.UnitTests.UI.MAUIUIIntegrationTests" name="UserJourney_StartConversation_ShouldWorkWithStatusPanel" />
    </UnitTest>
    <UnitTest name="JarvisAssistant.UnitTests.Services.OllamaLLMServiceTests.SendMessageAsync_WithOllamaError_ReturnsErrorResponse" storage="c:\users\bruce\source\repos\jarvis assistant mk2\jarvisassistant.unittests\bin\debug\net8.0\jarvisassistant.unittests.dll" id="37112fb9-e4a1-5134-9108-4377dd1742e8">
      <Execution id="90e04335-8513-4de5-abc8-7825a14c447d" />
      <TestMethod codeBase="c:\Users\Bruce\source\repos\Jarvis Assistant MK2\JarvisAssistant.UnitTests\bin\Debug\net8.0\JarvisAssistant.UnitTests.dll" adapterTypeName="executor://xunit/VsTestRunner2/netcoreapp" className="JarvisAssistant.UnitTests.Services.OllamaLLMServiceTests" name="SendMessageAsync_WithOllamaError_ReturnsErrorResponse" />
    </UnitTest>
    <UnitTest name="JarvisAssistant.UnitTests.Services.LLM.LLMServerFailureTests.GenerateAsync_EmptyResponse_ReturnsEmptyString" storage="c:\users\bruce\source\repos\jarvis assistant mk2\jarvisassistant.unittests\bin\debug\net8.0\jarvisassistant.unittests.dll" id="6bd7264d-ee0c-23f9-3d1d-bb27bd6296ee">
      <Execution id="9b8de83f-3d5a-4457-910f-ce2c1f4ba372" />
      <TestMethod codeBase="c:\Users\Bruce\source\repos\Jarvis Assistant MK2\JarvisAssistant.UnitTests\bin\Debug\net8.0\JarvisAssistant.UnitTests.dll" adapterTypeName="executor://xunit/VsTestRunner2/netcoreapp" className="JarvisAssistant.UnitTests.Services.LLM.LLMServerFailureTests" name="GenerateAsync_EmptyResponse_ReturnsEmptyString" />
    </UnitTest>
    <UnitTest name="JarvisAssistant.UnitTests.Services.PlatformServiceTests.SupportsMultiPanel_ShouldReturnExpectedValueForPlatform(platform: AndroidTV, expected: True)" storage="c:\users\bruce\source\repos\jarvis assistant mk2\jarvisassistant.unittests\bin\debug\net8.0\jarvisassistant.unittests.dll" id="4acd4b27-ff67-db41-b218-24d4717db2de">
      <Execution id="68ab0a73-8574-4567-bb8c-b3be130f77f1" />
      <TestMethod codeBase="c:\Users\Bruce\source\repos\Jarvis Assistant MK2\JarvisAssistant.UnitTests\bin\Debug\net8.0\JarvisAssistant.UnitTests.dll" adapterTypeName="executor://xunit/VsTestRunner2/netcoreapp" className="JarvisAssistant.UnitTests.Services.PlatformServiceTests" name="SupportsMultiPanel_ShouldReturnExpectedValueForPlatform" />
    </UnitTest>
    <UnitTest name="JarvisAssistant.UnitTests.Integration.LLMErrorDiagnosticTests.DiagnosticTest_AllTimeoutErrors_GenerateCorrectErrorResponses" storage="c:\users\bruce\source\repos\jarvis assistant mk2\jarvisassistant.unittests\bin\debug\net8.0\jarvisassistant.unittests.dll" id="cb3113a4-24e3-7a7b-f4c3-ee42cb216b54">
      <Execution id="0724f0eb-ebb2-49e1-a483-e9529d5c421a" />
      <TestMethod codeBase="c:\Users\Bruce\source\repos\Jarvis Assistant MK2\JarvisAssistant.UnitTests\bin\Debug\net8.0\JarvisAssistant.UnitTests.dll" adapterTypeName="executor://xunit/VsTestRunner2/netcoreapp" className="JarvisAssistant.UnitTests.Integration.LLMErrorDiagnosticTests" name="DiagnosticTest_AllTimeoutErrors_GenerateCorrectErrorResponses" />
    </UnitTest>
    <UnitTest name="JarvisAssistant.UnitTests.Voice.VoiceCommandProcessorTests.SupportedCommands_ContainsAllDefaultCommands(commandType: Stop)" storage="c:\users\bruce\source\repos\jarvis assistant mk2\jarvisassistant.unittests\bin\debug\net8.0\jarvisassistant.unittests.dll" id="f25e854e-88a4-1936-3be8-366a1b80a983">
      <Execution id="be7edbf0-de1f-4967-b881-0f63cf4bfc8e" />
      <TestMethod codeBase="c:\Users\Bruce\source\repos\Jarvis Assistant MK2\JarvisAssistant.UnitTests\bin\Debug\net8.0\JarvisAssistant.UnitTests.dll" adapterTypeName="executor://xunit/VsTestRunner2/netcoreapp" className="JarvisAssistant.UnitTests.Voice.VoiceCommandProcessorTests" name="SupportedCommands_ContainsAllDefaultCommands" />
    </UnitTest>
    <UnitTest name="JarvisAssistant.UnitTests.Voice.VoiceModeManagerTests.IsGoogleTV_WhenTrue_SetsAlwaysOnMode" storage="c:\users\bruce\source\repos\jarvis assistant mk2\jarvisassistant.unittests\bin\debug\net8.0\jarvisassistant.unittests.dll" id="a759bfe3-b5c9-473c-103c-8b2ada9fe259">
      <Execution id="54d728a8-8b9a-4117-a2bd-0106e8b6f142" />
      <TestMethod codeBase="c:\Users\Bruce\source\repos\Jarvis Assistant MK2\JarvisAssistant.UnitTests\bin\Debug\net8.0\JarvisAssistant.UnitTests.dll" adapterTypeName="executor://xunit/VsTestRunner2/netcoreapp" className="JarvisAssistant.UnitTests.Voice.VoiceModeManagerTests" name="IsGoogleTV_WhenTrue_SetsAlwaysOnMode" />
    </UnitTest>
    <UnitTest name="JarvisAssistant.UnitTests.Integration.ChatIntegrationTests.VoiceService_RecognizeSpeech_ShouldReturnText" storage="c:\users\bruce\source\repos\jarvis assistant mk2\jarvisassistant.unittests\bin\debug\net8.0\jarvisassistant.unittests.dll" id="27314294-52ba-1e95-8ea5-746e88b2b990">
      <Execution id="b3b81372-b7f4-4fbd-9080-d80ec327d447" />
      <TestMethod codeBase="c:\Users\Bruce\source\repos\Jarvis Assistant MK2\JarvisAssistant.UnitTests\bin\Debug\net8.0\JarvisAssistant.UnitTests.dll" adapterTypeName="executor://xunit/VsTestRunner2/netcoreapp" className="JarvisAssistant.UnitTests.Integration.ChatIntegrationTests" name="VoiceService_RecognizeSpeech_ShouldReturnText" />
    </UnitTest>
    <UnitTest name="JarvisAssistant.UnitTests.Services.OllamaLLMServiceTests.StreamResponseAsync_WithEmptyMessage_ThrowsArgumentException" storage="c:\users\bruce\source\repos\jarvis assistant mk2\jarvisassistant.unittests\bin\debug\net8.0\jarvisassistant.unittests.dll" id="0ee773ae-a376-b61a-8a01-91ee30d612b0">
      <Execution id="ff239a19-bffe-48c8-80c1-c746dde8ca16" />
      <TestMethod codeBase="c:\Users\Bruce\source\repos\Jarvis Assistant MK2\JarvisAssistant.UnitTests\bin\Debug\net8.0\JarvisAssistant.UnitTests.dll" adapterTypeName="executor://xunit/VsTestRunner2/netcoreapp" className="JarvisAssistant.UnitTests.Services.OllamaLLMServiceTests" name="StreamResponseAsync_WithEmptyMessage_ThrowsArgumentException" />
    </UnitTest>
    <UnitTest name="JarvisAssistant.UnitTests.Services.LLM.LLMErrorHandlerTests.ProcessException_InvalidOperationException_RetryExceeded_ReturnsRetryError" storage="c:\users\bruce\source\repos\jarvis assistant mk2\jarvisassistant.unittests\bin\debug\net8.0\jarvisassistant.unittests.dll" id="7840c5e3-78d2-94db-b1e7-a10127131c74">
      <Execution id="315005b7-43e0-4377-8016-e685d4285804" />
      <TestMethod codeBase="c:\Users\Bruce\source\repos\Jarvis Assistant MK2\JarvisAssistant.UnitTests\bin\Debug\net8.0\JarvisAssistant.UnitTests.dll" adapterTypeName="executor://xunit/VsTestRunner2/netcoreapp" className="JarvisAssistant.UnitTests.Services.LLM.LLMErrorHandlerTests" name="ProcessException_InvalidOperationException_RetryExceeded_ReturnsRetryError" />
    </UnitTest>
    <UnitTest name="JarvisAssistant.UnitTests.Services.PlatformServiceTests.GetOptimalTheme_ForDifferentPlatforms_ShouldReturnExpectedTheme(platform: Android, expectedTheme: Mobile)" storage="c:\users\bruce\source\repos\jarvis assistant mk2\jarvisassistant.unittests\bin\debug\net8.0\jarvisassistant.unittests.dll" id="ffe57b37-7d54-5930-12aa-542561cc00da">
      <Execution id="b1f68bb9-163a-432c-bf63-179c8e0be70a" />
      <TestMethod codeBase="c:\Users\Bruce\source\repos\Jarvis Assistant MK2\JarvisAssistant.UnitTests\bin\Debug\net8.0\JarvisAssistant.UnitTests.dll" adapterTypeName="executor://xunit/VsTestRunner2/netcoreapp" className="JarvisAssistant.UnitTests.Services.PlatformServiceTests" name="GetOptimalTheme_ForDifferentPlatforms_ShouldReturnExpectedTheme" />
    </UnitTest>
    <UnitTest name="JarvisAssistant.UnitTests.Integration.LLMErrorDiagnosticTests.DiagnosticTest_AllResourceErrors_GenerateCorrectErrorResponses" storage="c:\users\bruce\source\repos\jarvis assistant mk2\jarvisassistant.unittests\bin\debug\net8.0\jarvisassistant.unittests.dll" id="477bba6c-16aa-afeb-90e4-aae7f108ab8b">
      <Execution id="66e582d7-cb14-4157-b9c1-a606ba485fbc" />
      <TestMethod codeBase="c:\Users\Bruce\source\repos\Jarvis Assistant MK2\JarvisAssistant.UnitTests\bin\Debug\net8.0\JarvisAssistant.UnitTests.dll" adapterTypeName="executor://xunit/VsTestRunner2/netcoreapp" className="JarvisAssistant.UnitTests.Integration.LLMErrorDiagnosticTests" name="DiagnosticTest_AllResourceErrors_GenerateCorrectErrorResponses" />
    </UnitTest>
    <UnitTest name="JarvisAssistant.UnitTests.Services.LLM.LLMErrorHandlerTests.ProcessException_HttpRequestException_ServerError_ReturnsCorrectErrorCode(exceptionMessage: &quot;500 server error&quot;, expectedErrorCode: &quot;LLM-HTTP-500-001&quot;, expectedRetryable: True)" storage="c:\users\bruce\source\repos\jarvis assistant mk2\jarvisassistant.unittests\bin\debug\net8.0\jarvisassistant.unittests.dll" id="06c4b10b-26f0-919f-47e9-976d9a7eb365">
      <Execution id="1332cfab-43dd-4b3c-9d92-90706e3c2991" />
      <TestMethod codeBase="c:\Users\Bruce\source\repos\Jarvis Assistant MK2\JarvisAssistant.UnitTests\bin\Debug\net8.0\JarvisAssistant.UnitTests.dll" adapterTypeName="executor://xunit/VsTestRunner2/netcoreapp" className="JarvisAssistant.UnitTests.Services.LLM.LLMErrorHandlerTests" name="ProcessException_HttpRequestException_ServerError_ReturnsCorrectErrorCode" />
    </UnitTest>
    <UnitTest name="JarvisAssistant.UnitTests.Core.Models.ChatMessageCoreTests.TypeProperties_ShouldReturnCorrectValues(type: System, isCode: False, isError: False, isVoice: False)" storage="c:\users\bruce\source\repos\jarvis assistant mk2\jarvisassistant.unittests\bin\debug\net8.0\jarvisassistant.unittests.dll" id="31d0ea51-10b1-babb-8b2a-efa5913a7bdd">
      <Execution id="dbfefcf8-2404-4147-a716-70117b54aaf6" />
      <TestMethod codeBase="c:\Users\Bruce\source\repos\Jarvis Assistant MK2\JarvisAssistant.UnitTests\bin\Debug\net8.0\JarvisAssistant.UnitTests.dll" adapterTypeName="executor://xunit/VsTestRunner2/netcoreapp" className="JarvisAssistant.UnitTests.Core.Models.ChatMessageCoreTests" name="TypeProperties_ShouldReturnCorrectValues" />
    </UnitTest>
    <UnitTest name="JarvisAssistant.UnitTests.Services.LLM.PersonalityServiceTests.GetAppropriateAddress_WithContext_ReturnsSir" storage="c:\users\bruce\source\repos\jarvis assistant mk2\jarvisassistant.unittests\bin\debug\net8.0\jarvisassistant.unittests.dll" id="660970a1-21b7-e88b-bd1d-709582288c6b">
      <Execution id="0943190f-976c-43ea-a3d6-c6a1546da489" />
      <TestMethod codeBase="c:\Users\Bruce\source\repos\Jarvis Assistant MK2\JarvisAssistant.UnitTests\bin\Debug\net8.0\JarvisAssistant.UnitTests.dll" adapterTypeName="executor://xunit/VsTestRunner2/netcoreapp" className="JarvisAssistant.UnitTests.Services.LLM.PersonalityServiceTests" name="GetAppropriateAddress_WithContext_ReturnsSir" />
    </UnitTest>
    <UnitTest name="JarvisAssistant.UnitTests.Services.LLM.PersonalityServiceTests.GetContextualGreeting_ForCodeType_ReturnsCodeSpecificGreeting" storage="c:\users\bruce\source\repos\jarvis assistant mk2\jarvisassistant.unittests\bin\debug\net8.0\jarvisassistant.unittests.dll" id="2bcd132c-a677-cfac-275c-361f40442c05">
      <Execution id="c772113c-bb7e-4638-8e65-0eb638db26fc" />
      <TestMethod codeBase="c:\Users\Bruce\source\repos\Jarvis Assistant MK2\JarvisAssistant.UnitTests\bin\Debug\net8.0\JarvisAssistant.UnitTests.dll" adapterTypeName="executor://xunit/VsTestRunner2/netcoreapp" className="JarvisAssistant.UnitTests.Services.LLM.PersonalityServiceTests" name="GetContextualGreeting_ForCodeType_ReturnsCodeSpecificGreeting" />
    </UnitTest>
    <UnitTest name="JarvisAssistant.UnitTests.Services.LLM.LLMErrorHandlerTests.ProcessException_HttpRequestException_404_ReturnsCorrectErrorCode(exceptionMessage: &quot;HTTP 404 Not Found&quot;, expectedErrorCode: &quot;LLM-HTTP-404-001&quot;, expectedRetryable: False)" storage="c:\users\bruce\source\repos\jarvis assistant mk2\jarvisassistant.unittests\bin\debug\net8.0\jarvisassistant.unittests.dll" id="8050e2f4-e368-6590-541e-4fefd63ecbf0">
      <Execution id="74989061-a167-4ab0-847f-e6eca0bd6ac4" />
      <TestMethod codeBase="c:\Users\Bruce\source\repos\Jarvis Assistant MK2\JarvisAssistant.UnitTests\bin\Debug\net8.0\JarvisAssistant.UnitTests.dll" adapterTypeName="executor://xunit/VsTestRunner2/netcoreapp" className="JarvisAssistant.UnitTests.Services.LLM.LLMErrorHandlerTests" name="ProcessException_HttpRequestException_404_ReturnsCorrectErrorCode" />
    </UnitTest>
    <UnitTest name="JarvisAssistant.UnitTests.Voice.VoiceCommandModelTests.VoiceCommandType_AllValues_AreValid(type: Stop)" storage="c:\users\bruce\source\repos\jarvis assistant mk2\jarvisassistant.unittests\bin\debug\net8.0\jarvisassistant.unittests.dll" id="26fab46a-9874-397a-bc31-4c0b7cbeabb5">
      <Execution id="7d81c0eb-9f5e-4cb2-8711-926c93876ef9" />
      <TestMethod codeBase="c:\Users\Bruce\source\repos\Jarvis Assistant MK2\JarvisAssistant.UnitTests\bin\Debug\net8.0\JarvisAssistant.UnitTests.dll" adapterTypeName="executor://xunit/VsTestRunner2/netcoreapp" className="JarvisAssistant.UnitTests.Voice.VoiceCommandModelTests" name="VoiceCommandType_AllValues_AreValid" />
    </UnitTest>
    <UnitTest name="JarvisAssistant.UnitTests.Services.LLM.OllamaClientTests.GenerateAsync_WithDifferentQueryTypes_UsesCorrectModel(queryType: Technical, expectedModel: &quot;llama3.2&quot;)" storage="c:\users\bruce\source\repos\jarvis assistant mk2\jarvisassistant.unittests\bin\debug\net8.0\jarvisassistant.unittests.dll" id="bc442728-299b-ba05-f389-6e48fae05bf4">
      <Execution id="843852fc-ffe6-4115-ab3f-f93556ed113b" />
      <TestMethod codeBase="c:\Users\Bruce\source\repos\Jarvis Assistant MK2\JarvisAssistant.UnitTests\bin\Debug\net8.0\JarvisAssistant.UnitTests.dll" adapterTypeName="executor://xunit/VsTestRunner2/netcoreapp" className="JarvisAssistant.UnitTests.Services.LLM.OllamaClientTests" name="GenerateAsync_WithDifferentQueryTypes_UsesCorrectModel" />
    </UnitTest>
    <UnitTest name="JarvisAssistant.UnitTests.Services.ServiceHealthCheckerTests.CheckServiceHealthAsync_WithConnectionError_ReturnsOfflineStatus" storage="c:\users\bruce\source\repos\jarvis assistant mk2\jarvisassistant.unittests\bin\debug\net8.0\jarvisassistant.unittests.dll" id="51502560-4579-f809-5385-4a73b08eecc3">
      <Execution id="74598642-72c3-4076-a4fb-3617c46da2be" />
      <TestMethod codeBase="c:\Users\Bruce\source\repos\Jarvis Assistant MK2\JarvisAssistant.UnitTests\bin\Debug\net8.0\JarvisAssistant.UnitTests.dll" adapterTypeName="executor://xunit/VsTestRunner2/netcoreapp" className="JarvisAssistant.UnitTests.Services.ServiceHealthCheckerTests" name="CheckServiceHealthAsync_WithConnectionError_ReturnsOfflineStatus" />
    </UnitTest>
    <UnitTest name="JarvisAssistant.UnitTests.Services.LLM.OllamaClientTests.Constructor_WithNullHttpClient_ThrowsArgumentNullException" storage="c:\users\bruce\source\repos\jarvis assistant mk2\jarvisassistant.unittests\bin\debug\net8.0\jarvisassistant.unittests.dll" id="273885b7-9535-5804-0d94-b9c5f7a6d87e">
      <Execution id="2e536b02-60bb-4bde-97b3-fc72bb8ca278" />
      <TestMethod codeBase="c:\Users\Bruce\source\repos\Jarvis Assistant MK2\JarvisAssistant.UnitTests\bin\Debug\net8.0\JarvisAssistant.UnitTests.dll" adapterTypeName="executor://xunit/VsTestRunner2/netcoreapp" className="JarvisAssistant.UnitTests.Services.LLM.OllamaClientTests" name="Constructor_WithNullHttpClient_ThrowsArgumentNullException" />
    </UnitTest>
    <UnitTest name="JarvisAssistant.UnitTests.Services.ElevenLabsVoiceServiceTests.Constructor_WithInvalidConfig_ThrowsArgumentException" storage="c:\users\bruce\source\repos\jarvis assistant mk2\jarvisassistant.unittests\bin\debug\net8.0\jarvisassistant.unittests.dll" id="93c18fe3-c1bf-b333-836f-35fd3746dd11">
      <Execution id="11cf3773-b24d-46cb-92ae-025d40d3c3be" />
      <TestMethod codeBase="c:\Users\Bruce\source\repos\Jarvis Assistant MK2\JarvisAssistant.UnitTests\bin\Debug\net8.0\JarvisAssistant.UnitTests.dll" adapterTypeName="executor://xunit/VsTestRunner2/netcoreapp" className="JarvisAssistant.UnitTests.Services.ElevenLabsVoiceServiceTests" name="Constructor_WithInvalidConfig_ThrowsArgumentException" />
    </UnitTest>
    <UnitTest name="JarvisAssistant.UnitTests.UI.MAUIMainPageUITests.StartChatBtn_DoubleClick_ShouldHandleGracefully" storage="c:\users\bruce\source\repos\jarvis assistant mk2\jarvisassistant.unittests\bin\debug\net8.0\jarvisassistant.unittests.dll" id="5d298d71-10ad-d266-0b17-c36bbdd9df8a">
      <Execution id="de95231e-c609-4f7f-81ac-d6ec13d461c9" />
      <TestMethod codeBase="c:\Users\Bruce\source\repos\Jarvis Assistant MK2\JarvisAssistant.UnitTests\bin\Debug\net8.0\JarvisAssistant.UnitTests.dll" adapterTypeName="executor://xunit/VsTestRunner2/netcoreapp" className="JarvisAssistant.UnitTests.UI.MAUIMainPageUITests" name="StartChatBtn_DoubleClick_ShouldHandleGracefully" />
    </UnitTest>
    <UnitTest name="JarvisAssistant.UnitTests.Services.PlatformServiceTests.IsTouchPrimary_ShouldReturnExpectedValueForPlatform(platform: iOS, expected: True)" storage="c:\users\bruce\source\repos\jarvis assistant mk2\jarvisassistant.unittests\bin\debug\net8.0\jarvisassistant.unittests.dll" id="303ae1c5-cf13-9117-5c13-f07810019c62">
      <Execution id="0434dff6-ef6b-42fb-8514-a8d1eb65d5a1" />
      <TestMethod codeBase="c:\Users\Bruce\source\repos\Jarvis Assistant MK2\JarvisAssistant.UnitTests\bin\Debug\net8.0\JarvisAssistant.UnitTests.dll" adapterTypeName="executor://xunit/VsTestRunner2/netcoreapp" className="JarvisAssistant.UnitTests.Services.PlatformServiceTests" name="IsTouchPrimary_ShouldReturnExpectedValueForPlatform" />
    </UnitTest>
    <UnitTest name="JarvisAssistant.UnitTests.Integration.ElevenLabsVoiceIntegrationTests.CacheService_Integration_WorksCorrectly" storage="c:\users\bruce\source\repos\jarvis assistant mk2\jarvisassistant.unittests\bin\debug\net8.0\jarvisassistant.unittests.dll" id="0114f425-472a-2ab7-f13a-08635f86369a">
      <Execution id="5712ab98-c5af-489b-81c1-6f6e66c6899b" />
      <TestMethod codeBase="c:\Users\Bruce\source\repos\Jarvis Assistant MK2\JarvisAssistant.UnitTests\bin\Debug\net8.0\JarvisAssistant.UnitTests.dll" adapterTypeName="executor://xunit/VsTestRunner2/netcoreapp" className="JarvisAssistant.UnitTests.Integration.ElevenLabsVoiceIntegrationTests" name="CacheService_Integration_WorksCorrectly" />
    </UnitTest>
    <UnitTest name="JarvisAssistant.UnitTests.Services.PlatformServiceTests.IsGoogleTV_ShouldReturnTrueOnlyForAndroidTV(platform: Windows, expected: False)" storage="c:\users\bruce\source\repos\jarvis assistant mk2\jarvisassistant.unittests\bin\debug\net8.0\jarvisassistant.unittests.dll" id="b6210e7c-3c3f-0c5d-98e9-8f1792b11660">
      <Execution id="23296a51-e0cc-4d43-927a-7664ba8dcee1" />
      <TestMethod codeBase="c:\Users\Bruce\source\repos\Jarvis Assistant MK2\JarvisAssistant.UnitTests\bin\Debug\net8.0\JarvisAssistant.UnitTests.dll" adapterTypeName="executor://xunit/VsTestRunner2/netcoreapp" className="JarvisAssistant.UnitTests.Services.PlatformServiceTests" name="IsGoogleTV_ShouldReturnTrueOnlyForAndroidTV" />
    </UnitTest>
    <UnitTest name="JarvisAssistant.UnitTests.Voice.VoiceModeManagerTests.ActivationMode_BasedOnPlatform_ConfiguredCorrectly(platform: AndroidTV, expectedMode: AlwaysOn)" storage="c:\users\bruce\source\repos\jarvis assistant mk2\jarvisassistant.unittests\bin\debug\net8.0\jarvisassistant.unittests.dll" id="884e8e4e-f2c1-65ed-7767-65c9d45e9169">
      <Execution id="f5accdde-9341-4627-a60b-e24b11280728" />
      <TestMethod codeBase="c:\Users\Bruce\source\repos\Jarvis Assistant MK2\JarvisAssistant.UnitTests\bin\Debug\net8.0\JarvisAssistant.UnitTests.dll" adapterTypeName="executor://xunit/VsTestRunner2/netcoreapp" className="JarvisAssistant.UnitTests.Voice.VoiceModeManagerTests" name="ActivationMode_BasedOnPlatform_ConfiguredCorrectly" />
    </UnitTest>
    <UnitTest name="JarvisAssistant.UnitTests.Services.LLM.LLMErrorHandlerTests.ProcessException_SocketException_ReturnsCorrectErrorCode(socketError: TimedOut, expectedErrorCode: &quot;LLM-CONN-004&quot;)" storage="c:\users\bruce\source\repos\jarvis assistant mk2\jarvisassistant.unittests\bin\debug\net8.0\jarvisassistant.unittests.dll" id="82621e9a-4c2b-bda8-110c-ac1321cc47cc">
      <Execution id="e0a963dc-f973-4677-bd2d-ce4cb8766f6f" />
      <TestMethod codeBase="c:\Users\Bruce\source\repos\Jarvis Assistant MK2\JarvisAssistant.UnitTests\bin\Debug\net8.0\JarvisAssistant.UnitTests.dll" adapterTypeName="executor://xunit/VsTestRunner2/netcoreapp" className="JarvisAssistant.UnitTests.Services.LLM.LLMErrorHandlerTests" name="ProcessException_SocketException_ReturnsCorrectErrorCode" />
    </UnitTest>
    <UnitTest name="JarvisAssistant.UnitTests.UI.InputBlockingRegressionTests.StatusPanelView_ShouldNotBlockMainPageButtonInput" storage="c:\users\bruce\source\repos\jarvis assistant mk2\jarvisassistant.unittests\bin\debug\net8.0\jarvisassistant.unittests.dll" id="879c6e44-9347-234e-cae3-e94739bcfdbf">
      <Execution id="31abd83b-015f-49f1-aac1-52034fe5c226" />
      <TestMethod codeBase="c:\Users\Bruce\source\repos\Jarvis Assistant MK2\JarvisAssistant.UnitTests\bin\Debug\net8.0\JarvisAssistant.UnitTests.dll" adapterTypeName="executor://xunit/VsTestRunner2/netcoreapp" className="JarvisAssistant.UnitTests.UI.InputBlockingRegressionTests" name="StatusPanelView_ShouldNotBlockMainPageButtonInput" />
    </UnitTest>
    <UnitTest name="JarvisAssistant.UnitTests.UI.MainPageButtonInteractionTests.ButtonInteraction_RequiredProperties_ShouldBeTestable" storage="c:\users\bruce\source\repos\jarvis assistant mk2\jarvisassistant.unittests\bin\debug\net8.0\jarvisassistant.unittests.dll" id="a13598d4-57dd-09f1-5185-b284651699c8">
      <Execution id="14a68002-848e-44cf-836a-fc9c97fe471f" />
      <TestMethod codeBase="c:\Users\Bruce\source\repos\Jarvis Assistant MK2\JarvisAssistant.UnitTests\bin\Debug\net8.0\JarvisAssistant.UnitTests.dll" adapterTypeName="executor://xunit/VsTestRunner2/netcoreapp" className="JarvisAssistant.UnitTests.UI.MainPageButtonInteractionTests" name="ButtonInteraction_RequiredProperties_ShouldBeTestable" />
    </UnitTest>
    <UnitTest name="JarvisAssistant.UnitTests.Voice.VoiceCommandModelTests.VoiceCommandResult_CanSetProperties" storage="c:\users\bruce\source\repos\jarvis assistant mk2\jarvisassistant.unittests\bin\debug\net8.0\jarvisassistant.unittests.dll" id="c340a25b-4af7-805a-8e66-0d5f67f4ccdc">
      <Execution id="8e078b44-7fed-44b1-bdea-cdfc10a9454e" />
      <TestMethod codeBase="c:\Users\Bruce\source\repos\Jarvis Assistant MK2\JarvisAssistant.UnitTests\bin\Debug\net8.0\JarvisAssistant.UnitTests.dll" adapterTypeName="executor://xunit/VsTestRunner2/netcoreapp" className="JarvisAssistant.UnitTests.Voice.VoiceCommandModelTests" name="VoiceCommandResult_CanSetProperties" />
    </UnitTest>
    <UnitTest name="JarvisAssistant.UnitTests.Services.ServiceHealthCheckerTests.CheckServiceHealthAsync_WithUnregisteredService_ReturnsErrorStatus" storage="c:\users\bruce\source\repos\jarvis assistant mk2\jarvisassistant.unittests\bin\debug\net8.0\jarvisassistant.unittests.dll" id="db7a20d5-f607-1531-05dc-6488700c6b75">
      <Execution id="5ec4681c-dcfd-40a9-a381-3e2abc2b7a08" />
      <TestMethod codeBase="c:\Users\Bruce\source\repos\Jarvis Assistant MK2\JarvisAssistant.UnitTests\bin\Debug\net8.0\JarvisAssistant.UnitTests.dll" adapterTypeName="executor://xunit/VsTestRunner2/netcoreapp" className="JarvisAssistant.UnitTests.Services.ServiceHealthCheckerTests" name="CheckServiceHealthAsync_WithUnregisteredService_ReturnsErrorStatus" />
    </UnitTest>
    <UnitTest name="JarvisAssistant.UnitTests.Services.LLM.LLMServerFailureTests.GenerateAsync_HttpStatusCodeFailures_ReturnsSpecificErrorCodes(statusCode: InternalServerError, errorDescription: &quot;Internal server error&quot;)" storage="c:\users\bruce\source\repos\jarvis assistant mk2\jarvisassistant.unittests\bin\debug\net8.0\jarvisassistant.unittests.dll" id="3f0e1640-f10e-cf61-670e-42b50eed6438">
      <Execution id="8a3c5550-cf5a-47dc-bd1a-552c5eadf5d1" />
      <TestMethod codeBase="c:\Users\Bruce\source\repos\Jarvis Assistant MK2\JarvisAssistant.UnitTests\bin\Debug\net8.0\JarvisAssistant.UnitTests.dll" adapterTypeName="executor://xunit/VsTestRunner2/netcoreapp" className="JarvisAssistant.UnitTests.Services.LLM.LLMServerFailureTests" name="GenerateAsync_HttpStatusCodeFailures_ReturnsSpecificErrorCodes" />
    </UnitTest>
    <UnitTest name="JarvisAssistant.UnitTests.Services.LLM.IOllamaClientAbstractionTests.IOllamaClient_CanBeCreatedAsMock" storage="c:\users\bruce\source\repos\jarvis assistant mk2\jarvisassistant.unittests\bin\debug\net8.0\jarvisassistant.unittests.dll" id="af61f3ec-dfb1-185c-de0b-17e089efbde2">
      <Execution id="fff12934-0dc2-4b56-9ae8-f5a9f1bc6b75" />
      <TestMethod codeBase="c:\Users\Bruce\source\repos\Jarvis Assistant MK2\JarvisAssistant.UnitTests\bin\Debug\net8.0\JarvisAssistant.UnitTests.dll" adapterTypeName="executor://xunit/VsTestRunner2/netcoreapp" className="JarvisAssistant.UnitTests.Services.LLM.IOllamaClientAbstractionTests" name="IOllamaClient_CanBeCreatedAsMock" />
    </UnitTest>
    <UnitTest name="JarvisAssistant.UnitTests.Voice.VoiceCommandProcessorTests.ProcessCommandAsync_WithInvalidCommand_ReturnsErrorResult" storage="c:\users\bruce\source\repos\jarvis assistant mk2\jarvisassistant.unittests\bin\debug\net8.0\jarvisassistant.unittests.dll" id="a4d46664-65c8-469a-5630-a6f0c896fd8e">
      <Execution id="33d62e31-709c-4773-8c02-2e42d6585d5f" />
      <TestMethod codeBase="c:\Users\Bruce\source\repos\Jarvis Assistant MK2\JarvisAssistant.UnitTests\bin\Debug\net8.0\JarvisAssistant.UnitTests.dll" adapterTypeName="executor://xunit/VsTestRunner2/netcoreapp" className="JarvisAssistant.UnitTests.Voice.VoiceCommandProcessorTests" name="ProcessCommandAsync_WithInvalidCommand_ReturnsErrorResult" />
    </UnitTest>
    <UnitTest name="JarvisAssistant.UnitTests.Services.LLM.LLMErrorHandlerTests.LLMErrorResponse_ToChatResponse_ReturnsCorrectChatResponse" storage="c:\users\bruce\source\repos\jarvis assistant mk2\jarvisassistant.unittests\bin\debug\net8.0\jarvisassistant.unittests.dll" id="116caeda-c9f6-0a13-5958-cf1cb732a7f6">
      <Execution id="55e5ffe8-d067-4b3b-a384-af068edfca19" />
      <TestMethod codeBase="c:\Users\Bruce\source\repos\Jarvis Assistant MK2\JarvisAssistant.UnitTests\bin\Debug\net8.0\JarvisAssistant.UnitTests.dll" adapterTypeName="executor://xunit/VsTestRunner2/netcoreapp" className="JarvisAssistant.UnitTests.Services.LLM.LLMErrorHandlerTests" name="LLMErrorResponse_ToChatResponse_ReturnsCorrectChatResponse" />
    </UnitTest>
    <UnitTest name="JarvisAssistant.UnitTests.Voice.VoiceCommandProcessorTests.ClassifyCommandAsync_WithValidCommands_ClassifiesCorrectly(commandText: &quot;show status&quot;, expectedType: Status)" storage="c:\users\bruce\source\repos\jarvis assistant mk2\jarvisassistant.unittests\bin\debug\net8.0\jarvisassistant.unittests.dll" id="a06938b2-b9c5-e1d7-f172-11ff925e3dd9">
      <Execution id="3d4a43ca-7cef-4fd3-838c-fa27426a204d" />
      <TestMethod codeBase="c:\Users\Bruce\source\repos\Jarvis Assistant MK2\JarvisAssistant.UnitTests\bin\Debug\net8.0\JarvisAssistant.UnitTests.dll" adapterTypeName="executor://xunit/VsTestRunner2/netcoreapp" className="JarvisAssistant.UnitTests.Voice.VoiceCommandProcessorTests" name="ClassifyCommandAsync_WithValidCommands_ClassifiesCorrectly" />
    </UnitTest>
    <UnitTest name="JarvisAssistant.UnitTests.Core.Converters.ConverterLogicTests.MessageTypeToIcon_ShouldReturnCorrectIcons(messageType: System, expectedIcon: &quot;??&quot;)" storage="c:\users\bruce\source\repos\jarvis assistant mk2\jarvisassistant.unittests\bin\debug\net8.0\jarvisassistant.unittests.dll" id="fd54034d-e3fc-e2eb-05d7-8a9bc433af73">
      <Execution id="1489fc8f-c5e4-44c4-8dbb-2872ff8f980b" />
      <TestMethod codeBase="c:\Users\Bruce\source\repos\Jarvis Assistant MK2\JarvisAssistant.UnitTests\bin\Debug\net8.0\JarvisAssistant.UnitTests.dll" adapterTypeName="executor://xunit/VsTestRunner2/netcoreapp" className="JarvisAssistant.UnitTests.Core.Converters.ConverterLogicTests" name="MessageTypeToIcon_ShouldReturnCorrectIcons" />
    </UnitTest>
    <UnitTest name="JarvisAssistant.UnitTests.Voice.ElevenLabsAudibleTests.ElevenLabs_StreamAndPlayAudio_10Seconds" storage="c:\users\bruce\source\repos\jarvis assistant mk2\jarvisassistant.unittests\bin\debug\net8.0\jarvisassistant.unittests.dll" id="3f0c36e5-de05-8d12-9679-3fc0315fa2ea">
      <Execution id="73920388-c406-4ca2-84d3-5941bdf05a26" />
      <TestMethod codeBase="c:\Users\Bruce\source\repos\Jarvis Assistant MK2\JarvisAssistant.UnitTests\bin\Debug\net8.0\JarvisAssistant.UnitTests.dll" adapterTypeName="executor://xunit/VsTestRunner2/netcoreapp" className="JarvisAssistant.UnitTests.Voice.ElevenLabsAudibleTests" name="ElevenLabs_StreamAndPlayAudio_10Seconds" />
    </UnitTest>
    <UnitTest name="JarvisAssistant.UnitTests.Voice.VoiceCommandModelTests.VoiceCommandSource_AllValues_AreValid(source: AlwaysOn)" storage="c:\users\bruce\source\repos\jarvis assistant mk2\jarvisassistant.unittests\bin\debug\net8.0\jarvisassistant.unittests.dll" id="d748db4d-a8e8-1a31-8c26-877ac1a13574">
      <Execution id="128ae015-d300-404f-84bb-6147a7527001" />
      <TestMethod codeBase="c:\Users\Bruce\source\repos\Jarvis Assistant MK2\JarvisAssistant.UnitTests\bin\Debug\net8.0\JarvisAssistant.UnitTests.dll" adapterTypeName="executor://xunit/VsTestRunner2/netcoreapp" className="JarvisAssistant.UnitTests.Voice.VoiceCommandModelTests" name="VoiceCommandSource_AllValues_AreValid" />
    </UnitTest>
    <UnitTest name="JarvisAssistant.UnitTests.Integration.ElevenLabsServiceExtensionsTests.ReplaceVoiceServiceWithElevenLabs_ReplacesExistingService" storage="c:\users\bruce\source\repos\jarvis assistant mk2\jarvisassistant.unittests\bin\debug\net8.0\jarvisassistant.unittests.dll" id="339bc3b9-f3d1-510b-4dd9-a1a9c832b5ca">
      <Execution id="c34b2f58-042f-4c0f-a3aa-a4eac4c289a7" />
      <TestMethod codeBase="c:\Users\Bruce\source\repos\Jarvis Assistant MK2\JarvisAssistant.UnitTests\bin\Debug\net8.0\JarvisAssistant.UnitTests.dll" adapterTypeName="executor://xunit/VsTestRunner2/netcoreapp" className="JarvisAssistant.UnitTests.Integration.ElevenLabsServiceExtensionsTests" name="ReplaceVoiceServiceWithElevenLabs_ReplacesExistingService" />
    </UnitTest>
    <UnitTest name="JarvisAssistant.UnitTests.Services.OllamaLLMServiceTests.SendMessageAsync_DetectsCorrectQueryType(message: &quot;hello there&quot;, expectedQueryType: General)" storage="c:\users\bruce\source\repos\jarvis assistant mk2\jarvisassistant.unittests\bin\debug\net8.0\jarvisassistant.unittests.dll" id="facb3f0c-3912-e6d5-88b0-6b43c98c82ba">
      <Execution id="2c97ec28-8c88-4e15-b019-98944b08f831" />
      <TestMethod codeBase="c:\Users\Bruce\source\repos\Jarvis Assistant MK2\JarvisAssistant.UnitTests\bin\Debug\net8.0\JarvisAssistant.UnitTests.dll" adapterTypeName="executor://xunit/VsTestRunner2/netcoreapp" className="JarvisAssistant.UnitTests.Services.OllamaLLMServiceTests" name="SendMessageAsync_DetectsCorrectQueryType" />
    </UnitTest>
    <UnitTest name="JarvisAssistant.UnitTests.Services.LLM.LLMServerFailureTests.GenerateAsync_ConnectionRefused_ReturnsConnectionError" storage="c:\users\bruce\source\repos\jarvis assistant mk2\jarvisassistant.unittests\bin\debug\net8.0\jarvisassistant.unittests.dll" id="92ccac8a-d549-c1ff-c52d-1a4330f0b87b">
      <Execution id="1caf794f-e728-409c-af54-0b2b97dd5021" />
      <TestMethod codeBase="c:\Users\Bruce\source\repos\Jarvis Assistant MK2\JarvisAssistant.UnitTests\bin\Debug\net8.0\JarvisAssistant.UnitTests.dll" adapterTypeName="executor://xunit/VsTestRunner2/netcoreapp" className="JarvisAssistant.UnitTests.Services.LLM.LLMServerFailureTests" name="GenerateAsync_ConnectionRefused_ReturnsConnectionError" />
    </UnitTest>
    <UnitTest name="JarvisAssistant.UnitTests.Services.LLM.PersonalityServiceTests.FormatResponseAsync_WithException_ReturnsOriginalResponse" storage="c:\users\bruce\source\repos\jarvis assistant mk2\jarvisassistant.unittests\bin\debug\net8.0\jarvisassistant.unittests.dll" id="f7ee6df7-b90b-a037-78f6-b8d08586fb41">
      <Execution id="8053ebb4-70f0-4daf-9cc3-52c4db7a7358" />
      <TestMethod codeBase="c:\Users\Bruce\source\repos\Jarvis Assistant MK2\JarvisAssistant.UnitTests\bin\Debug\net8.0\JarvisAssistant.UnitTests.dll" adapterTypeName="executor://xunit/VsTestRunner2/netcoreapp" className="JarvisAssistant.UnitTests.Services.LLM.PersonalityServiceTests" name="FormatResponseAsync_WithException_ReturnsOriginalResponse" />
    </UnitTest>
    <UnitTest name="JarvisAssistant.UnitTests.Services.OllamaLLMServiceTests.GetActiveModelAsync_WithNoAvailableModels_ReturnsErrorMessage" storage="c:\users\bruce\source\repos\jarvis assistant mk2\jarvisassistant.unittests\bin\debug\net8.0\jarvisassistant.unittests.dll" id="7593edf9-1ad6-e971-d649-4315412a08bc">
      <Execution id="c183299d-162f-42e2-8ef5-573dc77062c7" />
      <TestMethod codeBase="c:\Users\Bruce\source\repos\Jarvis Assistant MK2\JarvisAssistant.UnitTests\bin\Debug\net8.0\JarvisAssistant.UnitTests.dll" adapterTypeName="executor://xunit/VsTestRunner2/netcoreapp" className="JarvisAssistant.UnitTests.Services.OllamaLLMServiceTests" name="GetActiveModelAsync_WithNoAvailableModels_ReturnsErrorMessage" />
    </UnitTest>
    <UnitTest name="JarvisAssistant.UnitTests.Services.StatusMonitorServiceTests.MonitoringService_WithPeriodicChecks_UpdatesStatus" storage="c:\users\bruce\source\repos\jarvis assistant mk2\jarvisassistant.unittests\bin\debug\net8.0\jarvisassistant.unittests.dll" id="4b8da824-85cd-2915-65bd-f656dcdee395">
      <Execution id="81a45dbd-3de4-40b9-b20e-017ff0a9b53a" />
      <TestMethod codeBase="c:\Users\Bruce\source\repos\Jarvis Assistant MK2\JarvisAssistant.UnitTests\bin\Debug\net8.0\JarvisAssistant.UnitTests.dll" adapterTypeName="executor://xunit/VsTestRunner2/netcoreapp" className="JarvisAssistant.UnitTests.Services.StatusMonitorServiceTests" name="MonitoringService_WithPeriodicChecks_UpdatesStatus" />
    </UnitTest>
    <UnitTest name="JarvisAssistant.UnitTests.UI.MAUIStatusPanelUITests.StatusPanelViewModel_RefreshStatus_ShouldUpdateServices" storage="c:\users\bruce\source\repos\jarvis assistant mk2\jarvisassistant.unittests\bin\debug\net8.0\jarvisassistant.unittests.dll" id="34354e59-e5a0-0c2e-b2e3-f699d92fe5ff">
      <Execution id="498e37a3-5c2b-4bea-9348-45741869a4d7" />
      <TestMethod codeBase="c:\Users\Bruce\source\repos\Jarvis Assistant MK2\JarvisAssistant.UnitTests\bin\Debug\net8.0\JarvisAssistant.UnitTests.dll" adapterTypeName="executor://xunit/VsTestRunner2/netcoreapp" className="JarvisAssistant.UnitTests.UI.MAUIStatusPanelUITests" name="StatusPanelViewModel_RefreshStatus_ShouldUpdateServices" />
    </UnitTest>
    <UnitTest name="JarvisAssistant.UnitTests.Services.LLM.LLMServerFailureTests.GenerateAsync_404NotFound_SpecialHandling" storage="c:\users\bruce\source\repos\jarvis assistant mk2\jarvisassistant.unittests\bin\debug\net8.0\jarvisassistant.unittests.dll" id="cd7349bd-4674-deee-b535-c33c3823be6b">
      <Execution id="b7066601-df1c-4948-b0af-985a09d737e1" />
      <TestMethod codeBase="c:\Users\Bruce\source\repos\Jarvis Assistant MK2\JarvisAssistant.UnitTests\bin\Debug\net8.0\JarvisAssistant.UnitTests.dll" adapterTypeName="executor://xunit/VsTestRunner2/netcoreapp" className="JarvisAssistant.UnitTests.Services.LLM.LLMServerFailureTests" name="GenerateAsync_404NotFound_SpecialHandling" />
    </UnitTest>
    <UnitTest name="JarvisAssistant.UnitTests.Services.LLM.LLMServerFailureTests.GenerateAsync_HttpStatusCodeFailures_ReturnsSpecificErrorCodes(statusCode: BadGateway, errorDescription: &quot;Bad gateway&quot;)" storage="c:\users\bruce\source\repos\jarvis assistant mk2\jarvisassistant.unittests\bin\debug\net8.0\jarvisassistant.unittests.dll" id="277f1dd3-74a8-b1bb-4336-87820e2fa1d3">
      <Execution id="0c01650d-ec79-4d54-a96d-d41acf516b0f" />
      <TestMethod codeBase="c:\Users\Bruce\source\repos\Jarvis Assistant MK2\JarvisAssistant.UnitTests\bin\Debug\net8.0\JarvisAssistant.UnitTests.dll" adapterTypeName="executor://xunit/VsTestRunner2/netcoreapp" className="JarvisAssistant.UnitTests.Services.LLM.LLMServerFailureTests" name="GenerateAsync_HttpStatusCodeFailures_ReturnsSpecificErrorCodes" />
    </UnitTest>
    <UnitTest name="JarvisAssistant.UnitTests.Voice.GoogleTVVoiceHandlerTests.Constructor_WithNullVoiceModeManager_ThrowsArgumentNullException" storage="c:\users\bruce\source\repos\jarvis assistant mk2\jarvisassistant.unittests\bin\debug\net8.0\jarvisassistant.unittests.dll" id="4603bf04-18e3-18a7-c874-f30dd826183d">
      <Execution id="2a7cf0be-bc84-4a85-acaa-31378daf1dee" />
      <TestMethod codeBase="c:\Users\Bruce\source\repos\Jarvis Assistant MK2\JarvisAssistant.UnitTests\bin\Debug\net8.0\JarvisAssistant.UnitTests.dll" adapterTypeName="executor://xunit/VsTestRunner2/netcoreapp" className="JarvisAssistant.UnitTests.Voice.GoogleTVVoiceHandlerTests" name="Constructor_WithNullVoiceModeManager_ThrowsArgumentNullException" />
    </UnitTest>
    <UnitTest name="JarvisAssistant.UnitTests.Voice.VoiceCommandProcessorTests.ClassifyCommandAsync_WithValidCommands_ClassifiesCorrectly(commandText: &quot;status check&quot;, expectedType: Status)" storage="c:\users\bruce\source\repos\jarvis assistant mk2\jarvisassistant.unittests\bin\debug\net8.0\jarvisassistant.unittests.dll" id="b2532d81-b7f0-2548-586d-3f2c749cf09b">
      <Execution id="f92db957-4c59-4ae4-9966-093bb2a734fb" />
      <TestMethod codeBase="c:\Users\Bruce\source\repos\Jarvis Assistant MK2\JarvisAssistant.UnitTests\bin\Debug\net8.0\JarvisAssistant.UnitTests.dll" adapterTypeName="executor://xunit/VsTestRunner2/netcoreapp" className="JarvisAssistant.UnitTests.Voice.VoiceCommandProcessorTests" name="ClassifyCommandAsync_WithValidCommands_ClassifiesCorrectly" />
    </UnitTest>
    <UnitTest name="JarvisAssistant.UnitTests.Voice.VoiceEventArgsTests.VoiceButtonType_AllValues_AreValid(buttonType: Media)" storage="c:\users\bruce\source\repos\jarvis assistant mk2\jarvisassistant.unittests\bin\debug\net8.0\jarvisassistant.unittests.dll" id="b81befd1-be01-12f1-71d7-4e9a8c71ac6e">
      <Execution id="4a31f829-d6f8-4f6e-ab99-f28fe23bd75a" />
      <TestMethod codeBase="c:\Users\Bruce\source\repos\Jarvis Assistant MK2\JarvisAssistant.UnitTests\bin\Debug\net8.0\JarvisAssistant.UnitTests.dll" adapterTypeName="executor://xunit/VsTestRunner2/netcoreapp" className="JarvisAssistant.UnitTests.Voice.VoiceEventArgsTests" name="VoiceButtonType_AllValues_AreValid" />
    </UnitTest>
    <UnitTest name="JarvisAssistant.UnitTests.UI.MainPageButtonInteractionTests.NavigationService_ShouldHandleVoiceDemoNavigation" storage="c:\users\bruce\source\repos\jarvis assistant mk2\jarvisassistant.unittests\bin\debug\net8.0\jarvisassistant.unittests.dll" id="fbe55c65-3591-3489-b5ee-8fc78e73a4b6">
      <Execution id="f9cf0884-db3a-4a20-92f5-208400608d20" />
      <TestMethod codeBase="c:\Users\Bruce\source\repos\Jarvis Assistant MK2\JarvisAssistant.UnitTests\bin\Debug\net8.0\JarvisAssistant.UnitTests.dll" adapterTypeName="executor://xunit/VsTestRunner2/netcoreapp" className="JarvisAssistant.UnitTests.UI.MainPageButtonInteractionTests" name="NavigationService_ShouldHandleVoiceDemoNavigation" />
    </UnitTest>
    <UnitTest name="JarvisAssistant.UnitTests.Services.MauiThemeManagerTests.AvailableThemes_ForWindows_ShouldIncludeDesktopTheme" storage="c:\users\bruce\source\repos\jarvis assistant mk2\jarvisassistant.unittests\bin\debug\net8.0\jarvisassistant.unittests.dll" id="fb33f748-5806-c067-33fb-bf3fec95b9c5">
      <Execution id="bd966e48-860b-44e0-9a97-db565855bb5d" />
      <TestMethod codeBase="c:\Users\Bruce\source\repos\Jarvis Assistant MK2\JarvisAssistant.UnitTests\bin\Debug\net8.0\JarvisAssistant.UnitTests.dll" adapterTypeName="executor://xunit/VsTestRunner2/netcoreapp" className="JarvisAssistant.UnitTests.Services.MauiThemeManagerTests" name="AvailableThemes_ForWindows_ShouldIncludeDesktopTheme" />
    </UnitTest>
    <UnitTest name="JarvisAssistant.UnitTests.Services.ElevenLabsVoiceServiceTests.GetAvailableVoicesAsync_WithValidResponse_ReturnsVoices" storage="c:\users\bruce\source\repos\jarvis assistant mk2\jarvisassistant.unittests\bin\debug\net8.0\jarvisassistant.unittests.dll" id="fd8535df-384c-da9a-ef72-07dc225727f2">
      <Execution id="91272999-9fed-4978-ab71-bda083d791ab" />
      <TestMethod codeBase="c:\Users\Bruce\source\repos\Jarvis Assistant MK2\JarvisAssistant.UnitTests\bin\Debug\net8.0\JarvisAssistant.UnitTests.dll" adapterTypeName="executor://xunit/VsTestRunner2/netcoreapp" className="JarvisAssistant.UnitTests.Services.ElevenLabsVoiceServiceTests" name="GetAvailableVoicesAsync_WithValidResponse_ReturnsVoices" />
    </UnitTest>
    <UnitTest name="JarvisAssistant.UnitTests.Voice.VoiceCommandProcessorTests.Constructor_WithValidLogger_InitializesCorrectly" storage="c:\users\bruce\source\repos\jarvis assistant mk2\jarvisassistant.unittests\bin\debug\net8.0\jarvisassistant.unittests.dll" id="453c5e80-2df0-9342-2fba-334637ce5b7f">
      <Execution id="75c47ce4-680a-4833-a3f4-fb68d771afdf" />
      <TestMethod codeBase="c:\Users\Bruce\source\repos\Jarvis Assistant MK2\JarvisAssistant.UnitTests\bin\Debug\net8.0\JarvisAssistant.UnitTests.dll" adapterTypeName="executor://xunit/VsTestRunner2/netcoreapp" className="JarvisAssistant.UnitTests.Voice.VoiceCommandProcessorTests" name="Constructor_WithValidLogger_InitializesCorrectly" />
    </UnitTest>
    <UnitTest name="JarvisAssistant.UnitTests.Services.OllamaLLMServiceTests.SendMessageAsync_WithNullRequest_ThrowsArgumentNullException" storage="c:\users\bruce\source\repos\jarvis assistant mk2\jarvisassistant.unittests\bin\debug\net8.0\jarvisassistant.unittests.dll" id="2f5741b7-f3c1-8700-ee8d-782a3a442bbc">
      <Execution id="a71e0fd6-f682-438c-89e5-e0e9863c9f35" />
      <TestMethod codeBase="c:\Users\Bruce\source\repos\Jarvis Assistant MK2\JarvisAssistant.UnitTests\bin\Debug\net8.0\JarvisAssistant.UnitTests.dll" adapterTypeName="executor://xunit/VsTestRunner2/netcoreapp" className="JarvisAssistant.UnitTests.Services.OllamaLLMServiceTests" name="SendMessageAsync_WithNullRequest_ThrowsArgumentNullException" />
    </UnitTest>
    <UnitTest name="JarvisAssistant.UnitTests.Services.RateLimitServiceTests.GetStatistics_WhenRateLimited_ShowsCorrectStatus" storage="c:\users\bruce\source\repos\jarvis assistant mk2\jarvisassistant.unittests\bin\debug\net8.0\jarvisassistant.unittests.dll" id="d85dd11c-6d32-9776-42db-4bb85b40cac6">
      <Execution id="73a2b70e-be2d-41d4-82d9-9e3beab76eb2" />
      <TestMethod codeBase="c:\Users\Bruce\source\repos\Jarvis Assistant MK2\JarvisAssistant.UnitTests\bin\Debug\net8.0\JarvisAssistant.UnitTests.dll" adapterTypeName="executor://xunit/VsTestRunner2/netcoreapp" className="JarvisAssistant.UnitTests.Services.RateLimitServiceTests" name="GetStatistics_WhenRateLimited_ShowsCorrectStatus" />
    </UnitTest>
    <UnitTest name="JarvisAssistant.UnitTests.Services.PlatformServiceTests.IsGoogleTV_ShouldReturnTrueOnlyForAndroidTV(platform: Android, expected: False)" storage="c:\users\bruce\source\repos\jarvis assistant mk2\jarvisassistant.unittests\bin\debug\net8.0\jarvisassistant.unittests.dll" id="5b63d066-22d5-c7ec-6204-a800d78b6992">
      <Execution id="249968cc-ed61-476e-bf06-1f69c606e9fd" />
      <TestMethod codeBase="c:\Users\Bruce\source\repos\Jarvis Assistant MK2\JarvisAssistant.UnitTests\bin\Debug\net8.0\JarvisAssistant.UnitTests.dll" adapterTypeName="executor://xunit/VsTestRunner2/netcoreapp" className="JarvisAssistant.UnitTests.Services.PlatformServiceTests" name="IsGoogleTV_ShouldReturnTrueOnlyForAndroidTV" />
    </UnitTest>
    <UnitTest name="JarvisAssistant.UnitTests.Services.LLM.LLMErrorHandlerTests.ProcessException_HttpRequestException_SslFailure_ReturnsCorrectErrorCode(exceptionMessage: &quot;SSL handshake failed&quot;, expectedErrorCode: &quot;LLM-CONN-005&quot;)" storage="c:\users\bruce\source\repos\jarvis assistant mk2\jarvisassistant.unittests\bin\debug\net8.0\jarvisassistant.unittests.dll" id="b9dbb134-9a30-3495-0584-ed814e0df09f">
      <Execution id="1c661f43-dad2-431f-8a1a-b6387b786ee4" />
      <TestMethod codeBase="c:\Users\Bruce\source\repos\Jarvis Assistant MK2\JarvisAssistant.UnitTests\bin\Debug\net8.0\JarvisAssistant.UnitTests.dll" adapterTypeName="executor://xunit/VsTestRunner2/netcoreapp" className="JarvisAssistant.UnitTests.Services.LLM.LLMErrorHandlerTests" name="ProcessException_HttpRequestException_SslFailure_ReturnsCorrectErrorCode" />
    </UnitTest>
    <UnitTest name="JarvisAssistant.UnitTests.Core.Converters.ConverterLogicTests.MessageTypeToIcon_ShouldReturnCorrectIcons(messageType: Error, expectedIcon: &quot;?&quot;)" storage="c:\users\bruce\source\repos\jarvis assistant mk2\jarvisassistant.unittests\bin\debug\net8.0\jarvisassistant.unittests.dll" id="957b3d1a-b8b0-70af-e81a-fbff3676aae1">
      <Execution id="ed7e9b89-3c23-4f7b-8d38-8bee1e82190b" />
      <TestMethod codeBase="c:\Users\Bruce\source\repos\Jarvis Assistant MK2\JarvisAssistant.UnitTests\bin\Debug\net8.0\JarvisAssistant.UnitTests.dll" adapterTypeName="executor://xunit/VsTestRunner2/netcoreapp" className="JarvisAssistant.UnitTests.Core.Converters.ConverterLogicTests" name="MessageTypeToIcon_ShouldReturnCorrectIcons" />
    </UnitTest>
    <UnitTest name="JarvisAssistant.UnitTests.Services.LLM.PersonalityServiceTests.GetContextualGreeting_ForErrorType_ReturnsErrorSpecificGreeting" storage="c:\users\bruce\source\repos\jarvis assistant mk2\jarvisassistant.unittests\bin\debug\net8.0\jarvisassistant.unittests.dll" id="c4a21185-0b71-0c4f-055d-1f19ab6196fe">
      <Execution id="f7ba3ce4-594e-4cd6-b1c5-5e856ec61754" />
      <TestMethod codeBase="c:\Users\Bruce\source\repos\Jarvis Assistant MK2\JarvisAssistant.UnitTests\bin\Debug\net8.0\JarvisAssistant.UnitTests.dll" adapterTypeName="executor://xunit/VsTestRunner2/netcoreapp" className="JarvisAssistant.UnitTests.Services.LLM.PersonalityServiceTests" name="GetContextualGreeting_ForErrorType_ReturnsErrorSpecificGreeting" />
    </UnitTest>
    <UnitTest name="JarvisAssistant.UnitTests.Services.LLM.LLMServerFailureTests.GenerateAsync_HttpStatusCodeFailures_ReturnsSpecificErrorCodes(statusCode: RequestTimeout, errorDescription: &quot;Request timeout&quot;)" storage="c:\users\bruce\source\repos\jarvis assistant mk2\jarvisassistant.unittests\bin\debug\net8.0\jarvisassistant.unittests.dll" id="4de0a5cd-4eae-eab0-6a59-c4c4e99964d9">
      <Execution id="9467f59d-2790-4aed-a0c8-f9aeb794dfe6" />
      <TestMethod codeBase="c:\Users\Bruce\source\repos\Jarvis Assistant MK2\JarvisAssistant.UnitTests\bin\Debug\net8.0\JarvisAssistant.UnitTests.dll" adapterTypeName="executor://xunit/VsTestRunner2/netcoreapp" className="JarvisAssistant.UnitTests.Services.LLM.LLMServerFailureTests" name="GenerateAsync_HttpStatusCodeFailures_ReturnsSpecificErrorCodes" />
    </UnitTest>
    <UnitTest name="JarvisAssistant.UnitTests.Services.LLM.LLMServerFailureTests.GenerateAsync_ConcurrentRequests_HandlesRaceConditions" storage="c:\users\bruce\source\repos\jarvis assistant mk2\jarvisassistant.unittests\bin\debug\net8.0\jarvisassistant.unittests.dll" id="83b66a7a-8a0f-6bf9-e9a4-9e46eff7c20c">
      <Execution id="cf3acd20-e6d8-423a-b7c7-14fa3dbe9e25" />
      <TestMethod codeBase="c:\Users\Bruce\source\repos\Jarvis Assistant MK2\JarvisAssistant.UnitTests\bin\Debug\net8.0\JarvisAssistant.UnitTests.dll" adapterTypeName="executor://xunit/VsTestRunner2/netcoreapp" className="JarvisAssistant.UnitTests.Services.LLM.LLMServerFailureTests" name="GenerateAsync_ConcurrentRequests_HandlesRaceConditions" />
    </UnitTest>
    <UnitTest name="JarvisAssistant.UnitTests.Services.PlatformServiceTests.GetScreenDensity_ShouldReturnPositiveValue(platform: Android, expectedDensity: 2)" storage="c:\users\bruce\source\repos\jarvis assistant mk2\jarvisassistant.unittests\bin\debug\net8.0\jarvisassistant.unittests.dll" id="6c5f3ce4-12e4-0074-45ac-da7e93fbc752">
      <Execution id="e890be8a-e774-4730-a50d-e217a08599aa" />
      <TestMethod codeBase="c:\Users\Bruce\source\repos\Jarvis Assistant MK2\JarvisAssistant.UnitTests\bin\Debug\net8.0\JarvisAssistant.UnitTests.dll" adapterTypeName="executor://xunit/VsTestRunner2/netcoreapp" className="JarvisAssistant.UnitTests.Services.PlatformServiceTests" name="GetScreenDensity_ShouldReturnPositiveValue" />
    </UnitTest>
    <UnitTest name="JarvisAssistant.UnitTests.Services.LLM.LLMServerFailureTests.GenerateAsync_HttpStatusCodeFailures_ReturnsSpecificErrorCodes(statusCode: ServiceUnavailable, errorDescription: &quot;Service unavailable&quot;)" storage="c:\users\bruce\source\repos\jarvis assistant mk2\jarvisassistant.unittests\bin\debug\net8.0\jarvisassistant.unittests.dll" id="9d1fe49b-a881-8005-a912-9171da802cb3">
      <Execution id="06cbabbc-7193-43db-9594-05d2f8695485" />
      <TestMethod codeBase="c:\Users\Bruce\source\repos\Jarvis Assistant MK2\JarvisAssistant.UnitTests\bin\Debug\net8.0\JarvisAssistant.UnitTests.dll" adapterTypeName="executor://xunit/VsTestRunner2/netcoreapp" className="JarvisAssistant.UnitTests.Services.LLM.LLMServerFailureTests" name="GenerateAsync_HttpStatusCodeFailures_ReturnsSpecificErrorCodes" />
    </UnitTest>
    <UnitTest name="JarvisAssistant.UnitTests.Services.LLM.OllamaClientTests.GenerateAsync_WithDifferentQueryTypes_UsesCorrectModel(queryType: General, expectedModel: &quot;llama3.2&quot;)" storage="c:\users\bruce\source\repos\jarvis assistant mk2\jarvisassistant.unittests\bin\debug\net8.0\jarvisassistant.unittests.dll" id="254fa937-b166-89fd-3d08-35003d896178">
      <Execution id="48ef492e-aeb4-4a7b-8ecc-665b3d46663b" />
      <TestMethod codeBase="c:\Users\Bruce\source\repos\Jarvis Assistant MK2\JarvisAssistant.UnitTests\bin\Debug\net8.0\JarvisAssistant.UnitTests.dll" adapterTypeName="executor://xunit/VsTestRunner2/netcoreapp" className="JarvisAssistant.UnitTests.Services.LLM.OllamaClientTests" name="GenerateAsync_WithDifferentQueryTypes_UsesCorrectModel" />
    </UnitTest>
    <UnitTest name="JarvisAssistant.UnitTests.Services.PlatformServiceTests.IsTouchPrimary_ShouldReturnExpectedValueForPlatform(platform: Windows, expected: False)" storage="c:\users\bruce\source\repos\jarvis assistant mk2\jarvisassistant.unittests\bin\debug\net8.0\jarvisassistant.unittests.dll" id="9d761d3b-4a65-9e38-e49e-7fe34eaa5883">
      <Execution id="8a1bf038-5362-40ea-a79d-60af1abe8a6a" />
      <TestMethod codeBase="c:\Users\Bruce\source\repos\Jarvis Assistant MK2\JarvisAssistant.UnitTests\bin\Debug\net8.0\JarvisAssistant.UnitTests.dll" adapterTypeName="executor://xunit/VsTestRunner2/netcoreapp" className="JarvisAssistant.UnitTests.Services.PlatformServiceTests" name="IsTouchPrimary_ShouldReturnExpectedValueForPlatform" />
    </UnitTest>
    <UnitTest name="JarvisAssistant.UnitTests.Voice.VoiceCommandProcessorTests.SupportedCommands_ContainsAllDefaultCommands(commandType: Navigate)" storage="c:\users\bruce\source\repos\jarvis assistant mk2\jarvisassistant.unittests\bin\debug\net8.0\jarvisassistant.unittests.dll" id="4a2c4a13-c33f-6d15-d67f-093b68f642ae">
      <Execution id="091b08cd-8bc9-4075-a8a5-dcd9ac926316" />
      <TestMethod codeBase="c:\Users\Bruce\source\repos\Jarvis Assistant MK2\JarvisAssistant.UnitTests\bin\Debug\net8.0\JarvisAssistant.UnitTests.dll" adapterTypeName="executor://xunit/VsTestRunner2/netcoreapp" className="JarvisAssistant.UnitTests.Voice.VoiceCommandProcessorTests" name="SupportedCommands_ContainsAllDefaultCommands" />
    </UnitTest>
    <UnitTest name="JarvisAssistant.UnitTests.Services.OllamaLLMServiceTests.SendMessageAsync_DetectsCorrectQueryType(message: &quot;explain the architecture&quot;, expectedQueryType: Technical)" storage="c:\users\bruce\source\repos\jarvis assistant mk2\jarvisassistant.unittests\bin\debug\net8.0\jarvisassistant.unittests.dll" id="d9c6c9dc-5c70-ca4d-cee7-7ab30f3d4dda">
      <Execution id="55b07d00-d71b-4bd4-9278-333a2a68942b" />
      <TestMethod codeBase="c:\Users\Bruce\source\repos\Jarvis Assistant MK2\JarvisAssistant.UnitTests\bin\Debug\net8.0\JarvisAssistant.UnitTests.dll" adapterTypeName="executor://xunit/VsTestRunner2/netcoreapp" className="JarvisAssistant.UnitTests.Services.OllamaLLMServiceTests" name="SendMessageAsync_DetectsCorrectQueryType" />
    </UnitTest>
    <UnitTest name="JarvisAssistant.UnitTests.UI.MAUIStatusPanelUITests.StatusPanelViewModel_ServiceStatuses_ShouldHaveTestData" storage="c:\users\bruce\source\repos\jarvis assistant mk2\jarvisassistant.unittests\bin\debug\net8.0\jarvisassistant.unittests.dll" id="e77216dc-c72e-08f2-7ac0-049b608bed08">
      <Execution id="85e8fde3-8965-49b0-b629-8228c613c45d" />
      <TestMethod codeBase="c:\Users\Bruce\source\repos\Jarvis Assistant MK2\JarvisAssistant.UnitTests\bin\Debug\net8.0\JarvisAssistant.UnitTests.dll" adapterTypeName="executor://xunit/VsTestRunner2/netcoreapp" className="JarvisAssistant.UnitTests.UI.MAUIStatusPanelUITests" name="StatusPanelViewModel_ServiceStatuses_ShouldHaveTestData" />
    </UnitTest>
    <UnitTest name="JarvisAssistant.UnitTests.Integration.VoiceConfigurationTests.VoiceSettings_CreateEmotionalSettings_ReturnsCorrectValues(emotion: &quot;excited&quot;, expectedStability: 0.600000024, expectedSimilarity: 0.800000012, expectedStyle: 0.300000012, expectedRate: 1.10000002)" storage="c:\users\bruce\source\repos\jarvis assistant mk2\jarvisassistant.unittests\bin\debug\net8.0\jarvisassistant.unittests.dll" id="247debc2-0658-769c-29e0-5e1da5d33227">
      <Execution id="bc5e745f-3fd6-4bdb-baea-0f3f7ba22e04" />
      <TestMethod codeBase="c:\Users\Bruce\source\repos\Jarvis Assistant MK2\JarvisAssistant.UnitTests\bin\Debug\net8.0\JarvisAssistant.UnitTests.dll" adapterTypeName="executor://xunit/VsTestRunner2/netcoreapp" className="JarvisAssistant.UnitTests.Integration.VoiceConfigurationTests" name="VoiceSettings_CreateEmotionalSettings_ReturnsCorrectValues" />
    </UnitTest>
    <UnitTest name="JarvisAssistant.UnitTests.Services.ErrorHandlingServiceTests.LogErrorAsync_WithDifferentSeverities_ShouldUseCorrectLogLevel(severity: Critical, expectedLogLevel: Critical)" storage="c:\users\bruce\source\repos\jarvis assistant mk2\jarvisassistant.unittests\bin\debug\net8.0\jarvisassistant.unittests.dll" id="4e8941ba-e8ac-251b-9679-5cec33f3e191">
      <Execution id="773edbb6-27c9-4c95-86f2-560f16ef141b" />
      <TestMethod codeBase="c:\Users\Bruce\source\repos\Jarvis Assistant MK2\JarvisAssistant.UnitTests\bin\Debug\net8.0\JarvisAssistant.UnitTests.dll" adapterTypeName="executor://xunit/VsTestRunner2/netcoreapp" className="JarvisAssistant.UnitTests.Services.ErrorHandlingServiceTests" name="LogErrorAsync_WithDifferentSeverities_ShouldUseCorrectLogLevel" />
    </UnitTest>
    <UnitTest name="JarvisAssistant.UnitTests.UI.MAUIStatusPanelUITests.StatusPanel_PlatformInput_ShouldWork(platform: &quot;Tizen&quot;, inputMethod: &quot;Remote&quot;)" storage="c:\users\bruce\source\repos\jarvis assistant mk2\jarvisassistant.unittests\bin\debug\net8.0\jarvisassistant.unittests.dll" id="222aa4a6-403d-03d0-19b6-b736d71c00d0">
      <Execution id="1a9394b1-fbc1-4431-8f46-cdb68382cb55" />
      <TestMethod codeBase="c:\Users\Bruce\source\repos\Jarvis Assistant MK2\JarvisAssistant.UnitTests\bin\Debug\net8.0\JarvisAssistant.UnitTests.dll" adapterTypeName="executor://xunit/VsTestRunner2/netcoreapp" className="JarvisAssistant.UnitTests.UI.MAUIStatusPanelUITests" name="StatusPanel_PlatformInput_ShouldWork" />
    </UnitTest>
    <UnitTest name="JarvisAssistant.UnitTests.Services.ThemeIntegrationTests.PlatformSpecificOptimizations_ShouldApplyCorrectly" storage="c:\users\bruce\source\repos\jarvis assistant mk2\jarvisassistant.unittests\bin\debug\net8.0\jarvisassistant.unittests.dll" id="2b7305cf-9a82-cdb8-5cc8-19c42ad51d77">
      <Execution id="338d4a13-6313-486f-bbce-54552d263e56" />
      <TestMethod codeBase="c:\Users\Bruce\source\repos\Jarvis Assistant MK2\JarvisAssistant.UnitTests\bin\Debug\net8.0\JarvisAssistant.UnitTests.dll" adapterTypeName="executor://xunit/VsTestRunner2/netcoreapp" className="JarvisAssistant.UnitTests.Services.ThemeIntegrationTests" name="PlatformSpecificOptimizations_ShouldApplyCorrectly" />
    </UnitTest>
    <UnitTest name="JarvisAssistant.UnitTests.Voice.VoiceCommandProcessorTests.SupportedCommands_ContainsAllDefaultCommands(commandType: GenerateCode)" storage="c:\users\bruce\source\repos\jarvis assistant mk2\jarvisassistant.unittests\bin\debug\net8.0\jarvisassistant.unittests.dll" id="80fb40e8-7932-0b64-ba85-da76a24a1edd">
      <Execution id="ce64663f-b531-4759-b0c7-96fc6fea3538" />
      <TestMethod codeBase="c:\Users\Bruce\source\repos\Jarvis Assistant MK2\JarvisAssistant.UnitTests\bin\Debug\net8.0\JarvisAssistant.UnitTests.dll" adapterTypeName="executor://xunit/VsTestRunner2/netcoreapp" className="JarvisAssistant.UnitTests.Voice.VoiceCommandProcessorTests" name="SupportedCommands_ContainsAllDefaultCommands" />
    </UnitTest>
    <UnitTest name="JarvisAssistant.UnitTests.Core.Converters.ConverterLogicTests.MessageTypeToColorHex_ShouldReturnCorrectColors(messageType: System, expectedColor: &quot;#9C27B0&quot;)" storage="c:\users\bruce\source\repos\jarvis assistant mk2\jarvisassistant.unittests\bin\debug\net8.0\jarvisassistant.unittests.dll" id="57f01ba2-e290-af89-d10d-454ce493a8dc">
      <Execution id="1524f275-c057-4ec3-8c2f-dd0f1699a7a8" />
      <TestMethod codeBase="c:\Users\Bruce\source\repos\Jarvis Assistant MK2\JarvisAssistant.UnitTests\bin\Debug\net8.0\JarvisAssistant.UnitTests.dll" adapterTypeName="executor://xunit/VsTestRunner2/netcoreapp" className="JarvisAssistant.UnitTests.Core.Converters.ConverterLogicTests" name="MessageTypeToColorHex_ShouldReturnCorrectColors" />
    </UnitTest>
    <UnitTest name="JarvisAssistant.UnitTests.Services.LLM.PersonalityServiceTests.GetSystemPrompt_WithValidQueryType_ReturnsPrompt(queryType: Technical)" storage="c:\users\bruce\source\repos\jarvis assistant mk2\jarvisassistant.unittests\bin\debug\net8.0\jarvisassistant.unittests.dll" id="ca15f8df-4bef-7ae7-11ec-99d66432a4b8">
      <Execution id="a03f8d8b-7e9d-4edc-b4fa-cc2ca72c9794" />
      <TestMethod codeBase="c:\Users\Bruce\source\repos\Jarvis Assistant MK2\JarvisAssistant.UnitTests\bin\Debug\net8.0\JarvisAssistant.UnitTests.dll" adapterTypeName="executor://xunit/VsTestRunner2/netcoreapp" className="JarvisAssistant.UnitTests.Services.LLM.PersonalityServiceTests" name="GetSystemPrompt_WithValidQueryType_ReturnsPrompt" />
    </UnitTest>
    <UnitTest name="JarvisAssistant.UnitTests.UI.MainPageButtonInteractionTests.NavigationHistory_ShouldTrackAllAttempts" storage="c:\users\bruce\source\repos\jarvis assistant mk2\jarvisassistant.unittests\bin\debug\net8.0\jarvisassistant.unittests.dll" id="1717fa6a-e763-4ed4-8115-aa19a280bca5">
      <Execution id="39512efb-d3e4-4159-a1e4-2aab10286b36" />
      <TestMethod codeBase="c:\Users\Bruce\source\repos\Jarvis Assistant MK2\JarvisAssistant.UnitTests\bin\Debug\net8.0\JarvisAssistant.UnitTests.dll" adapterTypeName="executor://xunit/VsTestRunner2/netcoreapp" className="JarvisAssistant.UnitTests.UI.MainPageButtonInteractionTests" name="NavigationHistory_ShouldTrackAllAttempts" />
    </UnitTest>
    <UnitTest name="JarvisAssistant.UnitTests.Services.OllamaLLMServiceTests.Constructor_WithNullLogger_ThrowsArgumentNullException" storage="c:\users\bruce\source\repos\jarvis assistant mk2\jarvisassistant.unittests\bin\debug\net8.0\jarvisassistant.unittests.dll" id="3dac2500-c5e5-3bf3-5ee7-9962149bda93">
      <Execution id="176efef2-38e3-4794-9c34-eb00be96595d" />
      <TestMethod codeBase="c:\Users\Bruce\source\repos\Jarvis Assistant MK2\JarvisAssistant.UnitTests\bin\Debug\net8.0\JarvisAssistant.UnitTests.dll" adapterTypeName="executor://xunit/VsTestRunner2/netcoreapp" className="JarvisAssistant.UnitTests.Services.OllamaLLMServiceTests" name="Constructor_WithNullLogger_ThrowsArgumentNullException" />
    </UnitTest>
    <UnitTest name="JarvisAssistant.UnitTests.Services.ThemeIntegrationTests.ThemeEvents_ShouldBeRaisedInCorrectOrder" storage="c:\users\bruce\source\repos\jarvis assistant mk2\jarvisassistant.unittests\bin\debug\net8.0\jarvisassistant.unittests.dll" id="5de06c96-e9d1-0e0d-e5be-d8a64e1e88e0">
      <Execution id="936dc146-63d0-46e0-aba0-6d6d3a08c5b5" />
      <TestMethod codeBase="c:\Users\Bruce\source\repos\Jarvis Assistant MK2\JarvisAssistant.UnitTests\bin\Debug\net8.0\JarvisAssistant.UnitTests.dll" adapterTypeName="executor://xunit/VsTestRunner2/netcoreapp" className="JarvisAssistant.UnitTests.Services.ThemeIntegrationTests" name="ThemeEvents_ShouldBeRaisedInCorrectOrder" />
    </UnitTest>
    <UnitTest name="JarvisAssistant.UnitTests.UI.MAUIMainPageUITests.Buttons_ShouldRespondToPlatformSpecificInput(platform: &quot;Android&quot;, inputMethod: &quot;Touch&quot;)" storage="c:\users\bruce\source\repos\jarvis assistant mk2\jarvisassistant.unittests\bin\debug\net8.0\jarvisassistant.unittests.dll" id="8576f787-2bdf-cc0a-da43-711a5d01fde9">
      <Execution id="5141e390-7186-4e2c-a80c-ed9cc69d600a" />
      <TestMethod codeBase="c:\Users\Bruce\source\repos\Jarvis Assistant MK2\JarvisAssistant.UnitTests\bin\Debug\net8.0\JarvisAssistant.UnitTests.dll" adapterTypeName="executor://xunit/VsTestRunner2/netcoreapp" className="JarvisAssistant.UnitTests.UI.MAUIMainPageUITests" name="Buttons_ShouldRespondToPlatformSpecificInput" />
    </UnitTest>
    <UnitTest name="JarvisAssistant.UnitTests.Services.RateLimitServiceTests.CanMakeRequestAsync_ExceedsCharacterLimit_ReturnsFalse" storage="c:\users\bruce\source\repos\jarvis assistant mk2\jarvisassistant.unittests\bin\debug\net8.0\jarvisassistant.unittests.dll" id="300d1f6b-e8f8-f4f7-1d29-7a20411615dd">
      <Execution id="434d6cb0-ee25-4de2-937a-51973a7c0ea8" />
      <TestMethod codeBase="c:\Users\Bruce\source\repos\Jarvis Assistant MK2\JarvisAssistant.UnitTests\bin\Debug\net8.0\JarvisAssistant.UnitTests.dll" adapterTypeName="executor://xunit/VsTestRunner2/netcoreapp" className="JarvisAssistant.UnitTests.Services.RateLimitServiceTests" name="CanMakeRequestAsync_ExceedsCharacterLimit_ReturnsFalse" />
    </UnitTest>
    <UnitTest name="JarvisAssistant.UnitTests.Voice.VoiceEventArgsTests.VoiceButtonType_AllValues_AreValid(buttonType: Search)" storage="c:\users\bruce\source\repos\jarvis assistant mk2\jarvisassistant.unittests\bin\debug\net8.0\jarvisassistant.unittests.dll" id="b45995c4-3a07-eb5c-5192-a68805c2aaca">
      <Execution id="2bb58df1-fbf0-4eeb-ab1c-e5f9fdd805a9" />
      <TestMethod codeBase="c:\Users\Bruce\source\repos\Jarvis Assistant MK2\JarvisAssistant.UnitTests\bin\Debug\net8.0\JarvisAssistant.UnitTests.dll" adapterTypeName="executor://xunit/VsTestRunner2/netcoreapp" className="JarvisAssistant.UnitTests.Voice.VoiceEventArgsTests" name="VoiceButtonType_AllValues_AreValid" />
    </UnitTest>
    <UnitTest name="JarvisAssistant.UnitTests.Services.ErrorHandlingServiceTests.HandleErrorAsync_WithNullException_ShouldThrowArgumentNullException" storage="c:\users\bruce\source\repos\jarvis assistant mk2\jarvisassistant.unittests\bin\debug\net8.0\jarvisassistant.unittests.dll" id="5b489f85-b61d-13f2-ef5e-3d9ec35287a5">
      <Execution id="1f22f9bb-c05d-448e-bd75-d62e7a8b6fd2" />
      <TestMethod codeBase="c:\Users\Bruce\source\repos\Jarvis Assistant MK2\JarvisAssistant.UnitTests\bin\Debug\net8.0\JarvisAssistant.UnitTests.dll" adapterTypeName="executor://xunit/VsTestRunner2/netcoreapp" className="JarvisAssistant.UnitTests.Services.ErrorHandlingServiceTests" name="HandleErrorAsync_WithNullException_ShouldThrowArgumentNullException" />
    </UnitTest>
    <UnitTest name="JarvisAssistant.UnitTests.UI.MAUIUIIntegrationTests.Accessibility_StatusPanelTouchTargets_ShouldBeLargeEnough" storage="c:\users\bruce\source\repos\jarvis assistant mk2\jarvisassistant.unittests\bin\debug\net8.0\jarvisassistant.unittests.dll" id="7b6a7145-bf6f-a9c1-14cc-055e94a960ca">
      <Execution id="a6bed428-1f9a-44c6-9a04-b06dec013808" />
      <TestMethod codeBase="c:\Users\Bruce\source\repos\Jarvis Assistant MK2\JarvisAssistant.UnitTests\bin\Debug\net8.0\JarvisAssistant.UnitTests.dll" adapterTypeName="executor://xunit/VsTestRunner2/netcoreapp" className="JarvisAssistant.UnitTests.UI.MAUIUIIntegrationTests" name="Accessibility_StatusPanelTouchTargets_ShouldBeLargeEnough" />
    </UnitTest>
    <UnitTest name="JarvisAssistant.UnitTests.Voice.VoiceCommandProcessorTests.SupportedCommands_ContainsAllDefaultCommands(commandType: Repeat)" storage="c:\users\bruce\source\repos\jarvis assistant mk2\jarvisassistant.unittests\bin\debug\net8.0\jarvisassistant.unittests.dll" id="1988c32c-fbed-2d76-4c33-50364dd9df41">
      <Execution id="656ee435-30ca-4cf0-bdbc-6df08dcf0ab6" />
      <TestMethod codeBase="c:\Users\Bruce\source\repos\Jarvis Assistant MK2\JarvisAssistant.UnitTests\bin\Debug\net8.0\JarvisAssistant.UnitTests.dll" adapterTypeName="executor://xunit/VsTestRunner2/netcoreapp" className="JarvisAssistant.UnitTests.Voice.VoiceCommandProcessorTests" name="SupportedCommands_ContainsAllDefaultCommands" />
    </UnitTest>
    <UnitTest name="JarvisAssistant.UnitTests.Services.PlatformServiceInterfaceTests.GetOptimalTheme_Logic_ShouldReturnExpectedThemes(platform: MacOS, expectedTheme: Desktop)" storage="c:\users\bruce\source\repos\jarvis assistant mk2\jarvisassistant.unittests\bin\debug\net8.0\jarvisassistant.unittests.dll" id="94ee68d4-9e18-158b-9b97-40d09c1636b3">
      <Execution id="724c2847-8255-4a68-85ca-6af7da77be07" />
      <TestMethod codeBase="c:\Users\Bruce\source\repos\Jarvis Assistant MK2\JarvisAssistant.UnitTests\bin\Debug\net8.0\JarvisAssistant.UnitTests.dll" adapterTypeName="executor://xunit/VsTestRunner2/netcoreapp" className="JarvisAssistant.UnitTests.Services.PlatformServiceInterfaceTests" name="GetOptimalTheme_Logic_ShouldReturnExpectedThemes" />
    </UnitTest>
    <UnitTest name="JarvisAssistant.UnitTests.Core.Converters.ConverterLogicTests.VoiceActivityToOpacity_ShouldClampValues(input: 0, expected: 0.20000000000000001)" storage="c:\users\bruce\source\repos\jarvis assistant mk2\jarvisassistant.unittests\bin\debug\net8.0\jarvisassistant.unittests.dll" id="43b6f026-1de6-df07-38af-e4677e3c3c0b">
      <Execution id="fc202638-96b6-4bcb-96da-c5cfd22815ed" />
      <TestMethod codeBase="c:\Users\Bruce\source\repos\Jarvis Assistant MK2\JarvisAssistant.UnitTests\bin\Debug\net8.0\JarvisAssistant.UnitTests.dll" adapterTypeName="executor://xunit/VsTestRunner2/netcoreapp" className="JarvisAssistant.UnitTests.Core.Converters.ConverterLogicTests" name="VoiceActivityToOpacity_ShouldClampValues" />
    </UnitTest>
    <UnitTest name="JarvisAssistant.UnitTests.UI.MAUIUIIntegrationTests.Accessibility_ButtonTouchTargets_ShouldBeLargeEnough" storage="c:\users\bruce\source\repos\jarvis assistant mk2\jarvisassistant.unittests\bin\debug\net8.0\jarvisassistant.unittests.dll" id="975e1d02-6159-bb93-2cc4-a56ef5b50c9e">
      <Execution id="78bce593-b1f6-4eb1-a069-65f5a140b4c0" />
      <TestMethod codeBase="c:\Users\Bruce\source\repos\Jarvis Assistant MK2\JarvisAssistant.UnitTests\bin\Debug\net8.0\JarvisAssistant.UnitTests.dll" adapterTypeName="executor://xunit/VsTestRunner2/netcoreapp" className="JarvisAssistant.UnitTests.UI.MAUIUIIntegrationTests" name="Accessibility_ButtonTouchTargets_ShouldBeLargeEnough" />
    </UnitTest>
    <UnitTest name="JarvisAssistant.UnitTests.Voice.VoiceCommandProcessorTests.ProcessCommandAsync_WithValidCommand_ReturnsSuccessResult" storage="c:\users\bruce\source\repos\jarvis assistant mk2\jarvisassistant.unittests\bin\debug\net8.0\jarvisassistant.unittests.dll" id="149699a8-ebcd-0882-4a35-039a15504cd2">
      <Execution id="a1fa70ef-ea50-41d5-a251-7c2a0d279e4a" />
      <TestMethod codeBase="c:\Users\Bruce\source\repos\Jarvis Assistant MK2\JarvisAssistant.UnitTests\bin\Debug\net8.0\JarvisAssistant.UnitTests.dll" adapterTypeName="executor://xunit/VsTestRunner2/netcoreapp" className="JarvisAssistant.UnitTests.Voice.VoiceCommandProcessorTests" name="ProcessCommandAsync_WithValidCommand_ReturnsSuccessResult" />
    </UnitTest>
    <UnitTest name="JarvisAssistant.UnitTests.Services.ThemeIntegrationTests.ThemeSwitching_ShouldPreserveDataIntegrity" storage="c:\users\bruce\source\repos\jarvis assistant mk2\jarvisassistant.unittests\bin\debug\net8.0\jarvisassistant.unittests.dll" id="cc8e1363-c3ca-8bcf-58fe-03deec8dabc3">
      <Execution id="37ecce16-7624-4a50-808f-69d48cbd14a8" />
      <TestMethod codeBase="c:\Users\Bruce\source\repos\Jarvis Assistant MK2\JarvisAssistant.UnitTests\bin\Debug\net8.0\JarvisAssistant.UnitTests.dll" adapterTypeName="executor://xunit/VsTestRunner2/netcoreapp" className="JarvisAssistant.UnitTests.Services.ThemeIntegrationTests" name="ThemeSwitching_ShouldPreserveDataIntegrity" />
    </UnitTest>
    <UnitTest name="JarvisAssistant.UnitTests.Integration.VoiceConfigurationTests.VoiceSettings_CreateEmotionalSettings_ReturnsCorrectValues(emotion: &quot;calm&quot;, expectedStability: 0.850000024, expectedSimilarity: 0.899999976, expectedStyle: 0, expectedRate: 0.850000024)" storage="c:\users\bruce\source\repos\jarvis assistant mk2\jarvisassistant.unittests\bin\debug\net8.0\jarvisassistant.unittests.dll" id="147002e5-a86a-f3e7-4f60-e69f2938ce31">
      <Execution id="b82c2679-3c62-4930-ab8f-1b9ddf6b9366" />
      <TestMethod codeBase="c:\Users\Bruce\source\repos\Jarvis Assistant MK2\JarvisAssistant.UnitTests\bin\Debug\net8.0\JarvisAssistant.UnitTests.dll" adapterTypeName="executor://xunit/VsTestRunner2/netcoreapp" className="JarvisAssistant.UnitTests.Integration.VoiceConfigurationTests" name="VoiceSettings_CreateEmotionalSettings_ReturnsCorrectValues" />
    </UnitTest>
    <UnitTest name="JarvisAssistant.UnitTests.Voice.VoiceCommandModelTests.VoiceCommand_DetectedLanguage_CanBeSetAndRetrieved" storage="c:\users\bruce\source\repos\jarvis assistant mk2\jarvisassistant.unittests\bin\debug\net8.0\jarvisassistant.unittests.dll" id="87b1db1f-6d88-cef4-de68-b4d661288e0b">
      <Execution id="6b8b4a6c-3467-47f4-9421-532238562773" />
      <TestMethod codeBase="c:\Users\Bruce\source\repos\Jarvis Assistant MK2\JarvisAssistant.UnitTests\bin\Debug\net8.0\JarvisAssistant.UnitTests.dll" adapterTypeName="executor://xunit/VsTestRunner2/netcoreapp" className="JarvisAssistant.UnitTests.Voice.VoiceCommandModelTests" name="VoiceCommand_DetectedLanguage_CanBeSetAndRetrieved" />
    </UnitTest>
    <UnitTest name="JarvisAssistant.UnitTests.Integration.ElevenLabsServiceExtensionsTests.AddJarvisVoiceService_ConfiguresCorrectly" storage="c:\users\bruce\source\repos\jarvis assistant mk2\jarvisassistant.unittests\bin\debug\net8.0\jarvisassistant.unittests.dll" id="5aa42b83-84e1-52ca-6660-6ffe50581cb1">
      <Execution id="dbb434d8-342f-40df-be32-ac777ee8f0f8" />
      <TestMethod codeBase="c:\Users\Bruce\source\repos\Jarvis Assistant MK2\JarvisAssistant.UnitTests\bin\Debug\net8.0\JarvisAssistant.UnitTests.dll" adapterTypeName="executor://xunit/VsTestRunner2/netcoreapp" className="JarvisAssistant.UnitTests.Integration.ElevenLabsServiceExtensionsTests" name="AddJarvisVoiceService_ConfiguresCorrectly" />
    </UnitTest>
    <UnitTest name="JarvisAssistant.UnitTests.UI.StatusPanelFunctionalityTests.TestCommand_ShouldBeAvailableAndExecutable" storage="c:\users\bruce\source\repos\jarvis assistant mk2\jarvisassistant.unittests\bin\debug\net8.0\jarvisassistant.unittests.dll" id="2d093e5b-d4b5-9ea3-fc32-37eb15a71850">
      <Execution id="239d9157-f4f3-47ff-b553-550983673d99" />
      <TestMethod codeBase="c:\Users\Bruce\source\repos\Jarvis Assistant MK2\JarvisAssistant.UnitTests\bin\Debug\net8.0\JarvisAssistant.UnitTests.dll" adapterTypeName="executor://xunit/VsTestRunner2/netcoreapp" className="JarvisAssistant.UnitTests.UI.StatusPanelFunctionalityTests" name="TestCommand_ShouldBeAvailableAndExecutable" />
    </UnitTest>
    <UnitTest name="JarvisAssistant.UnitTests.UI.MAUIUIIntegrationTests.UserJourney_StatusPanelInteraction_ShouldNotAffectMainButtons" storage="c:\users\bruce\source\repos\jarvis assistant mk2\jarvisassistant.unittests\bin\debug\net8.0\jarvisassistant.unittests.dll" id="a06e03dd-e69f-b1cc-56cf-7996ad94a1a6">
      <Execution id="bada71e5-3a7b-445d-987d-caee2a08f77e" />
      <TestMethod codeBase="c:\Users\Bruce\source\repos\Jarvis Assistant MK2\JarvisAssistant.UnitTests\bin\Debug\net8.0\JarvisAssistant.UnitTests.dll" adapterTypeName="executor://xunit/VsTestRunner2/netcoreapp" className="JarvisAssistant.UnitTests.UI.MAUIUIIntegrationTests" name="UserJourney_StatusPanelInteraction_ShouldNotAffectMainButtons" />
    </UnitTest>
    <UnitTest name="JarvisAssistant.UnitTests.Voice.VoiceModeManagerTests.DisableVoiceModeAsync_WhenAlwaysOnMode_ReturnsFalse" storage="c:\users\bruce\source\repos\jarvis assistant mk2\jarvisassistant.unittests\bin\debug\net8.0\jarvisassistant.unittests.dll" id="015dd61b-83ce-9cb8-5997-d6a6b18a5434">
      <Execution id="d5c5b321-0b74-4576-8cea-8325830053e4" />
      <TestMethod codeBase="c:\Users\Bruce\source\repos\Jarvis Assistant MK2\JarvisAssistant.UnitTests\bin\Debug\net8.0\JarvisAssistant.UnitTests.dll" adapterTypeName="executor://xunit/VsTestRunner2/netcoreapp" className="JarvisAssistant.UnitTests.Voice.VoiceModeManagerTests" name="DisableVoiceModeAsync_WhenAlwaysOnMode_ReturnsFalse" />
    </UnitTest>
    <UnitTest name="JarvisAssistant.UnitTests.Services.LLM.LLMServerFailureTests.GenerateAsync_NetworkUnreachable_ReturnsNetworkError" storage="c:\users\bruce\source\repos\jarvis assistant mk2\jarvisassistant.unittests\bin\debug\net8.0\jarvisassistant.unittests.dll" id="6d6fdc20-33d9-a0f4-7fca-031057b6e3e6">
      <Execution id="ece1185e-2b3e-45ad-93b0-fba9ed2b79f8" />
      <TestMethod codeBase="c:\Users\Bruce\source\repos\Jarvis Assistant MK2\JarvisAssistant.UnitTests\bin\Debug\net8.0\JarvisAssistant.UnitTests.dll" adapterTypeName="executor://xunit/VsTestRunner2/netcoreapp" className="JarvisAssistant.UnitTests.Services.LLM.LLMServerFailureTests" name="GenerateAsync_NetworkUnreachable_ReturnsNetworkError" />
    </UnitTest>
    <UnitTest name="JarvisAssistant.UnitTests.Services.PlatformServiceTests.GetScreenDensity_ShouldReturnPositiveValue(platform: Windows, expectedDensity: 1)" storage="c:\users\bruce\source\repos\jarvis assistant mk2\jarvisassistant.unittests\bin\debug\net8.0\jarvisassistant.unittests.dll" id="3d59f005-ca34-87e9-37c3-004ce8fadee4">
      <Execution id="750a2b2c-8906-4eb6-b1e0-7a368c519aad" />
      <TestMethod codeBase="c:\Users\Bruce\source\repos\Jarvis Assistant MK2\JarvisAssistant.UnitTests\bin\Debug\net8.0\JarvisAssistant.UnitTests.dll" adapterTypeName="executor://xunit/VsTestRunner2/netcoreapp" className="JarvisAssistant.UnitTests.Services.PlatformServiceTests" name="GetScreenDensity_ShouldReturnPositiveValue" />
    </UnitTest>
    <UnitTest name="JarvisAssistant.UnitTests.Integration.LLMErrorDiagnosticTests.DiagnosticTest_SimpleHttpStatusTest_ShouldThrowException" storage="c:\users\bruce\source\repos\jarvis assistant mk2\jarvisassistant.unittests\bin\debug\net8.0\jarvisassistant.unittests.dll" id="d9437865-7771-dedc-637d-2b732321858d">
      <Execution id="d6ca0a0a-4061-4b33-9409-4d41cab3a47e" />
      <TestMethod codeBase="c:\Users\Bruce\source\repos\Jarvis Assistant MK2\JarvisAssistant.UnitTests\bin\Debug\net8.0\JarvisAssistant.UnitTests.dll" adapterTypeName="executor://xunit/VsTestRunner2/netcoreapp" className="JarvisAssistant.UnitTests.Integration.LLMErrorDiagnosticTests" name="DiagnosticTest_SimpleHttpStatusTest_ShouldThrowException" />
    </UnitTest>
    <UnitTest name="JarvisAssistant.UnitTests.UI.StatusPanelFunctionalityTests.ShowServiceDetailsCommand_ShouldDisplayServiceInfo" storage="c:\users\bruce\source\repos\jarvis assistant mk2\jarvisassistant.unittests\bin\debug\net8.0\jarvisassistant.unittests.dll" id="605b7d58-15d1-26bd-69ef-e438853e775e">
      <Execution id="caef88e1-2366-44b7-a3a5-4772e4ae21d2" />
      <TestMethod codeBase="c:\Users\Bruce\source\repos\Jarvis Assistant MK2\JarvisAssistant.UnitTests\bin\Debug\net8.0\JarvisAssistant.UnitTests.dll" adapterTypeName="executor://xunit/VsTestRunner2/netcoreapp" className="JarvisAssistant.UnitTests.UI.StatusPanelFunctionalityTests" name="ShowServiceDetailsCommand_ShouldDisplayServiceInfo" />
    </UnitTest>
    <UnitTest name="JarvisAssistant.UnitTests.Services.PlatformServiceTests.AndroidPlatformThemeMapping_ShouldHandleAllAndroidVariants(platform: AndroidTV, isGoogleTV: True, expectedTheme: TV)" storage="c:\users\bruce\source\repos\jarvis assistant mk2\jarvisassistant.unittests\bin\debug\net8.0\jarvisassistant.unittests.dll" id="47d6ac06-c5c5-17f1-0121-af971ecf8406">
      <Execution id="1f6be949-83ed-46a7-9b7e-d50bbafa09ca" />
      <TestMethod codeBase="c:\Users\Bruce\source\repos\Jarvis Assistant MK2\JarvisAssistant.UnitTests\bin\Debug\net8.0\JarvisAssistant.UnitTests.dll" adapterTypeName="executor://xunit/VsTestRunner2/netcoreapp" className="JarvisAssistant.UnitTests.Services.PlatformServiceTests" name="AndroidPlatformThemeMapping_ShouldHandleAllAndroidVariants" />
    </UnitTest>
    <UnitTest name="JarvisAssistant.UnitTests.Services.LLM.LLMErrorHandlerTests.LLMErrorMessages_GetErrorMessage_ReturnsNonEmptyMessage(errorCode: &quot;LLM-MODEL-001&quot;)" storage="c:\users\bruce\source\repos\jarvis assistant mk2\jarvisassistant.unittests\bin\debug\net8.0\jarvisassistant.unittests.dll" id="8150db1c-edac-d31a-4e40-4cc271f179ce">
      <Execution id="9024e764-1cf3-4bee-9fc3-45317455ef4f" />
      <TestMethod codeBase="c:\Users\Bruce\source\repos\Jarvis Assistant MK2\JarvisAssistant.UnitTests\bin\Debug\net8.0\JarvisAssistant.UnitTests.dll" adapterTypeName="executor://xunit/VsTestRunner2/netcoreapp" className="JarvisAssistant.UnitTests.Services.LLM.LLMErrorHandlerTests" name="LLMErrorMessages_GetErrorMessage_ReturnsNonEmptyMessage" />
    </UnitTest>
    <UnitTest name="JarvisAssistant.UnitTests.UI.MAUIUIIntegrationTests.Platform_MainPageButtons_ShouldWorkOnAllPlatforms(platform: &quot;iOS&quot;)" storage="c:\users\bruce\source\repos\jarvis assistant mk2\jarvisassistant.unittests\bin\debug\net8.0\jarvisassistant.unittests.dll" id="c481e987-f317-0f76-761f-da436d394427">
      <Execution id="5879f02d-26da-4ed0-a152-c4192c7187c2" />
      <TestMethod codeBase="c:\Users\Bruce\source\repos\Jarvis Assistant MK2\JarvisAssistant.UnitTests\bin\Debug\net8.0\JarvisAssistant.UnitTests.dll" adapterTypeName="executor://xunit/VsTestRunner2/netcoreapp" className="JarvisAssistant.UnitTests.UI.MAUIUIIntegrationTests" name="Platform_MainPageButtons_ShouldWorkOnAllPlatforms" />
    </UnitTest>
    <UnitTest name="JarvisAssistant.UnitTests.Services.LLM.PersonalityServiceTests.FormatResponseAsync_AppliesVocabularyEnhancements(input: &quot;That's good work.&quot;, expectedWord: &quot;excellent&quot;)" storage="c:\users\bruce\source\repos\jarvis assistant mk2\jarvisassistant.unittests\bin\debug\net8.0\jarvisassistant.unittests.dll" id="e310bf58-992f-cb4f-5a26-131eb126c7e9">
      <Execution id="243963d6-a26c-4918-aef2-8018b2fdc524" />
      <TestMethod codeBase="c:\Users\Bruce\source\repos\Jarvis Assistant MK2\JarvisAssistant.UnitTests\bin\Debug\net8.0\JarvisAssistant.UnitTests.dll" adapterTypeName="executor://xunit/VsTestRunner2/netcoreapp" className="JarvisAssistant.UnitTests.Services.LLM.PersonalityServiceTests" name="FormatResponseAsync_AppliesVocabularyEnhancements" />
    </UnitTest>
    <UnitTest name="JarvisAssistant.UnitTests.Integration.VoiceConfigurationTests.ElevenLabsConfig_IsValid_WithInvalidConfig_ReturnsFalse(apiKey: &quot;key&quot;, voiceId: null, baseUrl: &quot;https://api.elevenlabs.io&quot;, timeoutSeconds: 30, maxRetryAttempts: 3, expected: False)" storage="c:\users\bruce\source\repos\jarvis assistant mk2\jarvisassistant.unittests\bin\debug\net8.0\jarvisassistant.unittests.dll" id="e39a6aaa-e3a0-c970-c87b-f258d7ab9ce2">
      <Execution id="cb34d2f8-bf44-484e-90dc-02df8bd22d1a" />
      <TestMethod codeBase="c:\Users\Bruce\source\repos\Jarvis Assistant MK2\JarvisAssistant.UnitTests\bin\Debug\net8.0\JarvisAssistant.UnitTests.dll" adapterTypeName="executor://xunit/VsTestRunner2/netcoreapp" className="JarvisAssistant.UnitTests.Integration.VoiceConfigurationTests" name="ElevenLabsConfig_IsValid_WithInvalidConfig_ReturnsFalse" />
    </UnitTest>
    <UnitTest name="JarvisAssistant.UnitTests.Services.LLM.OllamaClientTests.GenerateAsync_WithDifferentQueryTypes_UsesCorrectModel(queryType: Error, expectedModel: &quot;deepseek-coder&quot;)" storage="c:\users\bruce\source\repos\jarvis assistant mk2\jarvisassistant.unittests\bin\debug\net8.0\jarvisassistant.unittests.dll" id="a057067d-30f9-7e4a-1aef-a81536a45b04">
      <Execution id="acd3edec-0220-4200-b943-1892c772ab79" />
      <TestMethod codeBase="c:\Users\Bruce\source\repos\Jarvis Assistant MK2\JarvisAssistant.UnitTests\bin\Debug\net8.0\JarvisAssistant.UnitTests.dll" adapterTypeName="executor://xunit/VsTestRunner2/netcoreapp" className="JarvisAssistant.UnitTests.Services.LLM.OllamaClientTests" name="GenerateAsync_WithDifferentQueryTypes_UsesCorrectModel" />
    </UnitTest>
    <UnitTest name="JarvisAssistant.UnitTests.Voice.VoiceModeManagerTests.ActivationMode_BasedOnPlatform_ConfiguredCorrectly(platform: Windows, expectedMode: Toggle)" storage="c:\users\bruce\source\repos\jarvis assistant mk2\jarvisassistant.unittests\bin\debug\net8.0\jarvisassistant.unittests.dll" id="965659b7-5d12-4977-2b36-cd65b97530f7">
      <Execution id="6b023cd5-d9ae-45fb-862b-f1470b806aef" />
      <TestMethod codeBase="c:\Users\Bruce\source\repos\Jarvis Assistant MK2\JarvisAssistant.UnitTests\bin\Debug\net8.0\JarvisAssistant.UnitTests.dll" adapterTypeName="executor://xunit/VsTestRunner2/netcoreapp" className="JarvisAssistant.UnitTests.Voice.VoiceModeManagerTests" name="ActivationMode_BasedOnPlatform_ConfiguredCorrectly" />
    </UnitTest>
    <UnitTest name="JarvisAssistant.UnitTests.Services.PlatformServiceTests.GetOptimalTheme_ForDifferentPlatforms_ShouldReturnExpectedTheme(platform: AndroidTV, expectedTheme: TV)" storage="c:\users\bruce\source\repos\jarvis assistant mk2\jarvisassistant.unittests\bin\debug\net8.0\jarvisassistant.unittests.dll" id="0dea185f-dbde-a39f-5aac-210fb8136977">
      <Execution id="2dc1f3cf-ae9c-4f55-9244-9d2eb147bd22" />
      <TestMethod codeBase="c:\Users\Bruce\source\repos\Jarvis Assistant MK2\JarvisAssistant.UnitTests\bin\Debug\net8.0\JarvisAssistant.UnitTests.dll" adapterTypeName="executor://xunit/VsTestRunner2/netcoreapp" className="JarvisAssistant.UnitTests.Services.PlatformServiceTests" name="GetOptimalTheme_ForDifferentPlatforms_ShouldReturnExpectedTheme" />
    </UnitTest>
    <UnitTest name="JarvisAssistant.UnitTests.Services.LLM.PersonalityServiceTests.FormatResponseAsync_WithStreamingMode_DoesNotAddClosingElements" storage="c:\users\bruce\source\repos\jarvis assistant mk2\jarvisassistant.unittests\bin\debug\net8.0\jarvisassistant.unittests.dll" id="7d858aee-7fa4-914b-82fb-af2fce0ddc83">
      <Execution id="53b90c85-a50e-4dbb-a1ee-f011aafd6c41" />
      <TestMethod codeBase="c:\Users\Bruce\source\repos\Jarvis Assistant MK2\JarvisAssistant.UnitTests\bin\Debug\net8.0\JarvisAssistant.UnitTests.dll" adapterTypeName="executor://xunit/VsTestRunner2/netcoreapp" className="JarvisAssistant.UnitTests.Services.LLM.PersonalityServiceTests" name="FormatResponseAsync_WithStreamingMode_DoesNotAddClosingElements" />
    </UnitTest>
    <UnitTest name="JarvisAssistant.UnitTests.Voice.GoogleTVVoiceHandlerTests.TriggerVoiceListeningAsync_WhenNotInitialized_ReturnsFalse" storage="c:\users\bruce\source\repos\jarvis assistant mk2\jarvisassistant.unittests\bin\debug\net8.0\jarvisassistant.unittests.dll" id="3307ef53-a249-f385-6521-1f99f404034b">
      <Execution id="b9e79d66-fa23-417b-afa0-af3a7e168c83" />
      <TestMethod codeBase="c:\Users\Bruce\source\repos\Jarvis Assistant MK2\JarvisAssistant.UnitTests\bin\Debug\net8.0\JarvisAssistant.UnitTests.dll" adapterTypeName="executor://xunit/VsTestRunner2/netcoreapp" className="JarvisAssistant.UnitTests.Voice.GoogleTVVoiceHandlerTests" name="TriggerVoiceListeningAsync_WhenNotInitialized_ReturnsFalse" />
    </UnitTest>
    <UnitTest name="JarvisAssistant.UnitTests.Voice.VoiceModeManagerTests.WakeWordDetected_Event_CanBeSubscribed" storage="c:\users\bruce\source\repos\jarvis assistant mk2\jarvisassistant.unittests\bin\debug\net8.0\jarvisassistant.unittests.dll" id="0c23ae78-5c5e-5447-b512-7b418f103d20">
      <Execution id="183b4957-b301-4902-b768-07fa67d11b70" />
      <TestMethod codeBase="c:\Users\Bruce\source\repos\Jarvis Assistant MK2\JarvisAssistant.UnitTests\bin\Debug\net8.0\JarvisAssistant.UnitTests.dll" adapterTypeName="executor://xunit/VsTestRunner2/netcoreapp" className="JarvisAssistant.UnitTests.Voice.VoiceModeManagerTests" name="WakeWordDetected_Event_CanBeSubscribed" />
    </UnitTest>
    <UnitTest name="JarvisAssistant.UnitTests.Services.MauiThemeManagerTests.SwitchThemeAsync_DifferentTheme_ShouldTriggerThemeChangedEvent" storage="c:\users\bruce\source\repos\jarvis assistant mk2\jarvisassistant.unittests\bin\debug\net8.0\jarvisassistant.unittests.dll" id="85a8ec9d-05ea-d362-5a1c-82b3e4045b2b">
      <Execution id="b6afa72d-1d76-4f71-921e-967038120214" />
      <TestMethod codeBase="c:\Users\Bruce\source\repos\Jarvis Assistant MK2\JarvisAssistant.UnitTests\bin\Debug\net8.0\JarvisAssistant.UnitTests.dll" adapterTypeName="executor://xunit/VsTestRunner2/netcoreapp" className="JarvisAssistant.UnitTests.Services.MauiThemeManagerTests" name="SwitchThemeAsync_DifferentTheme_ShouldTriggerThemeChangedEvent" />
    </UnitTest>
    <UnitTest name="JarvisAssistant.UnitTests.Services.LLM.IOllamaClientAbstractionTests.IOllamaClient_AllMethods_CanBeUsedInTestableService" storage="c:\users\bruce\source\repos\jarvis assistant mk2\jarvisassistant.unittests\bin\debug\net8.0\jarvisassistant.unittests.dll" id="7a71a075-4244-0a14-8e59-e2eb7c1c8b63">
      <Execution id="de312c2a-1f55-42df-952f-b806d1e9b7d0" />
      <TestMethod codeBase="c:\Users\Bruce\source\repos\Jarvis Assistant MK2\JarvisAssistant.UnitTests\bin\Debug\net8.0\JarvisAssistant.UnitTests.dll" adapterTypeName="executor://xunit/VsTestRunner2/netcoreapp" className="JarvisAssistant.UnitTests.Services.LLM.IOllamaClientAbstractionTests" name="IOllamaClient_AllMethods_CanBeUsedInTestableService" />
    </UnitTest>
    <UnitTest name="JarvisAssistant.UnitTests.Core.Models.ChatMessageCoreTests.TypeProperties_ShouldReturnCorrectValues(type: Voice, isCode: False, isError: False, isVoice: True)" storage="c:\users\bruce\source\repos\jarvis assistant mk2\jarvisassistant.unittests\bin\debug\net8.0\jarvisassistant.unittests.dll" id="7e52206a-2dbe-360a-1a47-1b77a107e903">
      <Execution id="5100ab57-9c82-47b0-af30-c872686155d3" />
      <TestMethod codeBase="c:\Users\Bruce\source\repos\Jarvis Assistant MK2\JarvisAssistant.UnitTests\bin\Debug\net8.0\JarvisAssistant.UnitTests.dll" adapterTypeName="executor://xunit/VsTestRunner2/netcoreapp" className="JarvisAssistant.UnitTests.Core.Models.ChatMessageCoreTests" name="TypeProperties_ShouldReturnCorrectValues" />
    </UnitTest>
    <UnitTest name="JarvisAssistant.UnitTests.Voice.VoiceCommandProcessorTests.RegisterCommandHandler_WithValidHandler_RegistersSuccessfully" storage="c:\users\bruce\source\repos\jarvis assistant mk2\jarvisassistant.unittests\bin\debug\net8.0\jarvisassistant.unittests.dll" id="853e48d8-3e8d-ac26-aa73-a34f59ad9f95">
      <Execution id="795a5e2a-82b4-4482-9be4-83830d92f9c6" />
      <TestMethod codeBase="c:\Users\Bruce\source\repos\Jarvis Assistant MK2\JarvisAssistant.UnitTests\bin\Debug\net8.0\JarvisAssistant.UnitTests.dll" adapterTypeName="executor://xunit/VsTestRunner2/netcoreapp" className="JarvisAssistant.UnitTests.Voice.VoiceCommandProcessorTests" name="RegisterCommandHandler_WithValidHandler_RegistersSuccessfully" />
    </UnitTest>
    <UnitTest name="JarvisAssistant.UnitTests.UI.MAUIUIIntegrationTests.Platform_MainPageButtons_ShouldWorkOnAllPlatforms(platform: &quot;Android&quot;)" storage="c:\users\bruce\source\repos\jarvis assistant mk2\jarvisassistant.unittests\bin\debug\net8.0\jarvisassistant.unittests.dll" id="0f4e9222-5979-cb22-4e1c-fb3d924b2958">
      <Execution id="e6088d90-033a-4544-97df-0f9825cab157" />
      <TestMethod codeBase="c:\Users\Bruce\source\repos\Jarvis Assistant MK2\JarvisAssistant.UnitTests\bin\Debug\net8.0\JarvisAssistant.UnitTests.dll" adapterTypeName="executor://xunit/VsTestRunner2/netcoreapp" className="JarvisAssistant.UnitTests.UI.MAUIUIIntegrationTests" name="Platform_MainPageButtons_ShouldWorkOnAllPlatforms" />
    </UnitTest>
    <UnitTest name="JarvisAssistant.UnitTests.UI.StatusPanelFunctionalityTests.ShowServiceDetails_WithNullService_ShouldHandleGracefully" storage="c:\users\bruce\source\repos\jarvis assistant mk2\jarvisassistant.unittests\bin\debug\net8.0\jarvisassistant.unittests.dll" id="d44d1271-6e41-f5b3-dedf-0d0a9a9f8930">
      <Execution id="5e4c3417-2605-4fed-9f99-5f23795a5288" />
      <TestMethod codeBase="c:\Users\Bruce\source\repos\Jarvis Assistant MK2\JarvisAssistant.UnitTests\bin\Debug\net8.0\JarvisAssistant.UnitTests.dll" adapterTypeName="executor://xunit/VsTestRunner2/netcoreapp" className="JarvisAssistant.UnitTests.UI.StatusPanelFunctionalityTests" name="ShowServiceDetails_WithNullService_ShouldHandleGracefully" />
    </UnitTest>
    <UnitTest name="JarvisAssistant.UnitTests.Services.RateLimitServiceTests.CanMakeRequestAsync_WithNoHistory_ReturnsTrue" storage="c:\users\bruce\source\repos\jarvis assistant mk2\jarvisassistant.unittests\bin\debug\net8.0\jarvisassistant.unittests.dll" id="b173d0a9-fa0d-067b-6d5b-731f71d10c86">
      <Execution id="5067b25a-3646-4cfd-bc13-b0eed73edffe" />
      <TestMethod codeBase="c:\Users\Bruce\source\repos\Jarvis Assistant MK2\JarvisAssistant.UnitTests\bin\Debug\net8.0\JarvisAssistant.UnitTests.dll" adapterTypeName="executor://xunit/VsTestRunner2/netcoreapp" className="JarvisAssistant.UnitTests.Services.RateLimitServiceTests" name="CanMakeRequestAsync_WithNoHistory_ReturnsTrue" />
    </UnitTest>
    <UnitTest name="JarvisAssistant.UnitTests.UI.MainPageButtonInteractionTests.NavigationService_ShouldHandleStartChatNavigation" storage="c:\users\bruce\source\repos\jarvis assistant mk2\jarvisassistant.unittests\bin\debug\net8.0\jarvisassistant.unittests.dll" id="abc826b6-71c3-d124-d361-f51114c8fedc">
      <Execution id="6973763d-511b-4b43-8b28-5ec5bf6c9c01" />
      <TestMethod codeBase="c:\Users\Bruce\source\repos\Jarvis Assistant MK2\JarvisAssistant.UnitTests\bin\Debug\net8.0\JarvisAssistant.UnitTests.dll" adapterTypeName="executor://xunit/VsTestRunner2/netcoreapp" className="JarvisAssistant.UnitTests.UI.MainPageButtonInteractionTests" name="NavigationService_ShouldHandleStartChatNavigation" />
    </UnitTest>
    <UnitTest name="JarvisAssistant.UnitTests.Integration.LLMErrorDiagnosticTests.DiagnosticTest_AllConnectionErrors_GenerateCorrectErrorResponses" storage="c:\users\bruce\source\repos\jarvis assistant mk2\jarvisassistant.unittests\bin\debug\net8.0\jarvisassistant.unittests.dll" id="3b5b8c28-0d0b-62cd-df2c-1b66cf4c1dd6">
      <Execution id="ebc14067-313a-4667-b35c-c8e37766b066" />
      <TestMethod codeBase="c:\Users\Bruce\source\repos\Jarvis Assistant MK2\JarvisAssistant.UnitTests\bin\Debug\net8.0\JarvisAssistant.UnitTests.dll" adapterTypeName="executor://xunit/VsTestRunner2/netcoreapp" className="JarvisAssistant.UnitTests.Integration.LLMErrorDiagnosticTests" name="DiagnosticTest_AllConnectionErrors_GenerateCorrectErrorResponses" />
    </UnitTest>
    <UnitTest name="JarvisAssistant.UnitTests.Services.LLM.LLMErrorHandlerTests.LLMErrorMessages_GetErrorMessage_ReturnsNonEmptyMessage(errorCode: &quot;LLM-HTTP-500-001&quot;)" storage="c:\users\bruce\source\repos\jarvis assistant mk2\jarvisassistant.unittests\bin\debug\net8.0\jarvisassistant.unittests.dll" id="952fe74e-4eec-dcaa-601a-49e99a23ed99">
      <Execution id="b290e7eb-ae9f-452d-8df3-6d6ae02ea994" />
      <TestMethod codeBase="c:\Users\Bruce\source\repos\Jarvis Assistant MK2\JarvisAssistant.UnitTests\bin\Debug\net8.0\JarvisAssistant.UnitTests.dll" adapterTypeName="executor://xunit/VsTestRunner2/netcoreapp" className="JarvisAssistant.UnitTests.Services.LLM.LLMErrorHandlerTests" name="LLMErrorMessages_GetErrorMessage_ReturnsNonEmptyMessage" />
    </UnitTest>
    <UnitTest name="JarvisAssistant.UnitTests.Integration.LLMErrorDiagnosticTests.DiagnosticTest_AllHttpErrorCodes_GenerateCorrectErrorResponses" storage="c:\users\bruce\source\repos\jarvis assistant mk2\jarvisassistant.unittests\bin\debug\net8.0\jarvisassistant.unittests.dll" id="5bde9f04-167c-5292-e99d-19a14f5cda26">
      <Execution id="e123a294-bc25-4baa-b45a-cb6c4f6605ab" />
      <TestMethod codeBase="c:\Users\Bruce\source\repos\Jarvis Assistant MK2\JarvisAssistant.UnitTests\bin\Debug\net8.0\JarvisAssistant.UnitTests.dll" adapterTypeName="executor://xunit/VsTestRunner2/netcoreapp" className="JarvisAssistant.UnitTests.Integration.LLMErrorDiagnosticTests" name="DiagnosticTest_AllHttpErrorCodes_GenerateCorrectErrorResponses" />
    </UnitTest>
    <UnitTest name="JarvisAssistant.UnitTests.Core.Converters.ConverterLogicTests.StringToBool_ShouldReturnCorrectBooleanValues(input: null, expected: False)" storage="c:\users\bruce\source\repos\jarvis assistant mk2\jarvisassistant.unittests\bin\debug\net8.0\jarvisassistant.unittests.dll" id="a979ddda-986f-0fc7-0efa-ef8f08eda16b">
      <Execution id="c7caf848-99df-4a75-9ebd-e5083085a35b" />
      <TestMethod codeBase="c:\Users\Bruce\source\repos\Jarvis Assistant MK2\JarvisAssistant.UnitTests\bin\Debug\net8.0\JarvisAssistant.UnitTests.dll" adapterTypeName="executor://xunit/VsTestRunner2/netcoreapp" className="JarvisAssistant.UnitTests.Core.Converters.ConverterLogicTests" name="StringToBool_ShouldReturnCorrectBooleanValues" />
    </UnitTest>
    <UnitTest name="JarvisAssistant.UnitTests.Services.LLM.PersonalityServiceTests.FormatResponseAsync_WithNullResponse_ReturnsNull" storage="c:\users\bruce\source\repos\jarvis assistant mk2\jarvisassistant.unittests\bin\debug\net8.0\jarvisassistant.unittests.dll" id="96945753-6333-6f7b-16c0-8c20e6223045">
      <Execution id="b7330481-c24d-4a10-8081-a8b5c59ed75d" />
      <TestMethod codeBase="c:\Users\Bruce\source\repos\Jarvis Assistant MK2\JarvisAssistant.UnitTests\bin\Debug\net8.0\JarvisAssistant.UnitTests.dll" adapterTypeName="executor://xunit/VsTestRunner2/netcoreapp" className="JarvisAssistant.UnitTests.Services.LLM.PersonalityServiceTests" name="FormatResponseAsync_WithNullResponse_ReturnsNull" />
    </UnitTest>
    <UnitTest name="JarvisAssistant.UnitTests.Services.MauiThemeManagerTests.AutoSelectThemeAsync_WithPlatformService_ShouldUseOptimalTheme" storage="c:\users\bruce\source\repos\jarvis assistant mk2\jarvisassistant.unittests\bin\debug\net8.0\jarvisassistant.unittests.dll" id="da900697-4c11-f9f3-d332-ad2b77b079a8">
      <Execution id="f8b0b8bc-ec71-4c39-8d19-b19b9cde7189" />
      <TestMethod codeBase="c:\Users\Bruce\source\repos\Jarvis Assistant MK2\JarvisAssistant.UnitTests\bin\Debug\net8.0\JarvisAssistant.UnitTests.dll" adapterTypeName="executor://xunit/VsTestRunner2/netcoreapp" className="JarvisAssistant.UnitTests.Services.MauiThemeManagerTests" name="AutoSelectThemeAsync_WithPlatformService_ShouldUseOptimalTheme" />
    </UnitTest>
    <UnitTest name="JarvisAssistant.UnitTests.Integration.LLMServiceIntegrationTests.StreamResponseAsync_WithRealOllamaInstance_StreamsJarvisResponse" storage="c:\users\bruce\source\repos\jarvis assistant mk2\jarvisassistant.unittests\bin\debug\net8.0\jarvisassistant.unittests.dll" id="02ce561b-e8a2-98a4-f957-d770fe54b19e">
      <Execution id="fce5ef47-d76d-46f7-8cdb-0c9c439defd3" />
      <TestMethod codeBase="c:\Users\Bruce\source\repos\Jarvis Assistant MK2\JarvisAssistant.UnitTests\bin\Debug\net8.0\JarvisAssistant.UnitTests.dll" adapterTypeName="executor://xunit/VsTestRunner2/netcoreapp" className="JarvisAssistant.UnitTests.Integration.LLMServiceIntegrationTests" name="StreamResponseAsync_WithRealOllamaInstance_StreamsJarvisResponse" />
    </UnitTest>
    <UnitTest name="JarvisAssistant.UnitTests.UI.MAUIStatusPanelUITests.StatusPanelViewModel_Commands_ShouldBeExecutable" storage="c:\users\bruce\source\repos\jarvis assistant mk2\jarvisassistant.unittests\bin\debug\net8.0\jarvisassistant.unittests.dll" id="5449b020-e1ea-fb20-f400-fe6a13b806a8">
      <Execution id="b627ed57-0145-425b-a67d-9f2c3a898cc9" />
      <TestMethod codeBase="c:\Users\Bruce\source\repos\Jarvis Assistant MK2\JarvisAssistant.UnitTests\bin\Debug\net8.0\JarvisAssistant.UnitTests.dll" adapterTypeName="executor://xunit/VsTestRunner2/netcoreapp" className="JarvisAssistant.UnitTests.UI.MAUIStatusPanelUITests" name="StatusPanelViewModel_Commands_ShouldBeExecutable" />
    </UnitTest>
    <UnitTest name="JarvisAssistant.UnitTests.Services.ErrorHandlingServiceTests.HandleErrorAsync_WithValidErrorInfo_ShouldLogError" storage="c:\users\bruce\source\repos\jarvis assistant mk2\jarvisassistant.unittests\bin\debug\net8.0\jarvisassistant.unittests.dll" id="895c5da9-8ae5-4a78-1aed-bb1cfe844055">
      <Execution id="09829e93-6cee-43a9-9af6-e568965915c6" />
      <TestMethod codeBase="c:\Users\Bruce\source\repos\Jarvis Assistant MK2\JarvisAssistant.UnitTests\bin\Debug\net8.0\JarvisAssistant.UnitTests.dll" adapterTypeName="executor://xunit/VsTestRunner2/netcoreapp" className="JarvisAssistant.UnitTests.Services.ErrorHandlingServiceTests" name="HandleErrorAsync_WithValidErrorInfo_ShouldLogError" />
    </UnitTest>
    <UnitTest name="JarvisAssistant.UnitTests.Services.PlatformServiceTests.PlatformTypeEnum_ShouldHaveAllExpectedValues" storage="c:\users\bruce\source\repos\jarvis assistant mk2\jarvisassistant.unittests\bin\debug\net8.0\jarvisassistant.unittests.dll" id="bda6bdfd-dd29-ad56-bd78-c543f819533d">
      <Execution id="3de6fa52-e68b-48b4-adf1-ea55458d8f9d" />
      <TestMethod codeBase="c:\Users\Bruce\source\repos\Jarvis Assistant MK2\JarvisAssistant.UnitTests\bin\Debug\net8.0\JarvisAssistant.UnitTests.dll" adapterTypeName="executor://xunit/VsTestRunner2/netcoreapp" className="JarvisAssistant.UnitTests.Services.PlatformServiceTests" name="PlatformTypeEnum_ShouldHaveAllExpectedValues" />
    </UnitTest>
    <UnitTest name="JarvisAssistant.UnitTests.Voice.VoiceCommandModelTests.VoiceCommandSource_AllValues_AreValid(source: Manual)" storage="c:\users\bruce\source\repos\jarvis assistant mk2\jarvisassistant.unittests\bin\debug\net8.0\jarvisassistant.unittests.dll" id="5dea3a7f-8056-342d-6765-9ce0d3481266">
      <Execution id="6d46050b-970d-478b-81b4-0ddac8c8663d" />
      <TestMethod codeBase="c:\Users\Bruce\source\repos\Jarvis Assistant MK2\JarvisAssistant.UnitTests\bin\Debug\net8.0\JarvisAssistant.UnitTests.dll" adapterTypeName="executor://xunit/VsTestRunner2/netcoreapp" className="JarvisAssistant.UnitTests.Voice.VoiceCommandModelTests" name="VoiceCommandSource_AllValues_AreValid" />
    </UnitTest>
    <UnitTest name="JarvisAssistant.UnitTests.Integration.VoiceConfigurationTests.ElevenLabsConfig_IsValid_WithInvalidConfig_ReturnsFalse(apiKey: &quot;key&quot;, voiceId: &quot;voice&quot;, baseUrl: &quot;https://api.elevenlabs.io&quot;, timeoutSeconds: 30, maxRetryAttempts: -1, expected: False)" storage="c:\users\bruce\source\repos\jarvis assistant mk2\jarvisassistant.unittests\bin\debug\net8.0\jarvisassistant.unittests.dll" id="a74d7e24-0f94-5c04-4f0f-ffc2ecb8e681">
      <Execution id="1547e6e1-bc70-41b7-95a4-90b648bd0bc4" />
      <TestMethod codeBase="c:\Users\Bruce\source\repos\Jarvis Assistant MK2\JarvisAssistant.UnitTests\bin\Debug\net8.0\JarvisAssistant.UnitTests.dll" adapterTypeName="executor://xunit/VsTestRunner2/netcoreapp" className="JarvisAssistant.UnitTests.Integration.VoiceConfigurationTests" name="ElevenLabsConfig_IsValid_WithInvalidConfig_ReturnsFalse" />
    </UnitTest>
    <UnitTest name="JarvisAssistant.UnitTests.Services.ErrorHandlingServiceTests.HandleErrorAsync_WithException_ShouldCreateErrorInfoAndLog" storage="c:\users\bruce\source\repos\jarvis assistant mk2\jarvisassistant.unittests\bin\debug\net8.0\jarvisassistant.unittests.dll" id="5e71566f-9589-f106-c203-a6068921143f">
      <Execution id="304a8379-2b38-4c56-9bb2-56f29490bda5" />
      <TestMethod codeBase="c:\Users\Bruce\source\repos\Jarvis Assistant MK2\JarvisAssistant.UnitTests\bin\Debug\net8.0\JarvisAssistant.UnitTests.dll" adapterTypeName="executor://xunit/VsTestRunner2/netcoreapp" className="JarvisAssistant.UnitTests.Services.ErrorHandlingServiceTests" name="HandleErrorAsync_WithException_ShouldCreateErrorInfoAndLog" />
    </UnitTest>
    <UnitTest name="JarvisAssistant.UnitTests.Services.LLM.OllamaClientTests.Constructor_WithNullLogger_ThrowsArgumentNullException" storage="c:\users\bruce\source\repos\jarvis assistant mk2\jarvisassistant.unittests\bin\debug\net8.0\jarvisassistant.unittests.dll" id="13f0fa6b-c51b-c0d0-a605-c4df9c2a1b13">
      <Execution id="beeb0eb9-f045-4726-b50c-c7e8ae05cee3" />
      <TestMethod codeBase="c:\Users\Bruce\source\repos\Jarvis Assistant MK2\JarvisAssistant.UnitTests\bin\Debug\net8.0\JarvisAssistant.UnitTests.dll" adapterTypeName="executor://xunit/VsTestRunner2/netcoreapp" className="JarvisAssistant.UnitTests.Services.LLM.OllamaClientTests" name="Constructor_WithNullLogger_ThrowsArgumentNullException" />
    </UnitTest>
    <UnitTest name="JarvisAssistant.UnitTests.UI.MAUIStatusPanelUITests.StatusPanel_PlatformInput_ShouldWork(platform: &quot;WinUI&quot;, inputMethod: &quot;Mouse&quot;)" storage="c:\users\bruce\source\repos\jarvis assistant mk2\jarvisassistant.unittests\bin\debug\net8.0\jarvisassistant.unittests.dll" id="a0a031fd-7c6a-a77e-5a35-cea19411c997">
      <Execution id="4e400636-3bb7-41ab-ac85-34d3cabfc8a7" />
      <TestMethod codeBase="c:\Users\Bruce\source\repos\Jarvis Assistant MK2\JarvisAssistant.UnitTests\bin\Debug\net8.0\JarvisAssistant.UnitTests.dll" adapterTypeName="executor://xunit/VsTestRunner2/netcoreapp" className="JarvisAssistant.UnitTests.UI.MAUIStatusPanelUITests" name="StatusPanel_PlatformInput_ShouldWork" />
    </UnitTest>
    <UnitTest name="JarvisAssistant.UnitTests.Voice.VoiceCommandModelTests.VoiceCommandType_AllValues_AreValid(type: Chat)" storage="c:\users\bruce\source\repos\jarvis assistant mk2\jarvisassistant.unittests\bin\debug\net8.0\jarvisassistant.unittests.dll" id="0a599817-ef22-4910-aaf1-34f9891809fd">
      <Execution id="3bc30657-2dbf-4877-b780-5785671018b3" />
      <TestMethod codeBase="c:\Users\Bruce\source\repos\Jarvis Assistant MK2\JarvisAssistant.UnitTests\bin\Debug\net8.0\JarvisAssistant.UnitTests.dll" adapterTypeName="executor://xunit/VsTestRunner2/netcoreapp" className="JarvisAssistant.UnitTests.Voice.VoiceCommandModelTests" name="VoiceCommandType_AllValues_AreValid" />
    </UnitTest>
    <UnitTest name="JarvisAssistant.UnitTests.Voice.VoiceModeManagerTests.DisableVoiceModeAsync_WhenToggleModeAndActive_ReturnsTrue" storage="c:\users\bruce\source\repos\jarvis assistant mk2\jarvisassistant.unittests\bin\debug\net8.0\jarvisassistant.unittests.dll" id="273234ad-6f46-6eec-9e4b-d93418d754ac">
      <Execution id="4dea8414-8a6d-4c6c-9d81-9187e9c1e951" />
      <TestMethod codeBase="c:\Users\Bruce\source\repos\Jarvis Assistant MK2\JarvisAssistant.UnitTests\bin\Debug\net8.0\JarvisAssistant.UnitTests.dll" adapterTypeName="executor://xunit/VsTestRunner2/netcoreapp" className="JarvisAssistant.UnitTests.Voice.VoiceModeManagerTests" name="DisableVoiceModeAsync_WhenToggleModeAndActive_ReturnsTrue" />
    </UnitTest>
    <UnitTest name="JarvisAssistant.UnitTests.Integration.ElevenLabsVoiceIntegrationTests.VoiceService_WithFallback_HandlesFailureGracefully" storage="c:\users\bruce\source\repos\jarvis assistant mk2\jarvisassistant.unittests\bin\debug\net8.0\jarvisassistant.unittests.dll" id="86c7887c-1904-6ad3-89d6-e5c376a12d35">
      <Execution id="d934cb74-ad1e-4c46-a2e9-2ec0746f01bc" />
      <TestMethod codeBase="c:\Users\Bruce\source\repos\Jarvis Assistant MK2\JarvisAssistant.UnitTests\bin\Debug\net8.0\JarvisAssistant.UnitTests.dll" adapterTypeName="executor://xunit/VsTestRunner2/netcoreapp" className="JarvisAssistant.UnitTests.Integration.ElevenLabsVoiceIntegrationTests" name="VoiceService_WithFallback_HandlesFailureGracefully" />
    </UnitTest>
    <UnitTest name="JarvisAssistant.UnitTests.UI.MAUIUIIntegrationTests.Platform_StatusPanel_ShouldWorkOnAllPlatforms(platform: &quot;WinUI&quot;)" storage="c:\users\bruce\source\repos\jarvis assistant mk2\jarvisassistant.unittests\bin\debug\net8.0\jarvisassistant.unittests.dll" id="55d1c255-6974-b309-4d97-e30d23a35f71">
      <Execution id="2b7f13b1-d462-41c4-83a1-7077769c2ce4" />
      <TestMethod codeBase="c:\Users\Bruce\source\repos\Jarvis Assistant MK2\JarvisAssistant.UnitTests\bin\Debug\net8.0\JarvisAssistant.UnitTests.dll" adapterTypeName="executor://xunit/VsTestRunner2/netcoreapp" className="JarvisAssistant.UnitTests.UI.MAUIUIIntegrationTests" name="Platform_StatusPanel_ShouldWorkOnAllPlatforms" />
    </UnitTest>
    <UnitTest name="JarvisAssistant.UnitTests.Core.Converters.ConverterLogicTests.MessageTypeToIcon_ShouldReturnCorrectIcons(messageType: Code, expectedIcon: &quot;??&quot;)" storage="c:\users\bruce\source\repos\jarvis assistant mk2\jarvisassistant.unittests\bin\debug\net8.0\jarvisassistant.unittests.dll" id="2ef6c8a8-2bbc-1dab-9dc1-0eb3acc967d0">
      <Execution id="cad03515-0abb-493f-ba66-b91e86035736" />
      <TestMethod codeBase="c:\Users\Bruce\source\repos\Jarvis Assistant MK2\JarvisAssistant.UnitTests\bin\Debug\net8.0\JarvisAssistant.UnitTests.dll" adapterTypeName="executor://xunit/VsTestRunner2/netcoreapp" className="JarvisAssistant.UnitTests.Core.Converters.ConverterLogicTests" name="MessageTypeToIcon_ShouldReturnCorrectIcons" />
    </UnitTest>
    <UnitTest name="JarvisAssistant.UnitTests.Services.LLM.PersonalityServiceTests.GetContextualGreeting_WithValidQueryType_ReturnsGreeting(queryType: General)" storage="c:\users\bruce\source\repos\jarvis assistant mk2\jarvisassistant.unittests\bin\debug\net8.0\jarvisassistant.unittests.dll" id="8daed424-cd41-5be1-b19f-cff60eb90216">
      <Execution id="1b885d1e-cb8b-43a4-bdff-1332fdc28d85" />
      <TestMethod codeBase="c:\Users\Bruce\source\repos\Jarvis Assistant MK2\JarvisAssistant.UnitTests\bin\Debug\net8.0\JarvisAssistant.UnitTests.dll" adapterTypeName="executor://xunit/VsTestRunner2/netcoreapp" className="JarvisAssistant.UnitTests.Services.LLM.PersonalityServiceTests" name="GetContextualGreeting_WithValidQueryType_ReturnsGreeting" />
    </UnitTest>
    <UnitTest name="JarvisAssistant.UnitTests.Voice.VoiceCommandModelTests.VoiceCommand_WithClassification_WithNullParameters_UsesEmptyDictionary" storage="c:\users\bruce\source\repos\jarvis assistant mk2\jarvisassistant.unittests\bin\debug\net8.0\jarvisassistant.unittests.dll" id="036d2330-6e5a-027b-80fb-c7e9030aeee6">
      <Execution id="28df5c9e-5e38-4115-8867-e66cf41b2c73" />
      <TestMethod codeBase="c:\Users\Bruce\source\repos\Jarvis Assistant MK2\JarvisAssistant.UnitTests\bin\Debug\net8.0\JarvisAssistant.UnitTests.dll" adapterTypeName="executor://xunit/VsTestRunner2/netcoreapp" className="JarvisAssistant.UnitTests.Voice.VoiceCommandModelTests" name="VoiceCommand_WithClassification_WithNullParameters_UsesEmptyDictionary" />
    </UnitTest>
    <UnitTest name="JarvisAssistant.UnitTests.Services.LLM.LLMErrorHandlerTests.ProcessException_SocketException_ConnectionRefused_HasCorrectSuggestion" storage="c:\users\bruce\source\repos\jarvis assistant mk2\jarvisassistant.unittests\bin\debug\net8.0\jarvisassistant.unittests.dll" id="a472564c-9818-bb8c-f8e6-d31ebb85acaa">
      <Execution id="ccaa52dc-191e-4946-97bc-8cc784d41616" />
      <TestMethod codeBase="c:\Users\Bruce\source\repos\Jarvis Assistant MK2\JarvisAssistant.UnitTests\bin\Debug\net8.0\JarvisAssistant.UnitTests.dll" adapterTypeName="executor://xunit/VsTestRunner2/netcoreapp" className="JarvisAssistant.UnitTests.Services.LLM.LLMErrorHandlerTests" name="ProcessException_SocketException_ConnectionRefused_HasCorrectSuggestion" />
    </UnitTest>
    <UnitTest name="JarvisAssistant.UnitTests.Services.ErrorHandlingServiceTests.LogErrorAsync_WithDifferentSeverities_ShouldUseCorrectLogLevel(severity: Info, expectedLogLevel: Information)" storage="c:\users\bruce\source\repos\jarvis assistant mk2\jarvisassistant.unittests\bin\debug\net8.0\jarvisassistant.unittests.dll" id="ee0ce7e5-7f3c-1152-cec3-26426fb3878b">
      <Execution id="9b684f5c-3e8d-440b-9f06-9ee8c46037c2" />
      <TestMethod codeBase="c:\Users\Bruce\source\repos\Jarvis Assistant MK2\JarvisAssistant.UnitTests\bin\Debug\net8.0\JarvisAssistant.UnitTests.dll" adapterTypeName="executor://xunit/VsTestRunner2/netcoreapp" className="JarvisAssistant.UnitTests.Services.ErrorHandlingServiceTests" name="LogErrorAsync_WithDifferentSeverities_ShouldUseCorrectLogLevel" />
    </UnitTest>
    <UnitTest name="JarvisAssistant.UnitTests.Services.ThemeManagerTests.LoadThemeResourcesAsync_AnyTheme_ShouldCompleteSuccessfully(theme: Dark)" storage="c:\users\bruce\source\repos\jarvis assistant mk2\jarvisassistant.unittests\bin\debug\net8.0\jarvisassistant.unittests.dll" id="8352c474-410b-e544-b2ef-515bbab598c2">
      <Execution id="ddfba693-22ae-462d-b7ec-a3e4c1914ee1" />
      <TestMethod codeBase="c:\Users\Bruce\source\repos\Jarvis Assistant MK2\JarvisAssistant.UnitTests\bin\Debug\net8.0\JarvisAssistant.UnitTests.dll" adapterTypeName="executor://xunit/VsTestRunner2/netcoreapp" className="JarvisAssistant.UnitTests.Services.ThemeManagerTests" name="LoadThemeResourcesAsync_AnyTheme_ShouldCompleteSuccessfully" />
    </UnitTest>
    <UnitTest name="JarvisAssistant.UnitTests.Services.LLM.LLMServerFailureTests.GenerateAsync_CancellationTimeout_ReturnsTimeoutError" storage="c:\users\bruce\source\repos\jarvis assistant mk2\jarvisassistant.unittests\bin\debug\net8.0\jarvisassistant.unittests.dll" id="0edbb503-a51b-c4b8-4c62-7c28eba84761">
      <Execution id="eda97be2-a6ba-490f-9f88-4ba7e9bbb43c" />
      <TestMethod codeBase="c:\Users\Bruce\source\repos\Jarvis Assistant MK2\JarvisAssistant.UnitTests\bin\Debug\net8.0\JarvisAssistant.UnitTests.dll" adapterTypeName="executor://xunit/VsTestRunner2/netcoreapp" className="JarvisAssistant.UnitTests.Services.LLM.LLMServerFailureTests" name="GenerateAsync_CancellationTimeout_ReturnsTimeoutError" />
    </UnitTest>
    <UnitTest name="JarvisAssistant.UnitTests.Voice.VoiceCommandProcessorTests.ClassifyCommandAsync_WithValidCommands_ClassifiesCorrectly(commandText: &quot;analyze this&quot;, expectedType: Analyze)" storage="c:\users\bruce\source\repos\jarvis assistant mk2\jarvisassistant.unittests\bin\debug\net8.0\jarvisassistant.unittests.dll" id="f4756100-4823-587a-d764-9e198258cd89">
      <Execution id="54c24743-dee6-41a1-b196-e0b2d9259f66" />
      <TestMethod codeBase="c:\Users\Bruce\source\repos\Jarvis Assistant MK2\JarvisAssistant.UnitTests\bin\Debug\net8.0\JarvisAssistant.UnitTests.dll" adapterTypeName="executor://xunit/VsTestRunner2/netcoreapp" className="JarvisAssistant.UnitTests.Voice.VoiceCommandProcessorTests" name="ClassifyCommandAsync_WithValidCommands_ClassifiesCorrectly" />
    </UnitTest>
    <UnitTest name="JarvisAssistant.UnitTests.Integration.ElevenLabsVoiceIntegrationTests.ValidateElevenLabsService_WithInvalidKey_ReturnsFalse" storage="c:\users\bruce\source\repos\jarvis assistant mk2\jarvisassistant.unittests\bin\debug\net8.0\jarvisassistant.unittests.dll" id="1eaf9e3e-d781-5110-7aab-119bfa4a7fe5">
      <Execution id="b26b77de-dfc3-4bbe-a025-d9ed83969967" />
      <TestMethod codeBase="c:\Users\Bruce\source\repos\Jarvis Assistant MK2\JarvisAssistant.UnitTests\bin\Debug\net8.0\JarvisAssistant.UnitTests.dll" adapterTypeName="executor://xunit/VsTestRunner2/netcoreapp" className="JarvisAssistant.UnitTests.Integration.ElevenLabsVoiceIntegrationTests" name="ValidateElevenLabsService_WithInvalidKey_ReturnsFalse" />
    </UnitTest>
    <UnitTest name="JarvisAssistant.UnitTests.Services.MauiThemeManagerTests.SwitchThemeAsync_AllThemes_ShouldSucceed(theme: Desktop)" storage="c:\users\bruce\source\repos\jarvis assistant mk2\jarvisassistant.unittests\bin\debug\net8.0\jarvisassistant.unittests.dll" id="5c9ba398-e638-1150-e841-8cb2041f180c">
      <Execution id="10dc1ebb-983e-4943-9c0e-d9624a992016" />
      <TestMethod codeBase="c:\Users\Bruce\source\repos\Jarvis Assistant MK2\JarvisAssistant.UnitTests\bin\Debug\net8.0\JarvisAssistant.UnitTests.dll" adapterTypeName="executor://xunit/VsTestRunner2/netcoreapp" className="JarvisAssistant.UnitTests.Services.MauiThemeManagerTests" name="SwitchThemeAsync_AllThemes_ShouldSucceed" />
    </UnitTest>
    <UnitTest name="JarvisAssistant.UnitTests.Core.Converters.ConverterLogicTests.MessageTypeToColorHex_ShouldReturnCorrectColors(messageType: Voice, expectedColor: &quot;#00E5FF&quot;)" storage="c:\users\bruce\source\repos\jarvis assistant mk2\jarvisassistant.unittests\bin\debug\net8.0\jarvisassistant.unittests.dll" id="f2823219-5eab-891e-0b48-1085d282906e">
      <Execution id="a85943c8-9a70-43b7-a427-997d2a86f23b" />
      <TestMethod codeBase="c:\Users\Bruce\source\repos\Jarvis Assistant MK2\JarvisAssistant.UnitTests\bin\Debug\net8.0\JarvisAssistant.UnitTests.dll" adapterTypeName="executor://xunit/VsTestRunner2/netcoreapp" className="JarvisAssistant.UnitTests.Core.Converters.ConverterLogicTests" name="MessageTypeToColorHex_ShouldReturnCorrectColors" />
    </UnitTest>
    <UnitTest name="JarvisAssistant.UnitTests.Services.MauiThemeManagerTests.SwitchThemeAsync_AllThemes_ShouldSucceed(theme: TV)" storage="c:\users\bruce\source\repos\jarvis assistant mk2\jarvisassistant.unittests\bin\debug\net8.0\jarvisassistant.unittests.dll" id="8665b816-63cb-922a-bc68-917368f22947">
      <Execution id="b67b70e4-e071-40c3-ae46-960f60afe4c4" />
      <TestMethod codeBase="c:\Users\Bruce\source\repos\Jarvis Assistant MK2\JarvisAssistant.UnitTests\bin\Debug\net8.0\JarvisAssistant.UnitTests.dll" adapterTypeName="executor://xunit/VsTestRunner2/netcoreapp" className="JarvisAssistant.UnitTests.Services.MauiThemeManagerTests" name="SwitchThemeAsync_AllThemes_ShouldSucceed" />
    </UnitTest>
    <UnitTest name="JarvisAssistant.UnitTests.Integration.LiveOllamaConnectionTests.LiveConnection_CheckSpecificModel_ShouldReportAvailability(modelName: &quot;llama3.2&quot;)" storage="c:\users\bruce\source\repos\jarvis assistant mk2\jarvisassistant.unittests\bin\debug\net8.0\jarvisassistant.unittests.dll" id="84777f2a-a169-7113-edc8-b29ec0118eb9">
      <Execution id="7fc36f09-71e5-4559-b6a2-675ecd8f18dc" />
      <TestMethod codeBase="c:\Users\Bruce\source\repos\Jarvis Assistant MK2\JarvisAssistant.UnitTests\bin\Debug\net8.0\JarvisAssistant.UnitTests.dll" adapterTypeName="executor://xunit/VsTestRunner2/netcoreapp" className="JarvisAssistant.UnitTests.Integration.LiveOllamaConnectionTests" name="LiveConnection_CheckSpecificModel_ShouldReportAvailability" />
    </UnitTest>
    <UnitTest name="JarvisAssistant.UnitTests.Voice.GoogleTVVoiceHandlerTests.HandleKeyEvent_WithKeyUpAction_ReturnsFalse" storage="c:\users\bruce\source\repos\jarvis assistant mk2\jarvisassistant.unittests\bin\debug\net8.0\jarvisassistant.unittests.dll" id="eaa5dc75-e8a8-e7fe-f053-b33d98083d31">
      <Execution id="e236b9f4-554c-422e-ab36-6e29b76e6bba" />
      <TestMethod codeBase="c:\Users\Bruce\source\repos\Jarvis Assistant MK2\JarvisAssistant.UnitTests\bin\Debug\net8.0\JarvisAssistant.UnitTests.dll" adapterTypeName="executor://xunit/VsTestRunner2/netcoreapp" className="JarvisAssistant.UnitTests.Voice.GoogleTVVoiceHandlerTests" name="HandleKeyEvent_WithKeyUpAction_ReturnsFalse" />
    </UnitTest>
    <UnitTest name="JarvisAssistant.UnitTests.Services.RateLimitServiceTests.CanMakeRequestAsync_ExceedsRequestLimit_ReturnsFalse" storage="c:\users\bruce\source\repos\jarvis assistant mk2\jarvisassistant.unittests\bin\debug\net8.0\jarvisassistant.unittests.dll" id="9c52a160-4b42-fa6e-e560-9ff72f89208a">
      <Execution id="89a034be-779d-4886-9893-958915d3986f" />
      <TestMethod codeBase="c:\Users\Bruce\source\repos\Jarvis Assistant MK2\JarvisAssistant.UnitTests\bin\Debug\net8.0\JarvisAssistant.UnitTests.dll" adapterTypeName="executor://xunit/VsTestRunner2/netcoreapp" className="JarvisAssistant.UnitTests.Services.RateLimitServiceTests" name="CanMakeRequestAsync_ExceedsRequestLimit_ReturnsFalse" />
    </UnitTest>
    <UnitTest name="JarvisAssistant.UnitTests.Services.StatusMonitorServiceTests.StopMonitoringAsync_WithMonitoredService_StopsMonitoring" storage="c:\users\bruce\source\repos\jarvis assistant mk2\jarvisassistant.unittests\bin\debug\net8.0\jarvisassistant.unittests.dll" id="55ce5713-1118-d2a9-f0a4-efa80b5275e2">
      <Execution id="f19c426e-53b4-4870-b256-96be52c2a1c3" />
      <TestMethod codeBase="c:\Users\Bruce\source\repos\Jarvis Assistant MK2\JarvisAssistant.UnitTests\bin\Debug\net8.0\JarvisAssistant.UnitTests.dll" adapterTypeName="executor://xunit/VsTestRunner2/netcoreapp" className="JarvisAssistant.UnitTests.Services.StatusMonitorServiceTests" name="StopMonitoringAsync_WithMonitoredService_StopsMonitoring" />
    </UnitTest>
    <UnitTest name="JarvisAssistant.UnitTests.Services.ElevenLabsVoiceServiceTests.GenerateSpeechAsync_WithCachedAudio_ReturnsCachedData" storage="c:\users\bruce\source\repos\jarvis assistant mk2\jarvisassistant.unittests\bin\debug\net8.0\jarvisassistant.unittests.dll" id="71ef5f25-492d-fb00-d387-9e4a766f1b75">
      <Execution id="f41e9ba0-5028-4503-9381-f755e3844db2" />
      <TestMethod codeBase="c:\Users\Bruce\source\repos\Jarvis Assistant MK2\JarvisAssistant.UnitTests\bin\Debug\net8.0\JarvisAssistant.UnitTests.dll" adapterTypeName="executor://xunit/VsTestRunner2/netcoreapp" className="JarvisAssistant.UnitTests.Services.ElevenLabsVoiceServiceTests" name="GenerateSpeechAsync_WithCachedAudio_ReturnsCachedData" />
    </UnitTest>
    <UnitTest name="JarvisAssistant.UnitTests.Voice.VoiceCommandModelTests.VoiceCommand_IsValid_WithInvalidData_ReturnsFalse(text: &quot;test&quot;, confidence: 0.800000012, type: Unknown)" storage="c:\users\bruce\source\repos\jarvis assistant mk2\jarvisassistant.unittests\bin\debug\net8.0\jarvisassistant.unittests.dll" id="8d573fd2-43fb-ae22-9935-f5b9cd3b5082">
      <Execution id="18ab5625-23db-4b57-8455-6be8c0942aa6" />
      <TestMethod codeBase="c:\Users\Bruce\source\repos\Jarvis Assistant MK2\JarvisAssistant.UnitTests\bin\Debug\net8.0\JarvisAssistant.UnitTests.dll" adapterTypeName="executor://xunit/VsTestRunner2/netcoreapp" className="JarvisAssistant.UnitTests.Voice.VoiceCommandModelTests" name="VoiceCommand_IsValid_WithInvalidData_ReturnsFalse" />
    </UnitTest>
    <UnitTest name="JarvisAssistant.UnitTests.Services.ErrorHandlingServiceTests.LogErrorAsync_WithDifferentSeverities_ShouldUseCorrectLogLevel(severity: Error, expectedLogLevel: Error)" storage="c:\users\bruce\source\repos\jarvis assistant mk2\jarvisassistant.unittests\bin\debug\net8.0\jarvisassistant.unittests.dll" id="e5708d48-6ecf-5011-4b18-ad67a20fdfda">
      <Execution id="62a38ff9-55d5-4a29-b788-3af34df10f78" />
      <TestMethod codeBase="c:\Users\Bruce\source\repos\Jarvis Assistant MK2\JarvisAssistant.UnitTests\bin\Debug\net8.0\JarvisAssistant.UnitTests.dll" adapterTypeName="executor://xunit/VsTestRunner2/netcoreapp" className="JarvisAssistant.UnitTests.Services.ErrorHandlingServiceTests" name="LogErrorAsync_WithDifferentSeverities_ShouldUseCorrectLogLevel" />
    </UnitTest>
    <UnitTest name="JarvisAssistant.UnitTests.Services.LLM.LLMErrorHandlerTests.ProcessException_HttpRequestException_RateLimit_ReturnsCorrectErrorCode(exceptionMessage: &quot;HTTP 429 Too Many Requests&quot;, expectedErrorCode: &quot;LLM-HTTP-429-001&quot;)" storage="c:\users\bruce\source\repos\jarvis assistant mk2\jarvisassistant.unittests\bin\debug\net8.0\jarvisassistant.unittests.dll" id="09e95e76-dcb6-1f6b-f4ad-c7de6d937de5">
      <Execution id="38be6d15-8f56-4fb1-80ee-c578440c5acb" />
      <TestMethod codeBase="c:\Users\Bruce\source\repos\Jarvis Assistant MK2\JarvisAssistant.UnitTests\bin\Debug\net8.0\JarvisAssistant.UnitTests.dll" adapterTypeName="executor://xunit/VsTestRunner2/netcoreapp" className="JarvisAssistant.UnitTests.Services.LLM.LLMErrorHandlerTests" name="ProcessException_HttpRequestException_RateLimit_ReturnsCorrectErrorCode" />
    </UnitTest>
    <UnitTest name="JarvisAssistant.UnitTests.Voice.VoiceServiceStatusTests.VoiceServiceHealthChecker_Should_Identify_StubVoiceService" storage="c:\users\bruce\source\repos\jarvis assistant mk2\jarvisassistant.unittests\bin\debug\net8.0\jarvisassistant.unittests.dll" id="136c603b-cc7c-5608-7f3e-59432e38d7f0">
      <Execution id="0b4c800b-83e1-47d7-ac2a-803972462893" />
      <TestMethod codeBase="c:\Users\Bruce\source\repos\Jarvis Assistant MK2\JarvisAssistant.UnitTests\bin\Debug\net8.0\JarvisAssistant.UnitTests.dll" adapterTypeName="executor://xunit/VsTestRunner2/netcoreapp" className="JarvisAssistant.UnitTests.Voice.VoiceServiceStatusTests" name="VoiceServiceHealthChecker_Should_Identify_StubVoiceService" />
    </UnitTest>
    <UnitTest name="JarvisAssistant.UnitTests.Voice.GoogleTVVoiceHandlerTests.HandleKeyEvent_WithVariousKeyCodes_ReturnsExpectedResult(keyCode: VoiceAssist, expectedHandled: True)" storage="c:\users\bruce\source\repos\jarvis assistant mk2\jarvisassistant.unittests\bin\debug\net8.0\jarvisassistant.unittests.dll" id="099562f8-082d-0ddf-f0d9-2463f66b2cd3">
      <Execution id="af97035d-10e7-4c26-a45b-725ee9353770" />
      <TestMethod codeBase="c:\Users\Bruce\source\repos\Jarvis Assistant MK2\JarvisAssistant.UnitTests\bin\Debug\net8.0\JarvisAssistant.UnitTests.dll" adapterTypeName="executor://xunit/VsTestRunner2/netcoreapp" className="JarvisAssistant.UnitTests.Voice.GoogleTVVoiceHandlerTests" name="HandleKeyEvent_WithVariousKeyCodes_ReturnsExpectedResult" />
    </UnitTest>
    <UnitTest name="JarvisAssistant.UnitTests.UI.ConceptualMainPageUITests.ButtonInput_ShouldWorkAcrossAllInputMethods(inputMethod: &quot;Mouse Click&quot;)" storage="c:\users\bruce\source\repos\jarvis assistant mk2\jarvisassistant.unittests\bin\debug\net8.0\jarvisassistant.unittests.dll" id="040e9b3f-f25e-3ed6-bf96-89aee638be9e">
      <Execution id="2ccf5f63-000a-4e9e-91f5-926d91f81fd6" />
      <TestMethod codeBase="c:\Users\Bruce\source\repos\Jarvis Assistant MK2\JarvisAssistant.UnitTests\bin\Debug\net8.0\JarvisAssistant.UnitTests.dll" adapterTypeName="executor://xunit/VsTestRunner2/netcoreapp" className="JarvisAssistant.UnitTests.UI.ConceptualMainPageUITests" name="ButtonInput_ShouldWorkAcrossAllInputMethods" />
    </UnitTest>
    <UnitTest name="JarvisAssistant.UnitTests.Voice.VoiceCommandModelTests.VoiceCommandType_AllValues_AreValid(type: Help)" storage="c:\users\bruce\source\repos\jarvis assistant mk2\jarvisassistant.unittests\bin\debug\net8.0\jarvisassistant.unittests.dll" id="625f9d65-17fd-a928-42e0-b3dcca462e96">
      <Execution id="468cc442-1cb4-42ae-bbef-02adebfc81d5" />
      <TestMethod codeBase="c:\Users\Bruce\source\repos\Jarvis Assistant MK2\JarvisAssistant.UnitTests\bin\Debug\net8.0\JarvisAssistant.UnitTests.dll" adapterTypeName="executor://xunit/VsTestRunner2/netcoreapp" className="JarvisAssistant.UnitTests.Voice.VoiceCommandModelTests" name="VoiceCommandType_AllValues_AreValid" />
    </UnitTest>
    <UnitTest name="JarvisAssistant.UnitTests.Services.LLM.LLMServerFailureTests.GenerateAsync_RetryAfterFailure_EventuallySucceeds" storage="c:\users\bruce\source\repos\jarvis assistant mk2\jarvisassistant.unittests\bin\debug\net8.0\jarvisassistant.unittests.dll" id="46770f4b-0fda-ff12-8bb3-52013465c413">
      <Execution id="2f8e643f-fd27-499b-9a3e-ad979c063b3d" />
      <TestMethod codeBase="c:\Users\Bruce\source\repos\Jarvis Assistant MK2\JarvisAssistant.UnitTests\bin\Debug\net8.0\JarvisAssistant.UnitTests.dll" adapterTypeName="executor://xunit/VsTestRunner2/netcoreapp" className="JarvisAssistant.UnitTests.Services.LLM.LLMServerFailureTests" name="GenerateAsync_RetryAfterFailure_EventuallySucceeds" />
    </UnitTest>
    <UnitTest name="JarvisAssistant.UnitTests.Services.AudioCacheServiceTests.GetCachedAudioAsync_WithNonExistentData_ReturnsNull" storage="c:\users\bruce\source\repos\jarvis assistant mk2\jarvisassistant.unittests\bin\debug\net8.0\jarvisassistant.unittests.dll" id="808f047d-0e3e-3a91-bd6c-9f3daeada9b7">
      <Execution id="19688ff6-c1c5-499b-af1a-b6c61a937b40" />
      <TestMethod codeBase="c:\Users\Bruce\source\repos\Jarvis Assistant MK2\JarvisAssistant.UnitTests\bin\Debug\net8.0\JarvisAssistant.UnitTests.dll" adapterTypeName="executor://xunit/VsTestRunner2/netcoreapp" className="JarvisAssistant.UnitTests.Services.AudioCacheServiceTests" name="GetCachedAudioAsync_WithNonExistentData_ReturnsNull" />
    </UnitTest>
    <UnitTest name="JarvisAssistant.UnitTests.Services.LLM.LLMErrorHandlerTests.LLMErrorMessages_GetErrorMessage_UnknownErrorCode_ReturnsDefaultMessage" storage="c:\users\bruce\source\repos\jarvis assistant mk2\jarvisassistant.unittests\bin\debug\net8.0\jarvisassistant.unittests.dll" id="e77b59a0-046a-1ff8-20b5-843501280539">
      <Execution id="161774f2-ef1a-441f-8dca-312c67f5e354" />
      <TestMethod codeBase="c:\Users\Bruce\source\repos\Jarvis Assistant MK2\JarvisAssistant.UnitTests\bin\Debug\net8.0\JarvisAssistant.UnitTests.dll" adapterTypeName="executor://xunit/VsTestRunner2/netcoreapp" className="JarvisAssistant.UnitTests.Services.LLM.LLMErrorHandlerTests" name="LLMErrorMessages_GetErrorMessage_UnknownErrorCode_ReturnsDefaultMessage" />
    </UnitTest>
    <UnitTest name="JarvisAssistant.UnitTests.Services.AudioCacheServiceTests.Dispose_DoesNotThrow" storage="c:\users\bruce\source\repos\jarvis assistant mk2\jarvisassistant.unittests\bin\debug\net8.0\jarvisassistant.unittests.dll" id="a0a1b2bb-00ae-7c67-ad25-91ceb5242e06">
      <Execution id="91f4184d-7921-4e76-9cfd-3198aed5f094" />
      <TestMethod codeBase="c:\Users\Bruce\source\repos\Jarvis Assistant MK2\JarvisAssistant.UnitTests\bin\Debug\net8.0\JarvisAssistant.UnitTests.dll" adapterTypeName="executor://xunit/VsTestRunner2/netcoreapp" className="JarvisAssistant.UnitTests.Services.AudioCacheServiceTests" name="Dispose_DoesNotThrow" />
    </UnitTest>
    <UnitTest name="JarvisAssistant.UnitTests.Voice.VoiceCommandModelTests.VoiceCommand_DefaultConstructor_SetsDefaultValues" storage="c:\users\bruce\source\repos\jarvis assistant mk2\jarvisassistant.unittests\bin\debug\net8.0\jarvisassistant.unittests.dll" id="bfcf6811-2856-4429-ea78-fd0c187ab4c5">
      <Execution id="dd77cfa8-7c57-4a4f-8d5a-fe91f40464c4" />
      <TestMethod codeBase="c:\Users\Bruce\source\repos\Jarvis Assistant MK2\JarvisAssistant.UnitTests\bin\Debug\net8.0\JarvisAssistant.UnitTests.dll" adapterTypeName="executor://xunit/VsTestRunner2/netcoreapp" className="JarvisAssistant.UnitTests.Voice.VoiceCommandModelTests" name="VoiceCommand_DefaultConstructor_SetsDefaultValues" />
    </UnitTest>
    <UnitTest name="JarvisAssistant.UnitTests.Core.Converters.ConverterLogicTests.MessageTypeToColorHex_ShouldReturnCorrectColors(messageType: Text, expectedColor: &quot;#4A148C&quot;)" storage="c:\users\bruce\source\repos\jarvis assistant mk2\jarvisassistant.unittests\bin\debug\net8.0\jarvisassistant.unittests.dll" id="aaee2795-aa87-def7-c587-e3538faa969c">
      <Execution id="ce7284e1-3d50-420e-ac4a-b8d68a36d11b" />
      <TestMethod codeBase="c:\Users\Bruce\source\repos\Jarvis Assistant MK2\JarvisAssistant.UnitTests\bin\Debug\net8.0\JarvisAssistant.UnitTests.dll" adapterTypeName="executor://xunit/VsTestRunner2/netcoreapp" className="JarvisAssistant.UnitTests.Core.Converters.ConverterLogicTests" name="MessageTypeToColorHex_ShouldReturnCorrectColors" />
    </UnitTest>
    <UnitTest name="JarvisAssistant.UnitTests.Voice.VoiceCommandProcessorTests.ClassifyCommandAsync_WithValidCommands_ClassifiesCorrectly(commandText: &quot;stop&quot;, expectedType: Stop)" storage="c:\users\bruce\source\repos\jarvis assistant mk2\jarvisassistant.unittests\bin\debug\net8.0\jarvisassistant.unittests.dll" id="8984542a-9ced-530b-1748-c83a5458d063">
      <Execution id="9741ab94-f1d9-444f-ad06-67e86da1a32b" />
      <TestMethod codeBase="c:\Users\Bruce\source\repos\Jarvis Assistant MK2\JarvisAssistant.UnitTests\bin\Debug\net8.0\JarvisAssistant.UnitTests.dll" adapterTypeName="executor://xunit/VsTestRunner2/netcoreapp" className="JarvisAssistant.UnitTests.Voice.VoiceCommandProcessorTests" name="ClassifyCommandAsync_WithValidCommands_ClassifiesCorrectly" />
    </UnitTest>
    <UnitTest name="JarvisAssistant.UnitTests.Services.PlatformServiceInterfaceTests.GetOptimalTheme_Logic_ShouldReturnExpectedThemes(platform: Windows, expectedTheme: Desktop)" storage="c:\users\bruce\source\repos\jarvis assistant mk2\jarvisassistant.unittests\bin\debug\net8.0\jarvisassistant.unittests.dll" id="6e798d5a-1ca0-6e8e-6bb6-6235a3494c25">
      <Execution id="561edf5d-7871-4cc7-ba78-01dfea09d764" />
      <TestMethod codeBase="c:\Users\Bruce\source\repos\Jarvis Assistant MK2\JarvisAssistant.UnitTests\bin\Debug\net8.0\JarvisAssistant.UnitTests.dll" adapterTypeName="executor://xunit/VsTestRunner2/netcoreapp" className="JarvisAssistant.UnitTests.Services.PlatformServiceInterfaceTests" name="GetOptimalTheme_Logic_ShouldReturnExpectedThemes" />
    </UnitTest>
    <UnitTest name="JarvisAssistant.UnitTests.UI.MAUIStatusPanelUITests.StatusPanel_PlatformInput_ShouldWork(platform: &quot;iOS&quot;, inputMethod: &quot;Touch&quot;)" storage="c:\users\bruce\source\repos\jarvis assistant mk2\jarvisassistant.unittests\bin\debug\net8.0\jarvisassistant.unittests.dll" id="69a21817-5b96-4a09-8f63-ea8e4f9a027b">
      <Execution id="43c99725-2bea-4e16-bf5d-f20b49e6ffb1" />
      <TestMethod codeBase="c:\Users\Bruce\source\repos\Jarvis Assistant MK2\JarvisAssistant.UnitTests\bin\Debug\net8.0\JarvisAssistant.UnitTests.dll" adapterTypeName="executor://xunit/VsTestRunner2/netcoreapp" className="JarvisAssistant.UnitTests.UI.MAUIStatusPanelUITests" name="StatusPanel_PlatformInput_ShouldWork" />
    </UnitTest>
    <UnitTest name="JarvisAssistant.UnitTests.Integration.VoiceConfigurationTests.VoiceSettings_CreateEmotionalSettings_ReturnsCorrectValues(emotion: &quot;concerned&quot;, expectedStability: 0.800000012, expectedSimilarity: 0.899999976, expectedStyle: 0.100000001, expectedRate: 0.800000012)" storage="c:\users\bruce\source\repos\jarvis assistant mk2\jarvisassistant.unittests\bin\debug\net8.0\jarvisassistant.unittests.dll" id="46bef208-5262-5088-fbfc-87fe845aeee6">
      <Execution id="b40c7646-708c-4964-80d5-27db058ad88d" />
      <TestMethod codeBase="c:\Users\Bruce\source\repos\Jarvis Assistant MK2\JarvisAssistant.UnitTests\bin\Debug\net8.0\JarvisAssistant.UnitTests.dll" adapterTypeName="executor://xunit/VsTestRunner2/netcoreapp" className="JarvisAssistant.UnitTests.Integration.VoiceConfigurationTests" name="VoiceSettings_CreateEmotionalSettings_ReturnsCorrectValues" />
    </UnitTest>
    <UnitTest name="JarvisAssistant.UnitTests.UI.InputBlockingRegressionTests.DOCUMENTATION_OriginalInputBlockingProblem" storage="c:\users\bruce\source\repos\jarvis assistant mk2\jarvisassistant.unittests\bin\debug\net8.0\jarvisassistant.unittests.dll" id="087dab74-db06-3ebd-ad0c-18f79c44295e">
      <Execution id="158a0a3f-4c9e-487f-a5a4-d9a8d7f2e669" />
      <TestMethod codeBase="c:\Users\Bruce\source\repos\Jarvis Assistant MK2\JarvisAssistant.UnitTests\bin\Debug\net8.0\JarvisAssistant.UnitTests.dll" adapterTypeName="executor://xunit/VsTestRunner2/netcoreapp" className="JarvisAssistant.UnitTests.UI.InputBlockingRegressionTests" name="DOCUMENTATION_OriginalInputBlockingProblem" />
    </UnitTest>
    <UnitTest name="JarvisAssistant.UnitTests.Core.Converters.ConverterLogicTests.PlatformMatches_WithMatchingPlatform_ShouldReturnTrue" storage="c:\users\bruce\source\repos\jarvis assistant mk2\jarvisassistant.unittests\bin\debug\net8.0\jarvisassistant.unittests.dll" id="22c9f5ea-9c33-b849-2209-0072fe0a92e2">
      <Execution id="afe6c1aa-87a3-414f-a305-84a86d25ea29" />
      <TestMethod codeBase="c:\Users\Bruce\source\repos\Jarvis Assistant MK2\JarvisAssistant.UnitTests\bin\Debug\net8.0\JarvisAssistant.UnitTests.dll" adapterTypeName="executor://xunit/VsTestRunner2/netcoreapp" className="JarvisAssistant.UnitTests.Core.Converters.ConverterLogicTests" name="PlatformMatches_WithMatchingPlatform_ShouldReturnTrue" />
    </UnitTest>
    <UnitTest name="JarvisAssistant.UnitTests.Voice.VoiceModeManagerTests.ConfigureWakeWordDetectionAsync_UpdatesSettings" storage="c:\users\bruce\source\repos\jarvis assistant mk2\jarvisassistant.unittests\bin\debug\net8.0\jarvisassistant.unittests.dll" id="d3b89e0d-0398-17fa-5a70-375411526283">
      <Execution id="60a768f0-dc54-4366-b6df-b1ab3ade0cda" />
      <TestMethod codeBase="c:\Users\Bruce\source\repos\Jarvis Assistant MK2\JarvisAssistant.UnitTests\bin\Debug\net8.0\JarvisAssistant.UnitTests.dll" adapterTypeName="executor://xunit/VsTestRunner2/netcoreapp" className="JarvisAssistant.UnitTests.Voice.VoiceModeManagerTests" name="ConfigureWakeWordDetectionAsync_UpdatesSettings" />
    </UnitTest>
    <UnitTest name="JarvisAssistant.UnitTests.UI.ConceptualMainPageUITests.ButtonInput_ShouldWorkAcrossAllInputMethods(inputMethod: &quot;Touch&quot;)" storage="c:\users\bruce\source\repos\jarvis assistant mk2\jarvisassistant.unittests\bin\debug\net8.0\jarvisassistant.unittests.dll" id="384bdbc9-c3fe-7f3a-aeae-4fe98a582e3d">
      <Execution id="0320852d-5213-47a9-830c-d460fd94f1a9" />
      <TestMethod codeBase="c:\Users\Bruce\source\repos\Jarvis Assistant MK2\JarvisAssistant.UnitTests\bin\Debug\net8.0\JarvisAssistant.UnitTests.dll" adapterTypeName="executor://xunit/VsTestRunner2/netcoreapp" className="JarvisAssistant.UnitTests.UI.ConceptualMainPageUITests" name="ButtonInput_ShouldWorkAcrossAllInputMethods" />
    </UnitTest>
    <UnitTest name="JarvisAssistant.UnitTests.Services.LLM.LLMErrorHandlerTests.ProcessException_UnknownException_ReturnsGenericError" storage="c:\users\bruce\source\repos\jarvis assistant mk2\jarvisassistant.unittests\bin\debug\net8.0\jarvisassistant.unittests.dll" id="2766c64a-3dc6-5239-981e-1e0c22926ec8">
      <Execution id="a0dcec1f-37a2-4293-a43e-2ae92b81a8e8" />
      <TestMethod codeBase="c:\Users\Bruce\source\repos\Jarvis Assistant MK2\JarvisAssistant.UnitTests\bin\Debug\net8.0\JarvisAssistant.UnitTests.dll" adapterTypeName="executor://xunit/VsTestRunner2/netcoreapp" className="JarvisAssistant.UnitTests.Services.LLM.LLMErrorHandlerTests" name="ProcessException_UnknownException_ReturnsGenericError" />
    </UnitTest>
    <UnitTest name="JarvisAssistant.UnitTests.Services.ServiceHealthCheckerTests.CheckServiceHealthAsync_WithDifferentResponseTimes_ReturnsExpectedState(delayMs: 150, expectedState: Degraded)" storage="c:\users\bruce\source\repos\jarvis assistant mk2\jarvisassistant.unittests\bin\debug\net8.0\jarvisassistant.unittests.dll" id="9d2402bc-2dd0-82b4-fd55-e43e8cb3b809">
      <Execution id="acb8e4c5-b7af-4a66-8be5-36bc6440a5c4" />
      <TestMethod codeBase="c:\Users\Bruce\source\repos\Jarvis Assistant MK2\JarvisAssistant.UnitTests\bin\Debug\net8.0\JarvisAssistant.UnitTests.dll" adapterTypeName="executor://xunit/VsTestRunner2/netcoreapp" className="JarvisAssistant.UnitTests.Services.ServiceHealthCheckerTests" name="CheckServiceHealthAsync_WithDifferentResponseTimes_ReturnsExpectedState" />
    </UnitTest>
    <UnitTest name="JarvisAssistant.UnitTests.Core.Converters.ConverterLogicTests.InvertBool_ShouldInvertBooleanValues" storage="c:\users\bruce\source\repos\jarvis assistant mk2\jarvisassistant.unittests\bin\debug\net8.0\jarvisassistant.unittests.dll" id="44900182-667c-e967-53a7-6b6fb5197728">
      <Execution id="5dc91fb6-e4fe-4f4d-8217-a514b3e576c9" />
      <TestMethod codeBase="c:\Users\Bruce\source\repos\Jarvis Assistant MK2\JarvisAssistant.UnitTests\bin\Debug\net8.0\JarvisAssistant.UnitTests.dll" adapterTypeName="executor://xunit/VsTestRunner2/netcoreapp" className="JarvisAssistant.UnitTests.Core.Converters.ConverterLogicTests" name="InvertBool_ShouldInvertBooleanValues" />
    </UnitTest>
    <UnitTest name="JarvisAssistant.UnitTests.Services.ThemeManagerTests.CurrentTheme_Initially_ShouldBeSystem" storage="c:\users\bruce\source\repos\jarvis assistant mk2\jarvisassistant.unittests\bin\debug\net8.0\jarvisassistant.unittests.dll" id="afd66f2f-770e-915b-666e-fdb88c55e5db">
      <Execution id="90e20103-5cad-4b06-a61a-28b6c74e4769" />
      <TestMethod codeBase="c:\Users\Bruce\source\repos\Jarvis Assistant MK2\JarvisAssistant.UnitTests\bin\Debug\net8.0\JarvisAssistant.UnitTests.dll" adapterTypeName="executor://xunit/VsTestRunner2/netcoreapp" className="JarvisAssistant.UnitTests.Services.ThemeManagerTests" name="CurrentTheme_Initially_ShouldBeSystem" />
    </UnitTest>
    <UnitTest name="JarvisAssistant.UnitTests.Voice.VoiceCommandProcessorTests.ClassifyCommandAsync_WithInvalidInput_ReturnsUnknownType(commandText: &quot;&quot;)" storage="c:\users\bruce\source\repos\jarvis assistant mk2\jarvisassistant.unittests\bin\debug\net8.0\jarvisassistant.unittests.dll" id="12fcea12-c6aa-0fb8-8070-0ba831f6b12f">
      <Execution id="617423e6-be9d-4aa2-9058-d73c6d2f6954" />
      <TestMethod codeBase="c:\Users\Bruce\source\repos\Jarvis Assistant MK2\JarvisAssistant.UnitTests\bin\Debug\net8.0\JarvisAssistant.UnitTests.dll" adapterTypeName="executor://xunit/VsTestRunner2/netcoreapp" className="JarvisAssistant.UnitTests.Voice.VoiceCommandProcessorTests" name="ClassifyCommandAsync_WithInvalidInput_ReturnsUnknownType" />
    </UnitTest>
    <UnitTest name="JarvisAssistant.UnitTests.UI.MAUIMainPageUITests.StartChatBtn_MouseClick_ShouldTriggerNavigation" storage="c:\users\bruce\source\repos\jarvis assistant mk2\jarvisassistant.unittests\bin\debug\net8.0\jarvisassistant.unittests.dll" id="09107de4-9654-e98b-0069-13b97ff9393b">
      <Execution id="e9c0a183-0fa4-48ab-a698-b94c8d6a2db9" />
      <TestMethod codeBase="c:\Users\Bruce\source\repos\Jarvis Assistant MK2\JarvisAssistant.UnitTests\bin\Debug\net8.0\JarvisAssistant.UnitTests.dll" adapterTypeName="executor://xunit/VsTestRunner2/netcoreapp" className="JarvisAssistant.UnitTests.UI.MAUIMainPageUITests" name="StartChatBtn_MouseClick_ShouldTriggerNavigation" />
    </UnitTest>
    <UnitTest name="JarvisAssistant.UnitTests.Services.StatusMonitorServiceTests.ServiceStatusUpdates_OnStatusChange_EmitsUpdate" storage="c:\users\bruce\source\repos\jarvis assistant mk2\jarvisassistant.unittests\bin\debug\net8.0\jarvisassistant.unittests.dll" id="1c111bc8-8f5c-58e1-1171-68e835b296ba">
      <Execution id="b7d2cdd3-3009-4900-9945-03f32b148464" />
      <TestMethod codeBase="c:\Users\Bruce\source\repos\Jarvis Assistant MK2\JarvisAssistant.UnitTests\bin\Debug\net8.0\JarvisAssistant.UnitTests.dll" adapterTypeName="executor://xunit/VsTestRunner2/netcoreapp" className="JarvisAssistant.UnitTests.Services.StatusMonitorServiceTests" name="ServiceStatusUpdates_OnStatusChange_EmitsUpdate" />
    </UnitTest>
    <UnitTest name="JarvisAssistant.UnitTests.Services.LLM.LLMServerFailureTests.GenerateAsync_HttpStatusCodeFailures_ReturnsSpecificErrorCodes(statusCode: Unauthorized, errorDescription: &quot;Authentication required&quot;)" storage="c:\users\bruce\source\repos\jarvis assistant mk2\jarvisassistant.unittests\bin\debug\net8.0\jarvisassistant.unittests.dll" id="c3a10265-0911-22ab-7eb9-e7ea5c52290a">
      <Execution id="59f68356-5b25-4f8c-97d6-283b9d538c7e" />
      <TestMethod codeBase="c:\Users\Bruce\source\repos\Jarvis Assistant MK2\JarvisAssistant.UnitTests\bin\Debug\net8.0\JarvisAssistant.UnitTests.dll" adapterTypeName="executor://xunit/VsTestRunner2/netcoreapp" className="JarvisAssistant.UnitTests.Services.LLM.LLMServerFailureTests" name="GenerateAsync_HttpStatusCodeFailures_ReturnsSpecificErrorCodes" />
    </UnitTest>
    <UnitTest name="JarvisAssistant.UnitTests.Integration.VoiceConfigurationTests.VoiceSettings_CreateJarvisSettings_HasCorrectValues" storage="c:\users\bruce\source\repos\jarvis assistant mk2\jarvisassistant.unittests\bin\debug\net8.0\jarvisassistant.unittests.dll" id="b6625a30-f118-1ef4-cd3e-96c75fe6aafc">
      <Execution id="74577557-3740-464d-91f0-afe50d38f920" />
      <TestMethod codeBase="c:\Users\Bruce\source\repos\Jarvis Assistant MK2\JarvisAssistant.UnitTests\bin\Debug\net8.0\JarvisAssistant.UnitTests.dll" adapterTypeName="executor://xunit/VsTestRunner2/netcoreapp" className="JarvisAssistant.UnitTests.Integration.VoiceConfigurationTests" name="VoiceSettings_CreateJarvisSettings_HasCorrectValues" />
    </UnitTest>
    <UnitTest name="JarvisAssistant.UnitTests.Integration.VoiceConfigurationTests.ElevenLabsConfig_IsValid_WithInvalidConfig_ReturnsFalse(apiKey: &quot;key&quot;, voiceId: &quot;&quot;, baseUrl: &quot;https://api.elevenlabs.io&quot;, timeoutSeconds: 30, maxRetryAttempts: 3, expected: False)" storage="c:\users\bruce\source\repos\jarvis assistant mk2\jarvisassistant.unittests\bin\debug\net8.0\jarvisassistant.unittests.dll" id="a784203e-69db-f6e8-95da-3e9c1dfe7e5c">
      <Execution id="5c3aa085-d944-405e-8c91-501356e22569" />
      <TestMethod codeBase="c:\Users\Bruce\source\repos\Jarvis Assistant MK2\JarvisAssistant.UnitTests\bin\Debug\net8.0\JarvisAssistant.UnitTests.dll" adapterTypeName="executor://xunit/VsTestRunner2/netcoreapp" className="JarvisAssistant.UnitTests.Integration.VoiceConfigurationTests" name="ElevenLabsConfig_IsValid_WithInvalidConfig_ReturnsFalse" />
    </UnitTest>
    <UnitTest name="JarvisAssistant.UnitTests.UI.StatusPanelFunctionalityTests.SimulateSwipeDown_ShouldToggleExpansion" storage="c:\users\bruce\source\repos\jarvis assistant mk2\jarvisassistant.unittests\bin\debug\net8.0\jarvisassistant.unittests.dll" id="9412506f-8f81-de7a-9a39-96c7c6a82e5a">
      <Execution id="c693a6ac-70c0-4769-b0ba-f1a7f374c600" />
      <TestMethod codeBase="c:\Users\Bruce\source\repos\Jarvis Assistant MK2\JarvisAssistant.UnitTests\bin\Debug\net8.0\JarvisAssistant.UnitTests.dll" adapterTypeName="executor://xunit/VsTestRunner2/netcoreapp" className="JarvisAssistant.UnitTests.UI.StatusPanelFunctionalityTests" name="SimulateSwipeDown_ShouldToggleExpansion" />
    </UnitTest>
    <UnitTest name="JarvisAssistant.UnitTests.Services.LLM.LLMServerFailureTests.GetAvailableModelsAsync_ConnectionError_ReturnsEmptyList" storage="c:\users\bruce\source\repos\jarvis assistant mk2\jarvisassistant.unittests\bin\debug\net8.0\jarvisassistant.unittests.dll" id="8d2adbd2-8a41-29a6-2575-d6482a90a1f8">
      <Execution id="072171ea-c82d-4372-b302-58bd05a20102" />
      <TestMethod codeBase="c:\Users\Bruce\source\repos\Jarvis Assistant MK2\JarvisAssistant.UnitTests\bin\Debug\net8.0\JarvisAssistant.UnitTests.dll" adapterTypeName="executor://xunit/VsTestRunner2/netcoreapp" className="JarvisAssistant.UnitTests.Services.LLM.LLMServerFailureTests" name="GetAvailableModelsAsync_ConnectionError_ReturnsEmptyList" />
    </UnitTest>
    <UnitTest name="JarvisAssistant.UnitTests.Voice.VoiceModeManagerTests.ToggleVoiceModeAsync_WhenCanToggle_TogglesState" storage="c:\users\bruce\source\repos\jarvis assistant mk2\jarvisassistant.unittests\bin\debug\net8.0\jarvisassistant.unittests.dll" id="18802964-52c6-bc70-a001-71c01993acbd">
      <Execution id="c53efb6d-79ac-4a9f-9e0b-fcda4d523af1" />
      <TestMethod codeBase="c:\Users\Bruce\source\repos\Jarvis Assistant MK2\JarvisAssistant.UnitTests\bin\Debug\net8.0\JarvisAssistant.UnitTests.dll" adapterTypeName="executor://xunit/VsTestRunner2/netcoreapp" className="JarvisAssistant.UnitTests.Voice.VoiceModeManagerTests" name="ToggleVoiceModeAsync_WhenCanToggle_TogglesState" />
    </UnitTest>
    <UnitTest name="JarvisAssistant.UnitTests.Services.ElevenLabsVoiceServiceTests.GenerateSpeechAsync_WithNullText_ReturnsEmptyArray" storage="c:\users\bruce\source\repos\jarvis assistant mk2\jarvisassistant.unittests\bin\debug\net8.0\jarvisassistant.unittests.dll" id="cb1d7bbc-67ce-c8ab-8dc1-a20f51daa44e">
      <Execution id="520f734b-4ae2-4b36-9005-2fa003309737" />
      <TestMethod codeBase="c:\Users\Bruce\source\repos\Jarvis Assistant MK2\JarvisAssistant.UnitTests\bin\Debug\net8.0\JarvisAssistant.UnitTests.dll" adapterTypeName="executor://xunit/VsTestRunner2/netcoreapp" className="JarvisAssistant.UnitTests.Services.ElevenLabsVoiceServiceTests" name="GenerateSpeechAsync_WithNullText_ReturnsEmptyArray" />
    </UnitTest>
    <UnitTest name="JarvisAssistant.UnitTests.UI.StatusPanelFunctionalityTests.StatusPanelViewModel_ShouldCreateTestDataImmediately" storage="c:\users\bruce\source\repos\jarvis assistant mk2\jarvisassistant.unittests\bin\debug\net8.0\jarvisassistant.unittests.dll" id="1e32a05b-715b-4d99-3d5f-3ac71504b35c">
      <Execution id="bf9badad-694a-4e1b-a30e-07d245a610a5" />
      <TestMethod codeBase="c:\Users\Bruce\source\repos\Jarvis Assistant MK2\JarvisAssistant.UnitTests\bin\Debug\net8.0\JarvisAssistant.UnitTests.dll" adapterTypeName="executor://xunit/VsTestRunner2/netcoreapp" className="JarvisAssistant.UnitTests.UI.StatusPanelFunctionalityTests" name="StatusPanelViewModel_ShouldCreateTestDataImmediately" />
    </UnitTest>
    <UnitTest name="JarvisAssistant.UnitTests.Services.OllamaLLMServiceTests.SendMessageAsync_DetectsCorrectQueryType(message: &quot;write a function&quot;, expectedQueryType: Code)" storage="c:\users\bruce\source\repos\jarvis assistant mk2\jarvisassistant.unittests\bin\debug\net8.0\jarvisassistant.unittests.dll" id="501970b9-473c-aef6-4fe0-e93bc95374f1">
      <Execution id="39b94b1c-de46-4dea-ac96-1a8feb99561e" />
      <TestMethod codeBase="c:\Users\Bruce\source\repos\Jarvis Assistant MK2\JarvisAssistant.UnitTests\bin\Debug\net8.0\JarvisAssistant.UnitTests.dll" adapterTypeName="executor://xunit/VsTestRunner2/netcoreapp" className="JarvisAssistant.UnitTests.Services.OllamaLLMServiceTests" name="SendMessageAsync_DetectsCorrectQueryType" />
    </UnitTest>
    <UnitTest name="JarvisAssistant.UnitTests.Services.ErrorHandlingServiceTests.SetErrorReportingAsync_ShouldUpdateProperty" storage="c:\users\bruce\source\repos\jarvis assistant mk2\jarvisassistant.unittests\bin\debug\net8.0\jarvisassistant.unittests.dll" id="9b1f7481-7ea2-7b15-0065-a23ec5932b3e">
      <Execution id="ef675a55-fb7f-42b7-8588-430bf51027e5" />
      <TestMethod codeBase="c:\Users\Bruce\source\repos\Jarvis Assistant MK2\JarvisAssistant.UnitTests\bin\Debug\net8.0\JarvisAssistant.UnitTests.dll" adapterTypeName="executor://xunit/VsTestRunner2/netcoreapp" className="JarvisAssistant.UnitTests.Services.ErrorHandlingServiceTests" name="SetErrorReportingAsync_ShouldUpdateProperty" />
    </UnitTest>
    <UnitTest name="JarvisAssistant.UnitTests.Services.LLM.IOllamaClientAbstractionTests.IOllamaClient_GenerateAsync_CanBeMocked" storage="c:\users\bruce\source\repos\jarvis assistant mk2\jarvisassistant.unittests\bin\debug\net8.0\jarvisassistant.unittests.dll" id="40cebc12-9583-9970-475a-551b731bb026">
      <Execution id="d7de93ec-9fbb-4d4d-b4f6-73070c2a60ba" />
      <TestMethod codeBase="c:\Users\Bruce\source\repos\Jarvis Assistant MK2\JarvisAssistant.UnitTests\bin\Debug\net8.0\JarvisAssistant.UnitTests.dll" adapterTypeName="executor://xunit/VsTestRunner2/netcoreapp" className="JarvisAssistant.UnitTests.Services.LLM.IOllamaClientAbstractionTests" name="IOllamaClient_GenerateAsync_CanBeMocked" />
    </UnitTest>
    <UnitTest name="JarvisAssistant.UnitTests.Core.Converters.ConverterLogicTests.MessageTypeToIcon_ShouldReturnCorrectIcons(messageType: Text, expectedIcon: &quot;&quot;)" storage="c:\users\bruce\source\repos\jarvis assistant mk2\jarvisassistant.unittests\bin\debug\net8.0\jarvisassistant.unittests.dll" id="cd61781d-f26c-2c69-dfe6-472e429ed833">
      <Execution id="a2435227-416f-400f-976e-c927dcf49af8" />
      <TestMethod codeBase="c:\Users\Bruce\source\repos\Jarvis Assistant MK2\JarvisAssistant.UnitTests\bin\Debug\net8.0\JarvisAssistant.UnitTests.dll" adapterTypeName="executor://xunit/VsTestRunner2/netcoreapp" className="JarvisAssistant.UnitTests.Core.Converters.ConverterLogicTests" name="MessageTypeToIcon_ShouldReturnCorrectIcons" />
    </UnitTest>
    <UnitTest name="JarvisAssistant.UnitTests.Services.PlatformServiceTests.SupportsMultiPanel_ShouldReturnExpectedValueForPlatform(platform: Windows, expected: True)" storage="c:\users\bruce\source\repos\jarvis assistant mk2\jarvisassistant.unittests\bin\debug\net8.0\jarvisassistant.unittests.dll" id="8cd437c8-7c97-d88a-0019-8dc65da7a22f">
      <Execution id="d4918368-c0d8-462d-aca9-d271a173c7b8" />
      <TestMethod codeBase="c:\Users\Bruce\source\repos\Jarvis Assistant MK2\JarvisAssistant.UnitTests\bin\Debug\net8.0\JarvisAssistant.UnitTests.dll" adapterTypeName="executor://xunit/VsTestRunner2/netcoreapp" className="JarvisAssistant.UnitTests.Services.PlatformServiceTests" name="SupportsMultiPanel_ShouldReturnExpectedValueForPlatform" />
    </UnitTest>
    <UnitTest name="JarvisAssistant.UnitTests.Voice.VoiceCommandProcessorTests.SupportedCommands_ContainsAllDefaultCommands(commandType: Analyze)" storage="c:\users\bruce\source\repos\jarvis assistant mk2\jarvisassistant.unittests\bin\debug\net8.0\jarvisassistant.unittests.dll" id="3c2629c5-9a54-3e53-e396-f3003a4f130b">
      <Execution id="a30fbbd8-a5cd-4589-907a-30f5f8fbd0ab" />
      <TestMethod codeBase="c:\Users\Bruce\source\repos\Jarvis Assistant MK2\JarvisAssistant.UnitTests\bin\Debug\net8.0\JarvisAssistant.UnitTests.dll" adapterTypeName="executor://xunit/VsTestRunner2/netcoreapp" className="JarvisAssistant.UnitTests.Voice.VoiceCommandProcessorTests" name="SupportedCommands_ContainsAllDefaultCommands" />
    </UnitTest>
    <UnitTest name="JarvisAssistant.UnitTests.Integration.VoiceConfigurationTests.ElevenLabsConfig_GetTextToSpeechUrl_ReturnsCorrectUrl" storage="c:\users\bruce\source\repos\jarvis assistant mk2\jarvisassistant.unittests\bin\debug\net8.0\jarvisassistant.unittests.dll" id="ffe08cb5-07a0-0f38-8030-cef3b2619841">
      <Execution id="0bc12def-57fb-4ae1-865c-ce1ae74c93d8" />
      <TestMethod codeBase="c:\Users\Bruce\source\repos\Jarvis Assistant MK2\JarvisAssistant.UnitTests\bin\Debug\net8.0\JarvisAssistant.UnitTests.dll" adapterTypeName="executor://xunit/VsTestRunner2/netcoreapp" className="JarvisAssistant.UnitTests.Integration.VoiceConfigurationTests" name="ElevenLabsConfig_GetTextToSpeechUrl_ReturnsCorrectUrl" />
    </UnitTest>
    <UnitTest name="JarvisAssistant.UnitTests.Services.LLM.PersonalityServiceTests.GetSystemPrompt_WithValidQueryType_ReturnsPrompt(queryType: Mathematical)" storage="c:\users\bruce\source\repos\jarvis assistant mk2\jarvisassistant.unittests\bin\debug\net8.0\jarvisassistant.unittests.dll" id="683cba0f-eb78-1647-e728-826e291dba9c">
      <Execution id="64ad57be-127b-4a54-a560-2ea2c51e3d68" />
      <TestMethod codeBase="c:\Users\Bruce\source\repos\Jarvis Assistant MK2\JarvisAssistant.UnitTests\bin\Debug\net8.0\JarvisAssistant.UnitTests.dll" adapterTypeName="executor://xunit/VsTestRunner2/netcoreapp" className="JarvisAssistant.UnitTests.Services.LLM.PersonalityServiceTests" name="GetSystemPrompt_WithValidQueryType_ReturnsPrompt" />
    </UnitTest>
    <UnitTest name="JarvisAssistant.UnitTests.Voice.VoiceCommandProcessorTests.SupportedCommands_ContainsAllDefaultCommands(commandType: Settings)" storage="c:\users\bruce\source\repos\jarvis assistant mk2\jarvisassistant.unittests\bin\debug\net8.0\jarvisassistant.unittests.dll" id="18ac0c6a-c8b0-50b1-6576-1633f352bb59">
      <Execution id="a47ba2d3-4f94-4b2f-990a-8f2471f05e05" />
      <TestMethod codeBase="c:\Users\Bruce\source\repos\Jarvis Assistant MK2\JarvisAssistant.UnitTests\bin\Debug\net8.0\JarvisAssistant.UnitTests.dll" adapterTypeName="executor://xunit/VsTestRunner2/netcoreapp" className="JarvisAssistant.UnitTests.Voice.VoiceCommandProcessorTests" name="SupportedCommands_ContainsAllDefaultCommands" />
    </UnitTest>
    <UnitTest name="JarvisAssistant.UnitTests.Core.Converters.ConverterLogicTests.PlatformMatches_IsCaseInsensitive" storage="c:\users\bruce\source\repos\jarvis assistant mk2\jarvisassistant.unittests\bin\debug\net8.0\jarvisassistant.unittests.dll" id="aa25d1e8-1df3-6e5f-1bf2-69aa3a17e682">
      <Execution id="fba337e1-7779-4333-b997-1e42531a9e8c" />
      <TestMethod codeBase="c:\Users\Bruce\source\repos\Jarvis Assistant MK2\JarvisAssistant.UnitTests\bin\Debug\net8.0\JarvisAssistant.UnitTests.dll" adapterTypeName="executor://xunit/VsTestRunner2/netcoreapp" className="JarvisAssistant.UnitTests.Core.Converters.ConverterLogicTests" name="PlatformMatches_IsCaseInsensitive" />
    </UnitTest>
    <UnitTest name="JarvisAssistant.UnitTests.Services.LLM.LLMErrorHandlerTests.ProcessException_TaskCanceledException_WithTimeoutInner_ReturnsTimeoutError" storage="c:\users\bruce\source\repos\jarvis assistant mk2\jarvisassistant.unittests\bin\debug\net8.0\jarvisassistant.unittests.dll" id="1cd747e0-9621-0155-d4e0-e7a9ec8198cb">
      <Execution id="4b88c6c3-26cb-4580-8c31-e6c9186a632c" />
      <TestMethod codeBase="c:\Users\Bruce\source\repos\Jarvis Assistant MK2\JarvisAssistant.UnitTests\bin\Debug\net8.0\JarvisAssistant.UnitTests.dll" adapterTypeName="executor://xunit/VsTestRunner2/netcoreapp" className="JarvisAssistant.UnitTests.Services.LLM.LLMErrorHandlerTests" name="ProcessException_TaskCanceledException_WithTimeoutInner_ReturnsTimeoutError" />
    </UnitTest>
    <UnitTest name="JarvisAssistant.UnitTests.Services.LLM.OllamaClientTests.GenerateAsync_WithCodeQueryType_UsesCorrectModel" storage="c:\users\bruce\source\repos\jarvis assistant mk2\jarvisassistant.unittests\bin\debug\net8.0\jarvisassistant.unittests.dll" id="9464a8b4-b665-cdbb-dac0-04bb0a98b0dc">
      <Execution id="8560bf52-3ca7-4777-b800-9a47942c02f3" />
      <TestMethod codeBase="c:\Users\Bruce\source\repos\Jarvis Assistant MK2\JarvisAssistant.UnitTests\bin\Debug\net8.0\JarvisAssistant.UnitTests.dll" adapterTypeName="executor://xunit/VsTestRunner2/netcoreapp" className="JarvisAssistant.UnitTests.Services.LLM.OllamaClientTests" name="GenerateAsync_WithCodeQueryType_UsesCorrectModel" />
    </UnitTest>
    <UnitTest name="JarvisAssistant.UnitTests.Voice.VoiceCommandProcessorTests.ClassifyCommandAsync_WithValidCommands_ClassifiesCorrectly(commandText: &quot;exit&quot;, expectedType: Exit)" storage="c:\users\bruce\source\repos\jarvis assistant mk2\jarvisassistant.unittests\bin\debug\net8.0\jarvisassistant.unittests.dll" id="792a507b-aa57-25c2-c94f-656c94453764">
      <Execution id="7ef84eab-02a7-42bc-be81-5c71355557f5" />
      <TestMethod codeBase="c:\Users\Bruce\source\repos\Jarvis Assistant MK2\JarvisAssistant.UnitTests\bin\Debug\net8.0\JarvisAssistant.UnitTests.dll" adapterTypeName="executor://xunit/VsTestRunner2/netcoreapp" className="JarvisAssistant.UnitTests.Voice.VoiceCommandProcessorTests" name="ClassifyCommandAsync_WithValidCommands_ClassifiesCorrectly" />
    </UnitTest>
    <UnitTest name="JarvisAssistant.UnitTests.Services.LLM.PersonalityServiceTests.GetContextualGreeting_WithValidQueryType_ReturnsGreeting(queryType: Technical)" storage="c:\users\bruce\source\repos\jarvis assistant mk2\jarvisassistant.unittests\bin\debug\net8.0\jarvisassistant.unittests.dll" id="a49ff491-aae7-2e7e-3467-c85b94fb0488">
      <Execution id="a2a25673-daee-40c8-a0a6-c4da7631fae3" />
      <TestMethod codeBase="c:\Users\Bruce\source\repos\Jarvis Assistant MK2\JarvisAssistant.UnitTests\bin\Debug\net8.0\JarvisAssistant.UnitTests.dll" adapterTypeName="executor://xunit/VsTestRunner2/netcoreapp" className="JarvisAssistant.UnitTests.Services.LLM.PersonalityServiceTests" name="GetContextualGreeting_WithValidQueryType_ReturnsGreeting" />
    </UnitTest>
    <UnitTest name="JarvisAssistant.UnitTests.Services.ServiceHealthCheckerTests.CheckServiceHealthAsync_WithConsecutiveFailures_ImplementsBackoff" storage="c:\users\bruce\source\repos\jarvis assistant mk2\jarvisassistant.unittests\bin\debug\net8.0\jarvisassistant.unittests.dll" id="3677d2eb-52f5-17fb-e462-acb5b7ff6554">
      <Execution id="34761f52-1332-437c-bf16-8e1a88f799eb" />
      <TestMethod codeBase="c:\Users\Bruce\source\repos\Jarvis Assistant MK2\JarvisAssistant.UnitTests\bin\Debug\net8.0\JarvisAssistant.UnitTests.dll" adapterTypeName="executor://xunit/VsTestRunner2/netcoreapp" className="JarvisAssistant.UnitTests.Services.ServiceHealthCheckerTests" name="CheckServiceHealthAsync_WithConsecutiveFailures_ImplementsBackoff" />
    </UnitTest>
    <UnitTest name="JarvisAssistant.UnitTests.Core.Models.ChatMessageCoreTests.Constructor_ShouldSetDefaultValues" storage="c:\users\bruce\source\repos\jarvis assistant mk2\jarvisassistant.unittests\bin\debug\net8.0\jarvisassistant.unittests.dll" id="d6f03902-9b78-e655-2972-c73033679e15">
      <Execution id="790503eb-76e7-4cd0-9d08-a6488787f073" />
      <TestMethod codeBase="c:\Users\Bruce\source\repos\Jarvis Assistant MK2\JarvisAssistant.UnitTests\bin\Debug\net8.0\JarvisAssistant.UnitTests.dll" adapterTypeName="executor://xunit/VsTestRunner2/netcoreapp" className="JarvisAssistant.UnitTests.Core.Models.ChatMessageCoreTests" name="Constructor_ShouldSetDefaultValues" />
    </UnitTest>
    <UnitTest name="JarvisAssistant.UnitTests.Voice.GoogleTVVoiceHandlerTests.Constructor_WithValidParameters_InitializesCorrectly" storage="c:\users\bruce\source\repos\jarvis assistant mk2\jarvisassistant.unittests\bin\debug\net8.0\jarvisassistant.unittests.dll" id="6e594722-76fc-8776-e8a3-1118be8f7845">
      <Execution id="e2984da6-f290-45b7-b973-bcc21752f619" />
      <TestMethod codeBase="c:\Users\Bruce\source\repos\Jarvis Assistant MK2\JarvisAssistant.UnitTests\bin\Debug\net8.0\JarvisAssistant.UnitTests.dll" adapterTypeName="executor://xunit/VsTestRunner2/netcoreapp" className="JarvisAssistant.UnitTests.Voice.GoogleTVVoiceHandlerTests" name="Constructor_WithValidParameters_InitializesCorrectly" />
    </UnitTest>
    <UnitTest name="JarvisAssistant.UnitTests.Voice.GoogleTVVoiceHandlerTests.GetStatistics_ReturnsValidStatistics" storage="c:\users\bruce\source\repos\jarvis assistant mk2\jarvisassistant.unittests\bin\debug\net8.0\jarvisassistant.unittests.dll" id="4505b6f8-74c3-0b42-7c5f-af7e85698d9d">
      <Execution id="9c6d41e0-a444-4483-8b50-d53da4c14a4f" />
      <TestMethod codeBase="c:\Users\Bruce\source\repos\Jarvis Assistant MK2\JarvisAssistant.UnitTests\bin\Debug\net8.0\JarvisAssistant.UnitTests.dll" adapterTypeName="executor://xunit/VsTestRunner2/netcoreapp" className="JarvisAssistant.UnitTests.Voice.GoogleTVVoiceHandlerTests" name="GetStatistics_ReturnsValidStatistics" />
    </UnitTest>
    <UnitTest name="JarvisAssistant.UnitTests.UI.MainPageButtonInteractionTests.CONCEPT_TapVsKeyboardInputTesting" storage="c:\users\bruce\source\repos\jarvis assistant mk2\jarvisassistant.unittests\bin\debug\net8.0\jarvisassistant.unittests.dll" id="f9455c9b-d4b2-6b82-df58-25eafceeaf14">
      <Execution id="ede2d8ac-881d-49a2-9285-6b8405acf215" />
      <TestMethod codeBase="c:\Users\Bruce\source\repos\Jarvis Assistant MK2\JarvisAssistant.UnitTests\bin\Debug\net8.0\JarvisAssistant.UnitTests.dll" adapterTypeName="executor://xunit/VsTestRunner2/netcoreapp" className="JarvisAssistant.UnitTests.UI.MainPageButtonInteractionTests" name="CONCEPT_TapVsKeyboardInputTesting" />
    </UnitTest>
    <UnitTest name="JarvisAssistant.UnitTests.Services.LLM.PersonalityServiceTests.GetSystemPrompt_WithValidQueryType_ReturnsPrompt(queryType: General)" storage="c:\users\bruce\source\repos\jarvis assistant mk2\jarvisassistant.unittests\bin\debug\net8.0\jarvisassistant.unittests.dll" id="a4830f51-6c60-8062-bf6f-b915f0902056">
      <Execution id="5f20425a-c63a-4ced-916e-7a1e90471c27" />
      <TestMethod codeBase="c:\Users\Bruce\source\repos\Jarvis Assistant MK2\JarvisAssistant.UnitTests\bin\Debug\net8.0\JarvisAssistant.UnitTests.dll" adapterTypeName="executor://xunit/VsTestRunner2/netcoreapp" className="JarvisAssistant.UnitTests.Services.LLM.PersonalityServiceTests" name="GetSystemPrompt_WithValidQueryType_ReturnsPrompt" />
    </UnitTest>
    <UnitTest name="JarvisAssistant.UnitTests.Integration.ChatIntegrationTests.StatusMonitorService_GetStatus_ShouldReturnHealthyStatus" storage="c:\users\bruce\source\repos\jarvis assistant mk2\jarvisassistant.unittests\bin\debug\net8.0\jarvisassistant.unittests.dll" id="2f21f39e-8ca3-1c42-8d87-82c492336aee">
      <Execution id="392804a5-be73-4393-9277-efa95918838f" />
      <TestMethod codeBase="c:\Users\Bruce\source\repos\Jarvis Assistant MK2\JarvisAssistant.UnitTests\bin\Debug\net8.0\JarvisAssistant.UnitTests.dll" adapterTypeName="executor://xunit/VsTestRunner2/netcoreapp" className="JarvisAssistant.UnitTests.Integration.ChatIntegrationTests" name="StatusMonitorService_GetStatus_ShouldReturnHealthyStatus" />
    </UnitTest>
    <UnitTest name="JarvisAssistant.UnitTests.Services.OllamaLLMServiceTests.GetActiveModelAsync_WithAvailableModels_ReturnsActiveModel" storage="c:\users\bruce\source\repos\jarvis assistant mk2\jarvisassistant.unittests\bin\debug\net8.0\jarvisassistant.unittests.dll" id="575a8934-f6e4-c393-64bb-f7b86924b536">
      <Execution id="583e7c79-b157-4943-abdb-b932c7411f08" />
      <TestMethod codeBase="c:\Users\Bruce\source\repos\Jarvis Assistant MK2\JarvisAssistant.UnitTests\bin\Debug\net8.0\JarvisAssistant.UnitTests.dll" adapterTypeName="executor://xunit/VsTestRunner2/netcoreapp" className="JarvisAssistant.UnitTests.Services.OllamaLLMServiceTests" name="GetActiveModelAsync_WithAvailableModels_ReturnsActiveModel" />
    </UnitTest>
    <UnitTest name="JarvisAssistant.UnitTests.Services.LLM.LLMServerFailureTests.GenerateAsync_MalformedResponse_ThrowsJsonException" storage="c:\users\bruce\source\repos\jarvis assistant mk2\jarvisassistant.unittests\bin\debug\net8.0\jarvisassistant.unittests.dll" id="3f192336-7597-bcf7-16dd-d1947b1e2c5b">
      <Execution id="ff379573-a21f-417a-a5b7-f7e4f999e239" />
      <TestMethod codeBase="c:\Users\Bruce\source\repos\Jarvis Assistant MK2\JarvisAssistant.UnitTests\bin\Debug\net8.0\JarvisAssistant.UnitTests.dll" adapterTypeName="executor://xunit/VsTestRunner2/netcoreapp" className="JarvisAssistant.UnitTests.Services.LLM.LLMServerFailureTests" name="GenerateAsync_MalformedResponse_ThrowsJsonException" />
    </UnitTest>
    <UnitTest name="JarvisAssistant.UnitTests.Services.LLM.LLMErrorHandlerTests.ProcessException_SocketException_ReturnsCorrectErrorCode(socketError: HostNotFound, expectedErrorCode: &quot;LLM-CONN-002&quot;)" storage="c:\users\bruce\source\repos\jarvis assistant mk2\jarvisassistant.unittests\bin\debug\net8.0\jarvisassistant.unittests.dll" id="549a8a87-c5f9-445f-1ff3-ae15fd1e9eed">
      <Execution id="f429f5eb-dc66-47b6-b5f8-8f1e26efd7fc" />
      <TestMethod codeBase="c:\Users\Bruce\source\repos\Jarvis Assistant MK2\JarvisAssistant.UnitTests\bin\Debug\net8.0\JarvisAssistant.UnitTests.dll" adapterTypeName="executor://xunit/VsTestRunner2/netcoreapp" className="JarvisAssistant.UnitTests.Services.LLM.LLMErrorHandlerTests" name="ProcessException_SocketException_ReturnsCorrectErrorCode" />
    </UnitTest>
    <UnitTest name="JarvisAssistant.UnitTests.Integration.LLMServiceIntegrationTests.StreamResponseAsync_CancellationToken_CancelsGracefully" storage="c:\users\bruce\source\repos\jarvis assistant mk2\jarvisassistant.unittests\bin\debug\net8.0\jarvisassistant.unittests.dll" id="08659b29-e8ef-4dbe-5c49-1f4267200dd9">
      <Execution id="b7d29bd3-92cf-4ec8-9710-e9ffef6a2cbe" />
      <TestMethod codeBase="c:\Users\Bruce\source\repos\Jarvis Assistant MK2\JarvisAssistant.UnitTests\bin\Debug\net8.0\JarvisAssistant.UnitTests.dll" adapterTypeName="executor://xunit/VsTestRunner2/netcoreapp" className="JarvisAssistant.UnitTests.Integration.LLMServiceIntegrationTests" name="StreamResponseAsync_CancellationToken_CancelsGracefully" />
    </UnitTest>
    <UnitTest name="JarvisAssistant.UnitTests.Services.PlatformServiceTests.AndroidTVDetection_BothScenarios_ShouldBeHandledCorrectly" storage="c:\users\bruce\source\repos\jarvis assistant mk2\jarvisassistant.unittests\bin\debug\net8.0\jarvisassistant.unittests.dll" id="5c777a15-62e9-78e2-fd3c-8ddc212e3a0c">
      <Execution id="e41d9569-ae8f-4415-86f7-88ce0191dcd3" />
      <TestMethod codeBase="c:\Users\Bruce\source\repos\Jarvis Assistant MK2\JarvisAssistant.UnitTests\bin\Debug\net8.0\JarvisAssistant.UnitTests.dll" adapterTypeName="executor://xunit/VsTestRunner2/netcoreapp" className="JarvisAssistant.UnitTests.Services.PlatformServiceTests" name="AndroidTVDetection_BothScenarios_ShouldBeHandledCorrectly" />
    </UnitTest>
    <UnitTest name="JarvisAssistant.UnitTests.UI.MAUIStatusPanelUITests.StatusPanel_SwipeGestures_ShouldWork" storage="c:\users\bruce\source\repos\jarvis assistant mk2\jarvisassistant.unittests\bin\debug\net8.0\jarvisassistant.unittests.dll" id="b813a881-8c0a-8be9-8ff2-b7d024f64502">
      <Execution id="21f969a7-9087-4188-84d5-98e189eb9f1d" />
      <TestMethod codeBase="c:\Users\Bruce\source\repos\Jarvis Assistant MK2\JarvisAssistant.UnitTests\bin\Debug\net8.0\JarvisAssistant.UnitTests.dll" adapterTypeName="executor://xunit/VsTestRunner2/netcoreapp" className="JarvisAssistant.UnitTests.UI.MAUIStatusPanelUITests" name="StatusPanel_SwipeGestures_ShouldWork" />
    </UnitTest>
    <UnitTest name="JarvisAssistant.UnitTests.Voice.VoiceCommandProcessorTests.SupportedCommands_ContainsAllDefaultCommands(commandType: Exit)" storage="c:\users\bruce\source\repos\jarvis assistant mk2\jarvisassistant.unittests\bin\debug\net8.0\jarvisassistant.unittests.dll" id="23212ede-e759-3b9b-2316-368fcc20e1c1">
      <Execution id="5c25cb82-7469-4117-a19e-940733ba98bb" />
      <TestMethod codeBase="c:\Users\Bruce\source\repos\Jarvis Assistant MK2\JarvisAssistant.UnitTests\bin\Debug\net8.0\JarvisAssistant.UnitTests.dll" adapterTypeName="executor://xunit/VsTestRunner2/netcoreapp" className="JarvisAssistant.UnitTests.Voice.VoiceCommandProcessorTests" name="SupportedCommands_ContainsAllDefaultCommands" />
    </UnitTest>
    <UnitTest name="JarvisAssistant.UnitTests.Core.Models.ChatMessageCoreTests.Type_WhenSet_ShouldUpdateRelatedProperties" storage="c:\users\bruce\source\repos\jarvis assistant mk2\jarvisassistant.unittests\bin\debug\net8.0\jarvisassistant.unittests.dll" id="e3572f70-a096-134a-61e9-02f8bfa9a209">
      <Execution id="31cf2b76-bb28-45c6-8bcb-f193f6688158" />
      <TestMethod codeBase="c:\Users\Bruce\source\repos\Jarvis Assistant MK2\JarvisAssistant.UnitTests\bin\Debug\net8.0\JarvisAssistant.UnitTests.dll" adapterTypeName="executor://xunit/VsTestRunner2/netcoreapp" className="JarvisAssistant.UnitTests.Core.Models.ChatMessageCoreTests" name="Type_WhenSet_ShouldUpdateRelatedProperties" />
    </UnitTest>
    <UnitTest name="JarvisAssistant.UnitTests.Voice.VoiceCommandModelTests.VoiceCommandResult_CreateError_CreatesErrorResult" storage="c:\users\bruce\source\repos\jarvis assistant mk2\jarvisassistant.unittests\bin\debug\net8.0\jarvisassistant.unittests.dll" id="3c3ff9a2-6b97-720a-e5ab-4b2517cf3ca7">
      <Execution id="1cd5baf0-55a0-4838-999e-c140e7097f10" />
      <TestMethod codeBase="c:\Users\Bruce\source\repos\Jarvis Assistant MK2\JarvisAssistant.UnitTests\bin\Debug\net8.0\JarvisAssistant.UnitTests.dll" adapterTypeName="executor://xunit/VsTestRunner2/netcoreapp" className="JarvisAssistant.UnitTests.Voice.VoiceCommandModelTests" name="VoiceCommandResult_CreateError_CreatesErrorResult" />
    </UnitTest>
    <UnitTest name="JarvisAssistant.UnitTests.Voice.GoogleTVVoiceHandlerTests.HandleKeyEvent_WithVariousKeyCodes_ReturnsExpectedResult(keyCode: MediaRecord, expectedHandled: True)" storage="c:\users\bruce\source\repos\jarvis assistant mk2\jarvisassistant.unittests\bin\debug\net8.0\jarvisassistant.unittests.dll" id="62ff1929-c433-d9b3-6a76-0064b6fe39d1">
      <Execution id="7818ceaf-69ad-4642-9000-31875d589f91" />
      <TestMethod codeBase="c:\Users\Bruce\source\repos\Jarvis Assistant MK2\JarvisAssistant.UnitTests\bin\Debug\net8.0\JarvisAssistant.UnitTests.dll" adapterTypeName="executor://xunit/VsTestRunner2/netcoreapp" className="JarvisAssistant.UnitTests.Voice.GoogleTVVoiceHandlerTests" name="HandleKeyEvent_WithVariousKeyCodes_ReturnsExpectedResult" />
    </UnitTest>
    <UnitTest name="JarvisAssistant.UnitTests.Services.LLM.LLMErrorHandlerTests.LLMErrorMessages_GetErrorMessage_ReturnsNonEmptyMessage(errorCode: &quot;LLM-HTTP-404-001&quot;)" storage="c:\users\bruce\source\repos\jarvis assistant mk2\jarvisassistant.unittests\bin\debug\net8.0\jarvisassistant.unittests.dll" id="d461e0b5-989f-74d7-1846-22901762f3f2">
      <Execution id="1103bcd5-6f0f-4315-b61f-46e2aed7a02c" />
      <TestMethod codeBase="c:\Users\Bruce\source\repos\Jarvis Assistant MK2\JarvisAssistant.UnitTests\bin\Debug\net8.0\JarvisAssistant.UnitTests.dll" adapterTypeName="executor://xunit/VsTestRunner2/netcoreapp" className="JarvisAssistant.UnitTests.Services.LLM.LLMErrorHandlerTests" name="LLMErrorMessages_GetErrorMessage_ReturnsNonEmptyMessage" />
    </UnitTest>
    <UnitTest name="JarvisAssistant.UnitTests.UI.MAUIMainPageUITests.StatusPanel_ExpandCollapse_ShouldWork" storage="c:\users\bruce\source\repos\jarvis assistant mk2\jarvisassistant.unittests\bin\debug\net8.0\jarvisassistant.unittests.dll" id="c68d0a62-fb7c-76d8-55b6-7f554f5d6b66">
      <Execution id="561f3420-2276-4a9c-853e-2018034a68ef" />
      <TestMethod codeBase="c:\Users\Bruce\source\repos\Jarvis Assistant MK2\JarvisAssistant.UnitTests\bin\Debug\net8.0\JarvisAssistant.UnitTests.dll" adapterTypeName="executor://xunit/VsTestRunner2/netcoreapp" className="JarvisAssistant.UnitTests.UI.MAUIMainPageUITests" name="StatusPanel_ExpandCollapse_ShouldWork" />
    </UnitTest>
    <UnitTest name="JarvisAssistant.UnitTests.Voice.VoiceModeManagerTests.EnableVoiceModeAsync_WhenPlatformSupportsVoice_ReturnsTrue" storage="c:\users\bruce\source\repos\jarvis assistant mk2\jarvisassistant.unittests\bin\debug\net8.0\jarvisassistant.unittests.dll" id="29055beb-2b1d-a208-cdb8-f116e6ec48bf">
      <Execution id="d490c0b1-8deb-477f-976b-2cc52625681d" />
      <TestMethod codeBase="c:\Users\Bruce\source\repos\Jarvis Assistant MK2\JarvisAssistant.UnitTests\bin\Debug\net8.0\JarvisAssistant.UnitTests.dll" adapterTypeName="executor://xunit/VsTestRunner2/netcoreapp" className="JarvisAssistant.UnitTests.Voice.VoiceModeManagerTests" name="EnableVoiceModeAsync_WhenPlatformSupportsVoice_ReturnsTrue" />
    </UnitTest>
    <UnitTest name="JarvisAssistant.UnitTests.Services.LLM.LLMErrorHandlerTests.ProcessException_HttpRequestException_Authentication_ReturnsCorrectErrorCode(exceptionMessage: &quot;Unauthorized access&quot;, expectedErrorCode: &quot;LLM-HTTP-401-001&quot;)" storage="c:\users\bruce\source\repos\jarvis assistant mk2\jarvisassistant.unittests\bin\debug\net8.0\jarvisassistant.unittests.dll" id="98b02c09-a0a9-8d65-ffc2-1153b12d32be">
      <Execution id="472e029c-81bd-4ee9-97fb-513af2289ef8" />
      <TestMethod codeBase="c:\Users\Bruce\source\repos\Jarvis Assistant MK2\JarvisAssistant.UnitTests\bin\Debug\net8.0\JarvisAssistant.UnitTests.dll" adapterTypeName="executor://xunit/VsTestRunner2/netcoreapp" className="JarvisAssistant.UnitTests.Services.LLM.LLMErrorHandlerTests" name="ProcessException_HttpRequestException_Authentication_ReturnsCorrectErrorCode" />
    </UnitTest>
    <UnitTest name="JarvisAssistant.UnitTests.Voice.VoiceModeManagerTests.ToggleVoiceModeAsync_WhenCannotToggle_ReturnsCurrentState" storage="c:\users\bruce\source\repos\jarvis assistant mk2\jarvisassistant.unittests\bin\debug\net8.0\jarvisassistant.unittests.dll" id="402e21c2-acb8-7893-6ec3-e08126589a1c">
      <Execution id="84081b70-e154-4d30-9fda-8b6c3b863820" />
      <TestMethod codeBase="c:\Users\Bruce\source\repos\Jarvis Assistant MK2\JarvisAssistant.UnitTests\bin\Debug\net8.0\JarvisAssistant.UnitTests.dll" adapterTypeName="executor://xunit/VsTestRunner2/netcoreapp" className="JarvisAssistant.UnitTests.Voice.VoiceModeManagerTests" name="ToggleVoiceModeAsync_WhenCannotToggle_ReturnsCurrentState" />
    </UnitTest>
    <UnitTest name="JarvisAssistant.UnitTests.Voice.GoogleTVVoiceHandlerTests.HandleKeyEvent_WithVariousKeyCodes_ReturnsExpectedResult(keyCode: Search, expectedHandled: True)" storage="c:\users\bruce\source\repos\jarvis assistant mk2\jarvisassistant.unittests\bin\debug\net8.0\jarvisassistant.unittests.dll" id="b89117aa-280d-b84e-209d-5ca8e85689eb">
      <Execution id="ef2b922a-b7fe-47c0-952a-9f19aa3cae68" />
      <TestMethod codeBase="c:\Users\Bruce\source\repos\Jarvis Assistant MK2\JarvisAssistant.UnitTests\bin\Debug\net8.0\JarvisAssistant.UnitTests.dll" adapterTypeName="executor://xunit/VsTestRunner2/netcoreapp" className="JarvisAssistant.UnitTests.Voice.GoogleTVVoiceHandlerTests" name="HandleKeyEvent_WithVariousKeyCodes_ReturnsExpectedResult" />
    </UnitTest>
    <UnitTest name="JarvisAssistant.UnitTests.UI.MAUIUIIntegrationTests.ErrorHandling_NavigationFailure_ShouldNotCrashUI" storage="c:\users\bruce\source\repos\jarvis assistant mk2\jarvisassistant.unittests\bin\debug\net8.0\jarvisassistant.unittests.dll" id="7911197b-dc7d-14df-41b5-f0fa73eed26d">
      <Execution id="da43c587-76b1-43d7-830a-d1d2469505a2" />
      <TestMethod codeBase="c:\Users\Bruce\source\repos\Jarvis Assistant MK2\JarvisAssistant.UnitTests\bin\Debug\net8.0\JarvisAssistant.UnitTests.dll" adapterTypeName="executor://xunit/VsTestRunner2/netcoreapp" className="JarvisAssistant.UnitTests.UI.MAUIUIIntegrationTests" name="ErrorHandling_NavigationFailure_ShouldNotCrashUI" />
    </UnitTest>
    <UnitTest name="JarvisAssistant.UnitTests.Voice.VoiceCommandModelTests.VoiceCommand_IsValid_WithInvalidData_ReturnsFalse(text: &quot;&quot;, confidence: 0.800000012, type: Status)" storage="c:\users\bruce\source\repos\jarvis assistant mk2\jarvisassistant.unittests\bin\debug\net8.0\jarvisassistant.unittests.dll" id="17ba3795-81c4-b232-dca6-b8d66ebc78d8">
      <Execution id="47097441-768c-412a-a220-55b06d62a75b" />
      <TestMethod codeBase="c:\Users\Bruce\source\repos\Jarvis Assistant MK2\JarvisAssistant.UnitTests\bin\Debug\net8.0\JarvisAssistant.UnitTests.dll" adapterTypeName="executor://xunit/VsTestRunner2/netcoreapp" className="JarvisAssistant.UnitTests.Voice.VoiceCommandModelTests" name="VoiceCommand_IsValid_WithInvalidData_ReturnsFalse" />
    </UnitTest>
    <UnitTest name="JarvisAssistant.UnitTests.UI.MAUIStatusPanelUITests.StatusPanel_Layout_ShouldNotBlockMainPageInput" storage="c:\users\bruce\source\repos\jarvis assistant mk2\jarvisassistant.unittests\bin\debug\net8.0\jarvisassistant.unittests.dll" id="b1d7b357-2e45-3194-86cc-0d35f030fe58">
      <Execution id="117a20c3-9790-4fc3-bb61-df6f66e0b9db" />
      <TestMethod codeBase="c:\Users\Bruce\source\repos\Jarvis Assistant MK2\JarvisAssistant.UnitTests\bin\Debug\net8.0\JarvisAssistant.UnitTests.dll" adapterTypeName="executor://xunit/VsTestRunner2/netcoreapp" className="JarvisAssistant.UnitTests.UI.MAUIStatusPanelUITests" name="StatusPanel_Layout_ShouldNotBlockMainPageInput" />
    </UnitTest>
    <UnitTest name="JarvisAssistant.UnitTests.Services.ErrorHandlingServiceTests.LogErrorAsync_WithDifferentSeverities_ShouldUseCorrectLogLevel(severity: Warning, expectedLogLevel: Warning)" storage="c:\users\bruce\source\repos\jarvis assistant mk2\jarvisassistant.unittests\bin\debug\net8.0\jarvisassistant.unittests.dll" id="f21e0325-c294-80d9-c90c-98d3b32c823c">
      <Execution id="c2db5a3f-8e70-4200-b03d-84d9e192f7ab" />
      <TestMethod codeBase="c:\Users\Bruce\source\repos\Jarvis Assistant MK2\JarvisAssistant.UnitTests\bin\Debug\net8.0\JarvisAssistant.UnitTests.dll" adapterTypeName="executor://xunit/VsTestRunner2/netcoreapp" className="JarvisAssistant.UnitTests.Services.ErrorHandlingServiceTests" name="LogErrorAsync_WithDifferentSeverities_ShouldUseCorrectLogLevel" />
    </UnitTest>
    <UnitTest name="JarvisAssistant.UnitTests.Core.Converters.ConverterLogicTests.PlatformMatches_WithNullParameter_ShouldReturnFalse" storage="c:\users\bruce\source\repos\jarvis assistant mk2\jarvisassistant.unittests\bin\debug\net8.0\jarvisassistant.unittests.dll" id="6085c800-be11-af6c-8bfb-8457419a95ff">
      <Execution id="f7e50763-667c-45d8-8f11-145d6a91a6b1" />
      <TestMethod codeBase="c:\Users\Bruce\source\repos\Jarvis Assistant MK2\JarvisAssistant.UnitTests\bin\Debug\net8.0\JarvisAssistant.UnitTests.dll" adapterTypeName="executor://xunit/VsTestRunner2/netcoreapp" className="JarvisAssistant.UnitTests.Core.Converters.ConverterLogicTests" name="PlatformMatches_WithNullParameter_ShouldReturnFalse" />
    </UnitTest>
    <UnitTest name="JarvisAssistant.UnitTests.UI.MAUIMainPageUITests.Buttons_ShouldRespondToPlatformSpecificInput(platform: &quot;WinUI&quot;, inputMethod: &quot;Mouse&quot;)" storage="c:\users\bruce\source\repos\jarvis assistant mk2\jarvisassistant.unittests\bin\debug\net8.0\jarvisassistant.unittests.dll" id="b00998bc-eae6-62fb-eb24-d1298b70372d">
      <Execution id="5b07a529-d758-42c3-9767-cefdb74009da" />
      <TestMethod codeBase="c:\Users\Bruce\source\repos\Jarvis Assistant MK2\JarvisAssistant.UnitTests\bin\Debug\net8.0\JarvisAssistant.UnitTests.dll" adapterTypeName="executor://xunit/VsTestRunner2/netcoreapp" className="JarvisAssistant.UnitTests.UI.MAUIMainPageUITests" name="Buttons_ShouldRespondToPlatformSpecificInput" />
    </UnitTest>
    <UnitTest name="JarvisAssistant.UnitTests.Services.LLM.LLMServerFailureTests.GenerateAsync_HttpStatusCodeFailures_ReturnsSpecificErrorCodes(statusCode: Forbidden, errorDescription: &quot;Access forbidden&quot;)" storage="c:\users\bruce\source\repos\jarvis assistant mk2\jarvisassistant.unittests\bin\debug\net8.0\jarvisassistant.unittests.dll" id="aa691caf-8557-90b3-8d8d-1ea8b4a57c19">
      <Execution id="1daf6249-d85e-4ffc-b0d2-5b0dd16fc180" />
      <TestMethod codeBase="c:\Users\Bruce\source\repos\Jarvis Assistant MK2\JarvisAssistant.UnitTests\bin\Debug\net8.0\JarvisAssistant.UnitTests.dll" adapterTypeName="executor://xunit/VsTestRunner2/netcoreapp" className="JarvisAssistant.UnitTests.Services.LLM.LLMServerFailureTests" name="GenerateAsync_HttpStatusCodeFailures_ReturnsSpecificErrorCodes" />
    </UnitTest>
    <UnitTest name="JarvisAssistant.UnitTests.Services.AudioCacheServiceTests.GetCachedAudioAsync_AfterDispose_ReturnsNull" storage="c:\users\bruce\source\repos\jarvis assistant mk2\jarvisassistant.unittests\bin\debug\net8.0\jarvisassistant.unittests.dll" id="008f9eea-4491-f1c4-00ed-97dc99768bcf">
      <Execution id="45272052-e9f5-41d0-841e-63ad85ceac81" />
      <TestMethod codeBase="c:\Users\Bruce\source\repos\Jarvis Assistant MK2\JarvisAssistant.UnitTests\bin\Debug\net8.0\JarvisAssistant.UnitTests.dll" adapterTypeName="executor://xunit/VsTestRunner2/netcoreapp" className="JarvisAssistant.UnitTests.Services.AudioCacheServiceTests" name="GetCachedAudioAsync_AfterDispose_ReturnsNull" />
    </UnitTest>
    <UnitTest name="JarvisAssistant.UnitTests.Services.ElevenLabsVoiceServiceTests.GenerateSpeechAsync_AfterDispose_ThrowsObjectDisposedException" storage="c:\users\bruce\source\repos\jarvis assistant mk2\jarvisassistant.unittests\bin\debug\net8.0\jarvisassistant.unittests.dll" id="f4d15c71-8c27-2427-301d-e1818ff0aa9b">
      <Execution id="c5b49f89-6465-4610-8655-22c6eea28325" />
      <TestMethod codeBase="c:\Users\Bruce\source\repos\Jarvis Assistant MK2\JarvisAssistant.UnitTests\bin\Debug\net8.0\JarvisAssistant.UnitTests.dll" adapterTypeName="executor://xunit/VsTestRunner2/netcoreapp" className="JarvisAssistant.UnitTests.Services.ElevenLabsVoiceServiceTests" name="GenerateSpeechAsync_AfterDispose_ThrowsObjectDisposedException" />
    </UnitTest>
    <UnitTest name="JarvisAssistant.UnitTests.Services.LLM.LLMServerFailureTests.GenerateAsync_SslHandshakeFailure_ReturnsSslError" storage="c:\users\bruce\source\repos\jarvis assistant mk2\jarvisassistant.unittests\bin\debug\net8.0\jarvisassistant.unittests.dll" id="4312d7c5-24d5-3fb6-717e-bc8881279c7c">
      <Execution id="2a41a35a-2705-41ac-a007-e463e33f3c4b" />
      <TestMethod codeBase="c:\Users\Bruce\source\repos\Jarvis Assistant MK2\JarvisAssistant.UnitTests\bin\Debug\net8.0\JarvisAssistant.UnitTests.dll" adapterTypeName="executor://xunit/VsTestRunner2/netcoreapp" className="JarvisAssistant.UnitTests.Services.LLM.LLMServerFailureTests" name="GenerateAsync_SslHandshakeFailure_ReturnsSslError" />
    </UnitTest>
    <UnitTest name="JarvisAssistant.UnitTests.Core.Models.ChatMessageCoreTests.TypeProperties_ShouldReturnCorrectValues(type: Error, isCode: False, isError: True, isVoice: False)" storage="c:\users\bruce\source\repos\jarvis assistant mk2\jarvisassistant.unittests\bin\debug\net8.0\jarvisassistant.unittests.dll" id="e6a5783c-4987-95ac-727e-3110ea61182c">
      <Execution id="21185e9e-7a3a-466b-b123-9e027a121bf3" />
      <TestMethod codeBase="c:\Users\Bruce\source\repos\Jarvis Assistant MK2\JarvisAssistant.UnitTests\bin\Debug\net8.0\JarvisAssistant.UnitTests.dll" adapterTypeName="executor://xunit/VsTestRunner2/netcoreapp" className="JarvisAssistant.UnitTests.Core.Models.ChatMessageCoreTests" name="TypeProperties_ShouldReturnCorrectValues" />
    </UnitTest>
    <UnitTest name="JarvisAssistant.UnitTests.Services.RateLimitServiceTests.GetWaitTimeAsync_WithNoRequests_ReturnsNull" storage="c:\users\bruce\source\repos\jarvis assistant mk2\jarvisassistant.unittests\bin\debug\net8.0\jarvisassistant.unittests.dll" id="31b6e9bc-d917-6f5b-db99-db472050e79f">
      <Execution id="1dd36d2a-6a21-4752-9f73-c8d5b49046c3" />
      <TestMethod codeBase="c:\Users\Bruce\source\repos\Jarvis Assistant MK2\JarvisAssistant.UnitTests\bin\Debug\net8.0\JarvisAssistant.UnitTests.dll" adapterTypeName="executor://xunit/VsTestRunner2/netcoreapp" className="JarvisAssistant.UnitTests.Services.RateLimitServiceTests" name="GetWaitTimeAsync_WithNoRequests_ReturnsNull" />
    </UnitTest>
    <UnitTest name="JarvisAssistant.UnitTests.Voice.VoiceModeManagerTests.GetCurrentAudioLevel_ReturnsValidRange" storage="c:\users\bruce\source\repos\jarvis assistant mk2\jarvisassistant.unittests\bin\debug\net8.0\jarvisassistant.unittests.dll" id="e2c9ec56-138a-8494-e044-72a4c413e52c">
      <Execution id="92760037-8a80-46ce-aba8-455849ec232b" />
      <TestMethod codeBase="c:\Users\Bruce\source\repos\Jarvis Assistant MK2\JarvisAssistant.UnitTests\bin\Debug\net8.0\JarvisAssistant.UnitTests.dll" adapterTypeName="executor://xunit/VsTestRunner2/netcoreapp" className="JarvisAssistant.UnitTests.Voice.VoiceModeManagerTests" name="GetCurrentAudioLevel_ReturnsValidRange" />
    </UnitTest>
    <UnitTest name="JarvisAssistant.UnitTests.Services.ErrorHandlingServiceTests.ClearErrorHistoryAsync_ShouldRemoveAllErrors" storage="c:\users\bruce\source\repos\jarvis assistant mk2\jarvisassistant.unittests\bin\debug\net8.0\jarvisassistant.unittests.dll" id="f6247ad0-e92c-aadc-73fa-56889b787aea">
      <Execution id="3f76164a-7bea-405b-8e66-144c195b44ae" />
      <TestMethod codeBase="c:\Users\Bruce\source\repos\Jarvis Assistant MK2\JarvisAssistant.UnitTests\bin\Debug\net8.0\JarvisAssistant.UnitTests.dll" adapterTypeName="executor://xunit/VsTestRunner2/netcoreapp" className="JarvisAssistant.UnitTests.Services.ErrorHandlingServiceTests" name="ClearErrorHistoryAsync_ShouldRemoveAllErrors" />
    </UnitTest>
    <UnitTest name="JarvisAssistant.UnitTests.UI.StatusPanelFunctionalityTests.RefreshStatusCommand_ShouldUpdateLastUpdated" storage="c:\users\bruce\source\repos\jarvis assistant mk2\jarvisassistant.unittests\bin\debug\net8.0\jarvisassistant.unittests.dll" id="f049e671-212a-d6ac-9693-ce3e603a55ad">
      <Execution id="8857ef84-9110-4185-af1b-9268de298ace" />
      <TestMethod codeBase="c:\Users\Bruce\source\repos\Jarvis Assistant MK2\JarvisAssistant.UnitTests\bin\Debug\net8.0\JarvisAssistant.UnitTests.dll" adapterTypeName="executor://xunit/VsTestRunner2/netcoreapp" className="JarvisAssistant.UnitTests.UI.StatusPanelFunctionalityTests" name="RefreshStatusCommand_ShouldUpdateLastUpdated" />
    </UnitTest>
    <UnitTest name="JarvisAssistant.UnitTests.Services.ThemeManagerTests.SupportsHotSwapping_ShouldReturnTrue" storage="c:\users\bruce\source\repos\jarvis assistant mk2\jarvisassistant.unittests\bin\debug\net8.0\jarvisassistant.unittests.dll" id="13b7e08e-fbfc-a64f-e1d8-38ab728faa11">
      <Execution id="a859eb89-ebc9-4da5-bef2-befa0aa78993" />
      <TestMethod codeBase="c:\Users\Bruce\source\repos\Jarvis Assistant MK2\JarvisAssistant.UnitTests\bin\Debug\net8.0\JarvisAssistant.UnitTests.dll" adapterTypeName="executor://xunit/VsTestRunner2/netcoreapp" className="JarvisAssistant.UnitTests.Services.ThemeManagerTests" name="SupportsHotSwapping_ShouldReturnTrue" />
    </UnitTest>
    <UnitTest name="JarvisAssistant.UnitTests.Integration.VoiceConfigurationTests.ElevenLabsConfig_IsValid_WithInvalidConfig_ReturnsFalse(apiKey: null, voiceId: &quot;voice&quot;, baseUrl: &quot;https://api.elevenlabs.io&quot;, timeoutSeconds: 30, maxRetryAttempts: 3, expected: False)" storage="c:\users\bruce\source\repos\jarvis assistant mk2\jarvisassistant.unittests\bin\debug\net8.0\jarvisassistant.unittests.dll" id="0d4e6734-0b6a-25db-b4a8-f8ed6b93e2e9">
      <Execution id="18afad89-eec9-4d01-a37c-17c716b9da5c" />
      <TestMethod codeBase="c:\Users\Bruce\source\repos\Jarvis Assistant MK2\JarvisAssistant.UnitTests\bin\Debug\net8.0\JarvisAssistant.UnitTests.dll" adapterTypeName="executor://xunit/VsTestRunner2/netcoreapp" className="JarvisAssistant.UnitTests.Integration.VoiceConfigurationTests" name="ElevenLabsConfig_IsValid_WithInvalidConfig_ReturnsFalse" />
    </UnitTest>
    <UnitTest name="JarvisAssistant.UnitTests.Services.LLM.PersonalityServiceTests.FormatResponseAsync_WithNonStreamingMode_AddsPersonalityElements" storage="c:\users\bruce\source\repos\jarvis assistant mk2\jarvisassistant.unittests\bin\debug\net8.0\jarvisassistant.unittests.dll" id="6cd6ce73-2c64-8929-ce5d-995250bc2258">
      <Execution id="d340722a-cd30-4cab-8c40-4478b31756ae" />
      <TestMethod codeBase="c:\Users\Bruce\source\repos\Jarvis Assistant MK2\JarvisAssistant.UnitTests\bin\Debug\net8.0\JarvisAssistant.UnitTests.dll" adapterTypeName="executor://xunit/VsTestRunner2/netcoreapp" className="JarvisAssistant.UnitTests.Services.LLM.PersonalityServiceTests" name="FormatResponseAsync_WithNonStreamingMode_AddsPersonalityElements" />
    </UnitTest>
    <UnitTest name="JarvisAssistant.UnitTests.Integration.ChatIntegrationTests.ErrorHandling_LLMServiceFailure_ShouldHandleGracefully" storage="c:\users\bruce\source\repos\jarvis assistant mk2\jarvisassistant.unittests\bin\debug\net8.0\jarvisassistant.unittests.dll" id="6a31d06d-8c72-33ff-27bd-9c4003c4be4a">
      <Execution id="770b16af-173e-41d9-b030-8b21ffd7eb5a" />
      <TestMethod codeBase="c:\Users\Bruce\source\repos\Jarvis Assistant MK2\JarvisAssistant.UnitTests\bin\Debug\net8.0\JarvisAssistant.UnitTests.dll" adapterTypeName="executor://xunit/VsTestRunner2/netcoreapp" className="JarvisAssistant.UnitTests.Integration.ChatIntegrationTests" name="ErrorHandling_LLMServiceFailure_ShouldHandleGracefully" />
    </UnitTest>
    <UnitTest name="JarvisAssistant.UnitTests.Services.ErrorHandlingServiceTests.HandleErrorAsync_WithNullErrorInfo_ShouldThrowArgumentNullException" storage="c:\users\bruce\source\repos\jarvis assistant mk2\jarvisassistant.unittests\bin\debug\net8.0\jarvisassistant.unittests.dll" id="12146a5d-6216-305f-a3a7-5b4486157846">
      <Execution id="712d7657-d3d0-43cb-bbe0-a4688ea5bd5d" />
      <TestMethod codeBase="c:\Users\Bruce\source\repos\Jarvis Assistant MK2\JarvisAssistant.UnitTests\bin\Debug\net8.0\JarvisAssistant.UnitTests.dll" adapterTypeName="executor://xunit/VsTestRunner2/netcoreapp" className="JarvisAssistant.UnitTests.Services.ErrorHandlingServiceTests" name="HandleErrorAsync_WithNullErrorInfo_ShouldThrowArgumentNullException" />
    </UnitTest>
    <UnitTest name="JarvisAssistant.UnitTests.Services.LLM.LLMErrorHandlerTests.ProcessException_HttpRequestException_404_ReturnsCorrectErrorCode(exceptionMessage: &quot;The remote server returned an error: (404) Not Fou&quot;···, expectedErrorCode: &quot;LLM-HTTP-404-001&quot;, expectedRetryable: False)" storage="c:\users\bruce\source\repos\jarvis assistant mk2\jarvisassistant.unittests\bin\debug\net8.0\jarvisassistant.unittests.dll" id="69b6ff9e-c2e1-239b-e32a-965a9ae95baf">
      <Execution id="8dbb54c0-91b0-4b3b-a47d-edd98b08f916" />
      <TestMethod codeBase="c:\Users\Bruce\source\repos\Jarvis Assistant MK2\JarvisAssistant.UnitTests\bin\Debug\net8.0\JarvisAssistant.UnitTests.dll" adapterTypeName="executor://xunit/VsTestRunner2/netcoreapp" className="JarvisAssistant.UnitTests.Services.LLM.LLMErrorHandlerTests" name="ProcessException_HttpRequestException_404_ReturnsCorrectErrorCode" />
    </UnitTest>
    <UnitTest name="JarvisAssistant.UnitTests.Services.ElevenLabsVoiceServiceTests.StreamSpeechAsync_WhenRateLimited_UsesFallbackService" storage="c:\users\bruce\source\repos\jarvis assistant mk2\jarvisassistant.unittests\bin\debug\net8.0\jarvisassistant.unittests.dll" id="2e59271c-2356-6933-af41-6f5b26e4aebb">
      <Execution id="c0d04636-7c9d-466a-8e42-9748032c033c" />
      <TestMethod codeBase="c:\Users\Bruce\source\repos\Jarvis Assistant MK2\JarvisAssistant.UnitTests\bin\Debug\net8.0\JarvisAssistant.UnitTests.dll" adapterTypeName="executor://xunit/VsTestRunner2/netcoreapp" className="JarvisAssistant.UnitTests.Services.ElevenLabsVoiceServiceTests" name="StreamSpeechAsync_WhenRateLimited_UsesFallbackService" />
    </UnitTest>
    <UnitTest name="JarvisAssistant.UnitTests.Services.RateLimitServiceTests.ResetAsync_ClearsAllData" storage="c:\users\bruce\source\repos\jarvis assistant mk2\jarvisassistant.unittests\bin\debug\net8.0\jarvisassistant.unittests.dll" id="7a17a922-056d-acdf-64d2-8fea4691250d">
      <Execution id="53450789-5cc2-4325-97a2-c07ebccd669a" />
      <TestMethod codeBase="c:\Users\Bruce\source\repos\Jarvis Assistant MK2\JarvisAssistant.UnitTests\bin\Debug\net8.0\JarvisAssistant.UnitTests.dll" adapterTypeName="executor://xunit/VsTestRunner2/netcoreapp" className="JarvisAssistant.UnitTests.Services.RateLimitServiceTests" name="ResetAsync_ClearsAllData" />
    </UnitTest>
    <UnitTest name="JarvisAssistant.UnitTests.Services.PlatformServiceTests.SupportsMultiPanel_ShouldReturnExpectedValueForPlatform(platform: iOS, expected: False)" storage="c:\users\bruce\source\repos\jarvis assistant mk2\jarvisassistant.unittests\bin\debug\net8.0\jarvisassistant.unittests.dll" id="52847632-93ac-864c-d8c1-59b80ca1299a">
      <Execution id="520ea959-87c1-4e54-be36-aebba65124a7" />
      <TestMethod codeBase="c:\Users\Bruce\source\repos\Jarvis Assistant MK2\JarvisAssistant.UnitTests\bin\Debug\net8.0\JarvisAssistant.UnitTests.dll" adapterTypeName="executor://xunit/VsTestRunner2/netcoreapp" className="JarvisAssistant.UnitTests.Services.PlatformServiceTests" name="SupportsMultiPanel_ShouldReturnExpectedValueForPlatform" />
    </UnitTest>
    <UnitTest name="JarvisAssistant.UnitTests.UI.MainPageButtonInteractionTests.MultipleNavigationAttempts_ShouldBeHandledCorrectly" storage="c:\users\bruce\source\repos\jarvis assistant mk2\jarvisassistant.unittests\bin\debug\net8.0\jarvisassistant.unittests.dll" id="9be2ee9c-01f8-3eba-f547-8dc310529c76">
      <Execution id="1c41e079-857e-43b5-920b-beadf97e4537" />
      <TestMethod codeBase="c:\Users\Bruce\source\repos\Jarvis Assistant MK2\JarvisAssistant.UnitTests\bin\Debug\net8.0\JarvisAssistant.UnitTests.dll" adapterTypeName="executor://xunit/VsTestRunner2/netcoreapp" className="JarvisAssistant.UnitTests.UI.MainPageButtonInteractionTests" name="MultipleNavigationAttempts_ShouldBeHandledCorrectly" />
    </UnitTest>
    <UnitTest name="JarvisAssistant.UnitTests.Services.PlatformServiceTests.IsGoogleTV_ShouldReturnTrueOnlyForAndroidTV(platform: AndroidTV, expected: True)" storage="c:\users\bruce\source\repos\jarvis assistant mk2\jarvisassistant.unittests\bin\debug\net8.0\jarvisassistant.unittests.dll" id="58ccc3e6-402b-1670-ca45-2965a1302b07">
      <Execution id="b26634bf-6db5-4734-8570-cb32c26b5147" />
      <TestMethod codeBase="c:\Users\Bruce\source\repos\Jarvis Assistant MK2\JarvisAssistant.UnitTests\bin\Debug\net8.0\JarvisAssistant.UnitTests.dll" adapterTypeName="executor://xunit/VsTestRunner2/netcoreapp" className="JarvisAssistant.UnitTests.Services.PlatformServiceTests" name="IsGoogleTV_ShouldReturnTrueOnlyForAndroidTV" />
    </UnitTest>
    <UnitTest name="JarvisAssistant.UnitTests.Services.LLM.OllamaClientTests.GenerateAsync_WithNetworkError_ThrowsInvalidOperationException" storage="c:\users\bruce\source\repos\jarvis assistant mk2\jarvisassistant.unittests\bin\debug\net8.0\jarvisassistant.unittests.dll" id="59a59965-a051-049e-d01c-6e8ee6106de3">
      <Execution id="d8d7a810-5a3b-4b76-8dc3-b8885c496769" />
      <TestMethod codeBase="c:\Users\Bruce\source\repos\Jarvis Assistant MK2\JarvisAssistant.UnitTests\bin\Debug\net8.0\JarvisAssistant.UnitTests.dll" adapterTypeName="executor://xunit/VsTestRunner2/netcoreapp" className="JarvisAssistant.UnitTests.Services.LLM.OllamaClientTests" name="GenerateAsync_WithNetworkError_ThrowsInvalidOperationException" />
    </UnitTest>
    <UnitTest name="JarvisAssistant.UnitTests.Services.AudioCacheServiceTests.CacheAudioAsync_WithValidData_StoresSuccessfully" storage="c:\users\bruce\source\repos\jarvis assistant mk2\jarvisassistant.unittests\bin\debug\net8.0\jarvisassistant.unittests.dll" id="d6652bae-c351-1979-2fb6-374c55c65ee6">
      <Execution id="d662d5af-de36-42e7-bdb6-82bcda0b1a09" />
      <TestMethod codeBase="c:\Users\Bruce\source\repos\Jarvis Assistant MK2\JarvisAssistant.UnitTests\bin\Debug\net8.0\JarvisAssistant.UnitTests.dll" adapterTypeName="executor://xunit/VsTestRunner2/netcoreapp" className="JarvisAssistant.UnitTests.Services.AudioCacheServiceTests" name="CacheAudioAsync_WithValidData_StoresSuccessfully" />
    </UnitTest>
    <UnitTest name="JarvisAssistant.UnitTests.Integration.LLMServiceIntegrationTests.SendMessageAsync_PersonalityConsistency_MaintainsJarvisCharacter" storage="c:\users\bruce\source\repos\jarvis assistant mk2\jarvisassistant.unittests\bin\debug\net8.0\jarvisassistant.unittests.dll" id="9bf9a7e3-43ce-f319-9ea4-a4ba0bb6f191">
      <Execution id="0efb345d-cf3b-4388-9a35-b51c5b091c3c" />
      <TestMethod codeBase="c:\Users\Bruce\source\repos\Jarvis Assistant MK2\JarvisAssistant.UnitTests\bin\Debug\net8.0\JarvisAssistant.UnitTests.dll" adapterTypeName="executor://xunit/VsTestRunner2/netcoreapp" className="JarvisAssistant.UnitTests.Integration.LLMServiceIntegrationTests" name="SendMessageAsync_PersonalityConsistency_MaintainsJarvisCharacter" />
    </UnitTest>
    <UnitTest name="JarvisAssistant.UnitTests.Voice.VoiceEventArgsTests.VoiceButtonPressedEventArgs_DefaultValues_AreSet" storage="c:\users\bruce\source\repos\jarvis assistant mk2\jarvisassistant.unittests\bin\debug\net8.0\jarvisassistant.unittests.dll" id="823c59db-0700-5e43-21d6-d2fca0ab66fc">
      <Execution id="6aa96259-69e8-4016-ae43-613a444b20e1" />
      <TestMethod codeBase="c:\Users\Bruce\source\repos\Jarvis Assistant MK2\JarvisAssistant.UnitTests\bin\Debug\net8.0\JarvisAssistant.UnitTests.dll" adapterTypeName="executor://xunit/VsTestRunner2/netcoreapp" className="JarvisAssistant.UnitTests.Voice.VoiceEventArgsTests" name="VoiceButtonPressedEventArgs_DefaultValues_AreSet" />
    </UnitTest>
    <UnitTest name="JarvisAssistant.UnitTests.Services.ThemeManagerTests.AutoSelectThemeAsync_WithPlatformService_ShouldUsePlatformOptimalTheme" storage="c:\users\bruce\source\repos\jarvis assistant mk2\jarvisassistant.unittests\bin\debug\net8.0\jarvisassistant.unittests.dll" id="8d43e885-5b6d-94c9-e629-82638db556ec">
      <Execution id="f07f745c-251b-4696-b783-21bfddd0798a" />
      <TestMethod codeBase="c:\Users\Bruce\source\repos\Jarvis Assistant MK2\JarvisAssistant.UnitTests\bin\Debug\net8.0\JarvisAssistant.UnitTests.dll" adapterTypeName="executor://xunit/VsTestRunner2/netcoreapp" className="JarvisAssistant.UnitTests.Services.ThemeManagerTests" name="AutoSelectThemeAsync_WithPlatformService_ShouldUsePlatformOptimalTheme" />
    </UnitTest>
    <UnitTest name="JarvisAssistant.UnitTests.Services.ElevenLabsVoiceServiceTests.GetQuotaInfoAsync_WithValidResponse_ReturnsQuotaInfo" storage="c:\users\bruce\source\repos\jarvis assistant mk2\jarvisassistant.unittests\bin\debug\net8.0\jarvisassistant.unittests.dll" id="c1f1f609-ef83-6f24-1363-97fb219473cf">
      <Execution id="153d2256-8e1e-45c9-b5a0-51dbbd9866fd" />
      <TestMethod codeBase="c:\Users\Bruce\source\repos\Jarvis Assistant MK2\JarvisAssistant.UnitTests\bin\Debug\net8.0\JarvisAssistant.UnitTests.dll" adapterTypeName="executor://xunit/VsTestRunner2/netcoreapp" className="JarvisAssistant.UnitTests.Services.ElevenLabsVoiceServiceTests" name="GetQuotaInfoAsync_WithValidResponse_ReturnsQuotaInfo" />
    </UnitTest>
    <UnitTest name="JarvisAssistant.UnitTests.UI.MAUIMainPageUITests.StartChatBtn_TouchInput_ShouldTriggerNavigation" storage="c:\users\bruce\source\repos\jarvis assistant mk2\jarvisassistant.unittests\bin\debug\net8.0\jarvisassistant.unittests.dll" id="142dc445-37f8-e92b-9855-abcd0cb8d229">
      <Execution id="3cac03ca-eb9b-4d77-b452-ce66404d7706" />
      <TestMethod codeBase="c:\Users\Bruce\source\repos\Jarvis Assistant MK2\JarvisAssistant.UnitTests\bin\Debug\net8.0\JarvisAssistant.UnitTests.dll" adapterTypeName="executor://xunit/VsTestRunner2/netcoreapp" className="JarvisAssistant.UnitTests.UI.MAUIMainPageUITests" name="StartChatBtn_TouchInput_ShouldTriggerNavigation" />
    </UnitTest>
    <UnitTest name="JarvisAssistant.UnitTests.Services.PlatformServiceTests.SupportsVoiceInput_ShouldReturnTrueForModernPlatforms(platform: iOS, expected: True)" storage="c:\users\bruce\source\repos\jarvis assistant mk2\jarvisassistant.unittests\bin\debug\net8.0\jarvisassistant.unittests.dll" id="52796568-a3c5-3e9b-cf7b-800d092e5488">
      <Execution id="cb2b45f5-42f0-48e8-a223-3a47bf346766" />
      <TestMethod codeBase="c:\Users\Bruce\source\repos\Jarvis Assistant MK2\JarvisAssistant.UnitTests\bin\Debug\net8.0\JarvisAssistant.UnitTests.dll" adapterTypeName="executor://xunit/VsTestRunner2/netcoreapp" className="JarvisAssistant.UnitTests.Services.PlatformServiceTests" name="SupportsVoiceInput_ShouldReturnTrueForModernPlatforms" />
    </UnitTest>
    <UnitTest name="JarvisAssistant.UnitTests.Core.Converters.ConverterLogicTests.StringToBool_ShouldReturnCorrectBooleanValues(input: &quot;Hello&quot;, expected: True)" storage="c:\users\bruce\source\repos\jarvis assistant mk2\jarvisassistant.unittests\bin\debug\net8.0\jarvisassistant.unittests.dll" id="fc7d30bd-5b61-b756-b8cb-530276130952">
      <Execution id="0efeab21-0f75-4b20-9de9-f1ef0f53c0bd" />
      <TestMethod codeBase="c:\Users\Bruce\source\repos\Jarvis Assistant MK2\JarvisAssistant.UnitTests\bin\Debug\net8.0\JarvisAssistant.UnitTests.dll" adapterTypeName="executor://xunit/VsTestRunner2/netcoreapp" className="JarvisAssistant.UnitTests.Core.Converters.ConverterLogicTests" name="StringToBool_ShouldReturnCorrectBooleanValues" />
    </UnitTest>
    <UnitTest name="JarvisAssistant.UnitTests.Services.LLM.OllamaClientTests.GetAvailableModelsAsync_WithError_ReturnsEmptyList" storage="c:\users\bruce\source\repos\jarvis assistant mk2\jarvisassistant.unittests\bin\debug\net8.0\jarvisassistant.unittests.dll" id="38760e01-7b16-b5be-d365-35b600eed873">
      <Execution id="b5f67672-bfe3-462f-abf6-4bff101c5c94" />
      <TestMethod codeBase="c:\Users\Bruce\source\repos\Jarvis Assistant MK2\JarvisAssistant.UnitTests\bin\Debug\net8.0\JarvisAssistant.UnitTests.dll" adapterTypeName="executor://xunit/VsTestRunner2/netcoreapp" className="JarvisAssistant.UnitTests.Services.LLM.OllamaClientTests" name="GetAvailableModelsAsync_WithError_ReturnsEmptyList" />
    </UnitTest>
    <UnitTest name="JarvisAssistant.UnitTests.Services.LLM.LLMServerFailureTests.GenerateAsync_HttpStatusCodeFailures_ReturnsSpecificErrorCodes(statusCode: NotFound, errorDescription: &quot;Service not found&quot;)" storage="c:\users\bruce\source\repos\jarvis assistant mk2\jarvisassistant.unittests\bin\debug\net8.0\jarvisassistant.unittests.dll" id="ed09a4cf-326f-f919-6990-f98d96224e93">
      <Execution id="d249fc5a-6b3a-4b4e-a92e-2252e4bbbf79" />
      <TestMethod codeBase="c:\Users\Bruce\source\repos\Jarvis Assistant MK2\JarvisAssistant.UnitTests\bin\Debug\net8.0\JarvisAssistant.UnitTests.dll" adapterTypeName="executor://xunit/VsTestRunner2/netcoreapp" className="JarvisAssistant.UnitTests.Services.LLM.LLMServerFailureTests" name="GenerateAsync_HttpStatusCodeFailures_ReturnsSpecificErrorCodes" />
    </UnitTest>
    <UnitTest name="JarvisAssistant.UnitTests.Services.LLM.PersonalityServiceTests.GetSystemPrompt_WithValidQueryType_ReturnsPrompt(queryType: Error)" storage="c:\users\bruce\source\repos\jarvis assistant mk2\jarvisassistant.unittests\bin\debug\net8.0\jarvisassistant.unittests.dll" id="c74fe9e1-13bd-e7f4-127a-3e6d748cb532">
      <Execution id="5d41dbd4-2206-4fca-a545-8be675f6cf97" />
      <TestMethod codeBase="c:\Users\Bruce\source\repos\Jarvis Assistant MK2\JarvisAssistant.UnitTests\bin\Debug\net8.0\JarvisAssistant.UnitTests.dll" adapterTypeName="executor://xunit/VsTestRunner2/netcoreapp" className="JarvisAssistant.UnitTests.Services.LLM.PersonalityServiceTests" name="GetSystemPrompt_WithValidQueryType_ReturnsPrompt" />
    </UnitTest>
    <UnitTest name="JarvisAssistant.UnitTests.Core.Models.ChatMessageCoreTests.TypeProperties_ShouldReturnCorrectValues(type: Text, isCode: False, isError: False, isVoice: False)" storage="c:\users\bruce\source\repos\jarvis assistant mk2\jarvisassistant.unittests\bin\debug\net8.0\jarvisassistant.unittests.dll" id="bfccf877-b15c-d747-5178-c3534343f118">
      <Execution id="55c0805c-a82d-4a46-9d0d-3826fd105b9c" />
      <TestMethod codeBase="c:\Users\Bruce\source\repos\Jarvis Assistant MK2\JarvisAssistant.UnitTests\bin\Debug\net8.0\JarvisAssistant.UnitTests.dll" adapterTypeName="executor://xunit/VsTestRunner2/netcoreapp" className="JarvisAssistant.UnitTests.Core.Models.ChatMessageCoreTests" name="TypeProperties_ShouldReturnCorrectValues" />
    </UnitTest>
    <UnitTest name="JarvisAssistant.UnitTests.Integration.LiveOllamaConnectionTests.LiveConnection_PingOllamaHost_ShouldBeReachable" storage="c:\users\bruce\source\repos\jarvis assistant mk2\jarvisassistant.unittests\bin\debug\net8.0\jarvisassistant.unittests.dll" id="0b52f6f9-a432-f3df-c889-d277881036ae">
      <Execution id="5c5c63f4-daf1-4a64-b8ce-2703b939ae9b" />
      <TestMethod codeBase="c:\Users\Bruce\source\repos\Jarvis Assistant MK2\JarvisAssistant.UnitTests\bin\Debug\net8.0\JarvisAssistant.UnitTests.dll" adapterTypeName="executor://xunit/VsTestRunner2/netcoreapp" className="JarvisAssistant.UnitTests.Integration.LiveOllamaConnectionTests" name="LiveConnection_PingOllamaHost_ShouldBeReachable" />
    </UnitTest>
    <UnitTest name="JarvisAssistant.UnitTests.Services.RateLimitServiceTests.GetWaitTimeAsync_WithRecentRequests_ReturnsWaitTime" storage="c:\users\bruce\source\repos\jarvis assistant mk2\jarvisassistant.unittests\bin\debug\net8.0\jarvisassistant.unittests.dll" id="8dd46100-c650-d7e2-0a64-ae07c83ff03c">
      <Execution id="449583d4-422c-4061-ae24-88ba906f1202" />
      <TestMethod codeBase="c:\Users\Bruce\source\repos\Jarvis Assistant MK2\JarvisAssistant.UnitTests\bin\Debug\net8.0\JarvisAssistant.UnitTests.dll" adapterTypeName="executor://xunit/VsTestRunner2/netcoreapp" className="JarvisAssistant.UnitTests.Services.RateLimitServiceTests" name="GetWaitTimeAsync_WithRecentRequests_ReturnsWaitTime" />
    </UnitTest>
    <UnitTest name="JarvisAssistant.UnitTests.Services.LLM.LLMErrorHandlerTests.LLMErrorMessages_GetErrorMessage_ReturnsNonEmptyMessage(errorCode: &quot;LLM-REQ-001&quot;)" storage="c:\users\bruce\source\repos\jarvis assistant mk2\jarvisassistant.unittests\bin\debug\net8.0\jarvisassistant.unittests.dll" id="2f46a73d-19e0-47b7-861e-bf7faa52eccb">
      <Execution id="09d1a68f-9372-4e30-8cf5-f4775ea712e7" />
      <TestMethod codeBase="c:\Users\Bruce\source\repos\Jarvis Assistant MK2\JarvisAssistant.UnitTests\bin\Debug\net8.0\JarvisAssistant.UnitTests.dll" adapterTypeName="executor://xunit/VsTestRunner2/netcoreapp" className="JarvisAssistant.UnitTests.Services.LLM.LLMErrorHandlerTests" name="LLMErrorMessages_GetErrorMessage_ReturnsNonEmptyMessage" />
    </UnitTest>
    <UnitTest name="JarvisAssistant.UnitTests.UI.MAUIUIIntegrationTests.Platform_MainPageButtons_ShouldWorkOnAllPlatforms(platform: &quot;Tizen&quot;)" storage="c:\users\bruce\source\repos\jarvis assistant mk2\jarvisassistant.unittests\bin\debug\net8.0\jarvisassistant.unittests.dll" id="fbc06d42-5295-4276-d659-8480f80ddb58">
      <Execution id="5db1b8ae-0561-4206-8955-35125fc397f6" />
      <TestMethod codeBase="c:\Users\Bruce\source\repos\Jarvis Assistant MK2\JarvisAssistant.UnitTests\bin\Debug\net8.0\JarvisAssistant.UnitTests.dll" adapterTypeName="executor://xunit/VsTestRunner2/netcoreapp" className="JarvisAssistant.UnitTests.UI.MAUIUIIntegrationTests" name="Platform_MainPageButtons_ShouldWorkOnAllPlatforms" />
    </UnitTest>
    <UnitTest name="JarvisAssistant.UnitTests.Services.LLM.LLMServerFailureTests.GetAvailableModelsAsync_404Error_ReturnsEmptyList" storage="c:\users\bruce\source\repos\jarvis assistant mk2\jarvisassistant.unittests\bin\debug\net8.0\jarvisassistant.unittests.dll" id="8a32f239-1308-e3aa-c372-f702a7ca30c3">
      <Execution id="bb9c3cf2-67fe-40e6-b023-e632c8aa51c9" />
      <TestMethod codeBase="c:\Users\Bruce\source\repos\Jarvis Assistant MK2\JarvisAssistant.UnitTests\bin\Debug\net8.0\JarvisAssistant.UnitTests.dll" adapterTypeName="executor://xunit/VsTestRunner2/netcoreapp" className="JarvisAssistant.UnitTests.Services.LLM.LLMServerFailureTests" name="GetAvailableModelsAsync_404Error_ReturnsEmptyList" />
    </UnitTest>
    <UnitTest name="JarvisAssistant.UnitTests.Services.MauiThemeManagerTests.SwitchThemeAsync_AllThemes_ShouldSucceed(theme: Light)" storage="c:\users\bruce\source\repos\jarvis assistant mk2\jarvisassistant.unittests\bin\debug\net8.0\jarvisassistant.unittests.dll" id="1f267a72-9ea5-4d8c-a7dc-7020c4cd0fb1">
      <Execution id="d99c081c-1603-42a4-8900-46ec6ae521c8" />
      <TestMethod codeBase="c:\Users\Bruce\source\repos\Jarvis Assistant MK2\JarvisAssistant.UnitTests\bin\Debug\net8.0\JarvisAssistant.UnitTests.dll" adapterTypeName="executor://xunit/VsTestRunner2/netcoreapp" className="JarvisAssistant.UnitTests.Services.MauiThemeManagerTests" name="SwitchThemeAsync_AllThemes_ShouldSucceed" />
    </UnitTest>
    <UnitTest name="JarvisAssistant.UnitTests.Services.PlatformServiceInterfaceTests.GetOptimalTheme_Logic_ShouldReturnExpectedThemes(platform: iOS, expectedTheme: Mobile)" storage="c:\users\bruce\source\repos\jarvis assistant mk2\jarvisassistant.unittests\bin\debug\net8.0\jarvisassistant.unittests.dll" id="c23b7e5a-1b39-3a8f-f187-ec8fa7765e9a">
      <Execution id="99a21b87-cff3-4f31-9349-13a705fdf675" />
      <TestMethod codeBase="c:\Users\Bruce\source\repos\Jarvis Assistant MK2\JarvisAssistant.UnitTests\bin\Debug\net8.0\JarvisAssistant.UnitTests.dll" adapterTypeName="executor://xunit/VsTestRunner2/netcoreapp" className="JarvisAssistant.UnitTests.Services.PlatformServiceInterfaceTests" name="GetOptimalTheme_Logic_ShouldReturnExpectedThemes" />
    </UnitTest>
    <UnitTest name="JarvisAssistant.UnitTests.Services.LLM.LLMServerFailureTests.GenerateAsync_InvalidConfiguration_ThrowsArgumentException" storage="c:\users\bruce\source\repos\jarvis assistant mk2\jarvisassistant.unittests\bin\debug\net8.0\jarvisassistant.unittests.dll" id="ec5ee7f3-2615-c6cb-d194-861017d3539e">
      <Execution id="c8bfb7c0-cd9e-4695-828f-b0131e797bef" />
      <TestMethod codeBase="c:\Users\Bruce\source\repos\Jarvis Assistant MK2\JarvisAssistant.UnitTests\bin\Debug\net8.0\JarvisAssistant.UnitTests.dll" adapterTypeName="executor://xunit/VsTestRunner2/netcoreapp" className="JarvisAssistant.UnitTests.Services.LLM.LLMServerFailureTests" name="GenerateAsync_InvalidConfiguration_ThrowsArgumentException" />
    </UnitTest>
    <UnitTest name="JarvisAssistant.UnitTests.Voice.VoiceCommandProcessorTests.UpdateCommandPatterns_WithValidPatterns_UpdatesSuccessfully" storage="c:\users\bruce\source\repos\jarvis assistant mk2\jarvisassistant.unittests\bin\debug\net8.0\jarvisassistant.unittests.dll" id="064029e8-b6a0-5da7-fc1d-3f9dd6c69d09">
      <Execution id="914d65dc-d83b-404e-80fd-07476fedc50a" />
      <TestMethod codeBase="c:\Users\Bruce\source\repos\Jarvis Assistant MK2\JarvisAssistant.UnitTests\bin\Debug\net8.0\JarvisAssistant.UnitTests.dll" adapterTypeName="executor://xunit/VsTestRunner2/netcoreapp" className="JarvisAssistant.UnitTests.Voice.VoiceCommandProcessorTests" name="UpdateCommandPatterns_WithValidPatterns_UpdatesSuccessfully" />
    </UnitTest>
    <UnitTest name="JarvisAssistant.UnitTests.Services.MauiThemeManagerTests.GetSystemThemeAsync_ShouldReturnValidTheme" storage="c:\users\bruce\source\repos\jarvis assistant mk2\jarvisassistant.unittests\bin\debug\net8.0\jarvisassistant.unittests.dll" id="055b0c10-8d0b-51e0-9fdb-7749c78c6b9a">
      <Execution id="8be46621-8f2f-4eb2-a6a1-3e0400efee50" />
      <TestMethod codeBase="c:\Users\Bruce\source\repos\Jarvis Assistant MK2\JarvisAssistant.UnitTests\bin\Debug\net8.0\JarvisAssistant.UnitTests.dll" adapterTypeName="executor://xunit/VsTestRunner2/netcoreapp" className="JarvisAssistant.UnitTests.Services.MauiThemeManagerTests" name="GetSystemThemeAsync_ShouldReturnValidTheme" />
    </UnitTest>
    <UnitTest name="JarvisAssistant.UnitTests.UI.MAUIMainPageUITests.StatusPanel_ShouldBeConfiguredCorrectly" storage="c:\users\bruce\source\repos\jarvis assistant mk2\jarvisassistant.unittests\bin\debug\net8.0\jarvisassistant.unittests.dll" id="2152597f-0282-fb73-9f60-d482210a001a">
      <Execution id="55c3078d-5f1a-4d5c-984f-c3f0af3a5a0d" />
      <TestMethod codeBase="c:\Users\Bruce\source\repos\Jarvis Assistant MK2\JarvisAssistant.UnitTests\bin\Debug\net8.0\JarvisAssistant.UnitTests.dll" adapterTypeName="executor://xunit/VsTestRunner2/netcoreapp" className="JarvisAssistant.UnitTests.UI.MAUIMainPageUITests" name="StatusPanel_ShouldBeConfiguredCorrectly" />
    </UnitTest>
    <UnitTest name="JarvisAssistant.UnitTests.Services.LLM.LLMErrorHandlerTests.ProcessException_CompleteErrorScenario_ReturnsDetailedResponse" storage="c:\users\bruce\source\repos\jarvis assistant mk2\jarvisassistant.unittests\bin\debug\net8.0\jarvisassistant.unittests.dll" id="992ae55d-91ef-df52-d4db-400945313101">
      <Execution id="15464d0b-8b8d-456e-b12d-b0a3f1c6284c" />
      <TestMethod codeBase="c:\Users\Bruce\source\repos\Jarvis Assistant MK2\JarvisAssistant.UnitTests\bin\Debug\net8.0\JarvisAssistant.UnitTests.dll" adapterTypeName="executor://xunit/VsTestRunner2/netcoreapp" className="JarvisAssistant.UnitTests.Services.LLM.LLMErrorHandlerTests" name="ProcessException_CompleteErrorScenario_ReturnsDetailedResponse" />
    </UnitTest>
    <UnitTest name="JarvisAssistant.UnitTests.Integration.LLMServiceIntegrationTests.SendMessageAsync_WithDifferentQueryTypes_ReturnsAppropriateResponses(message: &quot;Explain quantum computing&quot;, expectedQueryType: Technical)" storage="c:\users\bruce\source\repos\jarvis assistant mk2\jarvisassistant.unittests\bin\debug\net8.0\jarvisassistant.unittests.dll" id="9ade8187-1d6f-8343-8b5b-5d47bc0efd08">
      <Execution id="565bfeaf-41df-495a-8124-8c91c4f24460" />
      <TestMethod codeBase="c:\Users\Bruce\source\repos\Jarvis Assistant MK2\JarvisAssistant.UnitTests\bin\Debug\net8.0\JarvisAssistant.UnitTests.dll" adapterTypeName="executor://xunit/VsTestRunner2/netcoreapp" className="JarvisAssistant.UnitTests.Integration.LLMServiceIntegrationTests" name="SendMessageAsync_WithDifferentQueryTypes_ReturnsAppropriateResponses" />
    </UnitTest>
    <UnitTest name="JarvisAssistant.UnitTests.Services.PlatformServiceTests.SupportsMultiPanel_ShouldReturnExpectedValueForPlatform(platform: Android, expected: False)" storage="c:\users\bruce\source\repos\jarvis assistant mk2\jarvisassistant.unittests\bin\debug\net8.0\jarvisassistant.unittests.dll" id="36aec392-1adb-41a3-1ac3-b4c50d8b965f">
      <Execution id="fdb0b675-3585-4666-85f1-57eb63d36562" />
      <TestMethod codeBase="c:\Users\Bruce\source\repos\Jarvis Assistant MK2\JarvisAssistant.UnitTests\bin\Debug\net8.0\JarvisAssistant.UnitTests.dll" adapterTypeName="executor://xunit/VsTestRunner2/netcoreapp" className="JarvisAssistant.UnitTests.Services.PlatformServiceTests" name="SupportsMultiPanel_ShouldReturnExpectedValueForPlatform" />
    </UnitTest>
    <UnitTest name="JarvisAssistant.UnitTests.Integration.ElevenLabsServiceExtensionsTests.AddElevenLabsVoiceServiceFromEnvironment_WithoutApiKey_ThrowsException" storage="c:\users\bruce\source\repos\jarvis assistant mk2\jarvisassistant.unittests\bin\debug\net8.0\jarvisassistant.unittests.dll" id="4d151046-8f3c-f0e8-f6b5-23e68cbf69b8">
      <Execution id="00467a03-ec11-4110-9f47-bf670688b6cf" />
      <TestMethod codeBase="c:\Users\Bruce\source\repos\Jarvis Assistant MK2\JarvisAssistant.UnitTests\bin\Debug\net8.0\JarvisAssistant.UnitTests.dll" adapterTypeName="executor://xunit/VsTestRunner2/netcoreapp" className="JarvisAssistant.UnitTests.Integration.ElevenLabsServiceExtensionsTests" name="AddElevenLabsVoiceServiceFromEnvironment_WithoutApiKey_ThrowsException" />
    </UnitTest>
    <UnitTest name="JarvisAssistant.UnitTests.Services.LLM.LLMErrorHandlerTests.ProcessException_LogsErrorWithCorrectLevel" storage="c:\users\bruce\source\repos\jarvis assistant mk2\jarvisassistant.unittests\bin\debug\net8.0\jarvisassistant.unittests.dll" id="826c96bf-06d1-1fcb-1510-dcb256725339">
      <Execution id="c2746719-b620-4030-b422-b89c5613805b" />
      <TestMethod codeBase="c:\Users\Bruce\source\repos\Jarvis Assistant MK2\JarvisAssistant.UnitTests\bin\Debug\net8.0\JarvisAssistant.UnitTests.dll" adapterTypeName="executor://xunit/VsTestRunner2/netcoreapp" className="JarvisAssistant.UnitTests.Services.LLM.LLMErrorHandlerTests" name="ProcessException_LogsErrorWithCorrectLevel" />
    </UnitTest>
    <UnitTest name="JarvisAssistant.UnitTests.UI.StatusPanelFunctionalityTests.StatusPanelViewModel_ShouldInitializeWithDefaultValues" storage="c:\users\bruce\source\repos\jarvis assistant mk2\jarvisassistant.unittests\bin\debug\net8.0\jarvisassistant.unittests.dll" id="b5825559-7238-0478-7b4f-f348be4de031">
      <Execution id="aacbddf3-69ab-4178-a66f-9ded3b15c187" />
      <TestMethod codeBase="c:\Users\Bruce\source\repos\Jarvis Assistant MK2\JarvisAssistant.UnitTests\bin\Debug\net8.0\JarvisAssistant.UnitTests.dll" adapterTypeName="executor://xunit/VsTestRunner2/netcoreapp" className="JarvisAssistant.UnitTests.UI.StatusPanelFunctionalityTests" name="StatusPanelViewModel_ShouldInitializeWithDefaultValues" />
    </UnitTest>
    <UnitTest name="JarvisAssistant.UnitTests.Voice.VoiceCommandModelTests.VoiceCommandSource_AllValues_AreValid(source: PushToTalk)" storage="c:\users\bruce\source\repos\jarvis assistant mk2\jarvisassistant.unittests\bin\debug\net8.0\jarvisassistant.unittests.dll" id="ea77216d-dd84-1e46-6526-7ec22f1ea73e">
      <Execution id="b6a04fb5-de6e-4bb8-87ad-7a874d27500e" />
      <TestMethod codeBase="c:\Users\Bruce\source\repos\Jarvis Assistant MK2\JarvisAssistant.UnitTests\bin\Debug\net8.0\JarvisAssistant.UnitTests.dll" adapterTypeName="executor://xunit/VsTestRunner2/netcoreapp" className="JarvisAssistant.UnitTests.Voice.VoiceCommandModelTests" name="VoiceCommandSource_AllValues_AreValid" />
    </UnitTest>
    <UnitTest name="JarvisAssistant.UnitTests.Services.LLM.PersonalityServiceTests.FormatResponseAsync_WithEmptyResponse_ReturnsEmpty" storage="c:\users\bruce\source\repos\jarvis assistant mk2\jarvisassistant.unittests\bin\debug\net8.0\jarvisassistant.unittests.dll" id="e3aea423-98bf-a7e2-e4c0-84c6f9dc53db">
      <Execution id="6f121d0d-1708-4836-b980-a6c9385544b6" />
      <TestMethod codeBase="c:\Users\Bruce\source\repos\Jarvis Assistant MK2\JarvisAssistant.UnitTests\bin\Debug\net8.0\JarvisAssistant.UnitTests.dll" adapterTypeName="executor://xunit/VsTestRunner2/netcoreapp" className="JarvisAssistant.UnitTests.Services.LLM.PersonalityServiceTests" name="FormatResponseAsync_WithEmptyResponse_ReturnsEmpty" />
    </UnitTest>
    <UnitTest name="JarvisAssistant.UnitTests.Services.PlatformServiceTests.CurrentPlatform_ShouldReturnValidPlatformType" storage="c:\users\bruce\source\repos\jarvis assistant mk2\jarvisassistant.unittests\bin\debug\net8.0\jarvisassistant.unittests.dll" id="cf3b5f94-3a15-f9cf-9d08-cd93d7b43772">
      <Execution id="00576668-860c-4684-831c-3bd0b80bae87" />
      <TestMethod codeBase="c:\Users\Bruce\source\repos\Jarvis Assistant MK2\JarvisAssistant.UnitTests\bin\Debug\net8.0\JarvisAssistant.UnitTests.dll" adapterTypeName="executor://xunit/VsTestRunner2/netcoreapp" className="JarvisAssistant.UnitTests.Services.PlatformServiceTests" name="CurrentPlatform_ShouldReturnValidPlatformType" />
    </UnitTest>
    <UnitTest name="JarvisAssistant.UnitTests.Services.ThemeManagerTests.SwitchThemeAsync_ShouldTriggerThemeChangedEvent" storage="c:\users\bruce\source\repos\jarvis assistant mk2\jarvisassistant.unittests\bin\debug\net8.0\jarvisassistant.unittests.dll" id="d4c73174-ae59-6ac1-eab5-1879535ffaee">
      <Execution id="4cd548b4-f374-42cf-9c3d-58ab1f5fdec2" />
      <TestMethod codeBase="c:\Users\Bruce\source\repos\Jarvis Assistant MK2\JarvisAssistant.UnitTests\bin\Debug\net8.0\JarvisAssistant.UnitTests.dll" adapterTypeName="executor://xunit/VsTestRunner2/netcoreapp" className="JarvisAssistant.UnitTests.Services.ThemeManagerTests" name="SwitchThemeAsync_ShouldTriggerThemeChangedEvent" />
    </UnitTest>
    <UnitTest name="JarvisAssistant.UnitTests.UI.StatusPanelFunctionalityTests.SimulateCloseButtonTap_WhenExpanded_ShouldCollapse" storage="c:\users\bruce\source\repos\jarvis assistant mk2\jarvisassistant.unittests\bin\debug\net8.0\jarvisassistant.unittests.dll" id="4f5d3555-3f48-866b-7614-28f678f55d54">
      <Execution id="17bdf158-001c-48a2-88ea-2f2487d13de6" />
      <TestMethod codeBase="c:\Users\Bruce\source\repos\Jarvis Assistant MK2\JarvisAssistant.UnitTests\bin\Debug\net8.0\JarvisAssistant.UnitTests.dll" adapterTypeName="executor://xunit/VsTestRunner2/netcoreapp" className="JarvisAssistant.UnitTests.UI.StatusPanelFunctionalityTests" name="SimulateCloseButtonTap_WhenExpanded_ShouldCollapse" />
    </UnitTest>
    <UnitTest name="JarvisAssistant.UnitTests.UI.MAUIMainPageUITests.Buttons_ShouldRespondToPlatformSpecificInput(platform: &quot;iOS&quot;, inputMethod: &quot;Touch&quot;)" storage="c:\users\bruce\source\repos\jarvis assistant mk2\jarvisassistant.unittests\bin\debug\net8.0\jarvisassistant.unittests.dll" id="2c13924f-bdf2-2c12-f899-f3c9e789e655">
      <Execution id="bcb7a053-4c36-44df-8d97-6b3fface8d40" />
      <TestMethod codeBase="c:\Users\Bruce\source\repos\Jarvis Assistant MK2\JarvisAssistant.UnitTests\bin\Debug\net8.0\JarvisAssistant.UnitTests.dll" adapterTypeName="executor://xunit/VsTestRunner2/netcoreapp" className="JarvisAssistant.UnitTests.UI.MAUIMainPageUITests" name="Buttons_ShouldRespondToPlatformSpecificInput" />
    </UnitTest>
    <UnitTest name="JarvisAssistant.UnitTests.Voice.VoiceCommandProcessorTests.SupportedCommands_ContainsAllDefaultCommands(commandType: Help)" storage="c:\users\bruce\source\repos\jarvis assistant mk2\jarvisassistant.unittests\bin\debug\net8.0\jarvisassistant.unittests.dll" id="51fe0183-d7f8-82c8-cf5d-ba3e2d9e7b8b">
      <Execution id="59fa0a31-9df8-49af-a213-b3119d734845" />
      <TestMethod codeBase="c:\Users\Bruce\source\repos\Jarvis Assistant MK2\JarvisAssistant.UnitTests\bin\Debug\net8.0\JarvisAssistant.UnitTests.dll" adapterTypeName="executor://xunit/VsTestRunner2/netcoreapp" className="JarvisAssistant.UnitTests.Voice.VoiceCommandProcessorTests" name="SupportedCommands_ContainsAllDefaultCommands" />
    </UnitTest>
    <UnitTest name="JarvisAssistant.UnitTests.Services.PlatformServiceTests.GetScreenDensity_ShouldReturnPositiveValue(platform: AndroidTV, expectedDensity: 1.5)" storage="c:\users\bruce\source\repos\jarvis assistant mk2\jarvisassistant.unittests\bin\debug\net8.0\jarvisassistant.unittests.dll" id="ce6e97bf-c611-5064-ddef-36e13c2efaf5">
      <Execution id="49e6980f-4b9c-4905-b3e3-f57955635d76" />
      <TestMethod codeBase="c:\Users\Bruce\source\repos\Jarvis Assistant MK2\JarvisAssistant.UnitTests\bin\Debug\net8.0\JarvisAssistant.UnitTests.dll" adapterTypeName="executor://xunit/VsTestRunner2/netcoreapp" className="JarvisAssistant.UnitTests.Services.PlatformServiceTests" name="GetScreenDensity_ShouldReturnPositiveValue" />
    </UnitTest>
    <UnitTest name="JarvisAssistant.UnitTests.Services.LLM.OllamaClientTests.GenerateAsync_WithValidRequest_ReturnsResponse" storage="c:\users\bruce\source\repos\jarvis assistant mk2\jarvisassistant.unittests\bin\debug\net8.0\jarvisassistant.unittests.dll" id="3a4ef977-92fe-024d-a522-c902246a126e">
      <Execution id="a51dfa93-bdce-45b3-b197-523ddde149d0" />
      <TestMethod codeBase="c:\Users\Bruce\source\repos\Jarvis Assistant MK2\JarvisAssistant.UnitTests\bin\Debug\net8.0\JarvisAssistant.UnitTests.dll" adapterTypeName="executor://xunit/VsTestRunner2/netcoreapp" className="JarvisAssistant.UnitTests.Services.LLM.OllamaClientTests" name="GenerateAsync_WithValidRequest_ReturnsResponse" />
    </UnitTest>
    <UnitTest name="JarvisAssistant.UnitTests.Services.StatusMonitorServiceTests.StatusMonitorService_HandlesConcurrentAccess_ThreadSafe" storage="c:\users\bruce\source\repos\jarvis assistant mk2\jarvisassistant.unittests\bin\debug\net8.0\jarvisassistant.unittests.dll" id="48b03b65-aaeb-9123-630e-da5b46b4f6a4">
      <Execution id="b51a6ed6-2162-41b7-9c9d-1798cf1c762b" />
      <TestMethod codeBase="c:\Users\Bruce\source\repos\Jarvis Assistant MK2\JarvisAssistant.UnitTests\bin\Debug\net8.0\JarvisAssistant.UnitTests.dll" adapterTypeName="executor://xunit/VsTestRunner2/netcoreapp" className="JarvisAssistant.UnitTests.Services.StatusMonitorServiceTests" name="StatusMonitorService_HandlesConcurrentAccess_ThreadSafe" />
    </UnitTest>
    <UnitTest name="JarvisAssistant.UnitTests.Services.LLM.LLMServerFailureTests.GenerateAsync_HostNotFound_ReturnsHostError" storage="c:\users\bruce\source\repos\jarvis assistant mk2\jarvisassistant.unittests\bin\debug\net8.0\jarvisassistant.unittests.dll" id="0741ba0b-d0ea-f890-cfb1-de8f53185f42">
      <Execution id="7af1e9a1-1169-457e-a55f-8851806297bb" />
      <TestMethod codeBase="c:\Users\Bruce\source\repos\Jarvis Assistant MK2\JarvisAssistant.UnitTests\bin\Debug\net8.0\JarvisAssistant.UnitTests.dll" adapterTypeName="executor://xunit/VsTestRunner2/netcoreapp" className="JarvisAssistant.UnitTests.Services.LLM.LLMServerFailureTests" name="GenerateAsync_HostNotFound_ReturnsHostError" />
    </UnitTest>
    <UnitTest name="JarvisAssistant.UnitTests.Integration.ChatIntegrationTests.LLMService_GetActiveModel_ShouldReturnModelName" storage="c:\users\bruce\source\repos\jarvis assistant mk2\jarvisassistant.unittests\bin\debug\net8.0\jarvisassistant.unittests.dll" id="1103409d-5f62-3df4-bb33-264d02679380">
      <Execution id="70ff533a-52b3-4a04-a4f7-5eb7e494175f" />
      <TestMethod codeBase="c:\Users\Bruce\source\repos\Jarvis Assistant MK2\JarvisAssistant.UnitTests\bin\Debug\net8.0\JarvisAssistant.UnitTests.dll" adapterTypeName="executor://xunit/VsTestRunner2/netcoreapp" className="JarvisAssistant.UnitTests.Integration.ChatIntegrationTests" name="LLMService_GetActiveModel_ShouldReturnModelName" />
    </UnitTest>
    <UnitTest name="JarvisAssistant.UnitTests.Services.LLM.LLMServerFailureTests.GenerateAsync_RequestTimeout_ReturnsTimeoutError" storage="c:\users\bruce\source\repos\jarvis assistant mk2\jarvisassistant.unittests\bin\debug\net8.0\jarvisassistant.unittests.dll" id="08596c27-779b-f5a8-8b71-dd5c936effbb">
      <Execution id="99e12748-50c7-472f-98a7-fe2712e019cf" />
      <TestMethod codeBase="c:\Users\Bruce\source\repos\Jarvis Assistant MK2\JarvisAssistant.UnitTests\bin\Debug\net8.0\JarvisAssistant.UnitTests.dll" adapterTypeName="executor://xunit/VsTestRunner2/netcoreapp" className="JarvisAssistant.UnitTests.Services.LLM.LLMServerFailureTests" name="GenerateAsync_RequestTimeout_ReturnsTimeoutError" />
    </UnitTest>
    <UnitTest name="JarvisAssistant.UnitTests.Integration.LiveOllamaConnectionTests.LiveConnection_CheckSpecificModel_ShouldReportAvailability(modelName: &quot;qwen2.5&quot;)" storage="c:\users\bruce\source\repos\jarvis assistant mk2\jarvisassistant.unittests\bin\debug\net8.0\jarvisassistant.unittests.dll" id="518ad318-26ed-b0c5-0cda-81ed794c365f">
      <Execution id="2c33fd7c-feed-4461-8a04-5232323df2c8" />
      <TestMethod codeBase="c:\Users\Bruce\source\repos\Jarvis Assistant MK2\JarvisAssistant.UnitTests\bin\Debug\net8.0\JarvisAssistant.UnitTests.dll" adapterTypeName="executor://xunit/VsTestRunner2/netcoreapp" className="JarvisAssistant.UnitTests.Integration.LiveOllamaConnectionTests" name="LiveConnection_CheckSpecificModel_ShouldReportAvailability" />
    </UnitTest>
    <UnitTest name="JarvisAssistant.UnitTests.Services.LLM.LLMErrorHandlerTests.ProcessException_HttpRequestException_ConnectionRefused_ReturnsCorrectErrorCode(exceptionMessage: &quot;Connection failed&quot;, expectedErrorCode: &quot;LLM-CONN-001&quot;)" storage="c:\users\bruce\source\repos\jarvis assistant mk2\jarvisassistant.unittests\bin\debug\net8.0\jarvisassistant.unittests.dll" id="7b853515-74a8-4c86-35ea-8162aa4cfd22">
      <Execution id="2a2d27cb-ad9f-4d9a-b0eb-58fb237be808" />
      <TestMethod codeBase="c:\Users\Bruce\source\repos\Jarvis Assistant MK2\JarvisAssistant.UnitTests\bin\Debug\net8.0\JarvisAssistant.UnitTests.dll" adapterTypeName="executor://xunit/VsTestRunner2/netcoreapp" className="JarvisAssistant.UnitTests.Services.LLM.LLMErrorHandlerTests" name="ProcessException_HttpRequestException_ConnectionRefused_ReturnsCorrectErrorCode" />
    </UnitTest>
    <UnitTest name="JarvisAssistant.UnitTests.Services.PlatformServiceTests.PlatformService_EdgeCases_ShouldBeHandledGracefully" storage="c:\users\bruce\source\repos\jarvis assistant mk2\jarvisassistant.unittests\bin\debug\net8.0\jarvisassistant.unittests.dll" id="c5c80c78-762a-101d-ea25-99fa4627b205">
      <Execution id="025b9761-b5ca-4d1f-9662-cc2ee0274b8c" />
      <TestMethod codeBase="c:\Users\Bruce\source\repos\Jarvis Assistant MK2\JarvisAssistant.UnitTests\bin\Debug\net8.0\JarvisAssistant.UnitTests.dll" adapterTypeName="executor://xunit/VsTestRunner2/netcoreapp" className="JarvisAssistant.UnitTests.Services.PlatformServiceTests" name="PlatformService_EdgeCases_ShouldBeHandledGracefully" />
    </UnitTest>
    <UnitTest name="JarvisAssistant.UnitTests.Services.RateLimitServiceTests.Dispose_DoesNotThrow" storage="c:\users\bruce\source\repos\jarvis assistant mk2\jarvisassistant.unittests\bin\debug\net8.0\jarvisassistant.unittests.dll" id="267d7dcb-3705-8bad-a2f9-558ed2b82d52">
      <Execution id="8dab04d6-6a98-4a3c-be01-b41ab8ffaf74" />
      <TestMethod codeBase="c:\Users\Bruce\source\repos\Jarvis Assistant MK2\JarvisAssistant.UnitTests\bin\Debug\net8.0\JarvisAssistant.UnitTests.dll" adapterTypeName="executor://xunit/VsTestRunner2/netcoreapp" className="JarvisAssistant.UnitTests.Services.RateLimitServiceTests" name="Dispose_DoesNotThrow" />
    </UnitTest>
    <UnitTest name="JarvisAssistant.UnitTests.Services.LLM.LLMServerFailureTests.GenerateAsync_OutOfMemory_ThrowsOutOfMemoryException" storage="c:\users\bruce\source\repos\jarvis assistant mk2\jarvisassistant.unittests\bin\debug\net8.0\jarvisassistant.unittests.dll" id="04d7adba-2549-4ced-6a70-176815b22876">
      <Execution id="3302dadc-2ffb-4bdb-8142-11ac9912cab6" />
      <TestMethod codeBase="c:\Users\Bruce\source\repos\Jarvis Assistant MK2\JarvisAssistant.UnitTests\bin\Debug\net8.0\JarvisAssistant.UnitTests.dll" adapterTypeName="executor://xunit/VsTestRunner2/netcoreapp" className="JarvisAssistant.UnitTests.Services.LLM.LLMServerFailureTests" name="GenerateAsync_OutOfMemory_ThrowsOutOfMemoryException" />
    </UnitTest>
    <UnitTest name="JarvisAssistant.UnitTests.Core.Converters.ConverterLogicTests.StringToBool_ShouldReturnCorrectBooleanValues(input: &quot;&quot;, expected: False)" storage="c:\users\bruce\source\repos\jarvis assistant mk2\jarvisassistant.unittests\bin\debug\net8.0\jarvisassistant.unittests.dll" id="75b1045e-49e8-fe86-b5a8-628c6ca5740f">
      <Execution id="532510ba-f49f-4e7d-8076-015affde992a" />
      <TestMethod codeBase="c:\Users\Bruce\source\repos\Jarvis Assistant MK2\JarvisAssistant.UnitTests\bin\Debug\net8.0\JarvisAssistant.UnitTests.dll" adapterTypeName="executor://xunit/VsTestRunner2/netcoreapp" className="JarvisAssistant.UnitTests.Core.Converters.ConverterLogicTests" name="StringToBool_ShouldReturnCorrectBooleanValues" />
    </UnitTest>
    <UnitTest name="JarvisAssistant.UnitTests.Services.StatusMonitorServiceTests.GetServiceStatusAsync_WithExistingService_ReturnsStatus" storage="c:\users\bruce\source\repos\jarvis assistant mk2\jarvisassistant.unittests\bin\debug\net8.0\jarvisassistant.unittests.dll" id="4d0651a2-cb48-87cc-0341-e6e3ef75b089">
      <Execution id="2ea954be-aa69-49de-9d61-1becb9a893cd" />
      <TestMethod codeBase="c:\Users\Bruce\source\repos\Jarvis Assistant MK2\JarvisAssistant.UnitTests\bin\Debug\net8.0\JarvisAssistant.UnitTests.dll" adapterTypeName="executor://xunit/VsTestRunner2/netcoreapp" className="JarvisAssistant.UnitTests.Services.StatusMonitorServiceTests" name="GetServiceStatusAsync_WithExistingService_ReturnsStatus" />
    </UnitTest>
    <UnitTest name="JarvisAssistant.UnitTests.Services.LLM.LLMErrorHandlerTests.ProcessException_InvalidOperationException_ModelNotAvailable_ReturnsModelError" storage="c:\users\bruce\source\repos\jarvis assistant mk2\jarvisassistant.unittests\bin\debug\net8.0\jarvisassistant.unittests.dll" id="ef2d9d43-6fe4-e017-e8a0-6092eecef1b7">
      <Execution id="6670d9b4-023d-4ed7-90d9-f71315c7b70d" />
      <TestMethod codeBase="c:\Users\Bruce\source\repos\Jarvis Assistant MK2\JarvisAssistant.UnitTests\bin\Debug\net8.0\JarvisAssistant.UnitTests.dll" adapterTypeName="executor://xunit/VsTestRunner2/netcoreapp" className="JarvisAssistant.UnitTests.Services.LLM.LLMErrorHandlerTests" name="ProcessException_InvalidOperationException_ModelNotAvailable_ReturnsModelError" />
    </UnitTest>
    <UnitTest name="JarvisAssistant.UnitTests.Services.StatusMonitorServiceTests.ServiceStatusUpdates_IsObservable_CanBeSubscribed" storage="c:\users\bruce\source\repos\jarvis assistant mk2\jarvisassistant.unittests\bin\debug\net8.0\jarvisassistant.unittests.dll" id="f8b34716-6857-ac23-a328-1fa4e2fff43c">
      <Execution id="49dc2a2b-c800-41ba-ab92-9741795adf20" />
      <TestMethod codeBase="c:\Users\Bruce\source\repos\Jarvis Assistant MK2\JarvisAssistant.UnitTests\bin\Debug\net8.0\JarvisAssistant.UnitTests.dll" adapterTypeName="executor://xunit/VsTestRunner2/netcoreapp" className="JarvisAssistant.UnitTests.Services.StatusMonitorServiceTests" name="ServiceStatusUpdates_IsObservable_CanBeSubscribed" />
    </UnitTest>
    <UnitTest name="JarvisAssistant.UnitTests.UI.MAUIUIIntegrationTests.UserJourney_SimultaneousInteraction_ShouldHandleCorrectly" storage="c:\users\bruce\source\repos\jarvis assistant mk2\jarvisassistant.unittests\bin\debug\net8.0\jarvisassistant.unittests.dll" id="56645027-4623-3da2-eb53-a4721849ba7d">
      <Execution id="1fda6c7d-ec68-4174-8371-48df4ac9b627" />
      <TestMethod codeBase="c:\Users\Bruce\source\repos\Jarvis Assistant MK2\JarvisAssistant.UnitTests\bin\Debug\net8.0\JarvisAssistant.UnitTests.dll" adapterTypeName="executor://xunit/VsTestRunner2/netcoreapp" className="JarvisAssistant.UnitTests.UI.MAUIUIIntegrationTests" name="UserJourney_SimultaneousInteraction_ShouldHandleCorrectly" />
    </UnitTest>
    <UnitTest name="JarvisAssistant.UnitTests.UI.MAUIMainPageUITests.StatusPanel_Commands_ShouldExecute" storage="c:\users\bruce\source\repos\jarvis assistant mk2\jarvisassistant.unittests\bin\debug\net8.0\jarvisassistant.unittests.dll" id="de2012bf-c05b-1eaa-18d1-af6c93e3e429">
      <Execution id="1353811c-8a5e-4581-a6fc-4fe875f9f888" />
      <TestMethod codeBase="c:\Users\Bruce\source\repos\Jarvis Assistant MK2\JarvisAssistant.UnitTests\bin\Debug\net8.0\JarvisAssistant.UnitTests.dll" adapterTypeName="executor://xunit/VsTestRunner2/netcoreapp" className="JarvisAssistant.UnitTests.UI.MAUIMainPageUITests" name="StatusPanel_Commands_ShouldExecute" />
    </UnitTest>
    <UnitTest name="JarvisAssistant.UnitTests.Voice.VoiceCommandProcessorTests.CommandProcessed_Event_RaisedWhenCommandCompleted" storage="c:\users\bruce\source\repos\jarvis assistant mk2\jarvisassistant.unittests\bin\debug\net8.0\jarvisassistant.unittests.dll" id="c301ab54-a942-f709-bae9-a65a1f42fbbc">
      <Execution id="3d39a60f-41a2-4ba2-9aec-37e1e65996c0" />
      <TestMethod codeBase="c:\Users\Bruce\source\repos\Jarvis Assistant MK2\JarvisAssistant.UnitTests\bin\Debug\net8.0\JarvisAssistant.UnitTests.dll" adapterTypeName="executor://xunit/VsTestRunner2/netcoreapp" className="JarvisAssistant.UnitTests.Voice.VoiceCommandProcessorTests" name="CommandProcessed_Event_RaisedWhenCommandCompleted" />
    </UnitTest>
    <UnitTest name="JarvisAssistant.UnitTests.Voice.VoiceCommandProcessorTests.GetCommandPatterns_WithValidCommandType_ReturnsPatterns" storage="c:\users\bruce\source\repos\jarvis assistant mk2\jarvisassistant.unittests\bin\debug\net8.0\jarvisassistant.unittests.dll" id="abf896c6-f490-bc74-815e-be73907e0cdb">
      <Execution id="11694bca-b731-48ba-88c0-8fc74ca79e91" />
      <TestMethod codeBase="c:\Users\Bruce\source\repos\Jarvis Assistant MK2\JarvisAssistant.UnitTests\bin\Debug\net8.0\JarvisAssistant.UnitTests.dll" adapterTypeName="executor://xunit/VsTestRunner2/netcoreapp" className="JarvisAssistant.UnitTests.Voice.VoiceCommandProcessorTests" name="GetCommandPatterns_WithValidCommandType_ReturnsPatterns" />
    </UnitTest>
    <UnitTest name="JarvisAssistant.UnitTests.Services.AudioCacheServiceTests.CacheAudioAsync_ExceedsMaxSize_HandlesGracefully" storage="c:\users\bruce\source\repos\jarvis assistant mk2\jarvisassistant.unittests\bin\debug\net8.0\jarvisassistant.unittests.dll" id="f5e09f58-8490-5b03-bdce-4c5c79224a9b">
      <Execution id="36c4e5a0-14e9-48bb-9e8b-04cd41523b4e" />
      <TestMethod codeBase="c:\Users\Bruce\source\repos\Jarvis Assistant MK2\JarvisAssistant.UnitTests\bin\Debug\net8.0\JarvisAssistant.UnitTests.dll" adapterTypeName="executor://xunit/VsTestRunner2/netcoreapp" className="JarvisAssistant.UnitTests.Services.AudioCacheServiceTests" name="CacheAudioAsync_ExceedsMaxSize_HandlesGracefully" />
    </UnitTest>
    <UnitTest name="JarvisAssistant.UnitTests.Services.LLM.OllamaClientTests.StreamGenerateAsync_WithValidRequest_YieldsResponseChunks" storage="c:\users\bruce\source\repos\jarvis assistant mk2\jarvisassistant.unittests\bin\debug\net8.0\jarvisassistant.unittests.dll" id="0e6db93f-3aff-4fc7-bc39-042c08e33ec0">
      <Execution id="e9a23d9d-8ce6-43c6-842b-7208575b5c04" />
      <TestMethod codeBase="c:\Users\Bruce\source\repos\Jarvis Assistant MK2\JarvisAssistant.UnitTests\bin\Debug\net8.0\JarvisAssistant.UnitTests.dll" adapterTypeName="executor://xunit/VsTestRunner2/netcoreapp" className="JarvisAssistant.UnitTests.Services.LLM.OllamaClientTests" name="StreamGenerateAsync_WithValidRequest_YieldsResponseChunks" />
    </UnitTest>
    <UnitTest name="JarvisAssistant.UnitTests.Services.ServiceHealthCheckerTests.CheckServiceHealthAsync_WithTimeout_ReturnsOfflineStatus" storage="c:\users\bruce\source\repos\jarvis assistant mk2\jarvisassistant.unittests\bin\debug\net8.0\jarvisassistant.unittests.dll" id="e72b293e-06bb-86b0-6aab-3516d9989eee">
      <Execution id="b1c7cb04-d833-4498-a697-f7f45a715bee" />
      <TestMethod codeBase="c:\Users\Bruce\source\repos\Jarvis Assistant MK2\JarvisAssistant.UnitTests\bin\Debug\net8.0\JarvisAssistant.UnitTests.dll" adapterTypeName="executor://xunit/VsTestRunner2/netcoreapp" className="JarvisAssistant.UnitTests.Services.ServiceHealthCheckerTests" name="CheckServiceHealthAsync_WithTimeout_ReturnsOfflineStatus" />
    </UnitTest>
    <UnitTest name="JarvisAssistant.UnitTests.Services.LLM.PersonalityServiceTests.GetContextualGreeting_WithValidQueryType_ReturnsGreeting(queryType: Error)" storage="c:\users\bruce\source\repos\jarvis assistant mk2\jarvisassistant.unittests\bin\debug\net8.0\jarvisassistant.unittests.dll" id="7fe6f1bd-97ea-5d99-8404-9ec6329b955b">
      <Execution id="dfffb6a5-248a-4a8e-9b43-07514d0889a3" />
      <TestMethod codeBase="c:\Users\Bruce\source\repos\Jarvis Assistant MK2\JarvisAssistant.UnitTests\bin\Debug\net8.0\JarvisAssistant.UnitTests.dll" adapterTypeName="executor://xunit/VsTestRunner2/netcoreapp" className="JarvisAssistant.UnitTests.Services.LLM.PersonalityServiceTests" name="GetContextualGreeting_WithValidQueryType_ReturnsGreeting" />
    </UnitTest>
    <UnitTest name="JarvisAssistant.UnitTests.Services.PlatformServiceTests.PlatformServiceMock_ShouldSupportAllScenarios" storage="c:\users\bruce\source\repos\jarvis assistant mk2\jarvisassistant.unittests\bin\debug\net8.0\jarvisassistant.unittests.dll" id="a74d0353-de57-d1cf-9526-f706db168397">
      <Execution id="d6a69986-ec30-4804-9cdd-72072e9c0840" />
      <TestMethod codeBase="c:\Users\Bruce\source\repos\Jarvis Assistant MK2\JarvisAssistant.UnitTests\bin\Debug\net8.0\JarvisAssistant.UnitTests.dll" adapterTypeName="executor://xunit/VsTestRunner2/netcoreapp" className="JarvisAssistant.UnitTests.Services.PlatformServiceTests" name="PlatformServiceMock_ShouldSupportAllScenarios" />
    </UnitTest>
    <UnitTest name="JarvisAssistant.UnitTests.Services.ServiceHealthCheckerTests.CheckServiceHealthAsync_WithDifferentResponseTimes_ReturnsExpectedState(delayMs: 600, expectedState: Degraded)" storage="c:\users\bruce\source\repos\jarvis assistant mk2\jarvisassistant.unittests\bin\debug\net8.0\jarvisassistant.unittests.dll" id="63f7f541-1242-04cd-f07a-6d75763b6903">
      <Execution id="33a9f9ab-1d96-4d00-a8c2-b97def7264b0" />
      <TestMethod codeBase="c:\Users\Bruce\source\repos\Jarvis Assistant MK2\JarvisAssistant.UnitTests\bin\Debug\net8.0\JarvisAssistant.UnitTests.dll" adapterTypeName="executor://xunit/VsTestRunner2/netcoreapp" className="JarvisAssistant.UnitTests.Services.ServiceHealthCheckerTests" name="CheckServiceHealthAsync_WithDifferentResponseTimes_ReturnsExpectedState" />
    </UnitTest>
    <UnitTest name="JarvisAssistant.UnitTests.Voice.VoiceModeManagerTests.EnableVoiceModeAsync_WhenPlatformDoesNotSupportVoice_ReturnsFalse" storage="c:\users\bruce\source\repos\jarvis assistant mk2\jarvisassistant.unittests\bin\debug\net8.0\jarvisassistant.unittests.dll" id="1f0e7cbb-9774-723c-4bfd-be77217052e0">
      <Execution id="cac44d23-8b1e-4442-92bf-e2b73b812037" />
      <TestMethod codeBase="c:\Users\Bruce\source\repos\Jarvis Assistant MK2\JarvisAssistant.UnitTests\bin\Debug\net8.0\JarvisAssistant.UnitTests.dll" adapterTypeName="executor://xunit/VsTestRunner2/netcoreapp" className="JarvisAssistant.UnitTests.Voice.VoiceModeManagerTests" name="EnableVoiceModeAsync_WhenPlatformDoesNotSupportVoice_ReturnsFalse" />
    </UnitTest>
    <UnitTest name="JarvisAssistant.UnitTests.Voice.VoiceCommandProcessorTests.GetProcessingStatistics_ReturnsValidStatistics" storage="c:\users\bruce\source\repos\jarvis assistant mk2\jarvisassistant.unittests\bin\debug\net8.0\jarvisassistant.unittests.dll" id="208f0805-bb28-4566-dcdd-e71d8f8b1bdd">
      <Execution id="0e836fbe-f052-4302-bbde-a52a1911dad6" />
      <TestMethod codeBase="c:\Users\Bruce\source\repos\Jarvis Assistant MK2\JarvisAssistant.UnitTests\bin\Debug\net8.0\JarvisAssistant.UnitTests.dll" adapterTypeName="executor://xunit/VsTestRunner2/netcoreapp" className="JarvisAssistant.UnitTests.Voice.VoiceCommandProcessorTests" name="GetProcessingStatistics_ReturnsValidStatistics" />
    </UnitTest>
    <UnitTest name="JarvisAssistant.UnitTests.Services.ServiceHealthCheckerTests.CheckServiceHealthAsync_WithDifferentResponseTimes_ReturnsExpectedState(delayMs: 50, expectedState: Online)" storage="c:\users\bruce\source\repos\jarvis assistant mk2\jarvisassistant.unittests\bin\debug\net8.0\jarvisassistant.unittests.dll" id="e65600da-a66e-2ad6-ce44-547ba0f25bde">
      <Execution id="f6339ebb-76a0-4a89-9893-df08937823ee" />
      <TestMethod codeBase="c:\Users\Bruce\source\repos\Jarvis Assistant MK2\JarvisAssistant.UnitTests\bin\Debug\net8.0\JarvisAssistant.UnitTests.dll" adapterTypeName="executor://xunit/VsTestRunner2/netcoreapp" className="JarvisAssistant.UnitTests.Services.ServiceHealthCheckerTests" name="CheckServiceHealthAsync_WithDifferentResponseTimes_ReturnsExpectedState" />
    </UnitTest>
    <UnitTest name="JarvisAssistant.UnitTests.Integration.ElevenLabsVoiceIntegrationTests.ServiceRegistration_ConfigurationIsValid" storage="c:\users\bruce\source\repos\jarvis assistant mk2\jarvisassistant.unittests\bin\debug\net8.0\jarvisassistant.unittests.dll" id="6d96a6ed-ba2d-5c7e-0294-1cb5f489d1c9">
      <Execution id="ee92e172-4ccb-4901-a855-fcb15b63302f" />
      <TestMethod codeBase="c:\Users\Bruce\source\repos\Jarvis Assistant MK2\JarvisAssistant.UnitTests\bin\Debug\net8.0\JarvisAssistant.UnitTests.dll" adapterTypeName="executor://xunit/VsTestRunner2/netcoreapp" className="JarvisAssistant.UnitTests.Integration.ElevenLabsVoiceIntegrationTests" name="ServiceRegistration_ConfigurationIsValid" />
    </UnitTest>
    <UnitTest name="JarvisAssistant.UnitTests.Services.PlatformServiceTests.PlatformCapabilities_ShouldBeConsistentAcrossPlatforms" storage="c:\users\bruce\source\repos\jarvis assistant mk2\jarvisassistant.unittests\bin\debug\net8.0\jarvisassistant.unittests.dll" id="2970fca5-de48-507f-0bd2-147a0d92c9fd">
      <Execution id="52f83399-7964-40be-a7d2-5b69bbb30ecd" />
      <TestMethod codeBase="c:\Users\Bruce\source\repos\Jarvis Assistant MK2\JarvisAssistant.UnitTests\bin\Debug\net8.0\JarvisAssistant.UnitTests.dll" adapterTypeName="executor://xunit/VsTestRunner2/netcoreapp" className="JarvisAssistant.UnitTests.Services.PlatformServiceTests" name="PlatformCapabilities_ShouldBeConsistentAcrossPlatforms" />
    </UnitTest>
    <UnitTest name="JarvisAssistant.UnitTests.Services.LLM.LLMServerFailureTests.GenerateAsync_HttpStatusCodeFailures_ReturnsSpecificErrorCodes(statusCode: GatewayTimeout, errorDescription: &quot;Gateway timeout&quot;)" storage="c:\users\bruce\source\repos\jarvis assistant mk2\jarvisassistant.unittests\bin\debug\net8.0\jarvisassistant.unittests.dll" id="95894db9-1db9-563d-9657-51430abd7541">
      <Execution id="b18780eb-53a1-44aa-a331-87745c04e5dd" />
      <TestMethod codeBase="c:\Users\Bruce\source\repos\Jarvis Assistant MK2\JarvisAssistant.UnitTests\bin\Debug\net8.0\JarvisAssistant.UnitTests.dll" adapterTypeName="executor://xunit/VsTestRunner2/netcoreapp" className="JarvisAssistant.UnitTests.Services.LLM.LLMServerFailureTests" name="GenerateAsync_HttpStatusCodeFailures_ReturnsSpecificErrorCodes" />
    </UnitTest>
    <UnitTest name="JarvisAssistant.UnitTests.Integration.VoiceConfigurationTests.ElevenLabsConfig_IsValid_WithValidConfig_ReturnsTrue" storage="c:\users\bruce\source\repos\jarvis assistant mk2\jarvisassistant.unittests\bin\debug\net8.0\jarvisassistant.unittests.dll" id="9be4b866-11a2-9807-8cd1-a83edcecc31b">
      <Execution id="b23d988a-8b63-421b-a1d1-e08b90e8a345" />
      <TestMethod codeBase="c:\Users\Bruce\source\repos\Jarvis Assistant MK2\JarvisAssistant.UnitTests\bin\Debug\net8.0\JarvisAssistant.UnitTests.dll" adapterTypeName="executor://xunit/VsTestRunner2/netcoreapp" className="JarvisAssistant.UnitTests.Integration.VoiceConfigurationTests" name="ElevenLabsConfig_IsValid_WithValidConfig_ReturnsTrue" />
    </UnitTest>
    <UnitTest name="JarvisAssistant.UnitTests.Services.RateLimitServiceTests.CanMakeRequestAsync_AfterDispose_ReturnsFalse" storage="c:\users\bruce\source\repos\jarvis assistant mk2\jarvisassistant.unittests\bin\debug\net8.0\jarvisassistant.unittests.dll" id="3ad3f1a7-545c-d219-cc45-501013b097c8">
      <Execution id="3ef8f019-452b-491b-9b0d-8ee5c701fff0" />
      <TestMethod codeBase="c:\Users\Bruce\source\repos\Jarvis Assistant MK2\JarvisAssistant.UnitTests\bin\Debug\net8.0\JarvisAssistant.UnitTests.dll" adapterTypeName="executor://xunit/VsTestRunner2/netcoreapp" className="JarvisAssistant.UnitTests.Services.RateLimitServiceTests" name="CanMakeRequestAsync_AfterDispose_ReturnsFalse" />
    </UnitTest>
    <UnitTest name="JarvisAssistant.UnitTests.Integration.VoiceConfigurationTests.ElevenLabsConfig_GetStreamingUrl_ReturnsCorrectUrl" storage="c:\users\bruce\source\repos\jarvis assistant mk2\jarvisassistant.unittests\bin\debug\net8.0\jarvisassistant.unittests.dll" id="4a504e70-7be1-e06c-8cf5-8233b8c30baa">
      <Execution id="d230f012-43cf-46f3-b381-b2db9c4f100f" />
      <TestMethod codeBase="c:\Users\Bruce\source\repos\Jarvis Assistant MK2\JarvisAssistant.UnitTests\bin\Debug\net8.0\JarvisAssistant.UnitTests.dll" adapterTypeName="executor://xunit/VsTestRunner2/netcoreapp" className="JarvisAssistant.UnitTests.Integration.VoiceConfigurationTests" name="ElevenLabsConfig_GetStreamingUrl_ReturnsCorrectUrl" />
    </UnitTest>
    <UnitTest name="JarvisAssistant.UnitTests.Services.LLM.LLMServerFailureTests.StreamGenerateAsync_ConnectionDropped_HandlesGracefully" storage="c:\users\bruce\source\repos\jarvis assistant mk2\jarvisassistant.unittests\bin\debug\net8.0\jarvisassistant.unittests.dll" id="486dd627-2322-a135-54ec-9a7dd2f0088c">
      <Execution id="c80d5701-6d47-4823-8303-e6efc03944cf" />
      <TestMethod codeBase="c:\Users\Bruce\source\repos\Jarvis Assistant MK2\JarvisAssistant.UnitTests\bin\Debug\net8.0\JarvisAssistant.UnitTests.dll" adapterTypeName="executor://xunit/VsTestRunner2/netcoreapp" className="JarvisAssistant.UnitTests.Services.LLM.LLMServerFailureTests" name="StreamGenerateAsync_ConnectionDropped_HandlesGracefully" />
    </UnitTest>
    <UnitTest name="JarvisAssistant.UnitTests.Services.PlatformServiceTests.SupportsVoiceInput_ShouldReturnTrueForModernPlatforms(platform: MacOS, expected: True)" storage="c:\users\bruce\source\repos\jarvis assistant mk2\jarvisassistant.unittests\bin\debug\net8.0\jarvisassistant.unittests.dll" id="18c3746b-babe-4bd8-8ae1-16b32c961cc8">
      <Execution id="de97bd82-83e8-46b2-bfe3-0c428b359dcd" />
      <TestMethod codeBase="c:\Users\Bruce\source\repos\Jarvis Assistant MK2\JarvisAssistant.UnitTests\bin\Debug\net8.0\JarvisAssistant.UnitTests.dll" adapterTypeName="executor://xunit/VsTestRunner2/netcoreapp" className="JarvisAssistant.UnitTests.Services.PlatformServiceTests" name="SupportsVoiceInput_ShouldReturnTrueForModernPlatforms" />
    </UnitTest>
    <UnitTest name="JarvisAssistant.UnitTests.UI.MainPageButtonInteractionTests.DialogService_ShouldHandleSettingsDialog" storage="c:\users\bruce\source\repos\jarvis assistant mk2\jarvisassistant.unittests\bin\debug\net8.0\jarvisassistant.unittests.dll" id="9fa48edb-ae8e-7432-1c01-9bb7e70c4c75">
      <Execution id="1bc4e189-8ffc-4e2e-a51e-a57415b113fd" />
      <TestMethod codeBase="c:\Users\Bruce\source\repos\Jarvis Assistant MK2\JarvisAssistant.UnitTests\bin\Debug\net8.0\JarvisAssistant.UnitTests.dll" adapterTypeName="executor://xunit/VsTestRunner2/netcoreapp" className="JarvisAssistant.UnitTests.UI.MainPageButtonInteractionTests" name="DialogService_ShouldHandleSettingsDialog" />
    </UnitTest>
    <UnitTest name="JarvisAssistant.UnitTests.Services.ElevenLabsVoiceServiceTests.GenerateSpeechAsync_AdjustsVoiceSettingsBasedOnContent(text: &quot;Task completed successfully&quot;, expectedEmotion: &quot;excited&quot;)" storage="c:\users\bruce\source\repos\jarvis assistant mk2\jarvisassistant.unittests\bin\debug\net8.0\jarvisassistant.unittests.dll" id="e7175a8c-f54c-88db-c3ab-39288b4ed3b3">
      <Execution id="9abe83a9-b064-4ce0-bc9f-22464904c667" />
      <TestMethod codeBase="c:\Users\Bruce\source\repos\Jarvis Assistant MK2\JarvisAssistant.UnitTests\bin\Debug\net8.0\JarvisAssistant.UnitTests.dll" adapterTypeName="executor://xunit/VsTestRunner2/netcoreapp" className="JarvisAssistant.UnitTests.Services.ElevenLabsVoiceServiceTests" name="GenerateSpeechAsync_AdjustsVoiceSettingsBasedOnContent" />
    </UnitTest>
    <UnitTest name="JarvisAssistant.UnitTests.UI.StatusPanelFunctionalityTests.StatusPanelCommands_ShouldNotBeNull" storage="c:\users\bruce\source\repos\jarvis assistant mk2\jarvisassistant.unittests\bin\debug\net8.0\jarvisassistant.unittests.dll" id="860b26ba-45d7-2f3b-7a8d-7309cc23521b">
      <Execution id="2db0acf8-19ae-4dc0-96df-f937e17a3394" />
      <TestMethod codeBase="c:\Users\Bruce\source\repos\Jarvis Assistant MK2\JarvisAssistant.UnitTests\bin\Debug\net8.0\JarvisAssistant.UnitTests.dll" adapterTypeName="executor://xunit/VsTestRunner2/netcoreapp" className="JarvisAssistant.UnitTests.UI.StatusPanelFunctionalityTests" name="StatusPanelCommands_ShouldNotBeNull" />
    </UnitTest>
    <UnitTest name="JarvisAssistant.UnitTests.Services.ThemeManagerTests.ThemePreferencePersistence_ShouldWorkAcrossMultipleSavesAndLoads" storage="c:\users\bruce\source\repos\jarvis assistant mk2\jarvisassistant.unittests\bin\debug\net8.0\jarvisassistant.unittests.dll" id="b5049a75-b836-c765-0943-f002e5a56e80">
      <Execution id="4d00b6bd-337e-401c-9958-8db33117169e" />
      <TestMethod codeBase="c:\Users\Bruce\source\repos\Jarvis Assistant MK2\JarvisAssistant.UnitTests\bin\Debug\net8.0\JarvisAssistant.UnitTests.dll" adapterTypeName="executor://xunit/VsTestRunner2/netcoreapp" className="JarvisAssistant.UnitTests.Services.ThemeManagerTests" name="ThemePreferencePersistence_ShouldWorkAcrossMultipleSavesAndLoads" />
    </UnitTest>
    <UnitTest name="JarvisAssistant.UnitTests.Core.Converters.ConverterLogicTests.MessageTypeToColorHex_ShouldReturnCorrectColors(messageType: Code, expectedColor: &quot;#1A1A1A&quot;)" storage="c:\users\bruce\source\repos\jarvis assistant mk2\jarvisassistant.unittests\bin\debug\net8.0\jarvisassistant.unittests.dll" id="c044811f-7542-f2ec-32bf-e22dc0126095">
      <Execution id="d74c9e29-ee2d-48ed-974e-bcd13e128130" />
      <TestMethod codeBase="c:\Users\Bruce\source\repos\Jarvis Assistant MK2\JarvisAssistant.UnitTests\bin\Debug\net8.0\JarvisAssistant.UnitTests.dll" adapterTypeName="executor://xunit/VsTestRunner2/netcoreapp" className="JarvisAssistant.UnitTests.Core.Converters.ConverterLogicTests" name="MessageTypeToColorHex_ShouldReturnCorrectColors" />
    </UnitTest>
    <UnitTest name="JarvisAssistant.UnitTests.Services.PlatformServiceInterfaceTests.AppTheme_EnumValues_ShouldContainPlatformSpecificThemes" storage="c:\users\bruce\source\repos\jarvis assistant mk2\jarvisassistant.unittests\bin\debug\net8.0\jarvisassistant.unittests.dll" id="0a2f46a6-5290-5be2-3c29-c2ac47400bf8">
      <Execution id="39ee0353-c83a-476d-a33a-e3aaddad8cf4" />
      <TestMethod codeBase="c:\Users\Bruce\source\repos\Jarvis Assistant MK2\JarvisAssistant.UnitTests\bin\Debug\net8.0\JarvisAssistant.UnitTests.dll" adapterTypeName="executor://xunit/VsTestRunner2/netcoreapp" className="JarvisAssistant.UnitTests.Services.PlatformServiceInterfaceTests" name="AppTheme_EnumValues_ShouldContainPlatformSpecificThemes" />
    </UnitTest>
    <UnitTest name="JarvisAssistant.UnitTests.Services.LLM.PersonalityServiceTests.GetContextualGreeting_WithValidQueryType_ReturnsGreeting(queryType: Creative)" storage="c:\users\bruce\source\repos\jarvis assistant mk2\jarvisassistant.unittests\bin\debug\net8.0\jarvisassistant.unittests.dll" id="ff262c6e-b332-56af-8f5a-b1af80fa11cc">
      <Execution id="72f8ffed-fca7-4d74-b285-6c37fff77b89" />
      <TestMethod codeBase="c:\Users\Bruce\source\repos\Jarvis Assistant MK2\JarvisAssistant.UnitTests\bin\Debug\net8.0\JarvisAssistant.UnitTests.dll" adapterTypeName="executor://xunit/VsTestRunner2/netcoreapp" className="JarvisAssistant.UnitTests.Services.LLM.PersonalityServiceTests" name="GetContextualGreeting_WithValidQueryType_ReturnsGreeting" />
    </UnitTest>
    <UnitTest name="JarvisAssistant.UnitTests.Integration.LLMErrorDiagnosticTests.DiagnosticTest_AllStreamingErrors_GenerateCorrectErrorResponses" storage="c:\users\bruce\source\repos\jarvis assistant mk2\jarvisassistant.unittests\bin\debug\net8.0\jarvisassistant.unittests.dll" id="2c8debc1-bd48-ad5c-8cdb-46c6b8f3f142">
      <Execution id="3d4b5a5a-000d-4cbc-8f02-5745f2c69985" />
      <TestMethod codeBase="c:\Users\Bruce\source\repos\Jarvis Assistant MK2\JarvisAssistant.UnitTests\bin\Debug\net8.0\JarvisAssistant.UnitTests.dll" adapterTypeName="executor://xunit/VsTestRunner2/netcoreapp" className="JarvisAssistant.UnitTests.Integration.LLMErrorDiagnosticTests" name="DiagnosticTest_AllStreamingErrors_GenerateCorrectErrorResponses" />
    </UnitTest>
    <UnitTest name="JarvisAssistant.UnitTests.Voice.VoiceCommandModelTests.VoiceCommand_ToLogString_ReturnsFormattedString" storage="c:\users\bruce\source\repos\jarvis assistant mk2\jarvisassistant.unittests\bin\debug\net8.0\jarvisassistant.unittests.dll" id="2759eb5e-f40a-0521-2369-01aa9a58d17a">
      <Execution id="855cfdfc-754e-46e0-9c56-4169e595eaa6" />
      <TestMethod codeBase="c:\Users\Bruce\source\repos\Jarvis Assistant MK2\JarvisAssistant.UnitTests\bin\Debug\net8.0\JarvisAssistant.UnitTests.dll" adapterTypeName="executor://xunit/VsTestRunner2/netcoreapp" className="JarvisAssistant.UnitTests.Voice.VoiceCommandModelTests" name="VoiceCommand_ToLogString_ReturnsFormattedString" />
    </UnitTest>
    <UnitTest name="JarvisAssistant.UnitTests.Voice.VoiceCommandModelTests.VoiceCommand_ProcessingError_CanBeSetAndRetrieved" storage="c:\users\bruce\source\repos\jarvis assistant mk2\jarvisassistant.unittests\bin\debug\net8.0\jarvisassistant.unittests.dll" id="66931e44-266a-81a5-d152-fef389554af9">
      <Execution id="7b74b8cb-0ec3-4dae-8b3c-25e2b462cd4a" />
      <TestMethod codeBase="c:\Users\Bruce\source\repos\Jarvis Assistant MK2\JarvisAssistant.UnitTests\bin\Debug\net8.0\JarvisAssistant.UnitTests.dll" adapterTypeName="executor://xunit/VsTestRunner2/netcoreapp" className="JarvisAssistant.UnitTests.Voice.VoiceCommandModelTests" name="VoiceCommand_ProcessingError_CanBeSetAndRetrieved" />
    </UnitTest>
    <UnitTest name="JarvisAssistant.UnitTests.UI.StatusPanelFunctionalityTests.CONCEPT_FullStatusPanelInteractionTest" storage="c:\users\bruce\source\repos\jarvis assistant mk2\jarvisassistant.unittests\bin\debug\net8.0\jarvisassistant.unittests.dll" id="22b63520-282c-720b-2df8-252c83ca25bb">
      <Execution id="697b8a75-b9a4-498c-9e48-31ccc39f456d" />
      <TestMethod codeBase="c:\Users\Bruce\source\repos\Jarvis Assistant MK2\JarvisAssistant.UnitTests\bin\Debug\net8.0\JarvisAssistant.UnitTests.dll" adapterTypeName="executor://xunit/VsTestRunner2/netcoreapp" className="JarvisAssistant.UnitTests.UI.StatusPanelFunctionalityTests" name="CONCEPT_FullStatusPanelInteractionTest" />
    </UnitTest>
    <UnitTest name="JarvisAssistant.UnitTests.Services.OllamaLLMServiceTests.GetActiveModelAsync_WithException_ReturnsErrorMessage" storage="c:\users\bruce\source\repos\jarvis assistant mk2\jarvisassistant.unittests\bin\debug\net8.0\jarvisassistant.unittests.dll" id="a8541e15-ebfb-23f0-373a-aa8b1a0d48fd">
      <Execution id="1d55ef40-65cb-43aa-a94e-8c0fe5e06a39" />
      <TestMethod codeBase="c:\Users\Bruce\source\repos\Jarvis Assistant MK2\JarvisAssistant.UnitTests\bin\Debug\net8.0\JarvisAssistant.UnitTests.dll" adapterTypeName="executor://xunit/VsTestRunner2/netcoreapp" className="JarvisAssistant.UnitTests.Services.OllamaLLMServiceTests" name="GetActiveModelAsync_WithException_ReturnsErrorMessage" />
    </UnitTest>
    <UnitTest name="JarvisAssistant.UnitTests.Services.ErrorHandlingServiceTests.GetRecentErrorsAsync_AfterHandlingErrors_ShouldReturnErrors" storage="c:\users\bruce\source\repos\jarvis assistant mk2\jarvisassistant.unittests\bin\debug\net8.0\jarvisassistant.unittests.dll" id="6edab681-4dc6-3eed-5b82-e4d51a8d89d5">
      <Execution id="c12ff87c-a5b3-4fa5-b1fb-27f105fd3116" />
      <TestMethod codeBase="c:\Users\Bruce\source\repos\Jarvis Assistant MK2\JarvisAssistant.UnitTests\bin\Debug\net8.0\JarvisAssistant.UnitTests.dll" adapterTypeName="executor://xunit/VsTestRunner2/netcoreapp" className="JarvisAssistant.UnitTests.Services.ErrorHandlingServiceTests" name="GetRecentErrorsAsync_AfterHandlingErrors_ShouldReturnErrors" />
    </UnitTest>
    <UnitTest name="JarvisAssistant.UnitTests.Services.ServiceHealthCheckerTests.GetRegisteredServices_ReturnsAllRegisteredServices" storage="c:\users\bruce\source\repos\jarvis assistant mk2\jarvisassistant.unittests\bin\debug\net8.0\jarvisassistant.unittests.dll" id="dc19c1ff-047d-986e-4246-08f6dca350f5">
      <Execution id="810f0753-a087-4acf-876f-f0ab565aeec4" />
      <TestMethod codeBase="c:\Users\Bruce\source\repos\Jarvis Assistant MK2\JarvisAssistant.UnitTests\bin\Debug\net8.0\JarvisAssistant.UnitTests.dll" adapterTypeName="executor://xunit/VsTestRunner2/netcoreapp" className="JarvisAssistant.UnitTests.Services.ServiceHealthCheckerTests" name="GetRegisteredServices_ReturnsAllRegisteredServices" />
    </UnitTest>
    <UnitTest name="JarvisAssistant.UnitTests.Integration.LiveOllamaConnectionTests.LiveConnection_OllamaApiTags_ShouldRespondSuccessfully" storage="c:\users\bruce\source\repos\jarvis assistant mk2\jarvisassistant.unittests\bin\debug\net8.0\jarvisassistant.unittests.dll" id="f948ccd5-745b-548c-fce6-8d7133f98deb">
      <Execution id="c08f94fb-6eb5-4470-9a34-7b2e3322fdad" />
      <TestMethod codeBase="c:\Users\Bruce\source\repos\Jarvis Assistant MK2\JarvisAssistant.UnitTests\bin\Debug\net8.0\JarvisAssistant.UnitTests.dll" adapterTypeName="executor://xunit/VsTestRunner2/netcoreapp" className="JarvisAssistant.UnitTests.Integration.LiveOllamaConnectionTests" name="LiveConnection_OllamaApiTags_ShouldRespondSuccessfully" />
    </UnitTest>
    <UnitTest name="JarvisAssistant.UnitTests.Integration.LLMErrorDiagnosticTests.DiagnosticTest_SimpleTimeoutTest_ShouldThrowException" storage="c:\users\bruce\source\repos\jarvis assistant mk2\jarvisassistant.unittests\bin\debug\net8.0\jarvisassistant.unittests.dll" id="0d724198-d76c-40a0-3672-21577198a194">
      <Execution id="058af3d3-d2b4-4ab3-a463-4b2309d10bf8" />
      <TestMethod codeBase="c:\Users\Bruce\source\repos\Jarvis Assistant MK2\JarvisAssistant.UnitTests\bin\Debug\net8.0\JarvisAssistant.UnitTests.dll" adapterTypeName="executor://xunit/VsTestRunner2/netcoreapp" className="JarvisAssistant.UnitTests.Integration.LLMErrorDiagnosticTests" name="DiagnosticTest_SimpleTimeoutTest_ShouldThrowException" />
    </UnitTest>
    <UnitTest name="JarvisAssistant.UnitTests.Services.LLM.PersonalityServiceTests.FormatResponseAsync_AppliesVocabularyEnhancements(input: &quot;This is a bug.&quot;, expectedWord: &quot;irregularity&quot;)" storage="c:\users\bruce\source\repos\jarvis assistant mk2\jarvisassistant.unittests\bin\debug\net8.0\jarvisassistant.unittests.dll" id="3e996b0a-8606-3403-be5f-3d62dcee4c6c">
      <Execution id="f27d4979-f234-456c-aaa3-a39b0f11caff" />
      <TestMethod codeBase="c:\Users\Bruce\source\repos\Jarvis Assistant MK2\JarvisAssistant.UnitTests\bin\Debug\net8.0\JarvisAssistant.UnitTests.dll" adapterTypeName="executor://xunit/VsTestRunner2/netcoreapp" className="JarvisAssistant.UnitTests.Services.LLM.PersonalityServiceTests" name="FormatResponseAsync_AppliesVocabularyEnhancements" />
    </UnitTest>
    <UnitTest name="JarvisAssistant.UnitTests.Services.LLM.LLMErrorHandlerTests.ProcessException_HttpRequestException_Authentication_ReturnsCorrectErrorCode(exceptionMessage: &quot;HTTP 401 Unauthorized&quot;, expectedErrorCode: &quot;LLM-HTTP-401-001&quot;)" storage="c:\users\bruce\source\repos\jarvis assistant mk2\jarvisassistant.unittests\bin\debug\net8.0\jarvisassistant.unittests.dll" id="a3530fca-e94b-936f-e732-91b157c74baa">
      <Execution id="c6da7e2c-f8d5-4bdf-8cc3-861481db9691" />
      <TestMethod codeBase="c:\Users\Bruce\source\repos\Jarvis Assistant MK2\JarvisAssistant.UnitTests\bin\Debug\net8.0\JarvisAssistant.UnitTests.dll" adapterTypeName="executor://xunit/VsTestRunner2/netcoreapp" className="JarvisAssistant.UnitTests.Services.LLM.LLMErrorHandlerTests" name="ProcessException_HttpRequestException_Authentication_ReturnsCorrectErrorCode" />
    </UnitTest>
    <UnitTest name="JarvisAssistant.UnitTests.UI.UITestingRecommendations.QuickWinsForUITesting" storage="c:\users\bruce\source\repos\jarvis assistant mk2\jarvisassistant.unittests\bin\debug\net8.0\jarvisassistant.unittests.dll" id="253af54d-2188-2e5d-f19f-2061c19e9c8d">
      <Execution id="9ce96a90-f873-426a-b7b1-353118073146" />
      <TestMethod codeBase="c:\Users\Bruce\source\repos\Jarvis Assistant MK2\JarvisAssistant.UnitTests\bin\Debug\net8.0\JarvisAssistant.UnitTests.dll" adapterTypeName="executor://xunit/VsTestRunner2/netcoreapp" className="JarvisAssistant.UnitTests.UI.UITestingRecommendations" name="QuickWinsForUITesting" />
    </UnitTest>
    <UnitTest name="JarvisAssistant.UnitTests.Services.MauiThemeManagerTests.AvailableThemes_ForAndroidTV_ShouldIncludeTVTheme" storage="c:\users\bruce\source\repos\jarvis assistant mk2\jarvisassistant.unittests\bin\debug\net8.0\jarvisassistant.unittests.dll" id="2b621146-9a95-4aaf-2e5a-ebb31e82004d">
      <Execution id="89891994-eaa7-4111-b1e2-800ed7e0806a" />
      <TestMethod codeBase="c:\Users\Bruce\source\repos\Jarvis Assistant MK2\JarvisAssistant.UnitTests\bin\Debug\net8.0\JarvisAssistant.UnitTests.dll" adapterTypeName="executor://xunit/VsTestRunner2/netcoreapp" className="JarvisAssistant.UnitTests.Services.MauiThemeManagerTests" name="AvailableThemes_ForAndroidTV_ShouldIncludeTVTheme" />
    </UnitTest>
    <UnitTest name="JarvisAssistant.UnitTests.Voice.GoogleTVVoiceHandlerTests.HandleKeyEvent_WithVariousKeyCodes_ReturnsExpectedResult(keyCode: Menu, expectedHandled: False)" storage="c:\users\bruce\source\repos\jarvis assistant mk2\jarvisassistant.unittests\bin\debug\net8.0\jarvisassistant.unittests.dll" id="d88ade3f-ea14-d3c2-e1cb-047b20d67d64">
      <Execution id="77b27c30-c59a-4b58-848c-eff6efdbd700" />
      <TestMethod codeBase="c:\Users\Bruce\source\repos\Jarvis Assistant MK2\JarvisAssistant.UnitTests\bin\Debug\net8.0\JarvisAssistant.UnitTests.dll" adapterTypeName="executor://xunit/VsTestRunner2/netcoreapp" className="JarvisAssistant.UnitTests.Voice.GoogleTVVoiceHandlerTests" name="HandleKeyEvent_WithVariousKeyCodes_ReturnsExpectedResult" />
    </UnitTest>
    <UnitTest name="JarvisAssistant.UnitTests.Voice.VoiceCommandModelTests.VoiceCommandResult_DefaultConstructor_SetsDefaultValues" storage="c:\users\bruce\source\repos\jarvis assistant mk2\jarvisassistant.unittests\bin\debug\net8.0\jarvisassistant.unittests.dll" id="f0b50d97-406e-b701-dbe7-61c94b5662f3">
      <Execution id="4f316a80-33a5-4ed5-975d-f2a9183e876b" />
      <TestMethod codeBase="c:\Users\Bruce\source\repos\Jarvis Assistant MK2\JarvisAssistant.UnitTests\bin\Debug\net8.0\JarvisAssistant.UnitTests.dll" adapterTypeName="executor://xunit/VsTestRunner2/netcoreapp" className="JarvisAssistant.UnitTests.Voice.VoiceCommandModelTests" name="VoiceCommandResult_DefaultConstructor_SetsDefaultValues" />
    </UnitTest>
    <UnitTest name="JarvisAssistant.UnitTests.Voice.VoiceCommandModelTests.VoiceCommand_IsValid_WithInvalidData_ReturnsFalse(text: &quot;test&quot;, confidence: 0.400000006, type: Status)" storage="c:\users\bruce\source\repos\jarvis assistant mk2\jarvisassistant.unittests\bin\debug\net8.0\jarvisassistant.unittests.dll" id="8899f1e1-32ee-5c9f-9a1f-d9e992ee137a">
      <Execution id="009af44c-7928-40f6-a301-e1cd23002498" />
      <TestMethod codeBase="c:\Users\Bruce\source\repos\Jarvis Assistant MK2\JarvisAssistant.UnitTests\bin\Debug\net8.0\JarvisAssistant.UnitTests.dll" adapterTypeName="executor://xunit/VsTestRunner2/netcoreapp" className="JarvisAssistant.UnitTests.Voice.VoiceCommandModelTests" name="VoiceCommand_IsValid_WithInvalidData_ReturnsFalse" />
    </UnitTest>
    <UnitTest name="JarvisAssistant.UnitTests.Services.ErrorHandlingServiceTests.LogErrorAsync_WithDifferentSeverities_ShouldUseCorrectLogLevel(severity: Fatal, expectedLogLevel: Critical)" storage="c:\users\bruce\source\repos\jarvis assistant mk2\jarvisassistant.unittests\bin\debug\net8.0\jarvisassistant.unittests.dll" id="4855e4b2-491f-e06d-aaa2-ce644fcee064">
      <Execution id="c014a614-9db8-41f7-8ef8-231d85d5eec5" />
      <TestMethod codeBase="c:\Users\Bruce\source\repos\Jarvis Assistant MK2\JarvisAssistant.UnitTests\bin\Debug\net8.0\JarvisAssistant.UnitTests.dll" adapterTypeName="executor://xunit/VsTestRunner2/netcoreapp" className="JarvisAssistant.UnitTests.Services.ErrorHandlingServiceTests" name="LogErrorAsync_WithDifferentSeverities_ShouldUseCorrectLogLevel" />
    </UnitTest>
    <UnitTest name="JarvisAssistant.UnitTests.UI.InputBlockingRegressionTests.StatusPanelView_CommandsShouldWorkWithoutBlockingInput" storage="c:\users\bruce\source\repos\jarvis assistant mk2\jarvisassistant.unittests\bin\debug\net8.0\jarvisassistant.unittests.dll" id="7f99fdbd-427d-b158-36fe-d9aa2a386948">
      <Execution id="b52b3063-1215-439f-b35a-1e3358e0a887" />
      <TestMethod codeBase="c:\Users\Bruce\source\repos\Jarvis Assistant MK2\JarvisAssistant.UnitTests\bin\Debug\net8.0\JarvisAssistant.UnitTests.dll" adapterTypeName="executor://xunit/VsTestRunner2/netcoreapp" className="JarvisAssistant.UnitTests.UI.InputBlockingRegressionTests" name="StatusPanelView_CommandsShouldWorkWithoutBlockingInput" />
    </UnitTest>
    <UnitTest name="JarvisAssistant.UnitTests.Voice.VoiceCommandModelTests.VoiceCommandType_AllValues_AreValid(type: GenerateCode)" storage="c:\users\bruce\source\repos\jarvis assistant mk2\jarvisassistant.unittests\bin\debug\net8.0\jarvisassistant.unittests.dll" id="325659d5-dada-fcc9-4c1e-e6a8952837b2">
      <Execution id="ee4b5403-fe4a-4393-b854-cd007220b20e" />
      <TestMethod codeBase="c:\Users\Bruce\source\repos\Jarvis Assistant MK2\JarvisAssistant.UnitTests\bin\Debug\net8.0\JarvisAssistant.UnitTests.dll" adapterTypeName="executor://xunit/VsTestRunner2/netcoreapp" className="JarvisAssistant.UnitTests.Voice.VoiceCommandModelTests" name="VoiceCommandType_AllValues_AreValid" />
    </UnitTest>
    <UnitTest name="JarvisAssistant.UnitTests.Voice.VoiceModeManagerTests.Constructor_WithValidParameters_InitializesCorrectly" storage="c:\users\bruce\source\repos\jarvis assistant mk2\jarvisassistant.unittests\bin\debug\net8.0\jarvisassistant.unittests.dll" id="4eb84eaa-4208-5076-dcfd-5493c7956327">
      <Execution id="4ab305f1-ae58-4e2c-9efc-c5309a1c5ceb" />
      <TestMethod codeBase="c:\Users\Bruce\source\repos\Jarvis Assistant MK2\JarvisAssistant.UnitTests\bin\Debug\net8.0\JarvisAssistant.UnitTests.dll" adapterTypeName="executor://xunit/VsTestRunner2/netcoreapp" className="JarvisAssistant.UnitTests.Voice.VoiceModeManagerTests" name="Constructor_WithValidParameters_InitializesCorrectly" />
    </UnitTest>
    <UnitTest name="JarvisAssistant.UnitTests.Core.Converters.ConverterLogicTests.VoiceActivityToOpacity_ShouldClampValues(input: 0.80000000000000004, expected: 0.80000000000000004)" storage="c:\users\bruce\source\repos\jarvis assistant mk2\jarvisassistant.unittests\bin\debug\net8.0\jarvisassistant.unittests.dll" id="a48de06a-ebfe-c2ae-e9d5-81de3ce1d4c5">
      <Execution id="2f62116a-d3ec-4b4e-af6b-80a881e9de06" />
      <TestMethod codeBase="c:\Users\Bruce\source\repos\Jarvis Assistant MK2\JarvisAssistant.UnitTests\bin\Debug\net8.0\JarvisAssistant.UnitTests.dll" adapterTypeName="executor://xunit/VsTestRunner2/netcoreapp" className="JarvisAssistant.UnitTests.Core.Converters.ConverterLogicTests" name="VoiceActivityToOpacity_ShouldClampValues" />
    </UnitTest>
    <UnitTest name="JarvisAssistant.UnitTests.Services.LLM.LLMServerFailureTests.GenerateAsync_OperationCanceled_HandlesGracefully" storage="c:\users\bruce\source\repos\jarvis assistant mk2\jarvisassistant.unittests\bin\debug\net8.0\jarvisassistant.unittests.dll" id="f9de573e-232b-4d29-e49c-0958cec18068">
      <Execution id="66b40721-fd8b-40b2-a83f-ea5f02a430a0" />
      <TestMethod codeBase="c:\Users\Bruce\source\repos\Jarvis Assistant MK2\JarvisAssistant.UnitTests\bin\Debug\net8.0\JarvisAssistant.UnitTests.dll" adapterTypeName="executor://xunit/VsTestRunner2/netcoreapp" className="JarvisAssistant.UnitTests.Services.LLM.LLMServerFailureTests" name="GenerateAsync_OperationCanceled_HandlesGracefully" />
    </UnitTest>
    <UnitTest name="JarvisAssistant.UnitTests.Services.ThemeManagerTests.LoadThemeResourcesAsync_AnyTheme_ShouldCompleteSuccessfully(theme: Light)" storage="c:\users\bruce\source\repos\jarvis assistant mk2\jarvisassistant.unittests\bin\debug\net8.0\jarvisassistant.unittests.dll" id="8cafd798-b35b-c8f1-0ccc-aacd07e75990">
      <Execution id="d03297e3-c68f-4537-8a25-06213939ea5b" />
      <TestMethod codeBase="c:\Users\Bruce\source\repos\Jarvis Assistant MK2\JarvisAssistant.UnitTests\bin\Debug\net8.0\JarvisAssistant.UnitTests.dll" adapterTypeName="executor://xunit/VsTestRunner2/netcoreapp" className="JarvisAssistant.UnitTests.Services.ThemeManagerTests" name="LoadThemeResourcesAsync_AnyTheme_ShouldCompleteSuccessfully" />
    </UnitTest>
    <UnitTest name="JarvisAssistant.UnitTests.Services.LLM.LLMErrorHandlerTests.ProcessException_LowSeverityError_LogsAsWarning" storage="c:\users\bruce\source\repos\jarvis assistant mk2\jarvisassistant.unittests\bin\debug\net8.0\jarvisassistant.unittests.dll" id="b701700c-2ab3-d9e9-e83b-389f599b9b33">
      <Execution id="0f28ec8b-bb9d-4cec-88cd-88f3d54fabc9" />
      <TestMethod codeBase="c:\Users\Bruce\source\repos\Jarvis Assistant MK2\JarvisAssistant.UnitTests\bin\Debug\net8.0\JarvisAssistant.UnitTests.dll" adapterTypeName="executor://xunit/VsTestRunner2/netcoreapp" className="JarvisAssistant.UnitTests.Services.LLM.LLMErrorHandlerTests" name="ProcessException_LowSeverityError_LogsAsWarning" />
    </UnitTest>
    <UnitTest name="JarvisAssistant.UnitTests.Services.ServiceHealthCheckerTests.CheckServiceHealthAsync_WithHealthyService_ReturnsOnlineStatus" storage="c:\users\bruce\source\repos\jarvis assistant mk2\jarvisassistant.unittests\bin\debug\net8.0\jarvisassistant.unittests.dll" id="7543527f-24b6-e7c3-dd17-21e8374e449a">
      <Execution id="9ec17e7e-3477-4a43-8de0-86cd111aaf28" />
      <TestMethod codeBase="c:\Users\Bruce\source\repos\Jarvis Assistant MK2\JarvisAssistant.UnitTests\bin\Debug\net8.0\JarvisAssistant.UnitTests.dll" adapterTypeName="executor://xunit/VsTestRunner2/netcoreapp" className="JarvisAssistant.UnitTests.Services.ServiceHealthCheckerTests" name="CheckServiceHealthAsync_WithHealthyService_ReturnsOnlineStatus" />
    </UnitTest>
    <UnitTest name="JarvisAssistant.UnitTests.Services.MauiThemeManagerTests.SwitchThemeAsync_AllThemes_ShouldSucceed(theme: Mobile)" storage="c:\users\bruce\source\repos\jarvis assistant mk2\jarvisassistant.unittests\bin\debug\net8.0\jarvisassistant.unittests.dll" id="226870ef-2c0d-4bdf-9eca-ac07a6fcada2">
      <Execution id="6a91ca3c-5ba2-4b23-9d58-a3fff1258eb8" />
      <TestMethod codeBase="c:\Users\Bruce\source\repos\Jarvis Assistant MK2\JarvisAssistant.UnitTests\bin\Debug\net8.0\JarvisAssistant.UnitTests.dll" adapterTypeName="executor://xunit/VsTestRunner2/netcoreapp" className="JarvisAssistant.UnitTests.Services.MauiThemeManagerTests" name="SwitchThemeAsync_AllThemes_ShouldSucceed" />
    </UnitTest>
    <UnitTest name="JarvisAssistant.UnitTests.UI.UITestingBenefitsDocumentation.DocumentWhatUITestsWouldHaveCaught" storage="c:\users\bruce\source\repos\jarvis assistant mk2\jarvisassistant.unittests\bin\debug\net8.0\jarvisassistant.unittests.dll" id="74441244-34af-4828-c488-b95893ab50a7">
      <Execution id="f3b20f2a-784f-49c2-a6fd-3b20a415f841" />
      <TestMethod codeBase="c:\Users\Bruce\source\repos\Jarvis Assistant MK2\JarvisAssistant.UnitTests\bin\Debug\net8.0\JarvisAssistant.UnitTests.dll" adapterTypeName="executor://xunit/VsTestRunner2/netcoreapp" className="JarvisAssistant.UnitTests.UI.UITestingBenefitsDocumentation" name="DocumentWhatUITestsWouldHaveCaught" />
    </UnitTest>
    <UnitTest name="JarvisAssistant.UnitTests.Services.LLM.LLMErrorHandlerTests.ProcessException_TaskCanceledException_WithoutTimeoutInner_ReturnsCancelledError" storage="c:\users\bruce\source\repos\jarvis assistant mk2\jarvisassistant.unittests\bin\debug\net8.0\jarvisassistant.unittests.dll" id="c11b9dd7-a36d-f8e0-de6b-c08437fe1a7c">
      <Execution id="3bf06b38-2240-4872-96a6-c4742f9ce97e" />
      <TestMethod codeBase="c:\Users\Bruce\source\repos\Jarvis Assistant MK2\JarvisAssistant.UnitTests\bin\Debug\net8.0\JarvisAssistant.UnitTests.dll" adapterTypeName="executor://xunit/VsTestRunner2/netcoreapp" className="JarvisAssistant.UnitTests.Services.LLM.LLMErrorHandlerTests" name="ProcessException_TaskCanceledException_WithoutTimeoutInner_ReturnsCancelledError" />
    </UnitTest>
    <UnitTest name="JarvisAssistant.UnitTests.Services.LLM.PersonalityServiceTests.FormatResponseAsync_AppliesVocabularyEnhancements(input: &quot;There's an issue here.&quot;, expectedWord: &quot;matter&quot;)" storage="c:\users\bruce\source\repos\jarvis assistant mk2\jarvisassistant.unittests\bin\debug\net8.0\jarvisassistant.unittests.dll" id="f175703c-9310-5ec5-100c-d455e28af537">
      <Execution id="18e98fde-8ad1-4aa0-b9c8-4128d6584663" />
      <TestMethod codeBase="c:\Users\Bruce\source\repos\Jarvis Assistant MK2\JarvisAssistant.UnitTests\bin\Debug\net8.0\JarvisAssistant.UnitTests.dll" adapterTypeName="executor://xunit/VsTestRunner2/netcoreapp" className="JarvisAssistant.UnitTests.Services.LLM.PersonalityServiceTests" name="FormatResponseAsync_AppliesVocabularyEnhancements" />
    </UnitTest>
    <UnitTest name="JarvisAssistant.UnitTests.Services.PlatformServiceTests.GetOptimalTheme_ForDifferentPlatforms_ShouldReturnExpectedTheme(platform: Windows, expectedTheme: Desktop)" storage="c:\users\bruce\source\repos\jarvis assistant mk2\jarvisassistant.unittests\bin\debug\net8.0\jarvisassistant.unittests.dll" id="a09422f8-ddcd-8672-17da-196874e01e1c">
      <Execution id="7b5b5906-c6f5-4a39-ab12-b4c180bc65e6" />
      <TestMethod codeBase="c:\Users\Bruce\source\repos\Jarvis Assistant MK2\JarvisAssistant.UnitTests\bin\Debug\net8.0\JarvisAssistant.UnitTests.dll" adapterTypeName="executor://xunit/VsTestRunner2/netcoreapp" className="JarvisAssistant.UnitTests.Services.PlatformServiceTests" name="GetOptimalTheme_ForDifferentPlatforms_ShouldReturnExpectedTheme" />
    </UnitTest>
    <UnitTest name="JarvisAssistant.UnitTests.UI.MAUIUIIntegrationTests.ErrorHandling_StatusPanelFailure_ShouldNotAffectMainButtons" storage="c:\users\bruce\source\repos\jarvis assistant mk2\jarvisassistant.unittests\bin\debug\net8.0\jarvisassistant.unittests.dll" id="b0c3d9cb-3836-d62e-93f5-78eb86cd5eb1">
      <Execution id="a19bd2b7-e507-4b44-a77e-f3a26474a9d3" />
      <TestMethod codeBase="c:\Users\Bruce\source\repos\Jarvis Assistant MK2\JarvisAssistant.UnitTests\bin\Debug\net8.0\JarvisAssistant.UnitTests.dll" adapterTypeName="executor://xunit/VsTestRunner2/netcoreapp" className="JarvisAssistant.UnitTests.UI.MAUIUIIntegrationTests" name="ErrorHandling_StatusPanelFailure_ShouldNotAffectMainButtons" />
    </UnitTest>
    <UnitTest name="JarvisAssistant.UnitTests.Services.ThemeIntegrationTests.ThemePreferencePersistence_ShouldWorkCorrectly" storage="c:\users\bruce\source\repos\jarvis assistant mk2\jarvisassistant.unittests\bin\debug\net8.0\jarvisassistant.unittests.dll" id="e0a6b87d-4c5d-56fa-c82d-8ca6e07d97e7">
      <Execution id="f6e89d14-6bbb-4395-a81e-a218eeb74c47" />
      <TestMethod codeBase="c:\Users\Bruce\source\repos\Jarvis Assistant MK2\JarvisAssistant.UnitTests\bin\Debug\net8.0\JarvisAssistant.UnitTests.dll" adapterTypeName="executor://xunit/VsTestRunner2/netcoreapp" className="JarvisAssistant.UnitTests.Services.ThemeIntegrationTests" name="ThemePreferencePersistence_ShouldWorkCorrectly" />
    </UnitTest>
    <UnitTest name="JarvisAssistant.UnitTests.Voice.VoiceCommandProcessorTests.Constructor_WithNullLogger_ThrowsArgumentNullException" storage="c:\users\bruce\source\repos\jarvis assistant mk2\jarvisassistant.unittests\bin\debug\net8.0\jarvisassistant.unittests.dll" id="cff2b6c3-98c0-2dee-73f1-53de66568731">
      <Execution id="167ce1ec-1fd5-4b4f-b72f-9df1ad34e65e" />
      <TestMethod codeBase="c:\Users\Bruce\source\repos\Jarvis Assistant MK2\JarvisAssistant.UnitTests\bin\Debug\net8.0\JarvisAssistant.UnitTests.dll" adapterTypeName="executor://xunit/VsTestRunner2/netcoreapp" className="JarvisAssistant.UnitTests.Voice.VoiceCommandProcessorTests" name="Constructor_WithNullLogger_ThrowsArgumentNullException" />
    </UnitTest>
    <UnitTest name="JarvisAssistant.UnitTests.Voice.GoogleTVVoiceHandlerTests.HandleKeyEvent_WhenNotInitialized_ReturnsFalse" storage="c:\users\bruce\source\repos\jarvis assistant mk2\jarvisassistant.unittests\bin\debug\net8.0\jarvisassistant.unittests.dll" id="fba5929b-9deb-4b81-9ccb-e4326a81621b">
      <Execution id="4f14afd8-a947-4e6f-96d9-321cf17cc5c2" />
      <TestMethod codeBase="c:\Users\Bruce\source\repos\Jarvis Assistant MK2\JarvisAssistant.UnitTests\bin\Debug\net8.0\JarvisAssistant.UnitTests.dll" adapterTypeName="executor://xunit/VsTestRunner2/netcoreapp" className="JarvisAssistant.UnitTests.Voice.GoogleTVVoiceHandlerTests" name="HandleKeyEvent_WhenNotInitialized_ReturnsFalse" />
    </UnitTest>
    <UnitTest name="JarvisAssistant.UnitTests.Integration.ChatIntegrationTests.LLMService_SendMessage_ShouldReturnResponse" storage="c:\users\bruce\source\repos\jarvis assistant mk2\jarvisassistant.unittests\bin\debug\net8.0\jarvisassistant.unittests.dll" id="74eb3639-24c4-e0d9-070f-cd504b12522a">
      <Execution id="d401cb6b-be46-44a0-926f-c7644095f06e" />
      <TestMethod codeBase="c:\Users\Bruce\source\repos\Jarvis Assistant MK2\JarvisAssistant.UnitTests\bin\Debug\net8.0\JarvisAssistant.UnitTests.dll" adapterTypeName="executor://xunit/VsTestRunner2/netcoreapp" className="JarvisAssistant.UnitTests.Integration.ChatIntegrationTests" name="LLMService_SendMessage_ShouldReturnResponse" />
    </UnitTest>
    <UnitTest name="JarvisAssistant.UnitTests.UI.StatusPanelFunctionalityTests.StatusPanelCommands_ShouldBeExecutable" storage="c:\users\bruce\source\repos\jarvis assistant mk2\jarvisassistant.unittests\bin\debug\net8.0\jarvisassistant.unittests.dll" id="9d6bf2f9-a267-2238-a69b-ab7c59c18390">
      <Execution id="af18a600-abe5-4d67-b212-7848a082459a" />
      <TestMethod codeBase="c:\Users\Bruce\source\repos\Jarvis Assistant MK2\JarvisAssistant.UnitTests\bin\Debug\net8.0\JarvisAssistant.UnitTests.dll" adapterTypeName="executor://xunit/VsTestRunner2/netcoreapp" className="JarvisAssistant.UnitTests.UI.StatusPanelFunctionalityTests" name="StatusPanelCommands_ShouldBeExecutable" />
    </UnitTest>
    <UnitTest name="JarvisAssistant.UnitTests.Voice.GoogleTVVoiceHandlerTests.GetStatistics_ReturnsCorrectValues" storage="c:\users\bruce\source\repos\jarvis assistant mk2\jarvisassistant.unittests\bin\debug\net8.0\jarvisassistant.unittests.dll" id="21b9885c-e5d9-1565-2787-66cd589e34a6">
      <Execution id="7d292724-d7ee-40cb-a01d-d4e4dce24600" />
      <TestMethod codeBase="c:\Users\Bruce\source\repos\Jarvis Assistant MK2\JarvisAssistant.UnitTests\bin\Debug\net8.0\JarvisAssistant.UnitTests.dll" adapterTypeName="executor://xunit/VsTestRunner2/netcoreapp" className="JarvisAssistant.UnitTests.Voice.GoogleTVVoiceHandlerTests" name="GetStatistics_ReturnsCorrectValues" />
    </UnitTest>
    <UnitTest name="JarvisAssistant.UnitTests.Services.StatusMonitorServiceTests.StopMonitoringAllAsync_WithMultipleServices_StopsAllMonitoring" storage="c:\users\bruce\source\repos\jarvis assistant mk2\jarvisassistant.unittests\bin\debug\net8.0\jarvisassistant.unittests.dll" id="ba30b9c0-134f-114f-dbf0-e1b89b378492">
      <Execution id="16fc9eb9-3b6c-4464-8c6f-f9b1ac1eb8be" />
      <TestMethod codeBase="c:\Users\Bruce\source\repos\Jarvis Assistant MK2\JarvisAssistant.UnitTests\bin\Debug\net8.0\JarvisAssistant.UnitTests.dll" adapterTypeName="executor://xunit/VsTestRunner2/netcoreapp" className="JarvisAssistant.UnitTests.Services.StatusMonitorServiceTests" name="StopMonitoringAllAsync_WithMultipleServices_StopsAllMonitoring" />
    </UnitTest>
    <UnitTest name="JarvisAssistant.UnitTests.Services.ServiceHealthCheckerTests.CheckServiceHealthAsync_WithSlowService_ReturnsDegradedStatus" storage="c:\users\bruce\source\repos\jarvis assistant mk2\jarvisassistant.unittests\bin\debug\net8.0\jarvisassistant.unittests.dll" id="c897fc9a-3899-3bf2-9464-2490554747c1">
      <Execution id="b7af2008-3f5d-4b76-b291-bfcb8c8a59e7" />
      <TestMethod codeBase="c:\Users\Bruce\source\repos\Jarvis Assistant MK2\JarvisAssistant.UnitTests\bin\Debug\net8.0\JarvisAssistant.UnitTests.dll" adapterTypeName="executor://xunit/VsTestRunner2/netcoreapp" className="JarvisAssistant.UnitTests.Services.ServiceHealthCheckerTests" name="CheckServiceHealthAsync_WithSlowService_ReturnsDegradedStatus" />
    </UnitTest>
    <UnitTest name="JarvisAssistant.UnitTests.Services.OllamaLLMServiceTests.SendMessageAsync_WithExplicitQueryTypeInContext_UsesProvidedQueryType" storage="c:\users\bruce\source\repos\jarvis assistant mk2\jarvisassistant.unittests\bin\debug\net8.0\jarvisassistant.unittests.dll" id="58c21aea-270f-7513-10d4-8b08ec19eb18">
      <Execution id="6c45d697-7e11-49ff-8168-faa40d2c37c5" />
      <TestMethod codeBase="c:\Users\Bruce\source\repos\Jarvis Assistant MK2\JarvisAssistant.UnitTests\bin\Debug\net8.0\JarvisAssistant.UnitTests.dll" adapterTypeName="executor://xunit/VsTestRunner2/netcoreapp" className="JarvisAssistant.UnitTests.Services.OllamaLLMServiceTests" name="SendMessageAsync_WithExplicitQueryTypeInContext_UsesProvidedQueryType" />
    </UnitTest>
    <UnitTest name="JarvisAssistant.UnitTests.Voice.GoogleTVVoiceHandlerTests.HandleKeyEvent_WithVariousKeyCodes_ReturnsExpectedResult(keyCode: Back, expectedHandled: False)" storage="c:\users\bruce\source\repos\jarvis assistant mk2\jarvisassistant.unittests\bin\debug\net8.0\jarvisassistant.unittests.dll" id="bf28629a-9d49-5f75-29af-54e6652c8f6d">
      <Execution id="2dc07c84-9173-4110-96a8-a6460ad43d04" />
      <TestMethod codeBase="c:\Users\Bruce\source\repos\Jarvis Assistant MK2\JarvisAssistant.UnitTests\bin\Debug\net8.0\JarvisAssistant.UnitTests.dll" adapterTypeName="executor://xunit/VsTestRunner2/netcoreapp" className="JarvisAssistant.UnitTests.Voice.GoogleTVVoiceHandlerTests" name="HandleKeyEvent_WithVariousKeyCodes_ReturnsExpectedResult" />
    </UnitTest>
    <UnitTest name="JarvisAssistant.UnitTests.Services.StatusMonitorServiceTests.GetServiceStatusAsync_WithNonExistentService_ReturnsNull" storage="c:\users\bruce\source\repos\jarvis assistant mk2\jarvisassistant.unittests\bin\debug\net8.0\jarvisassistant.unittests.dll" id="44b13f07-7098-0b61-a0fc-2934825a428b">
      <Execution id="22741152-0fdd-40a5-8b35-c313a82ac76c" />
      <TestMethod codeBase="c:\Users\Bruce\source\repos\Jarvis Assistant MK2\JarvisAssistant.UnitTests\bin\Debug\net8.0\JarvisAssistant.UnitTests.dll" adapterTypeName="executor://xunit/VsTestRunner2/netcoreapp" className="JarvisAssistant.UnitTests.Services.StatusMonitorServiceTests" name="GetServiceStatusAsync_WithNonExistentService_ReturnsNull" />
    </UnitTest>
    <UnitTest name="JarvisAssistant.UnitTests.UI.ConceptualMainPageUITests.StatusPanelView_ShouldNotBlockButtonClicks_CRITICAL_TEST" storage="c:\users\bruce\source\repos\jarvis assistant mk2\jarvisassistant.unittests\bin\debug\net8.0\jarvisassistant.unittests.dll" id="1955bdf4-a72a-c87f-5736-af12a805e31a">
      <Execution id="2764f040-afe9-4964-8f6c-b504bc43c869" />
      <TestMethod codeBase="c:\Users\Bruce\source\repos\Jarvis Assistant MK2\JarvisAssistant.UnitTests\bin\Debug\net8.0\JarvisAssistant.UnitTests.dll" adapterTypeName="executor://xunit/VsTestRunner2/netcoreapp" className="JarvisAssistant.UnitTests.UI.ConceptualMainPageUITests" name="StatusPanelView_ShouldNotBlockButtonClicks_CRITICAL_TEST" />
    </UnitTest>
    <UnitTest name="JarvisAssistant.UnitTests.Voice.VoiceEventArgsTests.ContinuousListeningStateChangedEventArgs_CanSetProperties" storage="c:\users\bruce\source\repos\jarvis assistant mk2\jarvisassistant.unittests\bin\debug\net8.0\jarvisassistant.unittests.dll" id="80bff15a-fe1e-1133-84f8-2842f36376c2">
      <Execution id="d0b83cbe-56ad-45f7-b8b1-0f8275d8e228" />
      <TestMethod codeBase="c:\Users\Bruce\source\repos\Jarvis Assistant MK2\JarvisAssistant.UnitTests\bin\Debug\net8.0\JarvisAssistant.UnitTests.dll" adapterTypeName="executor://xunit/VsTestRunner2/netcoreapp" className="JarvisAssistant.UnitTests.Voice.VoiceEventArgsTests" name="ContinuousListeningStateChangedEventArgs_CanSetProperties" />
    </UnitTest>
    <UnitTest name="JarvisAssistant.UnitTests.Voice.VoiceCommandModelTests.VoiceCommandType_AllValues_AreValid(type: Search)" storage="c:\users\bruce\source\repos\jarvis assistant mk2\jarvisassistant.unittests\bin\debug\net8.0\jarvisassistant.unittests.dll" id="3e85ff1a-9086-2bbc-8cf8-b65489877dab">
      <Execution id="5fe810d4-9f46-4f87-bb56-c7cb868b30ca" />
      <TestMethod codeBase="c:\Users\Bruce\source\repos\Jarvis Assistant MK2\JarvisAssistant.UnitTests\bin\Debug\net8.0\JarvisAssistant.UnitTests.dll" adapterTypeName="executor://xunit/VsTestRunner2/netcoreapp" className="JarvisAssistant.UnitTests.Voice.VoiceCommandModelTests" name="VoiceCommandType_AllValues_AreValid" />
    </UnitTest>
    <UnitTest name="JarvisAssistant.UnitTests.Services.LLM.PersonalityServiceTests.FormatResponseAsync_WithBasicResponse_AppliesPersonality" storage="c:\users\bruce\source\repos\jarvis assistant mk2\jarvisassistant.unittests\bin\debug\net8.0\jarvisassistant.unittests.dll" id="0fb5492b-3552-c07f-d32e-74509e7736c2">
      <Execution id="aac4b5b6-05c2-4bc2-9a4c-8328397431e3" />
      <TestMethod codeBase="c:\Users\Bruce\source\repos\Jarvis Assistant MK2\JarvisAssistant.UnitTests\bin\Debug\net8.0\JarvisAssistant.UnitTests.dll" adapterTypeName="executor://xunit/VsTestRunner2/netcoreapp" className="JarvisAssistant.UnitTests.Services.LLM.PersonalityServiceTests" name="FormatResponseAsync_WithBasicResponse_AppliesPersonality" />
    </UnitTest>
    <UnitTest name="JarvisAssistant.UnitTests.Integration.ElevenLabsVoiceIntegrationTests.VoiceService_StreamingFallback_WorksCorrectly" storage="c:\users\bruce\source\repos\jarvis assistant mk2\jarvisassistant.unittests\bin\debug\net8.0\jarvisassistant.unittests.dll" id="1cefd11e-e4bf-9059-ae05-12a9c88ff6a2">
      <Execution id="d206ddbd-e03e-44e4-9d18-517848a322e5" />
      <TestMethod codeBase="c:\Users\Bruce\source\repos\Jarvis Assistant MK2\JarvisAssistant.UnitTests\bin\Debug\net8.0\JarvisAssistant.UnitTests.dll" adapterTypeName="executor://xunit/VsTestRunner2/netcoreapp" className="JarvisAssistant.UnitTests.Integration.ElevenLabsVoiceIntegrationTests" name="VoiceService_StreamingFallback_WorksCorrectly" />
    </UnitTest>
    <UnitTest name="JarvisAssistant.UnitTests.Voice.VoiceCommandProcessorTests.ClearStatistics_ResetsAllStatistics" storage="c:\users\bruce\source\repos\jarvis assistant mk2\jarvisassistant.unittests\bin\debug\net8.0\jarvisassistant.unittests.dll" id="04998237-5b3a-9c68-01ed-955fee4f63f3">
      <Execution id="2ab3d877-0f97-45bf-bb9f-5602d7d74125" />
      <TestMethod codeBase="c:\Users\Bruce\source\repos\Jarvis Assistant MK2\JarvisAssistant.UnitTests\bin\Debug\net8.0\JarvisAssistant.UnitTests.dll" adapterTypeName="executor://xunit/VsTestRunner2/netcoreapp" className="JarvisAssistant.UnitTests.Voice.VoiceCommandProcessorTests" name="ClearStatistics_ResetsAllStatistics" />
    </UnitTest>
    <UnitTest name="JarvisAssistant.UnitTests.Integration.LiveOllamaConnectionTests.LiveConnection_OllamaPort_ShouldBeOpen" storage="c:\users\bruce\source\repos\jarvis assistant mk2\jarvisassistant.unittests\bin\debug\net8.0\jarvisassistant.unittests.dll" id="5bd30997-1438-5b3b-188c-faec19cc9e7a">
      <Execution id="e8536ee9-ab56-47ed-8b9b-fda6e1727762" />
      <TestMethod codeBase="c:\Users\Bruce\source\repos\Jarvis Assistant MK2\JarvisAssistant.UnitTests\bin\Debug\net8.0\JarvisAssistant.UnitTests.dll" adapterTypeName="executor://xunit/VsTestRunner2/netcoreapp" className="JarvisAssistant.UnitTests.Integration.LiveOllamaConnectionTests" name="LiveConnection_OllamaPort_ShouldBeOpen" />
    </UnitTest>
    <UnitTest name="JarvisAssistant.UnitTests.Services.LLM.LLMServerFailureTests.GenerateAsync_PortUnreachable_ReturnsPortError" storage="c:\users\bruce\source\repos\jarvis assistant mk2\jarvisassistant.unittests\bin\debug\net8.0\jarvisassistant.unittests.dll" id="b6b78038-4f2f-9b6f-44b5-dfac454c2e90">
      <Execution id="a68ac044-ea13-43ed-a1fa-8e870809d681" />
      <TestMethod codeBase="c:\Users\Bruce\source\repos\Jarvis Assistant MK2\JarvisAssistant.UnitTests\bin\Debug\net8.0\JarvisAssistant.UnitTests.dll" adapterTypeName="executor://xunit/VsTestRunner2/netcoreapp" className="JarvisAssistant.UnitTests.Services.LLM.LLMServerFailureTests" name="GenerateAsync_PortUnreachable_ReturnsPortError" />
    </UnitTest>
    <UnitTest name="JarvisAssistant.UnitTests.Voice.VoiceCommandModelTests.VoiceCommandSource_AllValues_AreValid(source: WakeWord)" storage="c:\users\bruce\source\repos\jarvis assistant mk2\jarvisassistant.unittests\bin\debug\net8.0\jarvisassistant.unittests.dll" id="bf68d671-32ec-2c0f-0072-02ff2a8f5378">
      <Execution id="cf321e0f-89e5-4174-bf44-7f09fbf8e402" />
      <TestMethod codeBase="c:\Users\Bruce\source\repos\Jarvis Assistant MK2\JarvisAssistant.UnitTests\bin\Debug\net8.0\JarvisAssistant.UnitTests.dll" adapterTypeName="executor://xunit/VsTestRunner2/netcoreapp" className="JarvisAssistant.UnitTests.Voice.VoiceCommandModelTests" name="VoiceCommandSource_AllValues_AreValid" />
    </UnitTest>
    <UnitTest name="JarvisAssistant.UnitTests.Services.ServiceHealthCheckerTests.GetServiceDisplayName_WithUnregisteredService_ReturnsServiceName" storage="c:\users\bruce\source\repos\jarvis assistant mk2\jarvisassistant.unittests\bin\debug\net8.0\jarvisassistant.unittests.dll" id="e28cddb4-5ca7-a70c-66d5-c86fba57a604">
      <Execution id="790e6655-d547-4955-824f-446636402a42" />
      <TestMethod codeBase="c:\Users\Bruce\source\repos\Jarvis Assistant MK2\JarvisAssistant.UnitTests\bin\Debug\net8.0\JarvisAssistant.UnitTests.dll" adapterTypeName="executor://xunit/VsTestRunner2/netcoreapp" className="JarvisAssistant.UnitTests.Services.ServiceHealthCheckerTests" name="GetServiceDisplayName_WithUnregisteredService_ReturnsServiceName" />
    </UnitTest>
    <UnitTest name="JarvisAssistant.UnitTests.Services.OllamaLLMServiceTests.SendMessageAsync_WithEmptyOllamaResponse_UsesDefaultErrorMessage" storage="c:\users\bruce\source\repos\jarvis assistant mk2\jarvisassistant.unittests\bin\debug\net8.0\jarvisassistant.unittests.dll" id="26e915cf-9374-a6f3-e90f-2d7e1e2b38a0">
      <Execution id="12bf50d3-c0bf-47f0-9ebe-129565cc590e" />
      <TestMethod codeBase="c:\Users\Bruce\source\repos\Jarvis Assistant MK2\JarvisAssistant.UnitTests\bin\Debug\net8.0\JarvisAssistant.UnitTests.dll" adapterTypeName="executor://xunit/VsTestRunner2/netcoreapp" className="JarvisAssistant.UnitTests.Services.OllamaLLMServiceTests" name="SendMessageAsync_WithEmptyOllamaResponse_UsesDefaultErrorMessage" />
    </UnitTest>
    <UnitTest name="JarvisAssistant.UnitTests.Services.LLM.LLMErrorHandlerTests.ProcessException_WithContext_IncludesContextInResponse" storage="c:\users\bruce\source\repos\jarvis assistant mk2\jarvisassistant.unittests\bin\debug\net8.0\jarvisassistant.unittests.dll" id="c4c533be-ed2a-76ab-e621-7356b5fcd04a">
      <Execution id="43499ff4-cc55-4194-8f43-8e7a9536aa89" />
      <TestMethod codeBase="c:\Users\Bruce\source\repos\Jarvis Assistant MK2\JarvisAssistant.UnitTests\bin\Debug\net8.0\JarvisAssistant.UnitTests.dll" adapterTypeName="executor://xunit/VsTestRunner2/netcoreapp" className="JarvisAssistant.UnitTests.Services.LLM.LLMErrorHandlerTests" name="ProcessException_WithContext_IncludesContextInResponse" />
    </UnitTest>
    <UnitTest name="JarvisAssistant.UnitTests.Services.LLM.LLMErrorHandlerTests.LLMErrorMessages_GetErrorMessage_WithAdditionalInfo_IncludesInfo" storage="c:\users\bruce\source\repos\jarvis assistant mk2\jarvisassistant.unittests\bin\debug\net8.0\jarvisassistant.unittests.dll" id="9c22917c-1620-1c73-c81d-8225950c5faf">
      <Execution id="977a6e35-bc46-4d67-8919-5328b4a934a9" />
      <TestMethod codeBase="c:\Users\Bruce\source\repos\Jarvis Assistant MK2\JarvisAssistant.UnitTests\bin\Debug\net8.0\JarvisAssistant.UnitTests.dll" adapterTypeName="executor://xunit/VsTestRunner2/netcoreapp" className="JarvisAssistant.UnitTests.Services.LLM.LLMErrorHandlerTests" name="LLMErrorMessages_GetErrorMessage_WithAdditionalInfo_IncludesInfo" />
    </UnitTest>
    <UnitTest name="JarvisAssistant.UnitTests.Services.MauiThemeManagerTests.AutoSelectThemeAsync_WithoutPlatformService_ShouldUseSystemTheme" storage="c:\users\bruce\source\repos\jarvis assistant mk2\jarvisassistant.unittests\bin\debug\net8.0\jarvisassistant.unittests.dll" id="1df62cc8-0328-9e85-759e-f44766fa5fc8">
      <Execution id="3f731e85-58a0-462b-b287-ac17b06273db" />
      <TestMethod codeBase="c:\Users\Bruce\source\repos\Jarvis Assistant MK2\JarvisAssistant.UnitTests\bin\Debug\net8.0\JarvisAssistant.UnitTests.dll" adapterTypeName="executor://xunit/VsTestRunner2/netcoreapp" className="JarvisAssistant.UnitTests.Services.MauiThemeManagerTests" name="AutoSelectThemeAsync_WithoutPlatformService_ShouldUseSystemTheme" />
    </UnitTest>
    <UnitTest name="JarvisAssistant.UnitTests.Core.Models.ChatMessageCoreTests.IsFromUser_WhenSet_ShouldUpdateRelatedProperties" storage="c:\users\bruce\source\repos\jarvis assistant mk2\jarvisassistant.unittests\bin\debug\net8.0\jarvisassistant.unittests.dll" id="6fc144e7-3a6a-81cf-d097-c4fa267d98b8">
      <Execution id="2989419d-14e1-4c55-909a-378d73e51ba5" />
      <TestMethod codeBase="c:\Users\Bruce\source\repos\Jarvis Assistant MK2\JarvisAssistant.UnitTests\bin\Debug\net8.0\JarvisAssistant.UnitTests.dll" adapterTypeName="executor://xunit/VsTestRunner2/netcoreapp" className="JarvisAssistant.UnitTests.Core.Models.ChatMessageCoreTests" name="IsFromUser_WhenSet_ShouldUpdateRelatedProperties" />
    </UnitTest>
    <UnitTest name="JarvisAssistant.UnitTests.Integration.VoiceConfigurationTests.ElevenLabsConfig_IsValid_WithInvalidConfig_ReturnsFalse(apiKey: &quot;key&quot;, voiceId: &quot;voice&quot;, baseUrl: &quot;&quot;, timeoutSeconds: 30, maxRetryAttempts: 3, expected: False)" storage="c:\users\bruce\source\repos\jarvis assistant mk2\jarvisassistant.unittests\bin\debug\net8.0\jarvisassistant.unittests.dll" id="d1bbacf8-3644-1cab-3ecd-12ab6cbcadbc">
      <Execution id="7dc58c6e-003e-487a-a66e-6c2e2476a346" />
      <TestMethod codeBase="c:\Users\Bruce\source\repos\Jarvis Assistant MK2\JarvisAssistant.UnitTests\bin\Debug\net8.0\JarvisAssistant.UnitTests.dll" adapterTypeName="executor://xunit/VsTestRunner2/netcoreapp" className="JarvisAssistant.UnitTests.Integration.VoiceConfigurationTests" name="ElevenLabsConfig_IsValid_WithInvalidConfig_ReturnsFalse" />
    </UnitTest>
    <UnitTest name="JarvisAssistant.UnitTests.Services.AudioCacheServiceTests.CacheAudioAsync_WithNullText_ReturnsFalse" storage="c:\users\bruce\source\repos\jarvis assistant mk2\jarvisassistant.unittests\bin\debug\net8.0\jarvisassistant.unittests.dll" id="c99adbf3-fb8b-eb87-4816-2176129bdb33">
      <Execution id="3b00a839-e7e2-453e-ac9c-0b5e4294b53a" />
      <TestMethod codeBase="c:\Users\Bruce\source\repos\Jarvis Assistant MK2\JarvisAssistant.UnitTests\bin\Debug\net8.0\JarvisAssistant.UnitTests.dll" adapterTypeName="executor://xunit/VsTestRunner2/netcoreapp" className="JarvisAssistant.UnitTests.Services.AudioCacheServiceTests" name="CacheAudioAsync_WithNullText_ReturnsFalse" />
    </UnitTest>
    <UnitTest name="JarvisAssistant.UnitTests.Services.LLM.LLMErrorHandlerTests.LLMErrorMessages_GetErrorMessage_ReturnsNonEmptyMessage(errorCode: &quot;LLM-CONN-001&quot;)" storage="c:\users\bruce\source\repos\jarvis assistant mk2\jarvisassistant.unittests\bin\debug\net8.0\jarvisassistant.unittests.dll" id="b87b7633-5599-9e58-c0ce-cfc96d02d5ae">
      <Execution id="305eb43d-e7be-48d3-bcae-0d84233585d6" />
      <TestMethod codeBase="c:\Users\Bruce\source\repos\Jarvis Assistant MK2\JarvisAssistant.UnitTests\bin\Debug\net8.0\JarvisAssistant.UnitTests.dll" adapterTypeName="executor://xunit/VsTestRunner2/netcoreapp" className="JarvisAssistant.UnitTests.Services.LLM.LLMErrorHandlerTests" name="LLMErrorMessages_GetErrorMessage_ReturnsNonEmptyMessage" />
    </UnitTest>
    <UnitTest name="JarvisAssistant.UnitTests.Services.ElevenLabsVoiceServiceTests.GenerateSpeechAsync_AdjustsVoiceSettingsBasedOnContent(text: &quot;System error detected&quot;, expectedEmotion: &quot;concerned&quot;)" storage="c:\users\bruce\source\repos\jarvis assistant mk2\jarvisassistant.unittests\bin\debug\net8.0\jarvisassistant.unittests.dll" id="8a9f7720-4ac2-3c11-11ed-f3c9dd11cfde">
      <Execution id="4767dc16-43d0-413e-996d-42a534037ed6" />
      <TestMethod codeBase="c:\Users\Bruce\source\repos\Jarvis Assistant MK2\JarvisAssistant.UnitTests\bin\Debug\net8.0\JarvisAssistant.UnitTests.dll" adapterTypeName="executor://xunit/VsTestRunner2/netcoreapp" className="JarvisAssistant.UnitTests.Services.ElevenLabsVoiceServiceTests" name="GenerateSpeechAsync_AdjustsVoiceSettingsBasedOnContent" />
    </UnitTest>
    <UnitTest name="JarvisAssistant.UnitTests.Core.Converters.ConverterLogicTests.MessageTypeToColorHex_ShouldReturnCorrectColors(messageType: Error, expectedColor: &quot;#FF5722&quot;)" storage="c:\users\bruce\source\repos\jarvis assistant mk2\jarvisassistant.unittests\bin\debug\net8.0\jarvisassistant.unittests.dll" id="dd330e64-16a2-6c0b-4dd7-c75eb11c1f1a">
      <Execution id="61562af1-343e-4448-b186-efaf3fa4b1a5" />
      <TestMethod codeBase="c:\Users\Bruce\source\repos\Jarvis Assistant MK2\JarvisAssistant.UnitTests\bin\Debug\net8.0\JarvisAssistant.UnitTests.dll" adapterTypeName="executor://xunit/VsTestRunner2/netcoreapp" className="JarvisAssistant.UnitTests.Core.Converters.ConverterLogicTests" name="MessageTypeToColorHex_ShouldReturnCorrectColors" />
    </UnitTest>
  </TestDefinitions>
  <TestEntries>
    <TestEntry testId="9c22917c-1620-1c73-c81d-8225950c5faf" executionId="977a6e35-bc46-4d67-8919-5328b4a934a9" testListId="8c84fa94-04c1-424b-9868-57a2d4851a1d" />
    <TestEntry testId="18c3746b-babe-4bd8-8ae1-16b32c961cc8" executionId="de97bd82-83e8-46b2-bfe3-0c428b359dcd" testListId="8c84fa94-04c1-424b-9868-57a2d4851a1d" />
    <TestEntry testId="cd61781d-f26c-2c69-dfe6-472e429ed833" executionId="a2435227-416f-400f-976e-c927dcf49af8" testListId="8c84fa94-04c1-424b-9868-57a2d4851a1d" />
    <TestEntry testId="3993122d-6654-f22e-e0fa-ef351948c1b5" executionId="41fb90cc-ca3f-4525-a9b2-59fe5b52d5fb" testListId="8c84fa94-04c1-424b-9868-57a2d4851a1d" />
    <TestEntry testId="6edab681-4dc6-3eed-5b82-e4d51a8d89d5" executionId="c12ff87c-a5b3-4fa5-b1fb-27f105fd3116" testListId="8c84fa94-04c1-424b-9868-57a2d4851a1d" />
    <TestEntry testId="9d6bf2f9-a267-2238-a69b-ab7c59c18390" executionId="af18a600-abe5-4d67-b212-7848a082459a" testListId="8c84fa94-04c1-424b-9868-57a2d4851a1d" />
    <TestEntry testId="a74d0353-de57-d1cf-9526-f706db168397" executionId="d6a69986-ec30-4804-9cdd-72072e9c0840" testListId="8c84fa94-04c1-424b-9868-57a2d4851a1d" />
    <TestEntry testId="7fe6f1bd-97ea-5d99-8404-9ec6329b955b" executionId="dfffb6a5-248a-4a8e-9b43-07514d0889a3" testListId="8c84fa94-04c1-424b-9868-57a2d4851a1d" />
    <TestEntry testId="22c9f5ea-9c33-b849-2209-0072fe0a92e2" executionId="afe6c1aa-87a3-414f-a305-84a86d25ea29" testListId="8c84fa94-04c1-424b-9868-57a2d4851a1d" />
    <TestEntry testId="357607df-3a45-10f1-21e5-3a4d661d090d" executionId="f4b2461d-12df-49a8-8292-38558a2aea5e" testListId="8c84fa94-04c1-424b-9868-57a2d4851a1d" />
    <TestEntry testId="00c4d6bb-7a84-1e44-7c3a-2224624b250b" executionId="e27423b5-2097-40c3-bd32-261fe90170db" testListId="8c84fa94-04c1-424b-9868-57a2d4851a1d" />
    <TestEntry testId="24ccd913-5d4d-90fe-545f-b4c05d210b3c" executionId="029d6231-a8dc-4c38-87e8-bf7b6c4e97ec" testListId="8c84fa94-04c1-424b-9868-57a2d4851a1d" />
    <TestEntry testId="d1bbacf8-3644-1cab-3ecd-12ab6cbcadbc" executionId="7dc58c6e-003e-487a-a66e-6c2e2476a346" testListId="8c84fa94-04c1-424b-9868-57a2d4851a1d" />
    <TestEntry testId="66931e44-266a-81a5-d152-fef389554af9" executionId="7b74b8cb-0ec3-4dae-8b3c-25e2b462cd4a" testListId="8c84fa94-04c1-424b-9868-57a2d4851a1d" />
    <TestEntry testId="6ff43885-88e2-2652-5c17-4c497122eaac" executionId="32adb8dd-a2a8-4346-8faa-a02e0321faea" testListId="8c84fa94-04c1-424b-9868-57a2d4851a1d" />
    <TestEntry testId="cb7bc7e9-8829-34a2-d803-f3fd9c4dbe90" executionId="61af80c9-b903-4ee0-ab0e-2e688aa92013" testListId="8c84fa94-04c1-424b-9868-57a2d4851a1d" />
    <TestEntry testId="b9dbb134-9a30-3495-0584-ed814e0df09f" executionId="1c661f43-dad2-431f-8a1a-b6387b786ee4" testListId="8c84fa94-04c1-424b-9868-57a2d4851a1d" />
    <TestEntry testId="4a7bffc3-f738-3c0e-a6b2-a17731a861ed" executionId="ac6fe1c7-ba89-4901-ad86-6dae90d2ac91" testListId="8c84fa94-04c1-424b-9868-57a2d4851a1d" />
    <TestEntry testId="0101dea4-5f76-80d6-fdc7-5e570d962f36" executionId="952f3848-1d7e-4343-8bcf-7f1e9475a79c" testListId="8c84fa94-04c1-424b-9868-57a2d4851a1d" />
    <TestEntry testId="6e594722-76fc-8776-e8a3-1118be8f7845" executionId="e2984da6-f290-45b7-b973-bcc21752f619" testListId="8c84fa94-04c1-424b-9868-57a2d4851a1d" />
    <TestEntry testId="52847632-93ac-864c-d8c1-59b80ca1299a" executionId="520ea959-87c1-4e54-be36-aebba65124a7" testListId="8c84fa94-04c1-424b-9868-57a2d4851a1d" />
    <TestEntry testId="6d000ad0-0261-0523-05ae-db3dd9111227" executionId="0152f087-62b8-45ed-b5eb-90452b4a7f4d" testListId="8c84fa94-04c1-424b-9868-57a2d4851a1d" />
    <TestEntry testId="46770f4b-0fda-ff12-8bb3-52013465c413" executionId="2f8e643f-fd27-499b-9a3e-ad979c063b3d" testListId="8c84fa94-04c1-424b-9868-57a2d4851a1d" />
    <TestEntry testId="226870ef-2c0d-4bdf-9eca-ac07a6fcada2" executionId="6a91ca3c-5ba2-4b23-9d58-a3fff1258eb8" testListId="8c84fa94-04c1-424b-9868-57a2d4851a1d" />
    <TestEntry testId="1103409d-5f62-3df4-bb33-264d02679380" executionId="70ff533a-52b3-4a04-a4f7-5eb7e494175f" testListId="8c84fa94-04c1-424b-9868-57a2d4851a1d" />
    <TestEntry testId="7610766f-7b57-6989-5649-58ea08552935" executionId="3152e627-2a37-4e96-a542-1c8204d7588e" testListId="8c84fa94-04c1-424b-9868-57a2d4851a1d" />
    <TestEntry testId="5bde9f04-167c-5292-e99d-19a14f5cda26" executionId="e123a294-bc25-4baa-b45a-cb6c4f6605ab" testListId="8c84fa94-04c1-424b-9868-57a2d4851a1d" />
    <TestEntry testId="34354e59-e5a0-0c2e-b2e3-f699d92fe5ff" executionId="498e37a3-5c2b-4bea-9348-45741869a4d7" testListId="8c84fa94-04c1-424b-9868-57a2d4851a1d" />
    <TestEntry testId="183eb9aa-fe47-b31e-3e28-d38aff099eaf" executionId="d842e447-2e35-43ff-9ec4-4589889703ad" testListId="8c84fa94-04c1-424b-9868-57a2d4851a1d" />
    <TestEntry testId="8050e2f4-e368-6590-541e-4fefd63ecbf0" executionId="74989061-a167-4ab0-847f-e6eca0bd6ac4" testListId="8c84fa94-04c1-424b-9868-57a2d4851a1d" />
    <TestEntry testId="222aa4a6-403d-03d0-19b6-b736d71c00d0" executionId="1a9394b1-fbc1-4431-8f46-cdb68382cb55" testListId="8c84fa94-04c1-424b-9868-57a2d4851a1d" />
    <TestEntry testId="171ef7d1-acdf-69b2-60eb-6325b7bf2b75" executionId="d88491ed-d64b-4bd5-819f-a3bfad1b3049" testListId="8c84fa94-04c1-424b-9868-57a2d4851a1d" />
    <TestEntry testId="5038bfa2-153b-4a38-fc38-6a7312311f4d" executionId="e9224660-8ddd-4fa3-a116-5b2d3e158167" testListId="8c84fa94-04c1-424b-9868-57a2d4851a1d" />
    <TestEntry testId="8daed424-cd41-5be1-b19f-cff60eb90216" executionId="1b885d1e-cb8b-43a4-bdff-1332fdc28d85" testListId="8c84fa94-04c1-424b-9868-57a2d4851a1d" />
    <TestEntry testId="c23b7e5a-1b39-3a8f-f187-ec8fa7765e9a" executionId="99a21b87-cff3-4f31-9349-13a705fdf675" testListId="8c84fa94-04c1-424b-9868-57a2d4851a1d" />
    <TestEntry testId="25510b9a-f586-96f9-5fe3-06c2aae81e33" executionId="55dc5658-07e4-450e-84aa-f802fa8bee87" testListId="8c84fa94-04c1-424b-9868-57a2d4851a1d" />
    <TestEntry testId="80bff15a-fe1e-1133-84f8-2842f36376c2" executionId="d0b83cbe-56ad-45f7-b8b1-0f8275d8e228" testListId="8c84fa94-04c1-424b-9868-57a2d4851a1d" />
    <TestEntry testId="6d6fdc20-33d9-a0f4-7fca-031057b6e3e6" executionId="ece1185e-2b3e-45ad-93b0-fba9ed2b79f8" testListId="8c84fa94-04c1-424b-9868-57a2d4851a1d" />
    <TestEntry testId="59e0797c-799f-526e-3cca-a80fe2f90539" executionId="d505de6a-2bee-4971-9cd6-5b2ed14df23e" testListId="8c84fa94-04c1-424b-9868-57a2d4851a1d" />
    <TestEntry testId="7911197b-dc7d-14df-41b5-f0fa73eed26d" executionId="da43c587-76b1-43d7-830a-d1d2469505a2" testListId="8c84fa94-04c1-424b-9868-57a2d4851a1d" />
    <TestEntry testId="0a599817-ef22-4910-aaf1-34f9891809fd" executionId="3bc30657-2dbf-4877-b780-5785671018b3" testListId="8c84fa94-04c1-424b-9868-57a2d4851a1d" />
    <TestEntry testId="a06e03dd-e69f-b1cc-56cf-7996ad94a1a6" executionId="bada71e5-3a7b-445d-987d-caee2a08f77e" testListId="8c84fa94-04c1-424b-9868-57a2d4851a1d" />
    <TestEntry testId="ee0ce7e5-7f3c-1152-cec3-26426fb3878b" executionId="9b684f5c-3e8d-440b-9f06-9ee8c46037c2" testListId="8c84fa94-04c1-424b-9868-57a2d4851a1d" />
    <TestEntry testId="aaee2795-aa87-def7-c587-e3538faa969c" executionId="ce7284e1-3d50-420e-ac4a-b8d68a36d11b" testListId="8c84fa94-04c1-424b-9868-57a2d4851a1d" />
    <TestEntry testId="abf896c6-f490-bc74-815e-be73907e0cdb" executionId="11694bca-b731-48ba-88c0-8fc74ca79e91" testListId="8c84fa94-04c1-424b-9868-57a2d4851a1d" />
    <TestEntry testId="afaae128-74b8-f578-398c-15f39404a608" executionId="ba779f1b-571c-4a01-bc3a-f342a19575b1" testListId="8c84fa94-04c1-424b-9868-57a2d4851a1d" />
    <TestEntry testId="1c111bc8-8f5c-58e1-1171-68e835b296ba" executionId="b7d2cdd3-3009-4900-9945-03f32b148464" testListId="8c84fa94-04c1-424b-9868-57a2d4851a1d" />
    <TestEntry testId="efe80f7c-8c8b-7258-9cec-51675d2064cb" executionId="59bdbebb-3cfb-4a74-9a5a-c6016e5c5743" testListId="8c84fa94-04c1-424b-9868-57a2d4851a1d" />
    <TestEntry testId="8b5b270a-bed6-897d-a090-9d4fc76192c8" executionId="03eb372d-7684-4f0e-aa86-cf2596f60320" testListId="8c84fa94-04c1-424b-9868-57a2d4851a1d" />
    <TestEntry testId="e6b7da51-fa56-d388-2c40-aaef3ee2e468" executionId="901e93c4-e4ee-4a8a-b927-ee68bf9cc57e" testListId="8c84fa94-04c1-424b-9868-57a2d4851a1d" />
    <TestEntry testId="b1de556f-5377-dd00-c4e0-3e2bb333c8d4" executionId="7ddb2e0f-df69-40a8-816b-a478223d8aa7" testListId="8c84fa94-04c1-424b-9868-57a2d4851a1d" />
    <TestEntry testId="4d151046-8f3c-f0e8-f6b5-23e68cbf69b8" executionId="00467a03-ec11-4110-9f47-bf670688b6cf" testListId="8c84fa94-04c1-424b-9868-57a2d4851a1d" />
    <TestEntry testId="6b0d4353-8eb1-a9cc-8a2e-f68a0e4fe2eb" executionId="aad16fee-d396-41e4-8470-e7f906ae65b4" testListId="8c84fa94-04c1-424b-9868-57a2d4851a1d" />
    <TestEntry testId="bf28629a-9d49-5f75-29af-54e6652c8f6d" executionId="2dc07c84-9173-4110-96a8-a6460ad43d04" testListId="8c84fa94-04c1-424b-9868-57a2d4851a1d" />
    <TestEntry testId="c4a21185-0b71-0c4f-055d-1f19ab6196fe" executionId="f7ba3ce4-594e-4cd6-b1c5-5e856ec61754" testListId="8c84fa94-04c1-424b-9868-57a2d4851a1d" />
    <TestEntry testId="6d96a6ed-ba2d-5c7e-0294-1cb5f489d1c9" executionId="ee92e172-4ccb-4901-a855-fcb15b63302f" testListId="8c84fa94-04c1-424b-9868-57a2d4851a1d" />
    <TestEntry testId="3a4ef977-92fe-024d-a522-c902246a126e" executionId="a51dfa93-bdce-45b3-b197-523ddde149d0" testListId="8c84fa94-04c1-424b-9868-57a2d4851a1d" />
    <TestEntry testId="93c18fe3-c1bf-b333-836f-35fd3746dd11" executionId="11cf3773-b24d-46cb-92ae-025d40d3c3be" testListId="8c84fa94-04c1-424b-9868-57a2d4851a1d" />
    <TestEntry testId="5c9ba398-e638-1150-e841-8cb2041f180c" executionId="10dc1ebb-983e-4943-9c0e-d9624a992016" testListId="8c84fa94-04c1-424b-9868-57a2d4851a1d" />
    <TestEntry testId="5c777a15-62e9-78e2-fd3c-8ddc212e3a0c" executionId="e41d9569-ae8f-4415-86f7-88ce0191dcd3" testListId="8c84fa94-04c1-424b-9868-57a2d4851a1d" />
    <TestEntry testId="247debc2-0658-769c-29e0-5e1da5d33227" executionId="bc5e745f-3fd6-4bdb-baea-0f3f7ba22e04" testListId="8c84fa94-04c1-424b-9868-57a2d4851a1d" />
    <TestEntry testId="4b8da824-85cd-2915-65bd-f656dcdee395" executionId="81a45dbd-3de4-40b9-b20e-017ff0a9b53a" testListId="8c84fa94-04c1-424b-9868-57a2d4851a1d" />
    <TestEntry testId="d748db4d-a8e8-1a31-8c26-877ac1a13574" executionId="128ae015-d300-404f-84bb-6147a7527001" testListId="8c84fa94-04c1-424b-9868-57a2d4851a1d" />
    <TestEntry testId="08596c27-779b-f5a8-8b71-dd5c936effbb" executionId="99e12748-50c7-472f-98a7-fe2712e019cf" testListId="8c84fa94-04c1-424b-9868-57a2d4851a1d" />
    <TestEntry testId="6e4a6d04-9b47-8014-3091-295207ac0b55" executionId="b5f0a094-e9ff-4a9d-acb7-0dd82229a837" testListId="8c84fa94-04c1-424b-9868-57a2d4851a1d" />
    <TestEntry testId="09e95e76-dcb6-1f6b-f4ad-c7de6d937de5" executionId="38be6d15-8f56-4fb1-80ee-c578440c5acb" testListId="8c84fa94-04c1-424b-9868-57a2d4851a1d" />
    <TestEntry testId="44c18c84-24a2-0f79-71b7-ebdf4c97f975" executionId="b4eef105-b27f-40ed-90ff-efcff30f1479" testListId="8c84fa94-04c1-424b-9868-57a2d4851a1d" />
    <TestEntry testId="8493a3b4-2dac-075b-dc73-871adc5e570b" executionId="8606fd84-689f-482c-86d2-251bc4fe8340" testListId="8c84fa94-04c1-424b-9868-57a2d4851a1d" />
    <TestEntry testId="e0a6b87d-4c5d-56fa-c82d-8ca6e07d97e7" executionId="f6e89d14-6bbb-4395-a81e-a218eeb74c47" testListId="8c84fa94-04c1-424b-9868-57a2d4851a1d" />
    <TestEntry testId="303ae1c5-cf13-9117-5c13-f07810019c62" executionId="0434dff6-ef6b-42fb-8514-a8d1eb65d5a1" testListId="8c84fa94-04c1-424b-9868-57a2d4851a1d" />
    <TestEntry testId="0fb5492b-3552-c07f-d32e-74509e7736c2" executionId="aac4b5b6-05c2-4bc2-9a4c-8328397431e3" testListId="8c84fa94-04c1-424b-9868-57a2d4851a1d" />
    <TestEntry testId="42ee49df-8597-219c-2359-ceb83e42a2f3" executionId="4ad34646-cb28-4b52-be0f-ce6302f02a73" testListId="8c84fa94-04c1-424b-9868-57a2d4851a1d" />
    <TestEntry testId="ba30b9c0-134f-114f-dbf0-e1b89b378492" executionId="16fc9eb9-3b6c-4464-8c6f-f9b1ac1eb8be" testListId="8c84fa94-04c1-424b-9868-57a2d4851a1d" />
    <TestEntry testId="2b7305cf-9a82-cdb8-5cc8-19c42ad51d77" executionId="338d4a13-6313-486f-bbce-54552d263e56" testListId="8c84fa94-04c1-424b-9868-57a2d4851a1d" />
    <TestEntry testId="4acd4b27-ff67-db41-b218-24d4717db2de" executionId="68ab0a73-8574-4567-bb8c-b3be130f77f1" testListId="8c84fa94-04c1-424b-9868-57a2d4851a1d" />
    <TestEntry testId="67f67713-4dfe-0da8-b2f2-8445aef362aa" executionId="3456abf4-37ca-48f5-ba61-fe3cc3d0e8ca" testListId="8c84fa94-04c1-424b-9868-57a2d4851a1d" />
    <TestEntry testId="13f0fa6b-c51b-c0d0-a605-c4df9c2a1b13" executionId="beeb0eb9-f045-4726-b50c-c7e8ae05cee3" testListId="8c84fa94-04c1-424b-9868-57a2d4851a1d" />
    <TestEntry testId="55ce5713-1118-d2a9-f0a4-efa80b5275e2" executionId="f19c426e-53b4-4870-b256-96be52c2a1c3" testListId="8c84fa94-04c1-424b-9868-57a2d4851a1d" />
    <TestEntry testId="4505b6f8-74c3-0b42-7c5f-af7e85698d9d" executionId="9c6d41e0-a444-4483-8b50-d53da4c14a4f" testListId="8c84fa94-04c1-424b-9868-57a2d4851a1d" />
    <TestEntry testId="ad49b445-f9b7-b997-8393-509165183689" executionId="9cfc60c8-cdb8-4d74-af16-3e5824709bf2" testListId="8c84fa94-04c1-424b-9868-57a2d4851a1d" />
    <TestEntry testId="2bcd132c-a677-cfac-275c-361f40442c05" executionId="c772113c-bb7e-4638-8e65-0eb638db26fc" testListId="8c84fa94-04c1-424b-9868-57a2d4851a1d" />
    <TestEntry testId="01eaae2a-5712-cb1e-cf13-853fb3ca7af6" executionId="cd0a8c8b-bc01-4ecb-8aed-782117e64a16" testListId="8c84fa94-04c1-424b-9868-57a2d4851a1d" />
    <TestEntry testId="63a19674-b22e-9aaf-6956-92a86c964104" executionId="43d79748-0853-45df-97b3-999c5ec6c3cd" testListId="8c84fa94-04c1-424b-9868-57a2d4851a1d" />
    <TestEntry testId="01082c2a-9cfa-833d-a5c2-247f6414dd68" executionId="3243ceaf-17b1-4eab-9e35-e49543ee5f92" testListId="8c84fa94-04c1-424b-9868-57a2d4851a1d" />
    <TestEntry testId="4eb84eaa-4208-5076-dcfd-5493c7956327" executionId="4ab305f1-ae58-4e2c-9efc-c5309a1c5ceb" testListId="8c84fa94-04c1-424b-9868-57a2d4851a1d" />
    <TestEntry testId="facb3f0c-3912-e6d5-88b0-6b43c98c82ba" executionId="2c97ec28-8c88-4e15-b019-98944b08f831" testListId="8c84fa94-04c1-424b-9868-57a2d4851a1d" />
    <TestEntry testId="0b52f6f9-a432-f3df-c889-d277881036ae" executionId="5c5c63f4-daf1-4a64-b8ce-2703b939ae9b" testListId="8c84fa94-04c1-424b-9868-57a2d4851a1d" />
    <TestEntry testId="7f1417b7-9e18-f5ef-08fd-e6bafaaead8b" executionId="7d37b7a0-a186-4391-92e0-0a715ad0a5bf" testListId="8c84fa94-04c1-424b-9868-57a2d4851a1d" />
    <TestEntry testId="6bd7264d-ee0c-23f9-3d1d-bb27bd6296ee" executionId="9b8de83f-3d5a-4457-910f-ce2c1f4ba372" testListId="8c84fa94-04c1-424b-9868-57a2d4851a1d" />
    <TestEntry testId="e5708d48-6ecf-5011-4b18-ad67a20fdfda" executionId="62a38ff9-55d5-4a29-b788-3af34df10f78" testListId="8c84fa94-04c1-424b-9868-57a2d4851a1d" />
    <TestEntry testId="86c7887c-1904-6ad3-89d6-e5c376a12d35" executionId="d934cb74-ad1e-4c46-a2e9-2ec0746f01bc" testListId="8c84fa94-04c1-424b-9868-57a2d4851a1d" />
    <TestEntry testId="2cbd2bcc-0d18-3d28-7c06-7d2166d72d67" executionId="37e11f0b-7563-48ce-8a53-14ad3eb57ffb" testListId="8c84fa94-04c1-424b-9868-57a2d4851a1d" />
    <TestEntry testId="7a71a075-4244-0a14-8e59-e2eb7c1c8b63" executionId="de312c2a-1f55-42df-952f-b806d1e9b7d0" testListId="8c84fa94-04c1-424b-9868-57a2d4851a1d" />
    <TestEntry testId="6522c56a-593b-0497-8dc2-7ab2c1765af3" executionId="b80f061f-632a-47b7-8e0b-dd3899bb1837" testListId="8c84fa94-04c1-424b-9868-57a2d4851a1d" />
    <TestEntry testId="501970b9-473c-aef6-4fe0-e93bc95374f1" executionId="39b94b1c-de46-4dea-ac96-1a8feb99561e" testListId="8c84fa94-04c1-424b-9868-57a2d4851a1d" />
    <TestEntry testId="a3e44324-2963-f857-41a6-5245c4621df4" executionId="8dd09b69-b49e-4e43-a626-2085a3eec213" testListId="8c84fa94-04c1-424b-9868-57a2d4851a1d" />
    <TestEntry testId="d85dd11c-6d32-9776-42db-4bb85b40cac6" executionId="73a2b70e-be2d-41d4-82d9-9e3beab76eb2" testListId="8c84fa94-04c1-424b-9868-57a2d4851a1d" />
    <TestEntry testId="6634bd44-a917-06ca-dc87-cffd05998256" executionId="13ea7982-e530-4af6-80bb-7a82e3f0cd11" testListId="8c84fa94-04c1-424b-9868-57a2d4851a1d" />
    <TestEntry testId="69856d60-19d5-5ee5-8290-2bab1f9051a0" executionId="61b22cf8-7973-4077-88a9-b5957ca26b7c" testListId="8c84fa94-04c1-424b-9868-57a2d4851a1d" />
    <TestEntry testId="d6f03902-9b78-e655-2972-c73033679e15" executionId="790503eb-76e7-4cd0-9d08-a6488787f073" testListId="8c84fa94-04c1-424b-9868-57a2d4851a1d" />
    <TestEntry testId="2d093e5b-d4b5-9ea3-fc32-37eb15a71850" executionId="239d9157-f4f3-47ff-b553-550983673d99" testListId="8c84fa94-04c1-424b-9868-57a2d4851a1d" />
    <TestEntry testId="7840c5e3-78d2-94db-b1e7-a10127131c74" executionId="315005b7-43e0-4377-8016-e685d4285804" testListId="8c84fa94-04c1-424b-9868-57a2d4851a1d" />
    <TestEntry testId="192daeb8-2589-3dc1-19da-7d7694f5e8bf" executionId="935405ad-5308-403b-bcc6-e38ceb320457" testListId="8c84fa94-04c1-424b-9868-57a2d4851a1d" />
    <TestEntry testId="87b1db1f-6d88-cef4-de68-b4d661288e0b" executionId="6b8b4a6c-3467-47f4-9421-532238562773" testListId="8c84fa94-04c1-424b-9868-57a2d4851a1d" />
    <TestEntry testId="e310bf58-992f-cb4f-5a26-131eb126c7e9" executionId="243963d6-a26c-4918-aef2-8018b2fdc524" testListId="8c84fa94-04c1-424b-9868-57a2d4851a1d" />
    <TestEntry testId="8d43e885-5b6d-94c9-e629-82638db556ec" executionId="f07f745c-251b-4696-b783-21bfddd0798a" testListId="8c84fa94-04c1-424b-9868-57a2d4851a1d" />
    <TestEntry testId="fd5f0d43-5f83-476d-489c-c786369c636b" executionId="b5610a3f-ad10-495d-ab89-381389831f47" testListId="8c84fa94-04c1-424b-9868-57a2d4851a1d" />
    <TestEntry testId="ffe08cb5-07a0-0f38-8030-cef3b2619841" executionId="0bc12def-57fb-4ae1-865c-ce1ae74c93d8" testListId="8c84fa94-04c1-424b-9868-57a2d4851a1d" />
    <TestEntry testId="f37bbfcd-d968-1733-5278-1b497cbd65f9" executionId="b0f03290-59ff-414a-a285-2020373d7fa7" testListId="8c84fa94-04c1-424b-9868-57a2d4851a1d" />
    <TestEntry testId="ef5dd8cf-06c7-d83c-d969-bedb02424e91" executionId="41b07949-6536-42d2-bcc9-e5cd5358ab34" testListId="8c84fa94-04c1-424b-9868-57a2d4851a1d" />
    <TestEntry testId="48bb260a-919e-2892-abe4-a31e498962be" executionId="980476e8-5504-4c62-bb67-5b3453641342" testListId="8c84fa94-04c1-424b-9868-57a2d4851a1d" />
    <TestEntry testId="66c6ee44-bb3f-f452-d7c4-66ffdbbf4e11" executionId="f1a42a97-4803-4b7d-9919-a2aea59ac936" testListId="8c84fa94-04c1-424b-9868-57a2d4851a1d" />
    <TestEntry testId="04998237-5b3a-9c68-01ed-955fee4f63f3" executionId="2ab3d877-0f97-45bf-bb9f-5602d7d74125" testListId="8c84fa94-04c1-424b-9868-57a2d4851a1d" />
    <TestEntry testId="17ba3795-81c4-b232-dca6-b8d66ebc78d8" executionId="47097441-768c-412a-a220-55b06d62a75b" testListId="8c84fa94-04c1-424b-9868-57a2d4851a1d" />
    <TestEntry testId="f1098a06-e68b-0e49-6abc-b6a7ac4b4344" executionId="15874270-4a31-4597-8108-52f29d64d5ee" testListId="8c84fa94-04c1-424b-9868-57a2d4851a1d" />
    <TestEntry testId="56004fde-2d00-9c86-0f71-a3a3aeeefd4b" executionId="22364619-fdd4-4bad-8242-f4c6f60885c6" testListId="8c84fa94-04c1-424b-9868-57a2d4851a1d" />
    <TestEntry testId="3e996b0a-8606-3403-be5f-3d62dcee4c6c" executionId="f27d4979-f234-456c-aaa3-a39b0f11caff" testListId="8c84fa94-04c1-424b-9868-57a2d4851a1d" />
    <TestEntry testId="26e491bc-dd99-5d76-ced0-5976ad688914" executionId="57893281-ec91-408c-985e-60a8a3cab26e" testListId="8c84fa94-04c1-424b-9868-57a2d4851a1d" />
    <TestEntry testId="aa691caf-8557-90b3-8d8d-1ea8b4a57c19" executionId="1daf6249-d85e-4ffc-b0d2-5b0dd16fc180" testListId="8c84fa94-04c1-424b-9868-57a2d4851a1d" />
    <TestEntry testId="6a31d06d-8c72-33ff-27bd-9c4003c4be4a" executionId="770b16af-173e-41d9-b030-8b21ffd7eb5a" testListId="8c84fa94-04c1-424b-9868-57a2d4851a1d" />
    <TestEntry testId="0de9ab8b-1eb6-def3-e0c8-04fb9800cb03" executionId="3c307240-62ce-4dd2-8d63-5b5f1b37b195" testListId="8c84fa94-04c1-424b-9868-57a2d4851a1d" />
    <TestEntry testId="d9c6c9dc-5c70-ca4d-cee7-7ab30f3d4dda" executionId="55b07d00-d71b-4bd4-9278-333a2a68942b" testListId="8c84fa94-04c1-424b-9868-57a2d4851a1d" />
    <TestEntry testId="cd018d22-1849-178f-9ef9-a48330dcf45d" executionId="7ce96ea0-3f9b-4a8b-882b-d7390a1ec59e" testListId="8c84fa94-04c1-424b-9868-57a2d4851a1d" />
    <TestEntry testId="efc1315a-7cc9-6b22-649e-3647ab6d3444" executionId="bc6b85de-65b6-4fd9-a4e7-4a0c0daa0482" testListId="8c84fa94-04c1-424b-9868-57a2d4851a1d" />
    <TestEntry testId="1a840d32-5876-ebdf-38da-a9181c070e76" executionId="8cd89986-1120-4753-81b8-ff8393d0a13f" testListId="8c84fa94-04c1-424b-9868-57a2d4851a1d" />
    <TestEntry testId="58ccc3e6-402b-1670-ca45-2965a1302b07" executionId="b26634bf-6db5-4734-8570-cb32c26b5147" testListId="8c84fa94-04c1-424b-9868-57a2d4851a1d" />
    <TestEntry testId="18802964-52c6-bc70-a001-71c01993acbd" executionId="c53efb6d-79ac-4a9f-9e0b-fcda4d523af1" testListId="8c84fa94-04c1-424b-9868-57a2d4851a1d" />
    <TestEntry testId="4d1e1ba4-5775-18b8-7cff-628becce1250" executionId="53dc9934-6c51-4a4c-b8ef-dee70989e0ac" testListId="8c84fa94-04c1-424b-9868-57a2d4851a1d" />
    <TestEntry testId="69c5b4ab-bdba-6da2-e4f9-2adf9f6fa9f4" executionId="fa975fb1-5b7b-4222-930c-6f0f941da20c" testListId="8c84fa94-04c1-424b-9868-57a2d4851a1d" />
    <TestEntry testId="f7c548f1-8b8c-7e41-cbbc-f783abc0c2c2" executionId="96f6a12f-e553-489a-8408-ed51981ad043" testListId="8c84fa94-04c1-424b-9868-57a2d4851a1d" />
    <TestEntry testId="23212ede-e759-3b9b-2316-368fcc20e1c1" executionId="5c25cb82-7469-4117-a19e-940733ba98bb" testListId="8c84fa94-04c1-424b-9868-57a2d4851a1d" />
    <TestEntry testId="b87b7633-5599-9e58-c0ce-cfc96d02d5ae" executionId="305eb43d-e7be-48d3-bcae-0d84233585d6" testListId="8c84fa94-04c1-424b-9868-57a2d4851a1d" />
    <TestEntry testId="208f0805-bb28-4566-dcdd-e71d8f8b1bdd" executionId="0e836fbe-f052-4302-bbde-a52a1911dad6" testListId="8c84fa94-04c1-424b-9868-57a2d4851a1d" />
    <TestEntry testId="0a2f46a6-5290-5be2-3c29-c2ac47400bf8" executionId="39ee0353-c83a-476d-a33a-e3aaddad8cf4" testListId="8c84fa94-04c1-424b-9868-57a2d4851a1d" />
    <TestEntry testId="8d2adbd2-8a41-29a6-2575-d6482a90a1f8" executionId="072171ea-c82d-4372-b302-58bd05a20102" testListId="8c84fa94-04c1-424b-9868-57a2d4851a1d" />
    <TestEntry testId="26e915cf-9374-a6f3-e90f-2d7e1e2b38a0" executionId="12bf50d3-c0bf-47f0-9ebe-129565cc590e" testListId="8c84fa94-04c1-424b-9868-57a2d4851a1d" />
    <TestEntry testId="0fb50777-482f-e1ba-ee73-c8244b560f4e" executionId="5d0fd9e3-2816-446f-a3a9-e1b68ceb6503" testListId="8c84fa94-04c1-424b-9868-57a2d4851a1d" />
    <TestEntry testId="e65600da-a66e-2ad6-ce44-547ba0f25bde" executionId="f6339ebb-76a0-4a89-9893-df08937823ee" testListId="8c84fa94-04c1-424b-9868-57a2d4851a1d" />
    <TestEntry testId="52796568-a3c5-3e9b-cf7b-800d092e5488" executionId="cb2b45f5-42f0-48e8-a223-3a47bf346766" testListId="8c84fa94-04c1-424b-9868-57a2d4851a1d" />
    <TestEntry testId="bbf561be-cf71-d172-ed94-be3ba0e284cd" executionId="c2c7ca4e-87fe-40e4-9d5e-c61223166369" testListId="8c84fa94-04c1-424b-9868-57a2d4851a1d" />
    <TestEntry testId="a69fc0a3-572f-f549-48e0-40144a3af09e" executionId="ca3f4e96-4949-4ddd-9e12-c57b7d7b3266" testListId="8c84fa94-04c1-424b-9868-57a2d4851a1d" />
    <TestEntry testId="cff2b6c3-98c0-2dee-73f1-53de66568731" executionId="167ce1ec-1fd5-4b4f-b72f-9df1ad34e65e" testListId="8c84fa94-04c1-424b-9868-57a2d4851a1d" />
    <TestEntry testId="e27d204b-9536-13ab-de08-d6698ddb54e7" executionId="177d92ef-386a-424f-b64c-ff992f087e9f" testListId="8c84fa94-04c1-424b-9868-57a2d4851a1d" />
    <TestEntry testId="92699f6e-a7f8-aef0-0187-52f7b25a3a3d" executionId="a4e59822-84bd-43ba-bece-35b6f9cd47c5" testListId="8c84fa94-04c1-424b-9868-57a2d4851a1d" />
    <TestEntry testId="e7062c90-5f8c-a4c3-e315-0e6a7671bda1" executionId="3c5410f8-a7e8-495b-b81c-6ddd5a920320" testListId="8c84fa94-04c1-424b-9868-57a2d4851a1d" />
    <TestEntry testId="6b30174d-f860-616f-ed29-710139b2abb6" executionId="e846d297-3668-4ae0-a20f-85f919af7498" testListId="8c84fa94-04c1-424b-9868-57a2d4851a1d" />
    <TestEntry testId="b00998bc-eae6-62fb-eb24-d1298b70372d" executionId="5b07a529-d758-42c3-9767-cefdb74009da" testListId="8c84fa94-04c1-424b-9868-57a2d4851a1d" />
    <TestEntry testId="9412506f-8f81-de7a-9a39-96c7c6a82e5a" executionId="c693a6ac-70c0-4769-b0ba-f1a7f374c600" testListId="8c84fa94-04c1-424b-9868-57a2d4851a1d" />
    <TestEntry testId="3acdd1a0-800c-7313-b9e6-8145d43a2a34" executionId="95152f11-c342-4e0e-b4f7-e3bb3043d1ef" testListId="8c84fa94-04c1-424b-9868-57a2d4851a1d" />
    <TestEntry testId="74441244-34af-4828-c488-b95893ab50a7" executionId="f3b20f2a-784f-49c2-a6fd-3b20a415f841" testListId="8c84fa94-04c1-424b-9868-57a2d4851a1d" />
    <TestEntry testId="965659b7-5d12-4977-2b36-cd65b97530f7" executionId="6b023cd5-d9ae-45fb-862b-f1470b806aef" testListId="8c84fa94-04c1-424b-9868-57a2d4851a1d" />
    <TestEntry testId="45c8ee3a-e583-fd18-8a0a-349f421e0f9c" executionId="7dac2451-11fa-4de3-bdbc-0bf801825943" testListId="8c84fa94-04c1-424b-9868-57a2d4851a1d" />
    <TestEntry testId="dc19c1ff-047d-986e-4246-08f6dca350f5" executionId="810f0753-a087-4acf-876f-f0ab565aeec4" testListId="8c84fa94-04c1-424b-9868-57a2d4851a1d" />
    <TestEntry testId="eb48905c-20a6-7956-9e27-87b4ef5ab9bc" executionId="c3f30da2-7ff2-4683-86a0-d370863ebb54" testListId="8c84fa94-04c1-424b-9868-57a2d4851a1d" />
    <TestEntry testId="75b1045e-49e8-fe86-b5a8-628c6ca5740f" executionId="532510ba-f49f-4e7d-8076-015affde992a" testListId="8c84fa94-04c1-424b-9868-57a2d4851a1d" />
    <TestEntry testId="c4e45d49-4a30-3690-6669-a018313a764b" executionId="6d012c6f-ffca-412f-b141-945b791f21f8" testListId="8c84fa94-04c1-424b-9868-57a2d4851a1d" />
    <TestEntry testId="08659b29-e8ef-4dbe-5c49-1f4267200dd9" executionId="b7d29bd3-92cf-4ec8-9710-e9ffef6a2cbe" testListId="8c84fa94-04c1-424b-9868-57a2d4851a1d" />
    <TestEntry testId="c340a25b-4af7-805a-8e66-0d5f67f4ccdc" executionId="8e078b44-7fed-44b1-bdea-cdfc10a9454e" testListId="8c84fa94-04c1-424b-9868-57a2d4851a1d" />
    <TestEntry testId="38760e01-7b16-b5be-d365-35b600eed873" executionId="b5f67672-bfe3-462f-abf6-4bff101c5c94" testListId="8c84fa94-04c1-424b-9868-57a2d4851a1d" />
    <TestEntry testId="008f9eea-4491-f1c4-00ed-97dc99768bcf" executionId="45272052-e9f5-41d0-841e-63ad85ceac81" testListId="8c84fa94-04c1-424b-9868-57a2d4851a1d" />
    <TestEntry testId="afd66f2f-770e-915b-666e-fdb88c55e5db" executionId="90e20103-5cad-4b06-a61a-28b6c74e4769" testListId="8c84fa94-04c1-424b-9868-57a2d4851a1d" />
    <TestEntry testId="61222723-6335-0d59-bdc0-7baf8402f924" executionId="2e0bedc9-8607-4275-9c01-737d334d2cca" testListId="8c84fa94-04c1-424b-9868-57a2d4851a1d" />
    <TestEntry testId="a3b57371-d6d0-8a3c-93d1-8b9ea8af5303" executionId="a82a34ad-8cfc-477a-bd2c-26453cd73b4c" testListId="8c84fa94-04c1-424b-9868-57a2d4851a1d" />
    <TestEntry testId="384bdbc9-c3fe-7f3a-aeae-4fe98a582e3d" executionId="0320852d-5213-47a9-830c-d460fd94f1a9" testListId="8c84fa94-04c1-424b-9868-57a2d4851a1d" />
    <TestEntry testId="3f192336-7597-bcf7-16dd-d1947b1e2c5b" executionId="ff379573-a21f-417a-a5b7-f7e4f999e239" testListId="8c84fa94-04c1-424b-9868-57a2d4851a1d" />
    <TestEntry testId="36aec392-1adb-41a3-1ac3-b4c50d8b965f" executionId="fdb0b675-3585-4666-85f1-57eb63d36562" testListId="8c84fa94-04c1-424b-9868-57a2d4851a1d" />
    <TestEntry testId="0d4e6734-0b6a-25db-b4a8-f8ed6b93e2e9" executionId="18afad89-eec9-4d01-a37c-17c716b9da5c" testListId="8c84fa94-04c1-424b-9868-57a2d4851a1d" />
    <TestEntry testId="8cafd798-b35b-c8f1-0ccc-aacd07e75990" executionId="d03297e3-c68f-4537-8a25-06213939ea5b" testListId="8c84fa94-04c1-424b-9868-57a2d4851a1d" />
    <TestEntry testId="895c5da9-8ae5-4a78-1aed-bb1cfe844055" executionId="09829e93-6cee-43a9-9af6-e568965915c6" testListId="8c84fa94-04c1-424b-9868-57a2d4851a1d" />
    <TestEntry testId="743752cb-a38c-ab0c-14c9-92337e814f66" executionId="186595cb-2de0-420f-b23c-1dd9f71d5171" testListId="8c84fa94-04c1-424b-9868-57a2d4851a1d" />
    <TestEntry testId="b0c3d9cb-3836-d62e-93f5-78eb86cd5eb1" executionId="a19bd2b7-e507-4b44-a77e-f3a26474a9d3" testListId="8c84fa94-04c1-424b-9868-57a2d4851a1d" />
    <TestEntry testId="8dcb15c5-9ad1-986c-1b41-8024fd9d0cd0" executionId="20ac20ce-73d4-477c-bc38-772a7149ce3b" testListId="8c84fa94-04c1-424b-9868-57a2d4851a1d" />
    <TestEntry testId="bc442728-299b-ba05-f389-6e48fae05bf4" executionId="843852fc-ffe6-4115-ab3f-f93556ed113b" testListId="8c84fa94-04c1-424b-9868-57a2d4851a1d" />
    <TestEntry testId="d6652bae-c351-1979-2fb6-374c55c65ee6" executionId="d662d5af-de36-42e7-bdb6-82bcda0b1a09" testListId="8c84fa94-04c1-424b-9868-57a2d4851a1d" />
    <TestEntry testId="ef2d9d43-6fe4-e017-e8a0-6092eecef1b7" executionId="6670d9b4-023d-4ed7-90d9-f71315c7b70d" testListId="8c84fa94-04c1-424b-9868-57a2d4851a1d" />
    <TestEntry testId="975e1d02-6159-bb93-2cc4-a56ef5b50c9e" executionId="78bce593-b1f6-4eb1-a069-65f5a140b4c0" testListId="8c84fa94-04c1-424b-9868-57a2d4851a1d" />
    <TestEntry testId="58c21aea-270f-7513-10d4-8b08ec19eb18" executionId="6c45d697-7e11-49ff-8168-faa40d2c37c5" testListId="8c84fa94-04c1-424b-9868-57a2d4851a1d" />
    <TestEntry testId="860b26ba-45d7-2f3b-7a8d-7309cc23521b" executionId="2db0acf8-19ae-4dc0-96df-f937e17a3394" testListId="8c84fa94-04c1-424b-9868-57a2d4851a1d" />
    <TestEntry testId="147002e5-a86a-f3e7-4f60-e69f2938ce31" executionId="b82c2679-3c62-4930-ab8f-1b9ddf6b9366" testListId="8c84fa94-04c1-424b-9868-57a2d4851a1d" />
    <TestEntry testId="e6a5783c-4987-95ac-727e-3110ea61182c" executionId="21185e9e-7a3a-466b-b123-9e027a121bf3" testListId="8c84fa94-04c1-424b-9868-57a2d4851a1d" />
    <TestEntry testId="0f4e9222-5979-cb22-4e1c-fb3d924b2958" executionId="e6088d90-033a-4544-97df-0f9825cab157" testListId="8c84fa94-04c1-424b-9868-57a2d4851a1d" />
    <TestEntry testId="31700039-65a8-4d97-fa05-268c63e4a1ab" executionId="ae91f4cd-14b1-4ec4-813b-e1e334cc704f" testListId="8c84fa94-04c1-424b-9868-57a2d4851a1d" />
    <TestEntry testId="62ff1929-c433-d9b3-6a76-0064b6fe39d1" executionId="7818ceaf-69ad-4642-9000-31875d589f91" testListId="8c84fa94-04c1-424b-9868-57a2d4851a1d" />
    <TestEntry testId="22b63520-282c-720b-2df8-252c83ca25bb" executionId="697b8a75-b9a4-498c-9e48-31ccc39f456d" testListId="8c84fa94-04c1-424b-9868-57a2d4851a1d" />
    <TestEntry testId="48b03b65-aaeb-9123-630e-da5b46b4f6a4" executionId="b51a6ed6-2162-41b7-9c9d-1798cf1c762b" testListId="8c84fa94-04c1-424b-9868-57a2d4851a1d" />
    <TestEntry testId="a759bfe3-b5c9-473c-103c-8b2ada9fe259" executionId="54d728a8-8b9a-4117-a2bd-0106e8b6f142" testListId="8c84fa94-04c1-424b-9868-57a2d4851a1d" />
    <TestEntry testId="f6e708a1-0ac1-b3fe-6f12-ac2916a243b6" executionId="bb35fc04-8b8c-46a9-a5f6-2cb718a3b242" testListId="8c84fa94-04c1-424b-9868-57a2d4851a1d" />
    <TestEntry testId="e1d0ad6e-cfce-d43e-c6d0-1a8f0370e7a9" executionId="be8bc094-6f59-4b12-9cb9-33784caac0cd" testListId="8c84fa94-04c1-424b-9868-57a2d4851a1d" />
    <TestEntry testId="614c270e-9bbe-9f15-0781-88786cebf174" executionId="2ad0fdea-711c-4725-a13d-4b074db7093c" testListId="8c84fa94-04c1-424b-9868-57a2d4851a1d" />
    <TestEntry testId="9d2402bc-2dd0-82b4-fd55-e43e8cb3b809" executionId="acb8e4c5-b7af-4a66-8be5-36bc6440a5c4" testListId="8c84fa94-04c1-424b-9868-57a2d4851a1d" />
    <TestEntry testId="dc7e5904-9c0d-5a50-0fe5-5e9b823be5cf" executionId="2c1d091a-d6ff-430d-a477-2bfc97b3c5a3" testListId="8c84fa94-04c1-424b-9868-57a2d4851a1d" />
    <TestEntry testId="3307ef53-a249-f385-6521-1f99f404034b" executionId="b9e79d66-fa23-417b-afa0-af3a7e168c83" testListId="8c84fa94-04c1-424b-9868-57a2d4851a1d" />
    <TestEntry testId="b701700c-2ab3-d9e9-e83b-389f599b9b33" executionId="0f28ec8b-bb9d-4cec-88cd-88f3d54fabc9" testListId="8c84fa94-04c1-424b-9868-57a2d4851a1d" />
    <TestEntry testId="2152597f-0282-fb73-9f60-d482210a001a" executionId="55c3078d-5f1a-4d5c-984f-c3f0af3a5a0d" testListId="8c84fa94-04c1-424b-9868-57a2d4851a1d" />
    <TestEntry testId="82448592-71fb-8c3d-676c-7e25458512a4" executionId="3ca19452-ea5b-4518-a37e-41216bb87669" testListId="8c84fa94-04c1-424b-9868-57a2d4851a1d" />
    <TestEntry testId="53969d5d-1830-ebe2-db9f-cbae21784ced" executionId="dd5a18b4-c139-4b3d-ab47-3bcccc22a03e" testListId="8c84fa94-04c1-424b-9868-57a2d4851a1d" />
    <TestEntry testId="3f0e1640-f10e-cf61-670e-42b50eed6438" executionId="8a3c5550-cf5a-47dc-bd1a-552c5eadf5d1" testListId="8c84fa94-04c1-424b-9868-57a2d4851a1d" />
    <TestEntry testId="f21e0325-c294-80d9-c90c-98d3b32c823c" executionId="c2db5a3f-8e70-4200-b03d-84d9e192f7ab" testListId="8c84fa94-04c1-424b-9868-57a2d4851a1d" />
    <TestEntry testId="f242ff15-862e-9201-736d-a74ebb53e2ce" executionId="cbd67376-1954-4909-bde5-44b377da236c" testListId="8c84fa94-04c1-424b-9868-57a2d4851a1d" />
    <TestEntry testId="167edd94-a935-3224-f916-40dafc09e44f" executionId="e94034f6-2d17-4286-a86e-9d17567e2cb3" testListId="8c84fa94-04c1-424b-9868-57a2d4851a1d" />
    <TestEntry testId="c044811f-7542-f2ec-32bf-e22dc0126095" executionId="d74c9e29-ee2d-48ed-974e-bcd13e128130" testListId="8c84fa94-04c1-424b-9868-57a2d4851a1d" />
    <TestEntry testId="c481e987-f317-0f76-761f-da436d394427" executionId="5879f02d-26da-4ed0-a152-c4192c7187c2" testListId="8c84fa94-04c1-424b-9868-57a2d4851a1d" />
    <TestEntry testId="da900697-4c11-f9f3-d332-ad2b77b079a8" executionId="f8b0b8bc-ec71-4c39-8d19-b19b9cde7189" testListId="8c84fa94-04c1-424b-9868-57a2d4851a1d" />
    <TestEntry testId="3c3ff9a2-6b97-720a-e5ab-4b2517cf3ca7" executionId="1cd5baf0-55a0-4838-999e-c140e7097f10" testListId="8c84fa94-04c1-424b-9868-57a2d4851a1d" />
    <TestEntry testId="40de179f-a46c-5380-163c-cd8a791588e0" executionId="aeda4cb4-7c36-41eb-a915-3dc886330184" testListId="8c84fa94-04c1-424b-9868-57a2d4851a1d" />
    <TestEntry testId="e2c9ec56-138a-8494-e044-72a4c413e52c" executionId="92760037-8a80-46ce-aba8-455849ec232b" testListId="8c84fa94-04c1-424b-9868-57a2d4851a1d" />
    <TestEntry testId="c9e9affe-7af9-b13f-1809-bf0876778f17" executionId="10fb3a3b-9857-4011-96b8-5d94868fff87" testListId="8c84fa94-04c1-424b-9868-57a2d4851a1d" />
    <TestEntry testId="cb48eb78-a99e-9e0c-2112-9a3d488c1d0a" executionId="c1354428-a067-416e-934f-70de3ae6aae8" testListId="8c84fa94-04c1-424b-9868-57a2d4851a1d" />
    <TestEntry testId="411eb3ac-68cc-3fb6-18e9-fdb2c91274d6" executionId="aee96962-d7e7-4eb9-8225-dfa9faf7eff9" testListId="8c84fa94-04c1-424b-9868-57a2d4851a1d" />
    <TestEntry testId="b81befd1-be01-12f1-71d7-4e9a8c71ac6e" executionId="4a31f829-d6f8-4f6e-ab99-f28fe23bd75a" testListId="8c84fa94-04c1-424b-9868-57a2d4851a1d" />
    <TestEntry testId="abc826b6-71c3-d124-d361-f51114c8fedc" executionId="6973763d-511b-4b43-8b28-5ec5bf6c9c01" testListId="8c84fa94-04c1-424b-9868-57a2d4851a1d" />
    <TestEntry testId="c5c80c78-762a-101d-ea25-99fa4627b205" executionId="025b9761-b5ca-4d1f-9662-cc2ee0274b8c" testListId="8c84fa94-04c1-424b-9868-57a2d4851a1d" />
    <TestEntry testId="0e6db93f-3aff-4fc7-bc39-042c08e33ec0" executionId="e9a23d9d-8ce6-43c6-842b-7208575b5c04" testListId="8c84fa94-04c1-424b-9868-57a2d4851a1d" />
    <TestEntry testId="f8b34716-6857-ac23-a328-1fa4e2fff43c" executionId="49dc2a2b-c800-41ba-ab92-9741795adf20" testListId="8c84fa94-04c1-424b-9868-57a2d4851a1d" />
    <TestEntry testId="6d6e16da-a7b5-7915-ad87-e68d85e2c583" executionId="1e6f1644-bd8c-42a5-9519-f1f0af418070" testListId="8c84fa94-04c1-424b-9868-57a2d4851a1d" />
    <TestEntry testId="ed09a4cf-326f-f919-6990-f98d96224e93" executionId="d249fc5a-6b3a-4b4e-a92e-2252e4bbbf79" testListId="8c84fa94-04c1-424b-9868-57a2d4851a1d" />
    <TestEntry testId="ef892400-2f3c-93a1-6377-03adc419b00d" executionId="f14e41a8-90c8-4175-a8f4-6121a7ab1b14" testListId="8c84fa94-04c1-424b-9868-57a2d4851a1d" />
    <TestEntry testId="82621e9a-4c2b-bda8-110c-ac1321cc47cc" executionId="e0a963dc-f973-4677-bd2d-ce4cb8766f6f" testListId="8c84fa94-04c1-424b-9868-57a2d4851a1d" />
    <TestEntry testId="aa25d1e8-1df3-6e5f-1bf2-69aa3a17e682" executionId="fba337e1-7779-4333-b997-1e42531a9e8c" testListId="8c84fa94-04c1-424b-9868-57a2d4851a1d" />
    <TestEntry testId="661ac248-8a83-e254-8ddc-f9018b494bf3" executionId="be50546f-0611-4043-82ed-3514ab28b3e5" testListId="8c84fa94-04c1-424b-9868-57a2d4851a1d" />
    <TestEntry testId="ca15f8df-4bef-7ae7-11ec-99d66432a4b8" executionId="a03f8d8b-7e9d-4edc-b4fa-cc2ca72c9794" testListId="8c84fa94-04c1-424b-9868-57a2d4851a1d" />
    <TestEntry testId="3150014d-d391-3767-c3e0-06a7bf27d028" executionId="fa3b16dd-2193-4c47-845e-67ceabeaa3cc" testListId="8c84fa94-04c1-424b-9868-57a2d4851a1d" />
    <TestEntry testId="06c4b10b-26f0-919f-47e9-976d9a7eb365" executionId="1332cfab-43dd-4b3c-9d92-90706e3c2991" testListId="8c84fa94-04c1-424b-9868-57a2d4851a1d" />
    <TestEntry testId="bedb7b63-f995-bc61-60f0-694f5a50ce8a" executionId="0fc4b6e9-92cb-4b58-b39d-893b842e1226" testListId="8c84fa94-04c1-424b-9868-57a2d4851a1d" />
    <TestEntry testId="fd8535df-384c-da9a-ef72-07dc225727f2" executionId="91272999-9fed-4978-ab71-bda083d791ab" testListId="8c84fa94-04c1-424b-9868-57a2d4851a1d" />
    <TestEntry testId="6d63deed-7287-f3be-5709-79fe1b084471" executionId="03a4a89d-d0c4-4630-8c80-632bb32d6d83" testListId="8c84fa94-04c1-424b-9868-57a2d4851a1d" />
    <TestEntry testId="300d1f6b-e8f8-f4f7-1d29-7a20411615dd" executionId="434d6cb0-ee25-4de2-937a-51973a7c0ea8" testListId="8c84fa94-04c1-424b-9868-57a2d4851a1d" />
    <TestEntry testId="cd44f4d8-0d32-6ab4-8739-d24029f3e355" executionId="dd3c79e4-0c8f-432c-ac30-575684e88b1a" testListId="8c84fa94-04c1-424b-9868-57a2d4851a1d" />
    <TestEntry testId="a09388c0-a979-716b-59e1-27f196fe751c" executionId="8b44803f-d4f7-4104-b24a-1c885fa0b93b" testListId="8c84fa94-04c1-424b-9868-57a2d4851a1d" />
    <TestEntry testId="69a21817-5b96-4a09-8f63-ea8e4f9a027b" executionId="43c99725-2bea-4e16-bf5d-f20b49e6ffb1" testListId="8c84fa94-04c1-424b-9868-57a2d4851a1d" />
    <TestEntry testId="27247de7-16d2-c353-a8f1-9a4ceb24ee5d" executionId="3b0fe419-69dd-4f0e-928a-d317d05667ff" testListId="8c84fa94-04c1-424b-9868-57a2d4851a1d" />
    <TestEntry testId="c9f9d7bf-e4d1-2f26-bc8c-a6e42182e7fd" executionId="67b4dffa-2182-4895-b6cd-2b7389b6f0c1" testListId="8c84fa94-04c1-424b-9868-57a2d4851a1d" />
    <TestEntry testId="0741ba0b-d0ea-f890-cfb1-de8f53185f42" executionId="7af1e9a1-1169-457e-a55f-8851806297bb" testListId="8c84fa94-04c1-424b-9868-57a2d4851a1d" />
    <TestEntry testId="cb1d7bbc-67ce-c8ab-8dc1-a20f51daa44e" executionId="520f734b-4ae2-4b36-9005-2fa003309737" testListId="8c84fa94-04c1-424b-9868-57a2d4851a1d" />
    <TestEntry testId="5d298d71-10ad-d266-0b17-c36bbdd9df8a" executionId="de95231e-c609-4f7f-81ac-d6ec13d461c9" testListId="8c84fa94-04c1-424b-9868-57a2d4851a1d" />
    <TestEntry testId="6c593017-c139-e1f6-126e-b8eed761affc" executionId="1919ad5a-5e12-45ab-afea-8a4b528f10f9" testListId="8c84fa94-04c1-424b-9868-57a2d4851a1d" />
    <TestEntry testId="44db438e-3ba4-94ef-e2a3-e5459a9b6123" executionId="34359212-66b8-46d1-94b7-816efb69a3dd" testListId="8c84fa94-04c1-424b-9868-57a2d4851a1d" />
    <TestEntry testId="43b6f026-1de6-df07-38af-e4677e3c3c0b" executionId="fc202638-96b6-4bcb-96da-c5cfd22815ed" testListId="8c84fa94-04c1-424b-9868-57a2d4851a1d" />
    <TestEntry testId="625f9d65-17fd-a928-42e0-b3dcca462e96" executionId="468cc442-1cb4-42ae-bbef-02adebfc81d5" testListId="8c84fa94-04c1-424b-9868-57a2d4851a1d" />
    <TestEntry testId="a06938b2-b9c5-e1d7-f172-11ff925e3dd9" executionId="3d4a43ca-7cef-4fd3-838c-fa27426a204d" testListId="8c84fa94-04c1-424b-9868-57a2d4851a1d" />
    <TestEntry testId="254fa937-b166-89fd-3d08-35003d896178" executionId="48ef492e-aeb4-4a7b-8ecc-665b3d46663b" testListId="8c84fa94-04c1-424b-9868-57a2d4851a1d" />
    <TestEntry testId="884e408c-f67e-a810-8b6c-0e916aacb8c6" executionId="6775326c-0427-43b5-8bb1-9ebd8f687062" testListId="8c84fa94-04c1-424b-9868-57a2d4851a1d" />
    <TestEntry testId="eaa5dc75-e8a8-e7fe-f053-b33d98083d31" executionId="e236b9f4-554c-422e-ab36-6e29b76e6bba" testListId="8c84fa94-04c1-424b-9868-57a2d4851a1d" />
    <TestEntry testId="27145bff-4915-5834-5cdd-5761b8a612b8" executionId="b6e7470c-e5b2-42f8-955a-08b82f76707e" testListId="8c84fa94-04c1-424b-9868-57a2d4851a1d" />
    <TestEntry testId="1955bdf4-a72a-c87f-5736-af12a805e31a" executionId="2764f040-afe9-4964-8f6c-b504bc43c869" testListId="8c84fa94-04c1-424b-9868-57a2d4851a1d" />
    <TestEntry testId="21fd0756-10c3-46ee-a846-b3dabac07764" executionId="a65473af-6516-483b-a45f-f5bae1d4af1c" testListId="8c84fa94-04c1-424b-9868-57a2d4851a1d" />
    <TestEntry testId="8e7b9116-8628-3d5b-1b1a-ca481cf14215" executionId="7f1eba44-45cb-4dfc-8df5-d03e053b56c6" testListId="8c84fa94-04c1-424b-9868-57a2d4851a1d" />
    <TestEntry testId="017e6e7c-c7ec-9b21-42f9-6ee066e6ac8c" executionId="674ab95a-2b52-43a7-aa27-d9493a54cf23" testListId="8c84fa94-04c1-424b-9868-57a2d4851a1d" />
    <TestEntry testId="ac47d88c-09e4-afb0-61fb-1d74b45b70b0" executionId="7accee76-4963-47bd-98a5-fabcbc41bbaf" testListId="8c84fa94-04c1-424b-9868-57a2d4851a1d" />
    <TestEntry testId="992ae55d-91ef-df52-d4db-400945313101" executionId="15464d0b-8b8d-456e-b12d-b0a3f1c6284c" testListId="8c84fa94-04c1-424b-9868-57a2d4851a1d" />
    <TestEntry testId="325659d5-dada-fcc9-4c1e-e6a8952837b2" executionId="ee4b5403-fe4a-4393-b854-cd007220b20e" testListId="8c84fa94-04c1-424b-9868-57a2d4851a1d" />
    <TestEntry testId="c805e166-1285-35c8-7dd7-3c2e3c9a9fd1" executionId="194fb81e-9e9b-497f-8a93-fd8035485a0b" testListId="8c84fa94-04c1-424b-9868-57a2d4851a1d" />
    <TestEntry testId="b35db6dd-d957-01f2-ef7c-62904c0fa05c" executionId="457d88ff-dab2-469e-baa9-0314e7cdc1e5" testListId="8c84fa94-04c1-424b-9868-57a2d4851a1d" />
    <TestEntry testId="8a32f239-1308-e3aa-c372-f702a7ca30c3" executionId="bb9c3cf2-67fe-40e6-b023-e632c8aa51c9" testListId="8c84fa94-04c1-424b-9868-57a2d4851a1d" />
    <TestEntry testId="149699a8-ebcd-0882-4a35-039a15504cd2" executionId="a1fa70ef-ea50-41d5-a251-7c2a0d279e4a" testListId="8c84fa94-04c1-424b-9868-57a2d4851a1d" />
    <TestEntry testId="4c817324-2212-de07-bdd6-9186b46ce012" executionId="703ad38a-d4cf-434b-96ed-d74532b791e8" testListId="8c84fa94-04c1-424b-9868-57a2d4851a1d" />
    <TestEntry testId="da3f0dcf-4fec-12b2-a3f9-7f88f10a9299" executionId="f0e11454-9609-497f-b108-a1f42130168f" testListId="8c84fa94-04c1-424b-9868-57a2d4851a1d" />
    <TestEntry testId="051f08b8-5c18-b0d0-cba4-353924e3fb46" executionId="f726fd81-8eb4-42ad-809b-58a38dac0c3c" testListId="8c84fa94-04c1-424b-9868-57a2d4851a1d" />
    <TestEntry testId="92ccac8a-d549-c1ff-c52d-1a4330f0b87b" executionId="1caf794f-e728-409c-af54-0b2b97dd5021" testListId="8c84fa94-04c1-424b-9868-57a2d4851a1d" />
    <TestEntry testId="e77b59a0-046a-1ff8-20b5-843501280539" executionId="161774f2-ef1a-441f-8dca-312c67f5e354" testListId="8c84fa94-04c1-424b-9868-57a2d4851a1d" />
    <TestEntry testId="02ce561b-e8a2-98a4-f957-d770fe54b19e" executionId="fce5ef47-d76d-46f7-8cdb-0c9c439defd3" testListId="8c84fa94-04c1-424b-9868-57a2d4851a1d" />
    <TestEntry testId="cb0f1e91-aa70-8b65-9218-91dab742d433" executionId="fbd6088c-b48a-4884-aba4-ef47d7b6a6ed" testListId="8c84fa94-04c1-424b-9868-57a2d4851a1d" />
    <TestEntry testId="116caeda-c9f6-0a13-5958-cf1cb732a7f6" executionId="55e5ffe8-d067-4b3b-a384-af068edfca19" testListId="8c84fa94-04c1-424b-9868-57a2d4851a1d" />
    <TestEntry testId="49675ff4-2fea-6e83-ccbf-b6aea3a8367c" executionId="5469b03e-e1ae-48bc-b0ce-e9f2be5f494e" testListId="8c84fa94-04c1-424b-9868-57a2d4851a1d" />
    <TestEntry testId="099596ee-c80a-e786-b053-be08291c5ea0" executionId="3e79ad28-5119-4dfc-93cd-65582985fede" testListId="8c84fa94-04c1-424b-9868-57a2d4851a1d" />
    <TestEntry testId="f0b50d97-406e-b701-dbe7-61c94b5662f3" executionId="4f316a80-33a5-4ed5-975d-f2a9183e876b" testListId="8c84fa94-04c1-424b-9868-57a2d4851a1d" />
    <TestEntry testId="853e48d8-3e8d-ac26-aa73-a34f59ad9f95" executionId="795a5e2a-82b4-4482-9be4-83830d92f9c6" testListId="8c84fa94-04c1-424b-9868-57a2d4851a1d" />
    <TestEntry testId="c3a10265-0911-22ab-7eb9-e7ea5c52290a" executionId="59f68356-5b25-4f8c-97d6-283b9d538c7e" testListId="8c84fa94-04c1-424b-9868-57a2d4851a1d" />
    <TestEntry testId="f049e671-212a-d6ac-9693-ce3e603a55ad" executionId="8857ef84-9110-4185-af1b-9268de298ace" testListId="8c84fa94-04c1-424b-9868-57a2d4851a1d" />
    <TestEntry testId="879c6e44-9347-234e-cae3-e94739bcfdbf" executionId="31abd83b-015f-49f1-aac1-52034fe5c226" testListId="8c84fa94-04c1-424b-9868-57a2d4851a1d" />
    <TestEntry testId="5087e0c0-da97-d934-02ab-434fce562377" executionId="6208635f-5545-443c-9a14-33885968f6ce" testListId="8c84fa94-04c1-424b-9868-57a2d4851a1d" />
    <TestEntry testId="ae91ed51-c729-a947-1c8e-8357c671212b" executionId="2f444b88-7998-44f5-a7cd-f7463a66ac22" testListId="8c84fa94-04c1-424b-9868-57a2d4851a1d" />
    <TestEntry testId="a8541e15-ebfb-23f0-373a-aa8b1a0d48fd" executionId="1d55ef40-65cb-43aa-a94e-8c0fe5e06a39" testListId="8c84fa94-04c1-424b-9868-57a2d4851a1d" />
    <TestEntry testId="84777f2a-a169-7113-edc8-b29ec0118eb9" executionId="7fc36f09-71e5-4559-b6a2-675ecd8f18dc" testListId="8c84fa94-04c1-424b-9868-57a2d4851a1d" />
    <TestEntry testId="ea03a96c-636d-2338-48a1-fff1a7d770cc" executionId="104d1a66-1dee-4e8d-8ff1-310036b82d4b" testListId="8c84fa94-04c1-424b-9868-57a2d4851a1d" />
    <TestEntry testId="31b6e9bc-d917-6f5b-db99-db472050e79f" executionId="1dd36d2a-6a21-4752-9f73-c8d5b49046c3" testListId="8c84fa94-04c1-424b-9868-57a2d4851a1d" />
    <TestEntry testId="18ac0c6a-c8b0-50b1-6576-1633f352bb59" executionId="a47ba2d3-4f94-4b2f-990a-8f2471f05e05" testListId="8c84fa94-04c1-424b-9868-57a2d4851a1d" />
    <TestEntry testId="75d5c589-d8d2-ac4b-4ebb-f7352e64a2e9" executionId="81c0aa61-0fd5-4094-afdd-593964b1cfe0" testListId="8c84fa94-04c1-424b-9868-57a2d4851a1d" />
    <TestEntry testId="c5f3ef08-0176-c058-0eed-f37af611157c" executionId="3f3a06c9-5e6c-4e2d-9bb1-b93c1506ca7f" testListId="8c84fa94-04c1-424b-9868-57a2d4851a1d" />
    <TestEntry testId="32faaa3e-3258-d792-2d06-b5c9f8052531" executionId="2e4cdd11-b345-4c40-b730-9f0662c013ff" testListId="8c84fa94-04c1-424b-9868-57a2d4851a1d" />
    <TestEntry testId="7543527f-24b6-e7c3-dd17-21e8374e449a" executionId="9ec17e7e-3477-4a43-8de0-86cd111aaf28" testListId="8c84fa94-04c1-424b-9868-57a2d4851a1d" />
    <TestEntry testId="6fc144e7-3a6a-81cf-d097-c4fa267d98b8" executionId="2989419d-14e1-4c55-909a-378d73e51ba5" testListId="8c84fa94-04c1-424b-9868-57a2d4851a1d" />
    <TestEntry testId="cda5e675-d38b-08fc-bb6d-e616a5850577" executionId="54c556c5-d172-4823-9d77-596d1664c583" testListId="8c84fa94-04c1-424b-9868-57a2d4851a1d" />
    <TestEntry testId="a15ba427-b565-e2d7-9f49-e5000bc1e510" executionId="0edd7551-8de0-4207-971d-8cf7b1296857" testListId="8c84fa94-04c1-424b-9868-57a2d4851a1d" />
    <TestEntry testId="6a136a94-10c4-e9d7-b66c-26a87d1671f8" executionId="f097a8c9-76d7-40cc-8c12-c06c6150a202" testListId="8c84fa94-04c1-424b-9868-57a2d4851a1d" />
    <TestEntry testId="8472782a-9f13-7933-7844-ef438e631559" executionId="29af7fb5-aa99-4720-824f-5fa2cf8b0436" testListId="8c84fa94-04c1-424b-9868-57a2d4851a1d" />
    <TestEntry testId="c68d0a62-fb7c-76d8-55b6-7f554f5d6b66" executionId="561f3420-2276-4a9c-853e-2018034a68ef" testListId="8c84fa94-04c1-424b-9868-57a2d4851a1d" />
    <TestEntry testId="2c13924f-bdf2-2c12-f899-f3c9e789e655" executionId="bcb7a053-4c36-44df-8d97-6b3fface8d40" testListId="8c84fa94-04c1-424b-9868-57a2d4851a1d" />
    <TestEntry testId="273234ad-6f46-6eec-9e4b-d93418d754ac" executionId="4dea8414-8a6d-4c6c-9d81-9187e9c1e951" testListId="8c84fa94-04c1-424b-9868-57a2d4851a1d" />
    <TestEntry testId="4efbe584-f950-8ae3-6c6e-d961451debd2" executionId="41472927-8438-4cab-a259-cdf004af15c2" testListId="8c84fa94-04c1-424b-9868-57a2d4851a1d" />
    <TestEntry testId="c301ab54-a942-f709-bae9-a65a1f42fbbc" executionId="3d39a60f-41a2-4ba2-9aec-37e1e65996c0" testListId="8c84fa94-04c1-424b-9868-57a2d4851a1d" />
    <TestEntry testId="c74fe9e1-13bd-e7f4-127a-3e6d748cb532" executionId="5d41dbd4-2206-4fca-a545-8be675f6cf97" testListId="8c84fa94-04c1-424b-9868-57a2d4851a1d" />
    <TestEntry testId="3677d2eb-52f5-17fb-e462-acb5b7ff6554" executionId="34761f52-1332-437c-bf16-8e1a88f799eb" testListId="8c84fa94-04c1-424b-9868-57a2d4851a1d" />
    <TestEntry testId="8150db1c-edac-d31a-4e40-4cc271f179ce" executionId="9024e764-1cf3-4bee-9fc3-45317455ef4f" testListId="8c84fa94-04c1-424b-9868-57a2d4851a1d" />
    <TestEntry testId="e3572f70-a096-134a-61e9-02f8bfa9a209" executionId="31cf2b76-bb28-45c6-8bcb-f193f6688158" testListId="8c84fa94-04c1-424b-9868-57a2d4851a1d" />
    <TestEntry testId="a057067d-30f9-7e4a-1aef-a81536a45b04" executionId="acd3edec-0220-4200-b943-1892c772ab79" testListId="8c84fa94-04c1-424b-9868-57a2d4851a1d" />
    <TestEntry testId="a35d8f48-346f-8bde-b9ee-bc56545f2236" executionId="934230ac-24be-45cd-af90-eb0a1bfb4f7a" testListId="8c84fa94-04c1-424b-9868-57a2d4851a1d" />
    <TestEntry testId="818ab1ad-737f-a88f-ee9b-bb71acfdcb4f" executionId="fe73fb4b-44fc-47b2-9a4d-d55322100435" testListId="8c84fa94-04c1-424b-9868-57a2d4851a1d" />
    <TestEntry testId="07dc2bfe-4740-8bfa-c6b3-326e5295cea3" executionId="2407b693-72e2-4c3a-9ae2-34cf3650199d" testListId="8c84fa94-04c1-424b-9868-57a2d4851a1d" />
    <TestEntry testId="952fe74e-4eec-dcaa-601a-49e99a23ed99" executionId="b290e7eb-ae9f-452d-8df3-6d6ae02ea994" testListId="8c84fa94-04c1-424b-9868-57a2d4851a1d" />
    <TestEntry testId="67623f51-4623-3d6d-ce86-0f6a59180cd8" executionId="9a6535ba-4c26-47e3-903f-ab7b17ad6731" testListId="8c84fa94-04c1-424b-9868-57a2d4851a1d" />
    <TestEntry testId="27314294-52ba-1e95-8ea5-746e88b2b990" executionId="b3b81372-b7f4-4fbd-9080-d80ec327d447" testListId="8c84fa94-04c1-424b-9868-57a2d4851a1d" />
    <TestEntry testId="f2823219-5eab-891e-0b48-1085d282906e" executionId="a85943c8-9a70-43b7-a427-997d2a86f23b" testListId="8c84fa94-04c1-424b-9868-57a2d4851a1d" />
    <TestEntry testId="cb3113a4-24e3-7a7b-f4c3-ee42cb216b54" executionId="0724f0eb-ebb2-49e1-a483-e9529d5c421a" testListId="8c84fa94-04c1-424b-9868-57a2d4851a1d" />
    <TestEntry testId="9be2ee9c-01f8-3eba-f547-8dc310529c76" executionId="1c41e079-857e-43b5-920b-beadf97e4537" testListId="8c84fa94-04c1-424b-9868-57a2d4851a1d" />
    <TestEntry testId="9357b589-474b-8fd1-1cb7-7641ee0c304a" executionId="4f6f8627-95c0-4af6-9cfb-10471557d311" testListId="8c84fa94-04c1-424b-9868-57a2d4851a1d" />
    <TestEntry testId="9fa48edb-ae8e-7432-1c01-9bb7e70c4c75" executionId="1bc4e189-8ffc-4e2e-a51e-a57415b113fd" testListId="8c84fa94-04c1-424b-9868-57a2d4851a1d" />
    <TestEntry testId="486dd627-2322-a135-54ec-9a7dd2f0088c" executionId="c80d5701-6d47-4823-8303-e6efc03944cf" testListId="8c84fa94-04c1-424b-9868-57a2d4851a1d" />
    <TestEntry testId="4e8941ba-e8ac-251b-9679-5cec33f3e191" executionId="773edbb6-27c9-4c95-86f2-560f16ef141b" testListId="8c84fa94-04c1-424b-9868-57a2d4851a1d" />
    <TestEntry testId="3f2ac24f-27f2-8335-b377-8da53ec51587" executionId="3ec27867-a1bb-4ff2-8474-4cb174a58e21" testListId="8c84fa94-04c1-424b-9868-57a2d4851a1d" />
    <TestEntry testId="9c29289e-aa17-6070-ff52-ea4432c45dfe" executionId="d877d1bf-eaca-48ab-a2c5-28a74355937e" testListId="8c84fa94-04c1-424b-9868-57a2d4851a1d" />
    <TestEntry testId="9ade8187-1d6f-8343-8b5b-5d47bc0efd08" executionId="565bfeaf-41df-495a-8124-8c91c4f24460" testListId="8c84fa94-04c1-424b-9868-57a2d4851a1d" />
    <TestEntry testId="92c3d295-24cf-9cdc-6ca9-fb468b3d1d16" executionId="a61e5747-23fc-49b2-ad0b-891a5efbbb69" testListId="8c84fa94-04c1-424b-9868-57a2d4851a1d" />
    <TestEntry testId="a12f6316-debc-36a8-7f02-775e0648d19b" executionId="2078ce06-157c-41e2-a84f-924cbb022f34" testListId="8c84fa94-04c1-424b-9868-57a2d4851a1d" />
    <TestEntry testId="02554681-fc86-0429-84cd-fe0d1cd35d48" executionId="b7466b0e-5da5-4bea-bb15-e4bdbe97acd7" testListId="8c84fa94-04c1-424b-9868-57a2d4851a1d" />
    <TestEntry testId="7163904b-1a95-3dbf-3034-62bcfebc46d2" executionId="b9354726-b23f-4eea-b351-c5c4ceae6281" testListId="8c84fa94-04c1-424b-9868-57a2d4851a1d" />
    <TestEntry testId="fbe55c65-3591-3489-b5ee-8fc78e73a4b6" executionId="f9cf0884-db3a-4a20-92f5-208400608d20" testListId="8c84fa94-04c1-424b-9868-57a2d4851a1d" />
    <TestEntry testId="a0a031fd-7c6a-a77e-5a35-cea19411c997" executionId="4e400636-3bb7-41ab-ac85-34d3cabfc8a7" testListId="8c84fa94-04c1-424b-9868-57a2d4851a1d" />
    <TestEntry testId="a472564c-9818-bb8c-f8e6-d31ebb85acaa" executionId="ccaa52dc-191e-4946-97bc-8cc784d41616" testListId="8c84fa94-04c1-424b-9868-57a2d4851a1d" />
    <TestEntry testId="51fe0183-d7f8-82c8-cf5d-ba3e2d9e7b8b" executionId="59fa0a31-9df8-49af-a213-b3119d734845" testListId="8c84fa94-04c1-424b-9868-57a2d4851a1d" />
    <TestEntry testId="087dab74-db06-3ebd-ad0c-18f79c44295e" executionId="158a0a3f-4c9e-487f-a5a4-d9a8d7f2e669" testListId="8c84fa94-04c1-424b-9868-57a2d4851a1d" />
    <TestEntry testId="3c2629c5-9a54-3e53-e396-f3003a4f130b" executionId="a30fbbd8-a5cd-4589-907a-30f5f8fbd0ab" testListId="8c84fa94-04c1-424b-9868-57a2d4851a1d" />
    <TestEntry testId="229c3e89-80ef-d1a9-b62c-b484e9ddb83e" executionId="bef9f7b7-07d9-4935-873d-2ac84c0d29a3" testListId="8c84fa94-04c1-424b-9868-57a2d4851a1d" />
    <TestEntry testId="ff262c6e-b332-56af-8f5a-b1af80fa11cc" executionId="72f8ffed-fca7-4d74-b285-6c37fff77b89" testListId="8c84fa94-04c1-424b-9868-57a2d4851a1d" />
    <TestEntry testId="9b1f7481-7ea2-7b15-0065-a23ec5932b3e" executionId="ef675a55-fb7f-42b7-8588-430bf51027e5" testListId="8c84fa94-04c1-424b-9868-57a2d4851a1d" />
    <TestEntry testId="8cd437c8-7c97-d88a-0019-8dc65da7a22f" executionId="d4918368-c0d8-462d-aca9-d271a173c7b8" testListId="8c84fa94-04c1-424b-9868-57a2d4851a1d" />
    <TestEntry testId="8665b816-63cb-922a-bc68-917368f22947" executionId="b67b70e4-e071-40c3-ae46-960f60afe4c4" testListId="8c84fa94-04c1-424b-9868-57a2d4851a1d" />
    <TestEntry testId="98b02c09-a0a9-8d65-ffc2-1153b12d32be" executionId="472e029c-81bd-4ee9-97fb-513af2289ef8" testListId="8c84fa94-04c1-424b-9868-57a2d4851a1d" />
    <TestEntry testId="1eaf9e3e-d781-5110-7aab-119bfa4a7fe5" executionId="b26b77de-dfc3-4bbe-a025-d9ed83969967" testListId="8c84fa94-04c1-424b-9868-57a2d4851a1d" />
    <TestEntry testId="7460ecb0-9893-3bb6-1f4c-7307c22de7ba" executionId="0dcb4363-3a90-458a-bc81-1c8cdd3798c4" testListId="8c84fa94-04c1-424b-9868-57a2d4851a1d" />
    <TestEntry testId="ceee2e63-760f-691d-adab-256d126519e4" executionId="02a90c7e-cf29-408b-804d-855196ca5794" testListId="8c84fa94-04c1-424b-9868-57a2d4851a1d" />
    <TestEntry testId="472df6b9-d565-7aff-c97d-887d272ca451" executionId="7478ad95-2a43-4a4d-a751-8f4af0f4dac7" testListId="8c84fa94-04c1-424b-9868-57a2d4851a1d" />
    <TestEntry testId="36845c53-62f7-c445-b7a6-5b111fefee21" executionId="a2a4e00c-ab3a-44df-8c6f-62b492877a22" testListId="8c84fa94-04c1-424b-9868-57a2d4851a1d" />
    <TestEntry testId="f25e854e-88a4-1936-3be8-366a1b80a983" executionId="be7edbf0-de1f-4967-b881-0f63cf4bfc8e" testListId="8c84fa94-04c1-424b-9868-57a2d4851a1d" />
    <TestEntry testId="5dea3a7f-8056-342d-6765-9ce0d3481266" executionId="6d46050b-970d-478b-81b4-0ddac8c8663d" testListId="8c84fa94-04c1-424b-9868-57a2d4851a1d" />
    <TestEntry testId="b910859e-397f-d8fe-b757-052331faac8c" executionId="3052d0ab-f2ee-445c-92b4-6d57e678642c" testListId="8c84fa94-04c1-424b-9868-57a2d4851a1d" />
    <TestEntry testId="a4830f51-6c60-8062-bf6f-b915f0902056" executionId="5f20425a-c63a-4ced-916e-7a1e90471c27" testListId="8c84fa94-04c1-424b-9868-57a2d4851a1d" />
    <TestEntry testId="af61f3ec-dfb1-185c-de0b-17e089efbde2" executionId="fff12934-0dc2-4b56-9ae8-f5a9f1bc6b75" testListId="8c84fa94-04c1-424b-9868-57a2d4851a1d" />
    <TestEntry testId="2970fca5-de48-507f-0bd2-147a0d92c9fd" executionId="52f83399-7964-40be-a7d2-5b69bbb30ecd" testListId="8c84fa94-04c1-424b-9868-57a2d4851a1d" />
    <TestEntry testId="575a8934-f6e4-c393-64bb-f7b86924b536" executionId="583e7c79-b157-4943-abdb-b932c7411f08" testListId="8c84fa94-04c1-424b-9868-57a2d4851a1d" />
    <TestEntry testId="cd7349bd-4674-deee-b535-c33c3823be6b" executionId="b7066601-df1c-4948-b0af-985a09d737e1" testListId="8c84fa94-04c1-424b-9868-57a2d4851a1d" />
    <TestEntry testId="f948ccd5-745b-548c-fce6-8d7133f98deb" executionId="c08f94fb-6eb5-4470-9a34-7b2e3322fdad" testListId="8c84fa94-04c1-424b-9868-57a2d4851a1d" />
    <TestEntry testId="d6985ab5-1a4b-1556-abcc-beb1a25668ba" executionId="da695492-1168-4362-8350-51fc0633e076" testListId="8c84fa94-04c1-424b-9868-57a2d4851a1d" />
    <TestEntry testId="a09422f8-ddcd-8672-17da-196874e01e1c" executionId="7b5b5906-c6f5-4a39-ab12-b4c180bc65e6" testListId="8c84fa94-04c1-424b-9868-57a2d4851a1d" />
    <TestEntry testId="453c5e80-2df0-9342-2fba-334637ce5b7f" executionId="75c47ce4-680a-4833-a3f4-fb68d771afdf" testListId="8c84fa94-04c1-424b-9868-57a2d4851a1d" />
    <TestEntry testId="58ed8f41-33ac-3eed-468e-96f7a7796d86" executionId="d7b853cb-38aa-4ecf-b870-a0cfe8a269fc" testListId="8c84fa94-04c1-424b-9868-57a2d4851a1d" />
    <TestEntry testId="a49ff491-aae7-2e7e-3467-c85b94fb0488" executionId="a2a25673-daee-40c8-a0a6-c4da7631fae3" testListId="8c84fa94-04c1-424b-9868-57a2d4851a1d" />
    <TestEntry testId="fb33f748-5806-c067-33fb-bf3fec95b9c5" executionId="bd966e48-860b-44e0-9a97-db565855bb5d" testListId="8c84fa94-04c1-424b-9868-57a2d4851a1d" />
    <TestEntry testId="26fab46a-9874-397a-bc31-4c0b7cbeabb5" executionId="7d81c0eb-9f5e-4cb2-8711-926c93876ef9" testListId="8c84fa94-04c1-424b-9868-57a2d4851a1d" />
    <TestEntry testId="a13598d4-57dd-09f1-5185-b284651699c8" executionId="14a68002-848e-44cf-836a-fc9c97fe471f" testListId="8c84fa94-04c1-424b-9868-57a2d4851a1d" />
    <TestEntry testId="3dac2500-c5e5-3bf3-5ee7-9962149bda93" executionId="176efef2-38e3-4794-9c34-eb00be96595d" testListId="8c84fa94-04c1-424b-9868-57a2d4851a1d" />
    <TestEntry testId="8a9f7720-4ac2-3c11-11ed-f3c9dd11cfde" executionId="4767dc16-43d0-413e-996d-42a534037ed6" testListId="8c84fa94-04c1-424b-9868-57a2d4851a1d" />
    <TestEntry testId="ec5ee7f3-2615-c6cb-d194-861017d3539e" executionId="c8bfb7c0-cd9e-4695-828f-b0131e797bef" testListId="8c84fa94-04c1-424b-9868-57a2d4851a1d" />
    <TestEntry testId="5449b020-e1ea-fb20-f400-fe6a13b806a8" executionId="b627ed57-0145-425b-a67d-9f2c3a898cc9" testListId="8c84fa94-04c1-424b-9868-57a2d4851a1d" />
    <TestEntry testId="2dcff069-081d-378f-408e-63590cf747c9" executionId="a0c0d807-7d48-4be7-8ce4-03992e10dfd2" testListId="8c84fa94-04c1-424b-9868-57a2d4851a1d" />
    <TestEntry testId="21027769-0ad7-800c-ad4d-9d39c6b3f3d8" executionId="e883e111-39d0-4be7-a4cb-43b453cdf282" testListId="8c84fa94-04c1-424b-9868-57a2d4851a1d" />
    <TestEntry testId="45781478-a40b-ed86-921e-691ecb8b47a0" executionId="27d65e92-4184-48b1-98a5-e87279cfe031" testListId="8c84fa94-04c1-424b-9868-57a2d4851a1d" />
    <TestEntry testId="95894db9-1db9-563d-9657-51430abd7541" executionId="b18780eb-53a1-44aa-a331-87745c04e5dd" testListId="8c84fa94-04c1-424b-9868-57a2d4851a1d" />
    <TestEntry testId="44b13f07-7098-0b61-a0fc-2934825a428b" executionId="22741152-0fdd-40a5-8b35-c313a82ac76c" testListId="8c84fa94-04c1-424b-9868-57a2d4851a1d" />
    <TestEntry testId="46bef208-5262-5088-fbfc-87fe845aeee6" executionId="b40c7646-708c-4964-80d5-27db058ad88d" testListId="8c84fa94-04c1-424b-9868-57a2d4851a1d" />
    <TestEntry testId="666d129e-88d0-efdb-283a-aab62cdaa1db" executionId="d85ec87a-4543-46ef-b0b5-f77450f4efe8" testListId="8c84fa94-04c1-424b-9868-57a2d4851a1d" />
    <TestEntry testId="b2dd8727-e1bd-6515-6995-2ecb1ea9f0a3" executionId="518bd464-cb82-4fa4-9eb2-3bb8dc1c2776" testListId="8c84fa94-04c1-424b-9868-57a2d4851a1d" />
    <TestEntry testId="873d5876-eb3a-639a-b7f8-74e230362b62" executionId="4d83d7d2-9ef5-49b7-9275-576c202f759d" testListId="8c84fa94-04c1-424b-9868-57a2d4851a1d" />
    <TestEntry testId="69b6ff9e-c2e1-239b-e32a-965a9ae95baf" executionId="8dbb54c0-91b0-4b3b-a47d-edd98b08f916" testListId="8c84fa94-04c1-424b-9868-57a2d4851a1d" />
    <TestEntry testId="2c8debc1-bd48-ad5c-8cdb-46c6b8f3f142" executionId="3d4b5a5a-000d-4cbc-8f02-5745f2c69985" testListId="8c84fa94-04c1-424b-9868-57a2d4851a1d" />
    <TestEntry testId="e77216dc-c72e-08f2-7ac0-049b608bed08" executionId="85e8fde3-8965-49b0-b629-8228c613c45d" testListId="8c84fa94-04c1-424b-9868-57a2d4851a1d" />
    <TestEntry testId="09107de4-9654-e98b-0069-13b97ff9393b" executionId="e9c0a183-0fa4-48ab-a698-b94c8d6a2db9" testListId="8c84fa94-04c1-424b-9868-57a2d4851a1d" />
    <TestEntry testId="edc7a422-c353-053c-72b0-eaa6433db1ca" executionId="49f6a3ac-a60d-410c-9ba4-8410375a915b" testListId="8c84fa94-04c1-424b-9868-57a2d4851a1d" />
    <TestEntry testId="6cb10b0c-27fc-38ba-9968-56143fa03cc4" executionId="c36ebda4-4292-4774-95ec-a160ba16f12a" testListId="8c84fa94-04c1-424b-9868-57a2d4851a1d" />
    <TestEntry testId="21b9885c-e5d9-1565-2787-66cd589e34a6" executionId="7d292724-d7ee-40cb-a01d-d4e4dce24600" testListId="8c84fa94-04c1-424b-9868-57a2d4851a1d" />
    <TestEntry testId="69852917-000d-db7b-e959-0535090149e4" executionId="3c210546-38f9-425f-ada0-556b03adc4b0" testListId="8c84fa94-04c1-424b-9868-57a2d4851a1d" />
    <TestEntry testId="f0a0934b-68de-33a5-6cca-03e845eab488" executionId="30f9b6ca-e5fd-4983-84da-d057fe6a1afd" testListId="8c84fa94-04c1-424b-9868-57a2d4851a1d" />
    <TestEntry testId="f4d15c71-8c27-2427-301d-e1818ff0aa9b" executionId="c5b49f89-6465-4610-8655-22c6eea28325" testListId="8c84fa94-04c1-424b-9868-57a2d4851a1d" />
    <TestEntry testId="3f0c36e5-de05-8d12-9679-3fc0315fa2ea" executionId="73920388-c406-4ca2-84d3-5941bdf05a26" testListId="8c84fa94-04c1-424b-9868-57a2d4851a1d" />
    <TestEntry testId="4595fd0e-b0c5-bb4d-1175-d779773487f8" executionId="38d9cc02-1d72-455e-8397-802467be8cde" testListId="8c84fa94-04c1-424b-9868-57a2d4851a1d" />
    <TestEntry testId="b6210e7c-3c3f-0c5d-98e9-8f1792b11660" executionId="23296a51-e0cc-4d43-927a-7664ba8dcee1" testListId="8c84fa94-04c1-424b-9868-57a2d4851a1d" />
    <TestEntry testId="80fb40e8-7932-0b64-ba85-da76a24a1edd" executionId="ce64663f-b531-4759-b0c7-96fc6fea3538" testListId="8c84fa94-04c1-424b-9868-57a2d4851a1d" />
    <TestEntry testId="5e71566f-9589-f106-c203-a6068921143f" executionId="304a8379-2b38-4c56-9bb2-56f29490bda5" testListId="8c84fa94-04c1-424b-9868-57a2d4851a1d" />
    <TestEntry testId="2e59271c-2356-6933-af41-6f5b26e4aebb" executionId="c0d04636-7c9d-466a-8e42-9748032c033c" testListId="8c84fa94-04c1-424b-9868-57a2d4851a1d" />
    <TestEntry testId="6cd6ce73-2c64-8929-ce5d-995250bc2258" executionId="d340722a-cd30-4cab-8c40-4478b31756ae" testListId="8c84fa94-04c1-424b-9868-57a2d4851a1d" />
    <TestEntry testId="fad6c2ad-fbae-d0ab-e0f0-cc65d1adf5f0" executionId="371a3f2b-8ef5-40a0-b4a4-b98ff10eb632" testListId="8c84fa94-04c1-424b-9868-57a2d4851a1d" />
    <TestEntry testId="55b16e68-6299-1309-2bbb-0dc1a6336bca" executionId="8f50385b-5590-40ab-9657-ca423ef7a627" testListId="8c84fa94-04c1-424b-9868-57a2d4851a1d" />
    <TestEntry testId="4312d7c5-24d5-3fb6-717e-bc8881279c7c" executionId="2a41a35a-2705-41ac-a007-e463e33f3c4b" testListId="8c84fa94-04c1-424b-9868-57a2d4851a1d" />
    <TestEntry testId="2860da0a-5fb1-2576-21cd-cc511bc18d63" executionId="6bf9d5fa-ca19-4b8b-aa96-49a15a601fc2" testListId="8c84fa94-04c1-424b-9868-57a2d4851a1d" />
    <TestEntry testId="4a504e70-7be1-e06c-8cf5-8233b8c30baa" executionId="d230f012-43cf-46f3-b381-b2db9c4f100f" testListId="8c84fa94-04c1-424b-9868-57a2d4851a1d" />
    <TestEntry testId="136c603b-cc7c-5608-7f3e-59432e38d7f0" executionId="0b4c800b-83e1-47d7-ac2a-803972462893" testListId="8c84fa94-04c1-424b-9868-57a2d4851a1d" />
    <TestEntry testId="cf3b5f94-3a15-f9cf-9d08-cd93d7b43772" executionId="00576668-860c-4684-831c-3bd0b80bae87" testListId="8c84fa94-04c1-424b-9868-57a2d4851a1d" />
    <TestEntry testId="65ab6344-8ddd-990a-cd93-2623518ff562" executionId="910c1972-480e-4947-ae6a-79b1908e24bc" testListId="8c84fa94-04c1-424b-9868-57a2d4851a1d" />
    <TestEntry testId="a48de06a-ebfe-c2ae-e9d5-81de3ce1d4c5" executionId="2f62116a-d3ec-4b4e-af6b-80a881e9de06" testListId="8c84fa94-04c1-424b-9868-57a2d4851a1d" />
    <TestEntry testId="edfd48b9-1740-3a9f-0eeb-78b5f89016d4" executionId="a3778dba-adfc-4842-8431-526c69e79650" testListId="8c84fa94-04c1-424b-9868-57a2d4851a1d" />
    <TestEntry testId="3ad3f1a7-545c-d219-cc45-501013b097c8" executionId="3ef8f019-452b-491b-9b0d-8ee5c701fff0" testListId="8c84fa94-04c1-424b-9868-57a2d4851a1d" />
    <TestEntry testId="02959c82-ccfe-f9e7-3262-49abad8491b3" executionId="ef440455-4f6a-4aa5-af5a-23be11f81e41" testListId="8c84fa94-04c1-424b-9868-57a2d4851a1d" />
    <TestEntry testId="1988c32c-fbed-2d76-4c33-50364dd9df41" executionId="656ee435-30ca-4cf0-bdbc-6df08dcf0ab6" testListId="8c84fa94-04c1-424b-9868-57a2d4851a1d" />
    <TestEntry testId="8968161b-9071-a220-ad10-32b0dee75edc" executionId="edff7dfc-0b73-4f32-a743-480aa28df744" testListId="8c84fa94-04c1-424b-9868-57a2d4851a1d" />
    <TestEntry testId="8576f787-2bdf-cc0a-da43-711a5d01fde9" executionId="5141e390-7186-4e2c-a80c-ed9cc69d600a" testListId="8c84fa94-04c1-424b-9868-57a2d4851a1d" />
    <TestEntry testId="0edbb503-a51b-c4b8-4c62-7c28eba84761" executionId="eda97be2-a6ba-490f-9f88-4ba7e9bbb43c" testListId="8c84fa94-04c1-424b-9868-57a2d4851a1d" />
    <TestEntry testId="8b0fe8f0-6f8c-1fb4-d420-8a561b7d182d" executionId="026410ef-4c37-464f-b972-50b99a4c8f17" testListId="8c84fa94-04c1-424b-9868-57a2d4851a1d" />
    <TestEntry testId="d9437865-7771-dedc-637d-2b732321858d" executionId="d6ca0a0a-4061-4b33-9409-4d41cab3a47e" testListId="8c84fa94-04c1-424b-9868-57a2d4851a1d" />
    <TestEntry testId="6a01d3d8-cfa2-6c2f-974e-45b2fa40bd41" executionId="827e8bd5-e99b-4886-8c33-1bbcb0ccd4d5" testListId="8c84fa94-04c1-424b-9868-57a2d4851a1d" />
    <TestEntry testId="43cedcfb-8465-a5af-5621-faed00d16920" executionId="b07fb70d-334d-4611-b835-ced7a0d78360" testListId="8c84fa94-04c1-424b-9868-57a2d4851a1d" />
    <TestEntry testId="4603bf04-18e3-18a7-c874-f30dd826183d" executionId="2a7cf0be-bc84-4a85-acaa-31378daf1dee" testListId="8c84fa94-04c1-424b-9868-57a2d4851a1d" />
    <TestEntry testId="6a1b7259-7fc6-a518-f550-f255caba3437" executionId="0338ce96-b109-4a81-9930-1b9dac9d500b" testListId="8c84fa94-04c1-424b-9868-57a2d4851a1d" />
    <TestEntry testId="d44d1271-6e41-f5b3-dedf-0d0a9a9f8930" executionId="5e4c3417-2605-4fed-9f99-5f23795a5288" testListId="8c84fa94-04c1-424b-9868-57a2d4851a1d" />
    <TestEntry testId="339bc3b9-f3d1-510b-4dd9-a1a9c832b5ca" executionId="c34b2f58-042f-4c0f-a3aa-a4eac4c289a7" testListId="8c84fa94-04c1-424b-9868-57a2d4851a1d" />
    <TestEntry testId="d461e0b5-989f-74d7-1846-22901762f3f2" executionId="1103bcd5-6f0f-4315-b61f-46e2aed7a02c" testListId="8c84fa94-04c1-424b-9868-57a2d4851a1d" />
    <TestEntry testId="22919d44-d8ca-364f-4b24-87cf3f3303c9" executionId="889f35b8-e8e5-401f-8e27-3df17ca0c607" testListId="8c84fa94-04c1-424b-9868-57a2d4851a1d" />
    <TestEntry testId="9be4b866-11a2-9807-8cd1-a83edcecc31b" executionId="b23d988a-8b63-421b-a1d1-e08b90e8a345" testListId="8c84fa94-04c1-424b-9868-57a2d4851a1d" />
    <TestEntry testId="09b8bac4-31e7-91b5-74e0-6637b4c9a22a" executionId="65bd5c61-33c9-4129-a75a-6c375b4e127c" testListId="8c84fa94-04c1-424b-9868-57a2d4851a1d" />
    <TestEntry testId="d14df0d0-00fc-78a4-4d3f-15e80a87b8dd" executionId="0db19eef-03d7-4a89-8f2f-621e595fe002" testListId="8c84fa94-04c1-424b-9868-57a2d4851a1d" />
    <TestEntry testId="ee31decc-135a-dea7-0015-4325521ad0e0" executionId="ee2edc76-054f-41cb-992b-366cf03f173b" testListId="8c84fa94-04c1-424b-9868-57a2d4851a1d" />
    <TestEntry testId="12fcea12-c6aa-0fb8-8070-0ba831f6b12f" executionId="617423e6-be9d-4aa2-9058-d73c6d2f6954" testListId="8c84fa94-04c1-424b-9868-57a2d4851a1d" />
    <TestEntry testId="f5e09f58-8490-5b03-bdce-4c5c79224a9b" executionId="36c4e5a0-14e9-48bb-9e8b-04cd41523b4e" testListId="8c84fa94-04c1-424b-9868-57a2d4851a1d" />
    <TestEntry testId="7f5adbec-5e4c-425f-f9da-aa4e09743586" executionId="076dd60f-fe7d-4434-b821-c5dc0a06fe06" testListId="8c84fa94-04c1-424b-9868-57a2d4851a1d" />
    <TestEntry testId="469caaad-1f56-34b5-dc67-bd4ae58f0f5b" executionId="acd1df97-ad4e-408e-86de-adc3a9f9fea0" testListId="8c84fa94-04c1-424b-9868-57a2d4851a1d" />
    <TestEntry testId="69ea4a4f-bca9-155c-a22a-2c1ce449d633" executionId="4aa3c9b7-84bc-4b91-8ec9-434e9af7db92" testListId="8c84fa94-04c1-424b-9868-57a2d4851a1d" />
    <TestEntry testId="660970a1-21b7-e88b-bd1d-709582288c6b" executionId="0943190f-976c-43ea-a3d6-c6a1546da489" testListId="8c84fa94-04c1-424b-9868-57a2d4851a1d" />
    <TestEntry testId="d5eaf2fd-35dd-715b-afe9-d1f2ab849c25" executionId="a7ae401a-c41a-4c3b-b1e6-b9ac00ad0d99" testListId="8c84fa94-04c1-424b-9868-57a2d4851a1d" />
    <TestEntry testId="9464a8b4-b665-cdbb-dac0-04bb0a98b0dc" executionId="8560bf52-3ca7-4777-b800-9a47942c02f3" testListId="8c84fa94-04c1-424b-9868-57a2d4851a1d" />
    <TestEntry testId="5b489f85-b61d-13f2-ef5e-3d9ec35287a5" executionId="1f22f9bb-c05d-448e-bd75-d62e7a8b6fd2" testListId="8c84fa94-04c1-424b-9868-57a2d4851a1d" />
    <TestEntry testId="0114f425-472a-2ab7-f13a-08635f86369a" executionId="5712ab98-c5af-489b-81c1-6f6e66c6899b" testListId="8c84fa94-04c1-424b-9868-57a2d4851a1d" />
    <TestEntry testId="51502560-4579-f809-5385-4a73b08eecc3" executionId="74598642-72c3-4076-a4fb-3617c46da2be" testListId="8c84fa94-04c1-424b-9868-57a2d4851a1d" />
    <TestEntry testId="796b9315-66c0-25f8-e99d-6066a623f0a3" executionId="d186f167-5f0d-4379-9289-669d21348c6c" testListId="8c84fa94-04c1-424b-9868-57a2d4851a1d" />
    <TestEntry testId="d719c008-88df-e617-f599-2e03add0ed27" executionId="13f43e63-df45-4691-a23c-1c0b592654e2" testListId="8c84fa94-04c1-424b-9868-57a2d4851a1d" />
    <TestEntry testId="16933105-5c69-9305-13c0-9aa2934c8d03" executionId="2c6ea01b-e157-4cd0-9e7a-7c267211f9b5" testListId="8c84fa94-04c1-424b-9868-57a2d4851a1d" />
    <TestEntry testId="273885b7-9535-5804-0d94-b9c5f7a6d87e" executionId="2e536b02-60bb-4bde-97b3-fc72bb8ca278" testListId="8c84fa94-04c1-424b-9868-57a2d4851a1d" />
    <TestEntry testId="7f99fdbd-427d-b158-36fe-d9aa2a386948" executionId="b52b3063-1215-439f-b35a-1e3358e0a887" testListId="8c84fa94-04c1-424b-9868-57a2d4851a1d" />
    <TestEntry testId="8040537f-0d49-b11e-92f7-047e041515d2" executionId="f58f5407-6e1d-4cf4-9f6a-0957a341d6d2" testListId="8c84fa94-04c1-424b-9868-57a2d4851a1d" />
    <TestEntry testId="3adb2ade-902a-b187-14eb-c742dcf3c0d5" executionId="68cb4407-0c73-41a8-b2e9-befb0a8cdadc" testListId="8c84fa94-04c1-424b-9868-57a2d4851a1d" />
    <TestEntry testId="c02a17f1-9b10-71c3-00f5-672678013df1" executionId="01ad4d1c-540d-4ca8-96c2-6c4410e54155" testListId="8c84fa94-04c1-424b-9868-57a2d4851a1d" />
    <TestEntry testId="9de9a7e7-158e-fdd8-f5ab-d1da51df55a4" executionId="b57e6e4e-6d01-435d-bf7f-1472844360f9" testListId="8c84fa94-04c1-424b-9868-57a2d4851a1d" />
    <TestEntry testId="277f1dd3-74a8-b1bb-4336-87820e2fa1d3" executionId="0c01650d-ec79-4d54-a96d-d41acf516b0f" testListId="8c84fa94-04c1-424b-9868-57a2d4851a1d" />
    <TestEntry testId="2766c64a-3dc6-5239-981e-1e0c22926ec8" executionId="a0dcec1f-37a2-4293-a43e-2ae92b81a8e8" testListId="8c84fa94-04c1-424b-9868-57a2d4851a1d" />
    <TestEntry testId="64bfd9bc-9204-e470-82b4-a39c29673feb" executionId="c755e0c7-acea-4e20-b589-f7a65bb9b2f4" testListId="8c84fa94-04c1-424b-9868-57a2d4851a1d" />
    <TestEntry testId="ffe57b37-7d54-5930-12aa-542561cc00da" executionId="b1f68bb9-163a-432c-bf63-179c8e0be70a" testListId="8c84fa94-04c1-424b-9868-57a2d4851a1d" />
    <TestEntry testId="fba5929b-9deb-4b81-9ccb-e4326a81621b" executionId="4f14afd8-a947-4e6f-96d9-321cf17cc5c2" testListId="8c84fa94-04c1-424b-9868-57a2d4851a1d" />
    <TestEntry testId="b9285483-8037-a44a-4421-3b1e2dd43f9f" executionId="d9ae8434-bdbf-4636-aa88-80d3abbb06b6" testListId="8c84fa94-04c1-424b-9868-57a2d4851a1d" />
    <TestEntry testId="04f3d280-b9d9-c47d-3102-3db188c35fa5" executionId="57914568-54ad-4543-8ed1-c778114f80b7" testListId="8c84fa94-04c1-424b-9868-57a2d4851a1d" />
    <TestEntry testId="a3530fca-e94b-936f-e732-91b157c74baa" executionId="c6da7e2c-f8d5-4bdf-8cc3-861481db9691" testListId="8c84fa94-04c1-424b-9868-57a2d4851a1d" />
    <TestEntry testId="579daf35-0858-714e-af2a-bbe41276c04e" executionId="776a7c7f-6cef-4d4c-a879-fa4fecdc2fa9" testListId="8c84fa94-04c1-424b-9868-57a2d4851a1d" />
    <TestEntry testId="ffeb2ef8-f8ab-0f54-8aed-2528935885b9" executionId="c0008295-20c8-433b-9aae-1d3304737f4d" testListId="8c84fa94-04c1-424b-9868-57a2d4851a1d" />
    <TestEntry testId="a784203e-69db-f6e8-95da-3e9c1dfe7e5c" executionId="5c3aa085-d944-405e-8c91-501356e22569" testListId="8c84fa94-04c1-424b-9868-57a2d4851a1d" />
    <TestEntry testId="53f8ddcd-063c-3335-decf-883aeb74b05e" executionId="34d62bb3-1c88-4781-b156-09797ab2c3f7" testListId="8c84fa94-04c1-424b-9868-57a2d4851a1d" />
    <TestEntry testId="9d1fe49b-a881-8005-a912-9171da802cb3" executionId="06cbabbc-7193-43db-9594-05d2f8695485" testListId="8c84fa94-04c1-424b-9868-57a2d4851a1d" />
    <TestEntry testId="f2cd19a3-fb5c-dc36-bf6e-8c2c87a9ee06" executionId="c8e496fb-4b51-46a4-92d1-ddcadcfb0b7c" testListId="8c84fa94-04c1-424b-9868-57a2d4851a1d" />
    <TestEntry testId="534cb97b-9269-fa6e-4bd8-fff8fa0755e3" executionId="96b92ab9-c9c8-4c0a-bb6b-e1b92ec3a769" testListId="8c84fa94-04c1-424b-9868-57a2d4851a1d" />
    <TestEntry testId="1f267a72-9ea5-4d8c-a7dc-7020c4cd0fb1" executionId="d99c081c-1603-42a4-8900-46ec6ae521c8" testListId="8c84fa94-04c1-424b-9868-57a2d4851a1d" />
    <TestEntry testId="9ec3fce4-d4d3-137c-69a6-569561ffc304" executionId="5304aa2b-243b-4d28-86ad-2020c882d21a" testListId="8c84fa94-04c1-424b-9868-57a2d4851a1d" />
    <TestEntry testId="d3b89e0d-0398-17fa-5a70-375411526283" executionId="60a768f0-dc54-4366-b6df-b1ab3ade0cda" testListId="8c84fa94-04c1-424b-9868-57a2d4851a1d" />
    <TestEntry testId="063e0b39-8d97-4a33-0b94-f9440d2bb1d6" executionId="458cb5ea-3df9-4954-bdb1-a63851ffd958" testListId="8c84fa94-04c1-424b-9868-57a2d4851a1d" />
    <TestEntry testId="8dd46100-c650-d7e2-0a64-ae07c83ff03c" executionId="449583d4-422c-4061-ae24-88ba906f1202" testListId="8c84fa94-04c1-424b-9868-57a2d4851a1d" />
    <TestEntry testId="a2124aea-04f7-2ebe-4260-4f0814ad8a52" executionId="4ad1dc21-c826-43d8-8bd0-5db2d8c62573" testListId="8c84fa94-04c1-424b-9868-57a2d4851a1d" />
    <TestEntry testId="a5e2ed49-1aa0-4fff-6eb1-07a1228fccf1" executionId="d8bc64a7-cc64-4bcb-888d-9d3b7355bb75" testListId="8c84fa94-04c1-424b-9868-57a2d4851a1d" />
    <TestEntry testId="85a8ec9d-05ea-d362-5a1c-82b3e4045b2b" executionId="b6afa72d-1d76-4f71-921e-967038120214" testListId="8c84fa94-04c1-424b-9868-57a2d4851a1d" />
    <TestEntry testId="fc7d30bd-5b61-b756-b8cb-530276130952" executionId="0efeab21-0f75-4b20-9de9-f1ef0f53c0bd" testListId="8c84fa94-04c1-424b-9868-57a2d4851a1d" />
    <TestEntry testId="1c60ec5b-1bb8-55a6-3fcb-8412fb2f718f" executionId="e7a1da86-3b28-4345-8056-66ebbeea5c8b" testListId="8c84fa94-04c1-424b-9868-57a2d4851a1d" />
    <TestEntry testId="bf68d671-32ec-2c0f-0072-02ff2a8f5378" executionId="cf321e0f-89e5-4174-bf44-7f09fbf8e402" testListId="8c84fa94-04c1-424b-9868-57a2d4851a1d" />
    <TestEntry testId="37112fb9-e4a1-5134-9108-4377dd1742e8" executionId="90e04335-8513-4de5-abc8-7825a14c447d" testListId="8c84fa94-04c1-424b-9868-57a2d4851a1d" />
    <TestEntry testId="94ee68d4-9e18-158b-9b97-40d09c1636b3" executionId="724c2847-8255-4a68-85ca-6af7da77be07" testListId="8c84fa94-04c1-424b-9868-57a2d4851a1d" />
    <TestEntry testId="2db9521a-b93b-6fb2-ea2a-eda608c45d96" executionId="096ff3b2-957e-4351-a365-76a951cf0bf3" testListId="8c84fa94-04c1-424b-9868-57a2d4851a1d" />
    <TestEntry testId="3cf51186-7dcc-526f-4577-a421b4bd4d8f" executionId="da35d865-08d6-4896-a35a-17e2f87bf7c0" testListId="8c84fa94-04c1-424b-9868-57a2d4851a1d" />
    <TestEntry testId="f9455c9b-d4b2-6b82-df58-25eafceeaf14" executionId="ede2d8ac-881d-49a2-9285-6b8405acf215" testListId="8c84fa94-04c1-424b-9868-57a2d4851a1d" />
    <TestEntry testId="5b63d066-22d5-c7ec-6204-a800d78b6992" executionId="249968cc-ed61-476e-bf06-1f69c606e9fd" testListId="8c84fa94-04c1-424b-9868-57a2d4851a1d" />
    <TestEntry testId="5a66d3c9-3d1a-e5a4-0761-e7a5a6c064ae" executionId="4bb835cf-5a33-4bf1-8f27-34bc32a19a89" testListId="8c84fa94-04c1-424b-9868-57a2d4851a1d" />
    <TestEntry testId="44900182-667c-e967-53a7-6b6fb5197728" executionId="5dc91fb6-e4fe-4f4d-8217-a514b3e576c9" testListId="8c84fa94-04c1-424b-9868-57a2d4851a1d" />
    <TestEntry testId="5aa42b83-84e1-52ca-6660-6ffe50581cb1" executionId="dbb434d8-342f-40df-be32-ac777ee8f0f8" testListId="8c84fa94-04c1-424b-9868-57a2d4851a1d" />
    <TestEntry testId="ce94ea86-b3fd-7f9d-9fe4-193f091de6ca" executionId="9caec185-5393-4de0-b83d-2efe102cfd54" testListId="8c84fa94-04c1-424b-9868-57a2d4851a1d" />
    <TestEntry testId="4723988a-4162-a44d-dbb9-284d43a1015a" executionId="de6a6f6e-c09d-4ffc-a83a-43d0c927f48c" testListId="8c84fa94-04c1-424b-9868-57a2d4851a1d" />
    <TestEntry testId="96945753-6333-6f7b-16c0-8c20e6223045" executionId="b7330481-c24d-4a10-8081-a8b5c59ed75d" testListId="8c84fa94-04c1-424b-9868-57a2d4851a1d" />
    <TestEntry testId="12146a5d-6216-305f-a3a7-5b4486157846" executionId="712d7657-d3d0-43cb-bbe0-a4688ea5bd5d" testListId="8c84fa94-04c1-424b-9868-57a2d4851a1d" />
    <TestEntry testId="5de06c96-e9d1-0e0d-e5be-d8a64e1e88e0" executionId="936dc146-63d0-46e0-aba0-6d6d3a08c5b5" testListId="8c84fa94-04c1-424b-9868-57a2d4851a1d" />
    <TestEntry testId="055b0c10-8d0b-51e0-9fdb-7749c78c6b9a" executionId="8be46621-8f2f-4eb2-a6a1-3e0400efee50" testListId="8c84fa94-04c1-424b-9868-57a2d4851a1d" />
    <TestEntry testId="04d7adba-2549-4ced-6a70-176815b22876" executionId="3302dadc-2ffb-4bdb-8142-11ac9912cab6" testListId="8c84fa94-04c1-424b-9868-57a2d4851a1d" />
    <TestEntry testId="2c3d3d85-7049-d6ca-e8f3-09cfd130468b" executionId="da43ce2a-f5e3-4a89-9bc1-2dfdb6cdc36a" testListId="8c84fa94-04c1-424b-9868-57a2d4851a1d" />
    <TestEntry testId="455bf03d-c3fc-6851-1424-072c18d1c5a3" executionId="e950a347-d4c1-47e0-a505-28892d0143e3" testListId="8c84fa94-04c1-424b-9868-57a2d4851a1d" />
    <TestEntry testId="3b5b8c28-0d0b-62cd-df2c-1b66cf4c1dd6" executionId="ebc14067-313a-4667-b35c-c8e37766b066" testListId="8c84fa94-04c1-424b-9868-57a2d4851a1d" />
    <TestEntry testId="dfd9ae71-b3de-06fd-2c9c-1e271b2ef13a" executionId="10cb80b1-563a-4089-9f45-cc43b8508904" testListId="8c84fa94-04c1-424b-9868-57a2d4851a1d" />
    <TestEntry testId="33ce9a3d-ebde-760e-40eb-43e5000f4eda" executionId="27264676-2e41-44d9-a220-fc429c567713" testListId="8c84fa94-04c1-424b-9868-57a2d4851a1d" />
    <TestEntry testId="26f10096-2762-358f-3681-e803a9fc9ce8" executionId="01ced870-20f3-41ac-be06-d04e2c05f9ae" testListId="8c84fa94-04c1-424b-9868-57a2d4851a1d" />
    <TestEntry testId="a979ddda-986f-0fc7-0efa-ef8f08eda16b" executionId="c7caf848-99df-4a75-9ebd-e5083085a35b" testListId="8c84fa94-04c1-424b-9868-57a2d4851a1d" />
    <TestEntry testId="bfcf6811-2856-4429-ea78-fd0c187ab4c5" executionId="dd77cfa8-7c57-4a4f-8d5a-fe91f40464c4" testListId="8c84fa94-04c1-424b-9868-57a2d4851a1d" />
    <TestEntry testId="6085c800-be11-af6c-8bfb-8457419a95ff" executionId="f7e50763-667c-45d8-8f11-145d6a91a6b1" testListId="8c84fa94-04c1-424b-9868-57a2d4851a1d" />
    <TestEntry testId="0dea185f-dbde-a39f-5aac-210fb8136977" executionId="2dc1f3cf-ae9c-4f55-9244-9d2eb147bd22" testListId="8c84fa94-04c1-424b-9868-57a2d4851a1d" />
    <TestEntry testId="83b66a7a-8a0f-6bf9-e9a4-9e46eff7c20c" executionId="cf3acd20-e6d8-423a-b7c7-14fa3dbe9e25" testListId="8c84fa94-04c1-424b-9868-57a2d4851a1d" />
    <TestEntry testId="1717fa6a-e763-4ed4-8115-aa19a280bca5" executionId="39512efb-d3e4-4159-a1e4-2aab10286b36" testListId="8c84fa94-04c1-424b-9868-57a2d4851a1d" />
    <TestEntry testId="9857718f-58f7-e92f-1ec2-44e7dcbec4a9" executionId="97841e5c-2f83-4ac2-a215-cc21521645fe" testListId="8c84fa94-04c1-424b-9868-57a2d4851a1d" />
    <TestEntry testId="413b47af-786f-22f3-0af3-393b3690d76d" executionId="5ac71e0f-1480-49de-9f71-3517a100c144" testListId="8c84fa94-04c1-424b-9868-57a2d4851a1d" />
    <TestEntry testId="f393b73f-45d4-af8d-ec83-395c6a10ed4d" executionId="d12025c6-a9c5-46ef-a0fc-ce1fd56c1fd4" testListId="8c84fa94-04c1-424b-9868-57a2d4851a1d" />
    <TestEntry testId="0c23ae78-5c5e-5447-b512-7b418f103d20" executionId="183b4957-b301-4902-b768-07fa67d11b70" testListId="8c84fa94-04c1-424b-9868-57a2d4851a1d" />
    <TestEntry testId="70111f90-4dc2-6e68-90f3-5e034ffed69e" executionId="b52ec93d-0eed-4c0f-92fd-7ec779378143" testListId="8c84fa94-04c1-424b-9868-57a2d4851a1d" />
    <TestEntry testId="064029e8-b6a0-5da7-fc1d-3f9dd6c69d09" executionId="914d65dc-d83b-404e-80fd-07476fedc50a" testListId="8c84fa94-04c1-424b-9868-57a2d4851a1d" />
    <TestEntry testId="b6625a30-f118-1ef4-cd3e-96c75fe6aafc" executionId="74577557-3740-464d-91f0-afe50d38f920" testListId="8c84fa94-04c1-424b-9868-57a2d4851a1d" />
    <TestEntry testId="015dd61b-83ce-9cb8-5997-d6a6b18a5434" executionId="d5c5b321-0b74-4576-8cea-8325830053e4" testListId="8c84fa94-04c1-424b-9868-57a2d4851a1d" />
    <TestEntry testId="f4756100-4823-587a-d764-9e198258cd89" executionId="54c24743-dee6-41a1-b196-e0b2d9259f66" testListId="8c84fa94-04c1-424b-9868-57a2d4851a1d" />
    <TestEntry testId="3e85ff1a-9086-2bbc-8cf8-b65489877dab" executionId="5fe810d4-9f46-4f87-bb56-c7cb868b30ca" testListId="8c84fa94-04c1-424b-9868-57a2d4851a1d" />
    <TestEntry testId="bda6bdfd-dd29-ad56-bd78-c543f819533d" executionId="3de6fa52-e68b-48b4-adf1-ea55458d8f9d" testListId="8c84fa94-04c1-424b-9868-57a2d4851a1d" />
    <TestEntry testId="f9de573e-232b-4d29-e49c-0958cec18068" executionId="66b40721-fd8b-40b2-a83f-ea5f02a430a0" testListId="8c84fa94-04c1-424b-9868-57a2d4851a1d" />
    <TestEntry testId="9aff1d8f-e4e0-1e77-8e25-fc7374c912e8" executionId="f516b4fc-0225-4133-8c4c-91372d93b4fb" testListId="8c84fa94-04c1-424b-9868-57a2d4851a1d" />
    <TestEntry testId="8352c474-410b-e544-b2ef-515bbab598c2" executionId="ddfba693-22ae-462d-b7ec-a3e4c1914ee1" testListId="8c84fa94-04c1-424b-9868-57a2d4851a1d" />
    <TestEntry testId="8d573fd2-43fb-ae22-9935-f5b9cd3b5082" executionId="18ab5625-23db-4b57-8455-6be8c0942aa6" testListId="8c84fa94-04c1-424b-9868-57a2d4851a1d" />
    <TestEntry testId="1edfa9d3-9341-61e7-5384-a56e4d9c940b" executionId="1d33bacb-d68b-47ab-9e71-b4f4ffa54bca" testListId="8c84fa94-04c1-424b-9868-57a2d4851a1d" />
    <TestEntry testId="ef068edd-7db0-0fce-7882-0fa66c3ed1fb" executionId="4461b154-bc8b-436d-9470-581489047bd0" testListId="8c84fa94-04c1-424b-9868-57a2d4851a1d" />
    <TestEntry testId="c72f9434-ce30-d856-ea0d-57af4e1c870c" executionId="0143ffdb-e69a-48b6-92af-6b369b0307ce" testListId="8c84fa94-04c1-424b-9868-57a2d4851a1d" />
    <TestEntry testId="ed909acd-8453-7c10-4d06-43a1e39a1857" executionId="89427c8e-697e-45a3-a677-43f957e18670" testListId="8c84fa94-04c1-424b-9868-57a2d4851a1d" />
    <TestEntry testId="9c52a160-4b42-fa6e-e560-9ff72f89208a" executionId="89a034be-779d-4886-9893-958915d3986f" testListId="8c84fa94-04c1-424b-9868-57a2d4851a1d" />
    <TestEntry testId="dc6e608d-b7ae-c33a-8f38-42dfc05dad01" executionId="c7b3d00e-7100-4bce-a8a4-456931a0f5f8" testListId="8c84fa94-04c1-424b-9868-57a2d4851a1d" />
    <TestEntry testId="2f5741b7-f3c1-8700-ee8d-782a3a442bbc" executionId="a71e0fd6-f682-438c-89e5-e0e9863c9f35" testListId="8c84fa94-04c1-424b-9868-57a2d4851a1d" />
    <TestEntry testId="13ed58ee-76c2-faf5-fa70-97adb84e1c6e" executionId="6555f2c4-83d7-4cc8-910a-9cc774bd5d19" testListId="8c84fa94-04c1-424b-9868-57a2d4851a1d" />
    <TestEntry testId="b55670de-6656-afb3-c738-3c5201e7bcf0" executionId="cb0634b8-2ed2-4d18-a7d1-91406a8630c0" testListId="8c84fa94-04c1-424b-9868-57a2d4851a1d" />
    <TestEntry testId="0bd188b8-0913-97a7-287c-d3d58d7a320a" executionId="8c7f870e-9f23-4749-bb47-e6a9a96881e7" testListId="8c84fa94-04c1-424b-9868-57a2d4851a1d" />
    <TestEntry testId="c11b9dd7-a36d-f8e0-de6b-c08437fe1a7c" executionId="3bf06b38-2240-4872-96a6-c4742f9ce97e" testListId="8c84fa94-04c1-424b-9868-57a2d4851a1d" />
    <TestEntry testId="55d1c255-6974-b309-4d97-e30d23a35f71" executionId="2b7f13b1-d462-41c4-83a1-7077769c2ce4" testListId="8c84fa94-04c1-424b-9868-57a2d4851a1d" />
    <TestEntry testId="7593edf9-1ad6-e971-d649-4315412a08bc" executionId="c183299d-162f-42e2-8ef5-573dc77062c7" testListId="8c84fa94-04c1-424b-9868-57a2d4851a1d" />
    <TestEntry testId="cbdb690f-a10a-19fd-3331-28143dc12a0b" executionId="bad6126d-9f1c-405c-b128-e50f5aa68aa0" testListId="8c84fa94-04c1-424b-9868-57a2d4851a1d" />
    <TestEntry testId="b5825559-7238-0478-7b4f-f348be4de031" executionId="aacbddf3-69ab-4178-a66f-9ded3b15c187" testListId="8c84fa94-04c1-424b-9868-57a2d4851a1d" />
    <TestEntry testId="b173d0a9-fa0d-067b-6d5b-731f71d10c86" executionId="5067b25a-3646-4cfd-bc13-b0eed73edffe" testListId="8c84fa94-04c1-424b-9868-57a2d4851a1d" />
    <TestEntry testId="4de0a5cd-4eae-eab0-6a59-c4c4e99964d9" executionId="9467f59d-2790-4aed-a0c8-f9aeb794dfe6" testListId="8c84fa94-04c1-424b-9868-57a2d4851a1d" />
    <TestEntry testId="40cebc12-9583-9970-475a-551b731bb026" executionId="d7de93ec-9fbb-4d4d-b4f6-73070c2a60ba" testListId="8c84fa94-04c1-424b-9868-57a2d4851a1d" />
    <TestEntry testId="4d0651a2-cb48-87cc-0341-e6e3ef75b089" executionId="2ea954be-aa69-49de-9d61-1becb9a893cd" testListId="8c84fa94-04c1-424b-9868-57a2d4851a1d" />
    <TestEntry testId="253af54d-2188-2e5d-f19f-2061c19e9c8d" executionId="9ce96a90-f873-426a-b7b1-353118073146" testListId="8c84fa94-04c1-424b-9868-57a2d4851a1d" />
    <TestEntry testId="b813a881-8c0a-8be9-8ff2-b7d024f64502" executionId="21f969a7-9087-4188-84d5-98e189eb9f1d" testListId="8c84fa94-04c1-424b-9868-57a2d4851a1d" />
    <TestEntry testId="db3e7218-ed8a-0a9d-0b21-3ed43f90eb0e" executionId="1ce3f7e1-1410-4f8c-9486-921eae0364b3" testListId="8c84fa94-04c1-424b-9868-57a2d4851a1d" />
    <TestEntry testId="522b03c8-8cd7-338b-a735-84c7eaee1415" executionId="4073b918-9448-493b-85cb-d0e439b93a6c" testListId="8c84fa94-04c1-424b-9868-57a2d4851a1d" />
    <TestEntry testId="7a17a922-056d-acdf-64d2-8fea4691250d" executionId="53450789-5cc2-4325-97a2-c07ebccd669a" testListId="8c84fa94-04c1-424b-9868-57a2d4851a1d" />
    <TestEntry testId="c1f1f609-ef83-6f24-1363-97fb219473cf" executionId="153d2256-8e1e-45c9-b5a0-51dbbd9866fd" testListId="8c84fa94-04c1-424b-9868-57a2d4851a1d" />
    <TestEntry testId="59a66a13-2ebb-3a81-334c-198ab592fcd4" executionId="84fa9713-1a62-481f-9677-8340473f3b96" testListId="8c84fa94-04c1-424b-9868-57a2d4851a1d" />
    <TestEntry testId="cc195bf9-f7dd-b8ce-d706-0315689c3ff0" executionId="1447cb11-e255-46b1-9835-2f854ae43120" testListId="8c84fa94-04c1-424b-9868-57a2d4851a1d" />
    <TestEntry testId="9d761d3b-4a65-9e38-e49e-7fe34eaa5883" executionId="8a1bf038-5362-40ea-a79d-60af1abe8a6a" testListId="8c84fa94-04c1-424b-9868-57a2d4851a1d" />
    <TestEntry testId="c4c533be-ed2a-76ab-e621-7356b5fcd04a" executionId="43499ff4-cc55-4194-8f43-8e7a9536aa89" testListId="8c84fa94-04c1-424b-9868-57a2d4851a1d" />
    <TestEntry testId="267d7dcb-3705-8bad-a2f9-558ed2b82d52" executionId="8dab04d6-6a98-4a3c-be01-b41ab8ffaf74" testListId="8c84fa94-04c1-424b-9868-57a2d4851a1d" />
    <TestEntry testId="57f01ba2-e290-af89-d10d-454ce493a8dc" executionId="1524f275-c057-4ec3-8c2f-dd0f1699a7a8" testListId="8c84fa94-04c1-424b-9868-57a2d4851a1d" />
    <TestEntry testId="f0aae1cd-3cd7-1b1c-6b7a-9435c011fe06" executionId="41763c7c-ee96-44b1-9ea2-755ef5e2c684" testListId="8c84fa94-04c1-424b-9868-57a2d4851a1d" />
    <TestEntry testId="1f0e7cbb-9774-723c-4bfd-be77217052e0" executionId="cac44d23-8b1e-4442-92bf-e2b73b812037" testListId="8c84fa94-04c1-424b-9868-57a2d4851a1d" />
    <TestEntry testId="c9b4ebd3-7384-7179-606e-c3f24373393e" executionId="2c61bfa8-0fb0-455b-8eba-e06796a2a0c4" testListId="8c84fa94-04c1-424b-9868-57a2d4851a1d" />
    <TestEntry testId="823c59db-0700-5e43-21d6-d2fca0ab66fc" executionId="6aa96259-69e8-4016-ae43-613a444b20e1" testListId="8c84fa94-04c1-424b-9868-57a2d4851a1d" />
    <TestEntry testId="d88ade3f-ea14-d3c2-e1cb-047b20d67d64" executionId="77b27c30-c59a-4b58-848c-eff6efdbd700" testListId="8c84fa94-04c1-424b-9868-57a2d4851a1d" />
    <TestEntry testId="29055beb-2b1d-a208-cdb8-f116e6ec48bf" executionId="d490c0b1-8deb-477f-976b-2cc52625681d" testListId="8c84fa94-04c1-424b-9868-57a2d4851a1d" />
    <TestEntry testId="74eb3639-24c4-e0d9-070f-cd504b12522a" executionId="d401cb6b-be46-44a0-926f-c7644095f06e" testListId="8c84fa94-04c1-424b-9868-57a2d4851a1d" />
    <TestEntry testId="56645027-4623-3da2-eb53-a4721849ba7d" executionId="1fda6c7d-ec68-4174-8371-48df4ac9b627" testListId="8c84fa94-04c1-424b-9868-57a2d4851a1d" />
    <TestEntry testId="040e9b3f-f25e-3ed6-bf96-89aee638be9e" executionId="2ccf5f63-000a-4e9e-91f5-926d91f81fd6" testListId="8c84fa94-04c1-424b-9868-57a2d4851a1d" />
    <TestEntry testId="b356273d-3d22-f18d-d308-398d0500112c" executionId="648ee8f1-a777-44bc-a713-093887d45da1" testListId="8c84fa94-04c1-424b-9868-57a2d4851a1d" />
    <TestEntry testId="47d6ac06-c5c5-17f1-0121-af971ecf8406" executionId="1f6be949-83ed-46a7-9b7e-d50bbafa09ca" testListId="8c84fa94-04c1-424b-9868-57a2d4851a1d" />
    <TestEntry testId="40bdd840-9765-5954-245a-ef9e319f02f9" executionId="da563e6a-bb28-4847-9b48-d78f336f769c" testListId="8c84fa94-04c1-424b-9868-57a2d4851a1d" />
    <TestEntry testId="91748251-5487-2413-e7fd-5977abc24ef8" executionId="7be7e88d-38ab-4fc7-a6f6-a22d7bbfbbfa" testListId="8c84fa94-04c1-424b-9868-57a2d4851a1d" />
    <TestEntry testId="a0a1b2bb-00ae-7c67-ad25-91ceb5242e06" executionId="91f4184d-7921-4e76-9cfd-3198aed5f094" testListId="8c84fa94-04c1-424b-9868-57a2d4851a1d" />
    <TestEntry testId="5353883c-eb6d-cf7c-b98e-d60c3494d1c0" executionId="89c5a1ba-d04c-4f66-931e-2dddc2a365d6" testListId="8c84fa94-04c1-424b-9868-57a2d4851a1d" />
    <TestEntry testId="627b0b1f-aab5-e7d9-1bbb-bea660eb49d6" executionId="7d0e4a34-379f-49a4-bead-a1a196f02196" testListId="8c84fa94-04c1-424b-9868-57a2d4851a1d" />
    <TestEntry testId="1df6f9c6-5dc3-be90-510b-5a19fab43dba" executionId="91adf98f-bfdb-4815-92c8-a43fc4de1458" testListId="8c84fa94-04c1-424b-9868-57a2d4851a1d" />
    <TestEntry testId="3dddeff5-32c3-9ee4-7a7c-618584d05ecd" executionId="7fe2ab04-90e7-488f-a914-3eff0ae44627" testListId="8c84fa94-04c1-424b-9868-57a2d4851a1d" />
    <TestEntry testId="826c96bf-06d1-1fcb-1510-dcb256725339" executionId="c2746719-b620-4030-b422-b89c5613805b" testListId="8c84fa94-04c1-424b-9868-57a2d4851a1d" />
    <TestEntry testId="75416995-d21d-936e-9138-bcb4d5b980ce" executionId="e1a53202-67d6-4d81-b3f5-f976ecdc1e28" testListId="8c84fa94-04c1-424b-9868-57a2d4851a1d" />
    <TestEntry testId="7be92f69-1581-f515-f347-cbca8a806b47" executionId="d2da418f-4c1f-46c9-a8b8-fb19f294c409" testListId="8c84fa94-04c1-424b-9868-57a2d4851a1d" />
    <TestEntry testId="adc71b37-1c62-7b3d-65aa-72c5b77e4602" executionId="7c1cb459-1f4d-4877-b60a-f754bd64cdcd" testListId="8c84fa94-04c1-424b-9868-57a2d4851a1d" />
    <TestEntry testId="dd330e64-16a2-6c0b-4dd7-c75eb11c1f1a" executionId="61562af1-343e-4448-b186-efaf3fa4b1a5" testListId="8c84fa94-04c1-424b-9868-57a2d4851a1d" />
    <TestEntry testId="ce6e97bf-c611-5064-ddef-36e13c2efaf5" executionId="49e6980f-4b9c-4905-b3e3-f57955635d76" testListId="8c84fa94-04c1-424b-9868-57a2d4851a1d" />
    <TestEntry testId="099562f8-082d-0ddf-f0d9-2463f66b2cd3" executionId="af97035d-10e7-4c26-a45b-725ee9353770" testListId="8c84fa94-04c1-424b-9868-57a2d4851a1d" />
    <TestEntry testId="bfccf877-b15c-d747-5178-c3534343f118" executionId="55c0805c-a82d-4a46-9d0d-3826fd105b9c" testListId="8c84fa94-04c1-424b-9868-57a2d4851a1d" />
    <TestEntry testId="9babe785-2aae-4887-0c4c-704a36225883" executionId="040c1e6b-c16e-4c42-8d97-aa39757a640f" testListId="8c84fa94-04c1-424b-9868-57a2d4851a1d" />
    <TestEntry testId="d5812b03-5345-04b3-00c0-c808cef5ea55" executionId="bb5c8df1-f66e-4428-9e09-d02529b2aa73" testListId="8c84fa94-04c1-424b-9868-57a2d4851a1d" />
    <TestEntry testId="8899f1e1-32ee-5c9f-9a1f-d9e992ee137a" executionId="009af44c-7928-40f6-a301-e1cd23002498" testListId="8c84fa94-04c1-424b-9868-57a2d4851a1d" />
    <TestEntry testId="1e32a05b-715b-4d99-3d5f-3ac71504b35c" executionId="bf9badad-694a-4e1b-a30e-07d245a610a5" testListId="8c84fa94-04c1-424b-9868-57a2d4851a1d" />
    <TestEntry testId="4a2c4a13-c33f-6d15-d67f-093b68f642ae" executionId="091b08cd-8bc9-4075-a8a5-dcd9ac926316" testListId="8c84fa94-04c1-424b-9868-57a2d4851a1d" />
    <TestEntry testId="fe8b194c-6be5-fdf9-06af-d4b3aa377b2b" executionId="28c018c4-2238-41f5-b49d-e6364b38e341" testListId="8c84fa94-04c1-424b-9868-57a2d4851a1d" />
    <TestEntry testId="6b173897-fbd0-453d-ecf8-2160a652393e" executionId="e00e7c13-4e32-4f61-8c77-7da056994f94" testListId="8c84fa94-04c1-424b-9868-57a2d4851a1d" />
    <TestEntry testId="d427ed79-b3eb-9673-cff4-389e4182341a" executionId="a8306dbb-a870-4967-ab91-ad2ca20655c7" testListId="8c84fa94-04c1-424b-9868-57a2d4851a1d" />
    <TestEntry testId="683cba0f-eb78-1647-e728-826e291dba9c" executionId="64ad57be-127b-4a54-a560-2ea2c51e3d68" testListId="8c84fa94-04c1-424b-9868-57a2d4851a1d" />
    <TestEntry testId="c897fc9a-3899-3bf2-9464-2490554747c1" executionId="b7af2008-3f5d-4b76-b291-bfcb8c8a59e7" testListId="8c84fa94-04c1-424b-9868-57a2d4851a1d" />
    <TestEntry testId="7b6a7145-bf6f-a9c1-14cc-055e94a960ca" executionId="a6bed428-1f9a-44c6-9a04-b06dec013808" testListId="8c84fa94-04c1-424b-9868-57a2d4851a1d" />
    <TestEntry testId="9f3db2f5-6ff2-b9b2-5d5e-cc24aacda3dd" executionId="ccec65a4-285a-4c82-bd3b-8537a17a72b0" testListId="8c84fa94-04c1-424b-9868-57a2d4851a1d" />
    <TestEntry testId="52ee1c64-376a-0a21-9de1-c84150456ba0" executionId="303cd170-e7b0-447d-bd34-36ed007b7bf5" testListId="8c84fa94-04c1-424b-9868-57a2d4851a1d" />
    <TestEntry testId="75d9394e-4d7d-dad3-19bc-b6cb17942e98" executionId="158a571a-cf5a-4e35-9b61-5570f0daa2ce" testListId="8c84fa94-04c1-424b-9868-57a2d4851a1d" />
    <TestEntry testId="7b853515-74a8-4c86-35ea-8162aa4cfd22" executionId="2a2d27cb-ad9f-4d9a-b0eb-58fb237be808" testListId="8c84fa94-04c1-424b-9868-57a2d4851a1d" />
    <TestEntry testId="2f46a73d-19e0-47b7-861e-bf7faa52eccb" executionId="09d1a68f-9372-4e30-8cf5-f4775ea712e7" testListId="8c84fa94-04c1-424b-9868-57a2d4851a1d" />
    <TestEntry testId="fbc06d42-5295-4276-d659-8480f80ddb58" executionId="5db1b8ae-0561-4206-8955-35125fc397f6" testListId="8c84fa94-04c1-424b-9868-57a2d4851a1d" />
    <TestEntry testId="036d2330-6e5a-027b-80fb-c7e9030aeee6" executionId="28df5c9e-5e38-4115-8867-e66cf41b2c73" testListId="8c84fa94-04c1-424b-9868-57a2d4851a1d" />
    <TestEntry testId="7d858aee-7fa4-914b-82fb-af2fce0ddc83" executionId="53b90c85-a50e-4dbb-a1ee-f011aafd6c41" testListId="8c84fa94-04c1-424b-9868-57a2d4851a1d" />
    <TestEntry testId="01b3ac71-a5d7-50f2-2830-b39bac72070d" executionId="6c7670ed-4f05-4605-be4d-c978b34892ac" testListId="8c84fa94-04c1-424b-9868-57a2d4851a1d" />
    <TestEntry testId="d6858bee-6809-98b9-d582-d36aa6bafbcd" executionId="1da95c58-3525-4ef9-869d-e2cb8bd23571" testListId="8c84fa94-04c1-424b-9868-57a2d4851a1d" />
    <TestEntry testId="ea77216d-dd84-1e46-6526-7ec22f1ea73e" executionId="b6a04fb5-de6e-4bb8-87ad-7a874d27500e" testListId="8c84fa94-04c1-424b-9868-57a2d4851a1d" />
    <TestEntry testId="90566b66-34d1-3509-98b8-1f7c6b3de9b1" executionId="2bc1c04c-d758-4ef4-91d7-cdc9f63ab5e6" testListId="8c84fa94-04c1-424b-9868-57a2d4851a1d" />
    <TestEntry testId="f7ee6df7-b90b-a037-78f6-b8d08586fb41" executionId="8053ebb4-70f0-4daf-9cc3-52c4db7a7358" testListId="8c84fa94-04c1-424b-9868-57a2d4851a1d" />
    <TestEntry testId="03cfd568-7731-dff9-7ebb-4f70a6a61b99" executionId="3098d0ff-18cc-4dc2-a832-4a089e04a838" testListId="8c84fa94-04c1-424b-9868-57a2d4851a1d" />
    <TestEntry testId="1cefd11e-e4bf-9059-ae05-12a9c88ff6a2" executionId="d206ddbd-e03e-44e4-9d18-517848a322e5" testListId="8c84fa94-04c1-424b-9868-57a2d4851a1d" />
    <TestEntry testId="6c5f3ce4-12e4-0074-45ac-da7e93fbc752" executionId="e890be8a-e774-4730-a50d-e217a08599aa" testListId="8c84fa94-04c1-424b-9868-57a2d4851a1d" />
    <TestEntry testId="1df62cc8-0328-9e85-759e-f44766fa5fc8" executionId="3f731e85-58a0-462b-b287-ac17b06273db" testListId="8c84fa94-04c1-424b-9868-57a2d4851a1d" />
    <TestEntry testId="1aea2397-7cb4-7b1a-d709-fce09a1a912d" executionId="f6d6cac7-3950-4ad6-9741-81aaa98c2553" testListId="8c84fa94-04c1-424b-9868-57a2d4851a1d" />
    <TestEntry testId="13b7e08e-fbfc-a64f-e1d8-38ab728faa11" executionId="a859eb89-ebc9-4da5-bef2-befa0aa78993" testListId="8c84fa94-04c1-424b-9868-57a2d4851a1d" />
    <TestEntry testId="2ef6c8a8-2bbc-1dab-9dc1-0eb3acc967d0" executionId="cad03515-0abb-493f-ba66-b91e86035736" testListId="8c84fa94-04c1-424b-9868-57a2d4851a1d" />
    <TestEntry testId="71ef5f25-492d-fb00-d387-9e4a766f1b75" executionId="f41e9ba0-5028-4503-9381-f755e3844db2" testListId="8c84fa94-04c1-424b-9868-57a2d4851a1d" />
    <TestEntry testId="b89117aa-280d-b84e-209d-5ca8e85689eb" executionId="ef2b922a-b7fe-47c0-952a-9f19aa3cae68" testListId="8c84fa94-04c1-424b-9868-57a2d4851a1d" />
    <TestEntry testId="6e798d5a-1ca0-6e8e-6bb6-6235a3494c25" executionId="561edf5d-7871-4cc7-ba78-01dfea09d764" testListId="8c84fa94-04c1-424b-9868-57a2d4851a1d" />
    <TestEntry testId="c99adbf3-fb8b-eb87-4816-2176129bdb33" executionId="3b00a839-e7e2-453e-ac9c-0b5e4294b53a" testListId="8c84fa94-04c1-424b-9868-57a2d4851a1d" />
    <TestEntry testId="fd54034d-e3fc-e2eb-05d7-8a9bc433af73" executionId="1489fc8f-c5e4-44c4-8dbb-2872ff8f980b" testListId="8c84fa94-04c1-424b-9868-57a2d4851a1d" />
    <TestEntry testId="e3aea423-98bf-a7e2-e4c0-84c6f9dc53db" executionId="6f121d0d-1708-4836-b980-a6c9385544b6" testListId="8c84fa94-04c1-424b-9868-57a2d4851a1d" />
    <TestEntry testId="63f7f541-1242-04cd-f07a-6d75763b6903" executionId="33a9f9ab-1d96-4d00-a8c2-b97def7264b0" testListId="8c84fa94-04c1-424b-9868-57a2d4851a1d" />
    <TestEntry testId="db225c20-9efd-cd4d-b9b4-d762745c0403" executionId="6988af6a-515a-471d-a0ef-8ab5e3d3430f" testListId="8c84fa94-04c1-424b-9868-57a2d4851a1d" />
    <TestEntry testId="5bd30997-1438-5b3b-188c-faec19cc9e7a" executionId="e8536ee9-ab56-47ed-8b9b-fda6e1727762" testListId="8c84fa94-04c1-424b-9868-57a2d4851a1d" />
    <TestEntry testId="cc8e1363-c3ca-8bcf-58fe-03deec8dabc3" executionId="37ecce16-7624-4a50-808f-69d48cbd14a8" testListId="8c84fa94-04c1-424b-9868-57a2d4851a1d" />
    <TestEntry testId="e72b293e-06bb-86b0-6aab-3516d9989eee" executionId="b1c7cb04-d833-4498-a697-f7f45a715bee" testListId="8c84fa94-04c1-424b-9868-57a2d4851a1d" />
    <TestEntry testId="5734d5a3-4f0f-ba8c-e55e-7d2e4acb8119" executionId="ec297016-e06f-4ebf-852f-bd8a365b34f7" testListId="8c84fa94-04c1-424b-9868-57a2d4851a1d" />
    <TestEntry testId="009be9d2-76d0-ea29-1cee-1fbb3e5dfa78" executionId="513e4a46-1eff-444b-8af5-c044f5f726bb" testListId="8c84fa94-04c1-424b-9868-57a2d4851a1d" />
    <TestEntry testId="2f21f39e-8ca3-1c42-8d87-82c492336aee" executionId="392804a5-be73-4393-9277-efa95918838f" testListId="8c84fa94-04c1-424b-9868-57a2d4851a1d" />
    <TestEntry testId="fff2b283-f4b4-0baf-243c-7e98adecb9a1" executionId="13050ecf-6955-40fe-be28-6dc157dd66dd" testListId="8c84fa94-04c1-424b-9868-57a2d4851a1d" />
    <TestEntry testId="e28cddb4-5ca7-a70c-66d5-c86fba57a604" executionId="790e6655-d547-4955-824f-446636402a42" testListId="8c84fa94-04c1-424b-9868-57a2d4851a1d" />
    <TestEntry testId="142dc445-37f8-e92b-9855-abcd0cb8d229" executionId="3cac03ca-eb9b-4d77-b452-ce66404d7706" testListId="8c84fa94-04c1-424b-9868-57a2d4851a1d" />
    <TestEntry testId="7a1c99a6-6eb5-b231-fc64-0f7a66f515e4" executionId="0a8eba47-396d-4508-95b8-99b08165c45a" testListId="8c84fa94-04c1-424b-9868-57a2d4851a1d" />
    <TestEntry testId="4855e4b2-491f-e06d-aaa2-ce644fcee064" executionId="c014a614-9db8-41f7-8ef8-231d85d5eec5" testListId="8c84fa94-04c1-424b-9868-57a2d4851a1d" />
    <TestEntry testId="cea86b1e-d222-8fce-6b1b-14eb16f3cd32" executionId="bbdb171b-f251-4d2d-a063-c0f1e4f4ddfa" testListId="8c84fa94-04c1-424b-9868-57a2d4851a1d" />
    <TestEntry testId="ba2a920e-b365-ea07-2630-dff265b33e80" executionId="00aed9f9-75fb-4351-8b33-b5fbe5f4d10c" testListId="8c84fa94-04c1-424b-9868-57a2d4851a1d" />
    <TestEntry testId="f27e105b-e48d-7717-0580-2f0945a35357" executionId="7c6468e7-7d12-4fbf-8698-2a3f4284a9bd" testListId="8c84fa94-04c1-424b-9868-57a2d4851a1d" />
    <TestEntry testId="f1515a36-9f93-4069-9478-b67b6313ac95" executionId="fc5e6cdf-f03b-4f48-9db4-9fb871016e97" testListId="8c84fa94-04c1-424b-9868-57a2d4851a1d" />
    <TestEntry testId="477bba6c-16aa-afeb-90e4-aae7f108ab8b" executionId="66e582d7-cb14-4157-b9c1-a606ba485fbc" testListId="8c84fa94-04c1-424b-9868-57a2d4851a1d" />
    <TestEntry testId="808f047d-0e3e-3a91-bd6c-9f3daeada9b7" executionId="19688ff6-c1c5-499b-af1a-b6c61a937b40" testListId="8c84fa94-04c1-424b-9868-57a2d4851a1d" />
    <TestEntry testId="94753ba6-405e-2bac-a744-f88b74ac7e97" executionId="547d1836-532e-40cb-a79a-fbc7a5ff79cf" testListId="8c84fa94-04c1-424b-9868-57a2d4851a1d" />
    <TestEntry testId="605b7d58-15d1-26bd-69ef-e438853e775e" executionId="caef88e1-2366-44b7-a3a5-4772e4ae21d2" testListId="8c84fa94-04c1-424b-9868-57a2d4851a1d" />
    <TestEntry testId="4e5522a2-4864-c7d5-1139-367eb8b6a3e1" executionId="e12f697c-151b-49e4-8da4-0fbea8839f85" testListId="8c84fa94-04c1-424b-9868-57a2d4851a1d" />
    <TestEntry testId="935c3690-6521-3990-71dd-cf1ba347f74f" executionId="304e7217-1dab-4eb6-8b83-5cb15bded1f3" testListId="8c84fa94-04c1-424b-9868-57a2d4851a1d" />
    <TestEntry testId="3d59f005-ca34-87e9-37c3-004ce8fadee4" executionId="750a2b2c-8906-4eb6-b1e0-7a368c519aad" testListId="8c84fa94-04c1-424b-9868-57a2d4851a1d" />
    <TestEntry testId="b45995c4-3a07-eb5c-5192-a68805c2aaca" executionId="2bb58df1-fbf0-4eeb-ab1c-e5f9fdd805a9" testListId="8c84fa94-04c1-424b-9868-57a2d4851a1d" />
    <TestEntry testId="2759eb5e-f40a-0521-2369-01aa9a58d17a" executionId="855cfdfc-754e-46e0-9c56-4169e595eaa6" testListId="8c84fa94-04c1-424b-9868-57a2d4851a1d" />
    <TestEntry testId="31d0ea51-10b1-babb-8b2a-efa5913a7bdd" executionId="dbfefcf8-2404-4147-a716-70117b54aaf6" testListId="8c84fa94-04c1-424b-9868-57a2d4851a1d" />
    <TestEntry testId="a74d7e24-0f94-5c04-4f0f-ffc2ecb8e681" executionId="1547e6e1-bc70-41b7-95a4-90b648bd0bc4" testListId="8c84fa94-04c1-424b-9868-57a2d4851a1d" />
    <TestEntry testId="a107db9e-a0cc-eee3-73df-ba42505c7bd1" executionId="93bd2d40-ccf6-4bb8-82e3-7d04a26d7201" testListId="8c84fa94-04c1-424b-9868-57a2d4851a1d" />
    <TestEntry testId="d5e83932-171b-7770-faa3-8b5e3007e14d" executionId="72cd8d2b-6edf-4720-a9fe-02ed8e374807" testListId="8c84fa94-04c1-424b-9868-57a2d4851a1d" />
    <TestEntry testId="413d2d6c-e9cd-e56b-6525-7fefbc5c05a2" executionId="054ee958-fdaa-4df4-beec-bd9bc4faaca5" testListId="8c84fa94-04c1-424b-9868-57a2d4851a1d" />
    <TestEntry testId="b6b78038-4f2f-9b6f-44b5-dfac454c2e90" executionId="a68ac044-ea13-43ed-a1fa-8e870809d681" testListId="8c84fa94-04c1-424b-9868-57a2d4851a1d" />
    <TestEntry testId="0d724198-d76c-40a0-3672-21577198a194" executionId="058af3d3-d2b4-4ab3-a463-4b2309d10bf8" testListId="8c84fa94-04c1-424b-9868-57a2d4851a1d" />
    <TestEntry testId="6fe503e0-ee15-a125-175b-c954ddea8940" executionId="0514d7cb-39c5-4892-b2b9-29ce7dae74e3" testListId="8c84fa94-04c1-424b-9868-57a2d4851a1d" />
    <TestEntry testId="f6247ad0-e92c-aadc-73fa-56889b787aea" executionId="3f76164a-7bea-405b-8e66-144c195b44ae" testListId="8c84fa94-04c1-424b-9868-57a2d4851a1d" />
    <TestEntry testId="549a8a87-c5f9-445f-1ff3-ae15fd1e9eed" executionId="f429f5eb-dc66-47b6-b5f8-8f1e26efd7fc" testListId="8c84fa94-04c1-424b-9868-57a2d4851a1d" />
    <TestEntry testId="0ee773ae-a376-b61a-8a01-91ee30d612b0" executionId="ff239a19-bffe-48c8-80c1-c746dde8ca16" testListId="8c84fa94-04c1-424b-9868-57a2d4851a1d" />
    <TestEntry testId="e7175a8c-f54c-88db-c3ab-39288b4ed3b3" executionId="9abe83a9-b064-4ce0-bc9f-22464904c667" testListId="8c84fa94-04c1-424b-9868-57a2d4851a1d" />
    <TestEntry testId="518ad318-26ed-b0c5-0cda-81ed794c365f" executionId="2c33fd7c-feed-4461-8a04-5232323df2c8" testListId="8c84fa94-04c1-424b-9868-57a2d4851a1d" />
    <TestEntry testId="facc70d9-63c3-176e-ea26-2707824a5c29" executionId="4223dfcb-8674-4ad4-86bd-a4b661ea4481" testListId="8c84fa94-04c1-424b-9868-57a2d4851a1d" />
    <TestEntry testId="957b3d1a-b8b0-70af-e81a-fbff3676aae1" executionId="ed7e9b89-3c23-4f7b-8d38-8bee1e82190b" testListId="8c84fa94-04c1-424b-9868-57a2d4851a1d" />
    <TestEntry testId="f175703c-9310-5ec5-100c-d455e28af537" executionId="18e98fde-8ad1-4aa0-b9c8-4128d6584663" testListId="8c84fa94-04c1-424b-9868-57a2d4851a1d" />
    <TestEntry testId="9b3ecf77-4178-6e98-e40d-7c26483f23ee" executionId="dd5d5643-8baa-41eb-ab3b-9aed935e984e" testListId="8c84fa94-04c1-424b-9868-57a2d4851a1d" />
    <TestEntry testId="792a507b-aa57-25c2-c94f-656c94453764" executionId="7ef84eab-02a7-42bc-be81-5c71355557f5" testListId="8c84fa94-04c1-424b-9868-57a2d4851a1d" />
    <TestEntry testId="c5ce9c82-cb77-8257-2f8d-76cb4c7d8d58" executionId="03d953c8-91d5-43b4-aa66-e122699f6379" testListId="8c84fa94-04c1-424b-9868-57a2d4851a1d" />
    <TestEntry testId="be9930f5-7771-e97b-8345-ac62b498fdb0" executionId="4f436466-050c-48e6-9b89-58e62eefcc91" testListId="8c84fa94-04c1-424b-9868-57a2d4851a1d" />
    <TestEntry testId="59a59965-a051-049e-d01c-6e8ee6106de3" executionId="d8d7a810-5a3b-4b76-8dc3-b8885c496769" testListId="8c84fa94-04c1-424b-9868-57a2d4851a1d" />
    <TestEntry testId="1a670b6b-539b-6105-c6e3-cc5fc72b1f3b" executionId="28d2cd6a-31e8-485c-9113-eac18498cd5a" testListId="8c84fa94-04c1-424b-9868-57a2d4851a1d" />
    <TestEntry testId="e39a6aaa-e3a0-c970-c87b-f258d7ab9ce2" executionId="cb34d2f8-bf44-484e-90dc-02df8bd22d1a" testListId="8c84fa94-04c1-424b-9868-57a2d4851a1d" />
    <TestEntry testId="bb78cc4f-dee7-ea70-39d5-ebcc22daca27" executionId="fea072e8-bb25-4111-8de5-6dd23afe4bc1" testListId="8c84fa94-04c1-424b-9868-57a2d4851a1d" />
    <TestEntry testId="b2f652ce-7d42-58b6-7ba7-af3972b82af7" executionId="c96bbc9f-0384-40eb-b9b1-1e3a2b9dc911" testListId="8c84fa94-04c1-424b-9868-57a2d4851a1d" />
    <TestEntry testId="4f5d3555-3f48-866b-7614-28f678f55d54" executionId="17bdf158-001c-48a2-88ea-2f2487d13de6" testListId="8c84fa94-04c1-424b-9868-57a2d4851a1d" />
    <TestEntry testId="402e21c2-acb8-7893-6ec3-e08126589a1c" executionId="84081b70-e154-4d30-9fda-8b6c3b863820" testListId="8c84fa94-04c1-424b-9868-57a2d4851a1d" />
    <TestEntry testId="2d0b204f-e2f3-7cb8-2659-e4749fcb3d97" executionId="3934e79d-4d28-4557-b44a-a2792abc41af" testListId="8c84fa94-04c1-424b-9868-57a2d4851a1d" />
    <TestEntry testId="d4c73174-ae59-6ac1-eab5-1879535ffaee" executionId="4cd548b4-f374-42cf-9c3d-58ab1f5fdec2" testListId="8c84fa94-04c1-424b-9868-57a2d4851a1d" />
    <TestEntry testId="8984542a-9ced-530b-1748-c83a5458d063" executionId="9741ab94-f1d9-444f-ad06-67e86da1a32b" testListId="8c84fa94-04c1-424b-9868-57a2d4851a1d" />
    <TestEntry testId="82250c2d-c3df-ba69-fef4-1a639b38e1e4" executionId="40803eee-28e4-4b37-84c0-aa7c03fbdfd2" testListId="8c84fa94-04c1-424b-9868-57a2d4851a1d" />
    <TestEntry testId="266db7f7-5096-eef5-bd46-2a37c44b4987" executionId="5f1a7c3f-8272-4143-bd3e-a1d3ad2bcf79" testListId="8c84fa94-04c1-424b-9868-57a2d4851a1d" />
    <TestEntry testId="b2532d81-b7f0-2548-586d-3f2c749cf09b" executionId="f92db957-4c59-4ae4-9966-093bb2a734fb" testListId="8c84fa94-04c1-424b-9868-57a2d4851a1d" />
    <TestEntry testId="b1d7b357-2e45-3194-86cc-0d35f030fe58" executionId="117a20c3-9790-4fc3-bb61-df6f66e0b9db" testListId="8c84fa94-04c1-424b-9868-57a2d4851a1d" />
    <TestEntry testId="884e8e4e-f2c1-65ed-7767-65c9d45e9169" executionId="f5accdde-9341-4627-a60b-e24b11280728" testListId="8c84fa94-04c1-424b-9868-57a2d4851a1d" />
    <TestEntry testId="f16e9d61-57bb-89d5-6c32-fe543fe37634" executionId="f2a31d22-df0a-48e8-92d5-e03ef93fc3d3" testListId="8c84fa94-04c1-424b-9868-57a2d4851a1d" />
    <TestEntry testId="db7a20d5-f607-1531-05dc-6488700c6b75" executionId="5ec4681c-dcfd-40a9-a381-3e2abc2b7a08" testListId="8c84fa94-04c1-424b-9868-57a2d4851a1d" />
    <TestEntry testId="9bf9a7e3-43ce-f319-9ea4-a4ba0bb6f191" executionId="0efb345d-cf3b-4388-9a35-b51c5b091c3c" testListId="8c84fa94-04c1-424b-9868-57a2d4851a1d" />
    <TestEntry testId="7e52206a-2dbe-360a-1a47-1b77a107e903" executionId="5100ab57-9c82-47b0-af30-c872686155d3" testListId="8c84fa94-04c1-424b-9868-57a2d4851a1d" />
    <TestEntry testId="1cd747e0-9621-0155-d4e0-e7a9ec8198cb" executionId="4b88c6c3-26cb-4580-8c31-e6c9186a632c" testListId="8c84fa94-04c1-424b-9868-57a2d4851a1d" />
    <TestEntry testId="b5049a75-b836-c765-0943-f002e5a56e80" executionId="4d00b6bd-337e-401c-9958-8db33117169e" testListId="8c84fa94-04c1-424b-9868-57a2d4851a1d" />
    <TestEntry testId="2b621146-9a95-4aaf-2e5a-ebb31e82004d" executionId="89891994-eaa7-4111-b1e2-800ed7e0806a" testListId="8c84fa94-04c1-424b-9868-57a2d4851a1d" />
    <TestEntry testId="a6ff64d9-e4f7-3ad8-6960-f6157f40d8b7" executionId="9c3820a7-34ac-4054-b402-c6fc61eb5295" testListId="8c84fa94-04c1-424b-9868-57a2d4851a1d" />
    <TestEntry testId="a4d46664-65c8-469a-5630-a6f0c896fd8e" executionId="33d62e31-709c-4773-8c02-2e42d6585d5f" testListId="8c84fa94-04c1-424b-9868-57a2d4851a1d" />
    <TestEntry testId="7b749f72-e5f8-1707-5f4a-54faea7fcd57" executionId="e13fdf23-8bf2-4309-bf72-134ab3600b81" testListId="8c84fa94-04c1-424b-9868-57a2d4851a1d" />
    <TestEntry testId="de2012bf-c05b-1eaa-18d1-af6c93e3e429" executionId="1353811c-8a5e-4581-a6fc-4fe875f9f888" testListId="8c84fa94-04c1-424b-9868-57a2d4851a1d" />
  </TestEntries>
  <TestLists>
    <TestList name="Results Not in a List" id="8c84fa94-04c1-424b-9868-57a2d4851a1d" />
    <TestList name="All Loaded Results" id="19431567-8539-422a-85d7-44ee4e166bda" />
  </TestLists>
  <ResultSummary outcome="Failed">
    <Counters total="665" executed="665" passed="660" failed="5" error="0" timeout="0" aborted="0" inconclusive="0" passedButRunAborted="0" notRunnable="0" notExecuted="0" disconnected="0" warning="0" completed="0" inProgress="0" pending="0" />
    <Output>
      <StdOut>[xUnit.net 00:00:00.00] xUnit.net VSTest Adapter v2.5.3.1+6b60a9e56a (64-bit .NET 8.0.18)&#xD;
[xUnit.net 00:00:00.06]   Discovering: JarvisAssistant.UnitTests&#xD;
[xUnit.net 00:00:00.17]   Discovered:  JarvisAssistant.UnitTests&#xD;
[xUnit.net 00:00:00.17]   Starting:    JarvisAssistant.UnitTests&#xD;
info: JarvisAssistant.Services.AudioCacheService[0]&#xD;
      Audio cache initialized with max size: 1MB, expiry: 24h&#xD;
info: JarvisAssistant.Services.RateLimitService[0]&#xD;
      Rate limit service initialized with 100 requests/min, 50000 chars/min&#xD;
info: JarvisAssistant.Services.IntelligentFallbackVoiceService[0]&#xD;
      Added Modern Windows TTS as fallback option 1&#xD;
info: JarvisAssistant.Services.IntelligentFallbackVoiceService[0]&#xD;
      Added Windows SAPI as fallback option 2&#xD;
info: JarvisAssistant.Services.IntelligentFallbackVoiceService[0]&#xD;
      Added Stub service as fallback option 3&#xD;
info: JarvisAssistant.Services.IntelligentFallbackVoiceService[0]&#xD;
      Initialized 3 fallback services&#xD;
info: JarvisAssistant.Services.ElevenLabsVoiceService[0]&#xD;
      ElevenLabs voice service initialized with voice ID: test-voice-id&#xD;
info: System.Net.Http.HttpClient.Default.LogicalHandler[100]&#xD;
      Start processing HTTP request GET https://api.elevenlabs.io/v1/user/subscription&#xD;
info: System.Net.Http.HttpClient.Default.ClientHandler[100]&#xD;
      Sending HTTP request GET https://api.elevenlabs.io/v1/user/subscription&#xD;
info: JarvisAssistant.Services.LLM.OllamaClient[0]&#xD;
      OllamaClient initialized with base URL: http://localhost:11434/&#xD;
[xUnit.net 00:00:00.34]       Assert.Contains() Failure: Sub-string not found&#xD;
[xUnit.net 00:00:00.34]       String:    "4 services offline"&#xD;
[xUnit.net 00:00:00.34]       Not found: "3"&#xD;
[xUnit.net 00:00:00.34]       Stack Trace:&#xD;
[xUnit.net 00:00:00.34]         c:\Users\Bruce\source\repos\Jarvis Assistant MK2\JarvisAssistant.UnitTests\UI\MAUIMainPageUITests.cs(246,0): at JarvisAssistant.UnitTests.UI.MAUIMainPageUITests.StatusPanel_ServiceStatuses_ShouldDisplayCorrectly()&#xD;
[xUnit.net 00:00:00.34]            at System.RuntimeMethodHandle.InvokeMethod(Object target, Void** arguments, Signature sig, Boolean isConstructor)&#xD;
[xUnit.net 00:00:00.34]            at System.Reflection.MethodBaseInvoker.InvokeWithNoArgs(Object obj, BindingFlags invokeAttr)&#xD;
[xUnit.net 00:00:00.35]       Assert.Equal() Failure: Values differ&#xD;
[xUnit.net 00:00:00.35]       Expected: 0&#xD;
[xUnit.net 00:00:00.35]       Actual:   0&#xD;
[xUnit.net 00:00:00.35]       Stack Trace:&#xD;
[xUnit.net 00:00:00.35]         c:\Users\Bruce\source\repos\Jarvis Assistant MK2\JarvisAssistant.UnitTests\Services\VoiceServiceTests.cs(319,0): at JarvisAssistant.UnitTests.Services.RateLimitServiceTests.ResetAsync_ClearsAllData()&#xD;
[xUnit.net 00:00:00.35]         --- End of stack trace from previous location ---&#xD;
[xUnit.net 00:00:00.35]       Assert.Equal() Failure: Values differ&#xD;
[xUnit.net 00:00:00.35]       Expected: 0&#xD;
[xUnit.net 00:00:00.35]       Actual:   0&#xD;
[xUnit.net 00:00:00.35]       Stack Trace:&#xD;
[xUnit.net 00:00:00.35]         c:\Users\Bruce\source\repos\Jarvis Assistant MK2\JarvisAssistant.UnitTests\Services\VoiceServiceTests.cs(288,0): at JarvisAssistant.UnitTests.Services.RateLimitServiceTests.GetStatistics_WithEmptyHistory_ReturnsDefaults()&#xD;
[xUnit.net 00:00:00.35]         --- End of stack trace from previous location ---&#xD;
info: JarvisAssistant.Services.LLM.PersonalityService[0]&#xD;
      Personality prompts loaded successfully&#xD;
[xUnit.net 00:00:00.39]       Close button should respond to touch&#xD;
[xUnit.net 00:00:00.39]       Stack Trace:&#xD;
[xUnit.net 00:00:00.39]         c:\Users\Bruce\source\repos\Jarvis Assistant MK2\JarvisAssistant.UnitTests\UI\MAUIStatusPanelUITests.cs(67,0): at JarvisAssistant.UnitTests.UI.MAUIStatusPanelUITests.StatusPanel_TouchInput_ShouldRespondCorrectly()&#xD;
[xUnit.net 00:00:00.39]         --- End of stack trace from previous location ---&#xD;
SKIPPED: Ollama instance is not available or missing required models. Please ensure Ollama is running with llama3.2 and deepseek-coder models.&#xD;
info: JarvisAssistant.Services.LLM.OllamaClient[0]&#xD;
      OllamaClient initialized with base URL: http://localhost:11434/&#xD;
info: JarvisAssistant.Services.LLM.PersonalityService[0]&#xD;
      Personality prompts loaded successfully&#xD;
[xUnit.net 00:00:00.45]       Assert.Single() Failure: The collection was empty&#xD;
[xUnit.net 00:00:00.45]       Stack Trace:&#xD;
[xUnit.net 00:00:00.45]         c:\Users\Bruce\source\repos\Jarvis Assistant MK2\JarvisAssistant.UnitTests\UI\MAUIStatusPanelUITests.cs(215,0): at JarvisAssistant.UnitTests.UI.MAUIStatusPanelUITests.StatusPanel_ServiceDetails_ShouldDisplayOnTap()&#xD;
[xUnit.net 00:00:00.45]         --- End of stack trace from previous location ---&#xD;
SKIPPED: Ollama instance is not available or missing required models. Please ensure Ollama is running with llama3.2 and deepseek-coder models.&#xD;
info: JarvisAssistant.Services.LLM.OllamaClient[0]&#xD;
      OllamaClient initialized with base URL: http://localhost:11434/&#xD;
info: JarvisAssistant.Services.LLM.PersonalityService[0]&#xD;
      Personality prompts loaded successfully&#xD;
SKIPPED: Ollama instance is not available or missing required models. Please ensure Ollama is running with llama3.2 and deepseek-coder models.&#xD;
info: JarvisAssistant.Services.LLM.OllamaClient[0]&#xD;
      OllamaClient initialized with base URL: http://localhost:11434/&#xD;
info: JarvisAssistant.Services.LLM.PersonalityService[0]&#xD;
      Personality prompts loaded successfully&#xD;
info: System.Net.Http.HttpClient.Default.ClientHandler[101]&#xD;
      Received HTTP response headers after 486.3357ms - 401&#xD;
info: System.Net.Http.HttpClient.Default.LogicalHandler[101]&#xD;
      End processing HTTP request after 494.4691ms - 401&#xD;
warn: JarvisAssistant.Services.ElevenLabsVoiceService[0]&#xD;
      Failed to get quota info: Unauthorized&#xD;
info: JarvisAssistant.Services.RateLimitService[0]&#xD;
      Rate limit service initialized with 100 requests/min, 50000 chars/min&#xD;
dbug: JarvisAssistant.Services.RateLimitService[0]&#xD;
      Recorded request: 100 characters for API key&#xD;
info: JarvisAssistant.Services.AudioCacheService[0]&#xD;
      Audio cache initialized with max size: 1MB, expiry: 24h&#xD;
dbug: JarvisAssistant.Services.AudioCacheService[0]&#xD;
      Cached audio for key: F0mYnOSLJ3gbvqJG, size: 5 bytes, total cache size: 5 bytes&#xD;
dbug: JarvisAssistant.Services.AudioCacheService[0]&#xD;
      Cache hit for key: F0mYnOSLJ3gbvqJG, size: 5 bytes&#xD;
info: JarvisAssistant.Services.AudioCacheService[0]&#xD;
      Audio cache initialized with max size: 1MB, expiry: 24h&#xD;
info: JarvisAssistant.Services.RateLimitService[0]&#xD;
      Rate limit service initialized with 100 requests/min, 50000 chars/min&#xD;
info: JarvisAssistant.Services.IntelligentFallbackVoiceService[0]&#xD;
      Added Modern Windows TTS as fallback option 1&#xD;
info: JarvisAssistant.Services.IntelligentFallbackVoiceService[0]&#xD;
      Added Windows SAPI as fallback option 2&#xD;
info: JarvisAssistant.Services.IntelligentFallbackVoiceService[0]&#xD;
      Added Stub service as fallback option 3&#xD;
info: JarvisAssistant.Services.IntelligentFallbackVoiceService[0]&#xD;
      Initialized 3 fallback services&#xD;
info: JarvisAssistant.Services.ElevenLabsVoiceService[0]&#xD;
      ElevenLabs voice service initialized with voice ID: test-voice-id&#xD;
dbug: JarvisAssistant.Services.AudioCacheService[0]&#xD;
      Cache miss for text: Test message&#xD;
info: System.Net.Http.HttpClient.Default.LogicalHandler[100]&#xD;
      Start processing HTTP request GET https://api.elevenlabs.io/v1/user/subscription&#xD;
info: System.Net.Http.HttpClient.Default.ClientHandler[100]&#xD;
      Sending HTTP request GET https://api.elevenlabs.io/v1/user/subscription&#xD;
SKIPPED: Ollama instance is not available or missing required models. Please ensure Ollama is running with llama3.2 and deepseek-coder models.&#xD;
info: JarvisAssistant.Services.LLM.OllamaClient[0]&#xD;
      OllamaClient initialized with base URL: http://localhost:11434/&#xD;
info: JarvisAssistant.Services.LLM.PersonalityService[0]&#xD;
      Personality prompts loaded successfully&#xD;
SKIPPED: Ollama instance is not available or missing required models. Please ensure Ollama is running with llama3.2 and deepseek-coder models.&#xD;
info: JarvisAssistant.Services.LLM.OllamaClient[0]&#xD;
      OllamaClient initialized with base URL: http://localhost:11434/&#xD;
info: JarvisAssistant.Services.LLM.PersonalityService[0]&#xD;
      Personality prompts loaded successfully&#xD;
SKIPPED: Ollama instance is not available or missing required models. Please ensure Ollama is running with llama3.2 and deepseek-coder models.&#xD;
info: JarvisAssistant.Services.LLM.OllamaClient[0]&#xD;
      OllamaClient initialized with base URL: http://localhost:11434/&#xD;
info: JarvisAssistant.Services.LLM.PersonalityService[0]&#xD;
      Personality prompts loaded successfully&#xD;
SKIPPED: Ollama instance is not available or missing required models. Please ensure Ollama is running with llama3.2 and deepseek-coder models.&#xD;
info: JarvisAssistant.Services.LLM.OllamaClient[0]&#xD;
      OllamaClient initialized with base URL: http://localhost:11434/&#xD;
info: JarvisAssistant.Services.LLM.PersonalityService[0]&#xD;
      Personality prompts loaded successfully&#xD;
info: System.Net.Http.HttpClient.Default.ClientHandler[101]&#xD;
      Received HTTP response headers after 296.1575ms - 401&#xD;
info: System.Net.Http.HttpClient.Default.LogicalHandler[101]&#xD;
      End processing HTTP request after 296.3263ms - 401&#xD;
warn: JarvisAssistant.Services.ElevenLabsVoiceService[0]&#xD;
      Failed to get quota info: Unauthorized&#xD;
info: System.Net.Http.HttpClient.Default.LogicalHandler[100]&#xD;
      Start processing HTTP request POST https://api.elevenlabs.io/v1/text-to-speech/test-voice-id&#xD;
info: System.Net.Http.HttpClient.Default.ClientHandler[100]&#xD;
      Sending HTTP request POST https://api.elevenlabs.io/v1/text-to-speech/test-voice-id&#xD;
SKIPPED: Ollama instance is not available or missing required models. Please ensure Ollama is running with llama3.2 and deepseek-coder models.&#xD;
info: JarvisAssistant.Services.LLM.OllamaClient[0]&#xD;
      OllamaClient initialized with base URL: http://localhost:11434/&#xD;
info: JarvisAssistant.Services.LLM.PersonalityService[0]&#xD;
      Personality prompts loaded successfully&#xD;
info: System.Net.Http.HttpClient.Default.ClientHandler[101]&#xD;
      Received HTTP response headers after 111.8025ms - 400&#xD;
info: System.Net.Http.HttpClient.Default.LogicalHandler[101]&#xD;
      End processing HTTP request after 111.8645ms - 400&#xD;
fail: JarvisAssistant.Services.ElevenLabsVoiceService[0]&#xD;
      ElevenLabs API error BadRequest: {"detail":{"status":"invalid_uid","message":"An invalid ID has been received: 'test-voice-id'. Make sure to provide a correct one."}}&#xD;
info: System.Net.Http.HttpClient.Default.LogicalHandler[100]&#xD;
      Start processing HTTP request POST https://api.elevenlabs.io/v1/text-to-speech/test-voice-id&#xD;
info: System.Net.Http.HttpClient.Default.ClientHandler[100]&#xD;
      Sending HTTP request POST https://api.elevenlabs.io/v1/text-to-speech/test-voice-id&#xD;
SKIPPED: Ollama instance is not available or missing required models. Please ensure Ollama is running with llama3.2 and deepseek-coder models.&#xD;
info: JarvisAssistant.Services.LLM.OllamaClient[0]&#xD;
      OllamaClient initialized with base URL: http://localhost:11434/&#xD;
info: JarvisAssistant.Services.LLM.PersonalityService[0]&#xD;
      Personality prompts loaded successfully&#xD;
SKIPPED: Ollama instance is not available or missing required models. Please ensure Ollama is running with llama3.2 and deepseek-coder models.&#xD;
info: JarvisAssistant.Services.LLM.OllamaClient[0]&#xD;
      OllamaClient initialized with base URL: http://localhost:11434/&#xD;
info: JarvisAssistant.Services.LLM.PersonalityService[0]&#xD;
      Personality prompts loaded successfully&#xD;
info: System.Net.Http.HttpClient.Default.ClientHandler[101]&#xD;
      Received HTTP response headers after 75.5014ms - 400&#xD;
info: System.Net.Http.HttpClient.Default.LogicalHandler[101]&#xD;
      End processing HTTP request after 75.57ms - 400&#xD;
fail: JarvisAssistant.Services.ElevenLabsVoiceService[0]&#xD;
      ElevenLabs API error BadRequest: {"detail":{"status":"invalid_uid","message":"An invalid ID has been received: 'test-voice-id'. Make sure to provide a correct one."}}&#xD;
fail: JarvisAssistant.Services.ElevenLabsVoiceService[0]&#xD;
      Error generating speech with ElevenLabs, using fallback&#xD;
      System.Net.Http.HttpRequestException: ElevenLabs API request failed after 1 attempts: BadRequest&#xD;
         at JarvisAssistant.Services.ElevenLabsVoiceService.MakeApiRequestAsync(ElevenLabsRequest request, String voiceId, CancellationToken cancellationToken) in c:\Users\Bruce\source\repos\Jarvis Assistant MK2\JarvisAssistant.Services\ElevenLabsVoiceService.cs:line 464&#xD;
         at JarvisAssistant.Services.ElevenLabsVoiceService.MakeApiRequestAsync(ElevenLabsRequest request, String voiceId, CancellationToken cancellationToken) in c:\Users\Bruce\source\repos\Jarvis Assistant MK2\JarvisAssistant.Services\ElevenLabsVoiceService.cs:line 470&#xD;
         at JarvisAssistant.Services.ElevenLabsVoiceService.GenerateSpeechAsync(String text, String voiceId, CancellationToken cancellationToken) in c:\Users\Bruce\source\repos\Jarvis Assistant MK2\JarvisAssistant.Services\ElevenLabsVoiceService.cs:line 114&#xD;
info: JarvisAssistant.Services.ElevenLabsVoiceService[0]&#xD;
      Using fallback voice service&#xD;
dbug: JarvisAssistant.Services.IntelligentFallbackVoiceService[0]&#xD;
      Attempting speech generation with ModernWindowsTtsService&#xD;
SKIPPED: Ollama instance is not available or missing required models. Please ensure Ollama is running with llama3.2 and deepseek-coder models.&#xD;
Ping Result: True (6ms)&#xD;
Port Open: True&#xD;
HTTP Result: True&#xD;
info: JarvisAssistant.Services.LLM.OllamaClient[0]&#xD;
      OllamaClient initialized with base URL: http://localhost:11434/&#xD;
info: JarvisAssistant.Services.LLM.PersonalityService[0]&#xD;
      Personality prompts loaded successfully&#xD;
warn: JarvisAssistant.Services.IntelligentFallbackVoiceService[0]&#xD;
      ModernWindowsTtsService returned empty audio data&#xD;
dbug: JarvisAssistant.Services.IntelligentFallbackVoiceService[0]&#xD;
      Attempting speech generation with WindowsSapiVoiceService&#xD;
SKIPPED: Ollama instance is not available or missing required models. Please ensure Ollama is running with llama3.2 and deepseek-coder models.&#xD;
warn: JarvisAssistant.Services.IntelligentFallbackVoiceService[0]&#xD;
      WindowsSapiVoiceService returned empty audio data&#xD;
dbug: JarvisAssistant.Services.IntelligentFallbackVoiceService[0]&#xD;
      Attempting speech generation with StubVoiceService&#xD;
info: JarvisAssistant.Services.IntelligentFallbackVoiceService[0]&#xD;
      Successfully generated speech using StubVoiceService&#xD;
info: JarvisAssistant.Services.AudioCacheService[0]&#xD;
      Audio cache initialized with max size: 1MB, expiry: 24h&#xD;
info: JarvisAssistant.Services.RateLimitService[0]&#xD;
      Rate limit service initialized with 100 requests/min, 50000 chars/min&#xD;
info: JarvisAssistant.Services.IntelligentFallbackVoiceService[0]&#xD;
      Added Modern Windows TTS as fallback option 1&#xD;
info: JarvisAssistant.Services.IntelligentFallbackVoiceService[0]&#xD;
      Added Windows SAPI as fallback option 2&#xD;
info: JarvisAssistant.Services.IntelligentFallbackVoiceService[0]&#xD;
      Added Stub service as fallback option 3&#xD;
info: JarvisAssistant.Services.IntelligentFallbackVoiceService[0]&#xD;
      Initialized 3 fallback services&#xD;
info: JarvisAssistant.Services.ElevenLabsVoiceService[0]&#xD;
      ElevenLabs voice service initialized with voice ID: test-voice-id&#xD;
warn: JarvisAssistant.Services.ElevenLabsVoiceService[0]&#xD;
      ElevenLabs service health check failed&#xD;
      System.InvalidOperationException: An invalid request URI was provided. Either the request URI must be an absolute URI or BaseAddress must be set.&#xD;
         at System.Net.Http.HttpClient.PrepareRequestMessage(HttpRequestMessage request)&#xD;
         at System.Net.Http.HttpClient.SendAsync(HttpRequestMessage request, HttpCompletionOption completionOption, CancellationToken cancellationToken)&#xD;
         at JarvisAssistant.Services.ElevenLabsVoiceService.IsHealthyAsync(CancellationToken cancellationToken) in c:\Users\Bruce\source\repos\Jarvis Assistant MK2\JarvisAssistant.Services\ElevenLabsVoiceService.cs:line 597&#xD;
info: JarvisAssistant.Services.AudioCacheService[0]&#xD;
      Audio cache initialized with max size: 1MB, expiry: 24h&#xD;
info: JarvisAssistant.Services.RateLimitService[0]&#xD;
      Rate limit service initialized with 100 requests/min, 50000 chars/min&#xD;
info: JarvisAssistant.Services.IntelligentFallbackVoiceService[0]&#xD;
      Added Modern Windows TTS as fallback option 1&#xD;
info: JarvisAssistant.Services.IntelligentFallbackVoiceService[0]&#xD;
      Added Windows SAPI as fallback option 2&#xD;
info: JarvisAssistant.Services.IntelligentFallbackVoiceService[0]&#xD;
      Added Stub service as fallback option 3&#xD;
info: JarvisAssistant.Services.IntelligentFallbackVoiceService[0]&#xD;
      Initialized 3 fallback services&#xD;
info: JarvisAssistant.Services.ElevenLabsVoiceService[0]&#xD;
      ElevenLabs voice service initialized with voice ID: test-voice-id&#xD;
info: JarvisAssistant.Services.AudioCacheService[0]&#xD;
      Audio cache initialized with max size: 1MB, expiry: 24h&#xD;
info: JarvisAssistant.Services.RateLimitService[0]&#xD;
      Rate limit service initialized with 100 requests/min, 50000 chars/min&#xD;
info: JarvisAssistant.Services.IntelligentFallbackVoiceService[0]&#xD;
      Added Modern Windows TTS as fallback option 1&#xD;
info: JarvisAssistant.Services.IntelligentFallbackVoiceService[0]&#xD;
      Added Windows SAPI as fallback option 2&#xD;
info: JarvisAssistant.Services.IntelligentFallbackVoiceService[0]&#xD;
      Added Stub service as fallback option 3&#xD;
info: JarvisAssistant.Services.IntelligentFallbackVoiceService[0]&#xD;
      Initialized 3 fallback services&#xD;
info: JarvisAssistant.Services.ElevenLabsVoiceService[0]&#xD;
      ElevenLabs voice service initialized with voice ID: test-voice-id&#xD;
info: JarvisAssistant.Services.AudioCacheService[0]&#xD;
      Audio cache initialized with max size: 1MB, expiry: 24h&#xD;
info: JarvisAssistant.Services.RateLimitService[0]&#xD;
      Rate limit service initialized with 100 requests/min, 50000 chars/min&#xD;
info: JarvisAssistant.Services.IntelligentFallbackVoiceService[0]&#xD;
      Added Modern Windows TTS as fallback option 1&#xD;
info: JarvisAssistant.Services.IntelligentFallbackVoiceService[0]&#xD;
      Added Windows SAPI as fallback option 2&#xD;
info: JarvisAssistant.Services.IntelligentFallbackVoiceService[0]&#xD;
      Added Stub service as fallback option 3&#xD;
info: JarvisAssistant.Services.IntelligentFallbackVoiceService[0]&#xD;
      Initialized 3 fallback services&#xD;
info: JarvisAssistant.Services.ElevenLabsVoiceService[0]&#xD;
      ElevenLabs voice service initialized with voice ID: test-voice-id&#xD;
info: System.Net.Http.HttpClient.Default.LogicalHandler[100]&#xD;
      Start processing HTTP request GET https://api.elevenlabs.io/v1/user/subscription&#xD;
info: System.Net.Http.HttpClient.Default.ClientHandler[100]&#xD;
      Sending HTTP request GET https://api.elevenlabs.io/v1/user/subscription&#xD;
info: System.Net.Http.HttpClient.Default.ClientHandler[101]&#xD;
      Received HTTP response headers after 277.4424ms - 401&#xD;
info: System.Net.Http.HttpClient.Default.LogicalHandler[101]&#xD;
      End processing HTTP request after 277.5116ms - 401&#xD;
warn: JarvisAssistant.Services.ElevenLabsVoiceService[0]&#xD;
      Failed to get quota info: Unauthorized&#xD;
info: System.Net.Http.HttpClient.Default.LogicalHandler[100]&#xD;
      Start processing HTTP request POST https://api.elevenlabs.io/v1/text-to-speech/test-voice-id/stream&#xD;
info: System.Net.Http.HttpClient.Default.ClientHandler[100]&#xD;
      Sending HTTP request POST https://api.elevenlabs.io/v1/text-to-speech/test-voice-id/stream&#xD;
info: System.Net.Http.HttpClient.Default.ClientHandler[101]&#xD;
      Received HTTP response headers after 95.4485ms - 400&#xD;
info: System.Net.Http.HttpClient.Default.LogicalHandler[101]&#xD;
      End processing HTTP request after 95.5511ms - 400&#xD;
fail: JarvisAssistant.Services.ElevenLabsVoiceService[0]&#xD;
      ElevenLabs streaming API error BadRequest: {"detail":{"status":"invalid_uid","message":"An invalid ID has been received for voice: 'test-voice-id'. Make sure to provide a correct one."}}&#xD;
dbug: JarvisAssistant.Services.IntelligentFallbackVoiceService[0]&#xD;
      Attempting streaming speech with ModernWindowsTtsService&#xD;
warn: JarvisAssistant.Services.IntelligentFallbackVoiceService[0]&#xD;
      ModernWindowsTtsService completed streaming but yielded no data&#xD;
dbug: JarvisAssistant.Services.IntelligentFallbackVoiceService[0]&#xD;
      Attempting streaming speech with WindowsSapiVoiceService&#xD;
warn: JarvisAssistant.Services.IntelligentFallbackVoiceService[0]&#xD;
      WindowsSapiVoiceService completed streaming but yielded no data&#xD;
dbug: JarvisAssistant.Services.IntelligentFallbackVoiceService[0]&#xD;
      Attempting streaming speech with StubVoiceService&#xD;
info: JarvisAssistant.Services.IntelligentFallbackVoiceService[0]&#xD;
      Successfully collected speech chunks using StubVoiceService&#xD;
=== Ollama Connection Diagnostics ===&#xD;
Has Internet Connection: True&#xD;
Can Resolve Localhost: True&#xD;
Working Endpoints: 3&#xD;
Endpoint: http://100.108.155.28:11434&#xD;
  Reachable: True&#xD;
  Ping: True (87ms)&#xD;
  Port Open: True&#xD;
  HTTP Success: True&#xD;
Endpoint: http://localhost:11434&#xD;
  Reachable: True&#xD;
  Ping: True (0ms)&#xD;
  Port Open: True&#xD;
  HTTP Success: True&#xD;
Endpoint: http://127.0.0.1:11434&#xD;
  Reachable: True&#xD;
  Ping: True (0ms)&#xD;
  Port Open: True&#xD;
  HTTP Success: True&#xD;
Recommendations:&#xD;
  - Found 3 working endpoint(s): http://100.108.155.28:11434, http://localhost:11434, http://127.0.0.1:11434&#xD;
  - The application should automatically use the first working endpoint.&#xD;
Model 'qwen2.5' available: False&#xD;
To install model 'qwen2.5', run: ollama pull qwen2.5&#xD;
Model 'llama3.2' available: False&#xD;
To install model 'llama3.2', run: ollama pull llama3.2&#xD;
Model 'deepseek-coder' available: False&#xD;
To install model 'deepseek-coder', run: ollama pull deepseek-coder&#xD;
Found 0 available models:&#xD;
Health Check Status: OK&#xD;
Health Check Content: {"version":"0.9.6"}&#xD;
Response Status: OK&#xD;
Response Content: {"models":[{"name":"qwen2.5:latest","model":"qwen2.5:latest","modified_at":"2025-07-24T09:47:08.7135876-04:00","size":4683087332,"digest":"845dbda0ea48ed749caafd9e6037047aa19acfcfd82e704d7ca97d631a0b697e","details":{"parent_model":"","format":"gguf","family":"qwen2","families":["qwen2"],"parameter_size":"7.6B","quantization_level":"Q4_K_M"}},{"name":"llama3.2:latest","model":"llama3.2:latest","modified_at":"2025-07-24T09:41:21.8931619-04:00","size":2019393189,"digest":"a80c4f17acd55265feec403c7aef86be0c25983ab279d83f3bcd3abbcb5b8b72","details":{"parent_model":"","format":"gguf","family":"llama","families":["llama"],"parameter_size":"3.2B","quantization_level":"Q4_K_M"}},{"name":"llama2:latest","model":"llama2:latest","modified_at":"2025-07-24T07:55:24.287034-04:00","size":3826793677,"digest":"78e26419b4469263f75331927a00a0284ef6544c1975b826b15abdaef17bb962","details":{"parent_model":"","format":"gguf","family":"llama","families":["llama"],"parameter_size":"7B","quantization_level":"Q4_0"}},{"name":"deepseek-coder:latest","model":"deepseek-coder:latest","modified_at":"2025-07-23T22:10:58.8342751-04:00","size":776080839,"digest":"3ddd2d3fc8d2b5fe039d18f859271132fd9c7960ef0be1864984442dc2a915d3","details":{"parent_model":"","format":"gguf","family":"llama","families":["llama"],"parameter_size":"1B","quantization_level":"Q4_0"}},{"name":"mistral:7b-instruct","model":"mistral:7b-instruct","modified_at":"2025-07-23T17:30:48.6792631-04:00","size":4372824384,"digest":"6577803aa9a036369e481d648a2baebb381ebc6e897f2bb9a766a2aa7bfbc1cf","details":{"parent_model":"","format":"gguf","family":"llama","families":["llama"],"parameter_size":"7.2B","quantization_level":"Q4_K_M"}},{"name":"llama2:7b-chat","model":"llama2:7b-chat","modified_at":"2025-07-23T17:25:16.3153435-04:00","size":3826793677,"digest":"78e26419b4469263f75331927a00a0284ef6544c1975b826b15abdaef17bb962","details":{"parent_model":"","format":"gguf","family":"llama","families":["llama"],"parameter_size":"7B","quantization_level":"Q4_0"}},{"name":"codellama:7b","model":"codellama:7b","modified_at":"2025-07-23T17:12:19.4180804-04:00","size":3825910662,"digest":"8fdf8f752f6e80de33e82f381aba784c025982752cd1ae9377add66449d2225f","details":{"parent_model":"","format":"gguf","family":"llama","families":null,"parameter_size":"7B","quantization_level":"Q4_0"}}]}&#xD;
[xUnit.net 00:00:07.28]   Finished:    JarvisAssistant.UnitTests&#xD;
</StdOut>
    </Output>
    <RunInfos>
      <RunInfo computerName="BOSGAME-VELQ7" outcome="Error" timestamp="2025-07-25T07:35:48.9623598-04:00">
        <Text>[xUnit.net 00:00:00.34]     JarvisAssistant.UnitTests.UI.MAUIMainPageUITests.StatusPanel_ServiceStatuses_ShouldDisplayCorrectly [FAIL]</Text>
      </RunInfo>
      <RunInfo computerName="BOSGAME-VELQ7" outcome="Error" timestamp="2025-07-25T07:35:48.9898262-04:00">
        <Text>[xUnit.net 00:00:00.35]     JarvisAssistant.UnitTests.Services.RateLimitServiceTests.ResetAsync_ClearsAllData [FAIL]</Text>
      </RunInfo>
      <RunInfo computerName="BOSGAME-VELQ7" outcome="Error" timestamp="2025-07-25T07:35:48.9904211-04:00">
        <Text>[xUnit.net 00:00:00.35]     JarvisAssistant.UnitTests.Services.RateLimitServiceTests.GetStatistics_WithEmptyHistory_ReturnsDefaults [FAIL]</Text>
      </RunInfo>
      <RunInfo computerName="BOSGAME-VELQ7" outcome="Error" timestamp="2025-07-25T07:35:49.0120610-04:00">
        <Text>[xUnit.net 00:00:00.39]     JarvisAssistant.UnitTests.UI.MAUIStatusPanelUITests.StatusPanel_TouchInput_ShouldRespondCorrectly [FAIL]</Text>
      </RunInfo>
      <RunInfo computerName="BOSGAME-VELQ7" outcome="Error" timestamp="2025-07-25T07:35:49.0701990-04:00">
        <Text>[xUnit.net 00:00:00.45]     JarvisAssistant.UnitTests.UI.MAUIStatusPanelUITests.StatusPanel_ServiceDetails_ShouldDisplayOnTap [FAIL]</Text>
      </RunInfo>
    </RunInfos>
  </ResultSummary>
</TestRun>